#
# There is insufficient memory for the Java Runtime Environment to continue.
# Native memory allocation (mmap) failed to map 38797312 bytes for Failed to commit area from 0x000000008b900000 to 0x000000008de00000 of length 38797312.
# Possible reasons:
#   The system is out of physical RAM or swap space
#   The process is running with CompressedOops enabled, and the Java Heap may be blocking the growth of the native heap
# Possible solutions:
#   Reduce memory load on the system
#   Increase physical memory or swap space
#   Check if swap backing store is full
#   Decrease Java heap size (-Xmx/-Xms)
#   Decrease number of Java threads
#   Decrease Java thread stack sizes (-Xss)
#   Set larger code cache with -XX:ReservedCodeCacheSize=
#   JVM is running with Unscaled Compressed Oops mode in which the Java heap is
#     placed in the first 4GB address space. The Java Heap base address is the
#     maximum limit for the native heap growth. Please use -XX:HeapBaseMinAddress
#     to set the Java Heap base and to place the Java Heap above 4GB virtual address.
# This output file may be truncated or incomplete.
#
#  Out of Memory Error (./src/hotspot/os/windows/os_windows.cpp:3303), pid=30152, tid=18532
#
# JRE version: OpenJDK Runtime Environment (11.0.8+10) (build 11.0.8+10-b944.6842174)
# Java VM: OpenJDK 64-Bit Server VM (11.0.8+10-b944.6842174, mixed mode, tiered, compressed oops, g1 gc, windows-amd64)
# No core dump will be written. Minidumps are not enabled by default on client versions of Windows
#

---------------  S U M M A R Y ------------

Command Line: --add-opens=java.base/java.util=ALL-UNNAMED --add-opens=java.base/java.lang=ALL-UNNAMED --add-opens=java.base/java.lang.invoke=ALL-UNNAMED --add-opens=java.prefs/java.util.prefs=ALL-UNNAMED -Xmx2048m -Dfile.encoding=UTF-8 -Duser.country=IN -Duser.language=en -Duser.variant org.gradle.launcher.daemon.bootstrap.GradleDaemon 6.7.1

Host: Intel(R) Core(TM) i5-9300H CPU @ 2.40GHz, 8 cores, 7G,  Windows 10 , 64 bit Build 19041 (10.0.19041.1023)
Time: Mon Jul 26 21:18:59 2021 India Standard Time elapsed time: 18 seconds (0d 0h 0m 18s)

---------------  T H R E A D  ---------------

Current thread (0x000001b3b1c74800):  VMThread "VM Thread" [stack: 0x00000095a2300000,0x00000095a2400000] [id=18532]

Stack: [0x00000095a2300000,0x00000095a2400000]
[error occurred during error reporting (printing stack bounds), id 0xc0000005, EXCEPTION_ACCESS_VIOLATION (0xc0000005) at pc=0x000001b39ab70dad]

Native frames: (J=compiled Java code, j=interpreted, Vv=VM code, C=native code)
V  [jvm.dll+0x5de50a]
V  [jvm.dll+0x7122f5]
V  [jvm.dll+0x71384d]
V  [jvm.dll+0x713e65]
V  [jvm.dll+0x713e1b]
V  [jvm.dll+0x5dd958]
V  [jvm.dll+0x5de0f8]
C  [ntdll.dll+0xa217f]
C  [ntdll.dll+0x51454]
C  [ntdll.dll+0xa0cae]
C  0x000001b39ab70dad

VM_Operation (0x00000095a47fdb30): G1CollectForAllocation, mode: safepoint, requested by thread 0x000001b3b47f3000


---------------  P R O C E S S  ---------------

Threads class SMR info:
_java_thread_list=0x000001b3b792dbb0, length=179, elements={
0x000001b3971cc000, 0x000001b3b1cb5800, 0x000001b3b1cb6800, 0x000001b3b2645800,
0x000001b3b2647000, 0x000001b3b2649000, 0x000001b3b264e000, 0x000001b3b264f000,
0x000001b3b2798000, 0x000001b3b27bf800, 0x000001b3b4911000, 0x000001b3b2867000,
0x000001b3b29fe000, 0x000001b3b3bbe000, 0x000001b3b41a5000, 0x000001b3b38ef800,
0x000001b3b4598000, 0x000001b3b39bf800, 0x000001b3b3bf5800, 0x000001b3b3def800,
0x000001b3b47f5800, 0x000001b3b47f2000, 0x000001b3b47f1800, 0x000001b3b3691800,
0x000001b3b47f3000, 0x000001b3b47f4000, 0x000001b3b47f0800, 0x000001b3b47f4800,
0x000001b3b47ef800, 0x000001b3b47f6000, 0x000001b3b7027800, 0x000001b3b702a000,
0x000001b3b702b000, 0x000001b3b7025000, 0x000001b3b702b800, 0x000001b3b7028800,
0x000001b3b7026000, 0x000001b3b702c800, 0x000001b3b7026800, 0x000001b3b7031800,
0x000001b3b702d800, 0x000001b3b702f800, 0x000001b3b7032000, 0x000001b3b702e000,
0x000001b3b702f000, 0x000001b3b7030800, 0x000001b3b7033000, 0x000001b3b7189000,
0x000001b3b7187800, 0x000001b3b7183800, 0x000001b3b7188800, 0x000001b3b718a000,
0x000001b3b7184000, 0x000001b3b7185000, 0x000001b3b7186000, 0x000001b3b7186800,
0x000001b3b874c000, 0x000001b3b874b000, 0x000001b3b874e800, 0x000001b3b874d800,
0x000001b3b8749800, 0x000001b3b874a800, 0x000001b3b8751000, 0x000001b3b8751800,
0x000001b3b874f000, 0x000001b3b8750000, 0x000001b3b874c800, 0x000001b3b8755800,
0x000001b3b8752800, 0x000001b3b8756800, 0x000001b3b8753000, 0x000001b3b8757800,
0x000001b3b8754000, 0x000001b3b8755000, 0x000001b3b8758000, 0x000001b3b7330800,
0x000001b3b732f000, 0x000001b3b7331800, 0x000001b3b7332000, 0x000001b3b732f800,
0x000001b3b732c800, 0x000001b3b7333000, 0x000001b3b732d800, 0x000001b3b7334000,
0x000001b3b732e000, 0x000001b3b7336800, 0x000001b3b7338000, 0x000001b3b7337000,
0x000001b3b7338800, 0x000001b3b7339800, 0x000001b3b7334800, 0x000001b3b7335800,
0x000001b3b733a800, 0x000001b3b733b000, 0x000001b3b68ce800, 0x000001b3b68cf800,
0x000001b3b68d0000, 0x000001b3b68ca800, 0x000001b3b68ce000, 0x000001b3b68d1000,
0x000001b3b68cc000, 0x000001b3b68cb800, 0x000001b3b68cd000, 0x000001b3b68d2800,
0x000001b3b68d7000, 0x000001b3b68d4800, 0x000001b3b68d6000, 0x000001b3b68d3800,
0x000001b3b68d2000, 0x000001b3b68d7800, 0x000001b3b68d8800, 0x000001b3b68d5000,
0x000001b3b68d9000, 0x000001b3b969c000, 0x000001b3b9699800, 0x000001b3b9698800,
0x000001b3b969c800, 0x000001b3b969b000, 0x000001b3b9697000, 0x000001b3b969a000,
0x000001b3b969d800, 0x000001b3b9697800, 0x000001b3b96a3000, 0x000001b3b96a0000,
0x000001b3b96a0800, 0x000001b3b96a1800, 0x000001b3b96a2800, 0x000001b3b96a4000,
0x000001b3b969f000, 0x000001b3b969e000, 0x000001b3b96a5000, 0x000001b3b96a5800,
0x000001b3b7e9a000, 0x000001b3b7e9c000, 0x000001b3b7e98800, 0x000001b3b7e9d800,
0x000001b3b7e9c800, 0x000001b3b7e97800, 0x000001b3b7e9e800, 0x000001b3b7e9f000,
0x000001b3b7e99800, 0x000001b3b7ea0000, 0x000001b3b7ea0800, 0x000001b3b7e9b000,
0x000001b3b7ea5000, 0x000001b3b7ea1800, 0x000001b3b7ea5800, 0x000001b3b7ea6800,
0x000001b3b7ea3000, 0x000001b3b7ea4000, 0x000001b3b7ea2800, 0x000001b3b7040800,
0x000001b3b703a800, 0x000001b3b703d000, 0x000001b3b7041000, 0x000001b3b703b800,
0x000001b3b7042000, 0x000001b3b703c000, 0x000001b3b703e000, 0x000001b3b7043000,
0x000001b3b7044800, 0x000001b3b703e800, 0x000001b3b7045000, 0x000001b3b703f800,
0x000001b3b7046000, 0x000001b3b7047000, 0x000001b3b7047800, 0x000001b3b7048800,
0x000001b3b7049800, 0x000001b3b662d000, 0x000001b3b8021800, 0x000001b3b662a800,
0x000001b3b662e000, 0x000001b3b6628800, 0x000001b3b6629000, 0x000001b3b662b800,
0x000001b3b662f800, 0x000001b3b662c800, 0x000001b3b662a000
}

Java Threads: ( => current thread )
  0x000001b3971cc000 JavaThread "main" [_thread_blocked, id=36560, stack(0x00000095a1d00000,0x00000095a1e00000)]
  0x000001b3b1cb5800 JavaThread "Reference Handler" daemon [_thread_blocked, id=25888, stack(0x00000095a2400000,0x00000095a2500000)]
  0x000001b3b1cb6800 JavaThread "Finalizer" daemon [_thread_blocked, id=36728, stack(0x00000095a2500000,0x00000095a2600000)]
  0x000001b3b2645800 JavaThread "Signal Dispatcher" daemon [_thread_blocked, id=32556, stack(0x00000095a2600000,0x00000095a2700000)]
  0x000001b3b2647000 JavaThread "Attach Listener" daemon [_thread_blocked, id=1452, stack(0x00000095a2700000,0x00000095a2800000)]
  0x000001b3b2649000 JavaThread "C2 CompilerThread0" daemon [_thread_blocked, id=9652, stack(0x00000095a2800000,0x00000095a2900000)]
  0x000001b3b264e000 JavaThread "C1 CompilerThread0" daemon [_thread_blocked, id=19832, stack(0x00000095a2900000,0x00000095a2a00000)]
  0x000001b3b264f000 JavaThread "Sweeper thread" daemon [_thread_blocked, id=33864, stack(0x00000095a2a00000,0x00000095a2b00000)]
  0x000001b3b2798000 JavaThread "Common-Cleaner" daemon [_thread_blocked, id=4080, stack(0x00000095a2b00000,0x00000095a2c00000)]
  0x000001b3b27bf800 JavaThread "Service Thread" daemon [_thread_blocked, id=35812, stack(0x00000095a2c00000,0x00000095a2d00000)]
  0x000001b3b4911000 JavaThread "Daemon health stats" [_thread_blocked, id=4480, stack(0x00000095a3200000,0x00000095a3300000)]
  0x000001b3b2867000 JavaThread "Incoming local TCP Connector on port 65200" [_thread_in_native, id=30972, stack(0x00000095a3300000,0x00000095a3400000)]
  0x000001b3b29fe000 JavaThread "Daemon periodic checks" [_thread_blocked, id=36296, stack(0x00000095a3400000,0x00000095a3500000)]
  0x000001b3b3bbe000 JavaThread "Daemon" [_thread_blocked, id=4912, stack(0x00000095a3500000,0x00000095a3600000)]
  0x000001b3b41a5000 JavaThread "Handler for socket connection from /127.0.0.1:65200 to /127.0.0.1:65201" [_thread_in_native, id=11928, stack(0x00000095a3600000,0x00000095a3700000)]
  0x000001b3b38ef800 JavaThread "Cancel handler" [_thread_blocked, id=31964, stack(0x00000095a3700000,0x00000095a3800000)]
  0x000001b3b4598000 JavaThread "Daemon worker" [_thread_blocked, id=35824, stack(0x00000095a3800000,0x00000095a3900000)]
  0x000001b3b39bf800 JavaThread "Asynchronous log dispatcher for DefaultDaemonConnection: socket connection from /127.0.0.1:65200 to /127.0.0.1:65201" [_thread_blocked, id=17444, stack(0x00000095a3900000,0x00000095a3a00000)]
  0x000001b3b3bf5800 JavaThread "Stdin handler" [_thread_blocked, id=37412, stack(0x00000095a3a00000,0x00000095a3b00000)]
  0x000001b3b3def800 JavaThread "Thread-8" [_thread_blocked, id=23412, stack(0x00000095a3b00000,0x00000095a3c00000)]
  0x000001b3b47f5800 JavaThread "Cache worker for file hash cache (C:\Users\Dark Knight\.gradle\caches\6.7.1\fileHashes)" [_thread_blocked, id=36888, stack(0x00000095a4100000,0x00000095a4200000)]
  0x000001b3b47f2000 JavaThread "File lock request listener" [_thread_in_native, id=31416, stack(0x00000095a4200000,0x00000095a4300000)]
  0x000001b3b47f1800 JavaThread "Cache worker for journal cache (C:\Users\Dark Knight\.gradle\caches\journal-1)" [_thread_blocked, id=13988, stack(0x00000095a4400000,0x00000095a4500000)]
  0x000001b3b3691800 JavaThread "C2 CompilerThread1" daemon [_thread_blocked, id=37900, stack(0x00000095a4500000,0x00000095a4600000)]
  0x000001b3b47f3000 JavaThread "Cache worker for file hash cache (C:\Android Projects\Udemy TUTORIAL\KidsDrawingApp\.gradle\6.7.1\fileHashes)" [_thread_blocked, id=25236, stack(0x00000095a4700000,0x00000095a4800000)]
  0x000001b3b47f4000 JavaThread "Cache worker for checksums cache (C:\Android Projects\Udemy TUTORIAL\KidsDrawingApp\.gradle\checksums)" [_thread_blocked, id=34152, stack(0x00000095a4800000,0x00000095a4900000)]
  0x000001b3b47f0800 JavaThread "Cache worker for cache directory md-supplier (C:\Users\Dark Knight\.gradle\caches\6.7.1\md-supplier)" [_thread_blocked, id=28892, stack(0x00000095a4900000,0x00000095a4a00000)]
  0x000001b3b47f4800 JavaThread "Cache worker for cache directory md-rule (C:\Users\Dark Knight\.gradle\caches\6.7.1\md-rule)" [_thread_blocked, id=26992, stack(0x00000095a4a00000,0x00000095a4b00000)]
  0x000001b3b47ef800 JavaThread "Cache worker for execution history cache (C:\Users\Dark Knight\.gradle\caches\6.7.1\executionHistory)" [_thread_blocked, id=13128, stack(0x00000095a4b00000,0x00000095a4c00000)]
  0x000001b3b47f6000 JavaThread "jar transforms" [_thread_blocked, id=33928, stack(0x00000095a4c00000,0x00000095a4d00000)]
  0x000001b3b7027800 JavaThread "Cache worker for file content cache (C:\Users\Dark Knight\.gradle\caches\6.7.1\fileContent)" [_thread_blocked, id=25992, stack(0x00000095a4d00000,0x00000095a4e00000)]
  0x000001b3b702a000 JavaThread "Cache worker for Build Output Cleanup Cache (C:\Android Projects\Udemy TUTORIAL\KidsDrawingApp\.gradle\buildOutputCleanup)" [_thread_blocked, id=32396, stack(0x00000095a4e00000,0x00000095a4f00000)]
  0x000001b3b702b000 JavaThread "Build operations" [_thread_blocked, id=23928, stack(0x00000095a4f00000,0x00000095a5000000)]
  0x000001b3b7025000 JavaThread "Build operations Thread 2" [_thread_blocked, id=29124, stack(0x00000095a5000000,0x00000095a5100000)]
  0x000001b3b702b800 JavaThread "Build operations Thread 3" [_thread_blocked, id=10964, stack(0x00000095a5100000,0x00000095a5200000)]
  0x000001b3b7028800 JavaThread "Build operations Thread 4" [_thread_blocked, id=14348, stack(0x00000095a5200000,0x00000095a5300000)]
  0x000001b3b7026000 JavaThread "Build operations Thread 5" [_thread_blocked, id=9376, stack(0x00000095a5300000,0x00000095a5400000)]
  0x000001b3b702c800 JavaThread "Build operations Thread 6" [_thread_blocked, id=20704, stack(0x00000095a5400000,0x00000095a5500000)]
  0x000001b3b7026800 JavaThread "Build operations Thread 7" [_thread_blocked, id=36252, stack(0x00000095a5500000,0x00000095a5600000)]
  0x000001b3b7031800 JavaThread "Build operations Thread 8" [_thread_blocked, id=15964, stack(0x00000095a5600000,0x00000095a5700000)]
  0x000001b3b702d800 JavaThread "jar transforms Thread 2" [_thread_blocked, id=23216, stack(0x00000095a5700000,0x00000095a5800000)]
  0x000001b3b702f800 JavaThread "jar transforms Thread 3" [_thread_blocked, id=36960, stack(0x00000095a5800000,0x00000095a5900000)]
  0x000001b3b7032000 JavaThread "jar transforms Thread 4" [_thread_blocked, id=26616, stack(0x00000095a5900000,0x00000095a5a00000)]
  0x000001b3b702e000 JavaThread "jar transforms Thread 5" [_thread_blocked, id=24924, stack(0x00000095a5a00000,0x00000095a5b00000)]
  0x000001b3b702f000 JavaThread "jar transforms Thread 6" [_thread_blocked, id=31232, stack(0x00000095a5b00000,0x00000095a5c00000)]
  0x000001b3b7030800 JavaThread "jar transforms Thread 7" [_thread_blocked, id=27992, stack(0x00000095a5c00000,0x00000095a5d00000)]
  0x000001b3b7033000 JavaThread "jar transforms Thread 8" [_thread_blocked, id=9484, stack(0x00000095a5d00000,0x00000095a5e00000)]
  0x000001b3b7189000 JavaThread "jar transforms Thread 9" [_thread_blocked, id=19688, stack(0x00000095a5e00000,0x00000095a5f00000)]
  0x000001b3b7187800 JavaThread "jar transforms Thread 10" [_thread_blocked, id=23180, stack(0x00000095a5f00000,0x00000095a6000000)]
  0x000001b3b7183800 JavaThread "jar transforms Thread 11" [_thread_blocked, id=19468, stack(0x00000095a6000000,0x00000095a6100000)]
  0x000001b3b7188800 JavaThread "jar transforms Thread 12" [_thread_blocked, id=37648, stack(0x00000095a6100000,0x00000095a6200000)]
  0x000001b3b718a000 JavaThread "jar transforms Thread 13" [_thread_blocked, id=34916, stack(0x00000095a6200000,0x00000095a6300000)]
  0x000001b3b7184000 JavaThread "jar transforms Thread 14" [_thread_blocked, id=30360, stack(0x00000095a6300000,0x00000095a6400000)]
  0x000001b3b7185000 JavaThread "jar transforms Thread 15" [_thread_blocked, id=10264, stack(0x00000095a6400000,0x00000095a6500000)]
  0x000001b3b7186000 JavaThread "jar transforms Thread 16" [_thread_blocked, id=34296, stack(0x00000095a6500000,0x00000095a6600000)]
  0x000001b3b7186800 JavaThread "jar transforms Thread 17" [_thread_blocked, id=29272, stack(0x00000095a6600000,0x00000095a6700000)]
  0x000001b3b874c000 JavaThread "jar transforms Thread 18" [_thread_blocked, id=35072, stack(0x00000095a6700000,0x00000095a6800000)]
  0x000001b3b874b000 JavaThread "jar transforms Thread 19" [_thread_blocked, id=29200, stack(0x00000095a6800000,0x00000095a6900000)]
  0x000001b3b874e800 JavaThread "jar transforms Thread 20" [_thread_blocked, id=24524, stack(0x00000095a6900000,0x00000095a6a00000)]
  0x000001b3b874d800 JavaThread "jar transforms Thread 21" [_thread_blocked, id=38464, stack(0x00000095a6a00000,0x00000095a6b00000)]
  0x000001b3b8749800 JavaThread "jar transforms Thread 22" [_thread_blocked, id=27652, stack(0x00000095a6b00000,0x00000095a6c00000)]
  0x000001b3b874a800 JavaThread "jar transforms Thread 23" [_thread_blocked, id=29304, stack(0x00000095a6c00000,0x00000095a6d00000)]
  0x000001b3b8751000 JavaThread "jar transforms Thread 24" [_thread_blocked, id=32484, stack(0x00000095a6d00000,0x00000095a6e00000)]
  0x000001b3b8751800 JavaThread "jar transforms Thread 25" [_thread_blocked, id=10572, stack(0x00000095a6e00000,0x00000095a6f00000)]
  0x000001b3b874f000 JavaThread "jar transforms Thread 26" [_thread_blocked, id=13216, stack(0x00000095a6f00000,0x00000095a7000000)]
  0x000001b3b8750000 JavaThread "jar transforms Thread 27" [_thread_blocked, id=26668, stack(0x00000095a7000000,0x00000095a7100000)]
  0x000001b3b874c800 JavaThread "jar transforms Thread 28" [_thread_blocked, id=27148, stack(0x00000095a7100000,0x00000095a7200000)]
  0x000001b3b8755800 JavaThread "jar transforms Thread 29" [_thread_blocked, id=32280, stack(0x00000095a7200000,0x00000095a7300000)]
  0x000001b3b8752800 JavaThread "jar transforms Thread 30" [_thread_blocked, id=29284, stack(0x00000095a7300000,0x00000095a7400000)]
  0x000001b3b8756800 JavaThread "jar transforms Thread 31" [_thread_blocked, id=580, stack(0x00000095a7400000,0x00000095a7500000)]
  0x000001b3b8753000 JavaThread "jar transforms Thread 32" [_thread_blocked, id=29356, stack(0x00000095a7500000,0x00000095a7600000)]
  0x000001b3b8757800 JavaThread "jar transforms Thread 33" [_thread_blocked, id=27272, stack(0x00000095a7600000,0x00000095a7700000)]
  0x000001b3b8754000 JavaThread "jar transforms Thread 34" [_thread_blocked, id=38816, stack(0x00000095a7700000,0x00000095a7800000)]
  0x000001b3b8755000 JavaThread "jar transforms Thread 35" [_thread_blocked, id=29440, stack(0x00000095a7800000,0x00000095a7900000)]
  0x000001b3b8758000 JavaThread "jar transforms Thread 36" [_thread_blocked, id=29984, stack(0x00000095a7900000,0x00000095a7a00000)]
  0x000001b3b7330800 JavaThread "jar transforms Thread 37" [_thread_blocked, id=33740, stack(0x00000095a7a00000,0x00000095a7b00000)]
  0x000001b3b732f000 JavaThread "jar transforms Thread 38" [_thread_blocked, id=32216, stack(0x00000095a7b00000,0x00000095a7c00000)]
  0x000001b3b7331800 JavaThread "jar transforms Thread 39" [_thread_blocked, id=31920, stack(0x00000095a7c00000,0x00000095a7d00000)]
  0x000001b3b7332000 JavaThread "jar transforms Thread 40" [_thread_blocked, id=30312, stack(0x00000095a7d00000,0x00000095a7e00000)]
  0x000001b3b732f800 JavaThread "jar transforms Thread 41" [_thread_blocked, id=38904, stack(0x00000095a7e00000,0x00000095a7f00000)]
  0x000001b3b732c800 JavaThread "jar transforms Thread 42" [_thread_blocked, id=33772, stack(0x00000095a7f00000,0x00000095a8000000)]
  0x000001b3b7333000 JavaThread "jar transforms Thread 43" [_thread_blocked, id=12744, stack(0x00000095a8000000,0x00000095a8100000)]
  0x000001b3b732d800 JavaThread "jar transforms Thread 44" [_thread_blocked, id=34600, stack(0x00000095a8100000,0x00000095a8200000)]
  0x000001b3b7334000 JavaThread "jar transforms Thread 45" [_thread_blocked, id=35628, stack(0x00000095a8200000,0x00000095a8300000)]
  0x000001b3b732e000 JavaThread "jar transforms Thread 46" [_thread_blocked, id=5840, stack(0x00000095a8300000,0x00000095a8400000)]
  0x000001b3b7336800 JavaThread "jar transforms Thread 47" [_thread_blocked, id=38892, stack(0x00000095a8400000,0x00000095a8500000)]
  0x000001b3b7338000 JavaThread "jar transforms Thread 48" [_thread_blocked, id=34120, stack(0x00000095a8500000,0x00000095a8600000)]
  0x000001b3b7337000 JavaThread "jar transforms Thread 49" [_thread_blocked, id=29976, stack(0x00000095a8600000,0x00000095a8700000)]
  0x000001b3b7338800 JavaThread "jar transforms Thread 50" [_thread_blocked, id=4172, stack(0x00000095a8700000,0x00000095a8800000)]
  0x000001b3b7339800 JavaThread "jar transforms Thread 51" [_thread_blocked, id=16424, stack(0x00000095a8800000,0x00000095a8900000)]
  0x000001b3b7334800 JavaThread "jar transforms Thread 52" [_thread_blocked, id=18716, stack(0x00000095a8900000,0x00000095a8a00000)]
  0x000001b3b7335800 JavaThread "jar transforms Thread 53" [_thread_blocked, id=27352, stack(0x00000095a8a00000,0x00000095a8b00000)]
  0x000001b3b733a800 JavaThread "jar transforms Thread 54" [_thread_blocked, id=29404, stack(0x00000095a8b00000,0x00000095a8c00000)]
  0x000001b3b733b000 JavaThread "jar transforms Thread 55" [_thread_blocked, id=37932, stack(0x00000095a8c00000,0x00000095a8d00000)]
  0x000001b3b68ce800 JavaThread "jar transforms Thread 56" [_thread_blocked, id=25744, stack(0x00000095a8d00000,0x00000095a8e00000)]
  0x000001b3b68cf800 JavaThread "jar transforms Thread 57" [_thread_blocked, id=30880, stack(0x00000095a8e00000,0x00000095a8f00000)]
  0x000001b3b68d0000 JavaThread "jar transforms Thread 58" [_thread_blocked, id=17924, stack(0x00000095a8f00000,0x00000095a9000000)]
  0x000001b3b68ca800 JavaThread "jar transforms Thread 59" [_thread_blocked, id=32804, stack(0x00000095a9000000,0x00000095a9100000)]
  0x000001b3b68ce000 JavaThread "jar transforms Thread 60" [_thread_blocked, id=7668, stack(0x00000095a9100000,0x00000095a9200000)]
  0x000001b3b68d1000 JavaThread "jar transforms Thread 61" [_thread_blocked, id=27692, stack(0x00000095a9200000,0x00000095a9300000)]
  0x000001b3b68cc000 JavaThread "jar transforms Thread 62" [_thread_blocked, id=10768, stack(0x00000095a9300000,0x00000095a9400000)]
  0x000001b3b68cb800 JavaThread "jar transforms Thread 63" [_thread_blocked, id=34340, stack(0x00000095a9400000,0x00000095a9500000)]
  0x000001b3b68cd000 JavaThread "jar transforms Thread 64" [_thread_blocked, id=26136, stack(0x00000095a9500000,0x00000095a9600000)]
  0x000001b3b68d2800 JavaThread "jar transforms Thread 65" [_thread_blocked, id=31072, stack(0x00000095a9600000,0x00000095a9700000)]
  0x000001b3b68d7000 JavaThread "jar transforms Thread 66" [_thread_blocked, id=35872, stack(0x00000095a9700000,0x00000095a9800000)]
  0x000001b3b68d4800 JavaThread "jar transforms Thread 67" [_thread_blocked, id=38264, stack(0x00000095a9800000,0x00000095a9900000)]
  0x000001b3b68d6000 JavaThread "jar transforms Thread 68" [_thread_blocked, id=19416, stack(0x00000095a9900000,0x00000095a9a00000)]
  0x000001b3b68d3800 JavaThread "jar transforms Thread 69" [_thread_blocked, id=34336, stack(0x00000095a9a00000,0x00000095a9b00000)]
  0x000001b3b68d2000 JavaThread "jar transforms Thread 70" [_thread_blocked, id=28668, stack(0x00000095a9b00000,0x00000095a9c00000)]
  0x000001b3b68d7800 JavaThread "jar transforms Thread 71" [_thread_blocked, id=9320, stack(0x00000095a9c00000,0x00000095a9d00000)]
  0x000001b3b68d8800 JavaThread "jar transforms Thread 72" [_thread_blocked, id=28188, stack(0x00000095a9d00000,0x00000095a9e00000)]
  0x000001b3b68d5000 JavaThread "jar transforms Thread 73" [_thread_blocked, id=4668, stack(0x00000095a9e00000,0x00000095a9f00000)]
  0x000001b3b68d9000 JavaThread "jar transforms Thread 74" [_thread_blocked, id=20804, stack(0x00000095a9f00000,0x00000095aa000000)]
  0x000001b3b969c000 JavaThread "jar transforms Thread 75" [_thread_blocked, id=23980, stack(0x00000095aa000000,0x00000095aa100000)]
  0x000001b3b9699800 JavaThread "jar transforms Thread 76" [_thread_blocked, id=36940, stack(0x00000095aa100000,0x00000095aa200000)]
  0x000001b3b9698800 JavaThread "jar transforms Thread 77" [_thread_blocked, id=20696, stack(0x00000095aa200000,0x00000095aa300000)]
  0x000001b3b969c800 JavaThread "jar transforms Thread 78" [_thread_blocked, id=10488, stack(0x00000095aa300000,0x00000095aa400000)]
  0x000001b3b969b000 JavaThread "jar transforms Thread 79" [_thread_blocked, id=4164, stack(0x00000095aa400000,0x00000095aa500000)]
  0x000001b3b9697000 JavaThread "jar transforms Thread 80" [_thread_blocked, id=27124, stack(0x00000095aa500000,0x00000095aa600000)]
  0x000001b3b969a000 JavaThread "jar transforms Thread 81" [_thread_blocked, id=34232, stack(0x00000095aa600000,0x00000095aa700000)]
  0x000001b3b969d800 JavaThread "jar transforms Thread 82" [_thread_blocked, id=24732, stack(0x00000095aa700000,0x00000095aa800000)]
  0x000001b3b9697800 JavaThread "jar transforms Thread 83" [_thread_blocked, id=25352, stack(0x00000095aa800000,0x00000095aa900000)]
  0x000001b3b96a3000 JavaThread "jar transforms Thread 84" [_thread_blocked, id=30260, stack(0x00000095aa900000,0x00000095aaa00000)]
  0x000001b3b96a0000 JavaThread "jar transforms Thread 85" [_thread_blocked, id=29364, stack(0x00000095aaa00000,0x00000095aab00000)]
  0x000001b3b96a0800 JavaThread "jar transforms Thread 86" [_thread_blocked, id=23148, stack(0x00000095aab00000,0x00000095aac00000)]
  0x000001b3b96a1800 JavaThread "jar transforms Thread 87" [_thread_blocked, id=35224, stack(0x00000095aac00000,0x00000095aad00000)]
  0x000001b3b96a2800 JavaThread "jar transforms Thread 88" [_thread_blocked, id=23276, stack(0x00000095aad00000,0x00000095aae00000)]
  0x000001b3b96a4000 JavaThread "jar transforms Thread 89" [_thread_blocked, id=17516, stack(0x00000095aae00000,0x00000095aaf00000)]
  0x000001b3b969f000 JavaThread "jar transforms Thread 90" [_thread_blocked, id=37980, stack(0x00000095aaf00000,0x00000095ab000000)]
  0x000001b3b969e000 JavaThread "jar transforms Thread 91" [_thread_blocked, id=2552, stack(0x00000095ab000000,0x00000095ab100000)]
  0x000001b3b96a5000 JavaThread "jar transforms Thread 92" [_thread_blocked, id=37156, stack(0x00000095ab100000,0x00000095ab200000)]
  0x000001b3b96a5800 JavaThread "jar transforms Thread 93" [_thread_blocked, id=36044, stack(0x00000095ab200000,0x00000095ab300000)]
  0x000001b3b7e9a000 JavaThread "jar transforms Thread 94" [_thread_blocked, id=17876, stack(0x00000095ab300000,0x00000095ab400000)]
  0x000001b3b7e9c000 JavaThread "jar transforms Thread 95" [_thread_blocked, id=37096, stack(0x00000095ab400000,0x00000095ab500000)]
  0x000001b3b7e98800 JavaThread "jar transforms Thread 96" [_thread_blocked, id=21272, stack(0x00000095ab500000,0x00000095ab600000)]
  0x000001b3b7e9d800 JavaThread "jar transforms Thread 97" [_thread_blocked, id=13228, stack(0x00000095ab600000,0x00000095ab700000)]
  0x000001b3b7e9c800 JavaThread "jar transforms Thread 98" [_thread_blocked, id=12048, stack(0x00000095ab700000,0x00000095ab800000)]
  0x000001b3b7e97800 JavaThread "jar transforms Thread 99" [_thread_blocked, id=35112, stack(0x00000095ab800000,0x00000095ab900000)]
  0x000001b3b7e9e800 JavaThread "jar transforms Thread 100" [_thread_blocked, id=18880, stack(0x00000095ab900000,0x00000095aba00000)]
  0x000001b3b7e9f000 JavaThread "jar transforms Thread 101" [_thread_blocked, id=36668, stack(0x00000095aba00000,0x00000095abb00000)]
  0x000001b3b7e99800 JavaThread "jar transforms Thread 102" [_thread_blocked, id=30316, stack(0x00000095abb00000,0x00000095abc00000)]
  0x000001b3b7ea0000 JavaThread "jar transforms Thread 103" [_thread_blocked, id=10472, stack(0x00000095abc00000,0x00000095abd00000)]
  0x000001b3b7ea0800 JavaThread "jar transforms Thread 104" [_thread_blocked, id=21456, stack(0x00000095abd00000,0x00000095abe00000)]
  0x000001b3b7e9b000 JavaThread "jar transforms Thread 105" [_thread_blocked, id=4732, stack(0x00000095abe00000,0x00000095abf00000)]
  0x000001b3b7ea5000 JavaThread "jar transforms Thread 106" [_thread_blocked, id=31956, stack(0x00000095abf00000,0x00000095ac000000)]
  0x000001b3b7ea1800 JavaThread "jar transforms Thread 107" [_thread_blocked, id=20392, stack(0x00000095ac000000,0x00000095ac100000)]
  0x000001b3b7ea5800 JavaThread "jar transforms Thread 108" [_thread_blocked, id=5300, stack(0x00000095ac100000,0x00000095ac200000)]
  0x000001b3b7ea6800 JavaThread "jar transforms Thread 109" [_thread_blocked, id=37776, stack(0x00000095ac200000,0x00000095ac300000)]
  0x000001b3b7ea3000 JavaThread "jar transforms Thread 110" [_thread_blocked, id=33512, stack(0x00000095ac300000,0x00000095ac400000)]
  0x000001b3b7ea4000 JavaThread "jar transforms Thread 111" [_thread_blocked, id=25952, stack(0x00000095ac400000,0x00000095ac500000)]
  0x000001b3b7ea2800 JavaThread "jar transforms Thread 112" [_thread_blocked, id=18784, stack(0x00000095ac500000,0x00000095ac600000)]
  0x000001b3b7040800 JavaThread "jar transforms Thread 113" [_thread_blocked, id=30708, stack(0x00000095ac600000,0x00000095ac700000)]
  0x000001b3b703a800 JavaThread "jar transforms Thread 114" [_thread_blocked, id=22792, stack(0x00000095ac700000,0x00000095ac800000)]
  0x000001b3b703d000 JavaThread "jar transforms Thread 115" [_thread_blocked, id=13972, stack(0x00000095ac800000,0x00000095ac900000)]
  0x000001b3b7041000 JavaThread "jar transforms Thread 116" [_thread_blocked, id=12644, stack(0x00000095ac900000,0x00000095aca00000)]
  0x000001b3b703b800 JavaThread "jar transforms Thread 117" [_thread_blocked, id=9516, stack(0x00000095aca00000,0x00000095acb00000)]
  0x000001b3b7042000 JavaThread "jar transforms Thread 118" [_thread_blocked, id=36440, stack(0x00000095acb00000,0x00000095acc00000)]
  0x000001b3b703c000 JavaThread "jar transforms Thread 119" [_thread_blocked, id=14488, stack(0x00000095acc00000,0x00000095acd00000)]
  0x000001b3b703e000 JavaThread "Memory manager" [_thread_blocked, id=24184, stack(0x00000095acd00000,0x00000095ace00000)]
  0x000001b3b7043000 JavaThread "build event listener" [_thread_blocked, id=12076, stack(0x00000095ace00000,0x00000095acf00000)]
  0x000001b3b7044800 JavaThread "pool-3-thread-1" [_thread_blocked, id=26640, stack(0x00000095acf00000,0x00000095ad000000)]
  0x000001b3b703e800 JavaThread "build event listener" [_thread_blocked, id=32676, stack(0x00000095ad000000,0x00000095ad100000)]
  0x000001b3b7045000 JavaThread "Execution worker for ':'" [_thread_blocked, id=37560, stack(0x00000095ad100000,0x00000095ad200000)]
  0x000001b3b703f800 JavaThread "Execution worker for ':' Thread 2" [_thread_blocked, id=19092, stack(0x00000095ad200000,0x00000095ad300000)]
  0x000001b3b7046000 JavaThread "Execution worker for ':' Thread 3" [_thread_blocked, id=19672, stack(0x00000095ad300000,0x00000095ad400000)]
  0x000001b3b7047000 JavaThread "Execution worker for ':' Thread 4" [_thread_blocked, id=31472, stack(0x00000095ad400000,0x00000095ad500000)]
  0x000001b3b7047800 JavaThread "Execution worker for ':' Thread 5" [_thread_blocked, id=25856, stack(0x00000095ad500000,0x00000095ad600000)]
  0x000001b3b7048800 JavaThread "Execution worker for ':' Thread 6" [_thread_blocked, id=33884, stack(0x00000095ad600000,0x00000095ad700000)]
  0x000001b3b7049800 JavaThread "Execution worker for ':' Thread 7" [_thread_blocked, id=31144, stack(0x00000095ad700000,0x00000095ad800000)]
  0x000001b3b662d000 JavaThread "Cache worker for execution history cache (C:\Android Projects\Udemy TUTORIAL\KidsDrawingApp\.gradle\6.7.1\executionHistory)" [_thread_blocked, id=23908, stack(0x00000095ad800000,0x00000095ad900000)]
  0x000001b3b8021800 JavaThread "C2 CompilerThread2" daemon [_thread_blocked, id=29688, stack(0x00000095a4600000,0x00000095a4700000)]
  0x000001b3b662a800 JavaThread "WorkerExecutor Queue" [_thread_blocked, id=28576, stack(0x00000095ad900000,0x00000095ada00000)]
  0x000001b3b662e000 JavaThread "WorkerExecutor Queue Thread 2" [_thread_blocked, id=3412, stack(0x00000095ada00000,0x00000095adb00000)]
  0x000001b3b6628800 JavaThread "WorkerExecutor Queue Thread 3" [_thread_blocked, id=3144, stack(0x00000095add00000,0x00000095ade00000)]
  0x000001b3b6629000 JavaThread "WorkerExecutor Queue Thread 4" [_thread_blocked, id=31600, stack(0x00000095ade00000,0x00000095adf00000)]
  0x000001b3b662b800 JavaThread "WorkerExecutor Queue Thread 5" [_thread_blocked, id=28240, stack(0x00000095adf00000,0x00000095ae000000)]
  0x000001b3b662f800 JavaThread "WorkerExecutor Queue Thread 6" [_thread_blocked, id=34068, stack(0x00000095ae000000,0x00000095ae100000)]
  0x000001b3b662c800 JavaThread "WorkerExecutor Queue Thread 7" [_thread_blocked, id=28096, stack(0x00000095ae100000,0x00000095ae200000)]
  0x000001b3b662a000 JavaThread "WorkerExecutor Queue Thread 8" [_thread_blocked, id=23940, stack(0x00000095ae200000,0x00000095ae300000)]

Other Threads:
=>0x000001b3b1c74800 VMThread "VM Thread" [stack: 0x00000095a2300000,0x00000095a2400000] [id=18532]
  0x000001b3b2799000 WatcherThread [stack: 0x00000095a2d00000,0x00000095a2e00000] [id=23088]
  0x000001b3971e3800 GCTaskThread "GC Thread#0" [stack: 0x00000095a1e00000,0x00000095a1f00000] [id=37128]
  0x000001b3b36cc800 GCTaskThread "GC Thread#1" [stack: 0x00000095a3000000,0x00000095a3100000] [id=27076]
  0x000001b3b329e000 GCTaskThread "GC Thread#2" [stack: 0x00000095a3100000,0x00000095a3200000] [id=1404]
  0x000001b3b44d0800 GCTaskThread "GC Thread#3" [stack: 0x00000095a3c00000,0x00000095a3d00000] [id=37668]
  0x000001b3b3908000 GCTaskThread "GC Thread#4" [stack: 0x00000095a3d00000,0x00000095a3e00000] [id=14020]
  0x000001b3b47fd800 GCTaskThread "GC Thread#5" [stack: 0x00000095a3e00000,0x00000095a3f00000] [id=37744]
  0x000001b3b4d78800 GCTaskThread "GC Thread#6" [stack: 0x00000095a3f00000,0x00000095a4000000] [id=5076]
  0x000001b3b3cf4800 GCTaskThread "GC Thread#7" [stack: 0x00000095a4000000,0x00000095a4100000] [id=28856]
  0x000001b397214800 ConcurrentGCThread "G1 Main Marker" [stack: 0x00000095a1f00000,0x00000095a2000000] [id=34876]
  0x000001b397217000 ConcurrentGCThread "G1 Conc#0" [stack: 0x00000095a2000000,0x00000095a2100000] [id=38732]
  0x000001b3b417e800 ConcurrentGCThread "G1 Conc#1" [stack: 0x00000095a4300000,0x00000095a4400000] [id=19504]
  0x000001b3972a9800 ConcurrentGCThread "G1 Refine#0" [stack: 0x00000095a2100000,0x00000095a2200000] [id=28016]
  0x000001b3bade3800 ConcurrentGCThread "G1 Refine#1" [stack: 0x00000095adb00000,0x00000095adc00000] [id=31916]
  0x000001b3bb81f800 ConcurrentGCThread "G1 Refine#2" [stack: 0x00000095adc00000,0x00000095add00000] [id=5744]
  0x000001b3b1b00800 ConcurrentGCThread "G1 Young RemSet Sampling" [stack: 0x00000095a2200000,0x00000095a2300000] [id=29736]

Threads with active compile tasks:
C2 CompilerThread0  19010 10483       4       com.sun.org.apache.xerces.internal.utils.XMLSecurityManager::isOverLimit (111 bytes)
C2 CompilerThread1  19010 11068       4       org.gradle.internal.snapshot.VfsRelativePath::hasPrefix (114 bytes)
C2 CompilerThread2  19010 9748   !   4       java.io.ObjectOutputStream::writeObject0 (619 bytes)

VM state:at safepoint (normal execution)

VM Mutex/Monitor currently owned by a thread:  ([mutex/lock_event])
[0x000001b3971c94b0] Threads_lock - owner thread: 0x000001b3b1c74800
[0x000001b3971c8fa0] Heap_lock - owner thread: 0x000001b3b47f3000

Heap address: 0x0000000080000000, size: 2048 MB, Compressed Oops mode: 32-bit
Narrow klass base: 0x0000000000000000, Narrow klass shift: 3
Compressed class space size: 1073741824 Address: 0x0000000100000000

Heap:
 garbage-first heap   total 227328K, used 89763K [0x0000000080000000, 0x0000000100000000)
  region size 1024K, 4 young (4096K), 4 survivors (4096K)
 Metaspace       used 86439K, capacity 88393K, committed 88832K, reserved 1126400K
  class space    used 10890K, capacity 11581K, committed 11776K, reserved 1048576K
Heap Regions: E=young(eden), S=young(survivor), O=old, HS=humongous(starts), HC=humongous(continues), CS=collection set, F=free, A=archive, TAMS=top-at-mark-start (previous, next)
|   0|0x0000000080000000, 0x0000000080100000, 0x0000000080100000|100%| O|  |TAMS 0x0000000080100000, 0x0000000080000000| Untracked 
|   1|0x0000000080100000, 0x0000000080200000, 0x0000000080200000|100%| O|  |TAMS 0x0000000080200000, 0x0000000080100000| Untracked 
|   2|0x0000000080200000, 0x0000000080300000, 0x0000000080300000|100%| O|  |TAMS 0x0000000080300000, 0x0000000080200000| Untracked 
|   3|0x0000000080300000, 0x0000000080400000, 0x0000000080400000|100%|HS|  |TAMS 0x0000000080400000, 0x0000000080300000| Complete 
|   4|0x0000000080400000, 0x0000000080500000, 0x0000000080500000|100%|HC|  |TAMS 0x0000000080500000, 0x0000000080400000| Complete 
|   5|0x0000000080500000, 0x0000000080600000, 0x0000000080600000|100%|HC|  |TAMS 0x0000000080600000, 0x0000000080500000| Complete 
|   6|0x0000000080600000, 0x0000000080700000, 0x0000000080700000|100%| O|  |TAMS 0x0000000080700000, 0x0000000080600000| Untracked 
|   7|0x0000000080700000, 0x0000000080800000, 0x0000000080800000|100%| O|  |TAMS 0x0000000080800000, 0x0000000080700000| Untracked 
|   8|0x0000000080800000, 0x0000000080900000, 0x0000000080900000|100%| O|  |TAMS 0x0000000080900000, 0x0000000080800000| Untracked 
|   9|0x0000000080900000, 0x0000000080a00000, 0x0000000080a00000|100%| O|  |TAMS 0x0000000080a00000, 0x0000000080900000| Complete 
|  10|0x0000000080a00000, 0x0000000080b00000, 0x0000000080b00000|100%| O|  |TAMS 0x0000000080b00000, 0x0000000080a00000| Untracked 
|  11|0x0000000080b00000, 0x0000000080c00000, 0x0000000080c00000|100%| O|  |TAMS 0x0000000080c00000, 0x0000000080b00000| Complete 
|  12|0x0000000080c00000, 0x0000000080d00000, 0x0000000080d00000|100%| O|  |TAMS 0x0000000080d00000, 0x0000000080c00000| Untracked 
|  13|0x0000000080d00000, 0x0000000080e00000, 0x0000000080e00000|100%| O|  |TAMS 0x0000000080e00000, 0x0000000080d00000| Untracked 
|  14|0x0000000080e00000, 0x0000000080f00000, 0x0000000080f00000|100%| O|  |TAMS 0x0000000080f00000, 0x0000000080e00000| Untracked 
|  15|0x0000000080f00000, 0x0000000081000000, 0x0000000081000000|100%| O|  |TAMS 0x0000000081000000, 0x0000000080f00000| Untracked 
|  16|0x0000000081000000, 0x0000000081100000, 0x0000000081100000|100%| O|  |TAMS 0x0000000081100000, 0x0000000081000000| Untracked 
|  17|0x0000000081100000, 0x0000000081200000, 0x0000000081200000|100%| O|  |TAMS 0x0000000081200000, 0x0000000081100000| Untracked 
|  18|0x0000000081200000, 0x0000000081300000, 0x0000000081300000|100%| O|  |TAMS 0x0000000081300000, 0x0000000081200000| Untracked 
|  19|0x0000000081300000, 0x0000000081400000, 0x0000000081400000|100%|HS|  |TAMS 0x0000000081400000, 0x0000000081300000| Complete 
|  20|0x0000000081400000, 0x0000000081500000, 0x0000000081500000|100%| O|  |TAMS 0x0000000081500000, 0x0000000081400000| Untracked 
|  21|0x0000000081500000, 0x0000000081600000, 0x0000000081600000|100%| O|  |TAMS 0x0000000081600000, 0x0000000081500000| Untracked 
|  22|0x0000000081600000, 0x0000000081700000, 0x0000000081700000|100%|HS|  |TAMS 0x0000000081700000, 0x0000000081600000| Complete 
|  23|0x0000000081700000, 0x0000000081800000, 0x0000000081800000|100%|HS|  |TAMS 0x0000000081800000, 0x0000000081700000| Complete 
|  24|0x0000000081800000, 0x0000000081900000, 0x0000000081900000|100%|HC|  |TAMS 0x0000000081900000, 0x0000000081800000| Complete 
|  25|0x0000000081900000, 0x0000000081a00000, 0x0000000081a00000|100%|HC|  |TAMS 0x0000000081a00000, 0x0000000081900000| Complete 
|  26|0x0000000081a00000, 0x0000000081b00000, 0x0000000081b00000|100%|HS|  |TAMS 0x0000000081b00000, 0x0000000081a00000| Complete 
|  27|0x0000000081b00000, 0x0000000081c00000, 0x0000000081c00000|100%|HC|  |TAMS 0x0000000081c00000, 0x0000000081b00000| Complete 
|  28|0x0000000081c00000, 0x0000000081d00000, 0x0000000081d00000|100%| O|  |TAMS 0x0000000081d00000, 0x0000000081c00000| Untracked 
|  29|0x0000000081d00000, 0x0000000081e00000, 0x0000000081e00000|100%| O|  |TAMS 0x0000000081e00000, 0x0000000081d00000| Untracked 
|  30|0x0000000081e00000, 0x0000000081f00000, 0x0000000081f00000|100%| O|  |TAMS 0x0000000081f00000, 0x0000000081e00000| Untracked 
|  31|0x0000000081f00000, 0x0000000082000000, 0x0000000082000000|100%| O|  |TAMS 0x0000000082000000, 0x0000000081f00000| Untracked 
|  32|0x0000000082000000, 0x0000000082100000, 0x0000000082100000|100%| O|  |TAMS 0x0000000082100000, 0x0000000082000000| Untracked 
|  33|0x0000000082100000, 0x0000000082200000, 0x0000000082200000|100%| O|  |TAMS 0x0000000082200000, 0x0000000082100000| Untracked 
|  34|0x0000000082200000, 0x0000000082300000, 0x0000000082300000|100%| O|  |TAMS 0x0000000082300000, 0x0000000082200000| Complete 
|  35|0x0000000082300000, 0x0000000082400000, 0x0000000082400000|100%| O|  |TAMS 0x0000000082400000, 0x0000000082300000| Untracked 
|  36|0x0000000082400000, 0x0000000082500000, 0x0000000082500000|100%| O|  |TAMS 0x0000000082500000, 0x0000000082400000| Untracked 
|  37|0x0000000082500000, 0x0000000082600000, 0x0000000082600000|100%| O|  |TAMS 0x0000000082600000, 0x0000000082500000| Untracked 
|  38|0x0000000082600000, 0x0000000082700000, 0x0000000082700000|100%| O|  |TAMS 0x0000000082700000, 0x0000000082600000| Untracked 
|  39|0x0000000082700000, 0x0000000082800000, 0x0000000082800000|100%| O|  |TAMS 0x0000000082800000, 0x0000000082700000| Untracked 
|  40|0x0000000082800000, 0x0000000082900000, 0x0000000082900000|100%| O|  |TAMS 0x0000000082900000, 0x0000000082800000| Untracked 
|  41|0x0000000082900000, 0x0000000082a00000, 0x0000000082a00000|100%| O|  |TAMS 0x0000000082a00000, 0x0000000082900000| Untracked 
|  42|0x0000000082a00000, 0x0000000082b00000, 0x0000000082b00000|100%| O|  |TAMS 0x0000000082b00000, 0x0000000082a00000| Complete 
|  43|0x0000000082b00000, 0x0000000082c00000, 0x0000000082c00000|100%| O|  |TAMS 0x0000000082c00000, 0x0000000082b00000| Untracked 
|  44|0x0000000082c00000, 0x0000000082d00000, 0x0000000082d00000|100%| O|  |TAMS 0x0000000082d00000, 0x0000000082c00000| Untracked 
|  45|0x0000000082d00000, 0x0000000082e00000, 0x0000000082e00000|100%| O|  |TAMS 0x0000000082e00000, 0x0000000082d00000| Untracked 
|  46|0x0000000082e00000, 0x0000000082f00000, 0x0000000082f00000|100%| O|  |TAMS 0x0000000082f00000, 0x0000000082e00000| Untracked 
|  47|0x0000000082f00000, 0x0000000083000000, 0x0000000083000000|100%| O|  |TAMS 0x0000000083000000, 0x0000000082f00000| Untracked 
|  48|0x0000000083000000, 0x0000000083100000, 0x0000000083100000|100%| O|  |TAMS 0x0000000083100000, 0x0000000083000000| Untracked 
|  49|0x0000000083100000, 0x0000000083200000, 0x0000000083200000|100%| O|  |TAMS 0x0000000083200000, 0x0000000083100000| Untracked 
|  50|0x0000000083200000, 0x0000000083300000, 0x0000000083300000|100%| O|  |TAMS 0x0000000083300000, 0x0000000083200000| Untracked 
|  51|0x0000000083300000, 0x0000000083400000, 0x0000000083400000|100%| O|  |TAMS 0x0000000083400000, 0x0000000083300000| Complete 
|  52|0x0000000083400000, 0x0000000083500000, 0x0000000083500000|100%| O|  |TAMS 0x0000000083500000, 0x0000000083400000| Untracked 
|  53|0x0000000083500000, 0x0000000083600000, 0x0000000083600000|100%| O|  |TAMS 0x0000000083600000, 0x0000000083500000| Untracked 
|  54|0x0000000083600000, 0x0000000083700000, 0x0000000083700000|100%| O|  |TAMS 0x0000000083700000, 0x0000000083600000| Untracked 
|  55|0x0000000083700000, 0x0000000083800000, 0x0000000083800000|100%| O|  |TAMS 0x0000000083800000, 0x0000000083700000| Untracked 
|  56|0x0000000083800000, 0x0000000083900000, 0x0000000083900000|100%| O|  |TAMS 0x0000000083900000, 0x0000000083800000| Untracked 
|  57|0x0000000083900000, 0x0000000083a00000, 0x0000000083a00000|100%| O|  |TAMS 0x0000000083a00000, 0x0000000083900000| Untracked 
|  58|0x0000000083a00000, 0x0000000083b00000, 0x0000000083b00000|100%| O|  |TAMS 0x0000000083b00000, 0x0000000083a00000| Untracked 
|  59|0x0000000083b00000, 0x0000000083c00000, 0x0000000083c00000|100%| O|  |TAMS 0x0000000083c00000, 0x0000000083b00000| Untracked 
|  60|0x0000000083c00000, 0x0000000083d00000, 0x0000000083d00000|100%| O|  |TAMS 0x0000000083d00000, 0x0000000083c00000| Untracked 
|  61|0x0000000083d00000, 0x0000000083e00000, 0x0000000083e00000|100%| O|  |TAMS 0x0000000083e00000, 0x0000000083d00000| Complete 
|  62|0x0000000083e00000, 0x0000000083e00000, 0x0000000083f00000|  0%| F|  |TAMS 0x0000000083e00000, 0x0000000083e00000| Untracked 
|  63|0x0000000083f00000, 0x0000000083f00000, 0x0000000084000000|  0%| F|  |TAMS 0x0000000083f00000, 0x0000000083f00000| Untracked 
|  64|0x0000000084000000, 0x0000000084000000, 0x0000000084100000|  0%| F|  |TAMS 0x0000000084000000, 0x0000000084000000| Untracked 
|  65|0x0000000084100000, 0x0000000084100000, 0x0000000084200000|  0%| F|  |TAMS 0x0000000084100000, 0x0000000084100000| Untracked 
|  66|0x0000000084200000, 0x0000000084300000, 0x0000000084300000|100%| O|  |TAMS 0x0000000084300000, 0x0000000084200000| Untracked 
|  67|0x0000000084300000, 0x0000000084400000, 0x0000000084400000|100%| O|  |TAMS 0x0000000084400000, 0x0000000084300000| Complete 
|  68|0x0000000084400000, 0x0000000084500000, 0x0000000084500000|100%| O|  |TAMS 0x0000000084500000, 0x0000000084400000| Complete 
|  69|0x0000000084500000, 0x0000000084600000, 0x0000000084600000|100%| O|  |TAMS 0x0000000084600000, 0x0000000084500000| Complete 
|  70|0x0000000084600000, 0x0000000084600000, 0x0000000084700000|  0%| F|  |TAMS 0x0000000084600000, 0x0000000084600000| Untracked 
|  71|0x0000000084700000, 0x0000000084800000, 0x0000000084800000|100%| O|  |TAMS 0x0000000084800000, 0x0000000084700000| Complete 
|  72|0x0000000084800000, 0x0000000084900000, 0x0000000084900000|100%| O|  |TAMS 0x0000000084900000, 0x0000000084800000| Complete 
|  73|0x0000000084900000, 0x0000000084a00000, 0x0000000084a00000|100%| O|  |TAMS 0x0000000084a00000, 0x0000000084900000| Complete 
|  74|0x0000000084a00000, 0x0000000084b00000, 0x0000000084b00000|100%| O|  |TAMS 0x0000000084b00000, 0x0000000084a00000| Complete 
|  75|0x0000000084b00000, 0x0000000084b00000, 0x0000000084c00000|  0%| F|  |TAMS 0x0000000084b00000, 0x0000000084b00000| Untracked 
|  76|0x0000000084c00000, 0x0000000084d00000, 0x0000000084d00000|100%| O|  |TAMS 0x0000000084d00000, 0x0000000084c00000| Complete 
|  77|0x0000000084d00000, 0x0000000084d00000, 0x0000000084e00000|  0%| F|  |TAMS 0x0000000084d00000, 0x0000000084d00000| Untracked 
|  78|0x0000000084e00000, 0x0000000084e00000, 0x0000000084f00000|  0%| F|  |TAMS 0x0000000084e00000, 0x0000000084e00000| Untracked 
|  79|0x0000000084f00000, 0x0000000085000000, 0x0000000085000000|100%| O|  |TAMS 0x0000000085000000, 0x0000000084f00000| Complete 
|  80|0x0000000085000000, 0x0000000085100000, 0x0000000085100000|100%| O|  |TAMS 0x0000000085100000, 0x0000000085000000| Complete 
|  81|0x0000000085100000, 0x0000000085200000, 0x0000000085200000|100%| O|  |TAMS 0x0000000085200000, 0x0000000085100000| Complete 
|  82|0x0000000085200000, 0x0000000085300000, 0x0000000085300000|100%| O|  |TAMS 0x0000000085300000, 0x0000000085200000| Complete 
|  83|0x0000000085300000, 0x0000000085400000, 0x0000000085400000|100%| O|  |TAMS 0x0000000085400000, 0x0000000085300000| Untracked 
|  84|0x0000000085400000, 0x0000000085500000, 0x0000000085500000|100%| O|  |TAMS 0x0000000085500000, 0x0000000085400000| Untracked 
|  85|0x0000000085500000, 0x000000008559b200, 0x0000000085600000| 60%| O|  |TAMS 0x000000008559b200, 0x0000000085500000| Untracked 
|  86|0x0000000085600000, 0x0000000085600000, 0x0000000085700000|  0%| F|  |TAMS 0x0000000085600000, 0x0000000085600000| Untracked 
|  87|0x0000000085700000, 0x0000000085700000, 0x0000000085800000|  0%| F|  |TAMS 0x0000000085700000, 0x0000000085700000| Untracked 
|  88|0x0000000085800000, 0x0000000085800000, 0x0000000085900000|  0%| F|  |TAMS 0x0000000085800000, 0x0000000085800000| Untracked 
|  89|0x0000000085900000, 0x0000000085900000, 0x0000000085a00000|  0%| F|  |TAMS 0x0000000085900000, 0x0000000085900000| Untracked 
|  90|0x0000000085a00000, 0x0000000085b00000, 0x0000000085b00000|100%| O|  |TAMS 0x0000000085b00000, 0x0000000085a00000| Complete 
|  91|0x0000000085b00000, 0x0000000085b00000, 0x0000000085c00000|  0%| F|  |TAMS 0x0000000085b00000, 0x0000000085b00000| Untracked 
|  92|0x0000000085c00000, 0x0000000085d00000, 0x0000000085d00000|100%| O|  |TAMS 0x0000000085d00000, 0x0000000085c00000| Complete 
|  93|0x0000000085d00000, 0x0000000085d00000, 0x0000000085e00000|  0%| F|  |TAMS 0x0000000085d00000, 0x0000000085d00000| Untracked 
|  94|0x0000000085e00000, 0x0000000085e00000, 0x0000000085f00000|  0%| F|  |TAMS 0x0000000085e00000, 0x0000000085e00000| Untracked 
|  95|0x0000000085f00000, 0x0000000085f00000, 0x0000000086000000|  0%| F|  |TAMS 0x0000000085f00000, 0x0000000085f00000| Untracked 
|  96|0x0000000086000000, 0x0000000086000000, 0x0000000086100000|  0%| F|  |TAMS 0x0000000086000000, 0x0000000086000000| Untracked 
|  97|0x0000000086100000, 0x0000000086100000, 0x0000000086200000|  0%| F|  |TAMS 0x0000000086100000, 0x0000000086100000| Untracked 
|  98|0x0000000086200000, 0x0000000086200000, 0x0000000086300000|  0%| F|  |TAMS 0x0000000086200000, 0x0000000086200000| Untracked 
|  99|0x0000000086300000, 0x0000000086300000, 0x0000000086400000|  0%| F|  |TAMS 0x0000000086300000, 0x0000000086300000| Untracked 
| 100|0x0000000086400000, 0x0000000086400000, 0x0000000086500000|  0%| F|  |TAMS 0x0000000086400000, 0x0000000086400000| Untracked 
| 101|0x0000000086500000, 0x0000000086600000, 0x0000000086600000|100%| O|  |TAMS 0x0000000086600000, 0x0000000086500000| Complete 
| 102|0x0000000086600000, 0x0000000086700000, 0x0000000086700000|100%| O|  |TAMS 0x0000000086700000, 0x0000000086600000| Complete 
| 103|0x0000000086700000, 0x0000000086800000, 0x0000000086800000|100%| O|  |TAMS 0x0000000086800000, 0x0000000086700000| Complete 
| 104|0x0000000086800000, 0x0000000086900000, 0x0000000086900000|100%| O|  |TAMS 0x0000000086900000, 0x0000000086800000| Complete 
| 105|0x0000000086900000, 0x0000000086a00000, 0x0000000086a00000|100%| O|  |TAMS 0x0000000086a00000, 0x0000000086900000| Complete 
| 106|0x0000000086a00000, 0x0000000086a00000, 0x0000000086b00000|  0%| F|  |TAMS 0x0000000086a00000, 0x0000000086a00000| Untracked 
| 107|0x0000000086b00000, 0x0000000086b00000, 0x0000000086c00000|  0%| F|  |TAMS 0x0000000086b00000, 0x0000000086b00000| Untracked 
| 108|0x0000000086c00000, 0x0000000086c00000, 0x0000000086d00000|  0%| F|  |TAMS 0x0000000086c00000, 0x0000000086c00000| Untracked 
| 109|0x0000000086d00000, 0x0000000086d00000, 0x0000000086e00000|  0%| F|  |TAMS 0x0000000086d00000, 0x0000000086d00000| Untracked 
| 110|0x0000000086e00000, 0x0000000086e00000, 0x0000000086f00000|  0%| F|  |TAMS 0x0000000086e00000, 0x0000000086e00000| Untracked 
| 111|0x0000000086f00000, 0x0000000086f00000, 0x0000000087000000|  0%| F|  |TAMS 0x0000000086f00000, 0x0000000086f00000| Untracked 
| 112|0x0000000087000000, 0x0000000087000000, 0x0000000087100000|  0%| F|  |TAMS 0x0000000087000000, 0x0000000087000000| Untracked 
| 113|0x0000000087100000, 0x0000000087100000, 0x0000000087200000|  0%| F|  |TAMS 0x0000000087100000, 0x0000000087100000| Untracked 
| 114|0x0000000087200000, 0x0000000087200000, 0x0000000087300000|  0%| F|  |TAMS 0x0000000087200000, 0x0000000087200000| Untracked 
| 115|0x0000000087300000, 0x0000000087300000, 0x0000000087400000|  0%| F|  |TAMS 0x0000000087300000, 0x0000000087300000| Untracked 
| 116|0x0000000087400000, 0x0000000087400000, 0x0000000087500000|  0%| F|  |TAMS 0x0000000087400000, 0x0000000087400000| Untracked 
| 117|0x0000000087500000, 0x0000000087500000, 0x0000000087600000|  0%| F|  |TAMS 0x0000000087500000, 0x0000000087500000| Untracked 
| 118|0x0000000087600000, 0x0000000087600000, 0x0000000087700000|  0%| F|  |TAMS 0x0000000087600000, 0x0000000087600000| Untracked 
| 119|0x0000000087700000, 0x0000000087700000, 0x0000000087800000|  0%| F|  |TAMS 0x0000000087700000, 0x0000000087700000| Untracked 
| 120|0x0000000087800000, 0x0000000087800000, 0x0000000087900000|  0%| F|  |TAMS 0x0000000087800000, 0x0000000087800000| Untracked 
| 121|0x0000000087900000, 0x0000000087900000, 0x0000000087a00000|  0%| F|  |TAMS 0x0000000087900000, 0x0000000087900000| Untracked 
| 122|0x0000000087a00000, 0x0000000087a00000, 0x0000000087b00000|  0%| F|  |TAMS 0x0000000087a00000, 0x0000000087a00000| Untracked 
| 123|0x0000000087b00000, 0x0000000087b00000, 0x0000000087c00000|  0%| F|  |TAMS 0x0000000087b00000, 0x0000000087b00000| Untracked 
| 124|0x0000000087c00000, 0x0000000087c00000, 0x0000000087d00000|  0%| F|  |TAMS 0x0000000087c00000, 0x0000000087c00000| Untracked 
| 125|0x0000000087d00000, 0x0000000087d00000, 0x0000000087e00000|  0%| F|  |TAMS 0x0000000087d00000, 0x0000000087d00000| Untracked 
| 126|0x0000000087e00000, 0x0000000087e00000, 0x0000000087f00000|  0%| F|  |TAMS 0x0000000087e00000, 0x0000000087e00000| Untracked 
| 127|0x0000000087f00000, 0x0000000087f00000, 0x0000000088000000|  0%| F|  |TAMS 0x0000000087f00000, 0x0000000087f00000| Untracked 
| 128|0x0000000088000000, 0x0000000088000000, 0x0000000088100000|  0%| F|  |TAMS 0x0000000088000000, 0x0000000088000000| Untracked 
| 129|0x0000000088100000, 0x0000000088100000, 0x0000000088200000|  0%| F|  |TAMS 0x0000000088100000, 0x0000000088100000| Untracked 
| 130|0x0000000088200000, 0x0000000088200000, 0x0000000088300000|  0%| F|  |TAMS 0x0000000088200000, 0x0000000088200000| Untracked 
| 131|0x0000000088300000, 0x0000000088300000, 0x0000000088400000|  0%| F|  |TAMS 0x0000000088300000, 0x0000000088300000| Untracked 
| 132|0x0000000088400000, 0x0000000088400000, 0x0000000088500000|  0%| F|  |TAMS 0x0000000088400000, 0x0000000088400000| Untracked 
| 133|0x0000000088500000, 0x0000000088500000, 0x0000000088600000|  0%| F|  |TAMS 0x0000000088500000, 0x0000000088500000| Untracked 
| 134|0x0000000088600000, 0x0000000088600000, 0x0000000088700000|  0%| F|  |TAMS 0x0000000088600000, 0x0000000088600000| Untracked 
| 135|0x0000000088700000, 0x0000000088700000, 0x0000000088800000|  0%| F|  |TAMS 0x0000000088700000, 0x0000000088700000| Untracked 
| 136|0x0000000088800000, 0x0000000088800000, 0x0000000088900000|  0%| F|  |TAMS 0x0000000088800000, 0x0000000088800000| Untracked 
| 137|0x0000000088900000, 0x000000008890dca8, 0x0000000088a00000|  5%| S|CS|TAMS 0x0000000088900000, 0x0000000088900000| Complete 
| 138|0x0000000088a00000, 0x0000000088b00000, 0x0000000088b00000|100%| S|CS|TAMS 0x0000000088a00000, 0x0000000088a00000| Complete 
| 139|0x0000000088b00000, 0x0000000088c00000, 0x0000000088c00000|100%| S|CS|TAMS 0x0000000088b00000, 0x0000000088b00000| Complete 
| 140|0x0000000088c00000, 0x0000000088d00000, 0x0000000088d00000|100%| S|CS|TAMS 0x0000000088c00000, 0x0000000088c00000| Complete 
| 141|0x0000000088d00000, 0x0000000088d00000, 0x0000000088e00000|  0%| F|  |TAMS 0x0000000088d00000, 0x0000000088d00000| Untracked 
| 142|0x0000000088e00000, 0x0000000088e00000, 0x0000000088f00000|  0%| F|  |TAMS 0x0000000088e00000, 0x0000000088e00000| Untracked 
| 143|0x0000000088f00000, 0x0000000088f00000, 0x0000000089000000|  0%| F|  |TAMS 0x0000000088f00000, 0x0000000088f00000| Untracked 
| 144|0x0000000089000000, 0x0000000089000000, 0x0000000089100000|  0%| F|  |TAMS 0x0000000089000000, 0x0000000089000000| Untracked 
| 145|0x0000000089100000, 0x0000000089100000, 0x0000000089200000|  0%| F|  |TAMS 0x0000000089100000, 0x0000000089100000| Untracked 
| 146|0x0000000089200000, 0x0000000089200000, 0x0000000089300000|  0%| F|  |TAMS 0x0000000089200000, 0x0000000089200000| Untracked 
| 147|0x0000000089300000, 0x0000000089300000, 0x0000000089400000|  0%| F|  |TAMS 0x0000000089300000, 0x0000000089300000| Untracked 
| 148|0x0000000089400000, 0x0000000089400000, 0x0000000089500000|  0%| F|  |TAMS 0x0000000089400000, 0x0000000089400000| Untracked 
| 149|0x0000000089500000, 0x0000000089500000, 0x0000000089600000|  0%| F|  |TAMS 0x0000000089500000, 0x0000000089500000| Untracked 
| 150|0x0000000089600000, 0x0000000089600000, 0x0000000089700000|  0%| F|  |TAMS 0x0000000089600000, 0x0000000089600000| Untracked 
| 151|0x0000000089700000, 0x0000000089700000, 0x0000000089800000|  0%| F|  |TAMS 0x0000000089700000, 0x0000000089700000| Untracked 
| 152|0x0000000089800000, 0x0000000089800000, 0x0000000089900000|  0%| F|  |TAMS 0x0000000089800000, 0x0000000089800000| Untracked 
| 153|0x0000000089900000, 0x0000000089900000, 0x0000000089a00000|  0%| F|  |TAMS 0x0000000089900000, 0x0000000089900000| Untracked 
| 154|0x0000000089a00000, 0x0000000089a00000, 0x0000000089b00000|  0%| F|  |TAMS 0x0000000089a00000, 0x0000000089a00000| Untracked 
| 155|0x0000000089b00000, 0x0000000089b00000, 0x0000000089c00000|  0%| F|  |TAMS 0x0000000089b00000, 0x0000000089b00000| Untracked 
| 156|0x0000000089c00000, 0x0000000089c00000, 0x0000000089d00000|  0%| F|  |TAMS 0x0000000089c00000, 0x0000000089c00000| Untracked 
| 157|0x0000000089d00000, 0x0000000089d00000, 0x0000000089e00000|  0%| F|  |TAMS 0x0000000089d00000, 0x0000000089d00000| Untracked 
| 158|0x0000000089e00000, 0x0000000089e00000, 0x0000000089f00000|  0%| F|  |TAMS 0x0000000089e00000, 0x0000000089e00000| Untracked 
| 159|0x0000000089f00000, 0x0000000089f00000, 0x000000008a000000|  0%| F|  |TAMS 0x0000000089f00000, 0x0000000089f00000| Untracked 
| 160|0x000000008a000000, 0x000000008a000000, 0x000000008a100000|  0%| F|  |TAMS 0x000000008a000000, 0x000000008a000000| Untracked 
| 161|0x000000008a100000, 0x000000008a100000, 0x000000008a200000|  0%| F|  |TAMS 0x000000008a100000, 0x000000008a100000| Untracked 
| 162|0x000000008a200000, 0x000000008a200000, 0x000000008a300000|  0%| F|  |TAMS 0x000000008a200000, 0x000000008a200000| Untracked 
| 163|0x000000008a300000, 0x000000008a300000, 0x000000008a400000|  0%| F|  |TAMS 0x000000008a300000, 0x000000008a300000| Untracked 
| 164|0x000000008a400000, 0x000000008a400000, 0x000000008a500000|  0%| F|  |TAMS 0x000000008a400000, 0x000000008a400000| Untracked 
| 165|0x000000008a500000, 0x000000008a500000, 0x000000008a600000|  0%| F|  |TAMS 0x000000008a500000, 0x000000008a500000| Untracked 
| 166|0x000000008a600000, 0x000000008a600000, 0x000000008a700000|  0%| F|  |TAMS 0x000000008a600000, 0x000000008a600000| Untracked 
| 167|0x000000008a700000, 0x000000008a700000, 0x000000008a800000|  0%| F|  |TAMS 0x000000008a700000, 0x000000008a700000| Untracked 
| 168|0x000000008a800000, 0x000000008a800000, 0x000000008a900000|  0%| F|  |TAMS 0x000000008a800000, 0x000000008a800000| Untracked 
| 169|0x000000008a900000, 0x000000008a900000, 0x000000008aa00000|  0%| F|  |TAMS 0x000000008a900000, 0x000000008a900000| Untracked 
| 170|0x000000008aa00000, 0x000000008aa00000, 0x000000008ab00000|  0%| F|  |TAMS 0x000000008aa00000, 0x000000008aa00000| Untracked 
| 171|0x000000008ab00000, 0x000000008ab00000, 0x000000008ac00000|  0%| F|  |TAMS 0x000000008ab00000, 0x000000008ab00000| Untracked 
| 172|0x000000008ac00000, 0x000000008ac00000, 0x000000008ad00000|  0%| F|  |TAMS 0x000000008ac00000, 0x000000008ac00000| Untracked 
| 173|0x000000008ad00000, 0x000000008ad00000, 0x000000008ae00000|  0%| F|  |TAMS 0x000000008ad00000, 0x000000008ad00000| Untracked 
| 174|0x000000008ae00000, 0x000000008ae00000, 0x000000008af00000|  0%| F|  |TAMS 0x000000008ae00000, 0x000000008ae00000| Untracked 
| 175|0x000000008af00000, 0x000000008af00000, 0x000000008b000000|  0%| F|  |TAMS 0x000000008af00000, 0x000000008af00000| Untracked 
| 176|0x000000008b000000, 0x000000008b000000, 0x000000008b100000|  0%| F|  |TAMS 0x000000008b000000, 0x000000008b000000| Untracked 
| 177|0x000000008b100000, 0x000000008b100000, 0x000000008b200000|  0%| F|  |TAMS 0x000000008b100000, 0x000000008b100000| Untracked 
| 178|0x000000008b200000, 0x000000008b200000, 0x000000008b300000|  0%| F|  |TAMS 0x000000008b200000, 0x000000008b200000| Untracked 
| 179|0x000000008b300000, 0x000000008b300000, 0x000000008b400000|  0%| F|  |TAMS 0x000000008b300000, 0x000000008b300000| Untracked 
| 180|0x000000008b400000, 0x000000008b400000, 0x000000008b500000|  0%| F|  |TAMS 0x000000008b400000, 0x000000008b400000| Untracked 
| 181|0x000000008b500000, 0x000000008b500000, 0x000000008b600000|  0%| F|  |TAMS 0x000000008b500000, 0x000000008b500000| Untracked 
| 182|0x000000008b600000, 0x000000008b600000, 0x000000008b700000|  0%| F|  |TAMS 0x000000008b600000, 0x000000008b600000| Untracked 
| 183|0x000000008b700000, 0x000000008b700000, 0x000000008b800000|  0%| F|  |TAMS 0x000000008b700000, 0x000000008b700000| Untracked 
| 184|0x000000008b800000, 0x000000008b800000, 0x000000008b900000|  0%| F|  |TAMS 0x000000008b800000, 0x000000008b800000| Untracked 

Card table byte_map: [0x000001b3aa9e0000,0x000001b3aade0000] _byte_map_base: 0x000001b3aa5e0000

Marking Bits (Prev, Next): (CMBitMap*) 0x000001b39720bea8, (CMBitMap*) 0x000001b39720bee0
 Prev Bits: [0x000001b3ab1e0000, 0x000001b3ad1e0000)
 Next Bits: [0x000001b3ad1e0000, 0x000001b3af1e0000)

Polling page: 0x000001b3972b0000

Metaspace:

Usage:
  Non-class:     75.01 MB capacity,    73.78 MB ( 98%) used,     1.03 MB (  1%) free+waste,   209.81 KB ( <1%) overhead. 
      Class:     11.31 MB capacity,    10.63 MB ( 94%) used,   596.52 KB (  5%) free+waste,    94.44 KB ( <1%) overhead. 
       Both:     86.32 MB capacity,    84.41 MB ( 98%) used,     1.61 MB (  2%) free+waste,   304.25 KB ( <1%) overhead. 

Virtual space:
  Non-class space:       76.00 MB reserved,      75.25 MB (>99%) committed 
      Class space:        1.00 GB reserved,      11.50 MB (  1%) committed 
             Both:        1.07 GB reserved,      86.75 MB (  8%) committed 

Chunk freelists:
   Non-Class:  116.00 KB
       Class:  99.00 KB
        Both:  215.00 KB

MaxMetaspaceSize: 17179869184.00 GB
CompressedClassSpaceSize: 1.00 GB

CodeHeap 'non-profiled nmethods': size=120000Kb used=6676Kb max_used=6676Kb free=113323Kb
 bounds [0x000001b3a2640000, 0x000001b3a2cd0000, 0x000001b3a9b70000]
CodeHeap 'profiled nmethods': size=120000Kb used=22850Kb max_used=22850Kb free=97149Kb
 bounds [0x000001b39b110000, 0x000001b39c770000, 0x000001b3a2640000]
CodeHeap 'non-nmethods': size=5760Kb used=2256Kb max_used=2320Kb free=3503Kb
 bounds [0x000001b39ab70000, 0x000001b39ade0000, 0x000001b39b110000]
 total_blobs=11537 nmethods=10689 adapters=759
 compilation: enabled
              stopped_count=0, restarted_count=0
 full_count=0

Compilation events (20 events):
Event: 18.957 Thread 0x000001b3b3691800 nmethod 9819 0x000001b3a2cc1e10 code [0x000001b3a2cc1fa0, 0x000001b3a2cc24d8]
Event: 18.957 Thread 0x000001b3b3691800 11065       4       java.lang.Character::toLowerCase (6 bytes)
Event: 18.959 Thread 0x000001b3b3691800 nmethod 11065 0x000001b3a2cc2690 code [0x000001b3a2cc2840, 0x000001b3a2cc2958]
Event: 18.959 Thread 0x000001b3b3691800 11068       4       org.gradle.internal.snapshot.VfsRelativePath::hasPrefix (114 bytes)
Event: 18.960 Thread 0x000001b3b264e000 11069   !   2       org.apache.xerces.impl.XMLScanner::reset (146 bytes)
Event: 18.961 Thread 0x000001b3b264e000 nmethod 11069 0x000001b39c760610 code [0x000001b39c760860, 0x000001b39c760fe8]
Event: 18.961 Thread 0x000001b3b264e000 11070       2       org.apache.xerces.dom.NodeImpl::getOwnerDocument (23 bytes)
Event: 18.961 Thread 0x000001b3b264e000 nmethod 11070 0x000001b39c761290 code [0x000001b39c761440, 0x000001b39c7615e8]
Event: 18.962 Thread 0x000001b3b264e000 11071       2       java.lang.System$2::getEnumConstantsShared (8 bytes)
Event: 18.962 Thread 0x000001b3b264e000 nmethod 11071 0x000001b39c761690 code [0x000001b39c761840, 0x000001b39c761988]
Event: 18.964 Thread 0x000001b3b264e000 11072       2       org.apache.xerces.dom.NamedNodeMapImpl::findNamePoint (105 bytes)
Event: 18.965 Thread 0x000001b3b264e000 nmethod 11072 0x000001b39c761a90 code [0x000001b39c761c80, 0x000001b39c761fb8]
Event: 18.965 Thread 0x000001b3b264e000 11073       2       com.google.common.collect.Iterators::forArray (51 bytes)
Event: 18.965 Thread 0x000001b3b2649000 nmethod 9812 0x000001b3a2cc2a90 code [0x000001b3a2cc2d00, 0x000001b3a2cc4250]
Event: 18.965 Thread 0x000001b3b2649000 11067       4       com.google.common.base.Preconditions::checkPositionIndex (8 bytes)
Event: 18.966 Thread 0x000001b3b264e000 nmethod 11073 0x000001b39c762190 code [0x000001b39c7623a0, 0x000001b39c7628d8]
Event: 18.966 Thread 0x000001b3b264e000 11074       2       com.google.common.base.Preconditions::checkPositionIndexes (29 bytes)
Event: 18.966 Thread 0x000001b3b2649000 nmethod 11067 0x000001b3a2cc4d90 code [0x000001b3a2cc4f20, 0x000001b3a2cc4f98]
Event: 18.966 Thread 0x000001b3b2649000 10483       4       com.sun.org.apache.xerces.internal.utils.XMLSecurityManager::isOverLimit (111 bytes)
Event: 18.966 Thread 0x000001b3b264e000 nmethod 11074 0x000001b39c762c10 code [0x000001b39c762de0, 0x000001b39c762fb8]

GC Heap History (20 events):
Event: 12.454 GC heap after
{Heap after GC invocations=15 (full 0):
 garbage-first heap   total 157696K, used 55936K [0x0000000080000000, 0x0000000100000000)
  region size 1024K, 4 young (4096K), 4 survivors (4096K)
 Metaspace       used 66855K, capacity 68298K, committed 68352K, reserved 1107968K
  class space    used 8655K, capacity 9194K, committed 9216K, reserved 1048576K
}
Event: 13.285 GC heap before
{Heap before GC invocations=15 (full 0):
 garbage-first heap   total 157696K, used 113280K [0x0000000080000000, 0x0000000100000000)
  region size 1024K, 60 young (61440K), 4 survivors (4096K)
 Metaspace       used 72044K, capacity 73686K, committed 73856K, reserved 1114112K
  class space    used 9452K, capacity 10031K, committed 10112K, reserved 1048576K
}
Event: 13.293 GC heap after
{Heap after GC invocations=16 (full 0):
 garbage-first heap   total 157696K, used 59125K [0x0000000080000000, 0x0000000100000000)
  region size 1024K, 7 young (7168K), 7 survivors (7168K)
 Metaspace       used 72044K, capacity 73686K, committed 73856K, reserved 1114112K
  class space    used 9452K, capacity 10031K, committed 10112K, reserved 1048576K
}
Event: 14.542 GC heap before
{Heap before GC invocations=16 (full 0):
 garbage-first heap   total 157696K, used 116469K [0x0000000080000000, 0x0000000100000000)
  region size 1024K, 63 young (64512K), 7 survivors (7168K)
 Metaspace       used 78294K, capacity 80229K, committed 80384K, reserved 1118208K
  class space    used 10266K, capacity 10946K, committed 11008K, reserved 1048576K
}
Event: 14.553 GC heap after
{Heap after GC invocations=17 (full 0):
 garbage-first heap   total 157696K, used 63717K [0x0000000080000000, 0x0000000100000000)
  region size 1024K, 8 young (8192K), 8 survivors (8192K)
 Metaspace       used 78294K, capacity 80229K, committed 80384K, reserved 1118208K
  class space    used 10266K, capacity 10946K, committed 11008K, reserved 1048576K
}
Event: 15.549 GC heap before
{Heap before GC invocations=17 (full 0):
 garbage-first heap   total 157696K, used 120037K [0x0000000080000000, 0x0000000100000000)
  region size 1024K, 64 young (65536K), 8 survivors (8192K)
 Metaspace       used 79999K, capacity 82045K, committed 82176K, reserved 1120256K
  class space    used 10428K, capacity 11149K, committed 11264K, reserved 1048576K
}
Event: 15.559 GC heap after
{Heap after GC invocations=18 (full 0):
 garbage-first heap   total 157696K, used 66541K [0x0000000080000000, 0x0000000100000000)
  region size 1024K, 4 young (4096K), 4 survivors (4096K)
 Metaspace       used 79999K, capacity 82045K, committed 82176K, reserved 1120256K
  class space    used 10428K, capacity 11149K, committed 11264K, reserved 1048576K
}
Event: 16.375 GC heap before
{Heap before GC invocations=18 (full 0):
 garbage-first heap   total 157696K, used 121837K [0x0000000080000000, 0x0000000100000000)
  region size 1024K, 59 young (60416K), 4 survivors (4096K)
 Metaspace       used 80355K, capacity 82377K, committed 82688K, reserved 1120256K
  class space    used 10429K, capacity 11149K, committed 11264K, reserved 1048576K
}
Event: 16.384 GC heap after
{Heap after GC invocations=19 (full 0):
 garbage-first heap   total 157696K, used 72704K [0x0000000080000000, 0x0000000100000000)
  region size 1024K, 8 young (8192K), 8 survivors (8192K)
 Metaspace       used 80355K, capacity 82377K, committed 82688K, reserved 1120256K
  class space    used 10429K, capacity 11149K, committed 11264K, reserved 1048576K
}
Event: 16.878 GC heap before
{Heap before GC invocations=19 (full 0):
 garbage-first heap   total 157696K, used 126976K [0x0000000080000000, 0x0000000100000000)
  region size 1024K, 59 young (60416K), 8 survivors (8192K)
 Metaspace       used 80658K, capacity 82680K, committed 82944K, reserved 1120256K
  class space    used 10448K, capacity 11186K, committed 11264K, reserved 1048576K
}
Event: 16.894 GC heap after
{Heap after GC invocations=20 (full 0):
 garbage-first heap   total 157696K, used 84018K [0x0000000080000000, 0x0000000100000000)
  region size 1024K, 8 young (8192K), 8 survivors (8192K)
 Metaspace       used 80658K, capacity 82680K, committed 82944K, reserved 1120256K
  class space    used 10448K, capacity 11186K, committed 11264K, reserved 1048576K
}
Event: 17.052 GC heap before
{Heap before GC invocations=20 (full 0):
 garbage-first heap   total 157696K, used 95282K [0x0000000080000000, 0x0000000100000000)
  region size 1024K, 21 young (21504K), 8 survivors (8192K)
 Metaspace       used 81134K, capacity 83216K, committed 83456K, reserved 1122304K
  class space    used 10496K, capacity 11238K, committed 11264K, reserved 1048576K
}
Event: 17.064 GC heap after
{Heap after GC invocations=21 (full 0):
 garbage-first heap   total 189440K, used 87215K [0x0000000080000000, 0x0000000100000000)
  region size 1024K, 3 young (3072K), 3 survivors (3072K)
 Metaspace       used 81134K, capacity 83216K, committed 83456K, reserved 1122304K
  class space    used 10496K, capacity 11238K, committed 11264K, reserved 1048576K
}
Event: 17.795 GC heap before
{Heap before GC invocations=22 (full 0):
 garbage-first heap   total 189440K, used 125103K [0x0000000080000000, 0x0000000100000000)
  region size 1024K, 33 young (33792K), 3 survivors (3072K)
 Metaspace       used 81051K, capacity 83002K, committed 83456K, reserved 1122304K
  class space    used 10449K, capacity 11145K, committed 11264K, reserved 1048576K
}
Event: 17.808 GC heap after
{Heap after GC invocations=23 (full 0):
 garbage-first heap   total 189440K, used 92753K [0x0000000080000000, 0x0000000100000000)
  region size 1024K, 6 young (6144K), 6 survivors (6144K)
 Metaspace       used 81051K, capacity 83002K, committed 83456K, reserved 1122304K
  class space    used 10449K, capacity 11145K, committed 11264K, reserved 1048576K
}
Event: 18.325 GC heap before
{Heap before GC invocations=24 (full 0):
 garbage-first heap   total 189440K, used 148049K [0x0000000080000000, 0x0000000100000000)
  region size 1024K, 46 young (47104K), 6 survivors (6144K)
 Metaspace       used 84388K, capacity 86397K, committed 86784K, reserved 1124352K
  class space    used 10721K, capacity 11412K, committed 11520K, reserved 1048576K
}
Event: 18.339 GC heap after
{Heap after GC invocations=25 (full 0):
 garbage-first heap   total 189440K, used 97478K [0x0000000080000000, 0x0000000100000000)
  region size 1024K, 5 young (5120K), 5 survivors (5120K)
 Metaspace       used 84388K, capacity 86397K, committed 86784K, reserved 1124352K
  class space    used 10721K, capacity 11412K, committed 11520K, reserved 1048576K
}
Event: 18.581 GC heap before
{Heap before GC invocations=25 (full 0):
 garbage-first heap   total 189440K, used 137414K [0x0000000080000000, 0x0000000100000000)
  region size 1024K, 45 young (46080K), 5 survivors (5120K)
 Metaspace       used 85236K, capacity 87242K, committed 87680K, reserved 1126400K
  class space    used 10775K, capacity 11478K, committed 11648K, reserved 1048576K
}
Event: 18.596 GC heap after
{Heap after GC invocations=26 (full 0):
 garbage-first heap   total 189440K, used 97862K [0x0000000080000000, 0x0000000100000000)
  region size 1024K, 2 young (2048K), 2 survivors (2048K)
 Metaspace       used 85236K, capacity 87242K, committed 87680K, reserved 1126400K
  class space    used 10775K, capacity 11478K, committed 11648K, reserved 1048576K
}
Event: 18.966 GC heap before
{Heap before GC invocations=27 (full 0):
 garbage-first heap   total 189440K, used 130630K [0x0000000080000000, 0x0000000100000000)
  region size 1024K, 44 young (45056K), 2 survivors (2048K)
 Metaspace       used 86439K, capacity 88393K, committed 88832K, reserved 1126400K
  class space    used 10890K, capacity 11581K, committed 11776K, reserved 1048576K
}

Deoptimization events (20 events):
Event: 18.938 Thread 0x000001b3b4598000 Uncommon trap: trap_request=0xffffffc6 fr.pc=0x000001b3a2bd8620 relative=0x0000000000000240
Event: 18.938 Thread 0x000001b3b4598000 Uncommon trap: reason=bimorphic_or_optimized_type_check action=maybe_recompile pc=0x000001b3a2bd8620 method=org.apache.xerces.dom.NodeImpl.getUserData(Ljava/lang/String;)Ljava/lang/Object; @ 1 c2
Event: 18.938 Thread 0x000001b3b4598000 DEOPT PACKING pc=0x000001b3a2bd8620 sp=0x00000095a38f7db0
Event: 18.938 Thread 0x000001b3b4598000 DEOPT UNPACKING pc=0x000001b39ab974af sp=0x00000095a38f7d70 mode 2
Event: 18.943 Thread 0x000001b3b4598000 Uncommon trap: trap_request=0xffffffc6 fr.pc=0x000001b3a2b6982c relative=0x000000000000166c
Event: 18.943 Thread 0x000001b3b4598000 Uncommon trap: reason=bimorphic_or_optimized_type_check action=maybe_recompile pc=0x000001b3a2b6982c method=org.apache.xerces.dom.NamedNodeMapImpl.findNamePoint(Ljava/lang/String;I)I @ 50 c2
Event: 18.943 Thread 0x000001b3b4598000 DEOPT PACKING pc=0x000001b3a2b6982c sp=0x00000095a38f7930
Event: 18.943 Thread 0x000001b3b4598000 DEOPT UNPACKING pc=0x000001b39ab974af sp=0x00000095a38f7818 mode 2
Event: 18.948 Thread 0x000001b3b4598000 Uncommon trap: trap_request=0xffffffde fr.pc=0x000001b3a2c058bc relative=0x000000000000007c
Event: 18.948 Thread 0x000001b3b4598000 Uncommon trap: reason=class_check action=maybe_recompile pc=0x000001b3a2c058bc method=org.apache.xerces.dom.ElementImpl.getNodeName()Ljava/lang/String; @ 8 c2
Event: 18.948 Thread 0x000001b3b4598000 DEOPT PACKING pc=0x000001b3a2c058bc sp=0x00000095a38f8010
Event: 18.948 Thread 0x000001b3b4598000 DEOPT UNPACKING pc=0x000001b39ab974af sp=0x00000095a38f7fb0 mode 2
Event: 18.953 Thread 0x000001b3b4598000 Uncommon trap: trap_request=0xffffffde fr.pc=0x000001b3a2c058bc relative=0x000000000000007c
Event: 18.953 Thread 0x000001b3b4598000 Uncommon trap: reason=class_check action=maybe_recompile pc=0x000001b3a2c058bc method=org.apache.xerces.dom.ElementImpl.getNodeName()Ljava/lang/String; @ 8 c2
Event: 18.953 Thread 0x000001b3b4598000 DEOPT PACKING pc=0x000001b3a2c058bc sp=0x00000095a38f8010
Event: 18.953 Thread 0x000001b3b4598000 DEOPT UNPACKING pc=0x000001b39ab974af sp=0x00000095a38f7fb0 mode 2
Event: 18.958 Thread 0x000001b3b7049800 DEOPT PACKING pc=0x000001b39c695f8f sp=0x00000095ad7fc180
Event: 18.958 Thread 0x000001b3b7049800 DEOPT UNPACKING pc=0x000001b39ab972ce sp=0x00000095ad7fb6a8 mode 0
Event: 18.961 Thread 0x000001b3b4598000 DEOPT PACKING pc=0x000001b39c3f5e72 sp=0x00000095a38f7980
Event: 18.961 Thread 0x000001b3b4598000 DEOPT UNPACKING pc=0x000001b39ab972ce sp=0x00000095a38f6eb0 mode 0

Classes redefined (0 events):
No events

Internal exceptions (20 events):
Event: 16.965 Thread 0x000001b3b7049800 Exception <a 'java/lang/NoSuchMethodError'{0x00000000894deb70}: <clinit>> (0x00000000894deb70) thrown at [./src/hotspot/share/prims/jni.cpp, line 1362]
Event: 16.967 Thread 0x000001b3b7049800 Exception <a 'java/lang/NoSuchMethodError'{0x0000000089300cf0}: <clinit>> (0x0000000089300cf0) thrown at [./src/hotspot/share/prims/jni.cpp, line 1362]
Event: 16.968 Thread 0x000001b3b7049800 Exception <a 'java/lang/NoSuchMethodError'{0x0000000089313838}: <clinit>> (0x0000000089313838) thrown at [./src/hotspot/share/prims/jni.cpp, line 1362]
Event: 17.025 Thread 0x000001b3b7049800 Implicit null exception at 0x000001b3a27aa3ec to 0x000001b3a27aaa2c
Event: 17.780 Thread 0x000001b3b7049800 Implicit null exception at 0x000001b3a2c210f2 to 0x000001b3a2c26548
Event: 17.780 Thread 0x000001b3b7049800 Implicit null exception at 0x000001b3a2c210f2 to 0x000001b3a2c26548
Event: 17.854 Thread 0x000001b3b7049800 Implicit null exception at 0x000001b3a2c210f2 to 0x000001b3a2c26548
Event: 17.963 Thread 0x000001b3b7049800 Exception <a 'java/lang/NoSuchMethodError'{0x000000008b7f15d0}: <clinit>> (0x000000008b7f15d0) thrown at [./src/hotspot/share/prims/jni.cpp, line 1362]
Event: 18.556 Thread 0x000001b3b4598000 Exception <a 'java/lang/NoSuchMethodError'{0x0000000089843978}: <clinit>> (0x0000000089843978) thrown at [./src/hotspot/share/prims/jni.cpp, line 1362]
Event: 18.568 Thread 0x000001b3b662e000 Implicit null exception at 0x000001b3a2c6ddef to 0x000001b3a2c6e850
Event: 18.568 Thread 0x000001b3b662e000 Implicit null exception at 0x000001b3a2c6ddef to 0x000001b3a2c6e850
Event: 18.569 Thread 0x000001b3b662e000 Implicit null exception at 0x000001b3a2c6ddef to 0x000001b3a2c6e850
Event: 18.569 Thread 0x000001b3b662e000 Implicit null exception at 0x000001b3a2c6ddef to 0x000001b3a2c6e850
Event: 18.871 Thread 0x000001b3b4598000 Exception <a 'sun/nio/fs/WindowsException'{0x0000000089786170}> (0x0000000089786170) thrown at [./src/hotspot/share/prims/jni.cpp, line 615]
Event: 18.871 Thread 0x000001b3b4598000 Exception <a 'sun/nio/fs/WindowsException'{0x0000000089787598}> (0x0000000089787598) thrown at [./src/hotspot/share/prims/jni.cpp, line 615]
Event: 18.871 Thread 0x000001b3b4598000 Exception <a 'sun/nio/fs/WindowsException'{0x00000000897878b8}> (0x00000000897878b8) thrown at [./src/hotspot/share/prims/jni.cpp, line 615]
Event: 18.871 Thread 0x000001b3b4598000 Exception <a 'sun/nio/fs/WindowsException'{0x0000000089788ca8}> (0x0000000089788ca8) thrown at [./src/hotspot/share/prims/jni.cpp, line 615]
Event: 18.871 Thread 0x000001b3b4598000 Exception <a 'sun/nio/fs/WindowsException'{0x0000000089788fa8}> (0x0000000089788fa8) thrown at [./src/hotspot/share/prims/jni.cpp, line 615]
Event: 18.872 Thread 0x000001b3b4598000 Exception <a 'sun/nio/fs/WindowsException'{0x000000008978a388}> (0x000000008978a388) thrown at [./src/hotspot/share/prims/jni.cpp, line 615]
Event: 18.936 Thread 0x000001b3b4598000 Implicit null exception at 0x000001b3a2b9325f to 0x000001b3a2b933a8

Events (20 events):
Event: 18.933 loading class com/android/manifmerger/Actions$ActionType done
Event: 18.934 loading class com/android/manifmerger/Actions$NodeRecord
Event: 18.934 loading class com/android/manifmerger/Actions$NodeRecord done
Event: 18.935 loading class com/android/manifmerger/Actions$Record
Event: 18.935 loading class com/android/manifmerger/Actions$Record done
Event: 18.935 loading class com/android/manifmerger/NodeOperationType
Event: 18.935 loading class com/android/manifmerger/NodeOperationType done
Event: 18.935 loading class com/android/manifmerger/ConvertibleName
Event: 18.935 loading class com/android/manifmerger/ConvertibleName done
Event: 18.936 loading class com/android/manifmerger/AttributeOperationType
Event: 18.936 loading class com/android/manifmerger/AttributeOperationType done
Event: 18.937 loading class com/android/manifmerger/Actions$AttributeRecord
Event: 18.937 loading class com/android/manifmerger/Actions$AttributeRecord done
Event: 18.937 loading class com/android/manifmerger/XmlNode$NodeName
Event: 18.937 loading class com/android/manifmerger/XmlNode$NodeName done
Event: 18.937 loading class com/android/manifmerger/XmlNode$NodeName
Event: 18.937 loading class com/android/manifmerger/XmlNode$NodeName done
Event: 18.940 loading class com/android/manifmerger/XmlAttribute
Event: 18.940 loading class com/android/manifmerger/XmlAttribute done
Event: 18.966 Executing VM operation: G1CollectForAllocation


Dynamic libraries:
0x00007ff7357d0000 - 0x00007ff7357da000 	C:\Program Files\Android\Android Studio\jre\bin\java.exe
0x00007ffa0fb90000 - 0x00007ffa0fd85000 	C:\WINDOWS\SYSTEM32\ntdll.dll
0x00007ffa0ef40000 - 0x00007ffa0effd000 	C:\WINDOWS\System32\KERNEL32.DLL
0x00007ffa0d6f0000 - 0x00007ffa0d9b9000 	C:\WINDOWS\System32\KERNELBASE.dll
0x00007ffa0d550000 - 0x00007ffa0d650000 	C:\WINDOWS\System32\ucrtbase.dll
0x00007ffa06710000 - 0x00007ffa06729000 	C:\Program Files\Android\Android Studio\jre\bin\jli.dll
0x00007ffa066f0000 - 0x00007ffa06707000 	C:\Program Files\Android\Android Studio\jre\bin\VCRUNTIME140.dll
0x00007ffa0dcf0000 - 0x00007ffa0de90000 	C:\WINDOWS\System32\USER32.dll
0x00007ffa0d2d0000 - 0x00007ffa0d2f2000 	C:\WINDOWS\System32\win32u.dll
0x00007ffa0ea80000 - 0x00007ffa0eaaa000 	C:\WINDOWS\System32\GDI32.dll
0x00007ff9f9df0000 - 0x00007ff9fa08a000 	C:\WINDOWS\WinSxS\amd64_microsoft.windows.common-controls_6595b64144ccf1df_6.0.19041.1110_none_60b5254171f9507e\COMCTL32.dll
0x00007ffa0d360000 - 0x00007ffa0d46b000 	C:\WINDOWS\System32\gdi32full.dll
0x00007ffa0f010000 - 0x00007ffa0f0ae000 	C:\WINDOWS\System32\msvcrt.dll
0x00007ffa0d650000 - 0x00007ffa0d6ed000 	C:\WINDOWS\System32\msvcp_win.dll
0x00007ffa0ee60000 - 0x00007ffa0ee90000 	C:\WINDOWS\System32\IMM32.DLL
0x00007ffa06650000 - 0x00007ffa066ed000 	C:\Program Files\Android\Android Studio\jre\bin\msvcp140.dll
0x00007ff9ae2c0000 - 0x00007ff9aed7c000 	C:\Program Files\Android\Android Studio\jre\bin\server\jvm.dll
0x00007ffa0ee90000 - 0x00007ffa0ef3c000 	C:\WINDOWS\System32\ADVAPI32.dll
0x00007ffa0e7b0000 - 0x00007ffa0e84b000 	C:\WINDOWS\System32\sechost.dll
0x00007ffa0e210000 - 0x00007ffa0e33a000 	C:\WINDOWS\System32\RPCRT4.dll
0x00007ffa0ed10000 - 0x00007ffa0ed18000 	C:\WINDOWS\System32\PSAPI.DLL
0x00007ffa02310000 - 0x00007ffa02337000 	C:\WINDOWS\SYSTEM32\WINMM.dll
0x00007ffa04a60000 - 0x00007ffa04a6a000 	C:\WINDOWS\SYSTEM32\VERSION.dll
0x00007ffa07ad0000 - 0x00007ffa07ad9000 	C:\WINDOWS\SYSTEM32\WSOCK32.dll
0x00007ffa0e9a0000 - 0x00007ffa0ea0b000 	C:\WINDOWS\System32\WS2_32.dll
0x00007ffa0bb90000 - 0x00007ffa0bba2000 	C:\WINDOWS\SYSTEM32\kernel.appcore.dll
0x00007ffa07840000 - 0x00007ffa07851000 	C:\Program Files\Android\Android Studio\jre\bin\verify.dll
0x00007ffa0afb0000 - 0x00007ffa0b194000 	C:\WINDOWS\SYSTEM32\DBGHELP.DLL
0x00007ff9fbe70000 - 0x00007ff9fbe9c000 	C:\WINDOWS\SYSTEM32\dbgcore.DLL
0x00007ffa0d4c0000 - 0x00007ffa0d543000 	C:\WINDOWS\System32\bcryptPrimitives.dll
0x00007ffa073d0000 - 0x00007ffa073f9000 	C:\Program Files\Android\Android Studio\jre\bin\java.dll
0x00007ffa088a0000 - 0x00007ffa088ab000 	C:\Program Files\Android\Android Studio\jre\bin\jimage.dll
0x00007ffa058e0000 - 0x00007ffa058f8000 	C:\Program Files\Android\Android Studio\jre\bin\zip.dll
0x00007ffa0f0b0000 - 0x00007ffa0f7ef000 	C:\WINDOWS\System32\SHELL32.dll
0x00007ffa0b3e0000 - 0x00007ffa0bb71000 	C:\WINDOWS\SYSTEM32\windows.storage.dll
0x00007ffa0f7f0000 - 0x00007ffa0fb45000 	C:\WINDOWS\System32\combase.dll
0x00007ffa0cd40000 - 0x00007ffa0cd6c000 	C:\WINDOWS\SYSTEM32\Wldp.dll
0x00007ffa0de90000 - 0x00007ffa0df3e000 	C:\WINDOWS\System32\SHCORE.dll
0x00007ffa0ea10000 - 0x00007ffa0ea65000 	C:\WINDOWS\System32\shlwapi.dll
0x00007ffa0d210000 - 0x00007ffa0d22f000 	C:\WINDOWS\SYSTEM32\profapi.dll
0x00007ffa058c0000 - 0x00007ffa058da000 	C:\Program Files\Android\Android Studio\jre\bin\net.dll
0x00007ffa014f0000 - 0x00007ffa015fa000 	C:\WINDOWS\SYSTEM32\WINHTTP.dll
0x00007ffa0ca30000 - 0x00007ffa0ca9a000 	C:\WINDOWS\system32\mswsock.dll
0x00007ffa01600000 - 0x00007ffa01614000 	C:\Program Files\Android\Android Studio\jre\bin\nio.dll
0x00007ffa07920000 - 0x00007ffa07947000 	C:\Users\Dark Knight\.gradle\native\fdc75f09e3144964f2cf3f50f0aa648679c211496f362492102eb8c894070792\windows-amd64\native-platform.dll
0x00007ff9e1140000 - 0x00007ff9e12d6000 	C:\Users\Dark Knight\.gradle\native\12488b8bf47d2d4c9fbf2f6322a914ad602e24e48041cd04a747c6da556b65c4\windows-amd64\native-platform-file-events.dll
0x00007ffa08670000 - 0x00007ffa0867a000 	C:\Program Files\Android\Android Studio\jre\bin\management.dll
0x00007ffa073c0000 - 0x00007ffa073cc000 	C:\Program Files\Android\Android Studio\jre\bin\management_ext.dll
0x00007ffa0cc40000 - 0x00007ffa0cc58000 	C:\WINDOWS\SYSTEM32\CRYPTSP.dll
0x00007ffa0c370000 - 0x00007ffa0c3a4000 	C:\WINDOWS\system32\rsaenh.dll
0x00007ffa0da70000 - 0x00007ffa0da97000 	C:\WINDOWS\System32\bcrypt.dll
0x00007ffa0d1d0000 - 0x00007ffa0d1fe000 	C:\WINDOWS\SYSTEM32\USERENV.dll
0x00007ffa0cc30000 - 0x00007ffa0cc3c000 	C:\WINDOWS\SYSTEM32\CRYPTBASE.dll
0x00007ffa0c720000 - 0x00007ffa0c75b000 	C:\WINDOWS\SYSTEM32\IPHLPAPI.DLL
0x00007ffa0f000000 - 0x00007ffa0f008000 	C:\WINDOWS\System32\NSI.dll
0x00007ffa034e0000 - 0x00007ffa034f7000 	C:\WINDOWS\SYSTEM32\dhcpcsvc6.DLL
0x00007ffa03da0000 - 0x00007ffa03dbd000 	C:\WINDOWS\SYSTEM32\dhcpcsvc.DLL
0x00007ffa0c760000 - 0x00007ffa0c82c000 	C:\WINDOWS\SYSTEM32\DNSAPI.dll
0x00007ffa04a70000 - 0x00007ffa04a7b000 	C:\WINDOWS\SYSTEM32\WINNSI.DLL

dbghelp: loaded successfully - version: 4.0.5 - missing functions: none
symbol engine: initialized successfully - sym options: 0x614 - pdb path: .;C:\Program Files\Android\Android Studio\jre\bin;C:\WINDOWS\SYSTEM32;C:\WINDOWS\WinSxS\amd64_microsoft.windows.common-controls_6595b64144ccf1df_6.0.19041.1110_none_60b5254171f9507e;C:\Program Files\Android\Android Studio\jre\bin\server;C:\Users\Dark Knight\.gradle\native\fdc75f09e3144964f2cf3f50f0aa648679c211496f362492102eb8c894070792\windows-amd64;C:\Users\Dark Knight\.gradle\native\12488b8bf47d2d4c9fbf2f6322a914ad602e24e48041cd04a747c6da556b65c4\windows-amd64

VM Arguments:
jvm_args: --add-opens=java.base/java.util=ALL-UNNAMED --add-opens=java.base/java.lang=ALL-UNNAMED --add-opens=java.base/java.lang.invoke=ALL-UNNAMED --add-opens=java.prefs/java.util.prefs=ALL-UNNAMED -Xmx2048m -Dfile.encoding=UTF-8 -Duser.country=IN -Duser.language=en -Duser.variant 
java_command: org.gradle.launcher.daemon.bootstrap.GradleDaemon 6.7.1
java_class_path (initial): C:\Users\Dark Knight\.gradle\wrapper\dists\gradle-6.7.1-bin\bwlcbys1h7rz3272sye1xwiv6\gradle-6.7.1\lib\gradle-launcher-6.7.1.jar
Launcher Type: SUN_STANDARD

[Global flags]
     intx CICompilerCount                          = 4                                         {product} {ergonomic}
     uint ConcGCThreads                            = 2                                         {product} {ergonomic}
     uint G1ConcRefinementThreads                  = 8                                         {product} {ergonomic}
   size_t G1HeapRegionSize                         = 1048576                                   {product} {ergonomic}
    uintx GCDrainStackTargetSize                   = 64                                        {product} {ergonomic}
   size_t InitialHeapSize                          = 134217728                                 {product} {ergonomic}
   size_t MarkStackSize                            = 4194304                                   {product} {ergonomic}
   size_t MaxHeapSize                              = 2147483648                                {product} {command line}
   size_t MaxNewSize                               = 1287651328                                {product} {ergonomic}
   size_t MinHeapDeltaBytes                        = 1048576                                   {product} {ergonomic}
    uintx NonNMethodCodeHeapSize                   = 5836300                                {pd product} {ergonomic}
    uintx NonProfiledCodeHeapSize                  = 122910970                              {pd product} {ergonomic}
    uintx ProfiledCodeHeapSize                     = 122910970                              {pd product} {ergonomic}
    uintx ReservedCodeCacheSize                    = 251658240                              {pd product} {ergonomic}
     bool SegmentedCodeCache                       = true                                      {product} {ergonomic}
     bool UseCompressedClassPointers               = true                                 {lp64_product} {ergonomic}
     bool UseCompressedOops                        = true                                 {lp64_product} {ergonomic}
     bool UseG1GC                                  = true                                      {product} {ergonomic}
     bool UseLargePagesIndividualAllocation        = false                                  {pd product} {ergonomic}

Logging:
Log output configuration:
 #0: stdout all=warning uptime,level,tags
 #1: stderr all=off uptime,level,tags

Environment Variables:
PATH=C:\Windows\system32;C:\Windows;C:\Windows\System32\Wbem;C:\Windows\System32\WindowsPowerShell\v1.0\;C:\Windows\System32\OpenSSH\;C:\Program Files (x86)\NVIDIA Corporation\PhysX\Common;C:\Program Files\NVIDIA Corporation\NVIDIA NvDLISR;C:\WINDOWS\system32;C:\WINDOWS;C:\WINDOWS\System32\Wbem;C:\WINDOWS\System32\WindowsPowerShell\v1.0\;C:\WINDOWS\System32\OpenSSH\;C:\MinGW\bin;C:\Program Files\MEGA-X;C:\WINDOWS\system32;C:\WINDOWS;C:\WINDOWS\System32\Wbem;C:\WINDOWS\System32\WindowsPowerShell\v1.0\;C:\WINDOWS\System32\OpenSSH\;C:\Program Files\Git\cmd;C:\Users\Dark Knight\AppData\Local\Microsoft\WindowsApps;C:\Users\Dark Knight\AppData\Local\GitHubDesktop\bin;C:\Users\Dark Knight\AppData\Local\atom\bin;C:\ProgramData\Dark Knight\atom\bin;C:\MinGW\bin;C:\Program Files (x86)\Microsoft Visual Studio\2019\BuildTools\MSBuild\Current\Bin;C:\Users\Dark Knight\AppData\Local\Programs\Microsoft VS Code\bin;C:\Users\Dark Knight\AppData\Local\Microsoft\WindowsApps;
USERNAME=Dark Knight
OS=Windows_NT
PROCESSOR_IDENTIFIER=Intel64 Family 6 Model 158 Stepping 10, GenuineIntel



---------------  S Y S T E M  ---------------

OS: Windows 10 , 64 bit Build 19041 (10.0.19041.1023)
OS uptime: 8 days 3:13 hours

CPU:total 8 (initial active 8) (4 cores per cpu, 2 threads per core) family 6 model 158 stepping 10, cmov, cx8, fxsr, mmx, sse, sse2, sse3, ssse3, sse4.1, sse4.2, popcnt, avx, avx2, aes, clmul, erms, 3dnowpref, lzcnt, ht, tsc, tscinvbit, bmi1, bmi2, adx, fma

Memory: 4k page, system-wide physical 8112M (791M free)
TotalPageFile size 12208M (AvailPageFile size 69M)
current process WorkingSet (physical memory assigned to process): 453M, peak: 460M
current process commit charge ("private bytes"): 495M, peak: 532M

vm_info: OpenJDK 64-Bit Server VM (11.0.8+10-b944.6842174) for windows-amd64 JRE (11.0.8+10-b944.6842174), built on Sep 19 2020 01:11:42 by "builder" with MS VC++ 14.0 (VS2015)

END.
