#
# There is insufficient memory for the Java Runtime Environment to continue.
# Native memory allocation (malloc) failed to allocate 1469616 bytes for Chunk::new
# Possible reasons:
#   The system is out of physical RAM or swap space
#   The process is running with CompressedOops enabled, and the Java Heap may be blocking the growth of the native heap
# Possible solutions:
#   Reduce memory load on the system
#   Increase physical memory or swap space
#   Check if swap backing store is full
#   Decrease Java heap size (-Xmx/-Xms)
#   Decrease number of Java threads
#   Decrease Java thread stack sizes (-Xss)
#   Set larger code cache with -XX:ReservedCodeCacheSize=
#   JVM is running with Unscaled Compressed Oops mode in which the Java heap is
#     placed in the first 4GB address space. The Java Heap base address is the
#     maximum limit for the native heap growth. Please use -XX:HeapBaseMinAddress
#     to set the Java Heap base and to place the Java Heap above 4GB virtual address.
# This output file may be truncated or incomplete.
#
#  Out of Memory Error (./src/hotspot/share/memory/arena.cpp:197), pid=17600, tid=32468
#
# JRE version: OpenJDK Runtime Environment (11.0.8+10) (build 11.0.8+10-b944.6842174)
# Java VM: OpenJDK 64-Bit Server VM (11.0.8+10-b944.6842174, mixed mode, tiered, compressed oops, g1 gc, windows-amd64)
# No core dump will be written. Minidumps are not enabled by default on client versions of Windows
#

---------------  S U M M A R Y ------------

Command Line: --add-opens=java.base/java.util=ALL-UNNAMED --add-opens=java.base/java.lang=ALL-UNNAMED --add-opens=java.base/java.lang.invoke=ALL-UNNAMED --add-opens=java.prefs/java.util.prefs=ALL-UNNAMED -Xmx1024m -Dfile.encoding=windows-1252 -Duser.country=IN -Duser.language=en -Duser.variant org.gradle.launcher.daemon.bootstrap.GradleDaemon 6.7.1

Host: Intel(R) Core(TM) i5-9300H CPU @ 2.40GHz, 8 cores, 7G,  Windows 10 , 64 bit Build 19041 (10.0.19041.1023)
Time: Wed Jul 28 17:07:08 2021 India Standard Time elapsed time: 14 seconds (0d 0h 0m 14s)

---------------  T H R E A D  ---------------

Current thread (0x000001e04ece3000):  JavaThread "C2 CompilerThread0" daemon [_thread_in_native, id=32468, stack(0x00000021ad400000,0x00000021ad500000)]


Current CompileTask:
C2:  14961 8805   !   4       org.gradle.internal.classloader.CachingClassLoader::loadClass (85 bytes)

Stack: [0x00000021ad400000,0x00000021ad500000]
Native frames: (J=compiled Java code, j=interpreted, Vv=VM code, C=native code)
V  [jvm.dll+0x5de50a]
V  [jvm.dll+0x7122f5]
V  [jvm.dll+0x71384d]
V  [jvm.dll+0x713f03]
V  [jvm.dll+0x23e728]
V  [jvm.dll+0xb899c]
V  [jvm.dll+0xb8e9c]
V  [jvm.dll+0x35024d]
V  [jvm.dll+0x31dea3]
V  [jvm.dll+0x31d39a]
V  [jvm.dll+0x1f7702]
V  [jvm.dll+0x1f68d4]
V  [jvm.dll+0x17f32c]
V  [jvm.dll+0x205047]
V  [jvm.dll+0x203891]
V  [jvm.dll+0x6dad3f]
V  [jvm.dll+0x6d3895]
V  [jvm.dll+0x5dd4a6]
C  [ucrtbase.dll+0x21bb2]
C  [KERNEL32.DLL+0x17034]
C  [ntdll.dll+0x52651]


---------------  P R O C E S S  ---------------

Threads class SMR info:
_java_thread_list=0x000001e051c65780, length=161, elements={
0x000001e036fcb000, 0x000001e04ecc3000, 0x000001e04ecce800, 0x000001e04ece1000,
0x000001e04ece2000, 0x000001e04ece3000, 0x000001e04ece9000, 0x000001e04ecf3000,
0x000001e04f792800, 0x000001e04f7ab800, 0x000001e051143800, 0x000001e0514c6000,
0x000001e050a9f800, 0x000001e051d68800, 0x000001e052675000, 0x000001e051bae000,
0x000001e052708800, 0x000001e050939000, 0x000001e052673800, 0x000001e050b5f800,
0x000001e051b40800, 0x000001e051b3c800, 0x000001e051b3f800, 0x000001e051b41800,
0x000001e051b3e000, 0x000001e051b43000, 0x000001e051b42000, 0x000001e051b3f000,
0x000001e051b3d000, 0x000001e0520e1800, 0x000001e0520de000, 0x000001e0520e4000,
0x000001e0520e0000, 0x000001e0520e2800, 0x000001e0520e3000, 0x000001e0520e0800,
0x000001e0520df000, 0x000001e0520e7000, 0x000001e0520e6800, 0x000001e0520e5000,
0x000001e0520e9000, 0x000001e0520ea800, 0x000001e0520e8000, 0x000001e0520e9800,
0x000001e0520eb800, 0x000001e0520e5800, 0x000001e0520ec000, 0x000001e0520ed000,
0x000001e05233c800, 0x000001e05233d800, 0x000001e052341800, 0x000001e05233e000,
0x000001e052342800, 0x000001e052343000, 0x000001e05561c800, 0x000001e05561d000,
0x000001e05561a800, 0x000001e055617800, 0x000001e055619000, 0x000001e05561e000,
0x000001e05561a000, 0x000001e055618000, 0x000001e05561e800, 0x000001e055621000,
0x000001e055620800, 0x000001e05561f800, 0x000001e05561b800, 0x000001e055626000,
0x000001e055623800, 0x000001e055623000, 0x000001e055622000, 0x000001e055624800,
0x000001e055625000, 0x000001e0560c9000, 0x000001e0560c5800, 0x000001e0560c9800,
0x000001e0560c7000, 0x000001e0560c4800, 0x000001e0560c4000, 0x000001e0560c8000,
0x000001e0560ca800, 0x000001e0560cb800, 0x000001e0560cc000, 0x000001e0560c6800,
0x000001e0560d2800, 0x000001e0560cd000, 0x000001e0560ce800, 0x000001e0560d0000,
0x000001e0560cf800, 0x000001e0560cd800, 0x000001e0560d1000, 0x000001e0560d2000,
0x000001e052d9f800, 0x000001e052d9e000, 0x000001e052da0800, 0x000001e052da3000,
0x000001e052d9f000, 0x000001e052da1800, 0x000001e052da2000, 0x000001e052d9d800,
0x000001e052da6800, 0x000001e052da7000, 0x000001e052da8000, 0x000001e052da4800,
0x000001e052da8800, 0x000001e052da5800, 0x000001e052da9800, 0x000001e052da4000,
0x000001e052daa800, 0x000001e052dab000, 0x000001e052dac000, 0x000001e054b70800,
0x000001e054b71800, 0x000001e054b72800, 0x000001e054b73000, 0x000001e054b74000,
0x000001e054b75000, 0x000001e054b70000, 0x000001e054b6f000, 0x000001e054b79000,
0x000001e054b7a800, 0x000001e054b7b800, 0x000001e054b76800, 0x000001e054b77800,
0x000001e054b75800, 0x000001e054b7c000, 0x000001e054b78000, 0x000001e054b7d000,
0x000001e054b7e000, 0x000001e054b79800, 0x000001e0528dd000, 0x000001e0528da800,
0x000001e0528db000, 0x000001e0528dc000, 0x000001e0528e1800, 0x000001e0528e2800,
0x000001e0528e3800, 0x000001e0528dd800, 0x000001e0528e4000, 0x000001e0528de800,
0x000001e0528e5000, 0x000001e0528df000, 0x000001e0528e6000, 0x000001e0528e0000,
0x000001e0528e6800, 0x000001e0528e1000, 0x000001e0528e7800, 0x000001e0528e8000,
0x000001e0528e9000, 0x000001e054faa800, 0x000001e054fb1000, 0x000001e054fb0000,
0x000001e054fab000, 0x000001e054faf000, 0x000001e054fac000, 0x000001e054fad800,
0x000001e054fae800, 0x000001e054fb1800, 0x000001e054fb2800, 0x000001e051cff800,
0x000001e056468000
}

Java Threads: ( => current thread )
  0x000001e036fcb000 JavaThread "main" [_thread_blocked, id=10216, stack(0x00000021ac900000,0x00000021aca00000)]
  0x000001e04ecc3000 JavaThread "Reference Handler" daemon [_thread_blocked, id=10880, stack(0x00000021ad000000,0x00000021ad100000)]
  0x000001e04ecce800 JavaThread "Finalizer" daemon [_thread_blocked, id=22496, stack(0x00000021ad100000,0x00000021ad200000)]
  0x000001e04ece1000 JavaThread "Signal Dispatcher" daemon [_thread_blocked, id=4652, stack(0x00000021ad200000,0x00000021ad300000)]
  0x000001e04ece2000 JavaThread "Attach Listener" daemon [_thread_blocked, id=1624, stack(0x00000021ad300000,0x00000021ad400000)]
=>0x000001e04ece3000 JavaThread "C2 CompilerThread0" daemon [_thread_in_native, id=32468, stack(0x00000021ad400000,0x00000021ad500000)]
  0x000001e04ece9000 JavaThread "C1 CompilerThread0" daemon [_thread_in_native, id=37496, stack(0x00000021ad500000,0x00000021ad600000)]
  0x000001e04ecf3000 JavaThread "Sweeper thread" daemon [_thread_blocked, id=39240, stack(0x00000021ad600000,0x00000021ad700000)]
  0x000001e04f792800 JavaThread "Common-Cleaner" daemon [_thread_blocked, id=30144, stack(0x00000021ad700000,0x00000021ad800000)]
  0x000001e04f7ab800 JavaThread "Service Thread" daemon [_thread_blocked, id=31400, stack(0x00000021ad800000,0x00000021ad900000)]
  0x000001e051143800 JavaThread "Daemon health stats" [_thread_blocked, id=40280, stack(0x00000021adf00000,0x00000021ae000000)]
  0x000001e0514c6000 JavaThread "Incoming local TCP Connector on port 63346" [_thread_in_native, id=40352, stack(0x00000021ae000000,0x00000021ae100000)]
  0x000001e050a9f800 JavaThread "Daemon periodic checks" [_thread_blocked, id=11688, stack(0x00000021ae100000,0x00000021ae200000)]
  0x000001e051d68800 JavaThread "Daemon" [_thread_blocked, id=15020, stack(0x00000021ae200000,0x00000021ae300000)]
  0x000001e052675000 JavaThread "Handler for socket connection from /127.0.0.1:63346 to /127.0.0.1:63347" [_thread_in_native, id=6768, stack(0x00000021ae300000,0x00000021ae400000)]
  0x000001e051bae000 JavaThread "Cancel handler" [_thread_blocked, id=3740, stack(0x00000021ae400000,0x00000021ae500000)]
  0x000001e052708800 JavaThread "Daemon worker" [_thread_in_Java, id=31600, stack(0x00000021ae500000,0x00000021ae600000)]
  0x000001e050939000 JavaThread "Asynchronous log dispatcher for DefaultDaemonConnection: socket connection from /127.0.0.1:63346 to /127.0.0.1:63347" [_thread_blocked, id=39772, stack(0x00000021ae600000,0x00000021ae700000)]
  0x000001e052673800 JavaThread "Stdin handler" [_thread_blocked, id=12008, stack(0x00000021ae700000,0x00000021ae800000)]
  0x000001e050b5f800 JavaThread "Thread-8" [_thread_blocked, id=40780, stack(0x00000021ae800000,0x00000021ae900000)]
  0x000001e051b40800 JavaThread "Cache worker for file hash cache (C:\Users\Dark Knight\.gradle\caches\6.7.1\fileHashes)" [_thread_blocked, id=35960, stack(0x00000021aee00000,0x00000021aef00000)]
  0x000001e051b3c800 JavaThread "File lock request listener" [_thread_in_native, id=30828, stack(0x00000021aef00000,0x00000021af000000)]
  0x000001e051b3f800 JavaThread "Cache worker for journal cache (C:\Users\Dark Knight\.gradle\caches\journal-1)" [_thread_blocked, id=16708, stack(0x00000021af100000,0x00000021af200000)]
  0x000001e051b41800 JavaThread "Cache worker for file hash cache (C:\Android Projects\Udemy TUTORIAL\KidsDrawingApp\.gradle\6.7.1\fileHashes)" [_thread_blocked, id=6044, stack(0x00000021af300000,0x00000021af400000)]
  0x000001e051b3e000 JavaThread "jar transforms" [_thread_blocked, id=23436, stack(0x00000021af500000,0x00000021af600000)]
  0x000001e051b43000 JavaThread "jar transforms Thread 2" [_thread_blocked, id=39712, stack(0x00000021af600000,0x00000021af700000)]
  0x000001e051b42000 JavaThread "jar transforms Thread 3" [_thread_blocked, id=10816, stack(0x00000021af700000,0x00000021af800000)]
  0x000001e051b3f000 JavaThread "jar transforms Thread 4" [_thread_blocked, id=41280, stack(0x00000021af800000,0x00000021af900000)]
  0x000001e051b3d000 JavaThread "jar transforms Thread 5" [_thread_blocked, id=27624, stack(0x00000021af900000,0x00000021afa00000)]
  0x000001e0520e1800 JavaThread "jar transforms Thread 6" [_thread_blocked, id=29964, stack(0x00000021afa00000,0x00000021afb00000)]
  0x000001e0520de000 JavaThread "jar transforms Thread 7" [_thread_blocked, id=33380, stack(0x00000021afb00000,0x00000021afc00000)]
  0x000001e0520e4000 JavaThread "jar transforms Thread 8" [_thread_blocked, id=20032, stack(0x00000021afc00000,0x00000021afd00000)]
  0x000001e0520e0000 JavaThread "jar transforms Thread 9" [_thread_blocked, id=20496, stack(0x00000021afd00000,0x00000021afe00000)]
  0x000001e0520e2800 JavaThread "jar transforms Thread 10" [_thread_blocked, id=3392, stack(0x00000021afe00000,0x00000021aff00000)]
  0x000001e0520e3000 JavaThread "jar transforms Thread 11" [_thread_blocked, id=12628, stack(0x00000021aff00000,0x00000021b0000000)]
  0x000001e0520e0800 JavaThread "jar transforms Thread 12" [_thread_blocked, id=33452, stack(0x00000021b0000000,0x00000021b0100000)]
  0x000001e0520df000 JavaThread "jar transforms Thread 13" [_thread_blocked, id=26064, stack(0x00000021b0100000,0x00000021b0200000)]
  0x000001e0520e7000 JavaThread "jar transforms Thread 14" [_thread_blocked, id=35084, stack(0x00000021b0200000,0x00000021b0300000)]
  0x000001e0520e6800 JavaThread "jar transforms Thread 15" [_thread_blocked, id=31128, stack(0x00000021b0300000,0x00000021b0400000)]
  0x000001e0520e5000 JavaThread "jar transforms Thread 16" [_thread_blocked, id=35788, stack(0x00000021b0400000,0x00000021b0500000)]
  0x000001e0520e9000 JavaThread "jar transforms Thread 17" [_thread_blocked, id=36196, stack(0x00000021b0500000,0x00000021b0600000)]
  0x000001e0520ea800 JavaThread "jar transforms Thread 18" [_thread_blocked, id=41808, stack(0x00000021b0600000,0x00000021b0700000)]
  0x000001e0520e8000 JavaThread "jar transforms Thread 19" [_thread_blocked, id=38292, stack(0x00000021b0700000,0x00000021b0800000)]
  0x000001e0520e9800 JavaThread "jar transforms Thread 20" [_thread_blocked, id=41580, stack(0x00000021b0800000,0x00000021b0900000)]
  0x000001e0520eb800 JavaThread "jar transforms Thread 21" [_thread_blocked, id=19388, stack(0x00000021b0900000,0x00000021b0a00000)]
  0x000001e0520e5800 JavaThread "Cache worker for checksums cache (C:\Android Projects\Udemy TUTORIAL\KidsDrawingApp\.gradle\checksums)" [_thread_blocked, id=27468, stack(0x00000021b0a00000,0x00000021b0b00000)]
  0x000001e0520ec000 JavaThread "Cache worker for cache directory md-supplier (C:\Users\Dark Knight\.gradle\caches\6.7.1\md-supplier)" [_thread_blocked, id=37668, stack(0x00000021b0b00000,0x00000021b0c00000)]
  0x000001e0520ed000 JavaThread "Cache worker for cache directory md-rule (C:\Users\Dark Knight\.gradle\caches\6.7.1\md-rule)" [_thread_blocked, id=26396, stack(0x00000021b0c00000,0x00000021b0d00000)]
  0x000001e05233c800 JavaThread "Cache worker for execution history cache (C:\Users\Dark Knight\.gradle\caches\6.7.1\executionHistory)" [_thread_blocked, id=17452, stack(0x00000021b0d00000,0x00000021b0e00000)]
  0x000001e05233d800 JavaThread "Cache worker for file content cache (C:\Users\Dark Knight\.gradle\caches\6.7.1\fileContent)" [_thread_blocked, id=12160, stack(0x00000021b0e00000,0x00000021b0f00000)]
  0x000001e052341800 JavaThread "Cache worker for Build Output Cleanup Cache (C:\Android Projects\Udemy TUTORIAL\KidsDrawingApp\.gradle\buildOutputCleanup)" [_thread_blocked, id=17432, stack(0x00000021b0f00000,0x00000021b1000000)]
  0x000001e05233e000 JavaThread "Build operations" [_thread_blocked, id=23472, stack(0x00000021af400000,0x00000021af500000)]
  0x000001e052342800 JavaThread "Build operations Thread 2" [_thread_blocked, id=21944, stack(0x00000021b1000000,0x00000021b1100000)]
  0x000001e052343000 JavaThread "Build operations Thread 3" [_thread_blocked, id=16268, stack(0x00000021b1100000,0x00000021b1200000)]
  0x000001e05561c800 JavaThread "Build operations Thread 4" [_thread_blocked, id=39824, stack(0x00000021b1200000,0x00000021b1300000)]
  0x000001e05561d000 JavaThread "Build operations Thread 5" [_thread_blocked, id=41800, stack(0x00000021b1300000,0x00000021b1400000)]
  0x000001e05561a800 JavaThread "Build operations Thread 6" [_thread_blocked, id=40452, stack(0x00000021b1400000,0x00000021b1500000)]
  0x000001e055617800 JavaThread "Build operations Thread 7" [_thread_blocked, id=21684, stack(0x00000021b1500000,0x00000021b1600000)]
  0x000001e055619000 JavaThread "Build operations Thread 8" [_thread_blocked, id=6200, stack(0x00000021b1600000,0x00000021b1700000)]
  0x000001e05561e000 JavaThread "jar transforms Thread 22" [_thread_blocked, id=34348, stack(0x00000021b1700000,0x00000021b1800000)]
  0x000001e05561a000 JavaThread "jar transforms Thread 23" [_thread_blocked, id=2436, stack(0x00000021b1800000,0x00000021b1900000)]
  0x000001e055618000 JavaThread "jar transforms Thread 24" [_thread_blocked, id=32856, stack(0x00000021b1900000,0x00000021b1a00000)]
  0x000001e05561e800 JavaThread "jar transforms Thread 25" [_thread_blocked, id=41228, stack(0x00000021b1a00000,0x00000021b1b00000)]
  0x000001e055621000 JavaThread "jar transforms Thread 26" [_thread_blocked, id=37080, stack(0x00000021b1b00000,0x00000021b1c00000)]
  0x000001e055620800 JavaThread "jar transforms Thread 27" [_thread_blocked, id=21008, stack(0x00000021b1c00000,0x00000021b1d00000)]
  0x000001e05561f800 JavaThread "jar transforms Thread 28" [_thread_blocked, id=28868, stack(0x00000021b1d00000,0x00000021b1e00000)]
  0x000001e05561b800 JavaThread "jar transforms Thread 29" [_thread_blocked, id=3152, stack(0x00000021b1e00000,0x00000021b1f00000)]
  0x000001e055626000 JavaThread "jar transforms Thread 30" [_thread_blocked, id=36744, stack(0x00000021b1f00000,0x00000021b2000000)]
  0x000001e055623800 JavaThread "jar transforms Thread 31" [_thread_blocked, id=39480, stack(0x00000021b2000000,0x00000021b2100000)]
  0x000001e055623000 JavaThread "jar transforms Thread 32" [_thread_blocked, id=40916, stack(0x00000021b2100000,0x00000021b2200000)]
  0x000001e055622000 JavaThread "jar transforms Thread 33" [_thread_blocked, id=28276, stack(0x00000021b2200000,0x00000021b2300000)]
  0x000001e055624800 JavaThread "jar transforms Thread 34" [_thread_blocked, id=20152, stack(0x00000021b2300000,0x00000021b2400000)]
  0x000001e055625000 JavaThread "jar transforms Thread 35" [_thread_blocked, id=4532, stack(0x00000021b2400000,0x00000021b2500000)]
  0x000001e0560c9000 JavaThread "jar transforms Thread 36" [_thread_blocked, id=22832, stack(0x00000021b2500000,0x00000021b2600000)]
  0x000001e0560c5800 JavaThread "jar transforms Thread 37" [_thread_blocked, id=38492, stack(0x00000021b2600000,0x00000021b2700000)]
  0x000001e0560c9800 JavaThread "jar transforms Thread 38" [_thread_blocked, id=31732, stack(0x00000021b2700000,0x00000021b2800000)]
  0x000001e0560c7000 JavaThread "jar transforms Thread 39" [_thread_blocked, id=31912, stack(0x00000021b2800000,0x00000021b2900000)]
  0x000001e0560c4800 JavaThread "jar transforms Thread 40" [_thread_blocked, id=32624, stack(0x00000021b2900000,0x00000021b2a00000)]
  0x000001e0560c4000 JavaThread "jar transforms Thread 41" [_thread_blocked, id=32164, stack(0x00000021b2a00000,0x00000021b2b00000)]
  0x000001e0560c8000 JavaThread "jar transforms Thread 42" [_thread_blocked, id=33812, stack(0x00000021b2b00000,0x00000021b2c00000)]
  0x000001e0560ca800 JavaThread "jar transforms Thread 43" [_thread_blocked, id=41728, stack(0x00000021b2c00000,0x00000021b2d00000)]
  0x000001e0560cb800 JavaThread "jar transforms Thread 44" [_thread_blocked, id=536, stack(0x00000021b2d00000,0x00000021b2e00000)]
  0x000001e0560cc000 JavaThread "jar transforms Thread 45" [_thread_blocked, id=4576, stack(0x00000021b2e00000,0x00000021b2f00000)]
  0x000001e0560c6800 JavaThread "jar transforms Thread 46" [_thread_blocked, id=19284, stack(0x00000021b2f00000,0x00000021b3000000)]
  0x000001e0560d2800 JavaThread "jar transforms Thread 47" [_thread_blocked, id=24764, stack(0x00000021b3000000,0x00000021b3100000)]
  0x000001e0560cd000 JavaThread "jar transforms Thread 48" [_thread_blocked, id=20024, stack(0x00000021b3100000,0x00000021b3200000)]
  0x000001e0560ce800 JavaThread "jar transforms Thread 49" [_thread_blocked, id=13772, stack(0x00000021b3200000,0x00000021b3300000)]
  0x000001e0560d0000 JavaThread "jar transforms Thread 50" [_thread_blocked, id=28020, stack(0x00000021b3300000,0x00000021b3400000)]
  0x000001e0560cf800 JavaThread "jar transforms Thread 51" [_thread_blocked, id=19832, stack(0x00000021b3400000,0x00000021b3500000)]
  0x000001e0560cd800 JavaThread "jar transforms Thread 52" [_thread_blocked, id=19476, stack(0x00000021b3500000,0x00000021b3600000)]
  0x000001e0560d1000 JavaThread "jar transforms Thread 53" [_thread_blocked, id=29292, stack(0x00000021b3600000,0x00000021b3700000)]
  0x000001e0560d2000 JavaThread "jar transforms Thread 54" [_thread_blocked, id=34188, stack(0x00000021b3700000,0x00000021b3800000)]
  0x000001e052d9f800 JavaThread "jar transforms Thread 55" [_thread_blocked, id=37700, stack(0x00000021b3800000,0x00000021b3900000)]
  0x000001e052d9e000 JavaThread "jar transforms Thread 56" [_thread_blocked, id=12892, stack(0x00000021b3900000,0x00000021b3a00000)]
  0x000001e052da0800 JavaThread "jar transforms Thread 57" [_thread_blocked, id=33552, stack(0x00000021b3a00000,0x00000021b3b00000)]
  0x000001e052da3000 JavaThread "jar transforms Thread 58" [_thread_blocked, id=31516, stack(0x00000021b3b00000,0x00000021b3c00000)]
  0x000001e052d9f000 JavaThread "jar transforms Thread 59" [_thread_blocked, id=40516, stack(0x00000021b3c00000,0x00000021b3d00000)]
  0x000001e052da1800 JavaThread "jar transforms Thread 60" [_thread_blocked, id=22820, stack(0x00000021b3d00000,0x00000021b3e00000)]
  0x000001e052da2000 JavaThread "jar transforms Thread 61" [_thread_blocked, id=24632, stack(0x00000021b3e00000,0x00000021b3f00000)]
  0x000001e052d9d800 JavaThread "jar transforms Thread 62" [_thread_blocked, id=34888, stack(0x00000021b3f00000,0x00000021b4000000)]
  0x000001e052da6800 JavaThread "jar transforms Thread 63" [_thread_blocked, id=30184, stack(0x00000021b4000000,0x00000021b4100000)]
  0x000001e052da7000 JavaThread "jar transforms Thread 64" [_thread_blocked, id=39060, stack(0x00000021b4100000,0x00000021b4200000)]
  0x000001e052da8000 JavaThread "jar transforms Thread 65" [_thread_blocked, id=35684, stack(0x00000021b4200000,0x00000021b4300000)]
  0x000001e052da4800 JavaThread "jar transforms Thread 66" [_thread_blocked, id=35468, stack(0x00000021b4300000,0x00000021b4400000)]
  0x000001e052da8800 JavaThread "jar transforms Thread 67" [_thread_blocked, id=33732, stack(0x00000021b4400000,0x00000021b4500000)]
  0x000001e052da5800 JavaThread "jar transforms Thread 68" [_thread_blocked, id=28508, stack(0x00000021b4500000,0x00000021b4600000)]
  0x000001e052da9800 JavaThread "jar transforms Thread 69" [_thread_blocked, id=16724, stack(0x00000021b4600000,0x00000021b4700000)]
  0x000001e052da4000 JavaThread "jar transforms Thread 70" [_thread_blocked, id=36664, stack(0x00000021b4700000,0x00000021b4800000)]
  0x000001e052daa800 JavaThread "jar transforms Thread 71" [_thread_blocked, id=29600, stack(0x00000021b4800000,0x00000021b4900000)]
  0x000001e052dab000 JavaThread "jar transforms Thread 72" [_thread_blocked, id=17476, stack(0x00000021b4900000,0x00000021b4a00000)]
  0x000001e052dac000 JavaThread "jar transforms Thread 73" [_thread_blocked, id=27836, stack(0x00000021b4a00000,0x00000021b4b00000)]
  0x000001e054b70800 JavaThread "jar transforms Thread 74" [_thread_blocked, id=32560, stack(0x00000021b4b00000,0x00000021b4c00000)]
  0x000001e054b71800 JavaThread "jar transforms Thread 75" [_thread_blocked, id=31388, stack(0x00000021b4c00000,0x00000021b4d00000)]
  0x000001e054b72800 JavaThread "jar transforms Thread 76" [_thread_blocked, id=35664, stack(0x00000021b4d00000,0x00000021b4e00000)]
  0x000001e054b73000 JavaThread "jar transforms Thread 77" [_thread_blocked, id=39032, stack(0x00000021b4e00000,0x00000021b4f00000)]
  0x000001e054b74000 JavaThread "jar transforms Thread 78" [_thread_blocked, id=16396, stack(0x00000021b4f00000,0x00000021b5000000)]
  0x000001e054b75000 JavaThread "jar transforms Thread 79" [_thread_blocked, id=39488, stack(0x00000021b5000000,0x00000021b5100000)]
  0x000001e054b70000 JavaThread "jar transforms Thread 80" [_thread_blocked, id=27864, stack(0x00000021b5100000,0x00000021b5200000)]
  0x000001e054b6f000 JavaThread "jar transforms Thread 81" [_thread_blocked, id=14504, stack(0x00000021b5200000,0x00000021b5300000)]
  0x000001e054b79000 JavaThread "jar transforms Thread 82" [_thread_blocked, id=40024, stack(0x00000021b5300000,0x00000021b5400000)]
  0x000001e054b7a800 JavaThread "jar transforms Thread 83" [_thread_blocked, id=20524, stack(0x00000021b5400000,0x00000021b5500000)]
  0x000001e054b7b800 JavaThread "jar transforms Thread 84" [_thread_blocked, id=9840, stack(0x00000021b5500000,0x00000021b5600000)]
  0x000001e054b76800 JavaThread "jar transforms Thread 85" [_thread_blocked, id=28604, stack(0x00000021b5600000,0x00000021b5700000)]
  0x000001e054b77800 JavaThread "jar transforms Thread 86" [_thread_blocked, id=36492, stack(0x00000021b5700000,0x00000021b5800000)]
  0x000001e054b75800 JavaThread "jar transforms Thread 87" [_thread_blocked, id=25416, stack(0x00000021b5800000,0x00000021b5900000)]
  0x000001e054b7c000 JavaThread "jar transforms Thread 88" [_thread_blocked, id=15168, stack(0x00000021b5900000,0x00000021b5a00000)]
  0x000001e054b78000 JavaThread "jar transforms Thread 89" [_thread_blocked, id=37120, stack(0x00000021b5a00000,0x00000021b5b00000)]
  0x000001e054b7d000 JavaThread "jar transforms Thread 90" [_thread_blocked, id=31180, stack(0x00000021b5b00000,0x00000021b5c00000)]
  0x000001e054b7e000 JavaThread "jar transforms Thread 91" [_thread_blocked, id=36748, stack(0x00000021b5c00000,0x00000021b5d00000)]
  0x000001e054b79800 JavaThread "jar transforms Thread 92" [_thread_blocked, id=37176, stack(0x00000021b5d00000,0x00000021b5e00000)]
  0x000001e0528dd000 JavaThread "jar transforms Thread 93" [_thread_blocked, id=41720, stack(0x00000021b5e00000,0x00000021b5f00000)]
  0x000001e0528da800 JavaThread "jar transforms Thread 94" [_thread_blocked, id=40292, stack(0x00000021b5f00000,0x00000021b6000000)]
  0x000001e0528db000 JavaThread "jar transforms Thread 95" [_thread_blocked, id=21916, stack(0x00000021b6000000,0x00000021b6100000)]
  0x000001e0528dc000 JavaThread "jar transforms Thread 96" [_thread_blocked, id=11984, stack(0x00000021b6100000,0x00000021b6200000)]
  0x000001e0528e1800 JavaThread "jar transforms Thread 97" [_thread_blocked, id=18248, stack(0x00000021b6200000,0x00000021b6300000)]
  0x000001e0528e2800 JavaThread "jar transforms Thread 98" [_thread_blocked, id=36840, stack(0x00000021b6300000,0x00000021b6400000)]
  0x000001e0528e3800 JavaThread "jar transforms Thread 99" [_thread_blocked, id=28716, stack(0x00000021b6400000,0x00000021b6500000)]
  0x000001e0528dd800 JavaThread "jar transforms Thread 100" [_thread_blocked, id=30076, stack(0x00000021b6500000,0x00000021b6600000)]
  0x000001e0528e4000 JavaThread "jar transforms Thread 101" [_thread_blocked, id=36376, stack(0x00000021b6600000,0x00000021b6700000)]
  0x000001e0528de800 JavaThread "jar transforms Thread 102" [_thread_blocked, id=19136, stack(0x00000021b6700000,0x00000021b6800000)]
  0x000001e0528e5000 JavaThread "jar transforms Thread 103" [_thread_blocked, id=31248, stack(0x00000021b6800000,0x00000021b6900000)]
  0x000001e0528df000 JavaThread "jar transforms Thread 104" [_thread_blocked, id=40808, stack(0x00000021b6900000,0x00000021b6a00000)]
  0x000001e0528e6000 JavaThread "jar transforms Thread 105" [_thread_blocked, id=31812, stack(0x00000021b6a00000,0x00000021b6b00000)]
  0x000001e0528e0000 JavaThread "jar transforms Thread 106" [_thread_blocked, id=9460, stack(0x00000021b6b00000,0x00000021b6c00000)]
  0x000001e0528e6800 JavaThread "jar transforms Thread 107" [_thread_blocked, id=15816, stack(0x00000021b6c00000,0x00000021b6d00000)]
  0x000001e0528e1000 JavaThread "jar transforms Thread 108" [_thread_blocked, id=37932, stack(0x00000021b6d00000,0x00000021b6e00000)]
  0x000001e0528e7800 JavaThread "jar transforms Thread 109" [_thread_blocked, id=15672, stack(0x00000021b6e00000,0x00000021b6f00000)]
  0x000001e0528e8000 JavaThread "jar transforms Thread 110" [_thread_blocked, id=33312, stack(0x00000021b6f00000,0x00000021b7000000)]
  0x000001e0528e9000 JavaThread "jar transforms Thread 111" [_thread_blocked, id=33476, stack(0x00000021b7000000,0x00000021b7100000)]
  0x000001e054faa800 JavaThread "jar transforms Thread 112" [_thread_blocked, id=15512, stack(0x00000021b7100000,0x00000021b7200000)]
  0x000001e054fb1000 JavaThread "jar transforms Thread 113" [_thread_blocked, id=11700, stack(0x00000021b7200000,0x00000021b7300000)]
  0x000001e054fb0000 JavaThread "jar transforms Thread 114" [_thread_blocked, id=36764, stack(0x00000021b7300000,0x00000021b7400000)]
  0x000001e054fab000 JavaThread "jar transforms Thread 115" [_thread_blocked, id=17400, stack(0x00000021b7400000,0x00000021b7500000)]
  0x000001e054faf000 JavaThread "jar transforms Thread 116" [_thread_blocked, id=31948, stack(0x00000021b7500000,0x00000021b7600000)]
  0x000001e054fac000 JavaThread "jar transforms Thread 117" [_thread_blocked, id=11300, stack(0x00000021b7600000,0x00000021b7700000)]
  0x000001e054fad800 JavaThread "jar transforms Thread 118" [_thread_blocked, id=12580, stack(0x00000021b7700000,0x00000021b7800000)]
  0x000001e054fae800 JavaThread "jar transforms Thread 119" [_thread_blocked, id=38896, stack(0x00000021b7800000,0x00000021b7900000)]
  0x000001e054fb1800 JavaThread "Memory manager" [_thread_blocked, id=26120, stack(0x00000021b7a00000,0x00000021b7b00000)]
  0x000001e054fb2800 JavaThread "pool-3-thread-1" [_thread_blocked, id=13304, stack(0x00000021b7b00000,0x00000021b7c00000)]
  0x000001e051cff800 JavaThread "C2 CompilerThread1" daemon [_thread_in_native, id=23400, stack(0x00000021af200000,0x00000021af300000)]
  0x000001e056468000 JavaThread "C2 CompilerThread2" daemon [_thread_in_native, id=7676, stack(0x00000021b7900000,0x00000021b7a00000)]

Other Threads:
  0x000001e04ecbf000 VMThread "VM Thread" [stack: 0x00000021acf00000,0x00000021ad000000] [id=16532]
  0x000001e04f7ad000 WatcherThread [stack: 0x00000021ad900000,0x00000021ada00000] [id=10244]
  0x000001e036fe2000 GCTaskThread "GC Thread#0" [stack: 0x00000021aca00000,0x00000021acb00000] [id=36232]
  0x000001e0501da000 GCTaskThread "GC Thread#1" [stack: 0x00000021adc00000,0x00000021add00000] [id=37456]
  0x000001e0502b0000 GCTaskThread "GC Thread#2" [stack: 0x00000021add00000,0x00000021ade00000] [id=19116]
  0x000001e051027000 GCTaskThread "GC Thread#3" [stack: 0x00000021ae900000,0x00000021aea00000] [id=14868]
  0x000001e050bd3800 GCTaskThread "GC Thread#4" [stack: 0x00000021aea00000,0x00000021aeb00000] [id=38400]
  0x000001e051634800 GCTaskThread "GC Thread#5" [stack: 0x00000021aeb00000,0x00000021aec00000] [id=11220]
  0x000001e050b39800 GCTaskThread "GC Thread#6" [stack: 0x00000021aec00000,0x00000021aed00000] [id=2068]
  0x000001e052707800 GCTaskThread "GC Thread#7" [stack: 0x00000021aed00000,0x00000021aee00000] [id=4972]
  0x000001e036ffc800 ConcurrentGCThread "G1 Main Marker" [stack: 0x00000021acb00000,0x00000021acc00000] [id=36676]
  0x000001e036ffe800 ConcurrentGCThread "G1 Conc#0" [stack: 0x00000021acc00000,0x00000021acd00000] [id=19292]
  0x000001e050a79800 ConcurrentGCThread "G1 Conc#1" [stack: 0x00000021af000000,0x00000021af100000] [id=14004]
  0x000001e0370a0000 ConcurrentGCThread "G1 Refine#0" [stack: 0x00000021acd00000,0x00000021ace00000] [id=12144]
  0x000001e0515a7800 ConcurrentGCThread "G1 Refine#1" [stack: 0x00000021ade00000,0x00000021adf00000] [id=37148]
  0x000001e0370a1000 ConcurrentGCThread "G1 Young RemSet Sampling" [stack: 0x00000021ace00000,0x00000021acf00000] [id=32388]

Threads with active compile tasks:
C2 CompilerThread0  14985 8805   !   4       org.gradle.internal.classloader.CachingClassLoader::loadClass (85 bytes)
C1 CompilerThread0  14985 9043       3       org.gradle.api.internal.artifacts.transform.TransformationChain::isolateParameters (19 bytes)
C2 CompilerThread1  14985 8834       4       java.util.LinkedList::node (65 bytes)
C2 CompilerThread2  14985 8797       4       org.gradle.internal.snapshot.SnapshotUtil::getSnapshotFromChild (41 bytes)

VM state:not at safepoint (normal execution)

VM Mutex/Monitor currently owned by a thread: None

Heap address: 0x00000000c0000000, size: 1024 MB, Compressed Oops mode: 32-bit
Narrow klass base: 0x0000000000000000, Narrow klass shift: 3
Compressed class space size: 1073741824 Address: 0x0000000100000000

Heap:
 garbage-first heap   total 131072K, used 108046K [0x00000000c0000000, 0x0000000100000000)
  region size 1024K, 18 young (18432K), 3 survivors (3072K)
 Metaspace       used 87787K, capacity 89891K, committed 90492K, reserved 1128448K
  class space    used 11373K, capacity 12052K, committed 12288K, reserved 1048576K
Heap Regions: E=young(eden), S=young(survivor), O=old, HS=humongous(starts), HC=humongous(continues), CS=collection set, F=free, A=archive, TAMS=top-at-mark-start (previous, next)
|   0|0x00000000c0000000, 0x00000000c0100000, 0x00000000c0100000|100%| O|  |TAMS 0x00000000c0100000, 0x00000000c0000000| Untracked 
|   1|0x00000000c0100000, 0x00000000c0200000, 0x00000000c0200000|100%| O|  |TAMS 0x00000000c0200000, 0x00000000c0100000| Untracked 
|   2|0x00000000c0200000, 0x00000000c0300000, 0x00000000c0300000|100%| O|  |TAMS 0x00000000c0300000, 0x00000000c0200000| Untracked 
|   3|0x00000000c0300000, 0x00000000c0400000, 0x00000000c0400000|100%|HS|  |TAMS 0x00000000c0400000, 0x00000000c0300000| Complete 
|   4|0x00000000c0400000, 0x00000000c0500000, 0x00000000c0500000|100%|HC|  |TAMS 0x00000000c0500000, 0x00000000c0400000| Complete 
|   5|0x00000000c0500000, 0x00000000c0600000, 0x00000000c0600000|100%|HC|  |TAMS 0x00000000c0600000, 0x00000000c0500000| Complete 
|   6|0x00000000c0600000, 0x00000000c0700000, 0x00000000c0700000|100%| O|  |TAMS 0x00000000c0700000, 0x00000000c0600000| Untracked 
|   7|0x00000000c0700000, 0x00000000c0800000, 0x00000000c0800000|100%| O|  |TAMS 0x00000000c0800000, 0x00000000c0700000| Untracked 
|   8|0x00000000c0800000, 0x00000000c0900000, 0x00000000c0900000|100%| O|  |TAMS 0x00000000c0900000, 0x00000000c0800000| Untracked 
|   9|0x00000000c0900000, 0x00000000c0a00000, 0x00000000c0a00000|100%| O|  |TAMS 0x00000000c0a00000, 0x00000000c0900000| Untracked 
|  10|0x00000000c0a00000, 0x00000000c0b00000, 0x00000000c0b00000|100%| O|  |TAMS 0x00000000c0b00000, 0x00000000c0a00000| Untracked 
|  11|0x00000000c0b00000, 0x00000000c0c00000, 0x00000000c0c00000|100%| O|  |TAMS 0x00000000c0c00000, 0x00000000c0b00000| Untracked 
|  12|0x00000000c0c00000, 0x00000000c0d00000, 0x00000000c0d00000|100%| O|  |TAMS 0x00000000c0d00000, 0x00000000c0c00000| Untracked 
|  13|0x00000000c0d00000, 0x00000000c0e00000, 0x00000000c0e00000|100%|HS|  |TAMS 0x00000000c0e00000, 0x00000000c0d00000| Complete 
|  14|0x00000000c0e00000, 0x00000000c0f00000, 0x00000000c0f00000|100%|HC|  |TAMS 0x00000000c0f00000, 0x00000000c0e00000| Complete 
|  15|0x00000000c0f00000, 0x00000000c1000000, 0x00000000c1000000|100%|HS|  |TAMS 0x00000000c1000000, 0x00000000c0f00000| Complete 
|  16|0x00000000c1000000, 0x00000000c1100000, 0x00000000c1100000|100%|HC|  |TAMS 0x00000000c1100000, 0x00000000c1000000| Complete 
|  17|0x00000000c1100000, 0x00000000c1200000, 0x00000000c1200000|100%|HC|  |TAMS 0x00000000c1200000, 0x00000000c1100000| Complete 
|  18|0x00000000c1200000, 0x00000000c1300000, 0x00000000c1300000|100%|HS|  |TAMS 0x00000000c1300000, 0x00000000c1200000| Complete 
|  19|0x00000000c1300000, 0x00000000c1400000, 0x00000000c1400000|100%|HC|  |TAMS 0x00000000c1400000, 0x00000000c1300000| Complete 
|  20|0x00000000c1400000, 0x00000000c1500000, 0x00000000c1500000|100%|HC|  |TAMS 0x00000000c1500000, 0x00000000c1400000| Complete 
|  21|0x00000000c1500000, 0x00000000c1600000, 0x00000000c1600000|100%|HC|  |TAMS 0x00000000c1600000, 0x00000000c1500000| Complete 
|  22|0x00000000c1600000, 0x00000000c1700000, 0x00000000c1700000|100%| O|  |TAMS 0x00000000c1700000, 0x00000000c1600000| Untracked 
|  23|0x00000000c1700000, 0x00000000c1800000, 0x00000000c1800000|100%| O|  |TAMS 0x00000000c1800000, 0x00000000c1700000| Untracked 
|  24|0x00000000c1800000, 0x00000000c1900000, 0x00000000c1900000|100%| O|  |TAMS 0x00000000c1900000, 0x00000000c1800000| Untracked 
|  25|0x00000000c1900000, 0x00000000c1a00000, 0x00000000c1a00000|100%|HS|  |TAMS 0x00000000c1a00000, 0x00000000c1900000| Complete 
|  26|0x00000000c1a00000, 0x00000000c1b00000, 0x00000000c1b00000|100%| O|  |TAMS 0x00000000c1b00000, 0x00000000c1a00000| Untracked 
|  27|0x00000000c1b00000, 0x00000000c1c00000, 0x00000000c1c00000|100%| O|  |TAMS 0x00000000c1c00000, 0x00000000c1b00000| Untracked 
|  28|0x00000000c1c00000, 0x00000000c1d00000, 0x00000000c1d00000|100%|HS|  |TAMS 0x00000000c1d00000, 0x00000000c1c00000| Complete 
|  29|0x00000000c1d00000, 0x00000000c1e00000, 0x00000000c1e00000|100%|HC|  |TAMS 0x00000000c1e00000, 0x00000000c1d00000| Complete 
|  30|0x00000000c1e00000, 0x00000000c1f00000, 0x00000000c1f00000|100%|HC|  |TAMS 0x00000000c1f00000, 0x00000000c1e00000| Complete 
|  31|0x00000000c1f00000, 0x00000000c2000000, 0x00000000c2000000|100%|HC|  |TAMS 0x00000000c2000000, 0x00000000c1f00000| Complete 
|  32|0x00000000c2000000, 0x00000000c2100000, 0x00000000c2100000|100%|HS|  |TAMS 0x00000000c2100000, 0x00000000c2000000| Complete 
|  33|0x00000000c2100000, 0x00000000c2200000, 0x00000000c2200000|100%|HC|  |TAMS 0x00000000c2200000, 0x00000000c2100000| Complete 
|  34|0x00000000c2200000, 0x00000000c2300000, 0x00000000c2300000|100%|HC|  |TAMS 0x00000000c2300000, 0x00000000c2200000| Complete 
|  35|0x00000000c2300000, 0x00000000c2400000, 0x00000000c2400000|100%| O|  |TAMS 0x00000000c2400000, 0x00000000c2300000| Untracked 
|  36|0x00000000c2400000, 0x00000000c2500000, 0x00000000c2500000|100%| O|  |TAMS 0x00000000c2500000, 0x00000000c2400000| Untracked 
|  37|0x00000000c2500000, 0x00000000c2600000, 0x00000000c2600000|100%| O|  |TAMS 0x00000000c2600000, 0x00000000c2500000| Untracked 
|  38|0x00000000c2600000, 0x00000000c2700000, 0x00000000c2700000|100%| O|  |TAMS 0x00000000c2700000, 0x00000000c2600000| Untracked 
|  39|0x00000000c2700000, 0x00000000c2800000, 0x00000000c2800000|100%| O|  |TAMS 0x00000000c2800000, 0x00000000c2700000| Untracked 
|  40|0x00000000c2800000, 0x00000000c2900000, 0x00000000c2900000|100%| O|  |TAMS 0x00000000c2900000, 0x00000000c2800000| Untracked 
|  41|0x00000000c2900000, 0x00000000c2a00000, 0x00000000c2a00000|100%| O|  |TAMS 0x00000000c2a00000, 0x00000000c2900000| Untracked 
|  42|0x00000000c2a00000, 0x00000000c2b00000, 0x00000000c2b00000|100%| O|  |TAMS 0x00000000c2b00000, 0x00000000c2a00000| Untracked 
|  43|0x00000000c2b00000, 0x00000000c2c00000, 0x00000000c2c00000|100%| O|  |TAMS 0x00000000c2c00000, 0x00000000c2b00000| Untracked 
|  44|0x00000000c2c00000, 0x00000000c2d00000, 0x00000000c2d00000|100%| O|  |TAMS 0x00000000c2d00000, 0x00000000c2c00000| Untracked 
|  45|0x00000000c2d00000, 0x00000000c2e00000, 0x00000000c2e00000|100%| O|  |TAMS 0x00000000c2e00000, 0x00000000c2d00000| Untracked 
|  46|0x00000000c2e00000, 0x00000000c2f00000, 0x00000000c2f00000|100%| O|  |TAMS 0x00000000c2f00000, 0x00000000c2e00000| Untracked 
|  47|0x00000000c2f00000, 0x00000000c3000000, 0x00000000c3000000|100%|HS|  |TAMS 0x00000000c3000000, 0x00000000c2f00000| Complete 
|  48|0x00000000c3000000, 0x00000000c3100000, 0x00000000c3100000|100%|HS|  |TAMS 0x00000000c3100000, 0x00000000c3000000| Complete 
|  49|0x00000000c3100000, 0x00000000c3200000, 0x00000000c3200000|100%|HC|  |TAMS 0x00000000c3200000, 0x00000000c3100000| Complete 
|  50|0x00000000c3200000, 0x00000000c3300000, 0x00000000c3300000|100%|HC|  |TAMS 0x00000000c3300000, 0x00000000c3200000| Complete 
|  51|0x00000000c3300000, 0x00000000c3400000, 0x00000000c3400000|100%|HS|  |TAMS 0x00000000c3400000, 0x00000000c3300000| Complete 
|  52|0x00000000c3400000, 0x00000000c3500000, 0x00000000c3500000|100%|HC|  |TAMS 0x00000000c3500000, 0x00000000c3400000| Complete 
|  53|0x00000000c3500000, 0x00000000c3600000, 0x00000000c3600000|100%| O|  |TAMS 0x00000000c3600000, 0x00000000c3500000| Untracked 
|  54|0x00000000c3600000, 0x00000000c3700000, 0x00000000c3700000|100%| O|  |TAMS 0x00000000c3700000, 0x00000000c3600000| Untracked 
|  55|0x00000000c3700000, 0x00000000c3800000, 0x00000000c3800000|100%| O|  |TAMS 0x00000000c3800000, 0x00000000c3700000| Untracked 
|  56|0x00000000c3800000, 0x00000000c3900000, 0x00000000c3900000|100%| O|  |TAMS 0x00000000c3900000, 0x00000000c3800000| Untracked 
|  57|0x00000000c3900000, 0x00000000c3a00000, 0x00000000c3a00000|100%| O|  |TAMS 0x00000000c3a00000, 0x00000000c3900000| Untracked 
|  58|0x00000000c3a00000, 0x00000000c3b00000, 0x00000000c3b00000|100%| O|  |TAMS 0x00000000c3b00000, 0x00000000c3a00000| Untracked 
|  59|0x00000000c3b00000, 0x00000000c3c00000, 0x00000000c3c00000|100%| O|  |TAMS 0x00000000c3c00000, 0x00000000c3b00000| Untracked 
|  60|0x00000000c3c00000, 0x00000000c3d00000, 0x00000000c3d00000|100%| O|  |TAMS 0x00000000c3d00000, 0x00000000c3c00000| Untracked 
|  61|0x00000000c3d00000, 0x00000000c3e00000, 0x00000000c3e00000|100%| O|  |TAMS 0x00000000c3e00000, 0x00000000c3d00000| Untracked 
|  62|0x00000000c3e00000, 0x00000000c3f00000, 0x00000000c3f00000|100%| O|  |TAMS 0x00000000c3f00000, 0x00000000c3e00000| Untracked 
|  63|0x00000000c3f00000, 0x00000000c4000000, 0x00000000c4000000|100%| O|  |TAMS 0x00000000c4000000, 0x00000000c3f00000| Untracked 
|  64|0x00000000c4000000, 0x00000000c4100000, 0x00000000c4100000|100%| O|  |TAMS 0x00000000c4100000, 0x00000000c4000000| Untracked 
|  65|0x00000000c4100000, 0x00000000c4200000, 0x00000000c4200000|100%| O|  |TAMS 0x00000000c4200000, 0x00000000c4100000| Untracked 
|  66|0x00000000c4200000, 0x00000000c4300000, 0x00000000c4300000|100%| O|  |TAMS 0x00000000c4300000, 0x00000000c4200000| Untracked 
|  67|0x00000000c4300000, 0x00000000c4400000, 0x00000000c4400000|100%| O|  |TAMS 0x00000000c4400000, 0x00000000c4300000| Untracked 
|  68|0x00000000c4400000, 0x00000000c4500000, 0x00000000c4500000|100%| O|  |TAMS 0x00000000c4500000, 0x00000000c4400000| Untracked 
|  69|0x00000000c4500000, 0x00000000c4600000, 0x00000000c4600000|100%| O|  |TAMS 0x00000000c4600000, 0x00000000c4500000| Untracked 
|  70|0x00000000c4600000, 0x00000000c4700000, 0x00000000c4700000|100%| O|  |TAMS 0x00000000c4700000, 0x00000000c4600000| Untracked 
|  71|0x00000000c4700000, 0x00000000c4800000, 0x00000000c4800000|100%| O|  |TAMS 0x00000000c4800000, 0x00000000c4700000| Untracked 
|  72|0x00000000c4800000, 0x00000000c4900000, 0x00000000c4900000|100%| O|  |TAMS 0x00000000c4900000, 0x00000000c4800000| Untracked 
|  73|0x00000000c4900000, 0x00000000c4a00000, 0x00000000c4a00000|100%| O|  |TAMS 0x00000000c4a00000, 0x00000000c4900000| Untracked 
|  74|0x00000000c4a00000, 0x00000000c4b00000, 0x00000000c4b00000|100%| O|  |TAMS 0x00000000c4b00000, 0x00000000c4a00000| Untracked 
|  75|0x00000000c4b00000, 0x00000000c4c00000, 0x00000000c4c00000|100%| O|  |TAMS 0x00000000c4c00000, 0x00000000c4b00000| Untracked 
|  76|0x00000000c4c00000, 0x00000000c4d00000, 0x00000000c4d00000|100%| O|  |TAMS 0x00000000c4d00000, 0x00000000c4c00000| Untracked 
|  77|0x00000000c4d00000, 0x00000000c4e00000, 0x00000000c4e00000|100%| O|  |TAMS 0x00000000c4e00000, 0x00000000c4d00000| Untracked 
|  78|0x00000000c4e00000, 0x00000000c4f00000, 0x00000000c4f00000|100%| O|  |TAMS 0x00000000c4f00000, 0x00000000c4e00000| Untracked 
|  79|0x00000000c4f00000, 0x00000000c5000000, 0x00000000c5000000|100%| O|  |TAMS 0x00000000c5000000, 0x00000000c4f00000| Untracked 
|  80|0x00000000c5000000, 0x00000000c5100000, 0x00000000c5100000|100%| O|  |TAMS 0x00000000c5100000, 0x00000000c5000000| Untracked 
|  81|0x00000000c5100000, 0x00000000c5200000, 0x00000000c5200000|100%| O|  |TAMS 0x00000000c5200000, 0x00000000c5100000| Untracked 
|  82|0x00000000c5200000, 0x00000000c5300000, 0x00000000c5300000|100%| O|  |TAMS 0x00000000c5300000, 0x00000000c5200000| Untracked 
|  83|0x00000000c5300000, 0x00000000c5400000, 0x00000000c5400000|100%| O|  |TAMS 0x00000000c5400000, 0x00000000c5300000| Untracked 
|  84|0x00000000c5400000, 0x00000000c5500000, 0x00000000c5500000|100%| O|  |TAMS 0x00000000c5500000, 0x00000000c5400000| Untracked 
|  85|0x00000000c5500000, 0x00000000c5600000, 0x00000000c5600000|100%| O|  |TAMS 0x00000000c5600000, 0x00000000c5500000| Untracked 
|  86|0x00000000c5600000, 0x00000000c5700000, 0x00000000c5700000|100%| O|  |TAMS 0x00000000c5700000, 0x00000000c5600000| Untracked 
|  87|0x00000000c5700000, 0x00000000c5800000, 0x00000000c5800000|100%| O|  |TAMS 0x00000000c574f600, 0x00000000c5700000| Untracked 
|  88|0x00000000c5800000, 0x00000000c5883800, 0x00000000c5900000| 51%| O|  |TAMS 0x00000000c5800000, 0x00000000c5800000| Untracked 
|  89|0x00000000c5900000, 0x00000000c5900000, 0x00000000c5a00000|  0%| F|  |TAMS 0x00000000c5900000, 0x00000000c5900000| Untracked 
|  90|0x00000000c5a00000, 0x00000000c5a00000, 0x00000000c5b00000|  0%| F|  |TAMS 0x00000000c5a00000, 0x00000000c5a00000| Untracked 
|  91|0x00000000c5b00000, 0x00000000c5b00000, 0x00000000c5c00000|  0%| F|  |TAMS 0x00000000c5b00000, 0x00000000c5b00000| Untracked 
|  92|0x00000000c5c00000, 0x00000000c5c00000, 0x00000000c5d00000|  0%| F|  |TAMS 0x00000000c5c00000, 0x00000000c5c00000| Untracked 
|  93|0x00000000c5d00000, 0x00000000c5d00000, 0x00000000c5e00000|  0%| F|  |TAMS 0x00000000c5d00000, 0x00000000c5d00000| Untracked 
|  94|0x00000000c5e00000, 0x00000000c5e00000, 0x00000000c5f00000|  0%| F|  |TAMS 0x00000000c5e00000, 0x00000000c5e00000| Untracked 
|  95|0x00000000c5f00000, 0x00000000c5f00000, 0x00000000c6000000|  0%| F|  |TAMS 0x00000000c5f00000, 0x00000000c5f00000| Untracked 
|  96|0x00000000c6000000, 0x00000000c6000000, 0x00000000c6100000|  0%| F|  |TAMS 0x00000000c6000000, 0x00000000c6000000| Untracked 
|  97|0x00000000c6100000, 0x00000000c6100000, 0x00000000c6200000|  0%| F|  |TAMS 0x00000000c6100000, 0x00000000c6100000| Untracked 
|  98|0x00000000c6200000, 0x00000000c6200000, 0x00000000c6300000|  0%| F|  |TAMS 0x00000000c6200000, 0x00000000c6200000| Untracked 
|  99|0x00000000c6300000, 0x00000000c6300000, 0x00000000c6400000|  0%| F|  |TAMS 0x00000000c6300000, 0x00000000c6300000| Untracked 
| 100|0x00000000c6400000, 0x00000000c6400000, 0x00000000c6500000|  0%| F|  |TAMS 0x00000000c6400000, 0x00000000c6400000| Untracked 
| 101|0x00000000c6500000, 0x00000000c6500000, 0x00000000c6600000|  0%| F|  |TAMS 0x00000000c6500000, 0x00000000c6500000| Untracked 
| 102|0x00000000c6600000, 0x00000000c6700000, 0x00000000c6700000|100%| S|CS|TAMS 0x00000000c6600000, 0x00000000c6600000| Complete 
| 103|0x00000000c6700000, 0x00000000c6700000, 0x00000000c6800000|  0%| F|  |TAMS 0x00000000c6700000, 0x00000000c6700000| Untracked 
| 104|0x00000000c6800000, 0x00000000c6900000, 0x00000000c6900000|100%| S|CS|TAMS 0x00000000c6800000, 0x00000000c6800000| Complete 
| 105|0x00000000c6900000, 0x00000000c6900000, 0x00000000c6a00000|  0%| F|  |TAMS 0x00000000c6900000, 0x00000000c6900000| Untracked 
| 106|0x00000000c6a00000, 0x00000000c6b00000, 0x00000000c6b00000|100%| S|CS|TAMS 0x00000000c6a00000, 0x00000000c6a00000| Complete 
| 107|0x00000000c6b00000, 0x00000000c6b00000, 0x00000000c6c00000|  0%| F|  |TAMS 0x00000000c6b00000, 0x00000000c6b00000| Untracked 
| 108|0x00000000c6c00000, 0x00000000c6c00000, 0x00000000c6d00000|  0%| F|  |TAMS 0x00000000c6c00000, 0x00000000c6c00000| Untracked 
| 109|0x00000000c6d00000, 0x00000000c6d00000, 0x00000000c6e00000|  0%| F|  |TAMS 0x00000000c6d00000, 0x00000000c6d00000| Untracked 
| 110|0x00000000c6e00000, 0x00000000c6e00000, 0x00000000c6f00000|  0%| F|  |TAMS 0x00000000c6e00000, 0x00000000c6e00000| Untracked 
| 111|0x00000000c6f00000, 0x00000000c6f00000, 0x00000000c7000000|  0%| F|  |TAMS 0x00000000c6f00000, 0x00000000c6f00000| Untracked 
| 112|0x00000000c7000000, 0x00000000c7000000, 0x00000000c7100000|  0%| F|  |TAMS 0x00000000c7000000, 0x00000000c7000000| Untracked 
| 113|0x00000000c7100000, 0x00000000c715b408, 0x00000000c7200000| 35%| E|  |TAMS 0x00000000c7100000, 0x00000000c7100000| Complete 
| 114|0x00000000c7200000, 0x00000000c7300000, 0x00000000c7300000|100%| E|CS|TAMS 0x00000000c7200000, 0x00000000c7200000| Complete 
| 115|0x00000000c7300000, 0x00000000c7400000, 0x00000000c7400000|100%| E|CS|TAMS 0x00000000c7300000, 0x00000000c7300000| Complete 
| 116|0x00000000c7400000, 0x00000000c7500000, 0x00000000c7500000|100%| E|CS|TAMS 0x00000000c7400000, 0x00000000c7400000| Complete 
| 117|0x00000000c7500000, 0x00000000c7600000, 0x00000000c7600000|100%| E|CS|TAMS 0x00000000c7500000, 0x00000000c7500000| Complete 
| 118|0x00000000c7600000, 0x00000000c7700000, 0x00000000c7700000|100%| E|CS|TAMS 0x00000000c7600000, 0x00000000c7600000| Complete 
| 119|0x00000000c7700000, 0x00000000c7800000, 0x00000000c7800000|100%| E|CS|TAMS 0x00000000c7700000, 0x00000000c7700000| Complete 
| 120|0x00000000c7800000, 0x00000000c7900000, 0x00000000c7900000|100%| E|CS|TAMS 0x00000000c7800000, 0x00000000c7800000| Complete 
| 121|0x00000000c7900000, 0x00000000c7a00000, 0x00000000c7a00000|100%| E|CS|TAMS 0x00000000c7900000, 0x00000000c7900000| Complete 
| 122|0x00000000c7a00000, 0x00000000c7b00000, 0x00000000c7b00000|100%| E|CS|TAMS 0x00000000c7a00000, 0x00000000c7a00000| Complete 
| 123|0x00000000c7b00000, 0x00000000c7c00000, 0x00000000c7c00000|100%| E|CS|TAMS 0x00000000c7b00000, 0x00000000c7b00000| Complete 
| 124|0x00000000c7c00000, 0x00000000c7d00000, 0x00000000c7d00000|100%| E|CS|TAMS 0x00000000c7c00000, 0x00000000c7c00000| Complete 
| 125|0x00000000c7d00000, 0x00000000c7e00000, 0x00000000c7e00000|100%| E|CS|TAMS 0x00000000c7d00000, 0x00000000c7d00000| Complete 
| 126|0x00000000c7e00000, 0x00000000c7f00000, 0x00000000c7f00000|100%| E|CS|TAMS 0x00000000c7e00000, 0x00000000c7e00000| Complete 
| 127|0x00000000c7f00000, 0x00000000c8000000, 0x00000000c8000000|100%| E|CS|TAMS 0x00000000c7f00000, 0x00000000c7f00000| Complete 

Card table byte_map: [0x000001e049e80000,0x000001e04a080000] _byte_map_base: 0x000001e049880000

Marking Bits (Prev, Next): (CMBitMap*) 0x000001e036ff7b38, (CMBitMap*) 0x000001e036ff7b70
 Prev Bits: [0x000001e04a280000, 0x000001e04b280000)
 Next Bits: [0x000001e04b280000, 0x000001e04c280000)

Polling page: 0x000001e035160000

Metaspace:

Usage:
  Non-class:     76.01 MB capacity,    74.63 MB ( 98%) used,     1.19 MB (  2%) free+waste,   202.19 KB ( <1%) overhead. 
      Class:     11.77 MB capacity,    11.11 MB ( 94%) used,   586.19 KB (  5%) free+waste,    92.56 KB ( <1%) overhead. 
       Both:     87.78 MB capacity,    85.74 MB ( 98%) used,     1.76 MB (  2%) free+waste,   294.75 KB ( <1%) overhead. 

Virtual space:
  Non-class space:       78.00 MB reserved,      76.37 MB ( 98%) committed 
      Class space:        1.00 GB reserved,      12.00 MB (  1%) committed 
             Both:        1.08 GB reserved,      88.37 MB (  8%) committed 

Chunk freelists:
   Non-Class:  301.00 KB
       Class:  172.00 KB
        Both:  473.00 KB

MaxMetaspaceSize: 17179869184.00 GB
CompressedClassSpaceSize: 1.00 GB

CodeHeap 'non-profiled nmethods': size=120000Kb used=5387Kb max_used=5387Kb free=114612Kb
 bounds [0x000001e042420000, 0x000001e042970000, 0x000001e049950000]
CodeHeap 'profiled nmethods': size=120000Kb used=19140Kb max_used=19140Kb free=100859Kb
 bounds [0x000001e03aef0000, 0x000001e03c1b0000, 0x000001e042420000]
CodeHeap 'non-nmethods': size=5760Kb used=2267Kb max_used=2312Kb free=3492Kb
 bounds [0x000001e03a950000, 0x000001e03abc0000, 0x000001e03aef0000]
 total_blobs=9644 nmethods=8777 adapters=778
 compilation: enabled
              stopped_count=0, restarted_count=0
 full_count=0

Compilation events (20 events):
Event: 14.932 Thread 0x000001e04ece9000 8951       3       org.gradle.api.internal.artifacts.ivyservice.ivyresolve.ErrorHandlingModuleComponentRepository$ErrorHandlingModuleComponentRepositoryAccess$$Lambda$321/0x0000000100627840::<init> (26 bytes)
Event: 14.933 Thread 0x000001e04ece9000 nmethod 8951 0x000001e03c163210 code [0x000001e03c1633e0, 0x000001e03c1636b8]
Event: 14.933 Thread 0x000001e04ece9000 8942       1       org.gradle.internal.component.external.model.GradleDependencyMetadata::getExcludes (5 bytes)
Event: 14.933 Thread 0x000001e04ece9000 nmethod 8942 0x000001e042959710 code [0x000001e0429598c0, 0x000001e042959978]
Event: 14.934 Thread 0x000001e04ece9000 8959       3       org.gradle.api.internal.artifacts.ivyservice.resolveengine.result.StreamingResolutionResultBuilder::visitEdges (88 bytes)
Event: 14.936 Thread 0x000001e04ece9000 nmethod 8959 0x000001e03c163790 code [0x000001e03c163ae0, 0x000001e03c165268]
Event: 14.936 Thread 0x000001e04ece9000 8960       3       org.gradle.api.internal.artifacts.ivyservice.resolveengine.projectresult.ResolvedLocalComponentsResultGraphVisitor::visitEdges (1 bytes)
Event: 14.936 Thread 0x000001e04ece9000 nmethod 8960 0x000001e03c165990 code [0x000001e03c165b40, 0x000001e03c165c38]
Event: 14.936 Thread 0x000001e04ece9000 8961       3       org.gradle.api.internal.artifacts.ivyservice.resolveengine.oldresult.ResolutionFailureCollector::visitEdges (1 bytes)
Event: 14.936 Thread 0x000001e04ece9000 nmethod 8961 0x000001e03c165d10 code [0x000001e03c165ec0, 0x000001e03c165fb8]
Event: 14.936 Thread 0x000001e04ece9000 8962       3       org.gradle.api.internal.artifacts.ivyservice.resolveengine.result.FileDependencyCollectingGraphVisitor::visitArtifacts (1 bytes)
Event: 14.936 Thread 0x000001e04ece9000 nmethod 8962 0x000001e03c166090 code [0x000001e03c166240, 0x000001e03c166338]
Event: 14.936 Thread 0x000001e04ece9000 8963       3       org.gradle.api.internal.artifacts.ivyservice.resolveengine.artifact.DefaultResolvedArtifactsBuilder::visitArtifacts (116 bytes)
Event: 14.937 Thread 0x000001e04ece9000 nmethod 8963 0x000001e03c166410 code [0x000001e03c1666e0, 0x000001e03c167a18]
Event: 14.938 Thread 0x000001e04ece9000 8964       3       java.util.ArrayList$ArrayListSpliterator::getFence (35 bytes)
Event: 14.938 Thread 0x000001e04ece9000 nmethod 8964 0x000001e03c167f90 code [0x000001e03c168140, 0x000001e03c168298]
Event: 14.938 Thread 0x000001e04ece9000 8965       1       org.gradle.api.internal.artifacts.transform.SingleMatchConsumerVariantMatchResult::getMatches (5 bytes)
Event: 14.939 Thread 0x000001e04ece9000 nmethod 8965 0x000001e042959a10 code [0x000001e042959bc0, 0x000001e042959c78]
Event: 14.939 Thread 0x000001e04ece9000 8966       3       java.util.ArrayList::listIterator (10 bytes)
Event: 14.939 Thread 0x000001e04ece9000 nmethod 8966 0x000001e03c168390 code [0x000001e03c168560, 0x000001e03c168898]

GC Heap History (20 events):
Event: 11.795 GC heap before
{Heap before GC invocations=21 (full 0):
 garbage-first heap   total 131072K, used 106041K [0x00000000c0000000, 0x0000000100000000)
  region size 1024K, 29 young (29696K), 2 survivors (2048K)
 Metaspace       used 71197K, capacity 73003K, committed 73212K, reserved 1112064K
  class space    used 9211K, capacity 9779K, committed 9856K, reserved 1048576K
}
Event: 11.800 GC heap after
{Heap after GC invocations=22 (full 0):
 garbage-first heap   total 131072K, used 80426K [0x00000000c0000000, 0x0000000100000000)
  region size 1024K, 4 young (4096K), 4 survivors (4096K)
 Metaspace       used 71197K, capacity 73003K, committed 73212K, reserved 1112064K
  class space    used 9211K, capacity 9779K, committed 9856K, reserved 1048576K
}
Event: 12.205 GC heap before
{Heap before GC invocations=23 (full 0):
 garbage-first heap   total 131072K, used 106026K [0x00000000c0000000, 0x0000000100000000)
  region size 1024K, 30 young (30720K), 4 survivors (4096K)
 Metaspace       used 74136K, capacity 75947K, committed 76156K, reserved 1116160K
  class space    used 9554K, capacity 10139K, committed 10240K, reserved 1048576K
}
Event: 12.211 GC heap after
{Heap after GC invocations=24 (full 0):
 garbage-first heap   total 131072K, used 81675K [0x00000000c0000000, 0x0000000100000000)
  region size 1024K, 4 young (4096K), 4 survivors (4096K)
 Metaspace       used 74136K, capacity 75947K, committed 76156K, reserved 1116160K
  class space    used 9554K, capacity 10139K, committed 10240K, reserved 1048576K
}
Event: 12.553 GC heap before
{Heap before GC invocations=24 (full 0):
 garbage-first heap   total 131072K, used 108299K [0x00000000c0000000, 0x0000000100000000)
  region size 1024K, 30 young (30720K), 4 survivors (4096K)
 Metaspace       used 75893K, capacity 77701K, committed 77820K, reserved 1116160K
  class space    used 9757K, capacity 10357K, committed 10368K, reserved 1048576K
}
Event: 12.560 GC heap after
{Heap after GC invocations=25 (full 0):
 garbage-first heap   total 131072K, used 83661K [0x00000000c0000000, 0x0000000100000000)
  region size 1024K, 4 young (4096K), 4 survivors (4096K)
 Metaspace       used 75893K, capacity 77701K, committed 77820K, reserved 1116160K
  class space    used 9757K, capacity 10357K, committed 10368K, reserved 1048576K
}
Event: 12.857 GC heap before
{Heap before GC invocations=26 (full 0):
 garbage-first heap   total 131072K, used 109261K [0x00000000c0000000, 0x0000000100000000)
  region size 1024K, 29 young (29696K), 4 survivors (4096K)
 Metaspace       used 77320K, capacity 79229K, committed 79356K, reserved 1118208K
  class space    used 9979K, capacity 10622K, committed 10624K, reserved 1048576K
}
Event: 12.864 GC heap after
{Heap after GC invocations=27 (full 0):
 garbage-first heap   total 131072K, used 85555K [0x00000000c0000000, 0x0000000100000000)
  region size 1024K, 4 young (4096K), 4 survivors (4096K)
 Metaspace       used 77320K, capacity 79229K, committed 79356K, reserved 1118208K
  class space    used 9979K, capacity 10622K, committed 10624K, reserved 1048576K
}
Event: 13.218 GC heap before
{Heap before GC invocations=27 (full 0):
 garbage-first heap   total 131072K, used 111155K [0x00000000c0000000, 0x0000000100000000)
  region size 1024K, 29 young (29696K), 4 survivors (4096K)
 Metaspace       used 78849K, capacity 80884K, committed 81148K, reserved 1120256K
  class space    used 10189K, capacity 10845K, committed 10880K, reserved 1048576K
}
Event: 13.228 GC heap after
{Heap after GC invocations=28 (full 0):
 garbage-first heap   total 131072K, used 87740K [0x00000000c0000000, 0x0000000100000000)
  region size 1024K, 4 young (4096K), 4 survivors (4096K)
 Metaspace       used 78849K, capacity 80884K, committed 81148K, reserved 1120256K
  class space    used 10189K, capacity 10845K, committed 10880K, reserved 1048576K
}
Event: 13.532 GC heap before
{Heap before GC invocations=29 (full 0):
 garbage-first heap   total 131072K, used 110268K [0x00000000c0000000, 0x0000000100000000)
  region size 1024K, 27 young (27648K), 4 survivors (4096K)
 Metaspace       used 80012K, capacity 82197K, committed 82556K, reserved 1120256K
  class space    used 10402K, capacity 11151K, committed 11264K, reserved 1048576K
}
Event: 13.540 GC heap after
{Heap after GC invocations=30 (full 0):
 garbage-first heap   total 131072K, used 89514K [0x00000000c0000000, 0x0000000100000000)
  region size 1024K, 2 young (2048K), 2 survivors (2048K)
 Metaspace       used 80012K, capacity 82197K, committed 82556K, reserved 1120256K
  class space    used 10402K, capacity 11151K, committed 11264K, reserved 1048576K
}
Event: 13.806 GC heap before
{Heap before GC invocations=30 (full 0):
 garbage-first heap   total 131072K, used 112042K [0x00000000c0000000, 0x0000000100000000)
  region size 1024K, 24 young (24576K), 2 survivors (2048K)
 Metaspace       used 81918K, capacity 84092K, committed 84348K, reserved 1122304K
  class space    used 10708K, capacity 11485K, committed 11520K, reserved 1048576K
}
Event: 13.811 GC heap after
{Heap after GC invocations=31 (full 0):
 garbage-first heap   total 131072K, used 90248K [0x00000000c0000000, 0x0000000100000000)
  region size 1024K, 1 young (1024K), 1 survivors (1024K)
 Metaspace       used 81918K, capacity 84092K, committed 84348K, reserved 1122304K
  class space    used 10708K, capacity 11485K, committed 11520K, reserved 1048576K
}
Event: 14.113 GC heap before
{Heap before GC invocations=32 (full 0):
 garbage-first heap   total 131072K, used 110728K [0x00000000c0000000, 0x0000000100000000)
  region size 1024K, 22 young (22528K), 1 survivors (1024K)
 Metaspace       used 83945K, capacity 86094K, committed 86396K, reserved 1124352K
  class space    used 10981K, capacity 11716K, committed 11776K, reserved 1048576K
}
Event: 14.117 GC heap after
{Heap after GC invocations=33 (full 0):
 garbage-first heap   total 131072K, used 90939K [0x00000000c0000000, 0x0000000100000000)
  region size 1024K, 2 young (2048K), 2 survivors (2048K)
 Metaspace       used 83945K, capacity 86094K, committed 86396K, reserved 1124352K
  class space    used 10981K, capacity 11716K, committed 11776K, reserved 1048576K
}
Event: 14.353 GC heap before
{Heap before GC invocations=33 (full 0):
 garbage-first heap   total 131072K, used 111419K [0x00000000c0000000, 0x0000000100000000)
  region size 1024K, 22 young (22528K), 2 survivors (2048K)
 Metaspace       used 85974K, capacity 88142K, committed 88444K, reserved 1126400K
  class space    used 11230K, capacity 11972K, committed 12032K, reserved 1048576K
}
Event: 14.359 GC heap after
{Heap after GC invocations=34 (full 0):
 garbage-first heap   total 131072K, used 91513K [0x00000000c0000000, 0x0000000100000000)
  region size 1024K, 3 young (3072K), 3 survivors (3072K)
 Metaspace       used 85974K, capacity 88142K, committed 88444K, reserved 1126400K
  class space    used 11230K, capacity 11972K, committed 12032K, reserved 1048576K
}
Event: 14.649 GC heap before
{Heap before GC invocations=35 (full 0):
 garbage-first heap   total 131072K, used 111993K [0x00000000c0000000, 0x0000000100000000)
  region size 1024K, 23 young (23552K), 3 survivors (3072K)
 Metaspace       used 87177K, capacity 89218K, committed 89980K, reserved 1126400K
  class space    used 11315K, capacity 12007K, committed 12288K, reserved 1048576K
}
Event: 14.660 GC heap after
{Heap after GC invocations=36 (full 0):
 garbage-first heap   total 131072K, used 93710K [0x00000000c0000000, 0x0000000100000000)
  region size 1024K, 3 young (3072K), 3 survivors (3072K)
 Metaspace       used 87177K, capacity 89218K, committed 89980K, reserved 1126400K
  class space    used 11315K, capacity 12007K, committed 12288K, reserved 1048576K
}

Deoptimization events (20 events):
Event: 13.995 Thread 0x000001e052708800 Uncommon trap: trap_request=0xffffff4d fr.pc=0x000001e0427d6408 relative=0x0000000000000248
Event: 13.995 Thread 0x000001e052708800 Uncommon trap: reason=unstable_if action=reinterpret pc=0x000001e0427d6408 method=java.lang.CharacterDataLatin1.digit(II)I @ 12 c2
Event: 13.995 Thread 0x000001e052708800 DEOPT PACKING pc=0x000001e0427d6408 sp=0x00000021ae5f7090
Event: 13.995 Thread 0x000001e052708800 DEOPT UNPACKING pc=0x000001e03a9774af sp=0x00000021ae5f6eb0 mode 2
Event: 14.010 Thread 0x000001e052708800 Uncommon trap: trap_request=0xffffff4d fr.pc=0x000001e0427ab744 relative=0x00000000000000a4
Event: 14.010 Thread 0x000001e052708800 Uncommon trap: reason=unstable_if action=reinterpret pc=0x000001e0427ab744 method=java.lang.CharacterDataLatin1.digit(II)I @ 12 c2
Event: 14.010 Thread 0x000001e052708800 DEOPT PACKING pc=0x000001e0427ab744 sp=0x00000021ae5f6f90
Event: 14.010 Thread 0x000001e052708800 DEOPT UNPACKING pc=0x000001e03a9774af sp=0x00000021ae5f6f08 mode 2
Event: 14.388 Thread 0x000001e052708800 Uncommon trap: trap_request=0xffffff4d fr.pc=0x000001e04292aba4 relative=0x00000000000001e4
Event: 14.388 Thread 0x000001e052708800 Uncommon trap: reason=unstable_if action=reinterpret pc=0x000001e04292aba4 method=kotlin.reflect.jvm.internal.impl.protobuf.CodedInputStream.readRawVarint32()I @ 10 c2
Event: 14.388 Thread 0x000001e052708800 DEOPT PACKING pc=0x000001e04292aba4 sp=0x00000021ae5f60a0
Event: 14.388 Thread 0x000001e052708800 DEOPT UNPACKING pc=0x000001e03a9774af sp=0x00000021ae5f6020 mode 2
Event: 14.398 Thread 0x000001e052708800 Uncommon trap: trap_request=0xffffff4d fr.pc=0x000001e04279ffcc relative=0x000000000000060c
Event: 14.398 Thread 0x000001e052708800 Uncommon trap: reason=unstable_if action=reinterpret pc=0x000001e04279ffcc method=java.lang.String.indexOf([BBILjava/lang/String;I)I @ 54 c2
Event: 14.398 Thread 0x000001e052708800 DEOPT PACKING pc=0x000001e04279ffcc sp=0x00000021ae5f6d70
Event: 14.398 Thread 0x000001e052708800 DEOPT UNPACKING pc=0x000001e03a9774af sp=0x00000021ae5f6cd8 mode 2
Event: 14.937 Thread 0x000001e052708800 Uncommon trap: trap_request=0xffffffc6 fr.pc=0x000001e04286d6f0 relative=0x0000000000000310
Event: 14.937 Thread 0x000001e052708800 Uncommon trap: reason=bimorphic_or_optimized_type_check action=maybe_recompile pc=0x000001e04286d6f0 method=com.google.common.collect.ImmutableList.copyOf(Ljava/util/Collection;)Lcom/google/common/collect/ImmutableList; @ 11 c2
Event: 14.937 Thread 0x000001e052708800 DEOPT PACKING pc=0x000001e04286d6f0 sp=0x00000021ae5f7630
Event: 14.937 Thread 0x000001e052708800 DEOPT UNPACKING pc=0x000001e03a9774af sp=0x00000021ae5f75f8 mode 2

Classes redefined (0 events):
No events

Internal exceptions (20 events):
Event: 12.730 Thread 0x000001e052708800 Exception <a 'java/lang/ClassNotFoundException'{0x00000000c716d088}: com/android/build/gradle/tasks/factory/AndroidUnitTest_DecoratedCustomizer> (0x00000000c716d088) thrown at [./src/hotspot/share/classfile/systemDictionary.cpp, line 231]
Event: 12.866 Thread 0x000001e052708800 Exception <a 'java/lang/ClassNotFoundException'{0x00000000c7e463b8}: org/gradle/api/internal/tasks/DefaultSourceSetContainer_DecoratedBeanInfo> (0x00000000c7e463b8) thrown at [./src/hotspot/share/classfile/systemDictionary.cpp, line 231]
Event: 12.866 Thread 0x000001e052708800 Exception <a 'java/lang/ClassNotFoundException'{0x00000000c7e62458}: org/gradle/api/internal/tasks/DefaultSourceSetContainerBeanInfo> (0x00000000c7e62458) thrown at [./src/hotspot/share/classfile/systemDictionary.cpp, line 231]
Event: 12.866 Thread 0x000001e052708800 Exception <a 'java/lang/ClassNotFoundException'{0x00000000c7e7d4f8}: org/gradle/api/internal/tasks/DefaultSourceSetContainerCustomizer> (0x00000000c7e7d4f8) thrown at [./src/hotspot/share/classfile/systemDictionary.cpp, line 231]
Event: 12.867 Thread 0x000001e052708800 Exception <a 'java/lang/ClassNotFoundException'{0x00000000c7ea67a0}: org/gradle/api/internal/tasks/DefaultSourceSetContainer_DecoratedCustomizer> (0x00000000c7ea67a0) thrown at [./src/hotspot/share/classfile/systemDictionary.cpp, line 231]
Event: 13.414 Thread 0x000001e05561a800 Exception <a 'java/lang/NoSuchMethodError'{0x00000000c7792940}: 'java.lang.Object java.lang.invoke.DirectMethodHandle$Holder.invokeSpecialIFC(java.lang.Object, java.lang.Object, java.lang.Object)'> (0x00000000c7792940) thrown at [./src/hotspot/share/interpreter/linkResolver.cpp, line 773]
Event: 13.414 Thread 0x000001e055619000 Exception <a 'java/lang/NoSuchMethodError'{0x00000000c7797d50}: 'java.lang.Object java.lang.invoke.DirectMethodHandle$Holder.invokeSpecialIFC(java.lang.Object, java.lang.Object, java.lang.Object)'> (0x00000000c7797d50) thrown at [./src/hotspot/share/interpreter/linkResolver.cpp, line 773]
Event: 13.414 Thread 0x000001e052708800 Exception <a 'java/lang/NoSuchMethodError'{0x00000000c789e5c0}: 'java.lang.Object java.lang.invoke.DirectMethodHandle$Holder.invokeSpecialIFC(java.lang.Object, java.lang.Object, java.lang.Object)'> (0x00000000c789e5c0) thrown at [./src/hotspot/share/interpreter/linkResolver.cpp, line 773]
Event: 13.453 Thread 0x000001e052342800 Exception <a 'java/lang/NoSuchMethodError'{0x00000000c72aac28}: 'void java.lang.invoke.DirectMethodHandle$Holder.invokeStatic(java.lang.Object, java.lang.Object, java.lang.Object, java.lang.Object, java.lang.Object, java.lang.Object, java.lang.Object)'> (0x00000000c72aac28) thrown at [./src/hotspot/share/interpreter/linkResolver.cpp, line 773]
Event: 13.453 Thread 0x000001e05561d000 Exception <a 'java/lang/NoSuchMethodError'{0x00000000c7281fb0}: 'void java.lang.invoke.DirectMethodHandle$Holder.invokeStatic(java.lang.Object, java.lang.Object, java.lang.Object, java.lang.Object, java.lang.Object, java.lang.Object, java.lang.Object)'> (0x00000000c7281fb0) thrown at [./src/hotspot/share/interpreter/linkResolver.cpp, line 773]
Event: 13.453 Thread 0x000001e05561a800 Exception <a 'java/lang/NoSuchMethodError'{0x00000000c72a12b0}: 'void java.lang.invoke.DirectMethodHandle$Holder.invokeStatic(java.lang.Object, java.lang.Object, java.lang.Object, java.lang.Object, java.lang.Object, java.lang.Object, java.lang.Object)'> (0x00000000c72a12b0) thrown at [./src/hotspot/share/interpreter/linkResolver.cpp, line 773]
Event: 13.453 Thread 0x000001e052343000 Exception <a 'java/lang/NoSuchMethodError'{0x00000000c7291d28}: 'void java.lang.invoke.DirectMethodHandle$Holder.invokeStatic(java.lang.Object, java.lang.Object, java.lang.Object, java.lang.Object, java.lang.Object, java.lang.Object, java.lang.Object)'> (0x00000000c7291d28) thrown at [./src/hotspot/share/interpreter/linkResolver.cpp, line 773]
Event: 13.453 Thread 0x000001e05561c800 Exception <a 'java/lang/NoSuchMethodError'{0x00000000c7274fc8}: 'void java.lang.invoke.DirectMethodHandle$Holder.invokeStatic(java.lang.Object, java.lang.Object, java.lang.Object, java.lang.Object, java.lang.Object, java.lang.Object, java.lang.Object)'> (0x00000000c7274fc8) thrown at [./src/hotspot/share/interpreter/linkResolver.cpp, line 773]
Event: 13.453 Thread 0x000001e055619000 Exception <a 'java/lang/NoSuchMethodError'{0x00000000c7277040}: 'void java.lang.invoke.DirectMethodHandle$Holder.invokeStatic(java.lang.Object, java.lang.Object, java.lang.Object, java.lang.Object, java.lang.Object, java.lang.Object, java.lang.Object)'> (0x00000000c7277040) thrown at [./src/hotspot/share/interpreter/linkResolver.cpp, line 773]
Event: 13.455 Thread 0x000001e055619000 Exception <a 'java/lang/NoSuchMethodError'{0x00000000c72e4490}: 'void java.lang.invoke.DirectMethodHandle$Holder.invokeStatic(java.lang.Object, java.lang.Object, java.lang.Object, java.lang.Object, java.lang.Object, int, java.lang.Object)'> (0x00000000c72e4490) thrown at [./src/hotspot/share/interpreter/linkResolver.cpp, line 773]
Event: 13.622 Thread 0x000001e052708800 Exception <a 'sun/nio/fs/WindowsException'{0x00000000c7ac3060}> (0x00000000c7ac3060) thrown at [./src/hotspot/share/prims/jni.cpp, line 615]
Event: 13.729 Thread 0x000001e052708800 Exception <a 'java/lang/NullPointerException'{0x00000000c71b4ff8}> (0x00000000c71b4ff8) thrown at [./src/hotspot/share/interpreter/linkResolver.cpp, line 1440]
Event: 13.824 Thread 0x000001e052708800 Implicit null exception at 0x000001e04281750d to 0x000001e042817bbc
Event: 13.975 Thread 0x000001e052708800 Exception <a 'java/lang/NoSuchMethodError'{0x00000000c7621880}: 'int java.lang.invoke.DirectMethodHandle$Holder.invokeStatic(java.lang.Object, java.lang.Object, int, java.lang.Object)'> (0x00000000c7621880) thrown at [./src/hotspot/share/interpreter/linkResolver.cpp, line 773]
Event: 14.895 Thread 0x000001e054fb1800 Exception <a 'java/lang/NoSuchMethodError'{0x00000000c7815d40}: 'int java.lang.invoke.DirectMethodHandle$Holder.invokeVirtual(java.lang.Object, java.lang.Object)'> (0x00000000c7815d40) thrown at [./src/hotspot/share/interpreter/linkResolver.cpp, line 773]

Events (20 events):
Event: 14.905 loading class org/gradle/api/internal/project/ProjectInternal
Event: 14.905 loading class org/gradle/api/internal/project/ProjectInternal done
Event: 14.905 loading class org/gradle/api/internal/artifacts/ivyservice/projectmodule/DefaultProjectLocalComponentProvider
Event: 14.905 loading class org/gradle/api/internal/artifacts/ivyservice/projectmodule/DefaultProjectLocalComponentProvider done
Event: 14.909 loading class org/gradle/internal/component/model/DefaultSelectedByVariantMatchingLocalConfigurationMetadata
Event: 14.909 loading class org/gradle/internal/component/model/DefaultSelectedByVariantMatchingLocalConfigurationMetadata done
Event: 14.932 loading class org/gradle/internal/component/model/VariantResolveMetadata
Event: 14.932 loading class org/gradle/internal/component/model/VariantResolveMetadata done
Event: 14.932 loading class org/gradle/internal/component/model/VariantResolveMetadata$Identifier
Event: 14.932 loading class org/gradle/internal/component/model/VariantResolveMetadata$Identifier done
Event: 14.932 loading class org/gradle/api/internal/artifacts/ivyservice/projectmodule/ProjectArtifactSetResolver
Event: 14.932 loading class org/gradle/api/internal/artifacts/ivyservice/projectmodule/ProjectArtifactSetResolver done
Event: 14.933 loading class org/gradle/api/internal/artifacts/ivyservice/resolveengine/artifact/DefaultArtifactSet$MultipleVariantArtifactSet
Event: 14.933 loading class org/gradle/api/internal/artifacts/ivyservice/resolveengine/artifact/DefaultArtifactSet$MultipleVariantArtifactSet done
Event: 14.939 loading class org/gradle/internal/component/local/model/LocalComponentArtifactMetadata
Event: 14.939 loading class org/gradle/internal/component/local/model/LocalComponentArtifactMetadata done
Event: 14.939 loading class org/gradle/api/internal/project/ProjectInternal
Event: 14.939 loading class org/gradle/api/internal/project/ProjectInternal done
Event: 14.939 loading class org/gradle/internal/component/local/model/LocalComponentArtifactMetadata
Event: 14.939 loading class org/gradle/internal/component/local/model/LocalComponentArtifactMetadata done


Dynamic libraries:
0x00007ff636f50000 - 0x00007ff636f5a000 	C:\Program Files\Android\Android Studio1\jre\bin\java.exe
0x00007ffa0fb90000 - 0x00007ffa0fd85000 	C:\WINDOWS\SYSTEM32\ntdll.dll
0x00007ffa0ef40000 - 0x00007ffa0effd000 	C:\WINDOWS\System32\KERNEL32.DLL
0x00007ffa0d6f0000 - 0x00007ffa0d9b9000 	C:\WINDOWS\System32\KERNELBASE.dll
0x00007ffa0d550000 - 0x00007ffa0d650000 	C:\WINDOWS\System32\ucrtbase.dll
0x00007ffa05c00000 - 0x00007ffa05c19000 	C:\Program Files\Android\Android Studio1\jre\bin\jli.dll
0x00007ffa05be0000 - 0x00007ffa05bf7000 	C:\Program Files\Android\Android Studio1\jre\bin\VCRUNTIME140.dll
0x00007ffa0dcf0000 - 0x00007ffa0de90000 	C:\WINDOWS\System32\USER32.dll
0x00007ffa0d2d0000 - 0x00007ffa0d2f2000 	C:\WINDOWS\System32\win32u.dll
0x00007ffa0ea80000 - 0x00007ffa0eaaa000 	C:\WINDOWS\System32\GDI32.dll
0x00007ff9f9df0000 - 0x00007ff9fa08a000 	C:\WINDOWS\WinSxS\amd64_microsoft.windows.common-controls_6595b64144ccf1df_6.0.19041.1110_none_60b5254171f9507e\COMCTL32.dll
0x00007ffa0d360000 - 0x00007ffa0d46b000 	C:\WINDOWS\System32\gdi32full.dll
0x00007ffa0f010000 - 0x00007ffa0f0ae000 	C:\WINDOWS\System32\msvcrt.dll
0x00007ffa0d650000 - 0x00007ffa0d6ed000 	C:\WINDOWS\System32\msvcp_win.dll
0x00007ffa0ee60000 - 0x00007ffa0ee90000 	C:\WINDOWS\System32\IMM32.DLL
0x00007ff9d65f0000 - 0x00007ff9d668d000 	C:\Program Files\Android\Android Studio1\jre\bin\msvcp140.dll
0x00007ff9ba910000 - 0x00007ff9bb3cc000 	C:\Program Files\Android\Android Studio1\jre\bin\server\jvm.dll
0x00007ffa0ee90000 - 0x00007ffa0ef3c000 	C:\WINDOWS\System32\ADVAPI32.dll
0x00007ffa0e7b0000 - 0x00007ffa0e84b000 	C:\WINDOWS\System32\sechost.dll
0x00007ffa0e210000 - 0x00007ffa0e33a000 	C:\WINDOWS\System32\RPCRT4.dll
0x00007ffa0ed10000 - 0x00007ffa0ed18000 	C:\WINDOWS\System32\PSAPI.DLL
0x00007ffa05b70000 - 0x00007ffa05b79000 	C:\WINDOWS\SYSTEM32\WSOCK32.dll
0x00007ffa04a60000 - 0x00007ffa04a6a000 	C:\WINDOWS\SYSTEM32\VERSION.dll
0x00007ffa02310000 - 0x00007ffa02337000 	C:\WINDOWS\SYSTEM32\WINMM.dll
0x00007ffa0e9a0000 - 0x00007ffa0ea0b000 	C:\WINDOWS\System32\WS2_32.dll
0x00007ffa0bb90000 - 0x00007ffa0bba2000 	C:\WINDOWS\SYSTEM32\kernel.appcore.dll
0x00007ffa058b0000 - 0x00007ffa058c1000 	C:\Program Files\Android\Android Studio1\jre\bin\verify.dll
0x00007ffa0afb0000 - 0x00007ffa0b194000 	C:\WINDOWS\SYSTEM32\DBGHELP.DLL
0x00007ff9fbe70000 - 0x00007ff9fbe9c000 	C:\WINDOWS\SYSTEM32\dbgcore.DLL
0x00007ffa0d4c0000 - 0x00007ffa0d543000 	C:\WINDOWS\System32\bcryptPrimitives.dll
0x00007ffa05880000 - 0x00007ffa058a9000 	C:\Program Files\Android\Android Studio1\jre\bin\java.dll
0x00007ffa07860000 - 0x00007ffa0786b000 	C:\Program Files\Android\Android Studio1\jre\bin\jimage.dll
0x00007ffa01800000 - 0x00007ffa01818000 	C:\Program Files\Android\Android Studio1\jre\bin\zip.dll
0x00007ffa0f0b0000 - 0x00007ffa0f7ef000 	C:\WINDOWS\System32\SHELL32.dll
0x00007ffa0b3e0000 - 0x00007ffa0bb71000 	C:\WINDOWS\SYSTEM32\windows.storage.dll
0x00007ffa0f7f0000 - 0x00007ffa0fb45000 	C:\WINDOWS\System32\combase.dll
0x00007ffa0cd40000 - 0x00007ffa0cd6c000 	C:\WINDOWS\SYSTEM32\Wldp.dll
0x00007ffa0de90000 - 0x00007ffa0df3e000 	C:\WINDOWS\System32\SHCORE.dll
0x00007ffa0ea10000 - 0x00007ffa0ea65000 	C:\WINDOWS\System32\shlwapi.dll
0x00007ffa0d210000 - 0x00007ffa0d22f000 	C:\WINDOWS\SYSTEM32\profapi.dll
0x00007ffa017e0000 - 0x00007ffa017fa000 	C:\Program Files\Android\Android Studio1\jre\bin\net.dll
0x00007ffa014f0000 - 0x00007ffa015fa000 	C:\WINDOWS\SYSTEM32\WINHTTP.dll
0x00007ffa0ca30000 - 0x00007ffa0ca9a000 	C:\WINDOWS\system32\mswsock.dll
0x00007ffa00c50000 - 0x00007ffa00c64000 	C:\Program Files\Android\Android Studio1\jre\bin\nio.dll
0x00007ff9fb720000 - 0x00007ff9fb747000 	C:\Users\Dark Knight\.gradle\native\fdc75f09e3144964f2cf3f50f0aa648679c211496f362492102eb8c894070792\windows-amd64\native-platform.dll
0x00007ff9c1c60000 - 0x00007ff9c1df6000 	C:\Users\Dark Knight\.gradle\native\12488b8bf47d2d4c9fbf2f6322a914ad602e24e48041cd04a747c6da556b65c4\windows-amd64\native-platform-file-events.dll
0x00007ffa07580000 - 0x00007ffa0758a000 	C:\Program Files\Android\Android Studio1\jre\bin\management.dll
0x00007ffa06840000 - 0x00007ffa0684c000 	C:\Program Files\Android\Android Studio1\jre\bin\management_ext.dll
0x00007ffa0cc40000 - 0x00007ffa0cc58000 	C:\WINDOWS\SYSTEM32\CRYPTSP.dll
0x00007ffa0c370000 - 0x00007ffa0c3a4000 	C:\WINDOWS\system32\rsaenh.dll
0x00007ffa0da70000 - 0x00007ffa0da97000 	C:\WINDOWS\System32\bcrypt.dll
0x00007ffa0d1d0000 - 0x00007ffa0d1fe000 	C:\WINDOWS\SYSTEM32\USERENV.dll
0x00007ffa0cc30000 - 0x00007ffa0cc3c000 	C:\WINDOWS\SYSTEM32\CRYPTBASE.dll
0x00007ffa0c720000 - 0x00007ffa0c75b000 	C:\WINDOWS\SYSTEM32\IPHLPAPI.DLL
0x00007ffa0f000000 - 0x00007ffa0f008000 	C:\WINDOWS\System32\NSI.dll
0x00007ffa034e0000 - 0x00007ffa034f7000 	C:\WINDOWS\SYSTEM32\dhcpcsvc6.DLL
0x00007ffa03da0000 - 0x00007ffa03dbd000 	C:\WINDOWS\SYSTEM32\dhcpcsvc.DLL
0x00007ffa0c760000 - 0x00007ffa0c82c000 	C:\WINDOWS\SYSTEM32\DNSAPI.dll
0x00007ffa04a70000 - 0x00007ffa04a7b000 	C:\WINDOWS\SYSTEM32\WINNSI.DLL

dbghelp: loaded successfully - version: 4.0.5 - missing functions: none
symbol engine: initialized successfully - sym options: 0x614 - pdb path: .;C:\Program Files\Android\Android Studio1\jre\bin;C:\WINDOWS\SYSTEM32;C:\WINDOWS\WinSxS\amd64_microsoft.windows.common-controls_6595b64144ccf1df_6.0.19041.1110_none_60b5254171f9507e;C:\Program Files\Android\Android Studio1\jre\bin\server;C:\Users\Dark Knight\.gradle\native\fdc75f09e3144964f2cf3f50f0aa648679c211496f362492102eb8c894070792\windows-amd64;C:\Users\Dark Knight\.gradle\native\12488b8bf47d2d4c9fbf2f6322a914ad602e24e48041cd04a747c6da556b65c4\windows-amd64

VM Arguments:
jvm_args: --add-opens=java.base/java.util=ALL-UNNAMED --add-opens=java.base/java.lang=ALL-UNNAMED --add-opens=java.base/java.lang.invoke=ALL-UNNAMED --add-opens=java.prefs/java.util.prefs=ALL-UNNAMED -Xmx1024m -Dfile.encoding=windows-1252 -Duser.country=IN -Duser.language=en -Duser.variant 
java_command: org.gradle.launcher.daemon.bootstrap.GradleDaemon 6.7.1
java_class_path (initial): C:\Users\Dark Knight\.gradle\wrapper\dists\gradle-6.7.1-bin\bwlcbys1h7rz3272sye1xwiv6\gradle-6.7.1\lib\gradle-launcher-6.7.1.jar
Launcher Type: SUN_STANDARD

[Global flags]
     intx CICompilerCount                          = 4                                         {product} {ergonomic}
     uint ConcGCThreads                            = 2                                         {product} {ergonomic}
     uint G1ConcRefinementThreads                  = 8                                         {product} {ergonomic}
   size_t G1HeapRegionSize                         = 1048576                                   {product} {ergonomic}
    uintx GCDrainStackTargetSize                   = 64                                        {product} {ergonomic}
   size_t InitialHeapSize                          = 134217728                                 {product} {ergonomic}
   size_t MarkStackSize                            = 4194304                                   {product} {ergonomic}
   size_t MaxHeapSize                              = 1073741824                                {product} {command line}
   size_t MaxNewSize                               = 643825664                                 {product} {ergonomic}
   size_t MinHeapDeltaBytes                        = 1048576                                   {product} {ergonomic}
    uintx NonNMethodCodeHeapSize                   = 5836300                                {pd product} {ergonomic}
    uintx NonProfiledCodeHeapSize                  = 122910970                              {pd product} {ergonomic}
    uintx ProfiledCodeHeapSize                     = 122910970                              {pd product} {ergonomic}
    uintx ReservedCodeCacheSize                    = 251658240                              {pd product} {ergonomic}
     bool SegmentedCodeCache                       = true                                      {product} {ergonomic}
     bool UseCompressedClassPointers               = true                                 {lp64_product} {ergonomic}
     bool UseCompressedOops                        = true                                 {lp64_product} {ergonomic}
     bool UseG1GC                                  = true                                      {product} {ergonomic}
     bool UseLargePagesIndividualAllocation        = false                                  {pd product} {ergonomic}

Logging:
Log output configuration:
 #0: stdout all=warning uptime,level,tags
 #1: stderr all=off uptime,level,tags

Environment Variables:
PATH=C:\Windows\system32;C:\Windows;C:\Windows\System32\Wbem;C:\Windows\System32\WindowsPowerShell\v1.0\;C:\Windows\System32\OpenSSH\;C:\Program Files (x86)\NVIDIA Corporation\PhysX\Common;C:\Program Files\NVIDIA Corporation\NVIDIA NvDLISR;C:\WINDOWS\system32;C:\WINDOWS;C:\WINDOWS\System32\Wbem;C:\WINDOWS\System32\WindowsPowerShell\v1.0\;C:\WINDOWS\System32\OpenSSH\;C:\MinGW\bin;C:\Program Files\MEGA-X;C:\WINDOWS\system32;C:\WINDOWS;C:\WINDOWS\System32\Wbem;C:\WINDOWS\System32\WindowsPowerShell\v1.0\;C:\WINDOWS\System32\OpenSSH\;C:\Program Files\Git\cmd;C:\Users\Dark Knight\AppData\Local\Microsoft\WindowsApps;C:\Users\Dark Knight\AppData\Local\atom\bin;C:\Program Files (x86)\Microsoft Visual Studio\2019\BuildTools\MSBuild\Current\Bin;C:\Users\Dark Knight\AppData\Local\Microsoft\WindowsApps
USERNAME=Dark Knight
OS=Windows_NT
PROCESSOR_IDENTIFIER=Intel64 Family 6 Model 158 Stepping 10, GenuineIntel



---------------  S Y S T E M  ---------------

OS: Windows 10 , 64 bit Build 19041 (10.0.19041.1023)
OS uptime: 9 days 23:02 hours

CPU:total 8 (initial active 8) (4 cores per cpu, 2 threads per core) family 6 model 158 stepping 10, cmov, cx8, fxsr, mmx, sse, sse2, sse3, ssse3, sse4.1, sse4.2, popcnt, avx, avx2, aes, clmul, erms, 3dnowpref, lzcnt, ht, tsc, tscinvbit, bmi1, bmi2, adx, fma

Memory: 4k page, system-wide physical 8112M (663M free)
TotalPageFile size 12208M (AvailPageFile size 7M)
current process WorkingSet (physical memory assigned to process): 390M, peak: 393M
current process commit charge ("private bytes"): 431M, peak: 434M

vm_info: OpenJDK 64-Bit Server VM (11.0.8+10-b944.6842174) for windows-amd64 JRE (11.0.8+10-b944.6842174), built on Sep 19 2020 01:11:42 by "builder" with MS VC++ 14.0 (VS2015)

END.
