#
# There is insufficient memory for the Java Runtime Environment to continue.
# Native memory allocation (malloc) failed to allocate 1810736 bytes for Chunk::new
# Possible reasons:
#   The system is out of physical RAM or swap space
#   The process is running with CompressedOops enabled, and the Java Heap may be blocking the growth of the native heap
# Possible solutions:
#   Reduce memory load on the system
#   Increase physical memory or swap space
#   Check if swap backing store is full
#   Decrease Java heap size (-Xmx/-Xms)
#   Decrease number of Java threads
#   Decrease Java thread stack sizes (-Xss)
#   Set larger code cache with -XX:ReservedCodeCacheSize=
#   JVM is running with Unscaled Compressed Oops mode in which the Java heap is
#     placed in the first 4GB address space. The Java Heap base address is the
#     maximum limit for the native heap growth. Please use -XX:HeapBaseMinAddress
#     to set the Java Heap base and to place the Java Heap above 4GB virtual address.
# This output file may be truncated or incomplete.
#
#  Out of Memory Error (./src/hotspot/share/memory/arena.cpp:197), pid=40740, tid=22404
#
# JRE version: OpenJDK Runtime Environment (11.0.8+10) (build 11.0.8+10-b944.6842174)
# Java VM: OpenJDK 64-Bit Server VM (11.0.8+10-b944.6842174, mixed mode, tiered, compressed oops, g1 gc, windows-amd64)
# No core dump will be written. Minidumps are not enabled by default on client versions of Windows
#

---------------  S U M M A R Y ------------

Command Line: --add-opens=java.base/java.util=ALL-UNNAMED --add-opens=java.base/java.lang=ALL-UNNAMED --add-opens=java.base/java.lang.invoke=ALL-UNNAMED --add-opens=java.prefs/java.util.prefs=ALL-UNNAMED -Xmx2048m -Dfile.encoding=UTF-8 -Duser.country=IN -Duser.language=en -Duser.variant org.gradle.launcher.daemon.bootstrap.GradleDaemon 6.7.1

Host: Intel(R) Core(TM) i5-9300H CPU @ 2.40GHz, 8 cores, 7G,  Windows 10 , 64 bit Build 19041 (10.0.19041.1023)
Time: Wed Jul 28 16:53:04 2021 India Standard Time elapsed time: 118 seconds (0d 0h 1m 58s)

---------------  T H R E A D  ---------------

Current thread (0x00000148d3b28000):  JavaThread "C2 CompilerThread2" daemon [_thread_in_native, id=22404, stack(0x0000003354b00000,0x0000003354c00000)]


Current CompileTask:
C2: 118758 10822       4       groovy.lang.MetaClassImpl$1MOPIter::methodNameAction (325 bytes)

Stack: [0x0000003354b00000,0x0000003354c00000]
Native frames: (J=compiled Java code, j=interpreted, Vv=VM code, C=native code)
V  [jvm.dll+0x5de50a]
V  [jvm.dll+0x7122f5]
V  [jvm.dll+0x71384d]
V  [jvm.dll+0x713f03]
V  [jvm.dll+0x23e728]
V  [jvm.dll+0xb899c]
V  [jvm.dll+0xb8e9c]
V  [jvm.dll+0x35020b]
V  [jvm.dll+0x31dea3]
V  [jvm.dll+0x31d39a]
V  [jvm.dll+0x1f7702]
V  [jvm.dll+0x1f68d4]
V  [jvm.dll+0x17f32c]
V  [jvm.dll+0x205047]
V  [jvm.dll+0x203891]
V  [jvm.dll+0x6dad3f]
V  [jvm.dll+0x6d3895]
V  [jvm.dll+0x5dd4a6]
C  [ucrtbase.dll+0x21bb2]
C  [KERNEL32.DLL+0x17034]
C  [ntdll.dll+0x52651]


---------------  P R O C E S S  ---------------

Threads class SMR info:
_java_thread_list=0x00000148ca368090, length=161, elements={
0x00000148ad40c000, 0x00000148c7ee3000, 0x00000148c7ee4800, 0x00000148c8872800,
0x00000148c8873800, 0x00000148c8875000, 0x00000148c887b000, 0x00000148c887c000,
0x00000148c89be000, 0x00000148c89ce800, 0x00000148c9690000, 0x00000148c8b11800,
0x00000148c9c95000, 0x00000148ca8c4800, 0x00000148ca8c7800, 0x00000148ca8c8800,
0x00000148ca8ca000, 0x00000148cc4e7800, 0x00000148cf635000, 0x00000148cc68e800,
0x00000148cc690000, 0x00000148cc68d800, 0x00000148cc695800, 0x00000148cc696800,
0x00000148cc693000, 0x00000148cc697800, 0x00000148cc691800, 0x00000148cc698000,
0x00000148cc692800, 0x00000148cc699000, 0x00000148cc694000, 0x00000148cc69a000,
0x00000148cf628000, 0x00000148cf62c000, 0x00000148cf62d000, 0x00000148cf629000,
0x00000148cf62b000, 0x00000148cf627000, 0x00000148cf62f800, 0x00000148cf62a800,
0x00000148cf629800, 0x00000148cf630000, 0x00000148cf633800, 0x00000148cc4ea800,
0x00000148cc4f2000, 0x00000148cc4ef800, 0x00000148cc4f2800, 0x00000148cc4ed000,
0x00000148cc4f1000, 0x00000148cc4f3800, 0x00000148cc4ee000, 0x00000148cc4f4800,
0x00000148ca8c9800, 0x00000148ca8c5800, 0x00000148ca8c3800, 0x00000148ca8c6000,
0x00000148ca8c7000, 0x00000148c9f5c800, 0x00000148c9f5d000, 0x00000148c9f5e000,
0x00000148c9f5a800, 0x00000148c9f5f000, 0x00000148c9f59000, 0x00000148c9f5f800,
0x00000148c9f5a000, 0x00000148c9f60800, 0x00000148c9f61000, 0x00000148c9f5b800,
0x00000148c9f67800, 0x00000148c9f62000, 0x00000148c9f63000, 0x00000148c9f64800,
0x00000148c9f63800, 0x00000148c9f65800, 0x00000148c9f66000, 0x00000148c9f67000,
0x00000148d6619800, 0x00000148d661a000, 0x00000148d661b000, 0x00000148d661c000,
0x00000148d6616000, 0x00000148d661c800, 0x00000148d6617000, 0x00000148d6617800,
0x00000148d661d800, 0x00000148d661e800, 0x00000148d6618800, 0x00000148d6620000,
0x00000148d661f000, 0x00000148d6620800, 0x00000148d6621800, 0x00000148d6624000,
0x00000148d6622800, 0x00000148d6625000, 0x00000148d6623000, 0x00000148d6630800,
0x00000148d662e000, 0x00000148d6631800, 0x00000148d6632000, 0x00000148d6630000,
0x00000148d6633000, 0x00000148d6634000, 0x00000148d6634800, 0x00000148d662f000,
0x00000148d6637000, 0x00000148d663a800, 0x00000148d6638000, 0x00000148d663b000,
0x00000148d6638800, 0x00000148d6635800, 0x00000148d663c000, 0x00000148d6636800,
0x00000148d6639800, 0x00000148d663d000, 0x00000148d279b000, 0x00000148d279f000,
0x00000148d27a0000, 0x00000148d279c000, 0x00000148d279c800, 0x00000148d279d800,
0x00000148d279e800, 0x00000148d279a000, 0x00000148d27a3000, 0x00000148d27a4000,
0x00000148d27a5000, 0x00000148d27a1000, 0x00000148d27a7800, 0x00000148d27a5800,
0x00000148d27a2800, 0x00000148d27a6800, 0x00000148d27a1800, 0x00000148d27a8000,
0x00000148d27a9000, 0x00000148d3b1b000, 0x00000148d3b1b800, 0x00000148d3b1a000,
0x00000148d3b1f000, 0x00000148d3b19000, 0x00000148d3b1e000, 0x00000148d3b22000,
0x00000148d3b1c800, 0x00000148d3b23000, 0x00000148d3b1d800, 0x00000148d3b1f800,
0x00000148d3b24000, 0x00000148d3b24800, 0x00000148d3b20800, 0x00000148d3b25800,
0x00000148d3b27000, 0x00000148d3b26800, 0x00000148d3b21800, 0x00000148d3b28000,
0x00000148cc4e5800, 0x00000148cc4eb800, 0x00000148cc4e9800, 0x00000148cc4ec000,
0x00000148cc4e8000, 0x00000148cc4e6800, 0x00000148cc4ee800, 0x00000148cc4f0000,
0x00000148cf631000
}

Java Threads: ( => current thread )
  0x00000148ad40c000 JavaThread "main" [_thread_blocked, id=39916, stack(0x0000003350a00000,0x0000003350b00000)]
  0x00000148c7ee3000 JavaThread "Reference Handler" daemon [_thread_blocked, id=17192, stack(0x0000003351100000,0x0000003351200000)]
  0x00000148c7ee4800 JavaThread "Finalizer" daemon [_thread_blocked, id=24452, stack(0x0000003351200000,0x0000003351300000)]
  0x00000148c8872800 JavaThread "Signal Dispatcher" daemon [_thread_blocked, id=9088, stack(0x0000003351300000,0x0000003351400000)]
  0x00000148c8873800 JavaThread "Attach Listener" daemon [_thread_blocked, id=28292, stack(0x0000003351400000,0x0000003351500000)]
  0x00000148c8875000 JavaThread "C2 CompilerThread0" daemon [_thread_in_native, id=19636, stack(0x0000003351500000,0x0000003351600000)]
  0x00000148c887b000 JavaThread "C1 CompilerThread0" daemon [_thread_blocked, id=31464, stack(0x0000003351600000,0x0000003351700000)]
  0x00000148c887c000 JavaThread "Sweeper thread" daemon [_thread_blocked, id=4988, stack(0x0000003351700000,0x0000003351800000)]
  0x00000148c89be000 JavaThread "Common-Cleaner" daemon [_thread_blocked, id=31008, stack(0x0000003351800000,0x0000003351900000)]
  0x00000148c89ce800 JavaThread "Service Thread" daemon [_thread_blocked, id=31912, stack(0x0000003351900000,0x0000003351a00000)]
  0x00000148c9690000 JavaThread "Daemon health stats" [_thread_blocked, id=33868, stack(0x0000003351f00000,0x0000003352000000)]
  0x00000148c8b11800 JavaThread "Incoming local TCP Connector on port 57384" [_thread_in_native, id=26464, stack(0x0000003352000000,0x0000003352100000)]
  0x00000148c9c95000 JavaThread "Daemon periodic checks" [_thread_blocked, id=29720, stack(0x0000003352100000,0x0000003352200000)]
  0x00000148ca8c4800 JavaThread "Cache worker for file hash cache (C:\Users\Dark Knight\.gradle\caches\6.7.1\fileHashes)" [_thread_blocked, id=40028, stack(0x0000003352e00000,0x0000003352f00000)]
  0x00000148ca8c7800 JavaThread "File lock request listener" [_thread_in_native, id=26104, stack(0x0000003352f00000,0x0000003353000000)]
  0x00000148ca8c8800 JavaThread "Cache worker for journal cache (C:\Users\Dark Knight\.gradle\caches\journal-1)" [_thread_in_native, id=37780, stack(0x0000003353100000,0x0000003353200000)]
  0x00000148ca8ca000 JavaThread "Cache worker for execution history cache (C:\Users\Dark Knight\.gradle\caches\6.7.1\executionHistory)" [_thread_blocked, id=19300, stack(0x0000003353800000,0x0000003353900000)]
  0x00000148cc4e7800 JavaThread "Cache worker for file content cache (C:\Users\Dark Knight\.gradle\caches\6.7.1\fileContent)" [_thread_blocked, id=35236, stack(0x0000003353a00000,0x0000003353b00000)]
  0x00000148cf635000 JavaThread "Memory manager" [_thread_blocked, id=35172, stack(0x000000335ba00000,0x000000335bb00000)]
  0x00000148cc68e800 JavaThread "pool-3-thread-1" [_thread_blocked, id=40832, stack(0x000000335bc00000,0x000000335bd00000)]
  0x00000148cc690000 JavaThread "Daemon Thread 2" [_thread_blocked, id=39776, stack(0x0000003350700000,0x0000003350800000)]
  0x00000148cc68d800 JavaThread "Daemon worker Thread 2" [_thread_blocked, id=8308, stack(0x0000003352200000,0x0000003352300000)]
  0x00000148cc695800 JavaThread "jar transforms Thread 120" [_thread_blocked, id=30260, stack(0x0000003352700000,0x0000003352800000)]
  0x00000148cc696800 JavaThread "jar transforms Thread 121" [_thread_blocked, id=7844, stack(0x0000003352800000,0x0000003352900000)]
  0x00000148cc693000 JavaThread "jar transforms Thread 122" [_thread_blocked, id=32960, stack(0x0000003353200000,0x0000003353300000)]
  0x00000148cc697800 JavaThread "jar transforms Thread 123" [_thread_blocked, id=10808, stack(0x0000003353300000,0x0000003353400000)]
  0x00000148cc691800 JavaThread "jar transforms Thread 124" [_thread_blocked, id=10304, stack(0x0000003353400000,0x0000003353500000)]
  0x00000148cc698000 JavaThread "jar transforms Thread 125" [_thread_blocked, id=35572, stack(0x0000003353500000,0x0000003353600000)]
  0x00000148cc692800 JavaThread "jar transforms Thread 126" [_thread_blocked, id=23052, stack(0x0000003353600000,0x0000003353700000)]
  0x00000148cc699000 JavaThread "jar transforms Thread 127" [_thread_blocked, id=20360, stack(0x0000003353700000,0x0000003353800000)]
  0x00000148cc694000 JavaThread "jar transforms Thread 128" [_thread_blocked, id=4240, stack(0x0000003353900000,0x0000003353a00000)]
  0x00000148cc69a000 JavaThread "jar transforms Thread 129" [_thread_blocked, id=40096, stack(0x0000003353b00000,0x0000003353c00000)]
  0x00000148cf628000 JavaThread "jar transforms Thread 130" [_thread_blocked, id=34560, stack(0x0000003353c00000,0x0000003353d00000)]
  0x00000148cf62c000 JavaThread "jar transforms Thread 131" [_thread_blocked, id=32208, stack(0x0000003353d00000,0x0000003353e00000)]
  0x00000148cf62d000 JavaThread "jar transforms Thread 132" [_thread_blocked, id=11460, stack(0x0000003353e00000,0x0000003353f00000)]
  0x00000148cf629000 JavaThread "jar transforms Thread 133" [_thread_blocked, id=36548, stack(0x0000003353f00000,0x0000003354000000)]
  0x00000148cf62b000 JavaThread "jar transforms Thread 134" [_thread_blocked, id=18520, stack(0x0000003354200000,0x0000003354300000)]
  0x00000148cf627000 JavaThread "jar transforms Thread 135" [_thread_blocked, id=21736, stack(0x0000003354100000,0x0000003354200000)]
  0x00000148cf62f800 JavaThread "jar transforms Thread 136" [_thread_blocked, id=40780, stack(0x0000003354300000,0x0000003354400000)]
  0x00000148cf62a800 JavaThread "jar transforms Thread 137" [_thread_blocked, id=41648, stack(0x0000003354000000,0x0000003354100000)]
  0x00000148cf629800 JavaThread "jar transforms Thread 138" [_thread_blocked, id=4276, stack(0x0000003354400000,0x0000003354500000)]
  0x00000148cf630000 JavaThread "jar transforms Thread 139" [_thread_blocked, id=16164, stack(0x0000003354500000,0x0000003354600000)]
  0x00000148cf633800 JavaThread "jar transforms Thread 140" [_thread_blocked, id=39924, stack(0x0000003354600000,0x0000003354700000)]
  0x00000148cc4ea800 JavaThread "jar transforms Thread 141" [_thread_blocked, id=19832, stack(0x0000003355500000,0x0000003355600000)]
  0x00000148cc4f2000 JavaThread "jar transforms Thread 142" [_thread_blocked, id=3444, stack(0x0000003355600000,0x0000003355700000)]
  0x00000148cc4ef800 JavaThread "jar transforms Thread 143" [_thread_blocked, id=13152, stack(0x0000003355700000,0x0000003355800000)]
  0x00000148cc4f2800 JavaThread "jar transforms Thread 144" [_thread_blocked, id=33424, stack(0x0000003355800000,0x0000003355900000)]
  0x00000148cc4ed000 JavaThread "jar transforms Thread 145" [_thread_blocked, id=10804, stack(0x0000003355900000,0x0000003355a00000)]
  0x00000148cc4f1000 JavaThread "jar transforms Thread 146" [_thread_blocked, id=40848, stack(0x0000003355a00000,0x0000003355b00000)]
  0x00000148cc4f3800 JavaThread "jar transforms Thread 147" [_thread_blocked, id=32064, stack(0x0000003355b00000,0x0000003355c00000)]
  0x00000148cc4ee000 JavaThread "jar transforms Thread 148" [_thread_blocked, id=11336, stack(0x0000003355c00000,0x0000003355d00000)]
  0x00000148cc4f4800 JavaThread "jar transforms Thread 149" [_thread_blocked, id=10012, stack(0x0000003355d00000,0x0000003355e00000)]
  0x00000148ca8c9800 JavaThread "jar transforms Thread 150" [_thread_blocked, id=35396, stack(0x0000003355e00000,0x0000003355f00000)]
  0x00000148ca8c5800 JavaThread "jar transforms Thread 151" [_thread_blocked, id=39992, stack(0x0000003355f00000,0x0000003356000000)]
  0x00000148ca8c3800 JavaThread "jar transforms Thread 152" [_thread_blocked, id=32572, stack(0x0000003356000000,0x0000003356100000)]
  0x00000148ca8c6000 JavaThread "jar transforms Thread 153" [_thread_blocked, id=31196, stack(0x0000003356100000,0x0000003356200000)]
  0x00000148ca8c7000 JavaThread "jar transforms Thread 154" [_thread_blocked, id=12888, stack(0x0000003356200000,0x0000003356300000)]
  0x00000148c9f5c800 JavaThread "jar transforms Thread 155" [_thread_blocked, id=32452, stack(0x0000003356300000,0x0000003356400000)]
  0x00000148c9f5d000 JavaThread "jar transforms Thread 156" [_thread_blocked, id=38032, stack(0x0000003356400000,0x0000003356500000)]
  0x00000148c9f5e000 JavaThread "jar transforms Thread 157" [_thread_blocked, id=41892, stack(0x0000003356500000,0x0000003356600000)]
  0x00000148c9f5a800 JavaThread "jar transforms Thread 158" [_thread_blocked, id=37492, stack(0x0000003356600000,0x0000003356700000)]
  0x00000148c9f5f000 JavaThread "jar transforms Thread 159" [_thread_blocked, id=29624, stack(0x0000003356700000,0x0000003356800000)]
  0x00000148c9f59000 JavaThread "jar transforms Thread 160" [_thread_blocked, id=27776, stack(0x0000003356800000,0x0000003356900000)]
  0x00000148c9f5f800 JavaThread "jar transforms Thread 161" [_thread_blocked, id=41152, stack(0x0000003356900000,0x0000003356a00000)]
  0x00000148c9f5a000 JavaThread "jar transforms Thread 162" [_thread_blocked, id=1924, stack(0x0000003356a00000,0x0000003356b00000)]
  0x00000148c9f60800 JavaThread "jar transforms Thread 163" [_thread_blocked, id=21244, stack(0x0000003356b00000,0x0000003356c00000)]
  0x00000148c9f61000 JavaThread "jar transforms Thread 164" [_thread_blocked, id=9840, stack(0x0000003356c00000,0x0000003356d00000)]
  0x00000148c9f5b800 JavaThread "jar transforms Thread 165" [_thread_blocked, id=36888, stack(0x0000003356d00000,0x0000003356e00000)]
  0x00000148c9f67800 JavaThread "jar transforms Thread 166" [_thread_blocked, id=29896, stack(0x0000003356e00000,0x0000003356f00000)]
  0x00000148c9f62000 JavaThread "jar transforms Thread 167" [_thread_blocked, id=36584, stack(0x0000003356f00000,0x0000003357000000)]
  0x00000148c9f63000 JavaThread "jar transforms Thread 168" [_thread_blocked, id=37392, stack(0x0000003357000000,0x0000003357100000)]
  0x00000148c9f64800 JavaThread "jar transforms Thread 169" [_thread_blocked, id=19600, stack(0x0000003357100000,0x0000003357200000)]
  0x00000148c9f63800 JavaThread "jar transforms Thread 170" [_thread_blocked, id=11744, stack(0x0000003357200000,0x0000003357300000)]
  0x00000148c9f65800 JavaThread "jar transforms Thread 171" [_thread_blocked, id=21956, stack(0x0000003357300000,0x0000003357400000)]
  0x00000148c9f66000 JavaThread "jar transforms Thread 172" [_thread_blocked, id=17856, stack(0x0000003357400000,0x0000003357500000)]
  0x00000148c9f67000 JavaThread "jar transforms Thread 173" [_thread_blocked, id=27272, stack(0x0000003357500000,0x0000003357600000)]
  0x00000148d6619800 JavaThread "jar transforms Thread 174" [_thread_blocked, id=14356, stack(0x0000003357600000,0x0000003357700000)]
  0x00000148d661a000 JavaThread "jar transforms Thread 175" [_thread_blocked, id=41760, stack(0x0000003357700000,0x0000003357800000)]
  0x00000148d661b000 JavaThread "jar transforms Thread 176" [_thread_blocked, id=35896, stack(0x0000003357800000,0x0000003357900000)]
  0x00000148d661c000 JavaThread "jar transforms Thread 177" [_thread_blocked, id=38456, stack(0x0000003357900000,0x0000003357a00000)]
  0x00000148d6616000 JavaThread "jar transforms Thread 178" [_thread_blocked, id=9100, stack(0x0000003357a00000,0x0000003357b00000)]
  0x00000148d661c800 JavaThread "jar transforms Thread 179" [_thread_blocked, id=39416, stack(0x0000003357b00000,0x0000003357c00000)]
  0x00000148d6617000 JavaThread "jar transforms Thread 180" [_thread_blocked, id=20488, stack(0x0000003357c00000,0x0000003357d00000)]
  0x00000148d6617800 JavaThread "jar transforms Thread 181" [_thread_blocked, id=38676, stack(0x0000003357d00000,0x0000003357e00000)]
  0x00000148d661d800 JavaThread "jar transforms Thread 182" [_thread_blocked, id=17344, stack(0x0000003357e00000,0x0000003357f00000)]
  0x00000148d661e800 JavaThread "jar transforms Thread 183" [_thread_blocked, id=14404, stack(0x0000003357f00000,0x0000003358000000)]
  0x00000148d6618800 JavaThread "jar transforms Thread 184" [_thread_blocked, id=24040, stack(0x0000003358000000,0x0000003358100000)]
  0x00000148d6620000 JavaThread "jar transforms Thread 185" [_thread_blocked, id=24544, stack(0x0000003358100000,0x0000003358200000)]
  0x00000148d661f000 JavaThread "jar transforms Thread 186" [_thread_blocked, id=35268, stack(0x0000003358200000,0x0000003358300000)]
  0x00000148d6620800 JavaThread "jar transforms Thread 187" [_thread_blocked, id=32992, stack(0x0000003358300000,0x0000003358400000)]
  0x00000148d6621800 JavaThread "jar transforms Thread 188" [_thread_blocked, id=28996, stack(0x0000003358400000,0x0000003358500000)]
  0x00000148d6624000 JavaThread "jar transforms Thread 189" [_thread_blocked, id=37424, stack(0x0000003358500000,0x0000003358600000)]
  0x00000148d6622800 JavaThread "jar transforms Thread 190" [_thread_blocked, id=17420, stack(0x0000003358600000,0x0000003358700000)]
  0x00000148d6625000 JavaThread "jar transforms Thread 191" [_thread_blocked, id=30564, stack(0x0000003358700000,0x0000003358800000)]
  0x00000148d6623000 JavaThread "jar transforms Thread 192" [_thread_blocked, id=33500, stack(0x0000003358800000,0x0000003358900000)]
  0x00000148d6630800 JavaThread "jar transforms Thread 193" [_thread_blocked, id=3144, stack(0x0000003358900000,0x0000003358a00000)]
  0x00000148d662e000 JavaThread "jar transforms Thread 194" [_thread_blocked, id=36780, stack(0x0000003358a00000,0x0000003358b00000)]
  0x00000148d6631800 JavaThread "jar transforms Thread 195" [_thread_blocked, id=21940, stack(0x0000003358b00000,0x0000003358c00000)]
  0x00000148d6632000 JavaThread "jar transforms Thread 196" [_thread_blocked, id=37752, stack(0x0000003358c00000,0x0000003358d00000)]
  0x00000148d6630000 JavaThread "jar transforms Thread 197" [_thread_blocked, id=20688, stack(0x0000003358d00000,0x0000003358e00000)]
  0x00000148d6633000 JavaThread "jar transforms Thread 198" [_thread_blocked, id=11832, stack(0x0000003358e00000,0x0000003358f00000)]
  0x00000148d6634000 JavaThread "jar transforms Thread 199" [_thread_blocked, id=3828, stack(0x0000003358f00000,0x0000003359000000)]
  0x00000148d6634800 JavaThread "jar transforms Thread 200" [_thread_blocked, id=13388, stack(0x0000003359000000,0x0000003359100000)]
  0x00000148d662f000 JavaThread "jar transforms Thread 201" [_thread_blocked, id=27864, stack(0x0000003359100000,0x0000003359200000)]
  0x00000148d6637000 JavaThread "jar transforms Thread 202" [_thread_blocked, id=15028, stack(0x0000003359200000,0x0000003359300000)]
  0x00000148d663a800 JavaThread "jar transforms Thread 203" [_thread_blocked, id=31780, stack(0x0000003359300000,0x0000003359400000)]
  0x00000148d6638000 JavaThread "jar transforms Thread 204" [_thread_blocked, id=21836, stack(0x0000003359400000,0x0000003359500000)]
  0x00000148d663b000 JavaThread "jar transforms Thread 205" [_thread_blocked, id=39036, stack(0x0000003359500000,0x0000003359600000)]
  0x00000148d6638800 JavaThread "jar transforms Thread 206" [_thread_blocked, id=13656, stack(0x0000003359600000,0x0000003359700000)]
  0x00000148d6635800 JavaThread "jar transforms Thread 207" [_thread_blocked, id=17428, stack(0x0000003359700000,0x0000003359800000)]
  0x00000148d663c000 JavaThread "jar transforms Thread 208" [_thread_blocked, id=25060, stack(0x0000003359800000,0x0000003359900000)]
  0x00000148d6636800 JavaThread "jar transforms Thread 209" [_thread_blocked, id=33568, stack(0x0000003359900000,0x0000003359a00000)]
  0x00000148d6639800 JavaThread "jar transforms Thread 210" [_thread_blocked, id=33668, stack(0x0000003359a00000,0x0000003359b00000)]
  0x00000148d663d000 JavaThread "jar transforms Thread 211" [_thread_blocked, id=38348, stack(0x0000003359b00000,0x0000003359c00000)]
  0x00000148d279b000 JavaThread "jar transforms Thread 212" [_thread_blocked, id=41404, stack(0x0000003359c00000,0x0000003359d00000)]
  0x00000148d279f000 JavaThread "jar transforms Thread 213" [_thread_blocked, id=20952, stack(0x0000003359d00000,0x0000003359e00000)]
  0x00000148d27a0000 JavaThread "jar transforms Thread 214" [_thread_blocked, id=35600, stack(0x0000003359e00000,0x0000003359f00000)]
  0x00000148d279c000 JavaThread "jar transforms Thread 215" [_thread_in_Java, id=30936, stack(0x0000003359f00000,0x000000335a000000)]
  0x00000148d279c800 JavaThread "jar transforms Thread 216" [_thread_blocked, id=38436, stack(0x000000335a000000,0x000000335a100000)]
  0x00000148d279d800 JavaThread "jar transforms Thread 217" [_thread_blocked, id=38996, stack(0x000000335a100000,0x000000335a200000)]
  0x00000148d279e800 JavaThread "jar transforms Thread 218" [_thread_blocked, id=19848, stack(0x000000335a200000,0x000000335a300000)]
  0x00000148d279a000 JavaThread "jar transforms Thread 219" [_thread_blocked, id=41644, stack(0x000000335a300000,0x000000335a400000)]
  0x00000148d27a3000 JavaThread "jar transforms Thread 220" [_thread_blocked, id=33252, stack(0x000000335a400000,0x000000335a500000)]
  0x00000148d27a4000 JavaThread "jar transforms Thread 221" [_thread_blocked, id=7968, stack(0x000000335a500000,0x000000335a600000)]
  0x00000148d27a5000 JavaThread "jar transforms Thread 222" [_thread_blocked, id=41352, stack(0x000000335a600000,0x000000335a700000)]
  0x00000148d27a1000 JavaThread "jar transforms Thread 223" [_thread_blocked, id=20368, stack(0x000000335a700000,0x000000335a800000)]
  0x00000148d27a7800 JavaThread "jar transforms Thread 224" [_thread_blocked, id=16636, stack(0x000000335a800000,0x000000335a900000)]
  0x00000148d27a5800 JavaThread "jar transforms Thread 225" [_thread_blocked, id=41612, stack(0x000000335a900000,0x000000335aa00000)]
  0x00000148d27a2800 JavaThread "jar transforms Thread 226" [_thread_blocked, id=27028, stack(0x000000335aa00000,0x000000335ab00000)]
  0x00000148d27a6800 JavaThread "jar transforms Thread 227" [_thread_blocked, id=10432, stack(0x000000335ab00000,0x000000335ac00000)]
  0x00000148d27a1800 JavaThread "jar transforms Thread 228" [_thread_blocked, id=19364, stack(0x000000335ac00000,0x000000335ad00000)]
  0x00000148d27a8000 JavaThread "jar transforms Thread 229" [_thread_blocked, id=21536, stack(0x000000335ad00000,0x000000335ae00000)]
  0x00000148d27a9000 JavaThread "jar transforms Thread 230" [_thread_blocked, id=32548, stack(0x000000335ae00000,0x000000335af00000)]
  0x00000148d3b1b000 JavaThread "jar transforms Thread 231" [_thread_blocked, id=8488, stack(0x000000335af00000,0x000000335b000000)]
  0x00000148d3b1b800 JavaThread "jar transforms Thread 232" [_thread_blocked, id=24508, stack(0x000000335b000000,0x000000335b100000)]
  0x00000148d3b1a000 JavaThread "jar transforms Thread 233" [_thread_blocked, id=5320, stack(0x000000335b100000,0x000000335b200000)]
  0x00000148d3b1f000 JavaThread "jar transforms Thread 234" [_thread_blocked, id=33692, stack(0x000000335b200000,0x000000335b300000)]
  0x00000148d3b19000 JavaThread "jar transforms Thread 235" [_thread_blocked, id=31072, stack(0x000000335b300000,0x000000335b400000)]
  0x00000148d3b1e000 JavaThread "jar transforms Thread 236" [_thread_blocked, id=41792, stack(0x000000335b400000,0x000000335b500000)]
  0x00000148d3b22000 JavaThread "jar transforms Thread 237" [_thread_blocked, id=18336, stack(0x000000335b500000,0x000000335b600000)]
  0x00000148d3b1c800 JavaThread "jar transforms Thread 238" [_thread_blocked, id=22088, stack(0x000000335b600000,0x000000335b700000)]
  0x00000148d3b23000 JavaThread "Handler for socket connection from /127.0.0.1:57384 to /127.0.0.1:50007" [_thread_in_native, id=40880, stack(0x0000003350800000,0x0000003350900000)]
  0x00000148d3b1d800 JavaThread "Cancel handler" [_thread_blocked, id=1424, stack(0x0000003350900000,0x0000003350a00000)]
  0x00000148d3b1f800 JavaThread "Asynchronous log dispatcher for DefaultDaemonConnection: socket connection from /127.0.0.1:57384 to /127.0.0.1:50007" [_thread_blocked, id=41520, stack(0x0000003352300000,0x0000003352400000)]
  0x00000148d3b24000 JavaThread "Stdin handler" [_thread_blocked, id=18232, stack(0x0000003352400000,0x0000003352500000)]
  0x00000148d3b24800 JavaThread "Thread-301" [_thread_blocked, id=37204, stack(0x0000003352500000,0x0000003352600000)]
  0x00000148d3b20800 JavaThread "C2 CompilerThread1" daemon [_thread_in_native, id=20184, stack(0x0000003352600000,0x0000003352700000)]
  0x00000148d3b25800 JavaThread "Cache worker for file hash cache (C:\Android Projects\Udemy TUTORIAL\KidsDrawingApp\.gradle\6.7.1\fileHashes)" [_thread_blocked, id=36528, stack(0x0000003354700000,0x0000003354800000)]
  0x00000148d3b27000 JavaThread "Cache worker for checksums cache (C:\Android Projects\Udemy TUTORIAL\KidsDrawingApp\.gradle\checksums)" [_thread_blocked, id=41316, stack(0x0000003354800000,0x0000003354900000)]
  0x00000148d3b26800 JavaThread "Cache worker for cache directory md-supplier (C:\Users\Dark Knight\.gradle\caches\6.7.1\md-supplier)" [_thread_blocked, id=37880, stack(0x0000003354900000,0x0000003354a00000)]
  0x00000148d3b21800 JavaThread "Cache worker for cache directory md-rule (C:\Users\Dark Knight\.gradle\caches\6.7.1\md-rule)" [_thread_blocked, id=39012, stack(0x0000003354a00000,0x0000003354b00000)]
=>0x00000148d3b28000 JavaThread "C2 CompilerThread2" daemon [_thread_in_native, id=22404, stack(0x0000003354b00000,0x0000003354c00000)]
  0x00000148cc4e5800 JavaThread "Cache worker for Build Output Cleanup Cache (C:\Android Projects\Udemy TUTORIAL\KidsDrawingApp\.gradle\buildOutputCleanup)" [_thread_blocked, id=39676, stack(0x0000003354c00000,0x0000003354d00000)]
  0x00000148cc4eb800 JavaThread "Build operations" [_thread_blocked, id=39456, stack(0x0000003354d00000,0x0000003354e00000)]
  0x00000148cc4e9800 JavaThread "Build operations Thread 2" [_thread_blocked, id=11800, stack(0x0000003354e00000,0x0000003354f00000)]
  0x00000148cc4ec000 JavaThread "Build operations Thread 3" [_thread_blocked, id=12880, stack(0x0000003354f00000,0x0000003355000000)]
  0x00000148cc4e8000 JavaThread "Build operations Thread 4" [_thread_blocked, id=31428, stack(0x0000003355000000,0x0000003355100000)]
  0x00000148cc4e6800 JavaThread "Build operations Thread 5" [_thread_blocked, id=36320, stack(0x0000003355100000,0x0000003355200000)]
  0x00000148cc4ee800 JavaThread "Build operations Thread 6" [_thread_blocked, id=14312, stack(0x0000003355200000,0x0000003355300000)]
  0x00000148cc4f0000 JavaThread "Build operations Thread 7" [_thread_blocked, id=36724, stack(0x0000003355300000,0x0000003355400000)]
  0x00000148cf631000 JavaThread "Build operations Thread 8" [_thread_blocked, id=21804, stack(0x0000003355400000,0x0000003355500000)]

Other Threads:
  0x00000148c7edf000 VMThread "VM Thread" [stack: 0x0000003351000000,0x0000003351100000] [id=38072]
  0x00000148c89cf800 WatcherThread [stack: 0x0000003351a00000,0x0000003351b00000] [id=41148]
  0x00000148ad422800 GCTaskThread "GC Thread#0" [stack: 0x0000003350b00000,0x0000003350c00000] [id=28760]
  0x00000148c9719800 GCTaskThread "GC Thread#1" [stack: 0x0000003351d00000,0x0000003351e00000] [id=11220]
  0x00000148c98bb000 GCTaskThread "GC Thread#2" [stack: 0x0000003351e00000,0x0000003351f00000] [id=38164]
  0x00000148ca24c000 GCTaskThread "GC Thread#3" [stack: 0x0000003352900000,0x0000003352a00000] [id=35116]
  0x00000148ca2f6000 GCTaskThread "GC Thread#4" [stack: 0x0000003352a00000,0x0000003352b00000] [id=34876]
  0x00000148c9cca000 GCTaskThread "GC Thread#5" [stack: 0x0000003352b00000,0x0000003352c00000] [id=26764]
  0x00000148ca35c000 GCTaskThread "GC Thread#6" [stack: 0x0000003352c00000,0x0000003352d00000] [id=41116]
  0x00000148ca31e000 GCTaskThread "GC Thread#7" [stack: 0x0000003352d00000,0x0000003352e00000] [id=3720]
  0x00000148ad455000 ConcurrentGCThread "G1 Main Marker" [stack: 0x0000003350c00000,0x0000003350d00000] [id=26968]
  0x00000148ad457800 ConcurrentGCThread "G1 Conc#0" [stack: 0x0000003350d00000,0x0000003350e00000] [id=25440]
  0x00000148cb08b000 ConcurrentGCThread "G1 Conc#1" [stack: 0x0000003353000000,0x0000003353100000] [id=38928]
  0x00000148c7d30800 ConcurrentGCThread "G1 Refine#0" [stack: 0x0000003350e00000,0x0000003350f00000] [id=628]
  0x00000148c7d31000 ConcurrentGCThread "G1 Young RemSet Sampling" [stack: 0x0000003350f00000,0x0000003351000000] [id=25236]

Threads with active compile tasks:
C2 CompilerThread0 118818 11002       4       org.gradle.api.internal.attributes.DefaultImmutableAttributes::findEntry (37 bytes)
C2 CompilerThread1 118818 10770       4       org.gradle.internal.logging.sink.OutputEventTransformer::onOutput (399 bytes)
C2 CompilerThread2 118818 10822       4       groovy.lang.MetaClassImpl$1MOPIter::methodNameAction (325 bytes)

VM state:not at safepoint (normal execution)

VM Mutex/Monitor currently owned by a thread: None

Heap address: 0x0000000080000000, size: 2048 MB, Compressed Oops mode: 32-bit
Narrow klass base: 0x0000000000000000, Narrow klass shift: 3
Compressed class space size: 1073741824 Address: 0x0000000100000000

Heap:
 garbage-first heap   total 157696K, used 103054K [0x0000000080000000, 0x0000000100000000)
  region size 1024K, 6 young (6144K), 3 survivors (3072K)
 Metaspace       used 95334K, capacity 97816K, committed 98048K, reserved 1134592K
  class space    used 12077K, capacity 12931K, committed 13056K, reserved 1048576K
Heap Regions: E=young(eden), S=young(survivor), O=old, HS=humongous(starts), HC=humongous(continues), CS=collection set, F=free, A=archive, TAMS=top-at-mark-start (previous, next)
|   0|0x0000000080000000, 0x0000000080100000, 0x0000000080100000|100%| O|  |TAMS 0x0000000080100000, 0x0000000080100000| Untracked 
|   1|0x0000000080100000, 0x0000000080200000, 0x0000000080200000|100%| O|  |TAMS 0x0000000080200000, 0x0000000080200000| Untracked 
|   2|0x0000000080200000, 0x0000000080300000, 0x0000000080300000|100%| O|  |TAMS 0x0000000080300000, 0x0000000080300000| Untracked 
|   3|0x0000000080300000, 0x0000000080400000, 0x0000000080400000|100%|HS|  |TAMS 0x0000000080400000, 0x0000000080400000| Complete 
|   4|0x0000000080400000, 0x0000000080500000, 0x0000000080500000|100%|HC|  |TAMS 0x0000000080500000, 0x0000000080500000| Complete 
|   5|0x0000000080500000, 0x0000000080600000, 0x0000000080600000|100%|HC|  |TAMS 0x0000000080600000, 0x0000000080600000| Complete 
|   6|0x0000000080600000, 0x0000000080700000, 0x0000000080700000|100%| O|  |TAMS 0x0000000080700000, 0x0000000080700000| Untracked 
|   7|0x0000000080700000, 0x0000000080800000, 0x0000000080800000|100%| O|  |TAMS 0x0000000080800000, 0x0000000080800000| Untracked 
|   8|0x0000000080800000, 0x0000000080900000, 0x0000000080900000|100%| O|  |TAMS 0x0000000080900000, 0x0000000080900000| Untracked 
|   9|0x0000000080900000, 0x0000000080a00000, 0x0000000080a00000|100%| O|  |TAMS 0x0000000080a00000, 0x0000000080a00000| Untracked 
|  10|0x0000000080a00000, 0x0000000080b00000, 0x0000000080b00000|100%| O|  |TAMS 0x0000000080b00000, 0x0000000080b00000| Untracked 
|  11|0x0000000080b00000, 0x0000000080c00000, 0x0000000080c00000|100%| O|  |TAMS 0x0000000080c00000, 0x0000000080c00000| Untracked 
|  12|0x0000000080c00000, 0x0000000080d00000, 0x0000000080d00000|100%| O|  |TAMS 0x0000000080d00000, 0x0000000080d00000| Untracked 
|  13|0x0000000080d00000, 0x0000000080e00000, 0x0000000080e00000|100%| O|  |TAMS 0x0000000080e00000, 0x0000000080e00000| Untracked 
|  14|0x0000000080e00000, 0x0000000080f00000, 0x0000000080f00000|100%| O|  |TAMS 0x0000000080f00000, 0x0000000080f00000| Untracked 
|  15|0x0000000080f00000, 0x0000000081000000, 0x0000000081000000|100%| O|  |TAMS 0x0000000081000000, 0x0000000081000000| Untracked 
|  16|0x0000000081000000, 0x0000000081100000, 0x0000000081100000|100%| O|  |TAMS 0x0000000081100000, 0x0000000081100000| Untracked 
|  17|0x0000000081100000, 0x0000000081200000, 0x0000000081200000|100%| O|  |TAMS 0x0000000081200000, 0x0000000081200000| Untracked 
|  18|0x0000000081200000, 0x0000000081300000, 0x0000000081300000|100%| O|  |TAMS 0x0000000081300000, 0x0000000081300000| Untracked 
|  19|0x0000000081300000, 0x0000000081400000, 0x0000000081400000|100%|HS|  |TAMS 0x0000000081400000, 0x0000000081400000| Complete 
|  20|0x0000000081400000, 0x0000000081500000, 0x0000000081500000|100%| O|  |TAMS 0x0000000081500000, 0x0000000081500000| Untracked 
|  21|0x0000000081500000, 0x0000000081600000, 0x0000000081600000|100%| O|  |TAMS 0x0000000081600000, 0x0000000081600000| Untracked 
|  22|0x0000000081600000, 0x0000000081700000, 0x0000000081700000|100%|HS|  |TAMS 0x0000000081700000, 0x0000000081700000| Complete 
|  23|0x0000000081700000, 0x0000000081800000, 0x0000000081800000|100%|HS|  |TAMS 0x0000000081800000, 0x0000000081800000| Complete 
|  24|0x0000000081800000, 0x0000000081900000, 0x0000000081900000|100%|HC|  |TAMS 0x0000000081900000, 0x0000000081900000| Complete 
|  25|0x0000000081900000, 0x0000000081a00000, 0x0000000081a00000|100%|HC|  |TAMS 0x0000000081a00000, 0x0000000081a00000| Complete 
|  26|0x0000000081a00000, 0x0000000081b00000, 0x0000000081b00000|100%|HS|  |TAMS 0x0000000081b00000, 0x0000000081b00000| Complete 
|  27|0x0000000081b00000, 0x0000000081c00000, 0x0000000081c00000|100%|HC|  |TAMS 0x0000000081c00000, 0x0000000081c00000| Complete 
|  28|0x0000000081c00000, 0x0000000081d00000, 0x0000000081d00000|100%| O|  |TAMS 0x0000000081d00000, 0x0000000081d00000| Untracked 
|  29|0x0000000081d00000, 0x0000000081e00000, 0x0000000081e00000|100%| O|  |TAMS 0x0000000081e00000, 0x0000000081e00000| Untracked 
|  30|0x0000000081e00000, 0x0000000081f00000, 0x0000000081f00000|100%| O|  |TAMS 0x0000000081f00000, 0x0000000081f00000| Untracked 
|  31|0x0000000081f00000, 0x0000000082000000, 0x0000000082000000|100%| O|  |TAMS 0x0000000082000000, 0x0000000082000000| Untracked 
|  32|0x0000000082000000, 0x0000000082100000, 0x0000000082100000|100%| O|  |TAMS 0x0000000082100000, 0x0000000082100000| Untracked 
|  33|0x0000000082100000, 0x0000000082200000, 0x0000000082200000|100%| O|  |TAMS 0x0000000082200000, 0x0000000082200000| Untracked 
|  34|0x0000000082200000, 0x0000000082300000, 0x0000000082300000|100%| O|  |TAMS 0x0000000082300000, 0x0000000082300000| Untracked 
|  35|0x0000000082300000, 0x0000000082400000, 0x0000000082400000|100%| O|  |TAMS 0x0000000082400000, 0x0000000082400000| Untracked 
|  36|0x0000000082400000, 0x0000000082500000, 0x0000000082500000|100%| O|  |TAMS 0x0000000082500000, 0x0000000082500000| Untracked 
|  37|0x0000000082500000, 0x0000000082600000, 0x0000000082600000|100%| O|  |TAMS 0x0000000082600000, 0x0000000082600000| Untracked 
|  38|0x0000000082600000, 0x0000000082700000, 0x0000000082700000|100%| O|  |TAMS 0x0000000082700000, 0x0000000082700000| Untracked 
|  39|0x0000000082700000, 0x0000000082800000, 0x0000000082800000|100%| O|  |TAMS 0x0000000082800000, 0x0000000082800000| Untracked 
|  40|0x0000000082800000, 0x0000000082900000, 0x0000000082900000|100%| O|  |TAMS 0x0000000082900000, 0x0000000082900000| Untracked 
|  41|0x0000000082900000, 0x0000000082a00000, 0x0000000082a00000|100%| O|  |TAMS 0x0000000082a00000, 0x0000000082a00000| Untracked 
|  42|0x0000000082a00000, 0x0000000082b00000, 0x0000000082b00000|100%| O|  |TAMS 0x0000000082b00000, 0x0000000082b00000| Untracked 
|  43|0x0000000082b00000, 0x0000000082c00000, 0x0000000082c00000|100%| O|  |TAMS 0x0000000082c00000, 0x0000000082c00000| Untracked 
|  44|0x0000000082c00000, 0x0000000082d00000, 0x0000000082d00000|100%| O|  |TAMS 0x0000000082d00000, 0x0000000082d00000| Untracked 
|  45|0x0000000082d00000, 0x0000000082e00000, 0x0000000082e00000|100%| O|  |TAMS 0x0000000082e00000, 0x0000000082e00000| Untracked 
|  46|0x0000000082e00000, 0x0000000082f00000, 0x0000000082f00000|100%| O|  |TAMS 0x0000000082f00000, 0x0000000082f00000| Untracked 
|  47|0x0000000082f00000, 0x0000000083000000, 0x0000000083000000|100%| O|  |TAMS 0x0000000083000000, 0x0000000083000000| Untracked 
|  48|0x0000000083000000, 0x0000000083100000, 0x0000000083100000|100%| O|  |TAMS 0x0000000083100000, 0x0000000083100000| Untracked 
|  49|0x0000000083100000, 0x0000000083200000, 0x0000000083200000|100%| O|  |TAMS 0x0000000083200000, 0x0000000083200000| Untracked 
|  50|0x0000000083200000, 0x0000000083300000, 0x0000000083300000|100%| O|  |TAMS 0x0000000083300000, 0x0000000083300000| Untracked 
|  51|0x0000000083300000, 0x0000000083400000, 0x0000000083400000|100%| O|  |TAMS 0x0000000083400000, 0x0000000083400000| Untracked 
|  52|0x0000000083400000, 0x0000000083500000, 0x0000000083500000|100%| O|  |TAMS 0x0000000083500000, 0x0000000083500000| Untracked 
|  53|0x0000000083500000, 0x0000000083600000, 0x0000000083600000|100%| O|  |TAMS 0x0000000083600000, 0x0000000083600000| Untracked 
|  54|0x0000000083600000, 0x0000000083700000, 0x0000000083700000|100%| O|  |TAMS 0x0000000083700000, 0x0000000083700000| Untracked 
|  55|0x0000000083700000, 0x0000000083800000, 0x0000000083800000|100%| O|  |TAMS 0x0000000083800000, 0x0000000083800000| Untracked 
|  56|0x0000000083800000, 0x0000000083900000, 0x0000000083900000|100%| O|  |TAMS 0x0000000083900000, 0x0000000083900000| Untracked 
|  57|0x0000000083900000, 0x0000000083a00000, 0x0000000083a00000|100%| O|  |TAMS 0x0000000083a00000, 0x0000000083a00000| Untracked 
|  58|0x0000000083a00000, 0x0000000083b00000, 0x0000000083b00000|100%| O|  |TAMS 0x0000000083b00000, 0x0000000083b00000| Untracked 
|  59|0x0000000083b00000, 0x0000000083c00000, 0x0000000083c00000|100%| O|  |TAMS 0x0000000083c00000, 0x0000000083c00000| Untracked 
|  60|0x0000000083c00000, 0x0000000083d00000, 0x0000000083d00000|100%| O|  |TAMS 0x0000000083d00000, 0x0000000083d00000| Untracked 
|  61|0x0000000083d00000, 0x0000000083e00000, 0x0000000083e00000|100%| O|  |TAMS 0x0000000083e00000, 0x0000000083e00000| Untracked 
|  62|0x0000000083e00000, 0x0000000083f00000, 0x0000000083f00000|100%| O|  |TAMS 0x0000000083f00000, 0x0000000083f00000| Untracked 
|  63|0x0000000083f00000, 0x0000000084000000, 0x0000000084000000|100%|HS|  |TAMS 0x0000000084000000, 0x0000000084000000| Complete 
|  64|0x0000000084000000, 0x0000000084100000, 0x0000000084100000|100%|HC|  |TAMS 0x0000000084100000, 0x0000000084100000| Complete 
|  65|0x0000000084100000, 0x0000000084200000, 0x0000000084200000|100%|HS|  |TAMS 0x0000000084200000, 0x0000000084200000| Complete 
|  66|0x0000000084200000, 0x0000000084300000, 0x0000000084300000|100%|HC|  |TAMS 0x0000000084300000, 0x0000000084300000| Complete 
|  67|0x0000000084300000, 0x0000000084400000, 0x0000000084400000|100%|HC|  |TAMS 0x0000000084400000, 0x0000000084400000| Complete 
|  68|0x0000000084400000, 0x0000000084500000, 0x0000000084500000|100%| O|  |TAMS 0x0000000084500000, 0x0000000084500000| Untracked 
|  69|0x0000000084500000, 0x0000000084600000, 0x0000000084600000|100%| O|  |TAMS 0x0000000084600000, 0x0000000084600000| Untracked 
|  70|0x0000000084600000, 0x0000000084700000, 0x0000000084700000|100%| O|  |TAMS 0x0000000084700000, 0x0000000084700000| Untracked 
|  71|0x0000000084700000, 0x0000000084800000, 0x0000000084800000|100%| O|  |TAMS 0x0000000084800000, 0x0000000084800000| Untracked 
|  72|0x0000000084800000, 0x0000000084900000, 0x0000000084900000|100%|HS|  |TAMS 0x0000000084900000, 0x0000000084900000| Complete 
|  73|0x0000000084900000, 0x0000000084a00000, 0x0000000084a00000|100%|HC|  |TAMS 0x0000000084a00000, 0x0000000084a00000| Complete 
|  74|0x0000000084a00000, 0x0000000084b00000, 0x0000000084b00000|100%|HC|  |TAMS 0x0000000084b00000, 0x0000000084b00000| Complete 
|  75|0x0000000084b00000, 0x0000000084c00000, 0x0000000084c00000|100%|HC|  |TAMS 0x0000000084c00000, 0x0000000084c00000| Complete 
|  76|0x0000000084c00000, 0x0000000084d00000, 0x0000000084d00000|100%| O|  |TAMS 0x0000000084d00000, 0x0000000084d00000| Untracked 
|  77|0x0000000084d00000, 0x0000000084e00000, 0x0000000084e00000|100%| O|  |TAMS 0x0000000084e00000, 0x0000000084e00000| Untracked 
|  78|0x0000000084e00000, 0x0000000084f00000, 0x0000000084f00000|100%| O|  |TAMS 0x0000000084f00000, 0x0000000084f00000| Untracked 
|  79|0x0000000084f00000, 0x0000000085000000, 0x0000000085000000|100%| O|  |TAMS 0x0000000085000000, 0x0000000085000000| Untracked 
|  80|0x0000000085000000, 0x0000000085100000, 0x0000000085100000|100%|HS|  |TAMS 0x0000000085100000, 0x0000000085100000| Complete 
|  81|0x0000000085100000, 0x0000000085200000, 0x0000000085200000|100%|HC|  |TAMS 0x0000000085200000, 0x0000000085200000| Complete 
|  82|0x0000000085200000, 0x0000000085300000, 0x0000000085300000|100%|HC|  |TAMS 0x0000000085300000, 0x0000000085300000| Complete 
|  83|0x0000000085300000, 0x0000000085400000, 0x0000000085400000|100%|HC|  |TAMS 0x0000000085400000, 0x0000000085400000| Complete 
|  84|0x0000000085400000, 0x0000000085500000, 0x0000000085500000|100%| O|  |TAMS 0x0000000085500000, 0x0000000085500000| Untracked 
|  85|0x0000000085500000, 0x0000000085600000, 0x0000000085600000|100%| O|  |TAMS 0x0000000085600000, 0x0000000085600000| Untracked 
|  86|0x0000000085600000, 0x0000000085700000, 0x0000000085700000|100%|HS|  |TAMS 0x0000000085600000, 0x0000000085700000| Complete 
|  87|0x0000000085700000, 0x0000000085800000, 0x0000000085800000|100%|HC|  |TAMS 0x0000000085700000, 0x0000000085800000| Complete 
|  88|0x0000000085800000, 0x0000000085900000, 0x0000000085900000|100%|HC|  |TAMS 0x0000000085800000, 0x0000000085900000| Complete 
|  89|0x0000000085900000, 0x0000000085a00000, 0x0000000085a00000|100%| O|  |TAMS 0x0000000085900000, 0x0000000085a00000| Untracked 
|  90|0x0000000085a00000, 0x0000000085b00000, 0x0000000085b00000|100%| O|  |TAMS 0x0000000085a00000, 0x0000000085b00000| Untracked 
|  91|0x0000000085b00000, 0x0000000085c00000, 0x0000000085c00000|100%| O|  |TAMS 0x0000000085b00000, 0x0000000085c00000| Untracked 
|  92|0x0000000085c00000, 0x0000000085d00000, 0x0000000085d00000|100%| O|  |TAMS 0x0000000085c00000, 0x0000000085d00000| Untracked 
|  93|0x0000000085d00000, 0x0000000085e00000, 0x0000000085e00000|100%| O|  |TAMS 0x0000000085d00000, 0x0000000085e00000| Untracked 
|  94|0x0000000085e00000, 0x0000000085f00000, 0x0000000085f00000|100%| O|  |TAMS 0x0000000085e00000, 0x0000000085f00000| Untracked 
|  95|0x0000000085f00000, 0x0000000086000000, 0x0000000086000000|100%| O|  |TAMS 0x0000000085f00000, 0x0000000086000000| Untracked 
|  96|0x0000000086000000, 0x000000008604b600, 0x0000000086100000| 29%| O|  |TAMS 0x0000000086000000, 0x000000008604b600| Untracked 
|  97|0x0000000086100000, 0x0000000086100000, 0x0000000086200000|  0%| F|  |TAMS 0x0000000086100000, 0x0000000086100000| Untracked 
|  98|0x0000000086200000, 0x0000000086200000, 0x0000000086300000|  0%| F|  |TAMS 0x0000000086200000, 0x0000000086200000| Untracked 
|  99|0x0000000086300000, 0x0000000086300000, 0x0000000086400000|  0%| F|  |TAMS 0x0000000086300000, 0x0000000086300000| Untracked 
| 100|0x0000000086400000, 0x0000000086400000, 0x0000000086500000|  0%| F|  |TAMS 0x0000000086400000, 0x0000000086400000| Untracked 
| 101|0x0000000086500000, 0x0000000086500000, 0x0000000086600000|  0%| F|  |TAMS 0x0000000086500000, 0x0000000086500000| Untracked 
| 102|0x0000000086600000, 0x0000000086600000, 0x0000000086700000|  0%| F|  |TAMS 0x0000000086600000, 0x0000000086600000| Untracked 
| 103|0x0000000086700000, 0x0000000086700000, 0x0000000086800000|  0%| F|  |TAMS 0x0000000086700000, 0x0000000086700000| Untracked 
| 104|0x0000000086800000, 0x0000000086800000, 0x0000000086900000|  0%| F|  |TAMS 0x0000000086800000, 0x0000000086800000| Untracked 
| 105|0x0000000086900000, 0x0000000086900000, 0x0000000086a00000|  0%| F|  |TAMS 0x0000000086900000, 0x0000000086900000| Untracked 
| 106|0x0000000086a00000, 0x0000000086a00000, 0x0000000086b00000|  0%| F|  |TAMS 0x0000000086a00000, 0x0000000086a00000| Untracked 
| 107|0x0000000086b00000, 0x0000000086b00000, 0x0000000086c00000|  0%| F|  |TAMS 0x0000000086b00000, 0x0000000086b00000| Untracked 
| 108|0x0000000086c00000, 0x0000000086c00000, 0x0000000086d00000|  0%| F|  |TAMS 0x0000000086c00000, 0x0000000086c00000| Untracked 
| 109|0x0000000086d00000, 0x0000000086d00000, 0x0000000086e00000|  0%| F|  |TAMS 0x0000000086d00000, 0x0000000086d00000| Untracked 
| 110|0x0000000086e00000, 0x0000000086e00000, 0x0000000086f00000|  0%| F|  |TAMS 0x0000000086e00000, 0x0000000086e00000| Untracked 
| 111|0x0000000086f00000, 0x0000000086f00000, 0x0000000087000000|  0%| F|  |TAMS 0x0000000086f00000, 0x0000000086f00000| Untracked 
| 112|0x0000000087000000, 0x0000000087000000, 0x0000000087100000|  0%| F|  |TAMS 0x0000000087000000, 0x0000000087000000| Untracked 
| 113|0x0000000087100000, 0x0000000087100000, 0x0000000087200000|  0%| F|  |TAMS 0x0000000087100000, 0x0000000087100000| Untracked 
| 114|0x0000000087200000, 0x0000000087200000, 0x0000000087300000|  0%| F|  |TAMS 0x0000000087200000, 0x0000000087200000| Untracked 
| 115|0x0000000087300000, 0x0000000087300000, 0x0000000087400000|  0%| F|  |TAMS 0x0000000087300000, 0x0000000087300000| Untracked 
| 116|0x0000000087400000, 0x0000000087400000, 0x0000000087500000|  0%| F|  |TAMS 0x0000000087400000, 0x0000000087400000| Untracked 
| 117|0x0000000087500000, 0x0000000087500000, 0x0000000087600000|  0%| F|  |TAMS 0x0000000087500000, 0x0000000087500000| Untracked 
| 118|0x0000000087600000, 0x0000000087600000, 0x0000000087700000|  0%| F|  |TAMS 0x0000000087600000, 0x0000000087600000| Untracked 
| 119|0x0000000087700000, 0x0000000087700000, 0x0000000087800000|  0%| F|  |TAMS 0x0000000087700000, 0x0000000087700000| Untracked 
| 120|0x0000000087800000, 0x00000000878583e0, 0x0000000087900000| 34%| S|CS|TAMS 0x0000000087800000, 0x0000000087800000| Complete 
| 121|0x0000000087900000, 0x0000000087a00000, 0x0000000087a00000|100%| S|CS|TAMS 0x0000000087900000, 0x0000000087900000| Complete 
| 122|0x0000000087a00000, 0x0000000087b00000, 0x0000000087b00000|100%| S|CS|TAMS 0x0000000087a00000, 0x0000000087a00000| Complete 
| 123|0x0000000087b00000, 0x0000000087b00000, 0x0000000087c00000|  0%| F|  |TAMS 0x0000000087b00000, 0x0000000087b00000| Untracked 
| 124|0x0000000087c00000, 0x0000000087c00000, 0x0000000087d00000|  0%| F|  |TAMS 0x0000000087c00000, 0x0000000087c00000| Untracked 
| 125|0x0000000087d00000, 0x0000000087d00000, 0x0000000087e00000|  0%| F|  |TAMS 0x0000000087d00000, 0x0000000087d00000| Untracked 
| 126|0x0000000087e00000, 0x0000000087e00000, 0x0000000087f00000|  0%| F|  |TAMS 0x0000000087e00000, 0x0000000087e00000| Untracked 
| 127|0x0000000087f00000, 0x0000000087f00000, 0x0000000088000000|  0%| F|  |TAMS 0x0000000087f00000, 0x0000000087f00000| Untracked 
| 128|0x0000000088000000, 0x0000000088000000, 0x0000000088100000|  0%| F|  |TAMS 0x0000000088000000, 0x0000000088000000| Untracked 
| 129|0x0000000088100000, 0x0000000088100000, 0x0000000088200000|  0%| F|  |TAMS 0x0000000088100000, 0x0000000088100000| Untracked 
| 130|0x0000000088200000, 0x0000000088200000, 0x0000000088300000|  0%| F|  |TAMS 0x0000000088200000, 0x0000000088200000| Untracked 
| 131|0x0000000088300000, 0x0000000088300000, 0x0000000088400000|  0%| F|  |TAMS 0x0000000088300000, 0x0000000088300000| Untracked 
| 132|0x0000000088400000, 0x0000000088400000, 0x0000000088500000|  0%| F|  |TAMS 0x0000000088400000, 0x0000000088400000| Untracked 
| 133|0x0000000088500000, 0x0000000088500000, 0x0000000088600000|  0%| F|  |TAMS 0x0000000088500000, 0x0000000088500000| Untracked 
| 134|0x0000000088600000, 0x0000000088600000, 0x0000000088700000|  0%| F|  |TAMS 0x0000000088600000, 0x0000000088600000| Untracked 
| 135|0x0000000088700000, 0x0000000088700000, 0x0000000088800000|  0%| F|  |TAMS 0x0000000088700000, 0x0000000088700000| Untracked 
| 136|0x0000000088800000, 0x0000000088800000, 0x0000000088900000|  0%| F|  |TAMS 0x0000000088800000, 0x0000000088800000| Untracked 
| 137|0x0000000088900000, 0x0000000088900000, 0x0000000088a00000|  0%| F|  |TAMS 0x0000000088900000, 0x0000000088900000| Untracked 
| 138|0x0000000088a00000, 0x0000000088a00000, 0x0000000088b00000|  0%| F|  |TAMS 0x0000000088a00000, 0x0000000088a00000| Untracked 
| 139|0x0000000088b00000, 0x0000000088b00000, 0x0000000088c00000|  0%| F|  |TAMS 0x0000000088b00000, 0x0000000088b00000| Untracked 
| 140|0x0000000088c00000, 0x0000000088c00000, 0x0000000088d00000|  0%| F|  |TAMS 0x0000000088c00000, 0x0000000088c00000| Untracked 
| 141|0x0000000088d00000, 0x0000000088d00000, 0x0000000088e00000|  0%| F|  |TAMS 0x0000000088d00000, 0x0000000088d00000| Untracked 
| 142|0x0000000088e00000, 0x0000000088e00000, 0x0000000088f00000|  0%| F|  |TAMS 0x0000000088e00000, 0x0000000088e00000| Untracked 
| 143|0x0000000088f00000, 0x0000000088f00000, 0x0000000089000000|  0%| F|  |TAMS 0x0000000088f00000, 0x0000000088f00000| Untracked 
| 144|0x0000000089000000, 0x0000000089000000, 0x0000000089100000|  0%| F|  |TAMS 0x0000000089000000, 0x0000000089000000| Untracked 
| 145|0x0000000089100000, 0x0000000089100000, 0x0000000089200000|  0%| F|  |TAMS 0x0000000089100000, 0x0000000089100000| Untracked 
| 146|0x0000000089200000, 0x0000000089200000, 0x0000000089300000|  0%| F|  |TAMS 0x0000000089200000, 0x0000000089200000| Untracked 
| 147|0x0000000089300000, 0x0000000089300000, 0x0000000089400000|  0%| F|  |TAMS 0x0000000089300000, 0x0000000089300000| Untracked 
| 148|0x0000000089400000, 0x0000000089400000, 0x0000000089500000|  0%| F|  |TAMS 0x0000000089400000, 0x0000000089400000| Untracked 
| 149|0x0000000089500000, 0x0000000089500000, 0x0000000089600000|  0%| F|  |TAMS 0x0000000089500000, 0x0000000089500000| Untracked 
| 150|0x0000000089600000, 0x0000000089600000, 0x0000000089700000|  0%| F|  |TAMS 0x0000000089600000, 0x0000000089600000| Untracked 
| 151|0x0000000089700000, 0x00000000897ed1b0, 0x0000000089800000| 92%| E|  |TAMS 0x0000000089700000, 0x0000000089700000| Complete 
| 152|0x0000000089800000, 0x0000000089900000, 0x0000000089900000|100%| E|CS|TAMS 0x0000000089800000, 0x0000000089800000| Complete 
| 153|0x0000000089900000, 0x0000000089a00000, 0x0000000089a00000|100%| E|CS|TAMS 0x0000000089900000, 0x0000000089900000| Complete 

Card table byte_map: [0x00000148c0c00000,0x00000148c1000000] _byte_map_base: 0x00000148c0800000

Marking Bits (Prev, Next): (CMBitMap*) 0x00000148ad44b138, (CMBitMap*) 0x00000148ad44b170
 Prev Bits: [0x00000148c1400000, 0x00000148c3400000)
 Next Bits: [0x00000148c3400000, 0x00000148c5400000)

Polling page: 0x00000148abbe0000

Metaspace:

Usage:
  Non-class:     82.90 MB capacity,    81.31 MB ( 98%) used,     1.36 MB (  2%) free+waste,   238.50 KB ( <1%) overhead. 
      Class:     12.63 MB capacity,    11.79 MB ( 93%) used,   746.09 KB (  6%) free+waste,   107.81 KB ( <1%) overhead. 
       Both:     95.52 MB capacity,    93.10 MB ( 97%) used,     2.08 MB (  2%) free+waste,   346.31 KB ( <1%) overhead. 

Virtual space:
  Non-class space:       84.00 MB reserved,      83.00 MB ( 99%) committed 
      Class space:        1.00 GB reserved,      12.75 MB (  1%) committed 
             Both:        1.08 GB reserved,      95.75 MB (  9%) committed 

Chunk freelists:
   Non-Class:  43.00 KB
       Class:  0 bytes
        Both:  43.00 KB

MaxMetaspaceSize: 17179869184.00 GB
CompressedClassSpaceSize: 1.00 GB

CodeHeap 'non-profiled nmethods': size=120000Kb used=6062Kb max_used=6405Kb free=113937Kb
 bounds [0x00000148b8860000, 0x00000148b8eb0000, 0x00000148bfd90000]
CodeHeap 'profiled nmethods': size=120000Kb used=22775Kb max_used=23109Kb free=97224Kb
 bounds [0x00000148b1330000, 0x00000148b29d0000, 0x00000148b8860000]
CodeHeap 'non-nmethods': size=5760Kb used=2290Kb max_used=2345Kb free=3470Kb
 bounds [0x00000148b0d90000, 0x00000148b1000000, 0x00000148b1330000]
 total_blobs=11227 nmethods=10326 adapters=812
 compilation: enabled
              stopped_count=0, restarted_count=0
 full_count=0

Compilation events (20 events):
Event: 118.706 Thread 0x00000148c887b000 10950       3       org.gradle.api.internal.artifacts.ivyservice.resolveengine.graph.builder.SelectorState::getRequested (15 bytes)
Event: 118.706 Thread 0x00000148c887b000 nmethod 10950 0x00000148b144c590 code [0x00000148b144c740, 0x00000148b144c8a8]
Event: 118.706 Thread 0x00000148c887b000 10951       3       org.gradle.api.internal.attributes.AttributeDesugaring::desugarSelector (140 bytes)
Event: 118.708 Thread 0x00000148c887b000 nmethod 10951 0x00000148b1680c10 code [0x00000148b1681000, 0x00000148b1683118]
Event: 118.708 Thread 0x00000148c887b000 10953       3       org.gradle.api.internal.artifacts.ivyservice.resolveengine.result.DesugaredAttributeContainerSerializer::write (237 bytes)
Event: 118.710 Thread 0x00000148c887b000 nmethod 10953 0x00000148b161a810 code [0x00000148b161ab40, 0x00000148b161c148]
Event: 118.710 Thread 0x00000148c887b000 10958       3       org.gradle.api.internal.artifacts.ivyservice.resolveengine.oldresult.ResolvedConfigurationDependencyGraphVisitor::visitNode (83 bytes)
Event: 118.712 Thread 0x00000148c887b000 nmethod 10958 0x00000148b16f3790 code [0x00000148b16f3b00, 0x00000148b16f5548]
Event: 118.712 Thread 0x00000148c887b000 10955       3       org.gradle.api.internal.artifacts.ivyservice.resolveengine.graph.builder.ComponentState::getSelectionReason (122 bytes)
Event: 118.713 Thread 0x00000148c887b000 nmethod 10955 0x00000148b16ee890 code [0x00000148b16eebc0, 0x00000148b16eff18]
Event: 118.713 Thread 0x00000148c887b000 10956       3       org.gradle.api.internal.artifacts.ivyservice.resolveengine.graph.builder.ComponentState::getResolvedVariants (118 bytes)
Event: 118.714 Thread 0x00000148c887b000 nmethod 10956 0x00000148b16f1190 code [0x00000148b16f1500, 0x00000148b16f2ed8]
Event: 118.714 Thread 0x00000148c887b000 10952       3       org.gradle.api.internal.artifacts.ivyservice.resolveengine.result.ComponentSelectorSerializer::write (452 bytes)
Event: 118.717 Thread 0x00000148c887b000 nmethod 10952 0x00000148b1b81c10 code [0x00000148b1b822c0, 0x00000148b1b85998]
Event: 118.717 Thread 0x00000148c887b000 10954       3       java.util.Map::computeIfAbsent (45 bytes)
Event: 118.718 Thread 0x00000148c887b000 nmethod 10954 0x00000148b148c210 code [0x00000148b148c420, 0x00000148b148c958]
Event: 118.728 Thread 0x00000148c8875000 nmethod 10932 0x00000148b88f2310 code [0x00000148b88f2540, 0x00000148b88f37c0]
Event: 118.728 Thread 0x00000148c8875000 10935       4       com.google.common.collect.ImmutableList::hashCode (42 bytes)
Event: 118.731 Thread 0x00000148c8875000 nmethod 10935 0x00000148b88aa590 code [0x00000148b88aa740, 0x00000148b88aa918]
Event: 118.731 Thread 0x00000148c8875000 10836       4       com.esotericsoftware.kryo.io.Output::writeVarInt (433 bytes)

GC Heap History (20 events):
Event: 12.868 GC heap before
{Heap before GC invocations=13 (full 0):
 garbage-first heap   total 157696K, used 107667K [0x0000000080000000, 0x0000000100000000)
  region size 1024K, 62 young (63488K), 6 survivors (6144K)
 Metaspace       used 62571K, capacity 64034K, committed 64256K, reserved 1105920K
  class space    used 7922K, capacity 8435K, committed 8448K, reserved 1048576K
}
Event: 12.876 GC heap after
{Heap after GC invocations=14 (full 0):
 garbage-first heap   total 157696K, used 53807K [0x0000000080000000, 0x0000000100000000)
  region size 1024K, 5 young (5120K), 5 survivors (5120K)
 Metaspace       used 62571K, capacity 64034K, committed 64256K, reserved 1105920K
  class space    used 7922K, capacity 8435K, committed 8448K, reserved 1048576K
}
Event: 14.056 GC heap before
{Heap before GC invocations=14 (full 0):
 garbage-first heap   total 157696K, used 112175K [0x0000000080000000, 0x0000000100000000)
  region size 1024K, 62 young (63488K), 5 survivors (5120K)
 Metaspace       used 69119K, capacity 70684K, committed 70784K, reserved 1110016K
  class space    used 9001K, capacity 9577K, committed 9600K, reserved 1048576K
}
Event: 14.066 GC heap after
{Heap after GC invocations=15 (full 0):
 garbage-first heap   total 157696K, used 57243K [0x0000000080000000, 0x0000000100000000)
  region size 1024K, 4 young (4096K), 4 survivors (4096K)
 Metaspace       used 69119K, capacity 70684K, committed 70784K, reserved 1110016K
  class space    used 9001K, capacity 9577K, committed 9600K, reserved 1048576K
}
Event: 14.876 GC heap before
{Heap before GC invocations=15 (full 0):
 garbage-first heap   total 157696K, used 115611K [0x0000000080000000, 0x0000000100000000)
  region size 1024K, 61 young (62464K), 4 survivors (4096K)
 Metaspace       used 74777K, capacity 76371K, committed 76416K, reserved 1116160K
  class space    used 9790K, capacity 10364K, committed 10368K, reserved 1048576K
}
Event: 14.884 GC heap after
{Heap after GC invocations=16 (full 0):
 garbage-first heap   total 157696K, used 60751K [0x0000000080000000, 0x0000000100000000)
  region size 1024K, 7 young (7168K), 7 survivors (7168K)
 Metaspace       used 74777K, capacity 76371K, committed 76416K, reserved 1116160K
  class space    used 9790K, capacity 10364K, committed 10368K, reserved 1048576K
}
Event: 15.684 GC heap before
{Heap before GC invocations=16 (full 0):
 garbage-first heap   total 157696K, used 118095K [0x0000000080000000, 0x0000000100000000)
  region size 1024K, 64 young (65536K), 7 survivors (7168K)
 Metaspace       used 78245K, capacity 80141K, committed 80384K, reserved 1118208K
  class space    used 10230K, capacity 10915K, committed 11008K, reserved 1048576K
}
Event: 15.698 GC heap after
{Heap after GC invocations=17 (full 0):
 garbage-first heap   total 157696K, used 64996K [0x0000000080000000, 0x0000000100000000)
  region size 1024K, 8 young (8192K), 8 survivors (8192K)
 Metaspace       used 78245K, capacity 80141K, committed 80384K, reserved 1118208K
  class space    used 10230K, capacity 10915K, committed 11008K, reserved 1048576K
}
Event: 16.408 GC heap before
{Heap before GC invocations=17 (full 0):
 garbage-first heap   total 157696K, used 122340K [0x0000000080000000, 0x0000000100000000)
  region size 1024K, 64 young (65536K), 8 survivors (8192K)
 Metaspace       used 79448K, capacity 81340K, committed 81536K, reserved 1120256K
  class space    used 10339K, capacity 11034K, committed 11136K, reserved 1048576K
}
Event: 16.419 GC heap after
{Heap after GC invocations=18 (full 0):
 garbage-first heap   total 157696K, used 68544K [0x0000000080000000, 0x0000000100000000)
  region size 1024K, 8 young (8192K), 8 survivors (8192K)
 Metaspace       used 79448K, capacity 81340K, committed 81536K, reserved 1120256K
  class space    used 10339K, capacity 11034K, committed 11136K, reserved 1048576K
}
Event: 17.266 GC heap before
{Heap before GC invocations=18 (full 0):
 garbage-first heap   total 157696K, used 123840K [0x0000000080000000, 0x0000000100000000)
  region size 1024K, 63 young (64512K), 8 survivors (8192K)
 Metaspace       used 84349K, capacity 86265K, committed 86528K, reserved 1124352K
  class space    used 10969K, capacity 11649K, committed 11776K, reserved 1048576K
}
Event: 17.286 GC heap after
{Heap after GC invocations=19 (full 0):
 garbage-first heap   total 157696K, used 72564K [0x0000000080000000, 0x0000000100000000)
  region size 1024K, 8 young (8192K), 8 survivors (8192K)
 Metaspace       used 84349K, capacity 86265K, committed 86528K, reserved 1124352K
  class space    used 10969K, capacity 11649K, committed 11776K, reserved 1048576K
}
Event: 109.108 GC heap before
{Heap before GC invocations=19 (full 0):
 garbage-first heap   total 157696K, used 117620K [0x0000000080000000, 0x0000000100000000)
  region size 1024K, 49 young (50176K), 8 survivors (8192K)
 Metaspace       used 89684K, capacity 91865K, committed 92032K, reserved 1128448K
  class space    used 11549K, capacity 12291K, committed 12416K, reserved 1048576K
}
Event: 109.121 GC heap after
{Heap after GC invocations=20 (full 0):
 garbage-first heap   total 157696K, used 80297K [0x0000000080000000, 0x0000000100000000)
  region size 1024K, 7 young (7168K), 7 survivors (7168K)
 Metaspace       used 89684K, capacity 91865K, committed 92032K, reserved 1128448K
  class space    used 11549K, capacity 12291K, committed 12416K, reserved 1048576K
}
Event: 109.693 GC heap before
{Heap before GC invocations=21 (full 0):
 garbage-first heap   total 157696K, used 105897K [0x0000000080000000, 0x0000000100000000)
  region size 1024K, 30 young (30720K), 7 survivors (7168K)
 Metaspace       used 92888K, capacity 95069K, committed 95488K, reserved 1132544K
  class space    used 11864K, capacity 12653K, committed 12800K, reserved 1048576K
}
Event: 109.707 GC heap after
{Heap after GC invocations=22 (full 0):
 garbage-first heap   total 157696K, used 86829K [0x0000000080000000, 0x0000000100000000)
  region size 1024K, 6 young (6144K), 6 survivors (6144K)
 Metaspace       used 92888K, capacity 95069K, committed 95488K, reserved 1132544K
  class space    used 11864K, capacity 12653K, committed 12800K, reserved 1048576K
}
Event: 109.993 GC heap before
{Heap before GC invocations=23 (full 0):
 garbage-first heap   total 157696K, used 99117K [0x0000000080000000, 0x0000000100000000)
  region size 1024K, 15 young (15360K), 6 survivors (6144K)
 Metaspace       used 93316K, capacity 95495K, committed 95744K, reserved 1132544K
  class space    used 11897K, capacity 12706K, committed 12800K, reserved 1048576K
}
Event: 110.003 GC heap after
{Heap after GC invocations=24 (full 0):
 garbage-first heap   total 157696K, used 92747K [0x0000000080000000, 0x0000000100000000)
  region size 1024K, 5 young (5120K), 5 survivors (5120K)
 Metaspace       used 93316K, capacity 95495K, committed 95744K, reserved 1132544K
  class space    used 11897K, capacity 12706K, committed 12800K, reserved 1048576K
}
Event: 110.613 GC heap before
{Heap before GC invocations=25 (full 0):
 garbage-first heap   total 157696K, used 130635K [0x0000000080000000, 0x0000000100000000)
  region size 1024K, 39 young (39936K), 5 survivors (5120K)
 Metaspace       used 94693K, capacity 97144K, committed 97408K, reserved 1134592K
  class space    used 12042K, capacity 12882K, committed 12928K, reserved 1048576K
}
Event: 110.621 GC heap after
{Heap after GC invocations=26 (full 0):
 garbage-first heap   total 157696K, used 99160K [0x0000000080000000, 0x0000000100000000)
  region size 1024K, 5 young (5120K), 5 survivors (5120K)
 Metaspace       used 94693K, capacity 97144K, committed 97408K, reserved 1134592K
  class space    used 12042K, capacity 12882K, committed 12928K, reserved 1048576K
}

Deoptimization events (20 events):
Event: 110.790 Thread 0x00000148cc68d800 Uncommon trap: trap_request=0xffffffde fr.pc=0x00000148b8de7108 relative=0x0000000000000808
Event: 110.790 Thread 0x00000148cc68d800 Uncommon trap: reason=class_check action=maybe_recompile pc=0x00000148b8de7108 method=java.util.HashMap.removeNode(ILjava/lang/Object;Ljava/lang/Object;ZZ)Ljava/util/HashMap$Node; @ 143 c2
Event: 110.790 Thread 0x00000148cc68d800 DEOPT PACKING pc=0x00000148b8de7108 sp=0x00000033522fadf0
Event: 110.790 Thread 0x00000148cc68d800 DEOPT UNPACKING pc=0x00000148b0db74af sp=0x00000033522fad88 mode 2
Event: 110.793 Thread 0x00000148cc68d800 Uncommon trap: trap_request=0xffffffde fr.pc=0x00000148b8de7108 relative=0x0000000000000808
Event: 110.793 Thread 0x00000148cc68d800 Uncommon trap: reason=class_check action=maybe_recompile pc=0x00000148b8de7108 method=java.util.HashMap.removeNode(ILjava/lang/Object;Ljava/lang/Object;ZZ)Ljava/util/HashMap$Node; @ 143 c2
Event: 110.793 Thread 0x00000148cc68d800 DEOPT PACKING pc=0x00000148b8de7108 sp=0x00000033522fbac0
Event: 110.793 Thread 0x00000148cc68d800 DEOPT UNPACKING pc=0x00000148b0db74af sp=0x00000033522fba58 mode 2
Event: 118.498 Thread 0x00000148ca8c8800 Uncommon trap: trap_request=0xffffffbe fr.pc=0x00000148b8e371b4 relative=0x0000000000000274
Event: 118.498 Thread 0x00000148ca8c8800 Uncommon trap: reason=profile_predicate action=maybe_recompile pc=0x00000148b8e371b4 method=java.util.Collections.indexedBinarySearch(Ljava/util/List;Ljava/lang/Object;)I @ 13 c2
Event: 118.498 Thread 0x00000148ca8c8800 DEOPT PACKING pc=0x00000148b8e371b4 sp=0x00000033531fc4e0
Event: 118.499 Thread 0x00000148ca8c8800 DEOPT UNPACKING pc=0x00000148b0db74af sp=0x00000033531fc460 mode 2
Event: 118.516 Thread 0x00000148d3b1c800 DEOPT PACKING pc=0x00000148b1b1676e sp=0x000000335b6fe4c0
Event: 118.516 Thread 0x00000148d3b1c800 DEOPT UNPACKING pc=0x00000148b0db72ce sp=0x000000335b6fda78 mode 0
Event: 118.529 Thread 0x00000148ca8c8800 Uncommon trap: trap_request=0xffffffbe fr.pc=0x00000148b8e371b4 relative=0x0000000000000274
Event: 118.529 Thread 0x00000148ca8c8800 Uncommon trap: reason=profile_predicate action=maybe_recompile pc=0x00000148b8e371b4 method=java.util.Collections.indexedBinarySearch(Ljava/util/List;Ljava/lang/Object;)I @ 13 c2
Event: 118.529 Thread 0x00000148ca8c8800 DEOPT PACKING pc=0x00000148b8e371b4 sp=0x00000033531fc4e0
Event: 118.529 Thread 0x00000148ca8c8800 DEOPT UNPACKING pc=0x00000148b0db74af sp=0x00000033531fc460 mode 2
Event: 118.587 Thread 0x00000148cc68d800 DEOPT PACKING pc=0x00000148b25e0d9c sp=0x00000033522fadc0
Event: 118.587 Thread 0x00000148cc68d800 DEOPT UNPACKING pc=0x00000148b0db72ce sp=0x00000033522fa360 mode 0

Classes redefined (0 events):
No events

Internal exceptions (20 events):
Event: 110.412 Thread 0x00000148cc68d800 Implicit null exception at 0x00000148b8b81c89 to 0x00000148b8b824d8
Event: 110.412 Thread 0x00000148cc68d800 Implicit null exception at 0x00000148b8b86607 to 0x00000148b8b87084
Event: 110.416 Thread 0x00000148cc68d800 Exception <a 'java/lang/ClassNotFoundException'{0x0000000087a1f778}: java/util/ArrayListBeanInfo> (0x0000000087a1f778) thrown at [./src/hotspot/share/classfile/systemDictionary.cpp, line 231]
Event: 110.416 Thread 0x00000148cc68d800 Exception <a 'java/lang/ClassNotFoundException'{0x0000000087a28398}: java/util/AbstractListBeanInfo> (0x0000000087a28398) thrown at [./src/hotspot/share/classfile/systemDictionary.cpp, line 231]
Event: 110.416 Thread 0x00000148cc68d800 Exception <a 'java/lang/ClassNotFoundException'{0x0000000087a314b0}: java/util/AbstractListCustomizer> (0x0000000087a314b0) thrown at [./src/hotspot/share/classfile/systemDictionary.cpp, line 231]
Event: 110.417 Thread 0x00000148cc68d800 Exception <a 'java/lang/ClassNotFoundException'{0x0000000087a450a0}: java/util/ArrayListCustomizer> (0x0000000087a450a0) thrown at [./src/hotspot/share/classfile/systemDictionary.cpp, line 231]
Event: 110.421 Thread 0x00000148cc68d800 Exception <a 'java/lang/ClassNotFoundException'{0x0000000087ac3878}: java/util/CollectionBeanInfo> (0x0000000087ac3878) thrown at [./src/hotspot/share/classfile/systemDictionary.cpp, line 231]
Event: 110.422 Thread 0x00000148cc68d800 Exception <a 'java/lang/ClassNotFoundException'{0x0000000087acc710}: java/util/CollectionCustomizer> (0x0000000087acc710) thrown at [./src/hotspot/share/classfile/systemDictionary.cpp, line 231]
Event: 110.756 Thread 0x00000148d3b1c800 Exception <a 'sun/nio/fs/WindowsException'{0x0000000088ddf4a0}> (0x0000000088ddf4a0) thrown at [./src/hotspot/share/prims/jni.cpp, line 615]
Event: 110.757 Thread 0x00000148d3b1c800 Exception <a 'sun/nio/fs/WindowsException'{0x0000000088ddf698}> (0x0000000088ddf698) thrown at [./src/hotspot/share/prims/jni.cpp, line 615]
Event: 110.764 Thread 0x00000148cc68d800 Exception <a 'java/lang/ClassNotFoundException'{0x0000000088c78050}: build_8l2mn6yuugdljbla4f2pa3y5tBeanInfo> (0x0000000088c78050) thrown at [./src/hotspot/share/classfile/systemDictionary.cpp, line 231]
Event: 110.764 Thread 0x00000148cc68d800 Exception <a 'java/lang/ClassNotFoundException'{0x0000000088c80df8}: build_8l2mn6yuugdljbla4f2pa3y5tCustomizer> (0x0000000088c80df8) thrown at [./src/hotspot/share/classfile/systemDictionary.cpp, line 231]
Event: 118.497 Thread 0x00000148d3b1c800 Exception <a 'sun/nio/fs/WindowsException'{0x00000000888859c8}> (0x00000000888859c8) thrown at [./src/hotspot/share/prims/jni.cpp, line 615]
Event: 118.498 Thread 0x00000148d3b1c800 Exception <a 'sun/nio/fs/WindowsException'{0x0000000088885b58}> (0x0000000088885b58) thrown at [./src/hotspot/share/prims/jni.cpp, line 615]
Event: 118.503 Thread 0x00000148cc68d800 Exception <a 'java/lang/ClassNotFoundException'{0x0000000088710968}: sync_studio_tooling3909_w57h3vcc6e25f5t7e32ccnssBeanInfo> (0x0000000088710968) thrown at [./src/hotspot/share/classfile/systemDictionary.cpp, line 231]
Event: 118.504 Thread 0x00000148cc68d800 Exception <a 'java/lang/ClassNotFoundException'{0x000000008871a7a8}: sync_studio_tooling3909_w57h3vcc6e25f5t7e32ccnssCustomizer> (0x000000008871a7a8) thrown at [./src/hotspot/share/classfile/systemDictionary.cpp, line 231]
Event: 118.527 Thread 0x00000148d3b22000 Exception <a 'sun/nio/fs/WindowsException'{0x00000000887dc280}> (0x00000000887dc280) thrown at [./src/hotspot/share/prims/jni.cpp, line 615]
Event: 118.529 Thread 0x00000148d3b22000 Exception <a 'sun/nio/fs/WindowsException'{0x00000000887dc468}> (0x00000000887dc468) thrown at [./src/hotspot/share/prims/jni.cpp, line 615]
Event: 118.534 Thread 0x00000148cc68d800 Exception <a 'java/lang/ClassNotFoundException'{0x0000000088651ff0}: sync_studio_tooling3909_w57h3vcc6e25f5t7e32ccnssBeanInfo> (0x0000000088651ff0) thrown at [./src/hotspot/share/classfile/systemDictionary.cpp, line 231]
Event: 118.534 Thread 0x00000148cc68d800 Exception <a 'java/lang/ClassNotFoundException'{0x000000008865bdd0}: sync_studio_tooling3909_w57h3vcc6e25f5t7e32ccnssCustomizer> (0x000000008865bdd0) thrown at [./src/hotspot/share/classfile/systemDictionary.cpp, line 231]

Events (20 events):
Event: 118.506 loading class groovy/runtime/metaclass/sync_studio_tooling3909_w57h3vcc6e25f5t7e32ccnss$_run_closure1MetaClass done
Event: 118.508 loading class groovy/runtime/metaclass/sync_studio_tooling3909_w57h3vcc6e25f5t7e32ccnss$_run_closure1$_closure2MetaClass
Event: 118.508 loading class groovy/runtime/metaclass/sync_studio_tooling3909_w57h3vcc6e25f5t7e32ccnss$_run_closure1$_closure2MetaClass done
Event: 118.508 loading class org/codehaus/groovy/runtime/ScriptBytecodeAdapter
Event: 118.508 loading class org/codehaus/groovy/runtime/ScriptBytecodeAdapter done
Event: 118.516 Thread 0x00000148d3b28000 Thread added: 0x00000148d3b28000
Event: 118.532 loading class groovy/runtime/metaclass/sync_studio_tooling3909_w57h3vcc6e25f5t7e32ccnssMetaClass
Event: 118.532 loading class groovy/runtime/metaclass/sync_studio_tooling3909_w57h3vcc6e25f5t7e32ccnssMetaClass done
Event: 118.534 loading class sync_studio_tooling3909_w57h3vcc6e25f5t7e32ccnssBeanInfo
Event: 118.534 loading class sync_studio_tooling3909_w57h3vcc6e25f5t7e32ccnssBeanInfo done
Event: 118.534 loading class sync_studio_tooling3909_w57h3vcc6e25f5t7e32ccnssBeanInfo
Event: 118.534 loading class sync_studio_tooling3909_w57h3vcc6e25f5t7e32ccnssBeanInfo done
Event: 118.534 loading class sync_studio_tooling3909_w57h3vcc6e25f5t7e32ccnssCustomizer
Event: 118.534 loading class sync_studio_tooling3909_w57h3vcc6e25f5t7e32ccnssCustomizer done
Event: 118.534 loading class sync_studio_tooling3909_w57h3vcc6e25f5t7e32ccnssCustomizer
Event: 118.534 loading class sync_studio_tooling3909_w57h3vcc6e25f5t7e32ccnssCustomizer done
Event: 118.536 loading class groovy/runtime/metaclass/sync_studio_tooling3909_w57h3vcc6e25f5t7e32ccnss$_run_closure1MetaClass
Event: 118.536 loading class groovy/runtime/metaclass/sync_studio_tooling3909_w57h3vcc6e25f5t7e32ccnss$_run_closure1MetaClass done
Event: 118.571 Thread 0x00000148cc4e5800 Thread added: 0x00000148cc4e5800
Event: 118.584 Loaded shared library C:\Program Files\Android\Android Studio1\jre\bin\zip.dll


Dynamic libraries:
0x00007ff636f50000 - 0x00007ff636f5a000 	C:\Program Files\Android\Android Studio1\jre\bin\java.exe
0x00007ffa0fb90000 - 0x00007ffa0fd85000 	C:\WINDOWS\SYSTEM32\ntdll.dll
0x00007ffa0ef40000 - 0x00007ffa0effd000 	C:\WINDOWS\System32\KERNEL32.DLL
0x00007ffa0d6f0000 - 0x00007ffa0d9b9000 	C:\WINDOWS\System32\KERNELBASE.dll
0x00007ffa0d550000 - 0x00007ffa0d650000 	C:\WINDOWS\System32\ucrtbase.dll
0x00007ffa05880000 - 0x00007ffa05899000 	C:\Program Files\Android\Android Studio1\jre\bin\jli.dll
0x00007ff9ffb70000 - 0x00007ff9ffb87000 	C:\Program Files\Android\Android Studio1\jre\bin\VCRUNTIME140.dll
0x00007ffa0dcf0000 - 0x00007ffa0de90000 	C:\WINDOWS\System32\USER32.dll
0x00007ffa0d2d0000 - 0x00007ffa0d2f2000 	C:\WINDOWS\System32\win32u.dll
0x00007ffa0ea80000 - 0x00007ffa0eaaa000 	C:\WINDOWS\System32\GDI32.dll
0x00007ff9f9df0000 - 0x00007ff9fa08a000 	C:\WINDOWS\WinSxS\amd64_microsoft.windows.common-controls_6595b64144ccf1df_6.0.19041.1110_none_60b5254171f9507e\COMCTL32.dll
0x00007ffa0d360000 - 0x00007ffa0d46b000 	C:\WINDOWS\System32\gdi32full.dll
0x00007ffa0f010000 - 0x00007ffa0f0ae000 	C:\WINDOWS\System32\msvcrt.dll
0x00007ffa0d650000 - 0x00007ffa0d6ed000 	C:\WINDOWS\System32\msvcp_win.dll
0x00007ffa0ee60000 - 0x00007ffa0ee90000 	C:\WINDOWS\System32\IMM32.DLL
0x00007ff9ffad0000 - 0x00007ff9ffb6d000 	C:\Program Files\Android\Android Studio1\jre\bin\msvcp140.dll
0x00007ff9b26c0000 - 0x00007ff9b317c000 	C:\Program Files\Android\Android Studio1\jre\bin\server\jvm.dll
0x00007ffa0ee90000 - 0x00007ffa0ef3c000 	C:\WINDOWS\System32\ADVAPI32.dll
0x00007ffa0e7b0000 - 0x00007ffa0e84b000 	C:\WINDOWS\System32\sechost.dll
0x00007ffa0e210000 - 0x00007ffa0e33a000 	C:\WINDOWS\System32\RPCRT4.dll
0x00007ffa0ed10000 - 0x00007ffa0ed18000 	C:\WINDOWS\System32\PSAPI.DLL
0x00007ffa05b70000 - 0x00007ffa05b79000 	C:\WINDOWS\SYSTEM32\WSOCK32.dll
0x00007ffa02310000 - 0x00007ffa02337000 	C:\WINDOWS\SYSTEM32\WINMM.dll
0x00007ffa0e9a0000 - 0x00007ffa0ea0b000 	C:\WINDOWS\System32\WS2_32.dll
0x00007ffa04a60000 - 0x00007ffa04a6a000 	C:\WINDOWS\SYSTEM32\VERSION.dll
0x00007ffa0bb90000 - 0x00007ffa0bba2000 	C:\WINDOWS\SYSTEM32\kernel.appcore.dll
0x00007ffa00c50000 - 0x00007ffa00c61000 	C:\Program Files\Android\Android Studio1\jre\bin\verify.dll
0x00007ffa0afb0000 - 0x00007ffa0b194000 	C:\WINDOWS\SYSTEM32\DBGHELP.DLL
0x00007ff9fbe70000 - 0x00007ff9fbe9c000 	C:\WINDOWS\SYSTEM32\dbgcore.DLL
0x00007ffa0d4c0000 - 0x00007ffa0d543000 	C:\WINDOWS\System32\bcryptPrimitives.dll
0x00007ff9ecbf0000 - 0x00007ff9ecc19000 	C:\Program Files\Android\Android Studio1\jre\bin\java.dll
0x00007ffa07880000 - 0x00007ffa0788b000 	C:\Program Files\Android\Android Studio1\jre\bin\jimage.dll
0x00007ff9efbc0000 - 0x00007ff9efbd8000 	C:\Program Files\Android\Android Studio1\jre\bin\zip.dll
0x00007ffa0f0b0000 - 0x00007ffa0f7ef000 	C:\WINDOWS\System32\SHELL32.dll
0x00007ffa0b3e0000 - 0x00007ffa0bb71000 	C:\WINDOWS\SYSTEM32\windows.storage.dll
0x00007ffa0f7f0000 - 0x00007ffa0fb45000 	C:\WINDOWS\System32\combase.dll
0x00007ffa0cd40000 - 0x00007ffa0cd6c000 	C:\WINDOWS\SYSTEM32\Wldp.dll
0x00007ffa0de90000 - 0x00007ffa0df3e000 	C:\WINDOWS\System32\SHCORE.dll
0x00007ffa0ea10000 - 0x00007ffa0ea65000 	C:\WINDOWS\System32\shlwapi.dll
0x00007ffa0d210000 - 0x00007ffa0d22f000 	C:\WINDOWS\SYSTEM32\profapi.dll
0x00007ff9e5fb0000 - 0x00007ff9e5fca000 	C:\Program Files\Android\Android Studio1\jre\bin\net.dll
0x00007ffa014f0000 - 0x00007ffa015fa000 	C:\WINDOWS\SYSTEM32\WINHTTP.dll
0x00007ffa0ca30000 - 0x00007ffa0ca9a000 	C:\WINDOWS\system32\mswsock.dll
0x00007ff9e1fd0000 - 0x00007ff9e1fe4000 	C:\Program Files\Android\Android Studio1\jre\bin\nio.dll
0x00007ffa07580000 - 0x00007ffa075a7000 	C:\Users\Dark Knight\.gradle\native\fdc75f09e3144964f2cf3f50f0aa648679c211496f362492102eb8c894070792\windows-amd64\native-platform.dll
0x00007ff9d2900000 - 0x00007ff9d2a96000 	C:\Users\Dark Knight\.gradle\native\12488b8bf47d2d4c9fbf2f6322a914ad602e24e48041cd04a747c6da556b65c4\windows-amd64\native-platform-file-events.dll
0x00007ffa07860000 - 0x00007ffa0786a000 	C:\Program Files\Android\Android Studio1\jre\bin\management.dll
0x00007ffa06840000 - 0x00007ffa0684c000 	C:\Program Files\Android\Android Studio1\jre\bin\management_ext.dll
0x00007ffa0cc40000 - 0x00007ffa0cc58000 	C:\WINDOWS\SYSTEM32\CRYPTSP.dll
0x00007ffa0c370000 - 0x00007ffa0c3a4000 	C:\WINDOWS\system32\rsaenh.dll
0x00007ffa0da70000 - 0x00007ffa0da97000 	C:\WINDOWS\System32\bcrypt.dll
0x00007ffa0d1d0000 - 0x00007ffa0d1fe000 	C:\WINDOWS\SYSTEM32\USERENV.dll
0x00007ffa0cc30000 - 0x00007ffa0cc3c000 	C:\WINDOWS\SYSTEM32\CRYPTBASE.dll
0x00007ffa0c720000 - 0x00007ffa0c75b000 	C:\WINDOWS\SYSTEM32\IPHLPAPI.DLL
0x00007ffa0f000000 - 0x00007ffa0f008000 	C:\WINDOWS\System32\NSI.dll
0x00007ffa034e0000 - 0x00007ffa034f7000 	C:\WINDOWS\SYSTEM32\dhcpcsvc6.DLL
0x00007ffa03da0000 - 0x00007ffa03dbd000 	C:\WINDOWS\SYSTEM32\dhcpcsvc.DLL
0x00007ffa0c760000 - 0x00007ffa0c82c000 	C:\WINDOWS\SYSTEM32\DNSAPI.dll
0x00007ffa04a70000 - 0x00007ffa04a7b000 	C:\WINDOWS\SYSTEM32\WINNSI.DLL
0x00007ff9ffab0000 - 0x00007ff9fface000 	C:\Users\Dark Knight\AppData\Local\Temp\native-platform10578717932960975508dir\native-platform.dll

dbghelp: loaded successfully - version: 4.0.5 - missing functions: none
symbol engine: initialized successfully - sym options: 0x614 - pdb path: .;C:\Program Files\Android\Android Studio1\jre\bin;C:\WINDOWS\SYSTEM32;C:\WINDOWS\WinSxS\amd64_microsoft.windows.common-controls_6595b64144ccf1df_6.0.19041.1110_none_60b5254171f9507e;C:\Program Files\Android\Android Studio1\jre\bin\server;C:\Users\Dark Knight\.gradle\native\fdc75f09e3144964f2cf3f50f0aa648679c211496f362492102eb8c894070792\windows-amd64;C:\Users\Dark Knight\.gradle\native\12488b8bf47d2d4c9fbf2f6322a914ad602e24e48041cd04a747c6da556b65c4\windows-amd64;C:\Users\Dark Knight\AppData\Local\Temp\native-platform10578717932960975508dir

VM Arguments:
jvm_args: --add-opens=java.base/java.util=ALL-UNNAMED --add-opens=java.base/java.lang=ALL-UNNAMED --add-opens=java.base/java.lang.invoke=ALL-UNNAMED --add-opens=java.prefs/java.util.prefs=ALL-UNNAMED -Xmx2048m -Dfile.encoding=UTF-8 -Duser.country=IN -Duser.language=en -Duser.variant 
java_command: org.gradle.launcher.daemon.bootstrap.GradleDaemon 6.7.1
java_class_path (initial): C:\Users\Dark Knight\.gradle\wrapper\dists\gradle-6.7.1-bin\bwlcbys1h7rz3272sye1xwiv6\gradle-6.7.1\lib\gradle-launcher-6.7.1.jar
Launcher Type: SUN_STANDARD

[Global flags]
     intx CICompilerCount                          = 4                                         {product} {ergonomic}
     uint ConcGCThreads                            = 2                                         {product} {ergonomic}
     uint G1ConcRefinementThreads                  = 8                                         {product} {ergonomic}
   size_t G1HeapRegionSize                         = 1048576                                   {product} {ergonomic}
    uintx GCDrainStackTargetSize                   = 64                                        {product} {ergonomic}
   size_t InitialHeapSize                          = 134217728                                 {product} {ergonomic}
   size_t MarkStackSize                            = 4194304                                   {product} {ergonomic}
   size_t MaxHeapSize                              = 2147483648                                {product} {command line}
   size_t MaxNewSize                               = 1287651328                                {product} {ergonomic}
   size_t MinHeapDeltaBytes                        = 1048576                                   {product} {ergonomic}
    uintx NonNMethodCodeHeapSize                   = 5836300                                {pd product} {ergonomic}
    uintx NonProfiledCodeHeapSize                  = 122910970                              {pd product} {ergonomic}
    uintx ProfiledCodeHeapSize                     = 122910970                              {pd product} {ergonomic}
    uintx ReservedCodeCacheSize                    = 251658240                              {pd product} {ergonomic}
     bool SegmentedCodeCache                       = true                                      {product} {ergonomic}
     bool UseCompressedClassPointers               = true                                 {lp64_product} {ergonomic}
     bool UseCompressedOops                        = true                                 {lp64_product} {ergonomic}
     bool UseG1GC                                  = true                                      {product} {ergonomic}
     bool UseLargePagesIndividualAllocation        = false                                  {pd product} {ergonomic}

Logging:
Log output configuration:
 #0: stdout all=warning uptime,level,tags
 #1: stderr all=off uptime,level,tags

Environment Variables:
PATH=C:\Windows\system32;C:\Windows;C:\Windows\System32\Wbem;C:\Windows\System32\WindowsPowerShell\v1.0\;C:\Windows\System32\OpenSSH\;C:\Program Files (x86)\NVIDIA Corporation\PhysX\Common;C:\Program Files\NVIDIA Corporation\NVIDIA NvDLISR;C:\WINDOWS\system32;C:\WINDOWS;C:\WINDOWS\System32\Wbem;C:\WINDOWS\System32\WindowsPowerShell\v1.0\;C:\WINDOWS\System32\OpenSSH\;C:\MinGW\bin;C:\Program Files\MEGA-X;C:\WINDOWS\system32;C:\WINDOWS;C:\WINDOWS\System32\Wbem;C:\WINDOWS\System32\WindowsPowerShell\v1.0\;C:\WINDOWS\System32\OpenSSH\;C:\Program Files\Git\cmd;C:\Users\Dark Knight\AppData\Local\Microsoft\WindowsApps;C:\Users\Dark Knight\AppData\Local\atom\bin;C:\MinGW\bin;C:\Program Files (x86)\Microsoft Visual Studio\2019\BuildTools\MSBuild\Current\Bin;C:\Users\Dark Knight\AppData\Local\Microsoft\WindowsApps
USERNAME=Dark Knight
OS=Windows_NT
PROCESSOR_IDENTIFIER=Intel64 Family 6 Model 158 Stepping 10, GenuineIntel



---------------  S Y S T E M  ---------------

OS: Windows 10 , 64 bit Build 19041 (10.0.19041.1023)
OS uptime: 9 days 22:48 hours

CPU:total 8 (initial active 8) (4 cores per cpu, 2 threads per core) family 6 model 158 stepping 10, cmov, cx8, fxsr, mmx, sse, sse2, sse3, ssse3, sse4.1, sse4.2, popcnt, avx, avx2, aes, clmul, erms, 3dnowpref, lzcnt, ht, tsc, tscinvbit, bmi1, bmi2, adx, fma

Memory: 4k page, system-wide physical 8112M (629M free)
TotalPageFile size 12208M (AvailPageFile size 5M)
current process WorkingSet (physical memory assigned to process): 425M, peak: 445M
current process commit charge ("private bytes"): 467M, peak: 486M

vm_info: OpenJDK 64-Bit Server VM (11.0.8+10-b944.6842174) for windows-amd64 JRE (11.0.8+10-b944.6842174), built on Sep 19 2020 01:11:42 by "builder" with MS VC++ 14.0 (VS2015)

END.
