#
# There is insufficient memory for the Java Runtime Environment to continue.
# Native memory allocation (mmap) failed to map 124780544 bytes for Failed to commit area from 0x000000008de00000 to 0x0000000095500000 of length 124780544.
# Possible reasons:
#   The system is out of physical RAM or swap space
#   The process is running with CompressedOops enabled, and the Java Heap may be blocking the growth of the native heap
# Possible solutions:
#   Reduce memory load on the system
#   Increase physical memory or swap space
#   Check if swap backing store is full
#   Decrease Java heap size (-Xmx/-Xms)
#   Decrease number of Java threads
#   Decrease Java thread stack sizes (-Xss)
#   Set larger code cache with -XX:ReservedCodeCacheSize=
#   JVM is running with Unscaled Compressed Oops mode in which the Java heap is
#     placed in the first 4GB address space. The Java Heap base address is the
#     maximum limit for the native heap growth. Please use -XX:HeapBaseMinAddress
#     to set the Java Heap base and to place the Java Heap above 4GB virtual address.
# This output file may be truncated or incomplete.
#
#  Out of Memory Error (./src/hotspot/os/windows/os_windows.cpp:3303), pid=1220, tid=9156
#
# JRE version: OpenJDK Runtime Environment (11.0.8+10) (build 11.0.8+10-b944.6842174)
# Java VM: OpenJDK 64-Bit Server VM (11.0.8+10-b944.6842174, mixed mode, tiered, compressed oops, g1 gc, windows-amd64)
# No core dump will be written. Minidumps are not enabled by default on client versions of Windows
#

---------------  S U M M A R Y ------------

Command Line: --add-opens=java.base/java.util=ALL-UNNAMED --add-opens=java.base/java.lang=ALL-UNNAMED --add-opens=java.base/java.lang.invoke=ALL-UNNAMED --add-opens=java.prefs/java.util.prefs=ALL-UNNAMED -Xmx2048m -Dfile.encoding=UTF-8 -Duser.country=IN -Duser.language=en -Duser.variant org.gradle.launcher.daemon.bootstrap.GradleDaemon 6.7.1

Host: Intel(R) Core(TM) i5-9300H CPU @ 2.40GHz, 8 cores, 7G,  Windows 10 , 64 bit Build 19041 (10.0.19041.1023)
Time: Wed Jul 28 17:17:02 2021 India Standard Time elapsed time: 18 seconds (0d 0h 0m 18s)

---------------  T H R E A D  ---------------

Current thread (0x00000181fd2db800):  VMThread "VM Thread" [stack: 0x000000733f500000,0x000000733f600000] [id=9156]

Stack: [0x000000733f500000,0x000000733f600000]
[error occurred during error reporting (printing stack bounds), id 0xc0000005, EXCEPTION_ACCESS_VIOLATION (0xc0000005) at pc=0x00000181e6160dad]

Native frames: (J=compiled Java code, j=interpreted, Vv=VM code, C=native code)
V  [jvm.dll+0x5de50a]
V  [jvm.dll+0x7122f5]
V  [jvm.dll+0x71384d]
V  [jvm.dll+0x713e65]
V  [jvm.dll+0x713e1b]
V  [jvm.dll+0x5dd958]
V  [jvm.dll+0x5de0f8]
C  [ntdll.dll+0xa217f]
C  [ntdll.dll+0x51454]
C  [ntdll.dll+0xa0cae]
C  0x00000181e6160dad

VM_Operation (0x000000734b0fc990): G1CollectForAllocation, mode: safepoint, requested by thread 0x0000018183c13000


---------------  P R O C E S S  ---------------

Threads class SMR info:
_java_thread_list=0x00000181838923f0, length=186, elements={
0x00000181e102a800, 0x00000181fd2df800, 0x00000181fd2e1000, 0x00000181fd2ed000,
0x00000181fdc72800, 0x00000181fd2f7800, 0x00000181fd305800, 0x00000181fd30a000,
0x00000181fddd4800, 0x00000181fddfe800, 0x00000181ff03a000, 0x00000181fea63800,
0x00000181ff1e9000, 0x00000181ff456000, 0x00000181ff0eb800, 0x00000181805d2000,
0x00000181ff22c000, 0x00000181ff1cb000, 0x00000181ff7fe000, 0x00000181ff1f8800,
0x00000181feba0000, 0x00000181feb9f000, 0x00000181feb9d800, 0x00000181feb9e000,
0x0000018182b6b000, 0x0000018182b6e800, 0x0000018182b6f000, 0x0000018182b6c800,
0x0000018182b71000, 0x0000018182b70000, 0x0000018182b77800, 0x0000018182b75000,
0x0000018182b75800, 0x0000018182b76800, 0x0000018182b74000, 0x0000018182b71800,
0x0000018182b79000, 0x0000018182b78000, 0x0000018182b73800, 0x0000018182b7a000,
0x00000181ff249800, 0x00000181ff24a800, 0x00000181ff24d800, 0x00000181ff248000,
0x00000181ff24c000, 0x00000181ff24b000, 0x00000181ff24c800, 0x00000181ff24e800,
0x00000181ff248800, 0x00000181ff252800, 0x00000181ff24f000, 0x00000181ff255000,
0x00000181ff255800, 0x00000181ff250000, 0x00000181ff253800, 0x00000181ff254000,
0x00000181ff251000, 0x00000181ff251800, 0x00000181ff256800, 0x00000181fdde3800,
0x00000181fdde6800, 0x00000181fdde2800, 0x00000181fdde7800, 0x00000181fddea000,
0x00000181fdde9000, 0x00000181fdde6000, 0x00000181fdde4800, 0x00000181fdde5000,
0x00000181fddec800, 0x00000181fdded000, 0x00000181fddeb800, 0x00000181fddeb000,
0x00000181fddee000, 0x00000181fdde8800, 0x00000181fddef000, 0x00000181fddef800,
0x00000181fddf0800, 0x00000181fddf1800, 0x0000018180e70000, 0x0000018180e6c800,
0x0000018180e6b800, 0x0000018180e73000, 0x0000018180e6d800, 0x0000018180e70800,
0x0000018180e71800, 0x0000018180e72000, 0x0000018180e6e000, 0x0000018180e74000,
0x0000018180e74800, 0x0000018180e6f000, 0x0000018180e78000, 0x0000018180e75800,
0x0000018180e76800, 0x0000018180e79000, 0x0000018180e77000, 0x0000018180e7a800,
0x0000018180e79800, 0x0000018183438000, 0x0000018183437000, 0x0000018183439800,
0x0000018183439000, 0x0000018183435800, 0x0000018183436800, 0x0000018183435000,
0x000001818343c000, 0x000001818343d000, 0x000001818343e000, 0x000001818343e800,
0x000001818343b800, 0x000001818343f800, 0x0000018183440000, 0x000001818343a800,
0x0000018183442000, 0x0000018183442800, 0x0000018183441000, 0x0000018183443800,
0x000001818271d800, 0x000001818271e800, 0x000001818271f000, 0x000001818271c000,
0x000001818271c800, 0x0000018182720000, 0x000001818271a800, 0x0000018182721000,
0x000001818271b000, 0x0000018182723000, 0x0000018182725800, 0x0000018182721800,
0x0000018182724000, 0x0000018182728000, 0x0000018182722800, 0x0000018182727800,
0x0000018182725000, 0x0000018182726800, 0x0000018182729000, 0x0000018182a54000,
0x0000018182a51000, 0x0000018182a56000, 0x0000018182a52800, 0x0000018182a52000,
0x0000018182a59000, 0x0000018182a55000, 0x0000018182a56800, 0x0000018182a53800,
0x0000018182a5a000, 0x0000018182a5b000, 0x0000018182a5c800, 0x0000018182a5b800,
0x0000018182a5d000, 0x0000018182a57800, 0x0000018182a5e000, 0x0000018182a58800,
0x0000018182a5f000, 0x0000018182a5f800, 0x00000181826a5000, 0x00000181826a6800,
0x00000181826a4000, 0x00000181826a5800, 0x00000181826a8000, 0x00000181826a2800,
0x00000181826a3800, 0x0000018183c0c000, 0x0000018183c09800, 0x0000018183c0c800,
0x0000018183c0b000, 0x0000018183c10000, 0x0000018183c0f000, 0x0000018183c0d800,
0x0000018183c0a000, 0x0000018180744800, 0x0000018180ae3000, 0x0000018183c10800,
0x0000018183c14000, 0x0000018183c11800, 0x0000018183c0e800, 0x0000018183c13000,
0x0000018183c16800, 0x0000018183c15800, 0x0000018183c12800, 0x0000018183c17800,
0x000001818a4f2000, 0x000001818a4f3000, 0x000001818a4f0800, 0x000001818a4ef800,
0x000001818a4f4000, 0x000001818a4f1800
}

Java Threads: ( => current thread )
  0x00000181e102a800 JavaThread "main" [_thread_blocked, id=12228, stack(0x000000733ef00000,0x000000733f000000)]
  0x00000181fd2df800 JavaThread "Reference Handler" daemon [_thread_blocked, id=36980, stack(0x000000733f600000,0x000000733f700000)]
  0x00000181fd2e1000 JavaThread "Finalizer" daemon [_thread_blocked, id=39400, stack(0x000000733f700000,0x000000733f800000)]
  0x00000181fd2ed000 JavaThread "Signal Dispatcher" daemon [_thread_blocked, id=12872, stack(0x000000733f800000,0x000000733f900000)]
  0x00000181fdc72800 JavaThread "Attach Listener" daemon [_thread_blocked, id=34232, stack(0x000000733f900000,0x000000733fa00000)]
  0x00000181fd2f7800 JavaThread "C2 CompilerThread0" daemon [_thread_blocked, id=18588, stack(0x000000733fa00000,0x000000733fb00000)]
  0x00000181fd305800 JavaThread "C1 CompilerThread0" daemon [_thread_blocked, id=3940, stack(0x000000733fb00000,0x000000733fc00000)]
  0x00000181fd30a000 JavaThread "Sweeper thread" daemon [_thread_blocked, id=29280, stack(0x000000733fc00000,0x000000733fd00000)]
  0x00000181fddd4800 JavaThread "Common-Cleaner" daemon [_thread_blocked, id=29336, stack(0x000000733fd00000,0x000000733fe00000)]
  0x00000181fddfe800 JavaThread "Service Thread" daemon [_thread_blocked, id=1928, stack(0x000000733fe00000,0x000000733ff00000)]
  0x00000181ff03a000 JavaThread "Daemon health stats" [_thread_blocked, id=33044, stack(0x0000007340400000,0x0000007340500000)]
  0x00000181fea63800 JavaThread "Incoming local TCP Connector on port 50041" [_thread_in_native, id=21088, stack(0x0000007340500000,0x0000007340600000)]
  0x00000181ff1e9000 JavaThread "Daemon periodic checks" [_thread_blocked, id=32468, stack(0x0000007340600000,0x0000007340700000)]
  0x00000181ff456000 JavaThread "Daemon" [_thread_blocked, id=13304, stack(0x0000007340700000,0x0000007340800000)]
  0x00000181ff0eb800 JavaThread "Handler for socket connection from /127.0.0.1:50041 to /127.0.0.1:50042" [_thread_in_native, id=25956, stack(0x0000007340800000,0x0000007340900000)]
  0x00000181805d2000 JavaThread "Cancel handler" [_thread_blocked, id=32904, stack(0x0000007340900000,0x0000007340a00000)]
  0x00000181ff22c000 JavaThread "Daemon worker" [_thread_blocked, id=33412, stack(0x0000007340a00000,0x0000007340b00000)]
  0x00000181ff1cb000 JavaThread "Asynchronous log dispatcher for DefaultDaemonConnection: socket connection from /127.0.0.1:50041 to /127.0.0.1:50042" [_thread_blocked, id=29668, stack(0x0000007340b00000,0x0000007340c00000)]
  0x00000181ff7fe000 JavaThread "Stdin handler" [_thread_blocked, id=3408, stack(0x0000007340c00000,0x0000007340d00000)]
  0x00000181ff1f8800 JavaThread "Thread-8" [_thread_blocked, id=36680, stack(0x0000007340d00000,0x0000007340e00000)]
  0x00000181feba0000 JavaThread "Cache worker for file hash cache (C:\Users\Dark Knight\.gradle\caches\6.7.1\fileHashes)" [_thread_blocked, id=24712, stack(0x0000007341400000,0x0000007341500000)]
  0x00000181feb9f000 JavaThread "File lock request listener" [_thread_in_native, id=37532, stack(0x0000007341500000,0x0000007341600000)]
  0x00000181feb9d800 JavaThread "Cache worker for journal cache (C:\Users\Dark Knight\.gradle\caches\journal-1)" [_thread_blocked, id=17324, stack(0x0000007341700000,0x0000007341800000)]
  0x00000181feb9e000 JavaThread "Cache worker for file hash cache (C:\Android Projects\Udemy TUTORIAL\KidsDrawingApp\.gradle\6.7.1\fileHashes)" [_thread_blocked, id=22488, stack(0x0000007341900000,0x0000007341a00000)]
  0x0000018182b6b000 JavaThread "Cache worker for checksums cache (C:\Android Projects\Udemy TUTORIAL\KidsDrawingApp\.gradle\checksums)" [_thread_blocked, id=27464, stack(0x0000007341a00000,0x0000007341b00000)]
  0x0000018182b6e800 JavaThread "Cache worker for cache directory md-supplier (C:\Users\Dark Knight\.gradle\caches\6.7.1\md-supplier)" [_thread_blocked, id=12612, stack(0x0000007341b00000,0x0000007341c00000)]
  0x0000018182b6f000 JavaThread "Cache worker for cache directory md-rule (C:\Users\Dark Knight\.gradle\caches\6.7.1\md-rule)" [_thread_blocked, id=4836, stack(0x0000007341d00000,0x0000007341e00000)]
  0x0000018182b6c800 JavaThread "Cache worker for execution history cache (C:\Users\Dark Knight\.gradle\caches\6.7.1\executionHistory)" [_thread_blocked, id=28840, stack(0x0000007341e00000,0x0000007341f00000)]
  0x0000018182b71000 JavaThread "jar transforms" [_thread_blocked, id=17620, stack(0x0000007341f00000,0x0000007342000000)]
  0x0000018182b70000 JavaThread "Cache worker for file content cache (C:\Users\Dark Knight\.gradle\caches\6.7.1\fileContent)" [_thread_blocked, id=32708, stack(0x0000007342000000,0x0000007342100000)]
  0x0000018182b77800 JavaThread "Cache worker for Build Output Cleanup Cache (C:\Android Projects\Udemy TUTORIAL\KidsDrawingApp\.gradle\buildOutputCleanup)" [_thread_blocked, id=15636, stack(0x0000007342100000,0x0000007342200000)]
  0x0000018182b75000 JavaThread "Build operations" [_thread_blocked, id=41788, stack(0x0000007342200000,0x0000007342300000)]
  0x0000018182b75800 JavaThread "Build operations Thread 2" [_thread_blocked, id=31676, stack(0x0000007342300000,0x0000007342400000)]
  0x0000018182b76800 JavaThread "Build operations Thread 3" [_thread_blocked, id=24732, stack(0x0000007342400000,0x0000007342500000)]
  0x0000018182b74000 JavaThread "Build operations Thread 4" [_thread_blocked, id=34368, stack(0x0000007342500000,0x0000007342600000)]
  0x0000018182b71800 JavaThread "Build operations Thread 5" [_thread_blocked, id=38100, stack(0x0000007342600000,0x0000007342700000)]
  0x0000018182b79000 JavaThread "Build operations Thread 6" [_thread_blocked, id=24068, stack(0x0000007342700000,0x0000007342800000)]
  0x0000018182b78000 JavaThread "Build operations Thread 7" [_thread_blocked, id=35792, stack(0x0000007342800000,0x0000007342900000)]
  0x0000018182b73800 JavaThread "Build operations Thread 8" [_thread_blocked, id=39484, stack(0x0000007342900000,0x0000007342a00000)]
  0x0000018182b7a000 JavaThread "jar transforms Thread 2" [_thread_blocked, id=31300, stack(0x0000007342a00000,0x0000007342b00000)]
  0x00000181ff249800 JavaThread "jar transforms Thread 3" [_thread_blocked, id=16888, stack(0x0000007342b00000,0x0000007342c00000)]
  0x00000181ff24a800 JavaThread "jar transforms Thread 4" [_thread_blocked, id=32180, stack(0x0000007342c00000,0x0000007342d00000)]
  0x00000181ff24d800 JavaThread "jar transforms Thread 5" [_thread_blocked, id=9652, stack(0x0000007342d00000,0x0000007342e00000)]
  0x00000181ff248000 JavaThread "jar transforms Thread 6" [_thread_blocked, id=29708, stack(0x0000007342e00000,0x0000007342f00000)]
  0x00000181ff24c000 JavaThread "jar transforms Thread 7" [_thread_blocked, id=26748, stack(0x0000007342f00000,0x0000007343000000)]
  0x00000181ff24b000 JavaThread "jar transforms Thread 8" [_thread_blocked, id=1924, stack(0x0000007343000000,0x0000007343100000)]
  0x00000181ff24c800 JavaThread "jar transforms Thread 9" [_thread_blocked, id=36012, stack(0x0000007343100000,0x0000007343200000)]
  0x00000181ff24e800 JavaThread "jar transforms Thread 10" [_thread_blocked, id=41152, stack(0x0000007343200000,0x0000007343300000)]
  0x00000181ff248800 JavaThread "jar transforms Thread 11" [_thread_blocked, id=10404, stack(0x0000007343300000,0x0000007343400000)]
  0x00000181ff252800 JavaThread "jar transforms Thread 12" [_thread_blocked, id=4888, stack(0x0000007343400000,0x0000007343500000)]
  0x00000181ff24f000 JavaThread "jar transforms Thread 13" [_thread_blocked, id=38736, stack(0x0000007343500000,0x0000007343600000)]
  0x00000181ff255000 JavaThread "jar transforms Thread 14" [_thread_blocked, id=10132, stack(0x0000007343600000,0x0000007343700000)]
  0x00000181ff255800 JavaThread "jar transforms Thread 15" [_thread_blocked, id=41684, stack(0x0000007343700000,0x0000007343800000)]
  0x00000181ff250000 JavaThread "jar transforms Thread 16" [_thread_blocked, id=13972, stack(0x0000007343800000,0x0000007343900000)]
  0x00000181ff253800 JavaThread "jar transforms Thread 17" [_thread_blocked, id=39800, stack(0x0000007343900000,0x0000007343a00000)]
  0x00000181ff254000 JavaThread "jar transforms Thread 18" [_thread_blocked, id=15060, stack(0x0000007343a00000,0x0000007343b00000)]
  0x00000181ff251000 JavaThread "jar transforms Thread 19" [_thread_blocked, id=8496, stack(0x0000007343b00000,0x0000007343c00000)]
  0x00000181ff251800 JavaThread "jar transforms Thread 20" [_thread_blocked, id=34716, stack(0x0000007343c00000,0x0000007343d00000)]
  0x00000181ff256800 JavaThread "jar transforms Thread 21" [_thread_blocked, id=40836, stack(0x0000007343d00000,0x0000007343e00000)]
  0x00000181fdde3800 JavaThread "jar transforms Thread 22" [_thread_blocked, id=40404, stack(0x0000007343e00000,0x0000007343f00000)]
  0x00000181fdde6800 JavaThread "jar transforms Thread 23" [_thread_blocked, id=39176, stack(0x0000007343f00000,0x0000007344000000)]
  0x00000181fdde2800 JavaThread "jar transforms Thread 24" [_thread_blocked, id=15284, stack(0x0000007344000000,0x0000007344100000)]
  0x00000181fdde7800 JavaThread "jar transforms Thread 25" [_thread_blocked, id=32216, stack(0x0000007344100000,0x0000007344200000)]
  0x00000181fddea000 JavaThread "jar transforms Thread 26" [_thread_blocked, id=40440, stack(0x0000007344200000,0x0000007344300000)]
  0x00000181fdde9000 JavaThread "jar transforms Thread 27" [_thread_blocked, id=10292, stack(0x0000007344300000,0x0000007344400000)]
  0x00000181fdde6000 JavaThread "jar transforms Thread 28" [_thread_blocked, id=29828, stack(0x0000007344400000,0x0000007344500000)]
  0x00000181fdde4800 JavaThread "jar transforms Thread 29" [_thread_blocked, id=10892, stack(0x0000007344500000,0x0000007344600000)]
  0x00000181fdde5000 JavaThread "jar transforms Thread 30" [_thread_blocked, id=39524, stack(0x0000007344600000,0x0000007344700000)]
  0x00000181fddec800 JavaThread "jar transforms Thread 31" [_thread_blocked, id=10012, stack(0x0000007344700000,0x0000007344800000)]
  0x00000181fdded000 JavaThread "jar transforms Thread 32" [_thread_blocked, id=32824, stack(0x0000007344800000,0x0000007344900000)]
  0x00000181fddeb800 JavaThread "jar transforms Thread 33" [_thread_blocked, id=29072, stack(0x0000007344900000,0x0000007344a00000)]
  0x00000181fddeb000 JavaThread "jar transforms Thread 34" [_thread_blocked, id=24428, stack(0x0000007344a00000,0x0000007344b00000)]
  0x00000181fddee000 JavaThread "jar transforms Thread 35" [_thread_blocked, id=460, stack(0x0000007344b00000,0x0000007344c00000)]
  0x00000181fdde8800 JavaThread "jar transforms Thread 36" [_thread_blocked, id=39712, stack(0x0000007344c00000,0x0000007344d00000)]
  0x00000181fddef000 JavaThread "jar transforms Thread 37" [_thread_blocked, id=28916, stack(0x0000007344d00000,0x0000007344e00000)]
  0x00000181fddef800 JavaThread "jar transforms Thread 38" [_thread_blocked, id=40588, stack(0x0000007344e00000,0x0000007344f00000)]
  0x00000181fddf0800 JavaThread "jar transforms Thread 39" [_thread_blocked, id=32320, stack(0x0000007344f00000,0x0000007345000000)]
  0x00000181fddf1800 JavaThread "jar transforms Thread 40" [_thread_blocked, id=9120, stack(0x0000007345000000,0x0000007345100000)]
  0x0000018180e70000 JavaThread "jar transforms Thread 41" [_thread_blocked, id=16600, stack(0x0000007345100000,0x0000007345200000)]
  0x0000018180e6c800 JavaThread "jar transforms Thread 42" [_thread_blocked, id=39124, stack(0x0000007345200000,0x0000007345300000)]
  0x0000018180e6b800 JavaThread "jar transforms Thread 43" [_thread_blocked, id=27816, stack(0x0000007345300000,0x0000007345400000)]
  0x0000018180e73000 JavaThread "jar transforms Thread 44" [_thread_blocked, id=17992, stack(0x0000007345400000,0x0000007345500000)]
  0x0000018180e6d800 JavaThread "jar transforms Thread 45" [_thread_blocked, id=36672, stack(0x0000007345500000,0x0000007345600000)]
  0x0000018180e70800 JavaThread "jar transforms Thread 46" [_thread_blocked, id=41140, stack(0x0000007345600000,0x0000007345700000)]
  0x0000018180e71800 JavaThread "jar transforms Thread 47" [_thread_blocked, id=13360, stack(0x0000007345700000,0x0000007345800000)]
  0x0000018180e72000 JavaThread "jar transforms Thread 48" [_thread_blocked, id=11780, stack(0x0000007345800000,0x0000007345900000)]
  0x0000018180e6e000 JavaThread "jar transforms Thread 49" [_thread_blocked, id=25896, stack(0x0000007345900000,0x0000007345a00000)]
  0x0000018180e74000 JavaThread "jar transforms Thread 50" [_thread_blocked, id=10028, stack(0x0000007345a00000,0x0000007345b00000)]
  0x0000018180e74800 JavaThread "jar transforms Thread 51" [_thread_blocked, id=1828, stack(0x0000007345b00000,0x0000007345c00000)]
  0x0000018180e6f000 JavaThread "jar transforms Thread 52" [_thread_blocked, id=21944, stack(0x0000007345c00000,0x0000007345d00000)]
  0x0000018180e78000 JavaThread "jar transforms Thread 53" [_thread_blocked, id=18624, stack(0x0000007345d00000,0x0000007345e00000)]
  0x0000018180e75800 JavaThread "jar transforms Thread 54" [_thread_blocked, id=38396, stack(0x0000007345e00000,0x0000007345f00000)]
  0x0000018180e76800 JavaThread "jar transforms Thread 55" [_thread_blocked, id=29060, stack(0x0000007345f00000,0x0000007346000000)]
  0x0000018180e79000 JavaThread "jar transforms Thread 56" [_thread_blocked, id=39144, stack(0x0000007346000000,0x0000007346100000)]
  0x0000018180e77000 JavaThread "jar transforms Thread 57" [_thread_blocked, id=40656, stack(0x0000007346100000,0x0000007346200000)]
  0x0000018180e7a800 JavaThread "jar transforms Thread 58" [_thread_blocked, id=32728, stack(0x0000007346200000,0x0000007346300000)]
  0x0000018180e79800 JavaThread "jar transforms Thread 59" [_thread_blocked, id=41752, stack(0x0000007346300000,0x0000007346400000)]
  0x0000018183438000 JavaThread "jar transforms Thread 60" [_thread_blocked, id=16144, stack(0x0000007346400000,0x0000007346500000)]
  0x0000018183437000 JavaThread "jar transforms Thread 61" [_thread_blocked, id=35912, stack(0x0000007346500000,0x0000007346600000)]
  0x0000018183439800 JavaThread "jar transforms Thread 62" [_thread_blocked, id=7968, stack(0x0000007346600000,0x0000007346700000)]
  0x0000018183439000 JavaThread "jar transforms Thread 63" [_thread_blocked, id=4944, stack(0x0000007346700000,0x0000007346800000)]
  0x0000018183435800 JavaThread "jar transforms Thread 64" [_thread_blocked, id=38312, stack(0x0000007346800000,0x0000007346900000)]
  0x0000018183436800 JavaThread "jar transforms Thread 65" [_thread_blocked, id=27780, stack(0x0000007346900000,0x0000007346a00000)]
  0x0000018183435000 JavaThread "jar transforms Thread 66" [_thread_blocked, id=33404, stack(0x0000007346a00000,0x0000007346b00000)]
  0x000001818343c000 JavaThread "jar transforms Thread 67" [_thread_blocked, id=8756, stack(0x0000007346b00000,0x0000007346c00000)]
  0x000001818343d000 JavaThread "jar transforms Thread 68" [_thread_blocked, id=28856, stack(0x0000007346c00000,0x0000007346d00000)]
  0x000001818343e000 JavaThread "jar transforms Thread 69" [_thread_blocked, id=27028, stack(0x0000007346d00000,0x0000007346e00000)]
  0x000001818343e800 JavaThread "jar transforms Thread 70" [_thread_blocked, id=14944, stack(0x0000007346e00000,0x0000007346f00000)]
  0x000001818343b800 JavaThread "jar transforms Thread 71" [_thread_blocked, id=28468, stack(0x0000007346f00000,0x0000007347000000)]
  0x000001818343f800 JavaThread "jar transforms Thread 72" [_thread_blocked, id=28792, stack(0x0000007347000000,0x0000007347100000)]
  0x0000018183440000 JavaThread "jar transforms Thread 73" [_thread_blocked, id=39580, stack(0x0000007347100000,0x0000007347200000)]
  0x000001818343a800 JavaThread "jar transforms Thread 74" [_thread_blocked, id=41084, stack(0x0000007347200000,0x0000007347300000)]
  0x0000018183442000 JavaThread "jar transforms Thread 75" [_thread_blocked, id=14404, stack(0x0000007347300000,0x0000007347400000)]
  0x0000018183442800 JavaThread "jar transforms Thread 76" [_thread_blocked, id=38920, stack(0x0000007347400000,0x0000007347500000)]
  0x0000018183441000 JavaThread "jar transforms Thread 77" [_thread_blocked, id=22752, stack(0x0000007347500000,0x0000007347600000)]
  0x0000018183443800 JavaThread "jar transforms Thread 78" [_thread_blocked, id=39836, stack(0x0000007347600000,0x0000007347700000)]
  0x000001818271d800 JavaThread "jar transforms Thread 79" [_thread_blocked, id=30784, stack(0x0000007347700000,0x0000007347800000)]
  0x000001818271e800 JavaThread "jar transforms Thread 80" [_thread_blocked, id=34712, stack(0x0000007347800000,0x0000007347900000)]
  0x000001818271f000 JavaThread "jar transforms Thread 81" [_thread_blocked, id=28780, stack(0x0000007347900000,0x0000007347a00000)]
  0x000001818271c000 JavaThread "jar transforms Thread 82" [_thread_blocked, id=37072, stack(0x0000007347a00000,0x0000007347b00000)]
  0x000001818271c800 JavaThread "jar transforms Thread 83" [_thread_blocked, id=35544, stack(0x0000007347b00000,0x0000007347c00000)]
  0x0000018182720000 JavaThread "jar transforms Thread 84" [_thread_blocked, id=27436, stack(0x0000007347c00000,0x0000007347d00000)]
  0x000001818271a800 JavaThread "jar transforms Thread 85" [_thread_blocked, id=25120, stack(0x0000007347d00000,0x0000007347e00000)]
  0x0000018182721000 JavaThread "jar transforms Thread 86" [_thread_blocked, id=30036, stack(0x0000007347e00000,0x0000007347f00000)]
  0x000001818271b000 JavaThread "jar transforms Thread 87" [_thread_blocked, id=26692, stack(0x0000007347f00000,0x0000007348000000)]
  0x0000018182723000 JavaThread "jar transforms Thread 88" [_thread_blocked, id=16652, stack(0x0000007348000000,0x0000007348100000)]
  0x0000018182725800 JavaThread "jar transforms Thread 89" [_thread_blocked, id=41732, stack(0x0000007348100000,0x0000007348200000)]
  0x0000018182721800 JavaThread "jar transforms Thread 90" [_thread_blocked, id=39552, stack(0x0000007348200000,0x0000007348300000)]
  0x0000018182724000 JavaThread "jar transforms Thread 91" [_thread_blocked, id=39300, stack(0x0000007348300000,0x0000007348400000)]
  0x0000018182728000 JavaThread "jar transforms Thread 92" [_thread_blocked, id=33328, stack(0x0000007348400000,0x0000007348500000)]
  0x0000018182722800 JavaThread "jar transforms Thread 93" [_thread_blocked, id=39344, stack(0x0000007348500000,0x0000007348600000)]
  0x0000018182727800 JavaThread "jar transforms Thread 94" [_thread_blocked, id=22316, stack(0x0000007348600000,0x0000007348700000)]
  0x0000018182725000 JavaThread "jar transforms Thread 95" [_thread_blocked, id=4576, stack(0x0000007348700000,0x0000007348800000)]
  0x0000018182726800 JavaThread "jar transforms Thread 96" [_thread_blocked, id=12920, stack(0x0000007348800000,0x0000007348900000)]
  0x0000018182729000 JavaThread "jar transforms Thread 97" [_thread_blocked, id=32672, stack(0x0000007348900000,0x0000007348a00000)]
  0x0000018182a54000 JavaThread "jar transforms Thread 98" [_thread_blocked, id=27912, stack(0x0000007348a00000,0x0000007348b00000)]
  0x0000018182a51000 JavaThread "jar transforms Thread 99" [_thread_blocked, id=35552, stack(0x0000007348b00000,0x0000007348c00000)]
  0x0000018182a56000 JavaThread "jar transforms Thread 100" [_thread_blocked, id=5780, stack(0x0000007348c00000,0x0000007348d00000)]
  0x0000018182a52800 JavaThread "jar transforms Thread 101" [_thread_blocked, id=41532, stack(0x0000007348d00000,0x0000007348e00000)]
  0x0000018182a52000 JavaThread "jar transforms Thread 102" [_thread_blocked, id=25984, stack(0x0000007348e00000,0x0000007348f00000)]
  0x0000018182a59000 JavaThread "jar transforms Thread 103" [_thread_blocked, id=22776, stack(0x0000007348f00000,0x0000007349000000)]
  0x0000018182a55000 JavaThread "jar transforms Thread 104" [_thread_blocked, id=40764, stack(0x0000007349000000,0x0000007349100000)]
  0x0000018182a56800 JavaThread "jar transforms Thread 105" [_thread_blocked, id=10472, stack(0x0000007349100000,0x0000007349200000)]
  0x0000018182a53800 JavaThread "jar transforms Thread 106" [_thread_blocked, id=13772, stack(0x0000007349200000,0x0000007349300000)]
  0x0000018182a5a000 JavaThread "jar transforms Thread 107" [_thread_blocked, id=33996, stack(0x0000007349300000,0x0000007349400000)]
  0x0000018182a5b000 JavaThread "jar transforms Thread 108" [_thread_blocked, id=19944, stack(0x0000007349400000,0x0000007349500000)]
  0x0000018182a5c800 JavaThread "jar transforms Thread 109" [_thread_blocked, id=26284, stack(0x0000007349500000,0x0000007349600000)]
  0x0000018182a5b800 JavaThread "jar transforms Thread 110" [_thread_blocked, id=37344, stack(0x0000007349600000,0x0000007349700000)]
  0x0000018182a5d000 JavaThread "jar transforms Thread 111" [_thread_blocked, id=26352, stack(0x0000007349700000,0x0000007349800000)]
  0x0000018182a57800 JavaThread "jar transforms Thread 112" [_thread_blocked, id=40304, stack(0x0000007349800000,0x0000007349900000)]
  0x0000018182a5e000 JavaThread "jar transforms Thread 113" [_thread_blocked, id=40400, stack(0x0000007349900000,0x0000007349a00000)]
  0x0000018182a58800 JavaThread "jar transforms Thread 114" [_thread_blocked, id=40068, stack(0x0000007349a00000,0x0000007349b00000)]
  0x0000018182a5f000 JavaThread "jar transforms Thread 115" [_thread_blocked, id=38836, stack(0x0000007349b00000,0x0000007349c00000)]
  0x0000018182a5f800 JavaThread "jar transforms Thread 116" [_thread_blocked, id=37748, stack(0x0000007349c00000,0x0000007349d00000)]
  0x00000181826a5000 JavaThread "jar transforms Thread 117" [_thread_blocked, id=6172, stack(0x0000007349d00000,0x0000007349e00000)]
  0x00000181826a6800 JavaThread "jar transforms Thread 118" [_thread_blocked, id=12576, stack(0x0000007349e00000,0x0000007349f00000)]
  0x00000181826a4000 JavaThread "jar transforms Thread 119" [_thread_blocked, id=30316, stack(0x0000007349f00000,0x000000734a000000)]
  0x00000181826a5800 JavaThread "Memory manager" [_thread_blocked, id=2452, stack(0x000000734a000000,0x000000734a100000)]
  0x00000181826a8000 JavaThread "build event listener" [_thread_blocked, id=38596, stack(0x000000734a100000,0x000000734a200000)]
  0x00000181826a2800 JavaThread "pool-3-thread-1" [_thread_blocked, id=28068, stack(0x000000734a200000,0x000000734a300000)]
  0x00000181826a3800 JavaThread "build event listener" [_thread_blocked, id=4792, stack(0x000000734a300000,0x000000734a400000)]
  0x0000018183c0c000 JavaThread "Execution worker for ':'" [_thread_blocked, id=3576, stack(0x000000734a400000,0x000000734a500000)]
  0x0000018183c09800 JavaThread "Execution worker for ':' Thread 2" [_thread_blocked, id=31388, stack(0x000000734a500000,0x000000734a600000)]
  0x0000018183c0c800 JavaThread "Execution worker for ':' Thread 3" [_thread_blocked, id=35504, stack(0x000000734a600000,0x000000734a700000)]
  0x0000018183c0b000 JavaThread "Execution worker for ':' Thread 4" [_thread_blocked, id=15048, stack(0x000000734a700000,0x000000734a800000)]
  0x0000018183c10000 JavaThread "Execution worker for ':' Thread 5" [_thread_blocked, id=18928, stack(0x000000734a800000,0x000000734a900000)]
  0x0000018183c0f000 JavaThread "Execution worker for ':' Thread 6" [_thread_blocked, id=34304, stack(0x000000734a900000,0x000000734aa00000)]
  0x0000018183c0d800 JavaThread "Execution worker for ':' Thread 7" [_thread_blocked, id=20600, stack(0x000000734aa00000,0x000000734ab00000)]
  0x0000018183c0a000 JavaThread "Cache worker for execution history cache (C:\Android Projects\Udemy TUTORIAL\KidsDrawingApp\.gradle\6.7.1\executionHistory)" [_thread_blocked, id=40520, stack(0x0000007341800000,0x0000007341900000)]
  0x0000018180744800 JavaThread "C2 CompilerThread1" daemon [_thread_in_native, id=25348, stack(0x0000007341c00000,0x0000007341d00000)]
  0x0000018180ae3000 JavaThread "C2 CompilerThread2" daemon [_thread_in_native, id=34856, stack(0x000000734ab00000,0x000000734ac00000)]
  0x0000018183c10800 JavaThread "WorkerExecutor Queue" [_thread_blocked, id=17880, stack(0x000000734ac00000,0x000000734ad00000)]
  0x0000018183c14000 JavaThread "pool-4-thread-1" [_thread_blocked, id=41208, stack(0x000000734ad00000,0x000000734ae00000)]
  0x0000018183c11800 JavaThread "stderr" [_thread_in_native, id=30228, stack(0x000000734ae00000,0x000000734af00000)]
  0x0000018183c0e800 JavaThread "stdout" [_thread_in_native, id=31616, stack(0x000000734af00000,0x000000734b000000)]
  0x0000018183c13000 JavaThread "WorkerExecutor Queue Thread 2" [_thread_blocked, id=3312, stack(0x000000734b000000,0x000000734b100000)]
  0x0000018183c16800 JavaThread "WorkerExecutor Queue Thread 3" [_thread_blocked, id=23060, stack(0x000000734b100000,0x000000734b200000)]
  0x0000018183c15800 JavaThread "ForkJoinPool-1-worker-3" daemon [_thread_blocked, id=9096, stack(0x000000734b200000,0x000000734b300000)]
  0x0000018183c12800 JavaThread "ForkJoinPool-1-worker-5" daemon [_thread_blocked, id=32424, stack(0x000000734b300000,0x000000734b400000)]
  0x0000018183c17800 JavaThread "ForkJoinPool-1-worker-7" daemon [_thread_blocked, id=28496, stack(0x000000734b400000,0x000000734b500000)]
  0x000001818a4f2000 JavaThread "ForkJoinPool-1-worker-9" daemon [_thread_blocked, id=22136, stack(0x000000734b500000,0x000000734b600000)]
  0x000001818a4f3000 JavaThread "ForkJoinPool-1-worker-11" daemon [_thread_blocked, id=29476, stack(0x000000734b600000,0x000000734b700000)]
  0x000001818a4f0800 JavaThread "ForkJoinPool-1-worker-13" daemon [_thread_blocked, id=40880, stack(0x000000734b700000,0x000000734b800000)]
  0x000001818a4ef800 JavaThread "ForkJoinPool-1-worker-15" daemon [_thread_blocked, id=30260, stack(0x000000734b800000,0x000000734b900000)]
  0x000001818a4f4000 JavaThread "ForkJoinPool-1-worker-1" daemon [_thread_blocked, id=24544, stack(0x000000734b900000,0x000000734ba00000)]
  0x000001818a4f1800 JavaThread "Thread-162" [_thread_in_native, id=30512, stack(0x000000734bc00000,0x000000734bd00000)]

Other Threads:
=>0x00000181fd2db800 VMThread "VM Thread" [stack: 0x000000733f500000,0x000000733f600000] [id=9156]
  0x00000181fde00000 WatcherThread [stack: 0x000000733ff00000,0x0000007340000000] [id=23312]
  0x00000181e1042000 GCTaskThread "GC Thread#0" [stack: 0x000000733f000000,0x000000733f100000] [id=556]
  0x00000181fe7ac000 GCTaskThread "GC Thread#1" [stack: 0x0000007340200000,0x0000007340300000] [id=27564]
  0x00000181fe7ad000 GCTaskThread "GC Thread#2" [stack: 0x0000007340300000,0x0000007340400000] [id=20836]
  0x000001818046c000 GCTaskThread "GC Thread#3" [stack: 0x0000007340e00000,0x0000007340f00000] [id=22608]
  0x00000181804c3000 GCTaskThread "GC Thread#4" [stack: 0x0000007340f00000,0x0000007341000000] [id=39728]
  0x00000181ff65f800 GCTaskThread "GC Thread#5" [stack: 0x0000007341000000,0x0000007341100000] [id=28732]
  0x00000181ff09b000 GCTaskThread "GC Thread#6" [stack: 0x0000007341100000,0x0000007341200000] [id=12416]
  0x0000018180937800 GCTaskThread "GC Thread#7" [stack: 0x0000007341200000,0x0000007341300000] [id=28828]
  0x00000181e1073000 ConcurrentGCThread "G1 Main Marker" [stack: 0x000000733f100000,0x000000733f200000] [id=28060]
  0x00000181e1076800 ConcurrentGCThread "G1 Conc#0" [stack: 0x000000733f200000,0x000000733f300000] [id=35968]
  0x000001818032f800 ConcurrentGCThread "G1 Conc#1" [stack: 0x0000007341600000,0x0000007341700000] [id=27240]
  0x00000181fd130800 ConcurrentGCThread "G1 Refine#0" [stack: 0x000000733f300000,0x000000733f400000] [id=6500]
  0x00000181ff58a000 ConcurrentGCThread "G1 Refine#1" [stack: 0x0000007341300000,0x0000007341400000] [id=18172]
  0x0000018181fda000 ConcurrentGCThread "G1 Refine#2" [stack: 0x000000734ba00000,0x000000734bb00000] [id=36440]
  0x0000018181fd8000 ConcurrentGCThread "G1 Refine#3" [stack: 0x000000734bb00000,0x000000734bc00000] [id=25028]
  0x00000181fd131000 ConcurrentGCThread "G1 Young RemSet Sampling" [stack: 0x000000733f400000,0x000000733f500000] [id=21992]

Threads with active compile tasks:
C2 CompilerThread0  18023 13512       4       com.android.tools.r8.dex.n::e (654 bytes)
C1 CompilerThread0  18023 14039       3       java.util.TimSort::mergeLo (659 bytes)
C2 CompilerThread1  18023 13570 %     4       com.android.tools.r8.dex.n::a @ 315 (913 bytes)
C2 CompilerThread2  18023 13985       4       com.android.tools.r8.dex.P$g::b (20 bytes)

VM state:at safepoint (normal execution)

VM Mutex/Monitor currently owned by a thread:  ([mutex/lock_event])
[0x00000181e1027910] Threads_lock - owner thread: 0x00000181fd2db800
[0x00000181e1026830] Heap_lock - owner thread: 0x0000018183c13000

Heap address: 0x0000000080000000, size: 2048 MB, Compressed Oops mode: 32-bit
Narrow klass base: 0x0000000000000000, Narrow klass shift: 3
Compressed class space size: 1073741824 Address: 0x0000000100000000

Heap:
 garbage-first heap   total 349184K, used 163485K [0x0000000080000000, 0x0000000100000000)
  region size 1024K, 4 young (4096K), 4 survivors (4096K)
 Metaspace       used 100282K, capacity 102683K, committed 103040K, reserved 1138688K
  class space    used 12905K, capacity 13774K, committed 13952K, reserved 1048576K
Heap Regions: E=young(eden), S=young(survivor), O=old, HS=humongous(starts), HC=humongous(continues), CS=collection set, F=free, A=archive, TAMS=top-at-mark-start (previous, next)
|   0|0x0000000080000000, 0x0000000080100000, 0x0000000080100000|100%| O|  |TAMS 0x0000000080100000, 0x0000000080000000| Untracked 
|   1|0x0000000080100000, 0x0000000080200000, 0x0000000080200000|100%| O|  |TAMS 0x0000000080200000, 0x0000000080100000| Untracked 
|   2|0x0000000080200000, 0x0000000080300000, 0x0000000080300000|100%| O|  |TAMS 0x0000000080300000, 0x0000000080200000| Untracked 
|   3|0x0000000080300000, 0x0000000080400000, 0x0000000080400000|100%|HS|  |TAMS 0x0000000080400000, 0x0000000080300000| Complete 
|   4|0x0000000080400000, 0x0000000080500000, 0x0000000080500000|100%|HC|  |TAMS 0x0000000080500000, 0x0000000080400000| Complete 
|   5|0x0000000080500000, 0x0000000080600000, 0x0000000080600000|100%|HC|  |TAMS 0x0000000080600000, 0x0000000080500000| Complete 
|   6|0x0000000080600000, 0x0000000080700000, 0x0000000080700000|100%| O|  |TAMS 0x0000000080700000, 0x0000000080600000| Untracked 
|   7|0x0000000080700000, 0x0000000080800000, 0x0000000080800000|100%| O|  |TAMS 0x0000000080800000, 0x0000000080700000| Untracked 
|   8|0x0000000080800000, 0x0000000080900000, 0x0000000080900000|100%| O|  |TAMS 0x0000000080900000, 0x0000000080800000| Untracked 
|   9|0x0000000080900000, 0x0000000080a00000, 0x0000000080a00000|100%| O|  |TAMS 0x0000000080a00000, 0x0000000080900000| Untracked 
|  10|0x0000000080a00000, 0x0000000080b00000, 0x0000000080b00000|100%| O|  |TAMS 0x0000000080b00000, 0x0000000080a00000| Complete 
|  11|0x0000000080b00000, 0x0000000080c00000, 0x0000000080c00000|100%| O|  |TAMS 0x0000000080c00000, 0x0000000080b00000| Untracked 
|  12|0x0000000080c00000, 0x0000000080d00000, 0x0000000080d00000|100%| O|  |TAMS 0x0000000080d00000, 0x0000000080c00000| Untracked 
|  13|0x0000000080d00000, 0x0000000080e00000, 0x0000000080e00000|100%| O|  |TAMS 0x0000000080e00000, 0x0000000080d00000| Untracked 
|  14|0x0000000080e00000, 0x0000000080f00000, 0x0000000080f00000|100%| O|  |TAMS 0x0000000080f00000, 0x0000000080e00000| Untracked 
|  15|0x0000000080f00000, 0x0000000081000000, 0x0000000081000000|100%| O|  |TAMS 0x0000000081000000, 0x0000000080f00000| Untracked 
|  16|0x0000000081000000, 0x0000000081100000, 0x0000000081100000|100%| O|  |TAMS 0x0000000081100000, 0x0000000081000000| Untracked 
|  17|0x0000000081100000, 0x0000000081200000, 0x0000000081200000|100%| O|  |TAMS 0x0000000081200000, 0x0000000081100000| Untracked 
|  18|0x0000000081200000, 0x0000000081300000, 0x0000000081300000|100%| O|  |TAMS 0x0000000081300000, 0x0000000081200000| Complete 
|  19|0x0000000081300000, 0x0000000081400000, 0x0000000081400000|100%|HS|  |TAMS 0x0000000081400000, 0x0000000081300000| Complete 
|  20|0x0000000081400000, 0x0000000081500000, 0x0000000081500000|100%| O|  |TAMS 0x0000000081500000, 0x0000000081400000| Untracked 
|  21|0x0000000081500000, 0x0000000081600000, 0x0000000081600000|100%| O|  |TAMS 0x0000000081600000, 0x0000000081500000| Untracked 
|  22|0x0000000081600000, 0x0000000081700000, 0x0000000081700000|100%|HS|  |TAMS 0x0000000081700000, 0x0000000081600000| Complete 
|  23|0x0000000081700000, 0x0000000081800000, 0x0000000081800000|100%|HS|  |TAMS 0x0000000081800000, 0x0000000081700000| Complete 
|  24|0x0000000081800000, 0x0000000081900000, 0x0000000081900000|100%|HC|  |TAMS 0x0000000081900000, 0x0000000081800000| Complete 
|  25|0x0000000081900000, 0x0000000081a00000, 0x0000000081a00000|100%|HC|  |TAMS 0x0000000081a00000, 0x0000000081900000| Complete 
|  26|0x0000000081a00000, 0x0000000081b00000, 0x0000000081b00000|100%|HS|  |TAMS 0x0000000081b00000, 0x0000000081a00000| Complete 
|  27|0x0000000081b00000, 0x0000000081c00000, 0x0000000081c00000|100%|HC|  |TAMS 0x0000000081c00000, 0x0000000081b00000| Complete 
|  28|0x0000000081c00000, 0x0000000081d00000, 0x0000000081d00000|100%| O|  |TAMS 0x0000000081d00000, 0x0000000081c00000| Untracked 
|  29|0x0000000081d00000, 0x0000000081e00000, 0x0000000081e00000|100%| O|  |TAMS 0x0000000081e00000, 0x0000000081d00000| Untracked 
|  30|0x0000000081e00000, 0x0000000081f00000, 0x0000000081f00000|100%| O|  |TAMS 0x0000000081f00000, 0x0000000081e00000| Untracked 
|  31|0x0000000081f00000, 0x0000000082000000, 0x0000000082000000|100%| O|  |TAMS 0x0000000082000000, 0x0000000081f00000| Untracked 
|  32|0x0000000082000000, 0x0000000082100000, 0x0000000082100000|100%| O|  |TAMS 0x0000000082100000, 0x0000000082000000| Complete 
|  33|0x0000000082100000, 0x0000000082200000, 0x0000000082200000|100%| O|  |TAMS 0x0000000082200000, 0x0000000082100000| Untracked 
|  34|0x0000000082200000, 0x0000000082300000, 0x0000000082300000|100%| O|  |TAMS 0x0000000082300000, 0x0000000082200000| Untracked 
|  35|0x0000000082300000, 0x0000000082400000, 0x0000000082400000|100%| O|  |TAMS 0x0000000082400000, 0x0000000082300000| Untracked 
|  36|0x0000000082400000, 0x0000000082500000, 0x0000000082500000|100%| O|  |TAMS 0x0000000082500000, 0x0000000082400000| Complete 
|  37|0x0000000082500000, 0x0000000082600000, 0x0000000082600000|100%| O|  |TAMS 0x0000000082600000, 0x0000000082500000| Untracked 
|  38|0x0000000082600000, 0x0000000082700000, 0x0000000082700000|100%| O|  |TAMS 0x0000000082700000, 0x0000000082600000| Untracked 
|  39|0x0000000082700000, 0x0000000082800000, 0x0000000082800000|100%| O|  |TAMS 0x0000000082800000, 0x0000000082700000| Untracked 
|  40|0x0000000082800000, 0x0000000082900000, 0x0000000082900000|100%| O|  |TAMS 0x0000000082900000, 0x0000000082800000| Untracked 
|  41|0x0000000082900000, 0x0000000082a00000, 0x0000000082a00000|100%| O|  |TAMS 0x0000000082a00000, 0x0000000082900000| Untracked 
|  42|0x0000000082a00000, 0x0000000082b00000, 0x0000000082b00000|100%| O|  |TAMS 0x0000000082b00000, 0x0000000082a00000| Untracked 
|  43|0x0000000082b00000, 0x0000000082c00000, 0x0000000082c00000|100%| O|  |TAMS 0x0000000082c00000, 0x0000000082b00000| Complete 
|  44|0x0000000082c00000, 0x0000000082d00000, 0x0000000082d00000|100%| O|  |TAMS 0x0000000082d00000, 0x0000000082c00000| Untracked 
|  45|0x0000000082d00000, 0x0000000082e00000, 0x0000000082e00000|100%| O|  |TAMS 0x0000000082e00000, 0x0000000082d00000| Untracked 
|  46|0x0000000082e00000, 0x0000000082f00000, 0x0000000082f00000|100%| O|  |TAMS 0x0000000082f00000, 0x0000000082e00000| Untracked 
|  47|0x0000000082f00000, 0x0000000083000000, 0x0000000083000000|100%| O|  |TAMS 0x0000000083000000, 0x0000000082f00000| Complete 
|  48|0x0000000083000000, 0x0000000083100000, 0x0000000083100000|100%| O|  |TAMS 0x0000000083100000, 0x0000000083000000| Untracked 
|  49|0x0000000083100000, 0x0000000083200000, 0x0000000083200000|100%| O|  |TAMS 0x0000000083200000, 0x0000000083100000| Untracked 
|  50|0x0000000083200000, 0x0000000083300000, 0x0000000083300000|100%| O|  |TAMS 0x0000000083300000, 0x0000000083200000| Untracked 
|  51|0x0000000083300000, 0x0000000083400000, 0x0000000083400000|100%| O|  |TAMS 0x0000000083400000, 0x0000000083300000| Untracked 
|  52|0x0000000083400000, 0x0000000083500000, 0x0000000083500000|100%| O|  |TAMS 0x0000000083500000, 0x0000000083400000| Complete 
|  53|0x0000000083500000, 0x0000000083600000, 0x0000000083600000|100%| O|  |TAMS 0x0000000083600000, 0x0000000083500000| Untracked 
|  54|0x0000000083600000, 0x0000000083700000, 0x0000000083700000|100%| O|  |TAMS 0x0000000083700000, 0x0000000083600000| Untracked 
|  55|0x0000000083700000, 0x0000000083800000, 0x0000000083800000|100%| O|  |TAMS 0x0000000083800000, 0x0000000083700000| Complete 
|  56|0x0000000083800000, 0x0000000083900000, 0x0000000083900000|100%| O|  |TAMS 0x0000000083900000, 0x0000000083800000| Untracked 
|  57|0x0000000083900000, 0x0000000083a00000, 0x0000000083a00000|100%| O|  |TAMS 0x0000000083a00000, 0x0000000083900000| Untracked 
|  58|0x0000000083a00000, 0x0000000083b00000, 0x0000000083b00000|100%| O|  |TAMS 0x0000000083b00000, 0x0000000083a00000| Untracked 
|  59|0x0000000083b00000, 0x0000000083c00000, 0x0000000083c00000|100%| O|  |TAMS 0x0000000083c00000, 0x0000000083b00000| Complete 
|  60|0x0000000083c00000, 0x0000000083d00000, 0x0000000083d00000|100%| O|  |TAMS 0x0000000083d00000, 0x0000000083c00000| Untracked 
|  61|0x0000000083d00000, 0x0000000083e00000, 0x0000000083e00000|100%| O|  |TAMS 0x0000000083e00000, 0x0000000083d00000| Untracked 
|  62|0x0000000083e00000, 0x0000000083f00000, 0x0000000083f00000|100%| O|  |TAMS 0x0000000083f00000, 0x0000000083e00000| Untracked 
|  63|0x0000000083f00000, 0x0000000084000000, 0x0000000084000000|100%| O|  |TAMS 0x0000000084000000, 0x0000000083f00000| Complete 
|  64|0x0000000084000000, 0x0000000084100000, 0x0000000084100000|100%| O|  |TAMS 0x0000000084100000, 0x0000000084000000| Complete 
|  65|0x0000000084100000, 0x0000000084200000, 0x0000000084200000|100%| O|  |TAMS 0x0000000084200000, 0x0000000084100000| Complete 
|  66|0x0000000084200000, 0x0000000084300000, 0x0000000084300000|100%| O|  |TAMS 0x0000000084300000, 0x0000000084200000| Complete 
|  67|0x0000000084300000, 0x0000000084400000, 0x0000000084400000|100%| O|  |TAMS 0x0000000084400000, 0x0000000084300000| Complete 
|  68|0x0000000084400000, 0x0000000084500000, 0x0000000084500000|100%| O|  |TAMS 0x0000000084500000, 0x0000000084400000| Untracked 
|  69|0x0000000084500000, 0x0000000084600000, 0x0000000084600000|100%| O|  |TAMS 0x0000000084600000, 0x0000000084500000| Untracked 
|  70|0x0000000084600000, 0x0000000084700000, 0x0000000084700000|100%| O|  |TAMS 0x0000000084700000, 0x0000000084600000| Untracked 
|  71|0x0000000084700000, 0x0000000084800000, 0x0000000084800000|100%| O|  |TAMS 0x0000000084800000, 0x0000000084700000| Complete 
|  72|0x0000000084800000, 0x0000000084900000, 0x0000000084900000|100%| O|  |TAMS 0x0000000084900000, 0x0000000084800000| Complete 
|  73|0x0000000084900000, 0x0000000084a00000, 0x0000000084a00000|100%|HS|  |TAMS 0x0000000084900000, 0x0000000084900000| Complete 
|  74|0x0000000084a00000, 0x0000000084b00000, 0x0000000084b00000|100%| O|  |TAMS 0x0000000084b00000, 0x0000000084a00000| Untracked 
|  75|0x0000000084b00000, 0x0000000084c00000, 0x0000000084c00000|100%|HS|  |TAMS 0x0000000084c00000, 0x0000000084b00000| Complete 
|  76|0x0000000084c00000, 0x0000000084d00000, 0x0000000084d00000|100%|HS|  |TAMS 0x0000000084d00000, 0x0000000084c00000| Complete 
|  77|0x0000000084d00000, 0x0000000084e00000, 0x0000000084e00000|100%|HC|  |TAMS 0x0000000084e00000, 0x0000000084d00000| Complete 
|  78|0x0000000084e00000, 0x0000000084f00000, 0x0000000084f00000|100%|HC|  |TAMS 0x0000000084f00000, 0x0000000084e00000| Complete 
|  79|0x0000000084f00000, 0x0000000085000000, 0x0000000085000000|100%|HS|  |TAMS 0x0000000085000000, 0x0000000084f00000| Complete 
|  80|0x0000000085000000, 0x0000000085100000, 0x0000000085100000|100%|HC|  |TAMS 0x0000000085100000, 0x0000000085000000| Complete 
|  81|0x0000000085100000, 0x0000000085200000, 0x0000000085200000|100%|HS|  |TAMS 0x0000000085200000, 0x0000000085100000| Complete 
|  82|0x0000000085200000, 0x0000000085300000, 0x0000000085300000|100%|HS|  |TAMS 0x0000000085300000, 0x0000000085200000| Complete 
|  83|0x0000000085300000, 0x0000000085400000, 0x0000000085400000|100%| O|  |TAMS 0x0000000085400000, 0x0000000085300000| Untracked 
|  84|0x0000000085400000, 0x0000000085500000, 0x0000000085500000|100%| O|  |TAMS 0x0000000085500000, 0x0000000085400000| Untracked 
|  85|0x0000000085500000, 0x0000000085600000, 0x0000000085600000|100%| O|  |TAMS 0x0000000085600000, 0x0000000085500000| Untracked 
|  86|0x0000000085600000, 0x0000000085700000, 0x0000000085700000|100%|HS|  |TAMS 0x0000000085600000, 0x0000000085600000| Complete 
|  87|0x0000000085700000, 0x0000000085800000, 0x0000000085800000|100%|HC|  |TAMS 0x0000000085700000, 0x0000000085700000| Complete 
|  88|0x0000000085800000, 0x0000000085900000, 0x0000000085900000|100%| O|  |TAMS 0x0000000085800000, 0x0000000085800000| Untracked 
|  89|0x0000000085900000, 0x0000000085a00000, 0x0000000085a00000|100%| O|  |TAMS 0x0000000085a00000, 0x0000000085900000| Untracked 
|  90|0x0000000085a00000, 0x0000000085b00000, 0x0000000085b00000|100%| O|  |TAMS 0x0000000085b00000, 0x0000000085a00000| Untracked 
|  91|0x0000000085b00000, 0x0000000085c00000, 0x0000000085c00000|100%|HS|  |TAMS 0x0000000085b00000, 0x0000000085b00000| Complete 
|  92|0x0000000085c00000, 0x0000000085d00000, 0x0000000085d00000|100%|HC|  |TAMS 0x0000000085c00000, 0x0000000085c00000| Complete 
|  93|0x0000000085d00000, 0x0000000085d36e00, 0x0000000085e00000| 21%| O|  |TAMS 0x0000000085d00000, 0x0000000085d00000| Untracked 
|  94|0x0000000085e00000, 0x0000000085f00000, 0x0000000085f00000|100%| O|  |TAMS 0x0000000085f00000, 0x0000000085e00000| Untracked 
|  95|0x0000000085f00000, 0x0000000085f00000, 0x0000000086000000|  0%| F|  |TAMS 0x0000000085f00000, 0x0000000085f00000| Untracked 
|  96|0x0000000086000000, 0x0000000086100000, 0x0000000086100000|100%| O|  |TAMS 0x0000000086100000, 0x0000000086000000| Untracked 
|  97|0x0000000086100000, 0x0000000086200000, 0x0000000086200000|100%| O|  |TAMS 0x0000000086200000, 0x0000000086100000| Untracked 
|  98|0x0000000086200000, 0x0000000086300000, 0x0000000086300000|100%| O|  |TAMS 0x0000000086300000, 0x0000000086200000| Complete 
|  99|0x0000000086300000, 0x0000000086400000, 0x0000000086400000|100%| O|  |TAMS 0x0000000086400000, 0x0000000086300000| Complete 
| 100|0x0000000086400000, 0x0000000086500000, 0x0000000086500000|100%| O|  |TAMS 0x0000000086500000, 0x0000000086400000| Complete 
| 101|0x0000000086500000, 0x0000000086600000, 0x0000000086600000|100%| O|  |TAMS 0x0000000086600000, 0x0000000086500000| Complete 
| 102|0x0000000086600000, 0x0000000086700000, 0x0000000086700000|100%| O|  |TAMS 0x0000000086700000, 0x0000000086600000| Complete 
| 103|0x0000000086700000, 0x0000000086800000, 0x0000000086800000|100%| O|  |TAMS 0x0000000086800000, 0x0000000086700000| Complete 
| 104|0x0000000086800000, 0x0000000086900000, 0x0000000086900000|100%| O|  |TAMS 0x0000000086900000, 0x0000000086800000| Complete 
| 105|0x0000000086900000, 0x0000000086a00000, 0x0000000086a00000|100%| O|  |TAMS 0x0000000086a00000, 0x0000000086900000| Complete 
| 106|0x0000000086a00000, 0x0000000086b00000, 0x0000000086b00000|100%| O|  |TAMS 0x0000000086b00000, 0x0000000086a00000| Untracked 
| 107|0x0000000086b00000, 0x0000000086c00000, 0x0000000086c00000|100%| O|  |TAMS 0x0000000086c00000, 0x0000000086b00000| Untracked 
| 108|0x0000000086c00000, 0x0000000086d00000, 0x0000000086d00000|100%| O|  |TAMS 0x0000000086d00000, 0x0000000086c00000| Untracked 
| 109|0x0000000086d00000, 0x0000000086e00000, 0x0000000086e00000|100%| O|  |TAMS 0x0000000086e00000, 0x0000000086d00000| Complete 
| 110|0x0000000086e00000, 0x0000000086f00000, 0x0000000086f00000|100%| O|  |TAMS 0x0000000086f00000, 0x0000000086e00000| Untracked 
| 111|0x0000000086f00000, 0x0000000087000000, 0x0000000087000000|100%| O|  |TAMS 0x0000000087000000, 0x0000000086f00000| Untracked 
| 112|0x0000000087000000, 0x0000000087100000, 0x0000000087100000|100%| O|  |TAMS 0x0000000087100000, 0x0000000087000000| Untracked 
| 113|0x0000000087100000, 0x0000000087200000, 0x0000000087200000|100%| O|  |TAMS 0x0000000087200000, 0x0000000087100000| Untracked 
| 114|0x0000000087200000, 0x0000000087300000, 0x0000000087300000|100%| O|  |TAMS 0x0000000087300000, 0x0000000087200000| Untracked 
| 115|0x0000000087300000, 0x0000000087400000, 0x0000000087400000|100%| O|  |TAMS 0x0000000087400000, 0x0000000087300000| Untracked 
| 116|0x0000000087400000, 0x0000000087500000, 0x0000000087500000|100%| O|  |TAMS 0x0000000087500000, 0x0000000087400000| Untracked 
| 117|0x0000000087500000, 0x0000000087600000, 0x0000000087600000|100%| O|  |TAMS 0x0000000087600000, 0x0000000087500000| Untracked 
| 118|0x0000000087600000, 0x0000000087700000, 0x0000000087700000|100%| O|  |TAMS 0x0000000087700000, 0x0000000087600000| Untracked 
| 119|0x0000000087700000, 0x0000000087800000, 0x0000000087800000|100%| O|  |TAMS 0x0000000087800000, 0x0000000087700000| Complete 
| 120|0x0000000087800000, 0x0000000087900000, 0x0000000087900000|100%| O|  |TAMS 0x0000000087900000, 0x0000000087800000| Complete 
| 121|0x0000000087900000, 0x0000000087a00000, 0x0000000087a00000|100%| O|  |TAMS 0x0000000087a00000, 0x0000000087900000| Untracked 
| 122|0x0000000087a00000, 0x0000000087b00000, 0x0000000087b00000|100%| O|  |TAMS 0x0000000087b00000, 0x0000000087a00000| Untracked 
| 123|0x0000000087b00000, 0x0000000087c00000, 0x0000000087c00000|100%| O|  |TAMS 0x0000000087c00000, 0x0000000087b00000| Untracked 
| 124|0x0000000087c00000, 0x0000000087d00000, 0x0000000087d00000|100%| O|  |TAMS 0x0000000087d00000, 0x0000000087c00000| Untracked 
| 125|0x0000000087d00000, 0x0000000087e00000, 0x0000000087e00000|100%| O|  |TAMS 0x0000000087e00000, 0x0000000087d00000| Untracked 
| 126|0x0000000087e00000, 0x0000000087f00000, 0x0000000087f00000|100%| O|  |TAMS 0x0000000087f00000, 0x0000000087e00000| Untracked 
| 127|0x0000000087f00000, 0x0000000088000000, 0x0000000088000000|100%| O|  |TAMS 0x0000000088000000, 0x0000000087f00000| Untracked 
| 128|0x0000000088000000, 0x0000000088100000, 0x0000000088100000|100%| O|  |TAMS 0x0000000088100000, 0x0000000088000000| Untracked 
| 129|0x0000000088100000, 0x0000000088200000, 0x0000000088200000|100%| O|  |TAMS 0x0000000088200000, 0x0000000088100000| Complete 
| 130|0x0000000088200000, 0x0000000088300000, 0x0000000088300000|100%| O|  |TAMS 0x0000000088300000, 0x0000000088200000| Untracked 
| 131|0x0000000088300000, 0x0000000088400000, 0x0000000088400000|100%| O|  |TAMS 0x0000000088400000, 0x0000000088300000| Complete 
| 132|0x0000000088400000, 0x0000000088500000, 0x0000000088500000|100%| O|  |TAMS 0x0000000088500000, 0x0000000088400000| Untracked 
| 133|0x0000000088500000, 0x0000000088600000, 0x0000000088600000|100%| O|  |TAMS 0x0000000088600000, 0x0000000088500000| Untracked 
| 134|0x0000000088600000, 0x0000000088700000, 0x0000000088700000|100%| O|  |TAMS 0x0000000088700000, 0x0000000088600000| Untracked 
| 135|0x0000000088700000, 0x0000000088800000, 0x0000000088800000|100%| O|  |TAMS 0x0000000088800000, 0x0000000088700000| Complete 
| 136|0x0000000088800000, 0x0000000088900000, 0x0000000088900000|100%| O|  |TAMS 0x0000000088900000, 0x0000000088800000| Untracked 
| 137|0x0000000088900000, 0x0000000088a00000, 0x0000000088a00000|100%| O|  |TAMS 0x0000000088a00000, 0x0000000088900000| Untracked 
| 138|0x0000000088a00000, 0x0000000088b00000, 0x0000000088b00000|100%| O|  |TAMS 0x0000000088b00000, 0x0000000088a00000| Untracked 
| 139|0x0000000088b00000, 0x0000000088c00000, 0x0000000088c00000|100%| O|  |TAMS 0x0000000088c00000, 0x0000000088b00000| Complete 
| 140|0x0000000088c00000, 0x0000000088d00000, 0x0000000088d00000|100%| O|  |TAMS 0x0000000088d00000, 0x0000000088c00000| Complete 
| 141|0x0000000088d00000, 0x0000000088e00000, 0x0000000088e00000|100%| O|  |TAMS 0x0000000088e00000, 0x0000000088d00000| Untracked 
| 142|0x0000000088e00000, 0x0000000088f00000, 0x0000000088f00000|100%| O|  |TAMS 0x0000000088f00000, 0x0000000088e00000| Untracked 
| 143|0x0000000088f00000, 0x0000000089000000, 0x0000000089000000|100%| O|  |TAMS 0x0000000089000000, 0x0000000088f00000| Untracked 
| 144|0x0000000089000000, 0x0000000089100000, 0x0000000089100000|100%| O|  |TAMS 0x0000000089100000, 0x0000000089000000| Complete 
| 145|0x0000000089100000, 0x0000000089200000, 0x0000000089200000|100%| O|  |TAMS 0x0000000089200000, 0x0000000089100000| Untracked 
| 146|0x0000000089200000, 0x0000000089300000, 0x0000000089300000|100%| O|  |TAMS 0x0000000089300000, 0x0000000089200000| Complete 
| 147|0x0000000089300000, 0x0000000089400000, 0x0000000089400000|100%| O|  |TAMS 0x0000000089400000, 0x0000000089300000| Complete 
| 148|0x0000000089400000, 0x0000000089500000, 0x0000000089500000|100%| O|  |TAMS 0x000000008947c600, 0x0000000089400000| Complete 
| 149|0x0000000089500000, 0x0000000089600000, 0x0000000089600000|100%| O|  |TAMS 0x0000000089500000, 0x0000000089500000| Untracked 
| 150|0x0000000089600000, 0x0000000089700000, 0x0000000089700000|100%| O|  |TAMS 0x0000000089600000, 0x0000000089600000| Untracked 
| 151|0x0000000089700000, 0x0000000089800000, 0x0000000089800000|100%| O|  |TAMS 0x0000000089700000, 0x0000000089700000| Untracked 
| 152|0x0000000089800000, 0x0000000089900000, 0x0000000089900000|100%| O|  |TAMS 0x0000000089800000, 0x0000000089800000| Untracked 
| 153|0x0000000089900000, 0x0000000089a00000, 0x0000000089a00000|100%| O|  |TAMS 0x0000000089900000, 0x0000000089900000| Untracked 
| 154|0x0000000089a00000, 0x0000000089b00000, 0x0000000089b00000|100%| O|  |TAMS 0x0000000089a00000, 0x0000000089a00000| Untracked 
| 155|0x0000000089b00000, 0x0000000089c00000, 0x0000000089c00000|100%| O|  |TAMS 0x0000000089b00000, 0x0000000089b00000| Untracked 
| 156|0x0000000089c00000, 0x0000000089d00000, 0x0000000089d00000|100%| O|  |TAMS 0x0000000089c00000, 0x0000000089c00000| Untracked 
| 157|0x0000000089d00000, 0x0000000089e00000, 0x0000000089e00000|100%|HS|  |TAMS 0x0000000089d00000, 0x0000000089d00000| Complete 
| 158|0x0000000089e00000, 0x0000000089e00000, 0x0000000089f00000|  0%| F|  |TAMS 0x0000000089e00000, 0x0000000089e00000| Untracked 
| 159|0x0000000089f00000, 0x0000000089f00000, 0x000000008a000000|  0%| F|  |TAMS 0x0000000089f00000, 0x0000000089f00000| Untracked 
| 160|0x000000008a000000, 0x000000008a000000, 0x000000008a100000|  0%| F|  |TAMS 0x000000008a000000, 0x000000008a000000| Untracked 
| 161|0x000000008a100000, 0x000000008a100000, 0x000000008a200000|  0%| F|  |TAMS 0x000000008a100000, 0x000000008a100000| Untracked 
| 162|0x000000008a200000, 0x000000008a200000, 0x000000008a300000|  0%| F|  |TAMS 0x000000008a200000, 0x000000008a200000| Untracked 
| 163|0x000000008a300000, 0x000000008a300000, 0x000000008a400000|  0%| F|  |TAMS 0x000000008a300000, 0x000000008a300000| Untracked 
| 164|0x000000008a400000, 0x000000008a400000, 0x000000008a500000|  0%| F|  |TAMS 0x000000008a400000, 0x000000008a400000| Untracked 
| 165|0x000000008a500000, 0x000000008a500000, 0x000000008a600000|  0%| F|  |TAMS 0x000000008a500000, 0x000000008a500000| Untracked 
| 166|0x000000008a600000, 0x000000008a600000, 0x000000008a700000|  0%| F|  |TAMS 0x000000008a600000, 0x000000008a600000| Untracked 
| 167|0x000000008a700000, 0x000000008a700000, 0x000000008a800000|  0%| F|  |TAMS 0x000000008a700000, 0x000000008a700000| Untracked 
| 168|0x000000008a800000, 0x000000008a800000, 0x000000008a900000|  0%| F|  |TAMS 0x000000008a800000, 0x000000008a800000| Untracked 
| 169|0x000000008a900000, 0x000000008a900000, 0x000000008aa00000|  0%| F|  |TAMS 0x000000008a900000, 0x000000008a900000| Untracked 
| 170|0x000000008aa00000, 0x000000008aa00000, 0x000000008ab00000|  0%| F|  |TAMS 0x000000008aa00000, 0x000000008aa00000| Untracked 
| 171|0x000000008ab00000, 0x000000008ab00000, 0x000000008ac00000|  0%| F|  |TAMS 0x000000008ab00000, 0x000000008ab00000| Untracked 
| 172|0x000000008ac00000, 0x000000008ac00000, 0x000000008ad00000|  0%| F|  |TAMS 0x000000008ac00000, 0x000000008ac00000| Untracked 
| 173|0x000000008ad00000, 0x000000008ad00000, 0x000000008ae00000|  0%| F|  |TAMS 0x000000008ad00000, 0x000000008ad00000| Untracked 
| 174|0x000000008ae00000, 0x000000008ae00000, 0x000000008af00000|  0%| F|  |TAMS 0x000000008ae00000, 0x000000008ae00000| Untracked 
| 175|0x000000008af00000, 0x000000008af00000, 0x000000008b000000|  0%| F|  |TAMS 0x000000008af00000, 0x000000008af00000| Untracked 
| 176|0x000000008b000000, 0x000000008b000000, 0x000000008b100000|  0%| F|  |TAMS 0x000000008b000000, 0x000000008b000000| Untracked 
| 177|0x000000008b100000, 0x000000008b100000, 0x000000008b200000|  0%| F|  |TAMS 0x000000008b100000, 0x000000008b100000| Untracked 
| 178|0x000000008b200000, 0x000000008b200000, 0x000000008b300000|  0%| F|  |TAMS 0x000000008b200000, 0x000000008b200000| Untracked 
| 179|0x000000008b300000, 0x000000008b300000, 0x000000008b400000|  0%| F|  |TAMS 0x000000008b300000, 0x000000008b300000| Untracked 
| 180|0x000000008b400000, 0x000000008b400000, 0x000000008b500000|  0%| F|  |TAMS 0x000000008b400000, 0x000000008b400000| Untracked 
| 181|0x000000008b500000, 0x000000008b500000, 0x000000008b600000|  0%| F|  |TAMS 0x000000008b500000, 0x000000008b500000| Untracked 
| 182|0x000000008b600000, 0x000000008b600000, 0x000000008b700000|  0%| F|  |TAMS 0x000000008b600000, 0x000000008b600000| Untracked 
| 183|0x000000008b700000, 0x000000008b700000, 0x000000008b800000|  0%| F|  |TAMS 0x000000008b700000, 0x000000008b700000| Untracked 
| 184|0x000000008b800000, 0x000000008b800000, 0x000000008b900000|  0%| F|  |TAMS 0x000000008b800000, 0x000000008b800000| Untracked 
| 185|0x000000008b900000, 0x000000008b900000, 0x000000008ba00000|  0%| F|  |TAMS 0x000000008b900000, 0x000000008b900000| Untracked 
| 186|0x000000008ba00000, 0x000000008ba00000, 0x000000008bb00000|  0%| F|  |TAMS 0x000000008ba00000, 0x000000008ba00000| Untracked 
| 187|0x000000008bb00000, 0x000000008bb00000, 0x000000008bc00000|  0%| F|  |TAMS 0x000000008bb00000, 0x000000008bb00000| Untracked 
| 188|0x000000008bc00000, 0x000000008bc00000, 0x000000008bd00000|  0%| F|  |TAMS 0x000000008bc00000, 0x000000008bc00000| Untracked 
| 189|0x000000008bd00000, 0x000000008bd00000, 0x000000008be00000|  0%| F|  |TAMS 0x000000008bd00000, 0x000000008bd00000| Untracked 
| 190|0x000000008be00000, 0x000000008be00000, 0x000000008bf00000|  0%| F|  |TAMS 0x000000008be00000, 0x000000008be00000| Untracked 
| 191|0x000000008bf00000, 0x000000008bf707b0, 0x000000008c000000| 43%| S|CS|TAMS 0x000000008bf00000, 0x000000008bf00000| Complete 
| 192|0x000000008c000000, 0x000000008c100000, 0x000000008c100000|100%| S|CS|TAMS 0x000000008c000000, 0x000000008c000000| Complete 
| 193|0x000000008c100000, 0x000000008c200000, 0x000000008c200000|100%| S|CS|TAMS 0x000000008c100000, 0x000000008c100000| Complete 
| 194|0x000000008c200000, 0x000000008c200000, 0x000000008c300000|  0%| F|  |TAMS 0x000000008c200000, 0x000000008c200000| Untracked 
| 195|0x000000008c300000, 0x000000008c300000, 0x000000008c400000|  0%| F|  |TAMS 0x000000008c300000, 0x000000008c300000| Untracked 
| 196|0x000000008c400000, 0x000000008c400000, 0x000000008c500000|  0%| F|  |TAMS 0x000000008c400000, 0x000000008c400000| Untracked 
| 197|0x000000008c500000, 0x000000008c600000, 0x000000008c600000|100%| S|CS|TAMS 0x000000008c500000, 0x000000008c500000| Complete 
| 198|0x000000008c600000, 0x000000008c600000, 0x000000008c700000|  0%| F|  |TAMS 0x000000008c600000, 0x000000008c600000| Untracked 
| 199|0x000000008c700000, 0x000000008c700000, 0x000000008c800000|  0%| F|  |TAMS 0x000000008c700000, 0x000000008c700000| Untracked 
| 200|0x000000008c800000, 0x000000008c800000, 0x000000008c900000|  0%| F|  |TAMS 0x000000008c800000, 0x000000008c800000| Untracked 
| 201|0x000000008c900000, 0x000000008c900000, 0x000000008ca00000|  0%| F|  |TAMS 0x000000008c900000, 0x000000008c900000| Untracked 
| 202|0x000000008ca00000, 0x000000008ca00000, 0x000000008cb00000|  0%| F|  |TAMS 0x000000008ca00000, 0x000000008ca00000| Untracked 
| 203|0x000000008cb00000, 0x000000008cb00000, 0x000000008cc00000|  0%| F|  |TAMS 0x000000008cb00000, 0x000000008cb00000| Untracked 
| 204|0x000000008cc00000, 0x000000008cc00000, 0x000000008cd00000|  0%| F|  |TAMS 0x000000008cc00000, 0x000000008cc00000| Untracked 
| 205|0x000000008cd00000, 0x000000008cd00000, 0x000000008ce00000|  0%| F|  |TAMS 0x000000008cd00000, 0x000000008cd00000| Untracked 
| 206|0x000000008ce00000, 0x000000008ce00000, 0x000000008cf00000|  0%| F|  |TAMS 0x000000008ce00000, 0x000000008ce00000| Untracked 
| 207|0x000000008cf00000, 0x000000008cf00000, 0x000000008d000000|  0%| F|  |TAMS 0x000000008cf00000, 0x000000008cf00000| Untracked 
| 208|0x000000008d000000, 0x000000008d000000, 0x000000008d100000|  0%| F|  |TAMS 0x000000008d000000, 0x000000008d000000| Untracked 
| 209|0x000000008d100000, 0x000000008d100000, 0x000000008d200000|  0%| F|  |TAMS 0x000000008d100000, 0x000000008d100000| Untracked 
| 210|0x000000008d200000, 0x000000008d200000, 0x000000008d300000|  0%| F|  |TAMS 0x000000008d200000, 0x000000008d200000| Untracked 
| 211|0x000000008d300000, 0x000000008d300000, 0x000000008d400000|  0%| F|  |TAMS 0x000000008d300000, 0x000000008d300000| Untracked 
| 212|0x000000008d400000, 0x000000008d400000, 0x000000008d500000|  0%| F|  |TAMS 0x000000008d400000, 0x000000008d400000| Untracked 
| 213|0x000000008d500000, 0x000000008d500000, 0x000000008d600000|  0%| F|  |TAMS 0x000000008d500000, 0x000000008d500000| Untracked 
| 214|0x000000008d600000, 0x000000008d600000, 0x000000008d700000|  0%| F|  |TAMS 0x000000008d600000, 0x000000008d600000| Untracked 
| 215|0x000000008d700000, 0x000000008d700000, 0x000000008d800000|  0%| F|  |TAMS 0x000000008d700000, 0x000000008d700000| Untracked 
| 216|0x000000008d800000, 0x000000008d800000, 0x000000008d900000|  0%| F|  |TAMS 0x000000008d800000, 0x000000008d800000| Untracked 
| 217|0x000000008d900000, 0x000000008d900000, 0x000000008da00000|  0%| F|  |TAMS 0x000000008d900000, 0x000000008d900000| Untracked 
| 218|0x000000008da00000, 0x000000008da00000, 0x000000008db00000|  0%| F|  |TAMS 0x000000008da00000, 0x000000008da00000| Untracked 
| 219|0x000000008db00000, 0x000000008db00000, 0x000000008dc00000|  0%| F|  |TAMS 0x000000008db00000, 0x000000008db00000| Untracked 
| 220|0x000000008dc00000, 0x000000008dc00000, 0x000000008dd00000|  0%| F|  |TAMS 0x000000008dc00000, 0x000000008dc00000| Untracked 
| 221|0x000000008dd00000, 0x000000008dd00000, 0x000000008de00000|  0%| F|  |TAMS 0x000000008dd00000, 0x000000008dd00000| Untracked 

Card table byte_map: [0x00000181f5fe0000,0x00000181f63e0000] _byte_map_base: 0x00000181f5be0000

Marking Bits (Prev, Next): (CMBitMap*) 0x00000181e106a0d8, (CMBitMap*) 0x00000181e106a110
 Prev Bits: [0x00000181f67e0000, 0x00000181f87e0000)
 Next Bits: [0x00000181f87e0000, 0x00000181fa7e0000)

Polling page: 0x00000181e0ef0000

Metaspace:

Usage:
  Non-class:     86.83 MB capacity,    85.33 MB ( 98%) used,     1.23 MB (  1%) free+waste,   275.50 KB ( <1%) overhead. 
      Class:     13.45 MB capacity,    12.60 MB ( 94%) used,   745.20 KB (  5%) free+waste,   123.00 KB ( <1%) overhead. 
       Both:    100.28 MB capacity,    97.93 MB ( 98%) used,     1.95 MB (  2%) free+waste,   398.50 KB ( <1%) overhead. 

Virtual space:
  Non-class space:       88.00 MB reserved,      87.00 MB ( 99%) committed 
      Class space:        1.00 GB reserved,      13.63 MB (  1%) committed 
             Both:        1.09 GB reserved,     100.63 MB (  9%) committed 

Chunk freelists:
   Non-Class:  179.00 KB
       Class:  114.00 KB
        Both:  293.00 KB

MaxMetaspaceSize: 17179869184.00 GB
CompressedClassSpaceSize: 1.00 GB

CodeHeap 'non-profiled nmethods': size=120000Kb used=7281Kb max_used=7281Kb free=112718Kb
 bounds [0x00000181edc30000, 0x00000181ee350000, 0x00000181f5160000]
CodeHeap 'profiled nmethods': size=120000Kb used=32117Kb max_used=32117Kb free=87882Kb
 bounds [0x00000181e6700000, 0x00000181e8660000, 0x00000181edc30000]
CodeHeap 'non-nmethods': size=5760Kb used=2301Kb max_used=2346Kb free=3458Kb
 bounds [0x00000181e6160000, 0x00000181e63d0000, 0x00000181e6700000]
 total_blobs=14481 nmethods=13576 adapters=815
 compilation: enabled
              stopped_count=0, restarted_count=0
 full_count=0

Compilation events (20 events):
Event: 17.976 Thread 0x00000181fd305800 nmethod 14026 0x00000181e8658b90 code [0x00000181e8658d40, 0x00000181e8658f08]
Event: 17.976 Thread 0x00000181fd305800 14029       3       com.android.tools.r8.dex.n::a (5 bytes)
Event: 17.977 Thread 0x00000181fd305800 nmethod 14029 0x00000181e8659010 code [0x00000181e86591c0, 0x00000181e86592b8]
Event: 17.977 Thread 0x00000181fd305800 14028       3       com.android.tools.r8.dex.n$$Lambda$1216/0x0000000100a72440::a (9 bytes)
Event: 17.977 Thread 0x00000181fd305800 nmethod 14028 0x00000181e8659390 code [0x00000181e8659540, 0x00000181e86596b8]
Event: 17.978 Thread 0x00000181fd305800 14030       3       com.android.tools.r8.w.a.a.a.h.f1::d (100 bytes)
Event: 17.979 Thread 0x00000181fd305800 nmethod 14030 0x00000181e8659790 code [0x00000181e8659980, 0x00000181e8659e68]
Event: 17.979 Thread 0x00000181fd305800 14031       3       com.android.tools.r8.dex.d::a (14 bytes)
Event: 17.979 Thread 0x00000181fd305800 nmethod 14031 0x00000181e865a110 code [0x00000181e865a2e0, 0x00000181e865a508]
Event: 17.984 Thread 0x00000181fd305800 14034       3       com.android.tools.r8.w.a.a.a.h.Y$f::l (149 bytes)
Event: 17.985 Thread 0x00000181fd305800 nmethod 14034 0x00000181e865a610 code [0x00000181e865a840, 0x00000181e865b078]
Event: 17.985 Thread 0x00000181fd305800 14033       3       com.android.tools.r8.w.a.a.a.h.Y$a::next (25 bytes)
Event: 17.985 Thread 0x00000181fd305800 nmethod 14033 0x00000181e865b390 code [0x00000181e865b560, 0x00000181e865b908]
Event: 17.985 Thread 0x00000181fd305800 14035       3       com.android.tools.r8.w.a.a.a.h.Y$d::<init> (15 bytes)
Event: 17.985 Thread 0x00000181fd305800 nmethod 14035 0x00000181e865ba90 code [0x00000181e865bc40, 0x00000181e865bdf8]
Event: 17.985 Thread 0x00000181fd305800 14036       3       java.util.Iterator::forEachRemaining (30 bytes)
Event: 17.986 Thread 0x00000181fd305800 nmethod 14036 0x00000181e865be90 code [0x00000181e865c0a0, 0x00000181e865c5d8]
Event: 17.986 Thread 0x00000181fd305800 14038 %     3       java.util.TimSort::mergeHi @ 191 (732 bytes)
Event: 17.988 Thread 0x00000181fd305800 nmethod 14038% 0x00000181e865c790 code [0x00000181e865cb20, 0x00000181e865f058]
Event: 17.991 Thread 0x00000181fd305800 14039       3       java.util.TimSort::mergeLo (659 bytes)

GC Heap History (20 events):
Event: 13.391 GC heap after
{Heap after GC invocations=18 (full 0):
 garbage-first heap   total 189440K, used 76800K [0x0000000080000000, 0x0000000100000000)
  region size 1024K, 11 young (11264K), 11 survivors (11264K)
 Metaspace       used 88011K, capacity 90104K, committed 90368K, reserved 1128448K
  class space    used 11487K, capacity 12262K, committed 12288K, reserved 1048576K
}
Event: 14.438 GC heap before
{Heap before GC invocations=18 (full 0):
 garbage-first heap   total 189440K, used 147456K [0x0000000080000000, 0x0000000100000000)
  region size 1024K, 80 young (81920K), 11 survivors (11264K)
 Metaspace       used 92513K, capacity 94705K, committed 94848K, reserved 1130496K
  class space    used 12070K, capacity 12908K, committed 12928K, reserved 1048576K
}
Event: 14.447 GC heap after
{Heap after GC invocations=19 (full 0):
 garbage-first heap   total 189440K, used 77885K [0x0000000080000000, 0x0000000100000000)
  region size 1024K, 2 young (2048K), 2 survivors (2048K)
 Metaspace       used 92513K, capacity 94705K, committed 94848K, reserved 1130496K
  class space    used 12070K, capacity 12908K, committed 12928K, reserved 1048576K
}
Event: 14.930 GC heap before
{Heap before GC invocations=19 (full 0):
 garbage-first heap   total 189440K, used 149565K [0x0000000080000000, 0x0000000100000000)
  region size 1024K, 72 young (73728K), 2 survivors (2048K)
 Metaspace       used 93818K, capacity 96046K, committed 96256K, reserved 1132544K
  class space    used 12189K, capacity 13012K, committed 13056K, reserved 1048576K
}
Event: 14.938 GC heap after
{Heap after GC invocations=20 (full 0):
 garbage-first heap   total 189440K, used 81226K [0x0000000080000000, 0x0000000100000000)
  region size 1024K, 6 young (6144K), 6 survivors (6144K)
 Metaspace       used 93818K, capacity 96046K, committed 96256K, reserved 1132544K
  class space    used 12189K, capacity 13012K, committed 13056K, reserved 1048576K
}
Event: 15.299 GC heap before
{Heap before GC invocations=20 (full 0):
 garbage-first heap   total 189440K, used 149834K [0x0000000080000000, 0x0000000100000000)
  region size 1024K, 74 young (75776K), 6 survivors (6144K)
 Metaspace       used 94144K, capacity 96368K, committed 96512K, reserved 1132544K
  class space    used 12209K, capacity 13054K, committed 13056K, reserved 1048576K
}
Event: 15.305 GC heap after
{Heap after GC invocations=21 (full 0):
 garbage-first heap   total 189440K, used 80515K [0x0000000080000000, 0x0000000100000000)
  region size 1024K, 5 young (5120K), 5 survivors (5120K)
 Metaspace       used 94144K, capacity 96368K, committed 96512K, reserved 1132544K
  class space    used 12209K, capacity 13054K, committed 13056K, reserved 1048576K
}
Event: 15.771 GC heap before
{Heap before GC invocations=21 (full 0):
 garbage-first heap   total 189440K, used 153219K [0x0000000080000000, 0x0000000100000000)
  region size 1024K, 76 young (77824K), 5 survivors (5120K)
 Metaspace       used 94445K, capacity 96766K, committed 96768K, reserved 1132544K
  class space    used 12209K, capacity 13054K, committed 13056K, reserved 1048576K
}
Event: 15.781 GC heap after
{Heap after GC invocations=22 (full 0):
 garbage-first heap   total 189440K, used 80991K [0x0000000080000000, 0x0000000100000000)
  region size 1024K, 5 young (5120K), 5 survivors (5120K)
 Metaspace       used 94445K, capacity 96766K, committed 96768K, reserved 1132544K
  class space    used 12209K, capacity 13054K, committed 13056K, reserved 1048576K
}
Event: 16.459 GC heap before
{Heap before GC invocations=22 (full 0):
 garbage-first heap   total 189440K, used 152671K [0x0000000080000000, 0x0000000100000000)
  region size 1024K, 69 young (70656K), 5 survivors (5120K)
 Metaspace       used 96997K, capacity 99458K, committed 99712K, reserved 1136640K
  class space    used 12528K, capacity 13417K, committed 13440K, reserved 1048576K
}
Event: 16.476 GC heap after
{Heap after GC invocations=23 (full 0):
 garbage-first heap   total 189440K, used 92075K [0x0000000080000000, 0x0000000100000000)
  region size 1024K, 9 young (9216K), 9 survivors (9216K)
 Metaspace       used 96997K, capacity 99458K, committed 99712K, reserved 1136640K
  class space    used 12528K, capacity 13417K, committed 13440K, reserved 1048576K
}
Event: 16.777 GC heap before
{Heap before GC invocations=24 (full 0):
 garbage-first heap   total 189440K, used 160683K [0x0000000080000000, 0x0000000100000000)
  region size 1024K, 64 young (65536K), 9 survivors (9216K)
 Metaspace       used 98160K, capacity 100383K, committed 100992K, reserved 1136640K
  class space    used 12621K, capacity 13448K, committed 13696K, reserved 1048576K
}
Event: 16.842 GC heap after
{Heap after GC invocations=25 (full 0):
 garbage-first heap   total 227328K, used 115353K [0x0000000080000000, 0x0000000100000000)
  region size 1024K, 9 young (9216K), 9 survivors (9216K)
 Metaspace       used 98160K, capacity 100383K, committed 100992K, reserved 1136640K
  class space    used 12621K, capacity 13448K, committed 13696K, reserved 1048576K
}
Event: 17.244 GC heap before
{Heap before GC invocations=26 (full 0):
 garbage-first heap   total 227328K, used 177817K [0x0000000080000000, 0x0000000100000000)
  region size 1024K, 69 young (70656K), 9 survivors (9216K)
 Metaspace       used 98993K, capacity 101263K, committed 101888K, reserved 1136640K
  class space    used 12738K, capacity 13608K, committed 13824K, reserved 1048576K
}
Event: 17.279 GC heap after
{Heap after GC invocations=27 (full 0):
 garbage-first heap   total 227328K, used 143360K [0x0000000080000000, 0x0000000100000000)
  region size 1024K, 9 young (9216K), 9 survivors (9216K)
 Metaspace       used 98993K, capacity 101263K, committed 101888K, reserved 1136640K
  class space    used 12738K, capacity 13608K, committed 13824K, reserved 1048576K
}
Event: 17.492 GC heap before
{Heap before GC invocations=27 (full 0):
 garbage-first heap   total 227328K, used 178176K [0x0000000080000000, 0x0000000100000000)
  region size 1024K, 44 young (45056K), 9 survivors (9216K)
 Metaspace       used 99268K, capacity 101569K, committed 102144K, reserved 1138688K
  class space    used 12765K, capacity 13642K, committed 13824K, reserved 1048576K
}
Event: 17.518 GC heap after
{Heap after GC invocations=28 (full 0):
 garbage-first heap   total 227328K, used 158193K [0x0000000080000000, 0x0000000100000000)
  region size 1024K, 6 young (6144K), 6 survivors (6144K)
 Metaspace       used 99268K, capacity 101569K, committed 102144K, reserved 1138688K
  class space    used 12765K, capacity 13642K, committed 13824K, reserved 1048576K
}
Event: 17.693 GC heap before
{Heap before GC invocations=28 (full 0):
 garbage-first heap   total 227328K, used 182769K [0x0000000080000000, 0x0000000100000000)
  region size 1024K, 31 young (31744K), 6 survivors (6144K)
 Metaspace       used 100133K, capacity 102395K, committed 102784K, reserved 1138688K
  class space    used 12876K, capacity 13742K, committed 13952K, reserved 1048576K
}
Event: 17.708 GC heap after
{Heap after GC invocations=29 (full 0):
 garbage-first heap   total 227328K, used 162921K [0x0000000080000000, 0x0000000100000000)
  region size 1024K, 3 young (3072K), 3 survivors (3072K)
 Metaspace       used 100133K, capacity 102395K, committed 102784K, reserved 1138688K
  class space    used 12876K, capacity 13742K, committed 13952K, reserved 1048576K
}
Event: 17.991 GC heap before
{Heap before GC invocations=30 (full 0):
 garbage-first heap   total 227328K, used 184425K [0x0000000080000000, 0x0000000100000000)
  region size 1024K, 27 young (27648K), 3 survivors (3072K)
 Metaspace       used 100282K, capacity 102683K, committed 103040K, reserved 1138688K
  class space    used 12905K, capacity 13774K, committed 13952K, reserved 1048576K
}

Deoptimization events (20 events):
Event: 17.665 Thread 0x0000018183c0d800 DEOPT PACKING pc=0x00000181edee18f0 sp=0x000000734aaf9e90
Event: 17.665 Thread 0x0000018183c0d800 DEOPT UNPACKING pc=0x00000181e61874af sp=0x000000734aaf9e40 mode 2
Event: 17.666 Thread 0x0000018183c0d800 Uncommon trap: trap_request=0xffffffde fr.pc=0x00000181edee18f0 relative=0x0000000000000450
Event: 17.666 Thread 0x0000018183c0d800 Uncommon trap: reason=class_check action=maybe_recompile pc=0x00000181edee18f0 method=java.util.regex.Matcher.search(I)Z @ 121 c2
Event: 17.666 Thread 0x0000018183c0d800 DEOPT PACKING pc=0x00000181edee18f0 sp=0x000000734aaf9e90
Event: 17.666 Thread 0x0000018183c0d800 DEOPT UNPACKING pc=0x00000181e61874af sp=0x000000734aaf9e40 mode 2
Event: 17.666 Thread 0x0000018183c0d800 Uncommon trap: trap_request=0xffffffde fr.pc=0x00000181edee18f0 relative=0x0000000000000450
Event: 17.666 Thread 0x0000018183c0d800 Uncommon trap: reason=class_check action=maybe_recompile pc=0x00000181edee18f0 method=java.util.regex.Matcher.search(I)Z @ 121 c2
Event: 17.666 Thread 0x0000018183c0d800 DEOPT PACKING pc=0x00000181edee18f0 sp=0x000000734aaf9e90
Event: 17.666 Thread 0x0000018183c0d800 DEOPT UNPACKING pc=0x00000181e61874af sp=0x000000734aaf9e40 mode 2
Event: 17.686 Thread 0x0000018183c13000 Uncommon trap: trap_request=0xffffff4d fr.pc=0x00000181ee336628 relative=0x0000000000000da8
Event: 17.686 Thread 0x0000018183c13000 Uncommon trap: reason=unstable_if action=reinterpret pc=0x00000181ee336628 method=com.android.tools.r8.graph.O.a(Lcom/android/tools/r8/dex/v;Lcom/android/tools/r8/graph/M1;Lcom/android/tools/r8/graph/R0;Lcom/android/tools/r8/ir/conversion/W;)V @ 124 c2
Event: 17.686 Thread 0x0000018183c13000 DEOPT PACKING pc=0x00000181ee336628 sp=0x000000734b0fcf30
Event: 17.686 Thread 0x0000018183c13000 DEOPT UNPACKING pc=0x00000181e61874af sp=0x000000734b0fcef8 mode 2
Event: 17.825 Thread 0x0000018183c13000 DEOPT PACKING pc=0x00000181e85985a9 sp=0x000000734b0fd250
Event: 17.825 Thread 0x0000018183c13000 DEOPT UNPACKING pc=0x00000181e61872ce sp=0x000000734b0fc6f8 mode 0
Event: 17.875 Thread 0x0000018183c13000 DEOPT PACKING pc=0x00000181e7e61603 sp=0x000000734b0fd0a0
Event: 17.875 Thread 0x0000018183c13000 DEOPT UNPACKING pc=0x00000181e61872ce sp=0x000000734b0fc558 mode 0
Event: 17.991 Thread 0x0000018183c13000 DEOPT PACKING pc=0x00000181e82eb7bb sp=0x000000734b0fcfe0
Event: 17.991 Thread 0x0000018183c13000 DEOPT UNPACKING pc=0x00000181e61872ce sp=0x000000734b0fc4c8 mode 0

Classes redefined (0 events):
No events

Internal exceptions (20 events):
Event: 16.312 Thread 0x00000181ff22c000 Exception <a 'java/lang/NoSuchMethodError'{0x0000000088b785f8}: <clinit>> (0x0000000088b785f8) thrown at [./src/hotspot/share/prims/jni.cpp, line 1362]
Event: 16.446 Thread 0x0000018183c13000 Exception <a 'sun/nio/fs/WindowsException'{0x0000000087b2ccc8}> (0x0000000087b2ccc8) thrown at [./src/hotspot/share/prims/jni.cpp, line 615]
Event: 16.938 Thread 0x0000018183c0d800 Exception <a 'sun/nio/fs/WindowsException'{0x000000008d76f158}> (0x000000008d76f158) thrown at [./src/hotspot/share/prims/jni.cpp, line 615]
Event: 16.938 Thread 0x0000018183c0d800 Exception <a 'sun/nio/fs/WindowsException'{0x000000008d770080}> (0x000000008d770080) thrown at [./src/hotspot/share/prims/jni.cpp, line 615]
Event: 17.304 Thread 0x0000018183c0d800 Exception <a 'sun/nio/fs/WindowsException'{0x000000008d72ddd0}> (0x000000008d72ddd0) thrown at [./src/hotspot/share/prims/jni.cpp, line 615]
Event: 17.304 Thread 0x0000018183c0d800 Exception <a 'sun/nio/fs/WindowsException'{0x000000008d72eae8}> (0x000000008d72eae8) thrown at [./src/hotspot/share/prims/jni.cpp, line 615]
Event: 17.304 Thread 0x0000018183c0d800 Exception <a 'sun/nio/fs/WindowsException'{0x000000008d730350}> (0x000000008d730350) thrown at [./src/hotspot/share/prims/jni.cpp, line 615]
Event: 17.305 Thread 0x0000018183c0d800 Exception <a 'sun/nio/fs/WindowsException'{0x000000008d730fa0}> (0x000000008d730fa0) thrown at [./src/hotspot/share/prims/jni.cpp, line 615]
Event: 17.328 Thread 0x0000018183c0d800 Exception <a 'sun/nio/fs/WindowsException'{0x000000008d2ab688}> (0x000000008d2ab688) thrown at [./src/hotspot/share/prims/jni.cpp, line 615]
Event: 17.328 Thread 0x0000018183c0d800 Exception <a 'sun/nio/fs/WindowsException'{0x000000008d2ac2d8}> (0x000000008d2ac2d8) thrown at [./src/hotspot/share/prims/jni.cpp, line 615]
Event: 17.329 Thread 0x0000018183c0d800 Exception <a 'sun/nio/fs/WindowsException'{0x000000008d2ae200}> (0x000000008d2ae200) thrown at [./src/hotspot/share/prims/jni.cpp, line 615]
Event: 17.329 Thread 0x0000018183c0d800 Exception <a 'sun/nio/fs/WindowsException'{0x000000008d2aee50}> (0x000000008d2aee50) thrown at [./src/hotspot/share/prims/jni.cpp, line 615]
Event: 17.329 Thread 0x0000018183c0d800 Exception <a 'sun/nio/fs/WindowsException'{0x000000008d2b0c68}> (0x000000008d2b0c68) thrown at [./src/hotspot/share/prims/jni.cpp, line 615]
Event: 17.329 Thread 0x0000018183c0d800 Exception <a 'sun/nio/fs/WindowsException'{0x000000008d2b18b0}> (0x000000008d2b18b0) thrown at [./src/hotspot/share/prims/jni.cpp, line 615]
Event: 17.329 Thread 0x0000018183c0d800 Exception <a 'sun/nio/fs/WindowsException'{0x000000008d2b39b8}> (0x000000008d2b39b8) thrown at [./src/hotspot/share/prims/jni.cpp, line 615]
Event: 17.330 Thread 0x0000018183c0d800 Exception <a 'sun/nio/fs/WindowsException'{0x000000008d2b4600}> (0x000000008d2b4600) thrown at [./src/hotspot/share/prims/jni.cpp, line 615]
Event: 17.331 Thread 0x0000018183c0d800 Exception <a 'sun/nio/fs/WindowsException'{0x000000008d2b7648}> (0x000000008d2b7648) thrown at [./src/hotspot/share/prims/jni.cpp, line 615]
Event: 17.331 Thread 0x0000018183c0d800 Exception <a 'sun/nio/fs/WindowsException'{0x000000008d2b8298}> (0x000000008d2b8298) thrown at [./src/hotspot/share/prims/jni.cpp, line 615]
Event: 17.331 Thread 0x0000018183c0d800 Exception <a 'sun/nio/fs/WindowsException'{0x000000008d2ba0b8}> (0x000000008d2ba0b8) thrown at [./src/hotspot/share/prims/jni.cpp, line 615]
Event: 17.331 Thread 0x0000018183c0d800 Exception <a 'sun/nio/fs/WindowsException'{0x000000008d2bad08}> (0x000000008d2bad08) thrown at [./src/hotspot/share/prims/jni.cpp, line 615]

Events (20 events):
Event: 17.747 Thread 0x000001818a4ef000 Thread added: 0x000001818a4ef000
Event: 17.747 loading class org/jetbrains/kotlin/daemon/client/KotlinCompilerClient$startDaemon$stdoutThread$1$1
Event: 17.747 loading class org/jetbrains/kotlin/daemon/client/KotlinCompilerClient$startDaemon$stdoutThread$1$1 done
Event: 17.748 loading class kotlin/io/LinesSequence
Event: 17.748 loading class kotlin/io/LinesSequence done
Event: 17.749 loading class kotlin/io/LinesSequence$iterator$1
Event: 17.749 loading class kotlin/io/LinesSequence$iterator$1 done
Event: 17.776 Executing VM operation: CGC_Operation
Event: 17.787 Executing VM operation: CGC_Operation done
Event: 17.860 Executing VM operation: RevokeBias
Event: 17.861 Executing VM operation: RevokeBias done
Event: 17.861 Executing VM operation: RevokeBias
Event: 17.863 Executing VM operation: RevokeBias done
Event: 17.863 Executing VM operation: RevokeBias
Event: 17.864 Executing VM operation: RevokeBias done
Event: 17.864 Thread 0x000001818a4ef000 Thread exited: 0x000001818a4ef000
Event: 17.873 Thread 0x000001818a4f1800 Thread added: 0x000001818a4f1800
Event: 17.938 Executing VM operation: CGC_Operation
Event: 17.938 Executing VM operation: CGC_Operation done
Event: 17.991 Executing VM operation: G1CollectForAllocation


Dynamic libraries:
0x00007ff636f50000 - 0x00007ff636f5a000 	C:\Program Files\Android\Android Studio1\jre\bin\java.exe
0x00007ffa0fb90000 - 0x00007ffa0fd85000 	C:\WINDOWS\SYSTEM32\ntdll.dll
0x00007ffa0ef40000 - 0x00007ffa0effd000 	C:\WINDOWS\System32\KERNEL32.DLL
0x00007ffa0d6f0000 - 0x00007ffa0d9b9000 	C:\WINDOWS\System32\KERNELBASE.dll
0x00007ffa0d550000 - 0x00007ffa0d650000 	C:\WINDOWS\System32\ucrtbase.dll
0x00007ff9fbf30000 - 0x00007ff9fbf49000 	C:\Program Files\Android\Android Studio1\jre\bin\jli.dll
0x00007ff9fbf10000 - 0x00007ff9fbf27000 	C:\Program Files\Android\Android Studio1\jre\bin\VCRUNTIME140.dll
0x00007ffa0dcf0000 - 0x00007ffa0de90000 	C:\WINDOWS\System32\USER32.dll
0x00007ffa0d2d0000 - 0x00007ffa0d2f2000 	C:\WINDOWS\System32\win32u.dll
0x00007ffa0ea80000 - 0x00007ffa0eaaa000 	C:\WINDOWS\System32\GDI32.dll
0x00007ffa0d360000 - 0x00007ffa0d46b000 	C:\WINDOWS\System32\gdi32full.dll
0x00007ff9f9df0000 - 0x00007ff9fa08a000 	C:\WINDOWS\WinSxS\amd64_microsoft.windows.common-controls_6595b64144ccf1df_6.0.19041.1110_none_60b5254171f9507e\COMCTL32.dll
0x00007ffa0d650000 - 0x00007ffa0d6ed000 	C:\WINDOWS\System32\msvcp_win.dll
0x00007ffa0f010000 - 0x00007ffa0f0ae000 	C:\WINDOWS\System32\msvcrt.dll
0x00007ffa0ee60000 - 0x00007ffa0ee90000 	C:\WINDOWS\System32\IMM32.DLL
0x00007ff9d2800000 - 0x00007ff9d289d000 	C:\Program Files\Android\Android Studio1\jre\bin\msvcp140.dll
0x00007ff9ba910000 - 0x00007ff9bb3cc000 	C:\Program Files\Android\Android Studio1\jre\bin\server\jvm.dll
0x00007ffa0ee90000 - 0x00007ffa0ef3c000 	C:\WINDOWS\System32\ADVAPI32.dll
0x00007ffa0e7b0000 - 0x00007ffa0e84b000 	C:\WINDOWS\System32\sechost.dll
0x00007ffa0e210000 - 0x00007ffa0e33a000 	C:\WINDOWS\System32\RPCRT4.dll
0x00007ffa0ed10000 - 0x00007ffa0ed18000 	C:\WINDOWS\System32\PSAPI.DLL
0x00007ffa05b70000 - 0x00007ffa05b79000 	C:\WINDOWS\SYSTEM32\WSOCK32.dll
0x00007ffa02310000 - 0x00007ffa02337000 	C:\WINDOWS\SYSTEM32\WINMM.dll
0x00007ffa04a60000 - 0x00007ffa04a6a000 	C:\WINDOWS\SYSTEM32\VERSION.dll
0x00007ffa0e9a0000 - 0x00007ffa0ea0b000 	C:\WINDOWS\System32\WS2_32.dll
0x00007ffa0bb90000 - 0x00007ffa0bba2000 	C:\WINDOWS\SYSTEM32\kernel.appcore.dll
0x00007ffa07590000 - 0x00007ffa075a1000 	C:\Program Files\Android\Android Studio1\jre\bin\verify.dll
0x00007ffa0afb0000 - 0x00007ffa0b194000 	C:\WINDOWS\SYSTEM32\DBGHELP.DLL
0x00007ff9fbe70000 - 0x00007ff9fbe9c000 	C:\WINDOWS\SYSTEM32\dbgcore.DLL
0x00007ffa0d4c0000 - 0x00007ffa0d543000 	C:\WINDOWS\System32\bcryptPrimitives.dll
0x00007ffa05e90000 - 0x00007ffa05eb9000 	C:\Program Files\Android\Android Studio1\jre\bin\java.dll
0x00007ffa0a770000 - 0x00007ffa0a77b000 	C:\Program Files\Android\Android Studio1\jre\bin\jimage.dll
0x00007ffa073a0000 - 0x00007ffa073b8000 	C:\Program Files\Android\Android Studio1\jre\bin\zip.dll
0x00007ffa0f0b0000 - 0x00007ffa0f7ef000 	C:\WINDOWS\System32\SHELL32.dll
0x00007ffa0b3e0000 - 0x00007ffa0bb71000 	C:\WINDOWS\SYSTEM32\windows.storage.dll
0x00007ffa0f7f0000 - 0x00007ffa0fb45000 	C:\WINDOWS\System32\combase.dll
0x00007ffa0cd40000 - 0x00007ffa0cd6c000 	C:\WINDOWS\SYSTEM32\Wldp.dll
0x00007ffa0de90000 - 0x00007ffa0df3e000 	C:\WINDOWS\System32\SHCORE.dll
0x00007ffa0ea10000 - 0x00007ffa0ea65000 	C:\WINDOWS\System32\shlwapi.dll
0x00007ffa0d210000 - 0x00007ffa0d22f000 	C:\WINDOWS\SYSTEM32\profapi.dll
0x00007ffa05c00000 - 0x00007ffa05c1a000 	C:\Program Files\Android\Android Studio1\jre\bin\net.dll
0x00007ffa014f0000 - 0x00007ffa015fa000 	C:\WINDOWS\SYSTEM32\WINHTTP.dll
0x00007ffa0ca30000 - 0x00007ffa0ca9a000 	C:\WINDOWS\system32\mswsock.dll
0x00007ffa05be0000 - 0x00007ffa05bf4000 	C:\Program Files\Android\Android Studio1\jre\bin\nio.dll
0x00007ffa06540000 - 0x00007ffa06567000 	C:\Users\Dark Knight\.gradle\native\fdc75f09e3144964f2cf3f50f0aa648679c211496f362492102eb8c894070792\windows-amd64\native-platform.dll
0x00007ff9cdc60000 - 0x00007ff9cddf6000 	C:\Users\Dark Knight\.gradle\native\12488b8bf47d2d4c9fbf2f6322a914ad602e24e48041cd04a747c6da556b65c4\windows-amd64\native-platform-file-events.dll
0x00007ffa07880000 - 0x00007ffa0788a000 	C:\Program Files\Android\Android Studio1\jre\bin\management.dll
0x00007ffa07860000 - 0x00007ffa0786c000 	C:\Program Files\Android\Android Studio1\jre\bin\management_ext.dll
0x00007ffa0cc40000 - 0x00007ffa0cc58000 	C:\WINDOWS\SYSTEM32\CRYPTSP.dll
0x00007ffa0c370000 - 0x00007ffa0c3a4000 	C:\WINDOWS\system32\rsaenh.dll
0x00007ffa0da70000 - 0x00007ffa0da97000 	C:\WINDOWS\System32\bcrypt.dll
0x00007ffa0d1d0000 - 0x00007ffa0d1fe000 	C:\WINDOWS\SYSTEM32\USERENV.dll
0x00007ffa0cc30000 - 0x00007ffa0cc3c000 	C:\WINDOWS\SYSTEM32\CRYPTBASE.dll
0x00007ffa0c720000 - 0x00007ffa0c75b000 	C:\WINDOWS\SYSTEM32\IPHLPAPI.DLL
0x00007ffa0f000000 - 0x00007ffa0f008000 	C:\WINDOWS\System32\NSI.dll
0x00007ffa034e0000 - 0x00007ffa034f7000 	C:\WINDOWS\SYSTEM32\dhcpcsvc6.DLL
0x00007ffa03da0000 - 0x00007ffa03dbd000 	C:\WINDOWS\SYSTEM32\dhcpcsvc.DLL
0x00007ffa0c760000 - 0x00007ffa0c82c000 	C:\WINDOWS\SYSTEM32\DNSAPI.dll
0x00007ffa04a70000 - 0x00007ffa04a7b000 	C:\WINDOWS\SYSTEM32\WINNSI.DLL
0x00007ff9f9bd0000 - 0x00007ff9f9bee000 	C:\Users\Dark Knight\AppData\Local\Temp\native-platform8806316598520611754dir\native-platform.dll

dbghelp: loaded successfully - version: 4.0.5 - missing functions: none
symbol engine: initialized successfully - sym options: 0x614 - pdb path: .;C:\Program Files\Android\Android Studio1\jre\bin;C:\WINDOWS\SYSTEM32;C:\WINDOWS\WinSxS\amd64_microsoft.windows.common-controls_6595b64144ccf1df_6.0.19041.1110_none_60b5254171f9507e;C:\Program Files\Android\Android Studio1\jre\bin\server;C:\Users\Dark Knight\.gradle\native\fdc75f09e3144964f2cf3f50f0aa648679c211496f362492102eb8c894070792\windows-amd64;C:\Users\Dark Knight\.gradle\native\12488b8bf47d2d4c9fbf2f6322a914ad602e24e48041cd04a747c6da556b65c4\windows-amd64;C:\Users\Dark Knight\AppData\Local\Temp\native-platform8806316598520611754dir

VM Arguments:
jvm_args: --add-opens=java.base/java.util=ALL-UNNAMED --add-opens=java.base/java.lang=ALL-UNNAMED --add-opens=java.base/java.lang.invoke=ALL-UNNAMED --add-opens=java.prefs/java.util.prefs=ALL-UNNAMED -Xmx2048m -Dfile.encoding=UTF-8 -Duser.country=IN -Duser.language=en -Duser.variant 
java_command: org.gradle.launcher.daemon.bootstrap.GradleDaemon 6.7.1
java_class_path (initial): C:\Users\Dark Knight\.gradle\wrapper\dists\gradle-6.7.1-bin\bwlcbys1h7rz3272sye1xwiv6\gradle-6.7.1\lib\gradle-launcher-6.7.1.jar
Launcher Type: SUN_STANDARD

[Global flags]
     intx CICompilerCount                          = 4                                         {product} {ergonomic}
     uint ConcGCThreads                            = 2                                         {product} {ergonomic}
     uint G1ConcRefinementThreads                  = 8                                         {product} {ergonomic}
   size_t G1HeapRegionSize                         = 1048576                                   {product} {ergonomic}
    uintx GCDrainStackTargetSize                   = 64                                        {product} {ergonomic}
   size_t InitialHeapSize                          = 134217728                                 {product} {ergonomic}
   size_t MarkStackSize                            = 4194304                                   {product} {ergonomic}
   size_t MaxHeapSize                              = 2147483648                                {product} {command line}
   size_t MaxNewSize                               = 1287651328                                {product} {ergonomic}
   size_t MinHeapDeltaBytes                        = 1048576                                   {product} {ergonomic}
    uintx NonNMethodCodeHeapSize                   = 5836300                                {pd product} {ergonomic}
    uintx NonProfiledCodeHeapSize                  = 122910970                              {pd product} {ergonomic}
    uintx ProfiledCodeHeapSize                     = 122910970                              {pd product} {ergonomic}
    uintx ReservedCodeCacheSize                    = 251658240                              {pd product} {ergonomic}
     bool SegmentedCodeCache                       = true                                      {product} {ergonomic}
     bool UseCompressedClassPointers               = true                                 {lp64_product} {ergonomic}
     bool UseCompressedOops                        = true                                 {lp64_product} {ergonomic}
     bool UseG1GC                                  = true                                      {product} {ergonomic}
     bool UseLargePagesIndividualAllocation        = false                                  {pd product} {ergonomic}

Logging:
Log output configuration:
 #0: stdout all=warning uptime,level,tags
 #1: stderr all=off uptime,level,tags

Environment Variables:
PATH=C:\Windows\system32;C:\Windows;C:\Windows\System32\Wbem;C:\Windows\System32\WindowsPowerShell\v1.0\;C:\Windows\System32\OpenSSH\;C:\Program Files (x86)\NVIDIA Corporation\PhysX\Common;C:\Program Files\NVIDIA Corporation\NVIDIA NvDLISR;C:\WINDOWS\system32;C:\WINDOWS;C:\WINDOWS\System32\Wbem;C:\WINDOWS\System32\WindowsPowerShell\v1.0\;C:\WINDOWS\System32\OpenSSH\;C:\MinGW\bin;C:\Program Files\MEGA-X;C:\WINDOWS\system32;C:\WINDOWS;C:\WINDOWS\System32\Wbem;C:\WINDOWS\System32\WindowsPowerShell\v1.0\;C:\WINDOWS\System32\OpenSSH\;C:\Program Files\Git\cmd;C:\Users\Dark Knight\AppData\Local\Microsoft\WindowsApps;C:\Users\Dark Knight\AppData\Local\atom\bin;C:\Program Files (x86)\Microsoft Visual Studio\2019\BuildTools\MSBuild\Current\Bin;C:\Users\Dark Knight\AppData\Local\Microsoft\WindowsApps
USERNAME=Dark Knight
OS=Windows_NT
PROCESSOR_IDENTIFIER=Intel64 Family 6 Model 158 Stepping 10, GenuineIntel



---------------  S Y S T E M  ---------------

OS: Windows 10 , 64 bit Build 19041 (10.0.19041.1023)
OS uptime: 9 days 23:12 hours

CPU:total 8 (initial active 8) (4 cores per cpu, 2 threads per core) family 6 model 158 stepping 10, cmov, cx8, fxsr, mmx, sse, sse2, sse3, ssse3, sse4.1, sse4.2, popcnt, avx, avx2, aes, clmul, erms, 3dnowpref, lzcnt, ht, tsc, tscinvbit, bmi1, bmi2, adx, fma

Memory: 4k page, system-wide physical 8112M (741M free)
TotalPageFile size 12208M (AvailPageFile size 96M)
current process WorkingSet (physical memory assigned to process): 534M, peak: 539M
current process commit charge ("private bytes"): 574M, peak: 695M

vm_info: OpenJDK 64-Bit Server VM (11.0.8+10-b944.6842174) for windows-amd64 JRE (11.0.8+10-b944.6842174), built on Sep 19 2020 01:11:42 by "builder" with MS VC++ 14.0 (VS2015)

END.
