#
# There is insufficient memory for the Java Runtime Environment to continue.
# Native memory allocation (mmap) failed to map 27262976 bytes for Failed to commit area from 0x0000000088000000 to 0x0000000089a00000 of length 27262976.
# Possible reasons:
#   The system is out of physical RAM or swap space
#   The process is running with CompressedOops enabled, and the Java Heap may be blocking the growth of the native heap
# Possible solutions:
#   Reduce memory load on the system
#   Increase physical memory or swap space
#   Check if swap backing store is full
#   Decrease Java heap size (-Xmx/-Xms)
#   Decrease number of Java threads
#   Decrease Java thread stack sizes (-Xss)
#   Set larger code cache with -XX:ReservedCodeCacheSize=
#   JVM is running with Unscaled Compressed Oops mode in which the Java heap is
#     placed in the first 4GB address space. The Java Heap base address is the
#     maximum limit for the native heap growth. Please use -XX:HeapBaseMinAddress
#     to set the Java Heap base and to place the Java Heap above 4GB virtual address.
# This output file may be truncated or incomplete.
#
#  Out of Memory Error (./src/hotspot/os/windows/os_windows.cpp:3303), pid=36160, tid=32396
#
# JRE version: OpenJDK Runtime Environment (11.0.8+10) (build 11.0.8+10-b944.6842174)
# Java VM: OpenJDK 64-Bit Server VM (11.0.8+10-b944.6842174, mixed mode, tiered, compressed oops, g1 gc, windows-amd64)
# No core dump will be written. Minidumps are not enabled by default on client versions of Windows
#

---------------  S U M M A R Y ------------

Command Line: --add-opens=java.base/java.util=ALL-UNNAMED --add-opens=java.base/java.lang=ALL-UNNAMED --add-opens=java.base/java.lang.invoke=ALL-UNNAMED --add-opens=java.prefs/java.util.prefs=ALL-UNNAMED -Xmx2048m -Dfile.encoding=UTF-8 -Duser.country=IN -Duser.language=en -Duser.variant org.gradle.launcher.daemon.bootstrap.GradleDaemon 6.7.1

Host: Intel(R) Core(TM) i5-9300H CPU @ 2.40GHz, 8 cores, 7G,  Windows 10 , 64 bit Build 19041 (10.0.19041.1023)
Time: Wed Jul 28 18:52:03 2021 India Standard Time elapsed time: 4 seconds (0d 0h 0m 4s)

---------------  T H R E A D  ---------------

Current thread (0x000001bae962e800):  VMThread "VM Thread" [stack: 0x0000000de5b00000,0x0000000de5c00000] [id=32396]

Stack: [0x0000000de5b00000,0x0000000de5c00000]
[error occurred during error reporting (printing stack bounds), id 0xc0000005, EXCEPTION_ACCESS_VIOLATION (0xc0000005) at pc=0x000001bad2cc0dad]

Native frames: (J=compiled Java code, j=interpreted, Vv=VM code, C=native code)
V  [jvm.dll+0x5de50a]
V  [jvm.dll+0x7122f5]
V  [jvm.dll+0x71384d]
V  [jvm.dll+0x713e65]
V  [jvm.dll+0x713e1b]
V  [jvm.dll+0x5dd958]
V  [jvm.dll+0x5de0f8]
C  [ntdll.dll+0xa217f]
C  [ntdll.dll+0x51454]
C  [ntdll.dll+0xa0cae]
C  0x000001bad2cc0dad

VM_Operation (0x0000000de70fa030): G1CollectForAllocation, mode: safepoint, requested by thread 0x000001baeb9e2800


---------------  P R O C E S S  ---------------

Threads class SMR info:
_java_thread_list=0x000001baef84acf0, length=52, elements={
0x000001bacf339800, 0x000001bae9633000, 0x000001bae963e800, 0x000001bae9648000,
0x000001bae9649000, 0x000001bae964a800, 0x000001bae9659800, 0x000001bae965e000,
0x000001baea112000, 0x000001baea11d000, 0x000001baec5d8000, 0x000001baea37d800,
0x000001baea4af000, 0x000001baeb3e7800, 0x000001baec910800, 0x000001baeb742800,
0x000001baeb9e2800, 0x000001baecb04000, 0x000001baec32e800, 0x000001baec8fe000,
0x000001baeca77000, 0x000001baeca74800, 0x000001baeca75000, 0x000001baeb9a7000,
0x000001baed1ef800, 0x000001baeca76000, 0x000001baed20a800, 0x000001baed20b800,
0x000001baed206800, 0x000001baed209800, 0x000001baed20d000, 0x000001baed20c000,
0x000001baed207000, 0x000001baed208000, 0x000001baed209000, 0x000001baedc14000,
0x000001baedc13800, 0x000001baedc12000, 0x000001baedc0f800, 0x000001baedc11000,
0x000001baedc12800, 0x000001baedc15000, 0x000001baedc16000, 0x000001baedc10000,
0x000001baedc1b800, 0x000001baedc1a000, 0x000001baedc1c800, 0x000001baedc16800,
0x000001baedc18800, 0x000001baedc1d000, 0x000001baedc17800, 0x000001baedc1e000
}

Java Threads: ( => current thread )
  0x000001bacf339800 JavaThread "main" [_thread_blocked, id=35080, stack(0x0000000de5500000,0x0000000de5600000)]
  0x000001bae9633000 JavaThread "Reference Handler" daemon [_thread_blocked, id=14008, stack(0x0000000de5c00000,0x0000000de5d00000)]
  0x000001bae963e800 JavaThread "Finalizer" daemon [_thread_blocked, id=15060, stack(0x0000000de5d00000,0x0000000de5e00000)]
  0x000001bae9648000 JavaThread "Signal Dispatcher" daemon [_thread_blocked, id=36728, stack(0x0000000de5e00000,0x0000000de5f00000)]
  0x000001bae9649000 JavaThread "Attach Listener" daemon [_thread_blocked, id=4988, stack(0x0000000de5f00000,0x0000000de6000000)]
  0x000001bae964a800 JavaThread "C2 CompilerThread0" daemon [_thread_blocked, id=10904, stack(0x0000000de6000000,0x0000000de6100000)]
  0x000001bae9659800 JavaThread "C1 CompilerThread0" daemon [_thread_blocked, id=35232, stack(0x0000000de6100000,0x0000000de6200000)]
  0x000001bae965e000 JavaThread "Sweeper thread" daemon [_thread_blocked, id=37552, stack(0x0000000de6200000,0x0000000de6300000)]
  0x000001baea112000 JavaThread "Common-Cleaner" daemon [_thread_blocked, id=15484, stack(0x0000000de6300000,0x0000000de6400000)]
  0x000001baea11d000 JavaThread "Service Thread" daemon [_thread_blocked, id=27952, stack(0x0000000de6400000,0x0000000de6500000)]
  0x000001baec5d8000 JavaThread "Daemon health stats" [_thread_blocked, id=28128, stack(0x0000000de6a00000,0x0000000de6b00000)]
  0x000001baea37d800 JavaThread "Incoming local TCP Connector on port 54365" [_thread_in_native, id=40088, stack(0x0000000de6b00000,0x0000000de6c00000)]
  0x000001baea4af000 JavaThread "Daemon periodic checks" [_thread_blocked, id=36624, stack(0x0000000de6c00000,0x0000000de6d00000)]
  0x000001baeb3e7800 JavaThread "Daemon" [_thread_blocked, id=40396, stack(0x0000000de6d00000,0x0000000de6e00000)]
  0x000001baec910800 JavaThread "Handler for socket connection from /127.0.0.1:54365 to /127.0.0.1:54366" [_thread_in_native, id=30884, stack(0x0000000de6e00000,0x0000000de6f00000)]
  0x000001baeb742800 JavaThread "Cancel handler" [_thread_blocked, id=36948, stack(0x0000000de6f00000,0x0000000de7000000)]
  0x000001baeb9e2800 JavaThread "Daemon worker" [_thread_blocked, id=2284, stack(0x0000000de7000000,0x0000000de7100000)]
  0x000001baecb04000 JavaThread "Asynchronous log dispatcher for DefaultDaemonConnection: socket connection from /127.0.0.1:54365 to /127.0.0.1:54366" [_thread_blocked, id=5488, stack(0x0000000de7100000,0x0000000de7200000)]
  0x000001baec32e800 JavaThread "Stdin handler" [_thread_blocked, id=4760, stack(0x0000000de7200000,0x0000000de7300000)]
  0x000001baec8fe000 JavaThread "Thread-8" [_thread_blocked, id=40832, stack(0x0000000de7300000,0x0000000de7400000)]
  0x000001baeca77000 JavaThread "Cache worker for file hash cache (C:\Users\Dark Knight\.gradle\caches\6.7.1\fileHashes)" [_thread_blocked, id=35428, stack(0x0000000de7900000,0x0000000de7a00000)]
  0x000001baeca74800 JavaThread "File lock request listener" [_thread_in_native, id=26088, stack(0x0000000de7a00000,0x0000000de7b00000)]
  0x000001baeca75000 JavaThread "Cache worker for journal cache (C:\Users\Dark Knight\.gradle\caches\journal-1)" [_thread_blocked, id=33296, stack(0x0000000de7c00000,0x0000000de7d00000)]
  0x000001baeb9a7000 JavaThread "C2 CompilerThread1" daemon [_thread_blocked, id=20600, stack(0x0000000de7d00000,0x0000000de7e00000)]
  0x000001baed1ef800 JavaThread "C2 CompilerThread2" daemon [_thread_blocked, id=31388, stack(0x0000000de7e00000,0x0000000de7f00000)]
  0x000001baeca76000 JavaThread "Cache worker for file hash cache (C:\Android Projects\Udemy TUTORIAL\KidsDrawingApp\.gradle\6.7.1\fileHashes)" [_thread_blocked, id=16356, stack(0x0000000de7f00000,0x0000000de8000000)]
  0x000001baed20a800 JavaThread "jar transforms" [_thread_blocked, id=35204, stack(0x0000000de8000000,0x0000000de8100000)]
  0x000001baed20b800 JavaThread "jar transforms Thread 2" [_thread_blocked, id=39708, stack(0x0000000de8100000,0x0000000de8200000)]
  0x000001baed206800 JavaThread "jar transforms Thread 3" [_thread_blocked, id=2308, stack(0x0000000de8200000,0x0000000de8300000)]
  0x000001baed209800 JavaThread "jar transforms Thread 4" [_thread_blocked, id=2472, stack(0x0000000de8300000,0x0000000de8400000)]
  0x000001baed20d000 JavaThread "jar transforms Thread 5" [_thread_blocked, id=28652, stack(0x0000000de8400000,0x0000000de8500000)]
  0x000001baed20c000 JavaThread "jar transforms Thread 6" [_thread_blocked, id=26044, stack(0x0000000de8500000,0x0000000de8600000)]
  0x000001baed207000 JavaThread "jar transforms Thread 7" [_thread_blocked, id=5604, stack(0x0000000de8600000,0x0000000de8700000)]
  0x000001baed208000 JavaThread "jar transforms Thread 8" [_thread_blocked, id=36708, stack(0x0000000de8700000,0x0000000de8800000)]
  0x000001baed209000 JavaThread "jar transforms Thread 9" [_thread_blocked, id=33416, stack(0x0000000de8800000,0x0000000de8900000)]
  0x000001baedc14000 JavaThread "jar transforms Thread 10" [_thread_blocked, id=14036, stack(0x0000000de8900000,0x0000000de8a00000)]
  0x000001baedc13800 JavaThread "jar transforms Thread 11" [_thread_blocked, id=31684, stack(0x0000000de8a00000,0x0000000de8b00000)]
  0x000001baedc12000 JavaThread "jar transforms Thread 12" [_thread_blocked, id=35172, stack(0x0000000de8b00000,0x0000000de8c00000)]
  0x000001baedc0f800 JavaThread "jar transforms Thread 13" [_thread_blocked, id=41540, stack(0x0000000de8c00000,0x0000000de8d00000)]
  0x000001baedc11000 JavaThread "jar transforms Thread 14" [_thread_blocked, id=15300, stack(0x0000000de8d00000,0x0000000de8e00000)]
  0x000001baedc12800 JavaThread "jar transforms Thread 15" [_thread_blocked, id=40020, stack(0x0000000de8e00000,0x0000000de8f00000)]
  0x000001baedc15000 JavaThread "jar transforms Thread 16" [_thread_blocked, id=39480, stack(0x0000000de8f00000,0x0000000de9000000)]
  0x000001baedc16000 JavaThread "jar transforms Thread 17" [_thread_blocked, id=32664, stack(0x0000000de9000000,0x0000000de9100000)]
  0x000001baedc10000 JavaThread "jar transforms Thread 18" [_thread_blocked, id=16892, stack(0x0000000de9100000,0x0000000de9200000)]
  0x000001baedc1b800 JavaThread "jar transforms Thread 19" [_thread_blocked, id=25996, stack(0x0000000de9200000,0x0000000de9300000)]
  0x000001baedc1a000 JavaThread "jar transforms Thread 20" [_thread_blocked, id=33836, stack(0x0000000de9300000,0x0000000de9400000)]
  0x000001baedc1c800 JavaThread "jar transforms Thread 21" [_thread_blocked, id=18548, stack(0x0000000de9400000,0x0000000de9500000)]
  0x000001baedc16800 JavaThread "Cache worker for checksums cache (C:\Android Projects\Udemy TUTORIAL\KidsDrawingApp\.gradle\checksums)" [_thread_blocked, id=5076, stack(0x0000000de9500000,0x0000000de9600000)]
  0x000001baedc18800 JavaThread "Cache worker for cache directory md-supplier (C:\Users\Dark Knight\.gradle\caches\6.7.1\md-supplier)" [_thread_blocked, id=6444, stack(0x0000000de9600000,0x0000000de9700000)]
  0x000001baedc1d000 JavaThread "Cache worker for cache directory md-rule (C:\Users\Dark Knight\.gradle\caches\6.7.1\md-rule)" [_thread_blocked, id=20356, stack(0x0000000de9700000,0x0000000de9800000)]
  0x000001baedc17800 JavaThread "Cache worker for execution history cache (C:\Users\Dark Knight\.gradle\caches\6.7.1\executionHistory)" [_thread_blocked, id=26540, stack(0x0000000de9800000,0x0000000de9900000)]
  0x000001baedc1e000 JavaThread "Cache worker for file content cache (C:\Users\Dark Knight\.gradle\caches\6.7.1\fileContent)" [_thread_blocked, id=25224, stack(0x0000000de9900000,0x0000000de9a00000)]

Other Threads:
=>0x000001bae962e800 VMThread "VM Thread" [stack: 0x0000000de5b00000,0x0000000de5c00000] [id=32396]
  0x000001baea11e000 WatcherThread [stack: 0x0000000de6500000,0x0000000de6600000] [id=15752]
  0x000001bacf351800 GCTaskThread "GC Thread#0" [stack: 0x0000000de5600000,0x0000000de5700000] [id=19488]
  0x000001baeae7e000 GCTaskThread "GC Thread#1" [stack: 0x0000000de6800000,0x0000000de6900000] [id=31300]
  0x000001baeacdf000 GCTaskThread "GC Thread#2" [stack: 0x0000000de6900000,0x0000000de6a00000] [id=17648]
  0x000001baecfe2800 GCTaskThread "GC Thread#3" [stack: 0x0000000de7400000,0x0000000de7500000] [id=23384]
  0x000001baea5f0800 GCTaskThread "GC Thread#4" [stack: 0x0000000de7500000,0x0000000de7600000] [id=39208]
  0x000001baeb8b3800 GCTaskThread "GC Thread#5" [stack: 0x0000000de7600000,0x0000000de7700000] [id=38764]
  0x000001baec353800 GCTaskThread "GC Thread#6" [stack: 0x0000000de7700000,0x0000000de7800000] [id=19116]
  0x000001baea3e6000 GCTaskThread "GC Thread#7" [stack: 0x0000000de7800000,0x0000000de7900000] [id=22180]
  0x000001bacf382800 ConcurrentGCThread "G1 Main Marker" [stack: 0x0000000de5700000,0x0000000de5800000] [id=31816]
  0x000001bacf384800 ConcurrentGCThread "G1 Conc#0" [stack: 0x0000000de5800000,0x0000000de5900000] [id=19600]
  0x000001baebf49800 ConcurrentGCThread "G1 Conc#1" [stack: 0x0000000de7b00000,0x0000000de7c00000] [id=21536]
  0x000001bacf418000 ConcurrentGCThread "G1 Refine#0" [stack: 0x0000000de5900000,0x0000000de5a00000] [id=27848]
  0x000001baef424000 ConcurrentGCThread "G1 Refine#1" [stack: 0x0000000de9a00000,0x0000000de9b00000] [id=11360]
  0x000001baf0bb3000 ConcurrentGCThread "G1 Refine#2" [stack: 0x0000000de9b00000,0x0000000de9c00000] [id=21244]
  0x000001baf0bf3800 ConcurrentGCThread "G1 Refine#3" [stack: 0x0000000de9c00000,0x0000000de9d00000] [id=28136]
  0x000001bae9480800 ConcurrentGCThread "G1 Young RemSet Sampling" [stack: 0x0000000de5a00000,0x0000000de5b00000] [id=39668]

Threads with active compile tasks:

VM state:at safepoint (normal execution)

VM Mutex/Monitor currently owned by a thread:  ([mutex/lock_event])
[0x000001bacf336db0] Threads_lock - owner thread: 0x000001bae962e800
[0x000001bacf335fa0] Heap_lock - owner thread: 0x000001baeb9e2800

Heap address: 0x0000000080000000, size: 2048 MB, Compressed Oops mode: 32-bit
Narrow klass base: 0x0000000000000000, Narrow klass shift: 3
Compressed class space size: 1073741824 Address: 0x0000000100000000

Heap:
 garbage-first heap   total 157696K, used 72704K [0x0000000080000000, 0x0000000100000000)
  region size 1024K, 5 young (5120K), 5 survivors (5120K)
 Metaspace       used 43146K, capacity 44049K, committed 44156K, reserved 1087488K
  class space    used 5450K, capacity 5810K, committed 5888K, reserved 1048576K
Heap Regions: E=young(eden), S=young(survivor), O=old, HS=humongous(starts), HC=humongous(continues), CS=collection set, F=free, A=archive, TAMS=top-at-mark-start (previous, next)
|   0|0x0000000080000000, 0x0000000080100000, 0x0000000080100000|100%| O|  |TAMS 0x0000000080100000, 0x0000000080100000| Untracked 
|   1|0x0000000080100000, 0x0000000080200000, 0x0000000080200000|100%| O|  |TAMS 0x0000000080200000, 0x0000000080200000| Untracked 
|   2|0x0000000080200000, 0x0000000080300000, 0x0000000080300000|100%| O|  |TAMS 0x0000000080300000, 0x0000000080300000| Untracked 
|   3|0x0000000080300000, 0x0000000080400000, 0x0000000080400000|100%|HS|  |TAMS 0x0000000080400000, 0x0000000080400000| Complete 
|   4|0x0000000080400000, 0x0000000080500000, 0x0000000080500000|100%|HC|  |TAMS 0x0000000080500000, 0x0000000080500000| Complete 
|   5|0x0000000080500000, 0x0000000080600000, 0x0000000080600000|100%|HC|  |TAMS 0x0000000080600000, 0x0000000080600000| Complete 
|   6|0x0000000080600000, 0x0000000080700000, 0x0000000080700000|100%| O|  |TAMS 0x0000000080700000, 0x0000000080700000| Untracked 
|   7|0x0000000080700000, 0x0000000080800000, 0x0000000080800000|100%| O|  |TAMS 0x0000000080800000, 0x0000000080800000| Untracked 
|   8|0x0000000080800000, 0x0000000080900000, 0x0000000080900000|100%| O|  |TAMS 0x0000000080900000, 0x0000000080900000| Untracked 
|   9|0x0000000080900000, 0x0000000080a00000, 0x0000000080a00000|100%| O|  |TAMS 0x0000000080a00000, 0x0000000080a00000| Untracked 
|  10|0x0000000080a00000, 0x0000000080b00000, 0x0000000080b00000|100%| O|  |TAMS 0x0000000080b00000, 0x0000000080b00000| Untracked 
|  11|0x0000000080b00000, 0x0000000080c00000, 0x0000000080c00000|100%| O|  |TAMS 0x0000000080c00000, 0x0000000080c00000| Untracked 
|  12|0x0000000080c00000, 0x0000000080d00000, 0x0000000080d00000|100%| O|  |TAMS 0x0000000080d00000, 0x0000000080d00000| Untracked 
|  13|0x0000000080d00000, 0x0000000080e00000, 0x0000000080e00000|100%| O|  |TAMS 0x0000000080e00000, 0x0000000080e00000| Untracked 
|  14|0x0000000080e00000, 0x0000000080f00000, 0x0000000080f00000|100%| O|  |TAMS 0x0000000080f00000, 0x0000000080f00000| Untracked 
|  15|0x0000000080f00000, 0x0000000081000000, 0x0000000081000000|100%| O|  |TAMS 0x0000000080f15200, 0x0000000081000000| Untracked 
|  16|0x0000000081000000, 0x0000000081100000, 0x0000000081100000|100%|HS|  |TAMS 0x0000000081100000, 0x0000000081100000| Complete 
|  17|0x0000000081100000, 0x0000000081200000, 0x0000000081200000|100%|HC|  |TAMS 0x0000000081200000, 0x0000000081200000| Complete 
|  18|0x0000000081200000, 0x0000000081300000, 0x0000000081300000|100%|HS|  |TAMS 0x0000000081300000, 0x0000000081300000| Complete 
|  19|0x0000000081300000, 0x0000000081400000, 0x0000000081400000|100%|HC|  |TAMS 0x0000000081400000, 0x0000000081400000| Complete 
|  20|0x0000000081400000, 0x0000000081500000, 0x0000000081500000|100%|HC|  |TAMS 0x0000000081500000, 0x0000000081500000| Complete 
|  21|0x0000000081500000, 0x0000000081600000, 0x0000000081600000|100%|HS|  |TAMS 0x0000000081600000, 0x0000000081600000| Complete 
|  22|0x0000000081600000, 0x0000000081700000, 0x0000000081700000|100%|HC|  |TAMS 0x0000000081700000, 0x0000000081700000| Complete 
|  23|0x0000000081700000, 0x0000000081800000, 0x0000000081800000|100%|HC|  |TAMS 0x0000000081800000, 0x0000000081800000| Complete 
|  24|0x0000000081800000, 0x0000000081900000, 0x0000000081900000|100%|HC|  |TAMS 0x0000000081900000, 0x0000000081900000| Complete 
|  25|0x0000000081900000, 0x0000000081a00000, 0x0000000081a00000|100%|HS|  |TAMS 0x0000000081900000, 0x0000000081a00000| Complete 
|  26|0x0000000081a00000, 0x0000000081b00000, 0x0000000081b00000|100%|HC|  |TAMS 0x0000000081a00000, 0x0000000081b00000| Complete 
|  27|0x0000000081b00000, 0x0000000081c00000, 0x0000000081c00000|100%|HC|  |TAMS 0x0000000081b00000, 0x0000000081c00000| Complete 
|  28|0x0000000081c00000, 0x0000000081d00000, 0x0000000081d00000|100%|HS|  |TAMS 0x0000000081c00000, 0x0000000081d00000| Complete 
|  29|0x0000000081d00000, 0x0000000081e00000, 0x0000000081e00000|100%|HC|  |TAMS 0x0000000081d00000, 0x0000000081e00000| Complete 
|  30|0x0000000081e00000, 0x0000000081f00000, 0x0000000081f00000|100%|HC|  |TAMS 0x0000000081e00000, 0x0000000081f00000| Complete 
|  31|0x0000000081f00000, 0x0000000082000000, 0x0000000082000000|100%|HC|  |TAMS 0x0000000081f00000, 0x0000000082000000| Complete 
|  32|0x0000000082000000, 0x0000000082100000, 0x0000000082100000|100%| O|  |TAMS 0x0000000082000000, 0x0000000082100000| Untracked 
|  33|0x0000000082100000, 0x0000000082200000, 0x0000000082200000|100%| O|  |TAMS 0x0000000082100000, 0x0000000082200000| Untracked 
|  34|0x0000000082200000, 0x0000000082300000, 0x0000000082300000|100%| O|  |TAMS 0x0000000082200000, 0x0000000082300000| Untracked 
|  35|0x0000000082300000, 0x0000000082400000, 0x0000000082400000|100%| O|  |TAMS 0x0000000082300000, 0x0000000082400000| Untracked 
|  36|0x0000000082400000, 0x0000000082500000, 0x0000000082500000|100%| O|  |TAMS 0x0000000082400000, 0x0000000082500000| Untracked 
|  37|0x0000000082500000, 0x0000000082600000, 0x0000000082600000|100%| O|  |TAMS 0x0000000082500000, 0x0000000082600000| Untracked 
|  38|0x0000000082600000, 0x0000000082700000, 0x0000000082700000|100%| O|  |TAMS 0x0000000082600000, 0x0000000082700000| Untracked 
|  39|0x0000000082700000, 0x0000000082800000, 0x0000000082800000|100%| O|  |TAMS 0x0000000082700000, 0x0000000082800000| Untracked 
|  40|0x0000000082800000, 0x0000000082900000, 0x0000000082900000|100%| O|  |TAMS 0x0000000082800000, 0x0000000082900000| Untracked 
|  41|0x0000000082900000, 0x0000000082a00000, 0x0000000082a00000|100%| O|  |TAMS 0x0000000082900000, 0x0000000082a00000| Untracked 
|  42|0x0000000082a00000, 0x0000000082b00000, 0x0000000082b00000|100%| O|  |TAMS 0x0000000082a00000, 0x0000000082b00000| Untracked 
|  43|0x0000000082b00000, 0x0000000082c00000, 0x0000000082c00000|100%| O|  |TAMS 0x0000000082b00000, 0x0000000082c00000| Untracked 
|  44|0x0000000082c00000, 0x0000000082d00000, 0x0000000082d00000|100%| O|  |TAMS 0x0000000082c00000, 0x0000000082d00000| Untracked 
|  45|0x0000000082d00000, 0x0000000082e00000, 0x0000000082e00000|100%| O|  |TAMS 0x0000000082d00000, 0x0000000082e00000| Untracked 
|  46|0x0000000082e00000, 0x0000000082f00000, 0x0000000082f00000|100%| O|  |TAMS 0x0000000082e00000, 0x0000000082f00000| Untracked 
|  47|0x0000000082f00000, 0x0000000083000000, 0x0000000083000000|100%| O|  |TAMS 0x0000000082f00000, 0x0000000083000000| Untracked 
|  48|0x0000000083000000, 0x0000000083100000, 0x0000000083100000|100%| O|  |TAMS 0x0000000083000000, 0x0000000083100000| Untracked 
|  49|0x0000000083100000, 0x0000000083200000, 0x0000000083200000|100%| O|  |TAMS 0x0000000083100000, 0x0000000083200000| Untracked 
|  50|0x0000000083200000, 0x0000000083300000, 0x0000000083300000|100%| O|  |TAMS 0x0000000083200000, 0x0000000083300000| Untracked 
|  51|0x0000000083300000, 0x0000000083400000, 0x0000000083400000|100%| O|  |TAMS 0x0000000083300000, 0x0000000083400000| Untracked 
|  52|0x0000000083400000, 0x0000000083500000, 0x0000000083500000|100%| O|  |TAMS 0x0000000083400000, 0x0000000083500000| Untracked 
|  53|0x0000000083500000, 0x0000000083600000, 0x0000000083600000|100%| O|  |TAMS 0x0000000083500000, 0x0000000083600000| Untracked 
|  54|0x0000000083600000, 0x0000000083700000, 0x0000000083700000|100%| O|  |TAMS 0x0000000083600000, 0x0000000083700000| Untracked 
|  55|0x0000000083700000, 0x0000000083800000, 0x0000000083800000|100%| O|  |TAMS 0x0000000083700000, 0x0000000083800000| Untracked 
|  56|0x0000000083800000, 0x0000000083900000, 0x0000000083900000|100%| O|  |TAMS 0x0000000083800000, 0x0000000083900000| Untracked 
|  57|0x0000000083900000, 0x0000000083a00000, 0x0000000083a00000|100%| O|  |TAMS 0x0000000083900000, 0x0000000083a00000| Untracked 
|  58|0x0000000083a00000, 0x0000000083b00000, 0x0000000083b00000|100%| O|  |TAMS 0x0000000083a00000, 0x0000000083b00000| Untracked 
|  59|0x0000000083b00000, 0x0000000083c00000, 0x0000000083c00000|100%| O|  |TAMS 0x0000000083b00000, 0x0000000083c00000| Untracked 
|  60|0x0000000083c00000, 0x0000000083d00000, 0x0000000083d00000|100%| O|  |TAMS 0x0000000083c00000, 0x0000000083d00000| Untracked 
|  61|0x0000000083d00000, 0x0000000083e00000, 0x0000000083e00000|100%| O|  |TAMS 0x0000000083d00000, 0x0000000083e00000| Untracked 
|  62|0x0000000083e00000, 0x0000000083f00000, 0x0000000083f00000|100%| O|  |TAMS 0x0000000083e00000, 0x0000000083f00000| Untracked 
|  63|0x0000000083f00000, 0x0000000084000000, 0x0000000084000000|100%| O|  |TAMS 0x0000000083f00000, 0x0000000084000000| Untracked 
|  64|0x0000000084000000, 0x0000000084100000, 0x0000000084100000|100%| O|  |TAMS 0x0000000084000000, 0x0000000084100000| Untracked 
|  65|0x0000000084100000, 0x0000000084200000, 0x0000000084200000|100%| O|  |TAMS 0x0000000084100000, 0x0000000084200000| Untracked 
|  66|0x0000000084200000, 0x0000000084200000, 0x0000000084300000|  0%| F|  |TAMS 0x0000000084200000, 0x0000000084200000| Untracked 
|  67|0x0000000084300000, 0x0000000084300000, 0x0000000084400000|  0%| F|  |TAMS 0x0000000084300000, 0x0000000084300000| Untracked 
|  68|0x0000000084400000, 0x0000000084400000, 0x0000000084500000|  0%| F|  |TAMS 0x0000000084400000, 0x0000000084400000| Untracked 
|  69|0x0000000084500000, 0x0000000084500000, 0x0000000084600000|  0%| F|  |TAMS 0x0000000084500000, 0x0000000084500000| Untracked 
|  70|0x0000000084600000, 0x0000000084600000, 0x0000000084700000|  0%| F|  |TAMS 0x0000000084600000, 0x0000000084600000| Untracked 
|  71|0x0000000084700000, 0x0000000084700000, 0x0000000084800000|  0%| F|  |TAMS 0x0000000084700000, 0x0000000084700000| Untracked 
|  72|0x0000000084800000, 0x0000000084800000, 0x0000000084900000|  0%| F|  |TAMS 0x0000000084800000, 0x0000000084800000| Untracked 
|  73|0x0000000084900000, 0x0000000084900000, 0x0000000084a00000|  0%| F|  |TAMS 0x0000000084900000, 0x0000000084900000| Untracked 
|  74|0x0000000084a00000, 0x0000000084a00000, 0x0000000084b00000|  0%| F|  |TAMS 0x0000000084a00000, 0x0000000084a00000| Untracked 
|  75|0x0000000084b00000, 0x0000000084b00000, 0x0000000084c00000|  0%| F|  |TAMS 0x0000000084b00000, 0x0000000084b00000| Untracked 
|  76|0x0000000084c00000, 0x0000000084c00000, 0x0000000084d00000|  0%| F|  |TAMS 0x0000000084c00000, 0x0000000084c00000| Untracked 
|  77|0x0000000084d00000, 0x0000000084d00000, 0x0000000084e00000|  0%| F|  |TAMS 0x0000000084d00000, 0x0000000084d00000| Untracked 
|  78|0x0000000084e00000, 0x0000000084e00000, 0x0000000084f00000|  0%| F|  |TAMS 0x0000000084e00000, 0x0000000084e00000| Untracked 
|  79|0x0000000084f00000, 0x0000000084f00000, 0x0000000085000000|  0%| F|  |TAMS 0x0000000084f00000, 0x0000000084f00000| Untracked 
|  80|0x0000000085000000, 0x0000000085000000, 0x0000000085100000|  0%| F|  |TAMS 0x0000000085000000, 0x0000000085000000| Untracked 
|  81|0x0000000085100000, 0x0000000085100000, 0x0000000085200000|  0%| F|  |TAMS 0x0000000085100000, 0x0000000085100000| Untracked 
|  82|0x0000000085200000, 0x0000000085200000, 0x0000000085300000|  0%| F|  |TAMS 0x0000000085200000, 0x0000000085200000| Untracked 
|  83|0x0000000085300000, 0x0000000085300000, 0x0000000085400000|  0%| F|  |TAMS 0x0000000085300000, 0x0000000085300000| Untracked 
|  84|0x0000000085400000, 0x0000000085400000, 0x0000000085500000|  0%| F|  |TAMS 0x0000000085400000, 0x0000000085400000| Untracked 
|  85|0x0000000085500000, 0x0000000085500000, 0x0000000085600000|  0%| F|  |TAMS 0x0000000085500000, 0x0000000085500000| Untracked 
|  86|0x0000000085600000, 0x0000000085600000, 0x0000000085700000|  0%| F|  |TAMS 0x0000000085600000, 0x0000000085600000| Untracked 
|  87|0x0000000085700000, 0x0000000085700000, 0x0000000085800000|  0%| F|  |TAMS 0x0000000085700000, 0x0000000085700000| Untracked 
|  88|0x0000000085800000, 0x0000000085800000, 0x0000000085900000|  0%| F|  |TAMS 0x0000000085800000, 0x0000000085800000| Untracked 
|  89|0x0000000085900000, 0x0000000085900000, 0x0000000085a00000|  0%| F|  |TAMS 0x0000000085900000, 0x0000000085900000| Untracked 
|  90|0x0000000085a00000, 0x0000000085a00000, 0x0000000085b00000|  0%| F|  |TAMS 0x0000000085a00000, 0x0000000085a00000| Untracked 
|  91|0x0000000085b00000, 0x0000000085b00000, 0x0000000085c00000|  0%| F|  |TAMS 0x0000000085b00000, 0x0000000085b00000| Untracked 
|  92|0x0000000085c00000, 0x0000000085c00000, 0x0000000085d00000|  0%| F|  |TAMS 0x0000000085c00000, 0x0000000085c00000| Untracked 
|  93|0x0000000085d00000, 0x0000000085d00000, 0x0000000085e00000|  0%| F|  |TAMS 0x0000000085d00000, 0x0000000085d00000| Untracked 
|  94|0x0000000085e00000, 0x0000000085f00000, 0x0000000085f00000|100%| S|CS|TAMS 0x0000000085e00000, 0x0000000085e00000| Complete 
|  95|0x0000000085f00000, 0x0000000086000000, 0x0000000086000000|100%| S|CS|TAMS 0x0000000085f00000, 0x0000000085f00000| Complete 
|  96|0x0000000086000000, 0x0000000086100000, 0x0000000086100000|100%| S|CS|TAMS 0x0000000086000000, 0x0000000086000000| Complete 
|  97|0x0000000086100000, 0x0000000086200000, 0x0000000086200000|100%| S|CS|TAMS 0x0000000086100000, 0x0000000086100000| Complete 
|  98|0x0000000086200000, 0x0000000086300000, 0x0000000086300000|100%| S|CS|TAMS 0x0000000086200000, 0x0000000086200000| Complete 
|  99|0x0000000086300000, 0x0000000086300000, 0x0000000086400000|  0%| F|  |TAMS 0x0000000086300000, 0x0000000086300000| Untracked 
| 100|0x0000000086400000, 0x0000000086400000, 0x0000000086500000|  0%| F|  |TAMS 0x0000000086400000, 0x0000000086400000| Untracked 
| 101|0x0000000086500000, 0x0000000086500000, 0x0000000086600000|  0%| F|  |TAMS 0x0000000086500000, 0x0000000086500000| Untracked 
| 102|0x0000000086600000, 0x0000000086600000, 0x0000000086700000|  0%| F|  |TAMS 0x0000000086600000, 0x0000000086600000| Untracked 
| 103|0x0000000086700000, 0x0000000086700000, 0x0000000086800000|  0%| F|  |TAMS 0x0000000086700000, 0x0000000086700000| Untracked 
| 104|0x0000000086800000, 0x0000000086800000, 0x0000000086900000|  0%| F|  |TAMS 0x0000000086800000, 0x0000000086800000| Untracked 
| 105|0x0000000086900000, 0x0000000086900000, 0x0000000086a00000|  0%| F|  |TAMS 0x0000000086900000, 0x0000000086900000| Untracked 
| 106|0x0000000086a00000, 0x0000000086a00000, 0x0000000086b00000|  0%| F|  |TAMS 0x0000000086a00000, 0x0000000086a00000| Untracked 
| 107|0x0000000086b00000, 0x0000000086b00000, 0x0000000086c00000|  0%| F|  |TAMS 0x0000000086b00000, 0x0000000086b00000| Untracked 
| 108|0x0000000086c00000, 0x0000000086c00000, 0x0000000086d00000|  0%| F|  |TAMS 0x0000000086c00000, 0x0000000086c00000| Untracked 
| 109|0x0000000086d00000, 0x0000000086d00000, 0x0000000086e00000|  0%| F|  |TAMS 0x0000000086d00000, 0x0000000086d00000| Untracked 
| 110|0x0000000086e00000, 0x0000000086e00000, 0x0000000086f00000|  0%| F|  |TAMS 0x0000000086e00000, 0x0000000086e00000| Untracked 
| 111|0x0000000086f00000, 0x0000000086f00000, 0x0000000087000000|  0%| F|  |TAMS 0x0000000086f00000, 0x0000000086f00000| Untracked 
| 112|0x0000000087000000, 0x0000000087000000, 0x0000000087100000|  0%| F|  |TAMS 0x0000000087000000, 0x0000000087000000| Untracked 
| 113|0x0000000087100000, 0x0000000087100000, 0x0000000087200000|  0%| F|  |TAMS 0x0000000087100000, 0x0000000087100000| Untracked 
| 114|0x0000000087200000, 0x0000000087200000, 0x0000000087300000|  0%| F|  |TAMS 0x0000000087200000, 0x0000000087200000| Untracked 
| 115|0x0000000087300000, 0x0000000087300000, 0x0000000087400000|  0%| F|  |TAMS 0x0000000087300000, 0x0000000087300000| Untracked 
| 116|0x0000000087400000, 0x0000000087400000, 0x0000000087500000|  0%| F|  |TAMS 0x0000000087400000, 0x0000000087400000| Untracked 
| 117|0x0000000087500000, 0x0000000087500000, 0x0000000087600000|  0%| F|  |TAMS 0x0000000087500000, 0x0000000087500000| Untracked 
| 118|0x0000000087600000, 0x0000000087600000, 0x0000000087700000|  0%| F|  |TAMS 0x0000000087600000, 0x0000000087600000| Untracked 
| 119|0x0000000087700000, 0x0000000087700000, 0x0000000087800000|  0%| F|  |TAMS 0x0000000087700000, 0x0000000087700000| Untracked 
| 120|0x0000000087800000, 0x0000000087800000, 0x0000000087900000|  0%| F|  |TAMS 0x0000000087800000, 0x0000000087800000| Untracked 
| 121|0x0000000087900000, 0x0000000087900000, 0x0000000087a00000|  0%| F|  |TAMS 0x0000000087900000, 0x0000000087900000| Untracked 
| 122|0x0000000087a00000, 0x0000000087a00000, 0x0000000087b00000|  0%| F|  |TAMS 0x0000000087a00000, 0x0000000087a00000| Untracked 
| 123|0x0000000087b00000, 0x0000000087b00000, 0x0000000087c00000|  0%| F|  |TAMS 0x0000000087b00000, 0x0000000087b00000| Untracked 
| 124|0x0000000087c00000, 0x0000000087c00000, 0x0000000087d00000|  0%| F|  |TAMS 0x0000000087c00000, 0x0000000087c00000| Untracked 
| 125|0x0000000087d00000, 0x0000000087d00000, 0x0000000087e00000|  0%| F|  |TAMS 0x0000000087d00000, 0x0000000087d00000| Untracked 
| 126|0x0000000087e00000, 0x0000000087e00000, 0x0000000087f00000|  0%| F|  |TAMS 0x0000000087e00000, 0x0000000087e00000| Untracked 
| 127|0x0000000087f00000, 0x0000000087f00000, 0x0000000088000000|  0%| F|  |TAMS 0x0000000087f00000, 0x0000000087f00000| Untracked 

Card table byte_map: [0x000001bae23f0000,0x000001bae27f0000] _byte_map_base: 0x000001bae1ff0000

Marking Bits (Prev, Next): (CMBitMap*) 0x000001bacf379718, (CMBitMap*) 0x000001bacf379750
 Prev Bits: [0x000001bae2bf0000, 0x000001bae4bf0000)
 Next Bits: [0x000001bae4bf0000, 0x000001bae6bf0000)

Polling page: 0x000001baceb20000

Metaspace:

Usage:
  Non-class:     37.34 MB capacity,    36.81 MB ( 99%) used,   455.62 KB (  1%) free+waste,    87.63 KB ( <1%) overhead. 
      Class:      5.67 MB capacity,     5.32 MB ( 94%) used,   317.50 KB (  5%) free+waste,    42.13 KB ( <1%) overhead. 
       Both:     43.02 MB capacity,    42.13 MB ( 98%) used,   773.12 KB (  2%) free+waste,   129.75 KB ( <1%) overhead. 

Virtual space:
  Non-class space:       38.00 MB reserved,      37.37 MB ( 98%) committed 
      Class space:        1.00 GB reserved,       5.75 MB ( <1%) committed 
             Both:        1.04 GB reserved,      43.12 MB (  4%) committed 

Chunk freelists:
   Non-Class:  29.00 KB
       Class:  14.00 KB
        Both:  43.00 KB

MaxMetaspaceSize: 17179869184.00 GB
CompressedClassSpaceSize: 1.00 GB

CodeHeap 'non-profiled nmethods': size=120000Kb used=2185Kb max_used=2185Kb free=117815Kb
 bounds [0x000001bada790000, 0x000001badaa00000, 0x000001bae1cc0000]
CodeHeap 'profiled nmethods': size=120000Kb used=7110Kb max_used=7110Kb free=112889Kb
 bounds [0x000001bad3260000, 0x000001bad3960000, 0x000001bada790000]
CodeHeap 'non-nmethods': size=5760Kb used=2203Kb max_used=2263Kb free=3556Kb
 bounds [0x000001bad2cc0000, 0x000001bad2f30000, 0x000001bad3260000]
 total_blobs=4214 nmethods=3436 adapters=689
 compilation: enabled
              stopped_count=0, restarted_count=0
 full_count=0

Compilation events (20 events):
Event: 4.320 Thread 0x000001baed1ef800 nmethod 3657 0x000001bada9a9c90 code [0x000001bada9a9e60, 0x000001bada9aa518]
Event: 4.329 Thread 0x000001baeb9a7000 3659       4       java.util.zip.ZipEntry::isDirectory (10 bytes)
Event: 4.332 Thread 0x000001baeb9a7000 nmethod 3659 0x000001bada9aa710 code [0x000001bada9aa8a0, 0x000001bada9aa978]
Event: 4.333 Thread 0x000001bae964a800 nmethod 3654 0x000001bada9aab10 code [0x000001bada9aadc0, 0x000001bada9abfb0]
Event: 4.334 Thread 0x000001baed1ef800 3660       4       com.google.common.collect.AbstractIterator::next (34 bytes)
Event: 4.334 Thread 0x000001baeb9a7000 3661       4       org.gradle.api.internal.changedetection.state.ZipHasher$ZipEntryRelativePath::<init> (6 bytes)
Event: 4.334 Thread 0x000001bae964a800 3662       4       org.gradle.api.internal.file.archive.impl.JdkZipEntry::isDirectory (8 bytes)
Event: 4.335 Thread 0x000001baed1ef800 nmethod 3660 0x000001bada9ad210 code [0x000001bada9ad3c0, 0x000001bada9ad568]
Event: 4.335 Thread 0x000001baed1ef800 3663       4       org.gradle.api.internal.changedetection.state.ZipHasher::isZipFile (19 bytes)
Event: 4.335 Thread 0x000001baeb9a7000 nmethod 3661 0x000001bada9ad610 code [0x000001bada9ad7a0, 0x000001bada9ad8d8]
Event: 4.336 Thread 0x000001bae964a800 nmethod 3662 0x000001bada9ad990 code [0x000001bada9adb40, 0x000001bada9adc58]
Event: 4.339 Thread 0x000001baeb9a7000 3664       4       org.gradle.api.internal.changedetection.state.ZipEntryContext::<init> (20 bytes)
Event: 4.339 Thread 0x000001bae964a800 3665       4       org.gradle.api.internal.changedetection.state.ZipHasher::fingerprintZipEntry (38 bytes)
Event: 4.342 Thread 0x000001baeb9a7000 nmethod 3664 0x000001bada9ade10 code [0x000001bada9adfa0, 0x000001bada9ae258]
Event: 4.342 Thread 0x000001baeb9a7000 3666       4       org.gradle.api.internal.changedetection.state.MetaInfAwareClasspathResourceHasher::hash (60 bytes)
Event: 4.347 Thread 0x000001baeb9a7000 nmethod 3666 0x000001bada9ae310 code [0x000001bada9ae4e0, 0x000001bada9ae868]
Event: 4.352 Thread 0x000001bae964a800 nmethod 3665 0x000001bada9aeb90 code [0x000001bada9aeda0, 0x000001bada9af988]
Event: 4.361 Thread 0x000001baeb9a7000 3667       4       org.gradle.api.internal.file.archive.impl.JdkZipEntry::getName (8 bytes)
Event: 4.362 Thread 0x000001baeb9a7000 nmethod 3667 0x000001bada9b0090 code [0x000001bada9b0220, 0x000001bada9b02b8]
Event: 4.365 Thread 0x000001baed1ef800 nmethod 3663 0x000001bada9b0390 code [0x000001bada9b05a0, 0x000001bada9b1998]

GC Heap History (17 events):
Event: 0.822 GC heap before
{Heap before GC invocations=0 (full 0):
 garbage-first heap   total 131072K, used 29696K [0x0000000080000000, 0x0000000100000000)
  region size 1024K, 24 young (24576K), 0 survivors (0K)
 Metaspace       used 10455K, capacity 10645K, committed 11008K, reserved 1058816K
  class space    used 1094K, capacity 1163K, committed 1280K, reserved 1048576K
}
Event: 0.826 GC heap after
{Heap after GC invocations=1 (full 0):
 garbage-first heap   total 131072K, used 9075K [0x0000000080000000, 0x0000000100000000)
  region size 1024K, 3 young (3072K), 3 survivors (3072K)
 Metaspace       used 10455K, capacity 10645K, committed 11008K, reserved 1058816K
  class space    used 1094K, capacity 1163K, committed 1280K, reserved 1048576K
}
Event: 2.212 GC heap before
{Heap before GC invocations=1 (full 0):
 garbage-first heap   total 131072K, used 82803K [0x0000000080000000, 0x0000000100000000)
  region size 1024K, 76 young (77824K), 3 survivors (3072K)
 Metaspace       used 18915K, capacity 19280K, committed 19328K, reserved 1067008K
  class space    used 2277K, capacity 2405K, committed 2432K, reserved 1048576K
}
Event: 2.219 GC heap after
{Heap after GC invocations=2 (full 0):
 garbage-first heap   total 131072K, used 15798K [0x0000000080000000, 0x0000000100000000)
  region size 1024K, 10 young (10240K), 10 survivors (10240K)
 Metaspace       used 18915K, capacity 19280K, committed 19328K, reserved 1067008K
  class space    used 2277K, capacity 2405K, committed 2432K, reserved 1048576K
}
Event: 2.326 GC heap before
{Heap before GC invocations=2 (full 0):
 garbage-first heap   total 131072K, used 28086K [0x0000000080000000, 0x0000000100000000)
  region size 1024K, 23 young (23552K), 10 survivors (10240K)
 Metaspace       used 20580K, capacity 21139K, committed 21296K, reserved 1069056K
  class space    used 2514K, capacity 2688K, committed 2688K, reserved 1048576K
}
Event: 2.331 GC heap after
{Heap after GC invocations=3 (full 0):
 garbage-first heap   total 131072K, used 16057K [0x0000000080000000, 0x0000000100000000)
  region size 1024K, 1 young (1024K), 1 survivors (1024K)
 Metaspace       used 20580K, capacity 21139K, committed 21296K, reserved 1069056K
  class space    used 2514K, capacity 2688K, committed 2688K, reserved 1048576K
}
Event: 2.783 GC heap before
{Heap before GC invocations=4 (full 0):
 garbage-first heap   total 131072K, used 77497K [0x0000000080000000, 0x0000000100000000)
  region size 1024K, 53 young (54272K), 1 survivors (1024K)
 Metaspace       used 26190K, capacity 26881K, committed 27184K, reserved 1073152K
  class space    used 3414K, capacity 3653K, committed 3712K, reserved 1048576K
}
Event: 2.786 GC heap after
{Heap after GC invocations=5 (full 0):
 garbage-first heap   total 131072K, used 28886K [0x0000000080000000, 0x0000000100000000)
  region size 1024K, 5 young (5120K), 5 survivors (5120K)
 Metaspace       used 26190K, capacity 26881K, committed 27184K, reserved 1073152K
  class space    used 3414K, capacity 3653K, committed 3712K, reserved 1048576K
}
Event: 3.298 GC heap before
{Heap before GC invocations=5 (full 0):
 garbage-first heap   total 131072K, used 79062K [0x0000000080000000, 0x0000000100000000)
  region size 1024K, 55 young (56320K), 5 survivors (5120K)
 Metaspace       used 34811K, capacity 35574K, committed 35708K, reserved 1081344K
  class space    used 4524K, capacity 4798K, committed 4864K, reserved 1048576K
}
Event: 3.306 GC heap after
{Heap after GC invocations=6 (full 0):
 garbage-first heap   total 131072K, used 32676K [0x0000000080000000, 0x0000000100000000)
  region size 1024K, 8 young (8192K), 8 survivors (8192K)
 Metaspace       used 34811K, capacity 35574K, committed 35708K, reserved 1081344K
  class space    used 4524K, capacity 4798K, committed 4864K, reserved 1048576K
}
Event: 3.901 GC heap before
{Heap before GC invocations=7 (full 0):
 garbage-first heap   total 131072K, used 94116K [0x0000000080000000, 0x0000000100000000)
  region size 1024K, 62 young (63488K), 8 survivors (8192K)
 Metaspace       used 41806K, capacity 42747K, committed 43004K, reserved 1087488K
  class space    used 5318K, capacity 5699K, committed 5760K, reserved 1048576K
}
Event: 3.907 GC heap after
{Heap after GC invocations=8 (full 0):
 garbage-first heap   total 131072K, used 40771K [0x0000000080000000, 0x0000000100000000)
  region size 1024K, 8 young (8192K), 8 survivors (8192K)
 Metaspace       used 41806K, capacity 42747K, committed 43004K, reserved 1087488K
  class space    used 5318K, capacity 5699K, committed 5760K, reserved 1048576K
}
Event: 4.195 GC heap before
{Heap before GC invocations=8 (full 0):
 garbage-first heap   total 131072K, used 97091K [0x0000000080000000, 0x0000000100000000)
  region size 1024K, 60 young (61440K), 8 survivors (8192K)
 Metaspace       used 43142K, capacity 44049K, committed 44156K, reserved 1087488K
  class space    used 5449K, capacity 5810K, committed 5888K, reserved 1048576K
}
Event: 4.204 GC heap after
{Heap after GC invocations=9 (full 0):
 garbage-first heap   total 131072K, used 58806K [0x0000000080000000, 0x0000000100000000)
  region size 1024K, 8 young (8192K), 8 survivors (8192K)
 Metaspace       used 43142K, capacity 44049K, committed 44156K, reserved 1087488K
  class space    used 5449K, capacity 5810K, committed 5888K, reserved 1048576K
}
Event: 4.309 GC heap before
{Heap before GC invocations=9 (full 0):
 garbage-first heap   total 131072K, used 95670K [0x0000000080000000, 0x0000000100000000)
  region size 1024K, 44 young (45056K), 8 survivors (8192K)
 Metaspace       used 43144K, capacity 44049K, committed 44156K, reserved 1087488K
  class space    used 5449K, capacity 5810K, committed 5888K, reserved 1048576K
}
Event: 4.315 GC heap after
{Heap after GC invocations=10 (full 0):
 garbage-first heap   total 131072K, used 69560K [0x0000000080000000, 0x0000000100000000)
  region size 1024K, 6 young (6144K), 6 survivors (6144K)
 Metaspace       used 43144K, capacity 44049K, committed 44156K, reserved 1087488K
  class space    used 5449K, capacity 5810K, committed 5888K, reserved 1048576K
}
Event: 4.390 GC heap before
{Heap before GC invocations=10 (full 0):
 garbage-first heap   total 131072K, used 99256K [0x0000000080000000, 0x0000000100000000)
  region size 1024K, 35 young (35840K), 6 survivors (6144K)
 Metaspace       used 43146K, capacity 44049K, committed 44156K, reserved 1087488K
  class space    used 5450K, capacity 5810K, committed 5888K, reserved 1048576K
}

Deoptimization events (20 events):
Event: 3.896 Thread 0x000001baeb9e2800 Uncommon trap: trap_request=0xffffffc6 fr.pc=0x000001bada8d9548 relative=0x0000000000005008
Event: 3.896 Thread 0x000001baeb9e2800 Uncommon trap: reason=bimorphic_or_optimized_type_check action=maybe_recompile pc=0x000001bada8d9548 method=java.net.URL.<init>(Ljava/net/URL;Ljava/lang/String;Ljava/net/URLStreamHandler;)V @ 504 c2
Event: 3.896 Thread 0x000001baeb9e2800 DEOPT PACKING pc=0x000001bada8d9548 sp=0x0000000de70f8740
Event: 3.896 Thread 0x000001baeb9e2800 DEOPT UNPACKING pc=0x000001bad2ce74af sp=0x0000000de70f86e0 mode 2
Event: 3.916 Thread 0x000001baeb9e2800 Uncommon trap: trap_request=0xffffffc6 fr.pc=0x000001bada8d9548 relative=0x0000000000005008
Event: 3.916 Thread 0x000001baeb9e2800 Uncommon trap: reason=bimorphic_or_optimized_type_check action=maybe_recompile pc=0x000001bada8d9548 method=java.net.URL.<init>(Ljava/net/URL;Ljava/lang/String;Ljava/net/URLStreamHandler;)V @ 504 c2
Event: 3.916 Thread 0x000001baeb9e2800 DEOPT PACKING pc=0x000001bada8d9548 sp=0x0000000de70f8740
Event: 3.916 Thread 0x000001baeb9e2800 DEOPT UNPACKING pc=0x000001bad2ce74af sp=0x0000000de70f86e0 mode 2
Event: 3.916 Thread 0x000001baeb9e2800 DEOPT PACKING pc=0x000001bad328bd9b sp=0x0000000de70f85b0
Event: 3.916 Thread 0x000001baeb9e2800 DEOPT UNPACKING pc=0x000001bad2ce72ce sp=0x0000000de70f7af0 mode 0
Event: 4.002 Thread 0x000001baedc1a000 DEOPT PACKING pc=0x000001bad358a8e8 sp=0x0000000de93feac0
Event: 4.002 Thread 0x000001baedc1a000 DEOPT UNPACKING pc=0x000001bad2ce72ce sp=0x0000000de93fdfc8 mode 0
Event: 4.034 Thread 0x000001baeb9e2800 DEOPT PACKING pc=0x000001bad385f9aa sp=0x0000000de70f9e70
Event: 4.034 Thread 0x000001baeb9e2800 DEOPT UNPACKING pc=0x000001bad2ce72ce sp=0x0000000de70f9460 mode 0
Event: 4.038 Thread 0x000001baeb9e2800 Uncommon trap: trap_request=0xffffff4d fr.pc=0x000001bada803900 relative=0x0000000000001880
Event: 4.038 Thread 0x000001baeb9e2800 Uncommon trap: reason=unstable_if action=reinterpret pc=0x000001bada803900 method=java.util.zip.ZipFile$Source.initCEN(ILjava/util/zip/ZipCoder;)V @ 582 c2
Event: 4.038 Thread 0x000001baeb9e2800 DEOPT PACKING pc=0x000001bada803900 sp=0x0000000de70f9f80
Event: 4.038 Thread 0x000001baeb9e2800 DEOPT UNPACKING pc=0x000001bad2ce74af sp=0x0000000de70f9f68 mode 2
Event: 4.089 Thread 0x000001baeb9e2800 DEOPT PACKING pc=0x000001bad358068f sp=0x0000000de70fa070
Event: 4.089 Thread 0x000001baeb9e2800 DEOPT UNPACKING pc=0x000001bad2ce72ce sp=0x0000000de70f9490 mode 0

Classes redefined (0 events):
No events

Internal exceptions (20 events):
Event: 3.655 Thread 0x000001baeb9e2800 Exception <a 'java/lang/NoSuchMethodError'{0x0000000085d1d9c0}: 'java.lang.Object java.lang.invoke.Invokers$Holder.linkToTargetMethod(java.lang.Object, java.lang.Object, int, java.lang.Object)'> (0x0000000085d1d9c0) thrown at [./src/hotspot/share/interpreter/linkResolver.cpp, line 773]
Event: 3.658 Thread 0x000001baeb9e2800 Exception <a 'java/lang/NoSuchMethodError'{0x0000000085d5f5b8}: 'int java.lang.invoke.DirectMethodHandle$Holder.invokeInterface(java.lang.Object, java.lang.Object)'> (0x0000000085d5f5b8) thrown at [./src/hotspot/share/interpreter/linkResolver.cpp, line 773]
Event: 3.658 Thread 0x000001baeb9e2800 Exception <a 'java/lang/IncompatibleClassChangeError'{0x0000000085d62df0}: Found class java.lang.Object, but interface was expected> (0x0000000085d62df0) thrown at [./src/hotspot/share/interpreter/linkResolver.cpp, line 839]
Event: 3.673 Thread 0x000001baeb9e2800 Exception <a 'java/lang/NoSuchMethodError'{0x0000000085cc39d8}: 'java.lang.Object java.lang.invoke.Invokers$Holder.linkToTargetMethod(java.lang.Object, int, java.lang.Object)'> (0x0000000085cc39d8) thrown at [./src/hotspot/share/interpreter/linkResolver.cpp, line 773]
Event: 3.698 Thread 0x000001baeb9e2800 Exception <a 'java/lang/NoSuchMethodError'{0x00000000859d3130}: 'int java.lang.invoke.DirectMethodHandle$Holder.invokeStaticInit(java.lang.Object)'> (0x00000000859d3130) thrown at [./src/hotspot/share/interpreter/linkResolver.cpp, line 773]
Event: 3.728 Thread 0x000001baedc1a000 Exception <a 'sun/nio/fs/WindowsException'{0x0000000085612358}> (0x0000000085612358) thrown at [./src/hotspot/share/prims/jni.cpp, line 615]
Event: 3.729 Thread 0x000001baedc1a000 Exception <a 'sun/nio/fs/WindowsException'{0x0000000085612548}> (0x0000000085612548) thrown at [./src/hotspot/share/prims/jni.cpp, line 615]
Event: 3.735 Thread 0x000001baeb9e2800 Exception <a 'java/lang/ClassNotFoundException'{0x000000008564d1a0}: sync_studio_tooling5_1j2qfmdcgorv2uqp7aj9b06n0BeanInfo> (0x000000008564d1a0) thrown at [./src/hotspot/share/classfile/systemDictionary.cpp, line 231]
Event: 3.735 Thread 0x000001baeb9e2800 Exception <a 'java/lang/ClassNotFoundException'{0x0000000085656c38}: sync_studio_tooling5_1j2qfmdcgorv2uqp7aj9b06n0Customizer> (0x0000000085656c38) thrown at [./src/hotspot/share/classfile/systemDictionary.cpp, line 231]
Event: 3.764 Thread 0x000001baeb9e2800 Exception <a 'java/lang/ClassNotFoundException'{0x00000000855f9798}: org/gradle/invocation/DefaultGradle_DecoratedBeanInfo> (0x00000000855f9798) thrown at [./src/hotspot/share/classfile/systemDictionary.cpp, line 231]
Event: 3.764 Thread 0x000001baeb9e2800 Exception <a 'java/lang/ClassNotFoundException'{0x000000008542ab80}: org/gradle/invocation/DefaultGradleBeanInfo> (0x000000008542ab80) thrown at [./src/hotspot/share/classfile/systemDictionary.cpp, line 231]
Event: 3.764 Thread 0x000001baeb9e2800 Exception <a 'java/lang/ClassNotFoundException'{0x000000008544b970}: org/gradle/api/internal/project/AbstractPluginAwareBeanInfo> (0x000000008544b970) thrown at [./src/hotspot/share/classfile/systemDictionary.cpp, line 231]
Event: 3.765 Thread 0x000001baeb9e2800 Exception <a 'java/lang/ClassNotFoundException'{0x000000008546c788}: org/gradle/api/internal/project/AbstractPluginAwareCustomizer> (0x000000008546c788) thrown at [./src/hotspot/share/classfile/systemDictionary.cpp, line 231]
Event: 3.766 Thread 0x000001baeb9e2800 Exception <a 'java/lang/ClassNotFoundException'{0x00000000854902f8}: org/gradle/invocation/DefaultGradleCustomizer> (0x00000000854902f8) thrown at [./src/hotspot/share/classfile/systemDictionary.cpp, line 231]
Event: 3.768 Thread 0x000001baeb9e2800 Exception <a 'java/lang/ClassNotFoundException'{0x00000000854de4c0}: org/gradle/invocation/DefaultGradle_DecoratedCustomizer> (0x00000000854de4c0) thrown at [./src/hotspot/share/classfile/systemDictionary.cpp, line 231]
Event: 4.007 Thread 0x000001baedc1a000 Exception <a 'sun/nio/fs/WindowsException'{0x000000008771c708}> (0x000000008771c708) thrown at [./src/hotspot/share/prims/jni.cpp, line 615]
Event: 4.008 Thread 0x000001baedc1a000 Exception <a 'sun/nio/fs/WindowsException'{0x000000008771c898}> (0x000000008771c898) thrown at [./src/hotspot/share/prims/jni.cpp, line 615]
Event: 4.012 Thread 0x000001baeb9e2800 Exception <a 'java/lang/ClassNotFoundException'{0x0000000087757158}: ijinit10_4bcmqrb6u9mg37ko5fygv0nxdBeanInfo> (0x0000000087757158) thrown at [./src/hotspot/share/classfile/systemDictionary.cpp, line 231]
Event: 4.012 Thread 0x000001baeb9e2800 Exception <a 'java/lang/ClassNotFoundException'{0x00000000877605c8}: ijinit10_4bcmqrb6u9mg37ko5fygv0nxdCustomizer> (0x00000000877605c8) thrown at [./src/hotspot/share/classfile/systemDictionary.cpp, line 231]
Event: 4.038 Thread 0x000001baeb9e2800 Implicit null exception at 0x000001bada802a44 to 0x000001bada8038e8

Events (20 events):
Event: 4.039 loading class org/gradle/api/internal/file/archive/impl/FileZipInput$1 done
Event: 4.039 loading class org/gradle/api/internal/file/archive/ZipEntry
Event: 4.039 loading class org/gradle/api/internal/file/archive/ZipEntry done
Event: 4.039 Executing VM operation: RevokeBias
Event: 4.039 Executing VM operation: RevokeBias done
Event: 4.039 loading class org/gradle/api/internal/file/archive/impl/JdkZipEntry
Event: 4.039 loading class org/gradle/api/internal/file/archive/impl/JdkZipEntry done
Event: 4.040 loading class org/gradle/api/internal/file/archive/impl/FileZipInput$1$1
Event: 4.040 loading class org/gradle/api/internal/file/archive/impl/FileZipInput$1$1 done
Event: 4.040 loading class org/gradle/api/internal/changedetection/state/ZipHasher$ZipEntryRelativePath
Event: 4.040 loading class org/gradle/api/internal/changedetection/state/ZipHasher$ZipEntryRelativePath done
Event: 4.040 loading class org/gradle/api/internal/changedetection/state/ZipEntryContext
Event: 4.040 loading class org/gradle/api/internal/changedetection/state/ZipEntryContext done
Event: 4.195 Executing VM operation: G1CollectForAllocation
Event: 4.204 Executing VM operation: G1CollectForAllocation done
Event: 4.308 Executing VM operation: G1CollectForAllocation
Event: 4.315 Executing VM operation: G1CollectForAllocation done
Event: 4.334 loading class org/gradle/api/internal/changedetection/state/ZipHasher$1
Event: 4.334 loading class org/gradle/api/internal/changedetection/state/ZipHasher$1 done
Event: 4.390 Executing VM operation: G1CollectForAllocation


Dynamic libraries:
0x00007ff7b22e0000 - 0x00007ff7b22ea000 	C:\Program Files\Android\Android Studio2\jre\bin\java.exe
0x00007ffa0fb90000 - 0x00007ffa0fd85000 	C:\WINDOWS\SYSTEM32\ntdll.dll
0x00007ffa0ef40000 - 0x00007ffa0effd000 	C:\WINDOWS\System32\KERNEL32.DLL
0x00007ffa0d6f0000 - 0x00007ffa0d9b9000 	C:\WINDOWS\System32\KERNELBASE.dll
0x00007ffa0d550000 - 0x00007ffa0d650000 	C:\WINDOWS\System32\ucrtbase.dll
0x00007ff9ffa70000 - 0x00007ff9ffa89000 	C:\Program Files\Android\Android Studio2\jre\bin\jli.dll
0x00007ff9fbe10000 - 0x00007ff9fbe27000 	C:\Program Files\Android\Android Studio2\jre\bin\VCRUNTIME140.dll
0x00007ffa0dcf0000 - 0x00007ffa0de90000 	C:\WINDOWS\System32\USER32.dll
0x00007ffa0d2d0000 - 0x00007ffa0d2f2000 	C:\WINDOWS\System32\win32u.dll
0x00007ff9f9df0000 - 0x00007ff9fa08a000 	C:\WINDOWS\WinSxS\amd64_microsoft.windows.common-controls_6595b64144ccf1df_6.0.19041.1110_none_60b5254171f9507e\COMCTL32.dll
0x00007ffa0f010000 - 0x00007ffa0f0ae000 	C:\WINDOWS\System32\msvcrt.dll
0x00007ffa0ea80000 - 0x00007ffa0eaaa000 	C:\WINDOWS\System32\GDI32.dll
0x00007ffa0d360000 - 0x00007ffa0d46b000 	C:\WINDOWS\System32\gdi32full.dll
0x00007ffa0d650000 - 0x00007ffa0d6ed000 	C:\WINDOWS\System32\msvcp_win.dll
0x00007ffa0ee60000 - 0x00007ffa0ee90000 	C:\WINDOWS\System32\IMM32.DLL
0x00007ff9e3ac0000 - 0x00007ff9e3b5d000 	C:\Program Files\Android\Android Studio2\jre\bin\msvcp140.dll
0x00007ff9cb420000 - 0x00007ff9cbedc000 	C:\Program Files\Android\Android Studio2\jre\bin\server\jvm.dll
0x00007ffa0ee90000 - 0x00007ffa0ef3c000 	C:\WINDOWS\System32\ADVAPI32.dll
0x00007ffa0e7b0000 - 0x00007ffa0e84b000 	C:\WINDOWS\System32\sechost.dll
0x00007ffa0e210000 - 0x00007ffa0e33a000 	C:\WINDOWS\System32\RPCRT4.dll
0x00007ffa0ed10000 - 0x00007ffa0ed18000 	C:\WINDOWS\System32\PSAPI.DLL
0x00007ffa02310000 - 0x00007ffa02337000 	C:\WINDOWS\SYSTEM32\WINMM.dll
0x00007ff9f9760000 - 0x00007ff9f9769000 	C:\WINDOWS\SYSTEM32\WSOCK32.dll
0x00007ffa04a60000 - 0x00007ffa04a6a000 	C:\WINDOWS\SYSTEM32\VERSION.dll
0x00007ffa0e9a0000 - 0x00007ffa0ea0b000 	C:\WINDOWS\System32\WS2_32.dll
0x00007ffa0bb90000 - 0x00007ffa0bba2000 	C:\WINDOWS\SYSTEM32\kernel.appcore.dll
0x00007ffa07510000 - 0x00007ffa07521000 	C:\Program Files\Android\Android Studio2\jre\bin\verify.dll
0x00007ffa0afb0000 - 0x00007ffa0b194000 	C:\WINDOWS\SYSTEM32\DBGHELP.DLL
0x00007ff9fbe70000 - 0x00007ff9fbe9c000 	C:\WINDOWS\SYSTEM32\dbgcore.DLL
0x00007ffa0d4c0000 - 0x00007ffa0d543000 	C:\WINDOWS\System32\bcryptPrimitives.dll
0x00007ff9ffca0000 - 0x00007ff9ffcc9000 	C:\Program Files\Android\Android Studio2\jre\bin\java.dll
0x00007ffa07ae0000 - 0x00007ffa07aeb000 	C:\Program Files\Android\Android Studio2\jre\bin\jimage.dll
0x00007ff9ffb90000 - 0x00007ff9ffba8000 	C:\Program Files\Android\Android Studio2\jre\bin\zip.dll
0x00007ffa0f0b0000 - 0x00007ffa0f7ef000 	C:\WINDOWS\System32\SHELL32.dll
0x00007ffa0b3e0000 - 0x00007ffa0bb71000 	C:\WINDOWS\SYSTEM32\windows.storage.dll
0x00007ffa0f7f0000 - 0x00007ffa0fb45000 	C:\WINDOWS\System32\combase.dll
0x00007ffa0cd40000 - 0x00007ffa0cd6c000 	C:\WINDOWS\SYSTEM32\Wldp.dll
0x00007ffa0de90000 - 0x00007ffa0df3e000 	C:\WINDOWS\System32\SHCORE.dll
0x00007ffa0ea10000 - 0x00007ffa0ea65000 	C:\WINDOWS\System32\shlwapi.dll
0x00007ffa0d210000 - 0x00007ffa0d22f000 	C:\WINDOWS\SYSTEM32\profapi.dll
0x00007ff9ffb70000 - 0x00007ff9ffb8a000 	C:\Program Files\Android\Android Studio2\jre\bin\net.dll
0x00007ffa014f0000 - 0x00007ffa015fa000 	C:\WINDOWS\SYSTEM32\WINHTTP.dll
0x00007ffa0ca30000 - 0x00007ffa0ca9a000 	C:\WINDOWS\system32\mswsock.dll
0x00007ff9ffa50000 - 0x00007ff9ffa64000 	C:\Program Files\Android\Android Studio2\jre\bin\nio.dll
0x00007ff9ffce0000 - 0x00007ff9ffd07000 	C:\Users\Dark Knight\.gradle\native\fdc75f09e3144964f2cf3f50f0aa648679c211496f362492102eb8c894070792\windows-amd64\native-platform.dll
0x00007ff9d6e40000 - 0x00007ff9d6fd6000 	C:\Users\Dark Knight\.gradle\native\12488b8bf47d2d4c9fbf2f6322a914ad602e24e48041cd04a747c6da556b65c4\windows-amd64\native-platform-file-events.dll
0x00007ffa07800000 - 0x00007ffa0780a000 	C:\Program Files\Android\Android Studio2\jre\bin\management.dll
0x00007ffa05ea0000 - 0x00007ffa05eac000 	C:\Program Files\Android\Android Studio2\jre\bin\management_ext.dll
0x00007ffa0cc40000 - 0x00007ffa0cc58000 	C:\WINDOWS\SYSTEM32\CRYPTSP.dll
0x00007ffa0c370000 - 0x00007ffa0c3a4000 	C:\WINDOWS\system32\rsaenh.dll
0x00007ffa0da70000 - 0x00007ffa0da97000 	C:\WINDOWS\System32\bcrypt.dll
0x00007ffa0d1d0000 - 0x00007ffa0d1fe000 	C:\WINDOWS\SYSTEM32\USERENV.dll
0x00007ffa0cc30000 - 0x00007ffa0cc3c000 	C:\WINDOWS\SYSTEM32\CRYPTBASE.dll
0x00007ffa0c720000 - 0x00007ffa0c75b000 	C:\WINDOWS\SYSTEM32\IPHLPAPI.DLL
0x00007ffa0f000000 - 0x00007ffa0f008000 	C:\WINDOWS\System32\NSI.dll
0x00007ffa034e0000 - 0x00007ffa034f7000 	C:\WINDOWS\SYSTEM32\dhcpcsvc6.DLL
0x00007ffa03da0000 - 0x00007ffa03dbd000 	C:\WINDOWS\SYSTEM32\dhcpcsvc.DLL
0x00007ffa0c760000 - 0x00007ffa0c82c000 	C:\WINDOWS\SYSTEM32\DNSAPI.dll
0x00007ffa04a70000 - 0x00007ffa04a7b000 	C:\WINDOWS\SYSTEM32\WINNSI.DLL

dbghelp: loaded successfully - version: 4.0.5 - missing functions: none
symbol engine: initialized successfully - sym options: 0x614 - pdb path: .;C:\Program Files\Android\Android Studio2\jre\bin;C:\WINDOWS\SYSTEM32;C:\WINDOWS\WinSxS\amd64_microsoft.windows.common-controls_6595b64144ccf1df_6.0.19041.1110_none_60b5254171f9507e;C:\Program Files\Android\Android Studio2\jre\bin\server;C:\Users\Dark Knight\.gradle\native\fdc75f09e3144964f2cf3f50f0aa648679c211496f362492102eb8c894070792\windows-amd64;C:\Users\Dark Knight\.gradle\native\12488b8bf47d2d4c9fbf2f6322a914ad602e24e48041cd04a747c6da556b65c4\windows-amd64

VM Arguments:
jvm_args: --add-opens=java.base/java.util=ALL-UNNAMED --add-opens=java.base/java.lang=ALL-UNNAMED --add-opens=java.base/java.lang.invoke=ALL-UNNAMED --add-opens=java.prefs/java.util.prefs=ALL-UNNAMED -Xmx2048m -Dfile.encoding=UTF-8 -Duser.country=IN -Duser.language=en -Duser.variant 
java_command: org.gradle.launcher.daemon.bootstrap.GradleDaemon 6.7.1
java_class_path (initial): C:\Users\Dark Knight\.gradle\wrapper\dists\gradle-6.7.1-bin\bwlcbys1h7rz3272sye1xwiv6\gradle-6.7.1\lib\gradle-launcher-6.7.1.jar
Launcher Type: SUN_STANDARD

[Global flags]
     intx CICompilerCount                          = 4                                         {product} {ergonomic}
     uint ConcGCThreads                            = 2                                         {product} {ergonomic}
     uint G1ConcRefinementThreads                  = 8                                         {product} {ergonomic}
   size_t G1HeapRegionSize                         = 1048576                                   {product} {ergonomic}
    uintx GCDrainStackTargetSize                   = 64                                        {product} {ergonomic}
   size_t InitialHeapSize                          = 134217728                                 {product} {ergonomic}
   size_t MarkStackSize                            = 4194304                                   {product} {ergonomic}
   size_t MaxHeapSize                              = 2147483648                                {product} {command line}
   size_t MaxNewSize                               = 1287651328                                {product} {ergonomic}
   size_t MinHeapDeltaBytes                        = 1048576                                   {product} {ergonomic}
    uintx NonNMethodCodeHeapSize                   = 5836300                                {pd product} {ergonomic}
    uintx NonProfiledCodeHeapSize                  = 122910970                              {pd product} {ergonomic}
    uintx ProfiledCodeHeapSize                     = 122910970                              {pd product} {ergonomic}
    uintx ReservedCodeCacheSize                    = 251658240                              {pd product} {ergonomic}
     bool SegmentedCodeCache                       = true                                      {product} {ergonomic}
     bool UseCompressedClassPointers               = true                                 {lp64_product} {ergonomic}
     bool UseCompressedOops                        = true                                 {lp64_product} {ergonomic}
     bool UseG1GC                                  = true                                      {product} {ergonomic}
     bool UseLargePagesIndividualAllocation        = false                                  {pd product} {ergonomic}

Logging:
Log output configuration:
 #0: stdout all=warning uptime,level,tags
 #1: stderr all=off uptime,level,tags

Environment Variables:
PATH=C:\Windows\system32;C:\Windows;C:\Windows\System32\Wbem;C:\Windows\System32\WindowsPowerShell\v1.0\;C:\Windows\System32\OpenSSH\;C:\Program Files (x86)\NVIDIA Corporation\PhysX\Common;C:\Program Files\NVIDIA Corporation\NVIDIA NvDLISR;C:\WINDOWS\system32;C:\WINDOWS;C:\WINDOWS\System32\Wbem;C:\WINDOWS\System32\WindowsPowerShell\v1.0\;C:\WINDOWS\System32\OpenSSH\;C:\MinGW\bin;C:\Program Files\MEGA-X;C:\WINDOWS\system32;C:\WINDOWS;C:\WINDOWS\System32\Wbem;C:\WINDOWS\System32\WindowsPowerShell\v1.0\;C:\WINDOWS\System32\OpenSSH\;C:\Program Files\Git\cmd;C:\Users\Dark Knight\AppData\Local\Microsoft\WindowsApps;C:\Users\Dark Knight\AppData\Local\atom\bin;C:\MinGW\bin;C:\Program Files (x86)\Microsoft Visual Studio\2019\BuildTools\MSBuild\Current\Bin;C:\Users\Dark Knight\AppData\Local\Microsoft\WindowsApps
USERNAME=Dark Knight
OS=Windows_NT
PROCESSOR_IDENTIFIER=Intel64 Family 6 Model 158 Stepping 10, GenuineIntel



---------------  S Y S T E M  ---------------

OS: Windows 10 , 64 bit Build 19041 (10.0.19041.1023)
OS uptime: 10 days 0:47 hours

CPU:total 8 (initial active 8) (4 cores per cpu, 2 threads per core) family 6 model 158 stepping 10, cmov, cx8, fxsr, mmx, sse, sse2, sse3, ssse3, sse4.1, sse4.2, popcnt, avx, avx2, aes, clmul, erms, 3dnowpref, lzcnt, ht, tsc, tscinvbit, bmi1, bmi2, adx, fma

Memory: 4k page, system-wide physical 8112M (1109M free)
TotalPageFile size 12208M (AvailPageFile size 28M)
current process WorkingSet (physical memory assigned to process): 384M, peak: 384M
current process commit charge ("private bytes"): 521M, peak: 547M

vm_info: OpenJDK 64-Bit Server VM (11.0.8+10-b944.6842174) for windows-amd64 JRE (11.0.8+10-b944.6842174), built on Sep 19 2020 01:11:42 by "builder" with MS VC++ 14.0 (VS2015)

END.
