#
# There is insufficient memory for the Java Runtime Environment to continue.
# Native memory allocation (malloc) failed to allocate 1540976 bytes for Chunk::new
# Possible reasons:
#   The system is out of physical RAM or swap space
#   The process is running with CompressedOops enabled, and the Java Heap may be blocking the growth of the native heap
# Possible solutions:
#   Reduce memory load on the system
#   Increase physical memory or swap space
#   Check if swap backing store is full
#   Decrease Java heap size (-Xmx/-Xms)
#   Decrease number of Java threads
#   Decrease Java thread stack sizes (-Xss)
#   Set larger code cache with -XX:ReservedCodeCacheSize=
#   JVM is running with Unscaled Compressed Oops mode in which the Java heap is
#     placed in the first 4GB address space. The Java Heap base address is the
#     maximum limit for the native heap growth. Please use -XX:HeapBaseMinAddress
#     to set the Java Heap base and to place the Java Heap above 4GB virtual address.
# This output file may be truncated or incomplete.
#
#  Out of Memory Error (./src/hotspot/share/memory/arena.cpp:197), pid=24712, tid=33668
#
# JRE version: OpenJDK Runtime Environment (11.0.8+10) (build 11.0.8+10-b944.6842174)
# Java VM: OpenJDK 64-Bit Server VM (11.0.8+10-b944.6842174, mixed mode, tiered, compressed oops, g1 gc, windows-amd64)
# No core dump will be written. Minidumps are not enabled by default on client versions of Windows
#

---------------  S U M M A R Y ------------

Command Line: --add-opens=java.base/java.util=ALL-UNNAMED --add-opens=java.base/java.lang=ALL-UNNAMED --add-opens=java.base/java.lang.invoke=ALL-UNNAMED --add-opens=java.prefs/java.util.prefs=ALL-UNNAMED -Xmx2048m -Dfile.encoding=UTF-8 -Duser.country=IN -Duser.language=en -Duser.variant org.gradle.launcher.daemon.bootstrap.GradleDaemon 6.7.1

Host: Intel(R) Core(TM) i5-9300H CPU @ 2.40GHz, 8 cores, 7G,  Windows 10 , 64 bit Build 19041 (10.0.19041.1023)
Time: Wed Jul 28 17:12:59 2021 India Standard Time elapsed time: 5 seconds (0d 0h 0m 5s)

---------------  T H R E A D  ---------------

Current thread (0x000001eece7a7800):  JavaThread "C2 CompilerThread1" daemon [_thread_in_native, id=33668, stack(0x000000eb67900000,0x000000eb67a00000)]


Current CompileTask:
C2:   5291 2180   !   4       java.net.URLClassLoader$1::run (63 bytes)

Stack: [0x000000eb67900000,0x000000eb67a00000]
Native frames: (J=compiled Java code, j=interpreted, Vv=VM code, C=native code)
V  [jvm.dll+0x5de50a]
V  [jvm.dll+0x7122f5]
V  [jvm.dll+0x71384d]
V  [jvm.dll+0x713f03]
V  [jvm.dll+0x23e728]
V  [jvm.dll+0xb899c]
V  [jvm.dll+0xb8e9c]
V  [jvm.dll+0x35024d]
V  [jvm.dll+0x193ebc]
V  [jvm.dll+0x1f780e]
V  [jvm.dll+0x1f68d4]
V  [jvm.dll+0x17f32c]
V  [jvm.dll+0x205047]
V  [jvm.dll+0x203891]
V  [jvm.dll+0x6dad3f]
V  [jvm.dll+0x6d3895]
V  [jvm.dll+0x5dd4a6]
C  [ucrtbase.dll+0x21bb2]
C  [KERNEL32.DLL+0x17034]
C  [ntdll.dll+0x52651]


---------------  P R O C E S S  ---------------

Threads class SMR info:
_java_thread_list=0x000001eed06a7cf0, length=30, elements={
0x000001eeb0bcb000, 0x000001eecb692000, 0x000001eecb693800, 0x000001eecb69f800,
0x000001eecc012800, 0x000001eecc013800, 0x000001eecc018800, 0x000001eecc01c800,
0x000001eecc165000, 0x000001eecc19a000, 0x000001eecd56b800, 0x000001eecd56b000,
0x000001eecdb60000, 0x000001eecd432000, 0x000001eece190800, 0x000001eecd41e000,
0x000001eecdfcf800, 0x000001eecdffe800, 0x000001eece0cc000, 0x000001eece0ca800,
0x000001eece0cc800, 0x000001eece0cb000, 0x000001eeceb47000, 0x000001eece7a7800,
0x000001eeceb47800, 0x000001eeceb42800, 0x000001eeceb48800, 0x000001eecea22800,
0x000001eeceb46000, 0x000001eeceb45000
}

Java Threads: ( => current thread )
  0x000001eeb0bcb000 JavaThread "main" [_thread_blocked, id=21324, stack(0x000000eb65100000,0x000000eb65200000)]
  0x000001eecb692000 JavaThread "Reference Handler" daemon [_thread_blocked, id=26540, stack(0x000000eb65800000,0x000000eb65900000)]
  0x000001eecb693800 JavaThread "Finalizer" daemon [_thread_blocked, id=5408, stack(0x000000eb65900000,0x000000eb65a00000)]
  0x000001eecb69f800 JavaThread "Signal Dispatcher" daemon [_thread_blocked, id=41932, stack(0x000000eb65a00000,0x000000eb65b00000)]
  0x000001eecc012800 JavaThread "Attach Listener" daemon [_thread_blocked, id=20172, stack(0x000000eb65b00000,0x000000eb65c00000)]
  0x000001eecc013800 JavaThread "C2 CompilerThread0" daemon [_thread_in_native, id=37380, stack(0x000000eb65c00000,0x000000eb65d00000)]
  0x000001eecc018800 JavaThread "C1 CompilerThread0" daemon [_thread_blocked, id=25980, stack(0x000000eb65d00000,0x000000eb65e00000)]
  0x000001eecc01c800 JavaThread "Sweeper thread" daemon [_thread_blocked, id=30396, stack(0x000000eb65e00000,0x000000eb65f00000)]
  0x000001eecc165000 JavaThread "Common-Cleaner" daemon [_thread_blocked, id=35576, stack(0x000000eb65f00000,0x000000eb66000000)]
  0x000001eecc19a000 JavaThread "Service Thread" daemon [_thread_blocked, id=22844, stack(0x000000eb66000000,0x000000eb66100000)]
  0x000001eecd56b800 JavaThread "Daemon health stats" [_thread_blocked, id=27292, stack(0x000000eb66600000,0x000000eb66700000)]
  0x000001eecd56b000 JavaThread "Incoming local TCP Connector on port 49678" [_thread_in_native, id=39888, stack(0x000000eb66700000,0x000000eb66800000)]
  0x000001eecdb60000 JavaThread "Daemon periodic checks" [_thread_blocked, id=13916, stack(0x000000eb66800000,0x000000eb66900000)]
  0x000001eecd432000 JavaThread "Daemon" [_thread_blocked, id=32676, stack(0x000000eb66900000,0x000000eb66a00000)]
  0x000001eece190800 JavaThread "Handler for socket connection from /127.0.0.1:49678 to /127.0.0.1:49679" [_thread_in_native, id=2864, stack(0x000000eb66a00000,0x000000eb66b00000)]
  0x000001eecd41e000 JavaThread "Cancel handler" [_thread_blocked, id=37552, stack(0x000000eb66c00000,0x000000eb66d00000)]
  0x000001eecdfcf800 JavaThread "Daemon worker" [_thread_in_vm, id=39360, stack(0x000000eb66d00000,0x000000eb66e00000)]
  0x000001eecdffe800 JavaThread "Asynchronous log dispatcher for DefaultDaemonConnection: socket connection from /127.0.0.1:49678 to /127.0.0.1:49679" [_thread_blocked, id=26724, stack(0x000000eb66e00000,0x000000eb66f00000)]
  0x000001eece0cc000 JavaThread "Stdin handler" [_thread_blocked, id=35308, stack(0x000000eb66f00000,0x000000eb67000000)]
  0x000001eece0ca800 JavaThread "Thread-8" [_thread_blocked, id=27620, stack(0x000000eb67000000,0x000000eb67100000)]
  0x000001eece0cc800 JavaThread "Cache worker for file hash cache (C:\Users\Dark Knight\.gradle\caches\6.7.1\fileHashes)" [_thread_blocked, id=18336, stack(0x000000eb67600000,0x000000eb67700000)]
  0x000001eece0cb000 JavaThread "File lock request listener" [_thread_in_native, id=40800, stack(0x000000eb67700000,0x000000eb67800000)]
  0x000001eeceb47000 JavaThread "Cache worker for journal cache (C:\Users\Dark Knight\.gradle\caches\journal-1)" [_thread_blocked, id=8836, stack(0x000000eb67800000,0x000000eb67900000)]
=>0x000001eece7a7800 JavaThread "C2 CompilerThread1" daemon [_thread_in_native, id=33668, stack(0x000000eb67900000,0x000000eb67a00000)]
  0x000001eeceb47800 JavaThread "Cache worker for file hash cache (C:\Android Projects\Udemy TUTORIAL\KidsDrawingApp\.gradle\6.7.1\fileHashes)" [_thread_blocked, id=26420, stack(0x000000eb67a00000,0x000000eb67b00000)]
  0x000001eeceb42800 JavaThread "Cache worker for checksums cache (C:\Android Projects\Udemy TUTORIAL\KidsDrawingApp\.gradle\checksums)" [_thread_blocked, id=20360, stack(0x000000eb67b00000,0x000000eb67c00000)]
  0x000001eeceb48800 JavaThread "Cache worker for cache directory md-supplier (C:\Users\Dark Knight\.gradle\caches\6.7.1\md-supplier)" [_thread_blocked, id=7332, stack(0x000000eb67c00000,0x000000eb67d00000)]
  0x000001eecea22800 JavaThread "C2 CompilerThread2" daemon [_thread_blocked, id=14844, stack(0x000000eb67d00000,0x000000eb67e00000)]
  0x000001eeceb46000 JavaThread "Cache worker for cache directory md-rule (C:\Users\Dark Knight\.gradle\caches\6.7.1\md-rule)" [_thread_blocked, id=36288, stack(0x000000eb67e00000,0x000000eb67f00000)]
  0x000001eeceb45000 JavaThread "Cache worker for execution history cache (C:\Users\Dark Knight\.gradle\caches\6.7.1\executionHistory)" [_thread_blocked, id=14324, stack(0x000000eb67f00000,0x000000eb68000000)]

Other Threads:
  0x000001eecb68e000 VMThread "VM Thread" [stack: 0x000000eb65700000,0x000000eb65800000] [id=19532]
  0x000001eecc188000 WatcherThread [stack: 0x000000eb66100000,0x000000eb66200000] [id=28352]
  0x000001eeb0be3000 GCTaskThread "GC Thread#0" [stack: 0x000000eb65200000,0x000000eb65300000] [id=39720]
  0x000001eeccc47800 GCTaskThread "GC Thread#1" [stack: 0x000000eb66400000,0x000000eb66500000] [id=36456]
  0x000001eecce34000 GCTaskThread "GC Thread#2" [stack: 0x000000eb66500000,0x000000eb66600000] [id=33268]
  0x000001eecd4d3800 GCTaskThread "GC Thread#3" [stack: 0x000000eb67100000,0x000000eb67200000] [id=15300]
  0x000001eece4bd800 GCTaskThread "GC Thread#4" [stack: 0x000000eb67200000,0x000000eb67300000] [id=17536]
  0x000001eece4c0000 GCTaskThread "GC Thread#5" [stack: 0x000000eb67300000,0x000000eb67400000] [id=22196]
  0x000001eece8f6800 GCTaskThread "GC Thread#6" [stack: 0x000000eb67400000,0x000000eb67500000] [id=24968]
  0x000001eecd8f9000 GCTaskThread "GC Thread#7" [stack: 0x000000eb67500000,0x000000eb67600000] [id=14532]
  0x000001eeb0c12800 ConcurrentGCThread "G1 Main Marker" [stack: 0x000000eb65300000,0x000000eb65400000] [id=14088]
  0x000001eeb0c16000 ConcurrentGCThread "G1 Conc#0" [stack: 0x000000eb65400000,0x000000eb65500000] [id=39012]
  0x000001eece125000 ConcurrentGCThread "G1 Conc#1" [stack: 0x000000eb66b00000,0x000000eb66c00000] [id=25100]
  0x000001eeb0ca5800 ConcurrentGCThread "G1 Refine#0" [stack: 0x000000eb65500000,0x000000eb65600000] [id=26260]
  0x000001eeb0ca8800 ConcurrentGCThread "G1 Young RemSet Sampling" [stack: 0x000000eb65600000,0x000000eb65700000] [id=24580]

Threads with active compile tasks:
C2 CompilerThread0   5307 2179       4       java.net.URLClassLoader$1::run (5 bytes)
C2 CompilerThread1   5307 2180   !   4       java.net.URLClassLoader$1::run (63 bytes)

VM state:not at safepoint (normal execution)

VM Mutex/Monitor currently owned by a thread: None

Heap address: 0x0000000080000000, size: 2048 MB, Compressed Oops mode: 32-bit
Narrow klass base: 0x0000000000000000, Narrow klass shift: 3
Compressed class space size: 1073741824 Address: 0x0000000100000000

Heap:
 garbage-first heap   total 131072K, used 41434K [0x0000000080000000, 0x0000000100000000)
  region size 1024K, 27 young (27648K), 3 survivors (3072K)
 Metaspace       used 28507K, capacity 29078K, committed 29184K, reserved 1075200K
  class space    used 3794K, capacity 4030K, committed 4096K, reserved 1048576K
Heap Regions: E=young(eden), S=young(survivor), O=old, HS=humongous(starts), HC=humongous(continues), CS=collection set, F=free, A=archive, TAMS=top-at-mark-start (previous, next)
|   0|0x0000000080000000, 0x0000000080100000, 0x0000000080100000|100%| O|  |TAMS 0x0000000080100000, 0x0000000080000000| Untracked 
|   1|0x0000000080100000, 0x0000000080200000, 0x0000000080200000|100%| O|  |TAMS 0x0000000080200000, 0x0000000080100000| Untracked 
|   2|0x0000000080200000, 0x0000000080300000, 0x0000000080300000|100%| O|  |TAMS 0x0000000080300000, 0x0000000080200000| Untracked 
|   3|0x0000000080300000, 0x0000000080400000, 0x0000000080400000|100%|HS|  |TAMS 0x0000000080400000, 0x0000000080300000| Complete 
|   4|0x0000000080400000, 0x0000000080500000, 0x0000000080500000|100%|HC|  |TAMS 0x0000000080500000, 0x0000000080400000| Complete 
|   5|0x0000000080500000, 0x0000000080600000, 0x0000000080600000|100%|HC|  |TAMS 0x0000000080600000, 0x0000000080500000| Complete 
|   6|0x0000000080600000, 0x0000000080700000, 0x0000000080700000|100%| O|  |TAMS 0x0000000080700000, 0x0000000080600000| Untracked 
|   7|0x0000000080700000, 0x0000000080800000, 0x0000000080800000|100%| O|  |TAMS 0x0000000080800000, 0x0000000080700000| Untracked 
|   8|0x0000000080800000, 0x0000000080900000, 0x0000000080900000|100%| O|  |TAMS 0x0000000080900000, 0x0000000080800000| Untracked 
|   9|0x0000000080900000, 0x0000000080a00000, 0x0000000080a00000|100%| O|  |TAMS 0x0000000080a00000, 0x0000000080900000| Untracked 
|  10|0x0000000080a00000, 0x0000000080b00000, 0x0000000080b00000|100%| O|  |TAMS 0x0000000080b00000, 0x0000000080a00000| Untracked 
|  11|0x0000000080b00000, 0x0000000080c00000, 0x0000000080c00000|100%| O|  |TAMS 0x0000000080c00000, 0x0000000080b00000| Untracked 
|  12|0x0000000080c00000, 0x0000000080d00000, 0x0000000080d00000|100%| O|  |TAMS 0x0000000080d00000, 0x0000000080c00000| Untracked 
|  13|0x0000000080d00000, 0x0000000080e00000, 0x0000000080e00000|100%| O|  |TAMS 0x0000000080e00000, 0x0000000080d00000| Untracked 
|  14|0x0000000080e00000, 0x0000000080f00000, 0x0000000080f00000|100%| O|  |TAMS 0x0000000080f00000, 0x0000000080e00000| Untracked 
|  15|0x0000000080f00000, 0x0000000080f1ac00, 0x0000000081000000| 10%| O|  |TAMS 0x0000000080f1ac00, 0x0000000080f00000| Untracked 
|  16|0x0000000081000000, 0x0000000081000000, 0x0000000081100000|  0%| F|  |TAMS 0x0000000081000000, 0x0000000081000000| Untracked 
|  17|0x0000000081100000, 0x0000000081100000, 0x0000000081200000|  0%| F|  |TAMS 0x0000000081100000, 0x0000000081100000| Untracked 
|  18|0x0000000081200000, 0x0000000081200000, 0x0000000081300000|  0%| F|  |TAMS 0x0000000081200000, 0x0000000081200000| Untracked 
|  19|0x0000000081300000, 0x0000000081300000, 0x0000000081400000|  0%| F|  |TAMS 0x0000000081300000, 0x0000000081300000| Untracked 
|  20|0x0000000081400000, 0x0000000081400000, 0x0000000081500000|  0%| F|  |TAMS 0x0000000081400000, 0x0000000081400000| Untracked 
|  21|0x0000000081500000, 0x0000000081500000, 0x0000000081600000|  0%| F|  |TAMS 0x0000000081500000, 0x0000000081500000| Untracked 
|  22|0x0000000081600000, 0x0000000081600000, 0x0000000081700000|  0%| F|  |TAMS 0x0000000081600000, 0x0000000081600000| Untracked 
|  23|0x0000000081700000, 0x0000000081700000, 0x0000000081800000|  0%| F|  |TAMS 0x0000000081700000, 0x0000000081700000| Untracked 
|  24|0x0000000081800000, 0x0000000081800000, 0x0000000081900000|  0%| F|  |TAMS 0x0000000081800000, 0x0000000081800000| Untracked 
|  25|0x0000000081900000, 0x0000000081900000, 0x0000000081a00000|  0%| F|  |TAMS 0x0000000081900000, 0x0000000081900000| Untracked 
|  26|0x0000000081a00000, 0x0000000081a00000, 0x0000000081b00000|  0%| F|  |TAMS 0x0000000081a00000, 0x0000000081a00000| Untracked 
|  27|0x0000000081b00000, 0x0000000081b00000, 0x0000000081c00000|  0%| F|  |TAMS 0x0000000081b00000, 0x0000000081b00000| Untracked 
|  28|0x0000000081c00000, 0x0000000081c00000, 0x0000000081d00000|  0%| F|  |TAMS 0x0000000081c00000, 0x0000000081c00000| Untracked 
|  29|0x0000000081d00000, 0x0000000081d00000, 0x0000000081e00000|  0%| F|  |TAMS 0x0000000081d00000, 0x0000000081d00000| Untracked 
|  30|0x0000000081e00000, 0x0000000081e00000, 0x0000000081f00000|  0%| F|  |TAMS 0x0000000081e00000, 0x0000000081e00000| Untracked 
|  31|0x0000000081f00000, 0x0000000081f00000, 0x0000000082000000|  0%| F|  |TAMS 0x0000000081f00000, 0x0000000081f00000| Untracked 
|  32|0x0000000082000000, 0x0000000082000000, 0x0000000082100000|  0%| F|  |TAMS 0x0000000082000000, 0x0000000082000000| Untracked 
|  33|0x0000000082100000, 0x0000000082100000, 0x0000000082200000|  0%| F|  |TAMS 0x0000000082100000, 0x0000000082100000| Untracked 
|  34|0x0000000082200000, 0x0000000082200000, 0x0000000082300000|  0%| F|  |TAMS 0x0000000082200000, 0x0000000082200000| Untracked 
|  35|0x0000000082300000, 0x0000000082300000, 0x0000000082400000|  0%| F|  |TAMS 0x0000000082300000, 0x0000000082300000| Untracked 
|  36|0x0000000082400000, 0x0000000082400000, 0x0000000082500000|  0%| F|  |TAMS 0x0000000082400000, 0x0000000082400000| Untracked 
|  37|0x0000000082500000, 0x0000000082500000, 0x0000000082600000|  0%| F|  |TAMS 0x0000000082500000, 0x0000000082500000| Untracked 
|  38|0x0000000082600000, 0x0000000082600000, 0x0000000082700000|  0%| F|  |TAMS 0x0000000082600000, 0x0000000082600000| Untracked 
|  39|0x0000000082700000, 0x0000000082700000, 0x0000000082800000|  0%| F|  |TAMS 0x0000000082700000, 0x0000000082700000| Untracked 
|  40|0x0000000082800000, 0x0000000082800000, 0x0000000082900000|  0%| F|  |TAMS 0x0000000082800000, 0x0000000082800000| Untracked 
|  41|0x0000000082900000, 0x0000000082900000, 0x0000000082a00000|  0%| F|  |TAMS 0x0000000082900000, 0x0000000082900000| Untracked 
|  42|0x0000000082a00000, 0x0000000082a00000, 0x0000000082b00000|  0%| F|  |TAMS 0x0000000082a00000, 0x0000000082a00000| Untracked 
|  43|0x0000000082b00000, 0x0000000082b00000, 0x0000000082c00000|  0%| F|  |TAMS 0x0000000082b00000, 0x0000000082b00000| Untracked 
|  44|0x0000000082c00000, 0x0000000082c00000, 0x0000000082d00000|  0%| F|  |TAMS 0x0000000082c00000, 0x0000000082c00000| Untracked 
|  45|0x0000000082d00000, 0x0000000082d00000, 0x0000000082e00000|  0%| F|  |TAMS 0x0000000082d00000, 0x0000000082d00000| Untracked 
|  46|0x0000000082e00000, 0x0000000082e00000, 0x0000000082f00000|  0%| F|  |TAMS 0x0000000082e00000, 0x0000000082e00000| Untracked 
|  47|0x0000000082f00000, 0x0000000082f00000, 0x0000000083000000|  0%| F|  |TAMS 0x0000000082f00000, 0x0000000082f00000| Untracked 
|  48|0x0000000083000000, 0x0000000083000000, 0x0000000083100000|  0%| F|  |TAMS 0x0000000083000000, 0x0000000083000000| Untracked 
|  49|0x0000000083100000, 0x0000000083100000, 0x0000000083200000|  0%| F|  |TAMS 0x0000000083100000, 0x0000000083100000| Untracked 
|  50|0x0000000083200000, 0x0000000083200000, 0x0000000083300000|  0%| F|  |TAMS 0x0000000083200000, 0x0000000083200000| Untracked 
|  51|0x0000000083300000, 0x0000000083300000, 0x0000000083400000|  0%| F|  |TAMS 0x0000000083300000, 0x0000000083300000| Untracked 
|  52|0x0000000083400000, 0x0000000083400000, 0x0000000083500000|  0%| F|  |TAMS 0x0000000083400000, 0x0000000083400000| Untracked 
|  53|0x0000000083500000, 0x0000000083500000, 0x0000000083600000|  0%| F|  |TAMS 0x0000000083500000, 0x0000000083500000| Untracked 
|  54|0x0000000083600000, 0x0000000083600000, 0x0000000083700000|  0%| F|  |TAMS 0x0000000083600000, 0x0000000083600000| Untracked 
|  55|0x0000000083700000, 0x0000000083700000, 0x0000000083800000|  0%| F|  |TAMS 0x0000000083700000, 0x0000000083700000| Untracked 
|  56|0x0000000083800000, 0x0000000083800000, 0x0000000083900000|  0%| F|  |TAMS 0x0000000083800000, 0x0000000083800000| Untracked 
|  57|0x0000000083900000, 0x0000000083900000, 0x0000000083a00000|  0%| F|  |TAMS 0x0000000083900000, 0x0000000083900000| Untracked 
|  58|0x0000000083a00000, 0x0000000083a00000, 0x0000000083b00000|  0%| F|  |TAMS 0x0000000083a00000, 0x0000000083a00000| Untracked 
|  59|0x0000000083b00000, 0x0000000083b00000, 0x0000000083c00000|  0%| F|  |TAMS 0x0000000083b00000, 0x0000000083b00000| Untracked 
|  60|0x0000000083c00000, 0x0000000083c00000, 0x0000000083d00000|  0%| F|  |TAMS 0x0000000083c00000, 0x0000000083c00000| Untracked 
|  61|0x0000000083d00000, 0x0000000083d00000, 0x0000000083e00000|  0%| F|  |TAMS 0x0000000083d00000, 0x0000000083d00000| Untracked 
|  62|0x0000000083e00000, 0x0000000083e00000, 0x0000000083f00000|  0%| F|  |TAMS 0x0000000083e00000, 0x0000000083e00000| Untracked 
|  63|0x0000000083f00000, 0x0000000083f00000, 0x0000000084000000|  0%| F|  |TAMS 0x0000000083f00000, 0x0000000083f00000| Untracked 
|  64|0x0000000084000000, 0x0000000084000000, 0x0000000084100000|  0%| F|  |TAMS 0x0000000084000000, 0x0000000084000000| Untracked 
|  65|0x0000000084100000, 0x0000000084100000, 0x0000000084200000|  0%| F|  |TAMS 0x0000000084100000, 0x0000000084100000| Untracked 
|  66|0x0000000084200000, 0x0000000084200000, 0x0000000084300000|  0%| F|  |TAMS 0x0000000084200000, 0x0000000084200000| Untracked 
|  67|0x0000000084300000, 0x0000000084300000, 0x0000000084400000|  0%| F|  |TAMS 0x0000000084300000, 0x0000000084300000| Untracked 
|  68|0x0000000084400000, 0x0000000084400000, 0x0000000084500000|  0%| F|  |TAMS 0x0000000084400000, 0x0000000084400000| Untracked 
|  69|0x0000000084500000, 0x0000000084500000, 0x0000000084600000|  0%| F|  |TAMS 0x0000000084500000, 0x0000000084500000| Untracked 
|  70|0x0000000084600000, 0x0000000084600000, 0x0000000084700000|  0%| F|  |TAMS 0x0000000084600000, 0x0000000084600000| Untracked 
|  71|0x0000000084700000, 0x0000000084700000, 0x0000000084800000|  0%| F|  |TAMS 0x0000000084700000, 0x0000000084700000| Untracked 
|  72|0x0000000084800000, 0x0000000084800000, 0x0000000084900000|  0%| F|  |TAMS 0x0000000084800000, 0x0000000084800000| Untracked 
|  73|0x0000000084900000, 0x0000000084900000, 0x0000000084a00000|  0%| F|  |TAMS 0x0000000084900000, 0x0000000084900000| Untracked 
|  74|0x0000000084a00000, 0x0000000084a00000, 0x0000000084b00000|  0%| F|  |TAMS 0x0000000084a00000, 0x0000000084a00000| Untracked 
|  75|0x0000000084b00000, 0x0000000084b00000, 0x0000000084c00000|  0%| F|  |TAMS 0x0000000084b00000, 0x0000000084b00000| Untracked 
|  76|0x0000000084c00000, 0x0000000084c00000, 0x0000000084d00000|  0%| F|  |TAMS 0x0000000084c00000, 0x0000000084c00000| Untracked 
|  77|0x0000000084d00000, 0x0000000084d5bd80, 0x0000000084e00000| 35%| S|CS|TAMS 0x0000000084d00000, 0x0000000084d00000| Complete 
|  78|0x0000000084e00000, 0x0000000084f00000, 0x0000000084f00000|100%| S|CS|TAMS 0x0000000084e00000, 0x0000000084e00000| Complete 
|  79|0x0000000084f00000, 0x0000000085000000, 0x0000000085000000|100%| S|CS|TAMS 0x0000000084f00000, 0x0000000084f00000| Complete 
|  80|0x0000000085000000, 0x0000000085000000, 0x0000000085100000|  0%| F|  |TAMS 0x0000000085000000, 0x0000000085000000| Untracked 
|  81|0x0000000085100000, 0x0000000085100000, 0x0000000085200000|  0%| F|  |TAMS 0x0000000085100000, 0x0000000085100000| Untracked 
|  82|0x0000000085200000, 0x0000000085200000, 0x0000000085300000|  0%| F|  |TAMS 0x0000000085200000, 0x0000000085200000| Untracked 
|  83|0x0000000085300000, 0x0000000085300000, 0x0000000085400000|  0%| F|  |TAMS 0x0000000085300000, 0x0000000085300000| Untracked 
|  84|0x0000000085400000, 0x0000000085400000, 0x0000000085500000|  0%| F|  |TAMS 0x0000000085400000, 0x0000000085400000| Untracked 
|  85|0x0000000085500000, 0x0000000085500000, 0x0000000085600000|  0%| F|  |TAMS 0x0000000085500000, 0x0000000085500000| Untracked 
|  86|0x0000000085600000, 0x0000000085600000, 0x0000000085700000|  0%| F|  |TAMS 0x0000000085600000, 0x0000000085600000| Untracked 
|  87|0x0000000085700000, 0x0000000085700000, 0x0000000085800000|  0%| F|  |TAMS 0x0000000085700000, 0x0000000085700000| Untracked 
|  88|0x0000000085800000, 0x0000000085800000, 0x0000000085900000|  0%| F|  |TAMS 0x0000000085800000, 0x0000000085800000| Untracked 
|  89|0x0000000085900000, 0x0000000085900000, 0x0000000085a00000|  0%| F|  |TAMS 0x0000000085900000, 0x0000000085900000| Untracked 
|  90|0x0000000085a00000, 0x0000000085a00000, 0x0000000085b00000|  0%| F|  |TAMS 0x0000000085a00000, 0x0000000085a00000| Untracked 
|  91|0x0000000085b00000, 0x0000000085b00000, 0x0000000085c00000|  0%| F|  |TAMS 0x0000000085b00000, 0x0000000085b00000| Untracked 
|  92|0x0000000085c00000, 0x0000000085c00000, 0x0000000085d00000|  0%| F|  |TAMS 0x0000000085c00000, 0x0000000085c00000| Untracked 
|  93|0x0000000085d00000, 0x0000000085d00000, 0x0000000085e00000|  0%| F|  |TAMS 0x0000000085d00000, 0x0000000085d00000| Untracked 
|  94|0x0000000085e00000, 0x0000000085e00000, 0x0000000085f00000|  0%| F|  |TAMS 0x0000000085e00000, 0x0000000085e00000| Untracked 
|  95|0x0000000085f00000, 0x0000000085f00000, 0x0000000086000000|  0%| F|  |TAMS 0x0000000085f00000, 0x0000000085f00000| Untracked 
|  96|0x0000000086000000, 0x0000000086000000, 0x0000000086100000|  0%| F|  |TAMS 0x0000000086000000, 0x0000000086000000| Untracked 
|  97|0x0000000086100000, 0x0000000086100000, 0x0000000086200000|  0%| F|  |TAMS 0x0000000086100000, 0x0000000086100000| Untracked 
|  98|0x0000000086200000, 0x0000000086200000, 0x0000000086300000|  0%| F|  |TAMS 0x0000000086200000, 0x0000000086200000| Untracked 
|  99|0x0000000086300000, 0x0000000086300000, 0x0000000086400000|  0%| F|  |TAMS 0x0000000086300000, 0x0000000086300000| Untracked 
| 100|0x0000000086400000, 0x0000000086400000, 0x0000000086500000|  0%| F|  |TAMS 0x0000000086400000, 0x0000000086400000| Untracked 
| 101|0x0000000086500000, 0x0000000086500000, 0x0000000086600000|  0%| F|  |TAMS 0x0000000086500000, 0x0000000086500000| Untracked 
| 102|0x0000000086600000, 0x0000000086600000, 0x0000000086700000|  0%| F|  |TAMS 0x0000000086600000, 0x0000000086600000| Untracked 
| 103|0x0000000086700000, 0x0000000086700000, 0x0000000086800000|  0%| F|  |TAMS 0x0000000086700000, 0x0000000086700000| Untracked 
| 104|0x0000000086800000, 0x0000000086900000, 0x0000000086900000|100%| E|  |TAMS 0x0000000086800000, 0x0000000086800000| Complete 
| 105|0x0000000086900000, 0x0000000086a00000, 0x0000000086a00000|100%| E|CS|TAMS 0x0000000086900000, 0x0000000086900000| Complete 
| 106|0x0000000086a00000, 0x0000000086b00000, 0x0000000086b00000|100%| E|CS|TAMS 0x0000000086a00000, 0x0000000086a00000| Complete 
| 107|0x0000000086b00000, 0x0000000086c00000, 0x0000000086c00000|100%| E|CS|TAMS 0x0000000086b00000, 0x0000000086b00000| Complete 
| 108|0x0000000086c00000, 0x0000000086d00000, 0x0000000086d00000|100%| E|CS|TAMS 0x0000000086c00000, 0x0000000086c00000| Complete 
| 109|0x0000000086d00000, 0x0000000086e00000, 0x0000000086e00000|100%| E|CS|TAMS 0x0000000086d00000, 0x0000000086d00000| Complete 
| 110|0x0000000086e00000, 0x0000000086f00000, 0x0000000086f00000|100%| E|CS|TAMS 0x0000000086e00000, 0x0000000086e00000| Complete 
| 111|0x0000000086f00000, 0x0000000087000000, 0x0000000087000000|100%| E|CS|TAMS 0x0000000086f00000, 0x0000000086f00000| Complete 
| 112|0x0000000087000000, 0x0000000087100000, 0x0000000087100000|100%| E|CS|TAMS 0x0000000087000000, 0x0000000087000000| Complete 
| 113|0x0000000087100000, 0x0000000087200000, 0x0000000087200000|100%| E|CS|TAMS 0x0000000087100000, 0x0000000087100000| Complete 
| 114|0x0000000087200000, 0x0000000087300000, 0x0000000087300000|100%| E|CS|TAMS 0x0000000087200000, 0x0000000087200000| Complete 
| 115|0x0000000087300000, 0x0000000087400000, 0x0000000087400000|100%| E|CS|TAMS 0x0000000087300000, 0x0000000087300000| Complete 
| 116|0x0000000087400000, 0x0000000087500000, 0x0000000087500000|100%| E|CS|TAMS 0x0000000087400000, 0x0000000087400000| Complete 
| 117|0x0000000087500000, 0x0000000087600000, 0x0000000087600000|100%| E|CS|TAMS 0x0000000087500000, 0x0000000087500000| Complete 
| 118|0x0000000087600000, 0x0000000087700000, 0x0000000087700000|100%| E|CS|TAMS 0x0000000087600000, 0x0000000087600000| Complete 
| 119|0x0000000087700000, 0x0000000087800000, 0x0000000087800000|100%| E|CS|TAMS 0x0000000087700000, 0x0000000087700000| Complete 
| 120|0x0000000087800000, 0x0000000087900000, 0x0000000087900000|100%| E|CS|TAMS 0x0000000087800000, 0x0000000087800000| Complete 
| 121|0x0000000087900000, 0x0000000087a00000, 0x0000000087a00000|100%| E|CS|TAMS 0x0000000087900000, 0x0000000087900000| Complete 
| 122|0x0000000087a00000, 0x0000000087b00000, 0x0000000087b00000|100%| E|CS|TAMS 0x0000000087a00000, 0x0000000087a00000| Complete 
| 123|0x0000000087b00000, 0x0000000087c00000, 0x0000000087c00000|100%| E|CS|TAMS 0x0000000087b00000, 0x0000000087b00000| Complete 
| 124|0x0000000087c00000, 0x0000000087d00000, 0x0000000087d00000|100%| E|CS|TAMS 0x0000000087c00000, 0x0000000087c00000| Complete 
| 125|0x0000000087d00000, 0x0000000087e00000, 0x0000000087e00000|100%| E|CS|TAMS 0x0000000087d00000, 0x0000000087d00000| Complete 
| 126|0x0000000087e00000, 0x0000000087f00000, 0x0000000087f00000|100%| E|CS|TAMS 0x0000000087e00000, 0x0000000087e00000| Complete 
| 127|0x0000000087f00000, 0x0000000088000000, 0x0000000088000000|100%| E|CS|TAMS 0x0000000087f00000, 0x0000000087f00000| Complete 

Card table byte_map: [0x000001eec43c0000,0x000001eec47c0000] _byte_map_base: 0x000001eec3fc0000

Marking Bits (Prev, Next): (CMBitMap*) 0x000001eeb0c09e80, (CMBitMap*) 0x000001eeb0c09e48
 Prev Bits: [0x000001eec6bc0000, 0x000001eec8bc0000)
 Next Bits: [0x000001eec4bc0000, 0x000001eec6bc0000)

Polling page: 0x000001eeaf3a0000

Metaspace:

Usage:
  Non-class:     24.52 MB capacity,    24.17 MB ( 99%) used,   311.92 KB (  1%) free+waste,    53.94 KB ( <1%) overhead. 
      Class:      3.97 MB capacity,     3.71 MB ( 94%) used,   232.68 KB (  6%) free+waste,    27.06 KB ( <1%) overhead. 
       Both:     28.49 MB capacity,    27.88 MB ( 98%) used,   544.60 KB (  2%) free+waste,    81.00 KB ( <1%) overhead. 

Virtual space:
  Non-class space:       26.00 MB reserved,      24.75 MB ( 95%) committed 
      Class space:        1.00 GB reserved,       4.00 MB ( <1%) committed 
             Both:        1.03 GB reserved,      28.75 MB (  3%) committed 

Chunk freelists:
   Non-Class:  40.00 KB
       Class:  2.00 KB
        Both:  42.00 KB

MaxMetaspaceSize: 17179869184.00 GB
CompressedClassSpaceSize: 1.00 GB

CodeHeap 'non-profiled nmethods': size=120000Kb used=1069Kb max_used=1069Kb free=118930Kb
 bounds [0x000001eebc020000, 0x000001eebc290000, 0x000001eec3550000]
CodeHeap 'profiled nmethods': size=120000Kb used=4634Kb max_used=4634Kb free=115365Kb
 bounds [0x000001eeb4af0000, 0x000001eeb4f80000, 0x000001eebc020000]
CodeHeap 'non-nmethods': size=5760Kb used=1148Kb max_used=1178Kb free=4611Kb
 bounds [0x000001eeb4550000, 0x000001eeb47c0000, 0x000001eeb4af0000]
 total_blobs=2698 nmethods=2209 adapters=400
 compilation: enabled
              stopped_count=0, restarted_count=0
 full_count=0

Compilation events (20 events):
Event: 5.225 Thread 0x000001eecc018800 2364       3       org.gradle.internal.reflect.MethodSet::getValues (13 bytes)
Event: 5.225 Thread 0x000001eecc018800 nmethod 2364 0x000001eeb4f6b390 code [0x000001eeb4f6b580, 0x000001eeb4f6b9f8]
Event: 5.225 Thread 0x000001eecc018800 2373       3       org.objectweb.asm.MethodWriter::addSuccessorToCurrentBasicBlock (24 bytes)
Event: 5.225 Thread 0x000001eecc018800 nmethod 2373 0x000001eeb4f6bb90 code [0x000001eeb4f6bd60, 0x000001eeb4f6c098]
Event: 5.225 Thread 0x000001eecc018800 2374       3       org.objectweb.asm.Edge::<init> (20 bytes)
Event: 5.225 Thread 0x000001eecc018800 nmethod 2374 0x000001eeb4f6c210 code [0x000001eeb4f6c3c0, 0x000001eeb4f6c5d8]
Event: 5.227 Thread 0x000001eecc018800 2376       3       jdk.internal.misc.Unsafe::weakCompareAndSetInt (11 bytes)
Event: 5.227 Thread 0x000001eecc018800 nmethod 2376 0x000001eeb4f6c690 code [0x000001eeb4f6c840, 0x000001eeb4f6c958]
Event: 5.230 Thread 0x000001eecc018800 2377       3       java.lang.reflect.Constructor::copy (72 bytes)
Event: 5.230 Thread 0x000001eecc018800 nmethod 2377 0x000001eeb4f6ca10 code [0x000001eeb4f6cbe0, 0x000001eeb4f6cf78]
Event: 5.234 Thread 0x000001eecc018800 2378       3       jdk.internal.misc.Unsafe::getAndAddInt (27 bytes)
Event: 5.234 Thread 0x000001eecc018800 nmethod 2378 0x000001eeb4f6d090 code [0x000001eeb4f6d240, 0x000001eeb4f6d478]
Event: 5.234 Thread 0x000001eecc018800 2379       3       java.util.concurrent.locks.ReentrantLock::<init> (16 bytes)
Event: 5.234 Thread 0x000001eecc018800 nmethod 2379 0x000001eeb4f6d590 code [0x000001eeb4f6d780, 0x000001eeb4f6db78]
Event: 5.235 Thread 0x000001eecc018800 2380       3       java.lang.reflect.Constructor::getRoot (5 bytes)
Event: 5.235 Thread 0x000001eecc018800 nmethod 2380 0x000001eeb4f6dd10 code [0x000001eeb4f6dec0, 0x000001eeb4f6dfd8]
Event: 5.239 Thread 0x000001eecc018800 2381       3       com.google.common.base.Preconditions::checkArgument (28 bytes)
Event: 5.240 Thread 0x000001eecc018800 nmethod 2381 0x000001eeb4f6e090 code [0x000001eeb4f6e2a0, 0x000001eeb4f6e898]
Event: 5.240 Thread 0x000001eecc018800 2382       3       com.google.common.io.BaseEncoding$Alphabet::encode (7 bytes)
Event: 5.240 Thread 0x000001eecc018800 nmethod 2382 0x000001eeb4f6eb10 code [0x000001eeb4f6ecc0, 0x000001eeb4f6edf8]

GC Heap History (8 events):
Event: 1.064 GC heap before
{Heap before GC invocations=0 (full 0):
 garbage-first heap   total 131072K, used 29696K [0x0000000080000000, 0x0000000100000000)
  region size 1024K, 24 young (24576K), 0 survivors (0K)
 Metaspace       used 10457K, capacity 10677K, committed 11008K, reserved 1058816K
  class space    used 1097K, capacity 1195K, committed 1280K, reserved 1048576K
}
Event: 1.075 GC heap after
{Heap after GC invocations=1 (full 0):
 garbage-first heap   total 131072K, used 9011K [0x0000000080000000, 0x0000000100000000)
  region size 1024K, 3 young (3072K), 3 survivors (3072K)
 Metaspace       used 10457K, capacity 10677K, committed 11008K, reserved 1058816K
  class space    used 1097K, capacity 1195K, committed 1280K, reserved 1048576K
}
Event: 4.199 GC heap before
{Heap before GC invocations=1 (full 0):
 garbage-first heap   total 131072K, used 82739K [0x0000000080000000, 0x0000000100000000)
  region size 1024K, 76 young (77824K), 3 survivors (3072K)
 Metaspace       used 18883K, capacity 19314K, committed 19328K, reserved 1067008K
  class space    used 2285K, capacity 2426K, committed 2432K, reserved 1048576K
}
Event: 4.209 GC heap after
{Heap after GC invocations=2 (full 0):
 garbage-first heap   total 131072K, used 16059K [0x0000000080000000, 0x0000000100000000)
  region size 1024K, 10 young (10240K), 10 survivors (10240K)
 Metaspace       used 18883K, capacity 19314K, committed 19328K, reserved 1067008K
  class space    used 2285K, capacity 2426K, committed 2432K, reserved 1048576K
}
Event: 4.453 GC heap before
{Heap before GC invocations=2 (full 0):
 garbage-first heap   total 131072K, used 28347K [0x0000000080000000, 0x0000000100000000)
  region size 1024K, 24 young (24576K), 10 survivors (10240K)
 Metaspace       used 20654K, capacity 21115K, committed 21248K, reserved 1067008K
  class space    used 2540K, capacity 2712K, committed 2816K, reserved 1048576K
}
Event: 4.465 GC heap after
{Heap after GC invocations=3 (full 0):
 garbage-first heap   total 131072K, used 16114K [0x0000000080000000, 0x0000000100000000)
  region size 1024K, 1 young (1024K), 1 survivors (1024K)
 Metaspace       used 20654K, capacity 21115K, committed 21248K, reserved 1067008K
  class space    used 2540K, capacity 2712K, committed 2816K, reserved 1048576K
}
Event: 5.035 GC heap before
{Heap before GC invocations=4 (full 0):
 garbage-first heap   total 131072K, used 64242K [0x0000000080000000, 0x0000000100000000)
  region size 1024K, 48 young (49152K), 1 survivors (1024K)
 Metaspace       used 26147K, capacity 26745K, committed 27008K, reserved 1073152K
  class space    used 3417K, capacity 3634K, committed 3712K, reserved 1048576K
}
Event: 5.039 GC heap after
{Heap after GC invocations=5 (full 0):
 garbage-first heap   total 131072K, used 17882K [0x0000000080000000, 0x0000000100000000)
  region size 1024K, 3 young (3072K), 3 survivors (3072K)
 Metaspace       used 26147K, capacity 26745K, committed 27008K, reserved 1073152K
  class space    used 3417K, capacity 3634K, committed 3712K, reserved 1048576K
}

Deoptimization events (20 events):
Event: 4.949 Thread 0x000001eecdfcf800 DEOPT PACKING pc=0x000001eebc0f3628 sp=0x000000eb66dfc620
Event: 4.949 Thread 0x000001eecdfcf800 DEOPT UNPACKING pc=0x000001eeb45774af sp=0x000000eb66dfc618 mode 2
Event: 4.970 Thread 0x000001eecdfcf800 Uncommon trap: trap_request=0xffffff4d fr.pc=0x000001eebc042f90 relative=0x0000000000000450
Event: 4.970 Thread 0x000001eecdfcf800 Uncommon trap: reason=unstable_if action=reinterpret pc=0x000001eebc042f90 method=java.util.Properties$LineReader.readLine()I @ 249 c2
Event: 4.970 Thread 0x000001eecdfcf800 DEOPT PACKING pc=0x000001eebc042f90 sp=0x000000eb66dfba80
Event: 4.970 Thread 0x000001eecdfcf800 DEOPT UNPACKING pc=0x000001eeb45774af sp=0x000000eb66dfba10 mode 2
Event: 5.023 Thread 0x000001eecdfcf800 Uncommon trap: trap_request=0xffffff4d fr.pc=0x000001eebc10ad4c relative=0x000000000000020c
Event: 5.023 Thread 0x000001eecdfcf800 Uncommon trap: reason=unstable_if action=reinterpret pc=0x000001eebc10ad4c method=java.util.HashMap.hash(Ljava/lang/Object;)I @ 1 c2
Event: 5.023 Thread 0x000001eecdfcf800 DEOPT PACKING pc=0x000001eebc10ad4c sp=0x000000eb66df8560
Event: 5.023 Thread 0x000001eecdfcf800 DEOPT UNPACKING pc=0x000001eeb45774af sp=0x000000eb66df8498 mode 2
Event: 5.033 Thread 0x000001eecdfcf800 Uncommon trap: trap_request=0xffffff4d fr.pc=0x000001eebc0fdfac relative=0x000000000000008c
Event: 5.033 Thread 0x000001eecdfcf800 Uncommon trap: reason=unstable_if action=reinterpret pc=0x000001eebc0fdfac method=java.util.HashMap.hash(Ljava/lang/Object;)I @ 1 c2
Event: 5.033 Thread 0x000001eecdfcf800 DEOPT PACKING pc=0x000001eebc0fdfac sp=0x000000eb66df7e90
Event: 5.033 Thread 0x000001eecdfcf800 DEOPT UNPACKING pc=0x000001eeb45774af sp=0x000000eb66df7e28 mode 2
Event: 5.127 Thread 0x000001eecdfcf800 DEOPT PACKING pc=0x000001eeb4bb4cfa sp=0x000000eb66df5860
Event: 5.127 Thread 0x000001eecdfcf800 DEOPT UNPACKING pc=0x000001eeb45772ce sp=0x000000eb66df4e50 mode 0
Event: 5.139 Thread 0x000001eecdfcf800 Uncommon trap: trap_request=0xffffff4d fr.pc=0x000001eebc077c88 relative=0x0000000000000a48
Event: 5.139 Thread 0x000001eecdfcf800 Uncommon trap: reason=unstable_if action=reinterpret pc=0x000001eebc077c88 method=java.io.WinNTFileSystem.resolve(Ljava/lang/String;Ljava/lang/String;)Ljava/lang/String; @ 83 c2
Event: 5.139 Thread 0x000001eecdfcf800 DEOPT PACKING pc=0x000001eebc077c88 sp=0x000000eb66df9d80
Event: 5.139 Thread 0x000001eecdfcf800 DEOPT UNPACKING pc=0x000001eeb45774af sp=0x000000eb66df9d28 mode 2

Classes redefined (0 events):
No events

Internal exceptions (20 events):
Event: 4.535 Thread 0x000001eecdfcf800 Exception <a 'java/lang/NoSuchMethodError'{0x0000000087c21db0}: 'void java.lang.invoke.DirectMethodHandle$Holder.invokeSpecial(java.lang.Object, java.lang.Object)'> (0x0000000087c21db0) thrown at [./src/hotspot/share/interpreter/linkResolver.cpp, line 773]
Event: 4.618 Thread 0x000001eecdfcf800 Exception <a 'java/lang/NoSuchMethodError'{0x00000000873d1c00}: 'java.lang.Object java.lang.invoke.DirectMethodHandle$Holder.invokeVirtual(java.lang.Object, java.lang.Object, java.lang.Object, java.lang.Object)'> (0x00000000873d1c00) thrown at [./src/hotspot/share/interpreter/linkResolver.cpp, line 773]
Event: 4.776 Thread 0x000001eecdfcf800 Exception <a 'java/lang/NoSuchMethodError'{0x0000000086560ab8}: 'void java.lang.invoke.DirectMethodHandle$Holder.invokeSpecial(java.lang.Object, java.lang.Object, java.lang.Object, java.lang.Object, java.lang.Object, java.lang.Object)'> (0x0000000086560ab8) thrown at [./src/hotspot/share/interpreter/linkResolver.cpp, line 773]
Event: 4.802 Thread 0x000001eecdfcf800 Exception <a 'java/lang/NoSuchMethodError'{0x000000008630bf10}: 'java.lang.Object java.lang.invoke.Invokers$Holder.invoker(java.lang.Object, java.lang.Object, java.lang.Object)'> (0x000000008630bf10) thrown at [./src/hotspot/share/interpreter/linkResolver.cpp, line 773]
Event: 4.824 Thread 0x000001eecdfcf800 Exception <a 'java/lang/NoSuchMethodError'{0x000000008620cca0}: 'void java.lang.invoke.DirectMethodHandle$Holder.invokeSpecial(java.lang.Object, java.lang.Object, java.lang.Object, java.lang.Object, java.lang.Object, java.lang.Object, java.lang.Object)'> (0x000000008620cca0) thrown at [./src/hotspot/share/interpreter/linkResolver.cpp, line 773]
Event: 4.824 Thread 0x000001eecdfcf800 Exception <a 'java/lang/NoSuchMethodError'{0x0000000086214ee8}: 'java.lang.Object java.lang.invoke.Invokers$Holder.linkToTargetMethod(java.lang.Object, java.lang.Object, java.lang.Object, java.lang.Object, java.lang.Object, java.lang.Object)'> (0x0000000086214ee8) thrown at [./src/hotspot/share/interpreter/linkResolver.cpp, line 773]
Event: 4.838 Thread 0x000001eecdfcf800 Exception <a 'java/lang/NoSuchMethodError'{0x0000000086139820}: 'java.lang.Object java.lang.invoke.DirectMethodHandle$Holder.invokeVirtual(java.lang.Object, java.lang.Object, java.lang.Object, java.lang.Object, java.lang.Object, java.lang.Object, java.lang.Object, java.lang.Object, java.lang.Object, java.lang.Object, java.lang.Object, java.lang.Object, java.lang.Object, java.lang.Object, java.lang.Object, java.lang.Object, java.lang.Object)'> (0x0000000086139820) thrown at [./src/hotspot/share/interpreter/
Event: 4.840 Thread 0x000001eecdfcf800 Exception <a 'java/lang/NoSuchMethodError'{0x000000008616a3b0}: 'java.lang.Object java.lang.invoke.DirectMethodHandle$Holder.invokeSpecial(java.lang.Object, java.lang.Object, java.lang.Object, java.lang.Object, java.lang.Object, java.lang.Object, java.lang.Object, java.lang.Object, java.lang.Object)'> (0x000000008616a3b0) thrown at [./src/hotspot/share/interpreter/linkResolver.cpp, line 773]
Event: 4.946 Thread 0x000001eecdfcf800 Exception <a 'java/lang/NoSuchMethodError'{0x00000000858f4bb8}: 'java.lang.Object java.lang.invoke.DirectMethodHandle$Holder.invokeStatic(java.lang.Object, java.lang.Object, java.lang.Object, int, java.lang.Object, java.lang.Object)'> (0x00000000858f4bb8) thrown at [./src/hotspot/share/interpreter/linkResolver.cpp, line 773]
Event: 4.946 Thread 0x000001eecdfcf800 Exception <a 'java/lang/NoSuchMethodError'{0x00000000858fbf20}: 'java.lang.Object java.lang.invoke.Invokers$Holder.linkToTargetMethod(java.lang.Object, java.lang.Object, int, java.lang.Object, java.lang.Object, java.lang.Object)'> (0x00000000858fbf20) thrown at [./src/hotspot/share/interpreter/linkResolver.cpp, line 773]
Event: 4.965 Thread 0x000001eecdfcf800 Exception <a 'java/lang/NoSuchMethodError'{0x0000000085685a38}: 'void java.lang.invoke.DirectMethodHandle$Holder.invokeSpecial(java.lang.Object, java.lang.Object, java.lang.Object, java.lang.Object)'> (0x0000000085685a38) thrown at [./src/hotspot/share/interpreter/linkResolver.cpp, line 773]
Event: 5.023 Thread 0x000001eecdfcf800 Implicit null exception at 0x000001eebc10ab75 to 0x000001eebc10ad3c
Event: 5.033 Thread 0x000001eecdfcf800 Implicit null exception at 0x000001eebc0fdf2f to 0x000001eebc0fdf9d
Event: 5.079 Thread 0x000001eecdfcf800 Exception <a 'java/lang/NoSuchMethodError'{0x0000000087cddf08}: 'java.lang.Object java.lang.invoke.DirectMethodHandle$Holder.invokeSpecialIFC(java.lang.Object, java.lang.Object, java.lang.Object, java.lang.Object)'> (0x0000000087cddf08) thrown at [./src/hotspot/share/interpreter/linkResolver.cpp, line 773]
Event: 5.087 Thread 0x000001eecdfcf800 Exception <a 'java/lang/NoSuchMethodError'{0x0000000087b9a958}: 'java.lang.Object java.lang.invoke.DirectMethodHandle$Holder.invokeSpecial(java.lang.Object, java.lang.Object, java.lang.Object, java.lang.Object, java.lang.Object, java.lang.Object, java.lang.Object, java.lang.Object, java.lang.Object, java.lang.Object, java.lang.Object, java.lang.Object, java.lang.Object)'> (0x0000000087b9a958) thrown at [./src/hotspot/share/interpreter/linkResolver.cpp, line 773]
Event: 5.088 Thread 0x000001eecdfcf800 Exception <a 'java/lang/NoSuchMethodError'{0x0000000087babbe0}: 'java.lang.Object java.lang.invoke.DirectMethodHandle$Holder.invokeSpecial(java.lang.Object, java.lang.Object, java.lang.Object, java.lang.Object, java.lang.Object, java.lang.Object, java.lang.Object, java.lang.Object, java.lang.Object, java.lang.Object, java.lang.Object, java.lang.Object)'> (0x0000000087babbe0) thrown at [./src/hotspot/share/interpreter/linkResolver.cpp, line 773]
Event: 5.088 Thread 0x000001eecdfcf800 Exception <a 'java/lang/NoSuchMethodError'{0x0000000087bb0d08}: 'java.lang.Object java.lang.invoke.Invokers$Holder.linkToTargetMethod(java.lang.Object, java.lang.Object, java.lang.Object, java.lang.Object, java.lang.Object, java.lang.Object, java.lang.Object, java.lang.Object, java.lang.Object, java.lang.Object, java.lang.Object)'> (0x0000000087bb0d08) thrown at [./src/hotspot/share/interpreter/linkResolver.cpp, line 773]
Event: 5.096 Thread 0x000001eecdfcf800 Exception <a 'java/lang/NoSuchMethodError'{0x0000000087aa9748}: 'java.lang.Object java.lang.invoke.DirectMethodHandle$Holder.invokeSpecial(java.lang.Object, java.lang.Object, java.lang.Object, java.lang.Object, java.lang.Object, java.lang.Object, java.lang.Object, java.lang.Object, java.lang.Object, java.lang.Object, java.lang.Object, java.lang.Object, java.lang.Object, java.lang.Object)'> (0x0000000087aa9748) thrown at [./src/hotspot/share/interpreter/linkResolver.cpp, line 773]
Event: 5.097 Thread 0x000001eecdfcf800 Exception <a 'java/lang/NoSuchMethodError'{0x0000000087abad40}: 'java.lang.Object java.lang.invoke.Invokers$Holder.linkToTargetMethod(java.lang.Object, java.lang.Object, java.lang.Object, java.lang.Object, java.lang.Object, java.lang.Object, java.lang.Object, java.lang.Object, java.lang.Object, java.lang.Object, java.lang.Object, java.lang.Object)'> (0x0000000087abad40) thrown at [./src/hotspot/share/interpreter/linkResolver.cpp, line 773]
Event: 5.102 Thread 0x000001eecdfcf800 Exception <a 'java/lang/NoSuchMethodError'{0x0000000087934ad0}: 'java.lang.Object java.lang.invoke.DirectMethodHandle$Holder.invokeStaticInit(java.lang.Object, java.lang.Object, java.lang.Object, java.lang.Object)'> (0x0000000087934ad0) thrown at [./src/hotspot/share/interpreter/linkResolver.cpp, line 773]

Events (20 events):
Event: 5.238 loading class com/google/common/io/BaseEncoding$StandardBaseEncoding$2
Event: 5.238 loading class com/google/common/io/BaseEncoding$StandardBaseEncoding$2 done
Event: 5.239 loading class com/google/common/io/BaseEncoding$Alphabet
Event: 5.239 loading class com/google/common/io/BaseEncoding$Alphabet done
Event: 5.240 loading class com/google/common/base/Ascii
Event: 5.240 loading class com/google/common/base/Ascii done
Event: 5.240 loading class org/gradle/internal/id/UniqueId$1
Event: 5.240 loading class org/gradle/internal/id/UniqueId$1 done
Event: 5.240 loading class org/gradle/internal/execution/impl/DefaultWorkExecutor
Event: 5.240 loading class org/gradle/internal/execution/impl/DefaultWorkExecutor done
Event: 5.241 loading class org/gradle/internal/execution/steps/LoadExecutionStateStep
Event: 5.241 loading class org/gradle/internal/execution/steps/LoadExecutionStateStep done
Event: 5.241 loading class org/gradle/internal/execution/steps/ValidateStep
Event: 5.241 loading class org/gradle/internal/execution/steps/ValidateStep done
Event: 5.241 loading class org/gradle/internal/execution/UnitOfWork$WorkValidationContext
Event: 5.241 loading class org/gradle/internal/execution/UnitOfWork$WorkValidationContext done
Event: 5.242 loading class org/gradle/internal/execution/WorkValidationException
Event: 5.242 loading class org/gradle/internal/execution/WorkValidationException done
Event: 5.242 loading class org/gradle/internal/execution/steps/CaptureStateBeforeExecutionStep
Event: 5.242 loading class org/gradle/internal/execution/steps/CaptureStateBeforeExecutionStep done


Dynamic libraries:
0x00007ff636f50000 - 0x00007ff636f5a000 	C:\Program Files\Android\Android Studio1\jre\bin\java.exe
0x00007ffa0fb90000 - 0x00007ffa0fd85000 	C:\WINDOWS\SYSTEM32\ntdll.dll
0x00007ffa0ef40000 - 0x00007ffa0effd000 	C:\WINDOWS\System32\KERNEL32.DLL
0x00007ffa0d6f0000 - 0x00007ffa0d9b9000 	C:\WINDOWS\System32\KERNELBASE.dll
0x00007ffa0d550000 - 0x00007ffa0d650000 	C:\WINDOWS\System32\ucrtbase.dll
0x00007ffa06670000 - 0x00007ffa06689000 	C:\Program Files\Android\Android Studio1\jre\bin\jli.dll
0x00007ffa06650000 - 0x00007ffa06667000 	C:\Program Files\Android\Android Studio1\jre\bin\VCRUNTIME140.dll
0x00007ffa0dcf0000 - 0x00007ffa0de90000 	C:\WINDOWS\System32\USER32.dll
0x00007ffa0d2d0000 - 0x00007ffa0d2f2000 	C:\WINDOWS\System32\win32u.dll
0x00007ffa0ea80000 - 0x00007ffa0eaaa000 	C:\WINDOWS\System32\GDI32.dll
0x00007ff9f9df0000 - 0x00007ff9fa08a000 	C:\WINDOWS\WinSxS\amd64_microsoft.windows.common-controls_6595b64144ccf1df_6.0.19041.1110_none_60b5254171f9507e\COMCTL32.dll
0x00007ffa0d360000 - 0x00007ffa0d46b000 	C:\WINDOWS\System32\gdi32full.dll
0x00007ffa0f010000 - 0x00007ffa0f0ae000 	C:\WINDOWS\System32\msvcrt.dll
0x00007ffa0d650000 - 0x00007ffa0d6ed000 	C:\WINDOWS\System32\msvcp_win.dll
0x00007ffa0ee60000 - 0x00007ffa0ee90000 	C:\WINDOWS\System32\IMM32.DLL
0x00007ffa065b0000 - 0x00007ffa0664d000 	C:\Program Files\Android\Android Studio1\jre\bin\msvcp140.dll
0x00007ff9ba910000 - 0x00007ff9bb3cc000 	C:\Program Files\Android\Android Studio1\jre\bin\server\jvm.dll
0x00007ffa0ee90000 - 0x00007ffa0ef3c000 	C:\WINDOWS\System32\ADVAPI32.dll
0x00007ffa0e7b0000 - 0x00007ffa0e84b000 	C:\WINDOWS\System32\sechost.dll
0x00007ffa0e210000 - 0x00007ffa0e33a000 	C:\WINDOWS\System32\RPCRT4.dll
0x00007ffa0ed10000 - 0x00007ffa0ed18000 	C:\WINDOWS\System32\PSAPI.DLL
0x00007ffa05b70000 - 0x00007ffa05b79000 	C:\WINDOWS\SYSTEM32\WSOCK32.dll
0x00007ffa0e9a0000 - 0x00007ffa0ea0b000 	C:\WINDOWS\System32\WS2_32.dll
0x00007ffa02310000 - 0x00007ffa02337000 	C:\WINDOWS\SYSTEM32\WINMM.dll
0x00007ffa04a60000 - 0x00007ffa04a6a000 	C:\WINDOWS\SYSTEM32\VERSION.dll
0x00007ffa0bb90000 - 0x00007ffa0bba2000 	C:\WINDOWS\SYSTEM32\kernel.appcore.dll
0x00007ffa058b0000 - 0x00007ffa058c1000 	C:\Program Files\Android\Android Studio1\jre\bin\verify.dll
0x00007ffa0afb0000 - 0x00007ffa0b194000 	C:\WINDOWS\SYSTEM32\DBGHELP.DLL
0x00007ff9fbe70000 - 0x00007ff9fbe9c000 	C:\WINDOWS\SYSTEM32\dbgcore.DLL
0x00007ffa0d4c0000 - 0x00007ffa0d543000 	C:\WINDOWS\System32\bcryptPrimitives.dll
0x00007ffa05880000 - 0x00007ffa058a9000 	C:\Program Files\Android\Android Studio1\jre\bin\java.dll
0x00007ffa07860000 - 0x00007ffa0786b000 	C:\Program Files\Android\Android Studio1\jre\bin\jimage.dll
0x00007ffa01800000 - 0x00007ffa01818000 	C:\Program Files\Android\Android Studio1\jre\bin\zip.dll
0x00007ffa0f0b0000 - 0x00007ffa0f7ef000 	C:\WINDOWS\System32\SHELL32.dll
0x00007ffa0b3e0000 - 0x00007ffa0bb71000 	C:\WINDOWS\SYSTEM32\windows.storage.dll
0x00007ffa0f7f0000 - 0x00007ffa0fb45000 	C:\WINDOWS\System32\combase.dll
0x00007ffa0cd40000 - 0x00007ffa0cd6c000 	C:\WINDOWS\SYSTEM32\Wldp.dll
0x00007ffa0de90000 - 0x00007ffa0df3e000 	C:\WINDOWS\System32\SHCORE.dll
0x00007ffa0ea10000 - 0x00007ffa0ea65000 	C:\WINDOWS\System32\shlwapi.dll
0x00007ffa0d210000 - 0x00007ffa0d22f000 	C:\WINDOWS\SYSTEM32\profapi.dll
0x00007ffa017e0000 - 0x00007ffa017fa000 	C:\Program Files\Android\Android Studio1\jre\bin\net.dll
0x00007ffa014f0000 - 0x00007ffa015fa000 	C:\WINDOWS\SYSTEM32\WINHTTP.dll
0x00007ffa0ca30000 - 0x00007ffa0ca9a000 	C:\WINDOWS\system32\mswsock.dll
0x00007ffa00c50000 - 0x00007ffa00c64000 	C:\Program Files\Android\Android Studio1\jre\bin\nio.dll
0x00007ff9fb720000 - 0x00007ff9fb747000 	C:\Users\Dark Knight\.gradle\native\fdc75f09e3144964f2cf3f50f0aa648679c211496f362492102eb8c894070792\windows-amd64\native-platform.dll
0x00007ff9c1c60000 - 0x00007ff9c1df6000 	C:\Users\Dark Knight\.gradle\native\12488b8bf47d2d4c9fbf2f6322a914ad602e24e48041cd04a747c6da556b65c4\windows-amd64\native-platform-file-events.dll
0x00007ffa07580000 - 0x00007ffa0758a000 	C:\Program Files\Android\Android Studio1\jre\bin\management.dll
0x00007ffa06840000 - 0x00007ffa0684c000 	C:\Program Files\Android\Android Studio1\jre\bin\management_ext.dll
0x00007ffa0cc40000 - 0x00007ffa0cc58000 	C:\WINDOWS\SYSTEM32\CRYPTSP.dll
0x00007ffa0c370000 - 0x00007ffa0c3a4000 	C:\WINDOWS\system32\rsaenh.dll
0x00007ffa0da70000 - 0x00007ffa0da97000 	C:\WINDOWS\System32\bcrypt.dll
0x00007ffa0d1d0000 - 0x00007ffa0d1fe000 	C:\WINDOWS\SYSTEM32\USERENV.dll
0x00007ffa0cc30000 - 0x00007ffa0cc3c000 	C:\WINDOWS\SYSTEM32\CRYPTBASE.dll
0x00007ffa0c720000 - 0x00007ffa0c75b000 	C:\WINDOWS\SYSTEM32\IPHLPAPI.DLL
0x00007ffa0f000000 - 0x00007ffa0f008000 	C:\WINDOWS\System32\NSI.dll
0x00007ffa034e0000 - 0x00007ffa034f7000 	C:\WINDOWS\SYSTEM32\dhcpcsvc6.DLL
0x00007ffa03da0000 - 0x00007ffa03dbd000 	C:\WINDOWS\SYSTEM32\dhcpcsvc.DLL
0x00007ffa0c760000 - 0x00007ffa0c82c000 	C:\WINDOWS\SYSTEM32\DNSAPI.dll
0x00007ffa04a70000 - 0x00007ffa04a7b000 	C:\WINDOWS\SYSTEM32\WINNSI.DLL

dbghelp: loaded successfully - version: 4.0.5 - missing functions: none
symbol engine: initialized successfully - sym options: 0x614 - pdb path: .;C:\Program Files\Android\Android Studio1\jre\bin;C:\WINDOWS\SYSTEM32;C:\WINDOWS\WinSxS\amd64_microsoft.windows.common-controls_6595b64144ccf1df_6.0.19041.1110_none_60b5254171f9507e;C:\Program Files\Android\Android Studio1\jre\bin\server;C:\Users\Dark Knight\.gradle\native\fdc75f09e3144964f2cf3f50f0aa648679c211496f362492102eb8c894070792\windows-amd64;C:\Users\Dark Knight\.gradle\native\12488b8bf47d2d4c9fbf2f6322a914ad602e24e48041cd04a747c6da556b65c4\windows-amd64

VM Arguments:
jvm_args: --add-opens=java.base/java.util=ALL-UNNAMED --add-opens=java.base/java.lang=ALL-UNNAMED --add-opens=java.base/java.lang.invoke=ALL-UNNAMED --add-opens=java.prefs/java.util.prefs=ALL-UNNAMED -Xmx2048m -Dfile.encoding=UTF-8 -Duser.country=IN -Duser.language=en -Duser.variant 
java_command: org.gradle.launcher.daemon.bootstrap.GradleDaemon 6.7.1
java_class_path (initial): C:\Users\Dark Knight\.gradle\wrapper\dists\gradle-6.7.1-bin\bwlcbys1h7rz3272sye1xwiv6\gradle-6.7.1\lib\gradle-launcher-6.7.1.jar
Launcher Type: SUN_STANDARD

[Global flags]
     intx CICompilerCount                          = 4                                         {product} {ergonomic}
     uint ConcGCThreads                            = 2                                         {product} {ergonomic}
     uint G1ConcRefinementThreads                  = 8                                         {product} {ergonomic}
   size_t G1HeapRegionSize                         = 1048576                                   {product} {ergonomic}
    uintx GCDrainStackTargetSize                   = 64                                        {product} {ergonomic}
   size_t InitialHeapSize                          = 134217728                                 {product} {ergonomic}
   size_t MarkStackSize                            = 4194304                                   {product} {ergonomic}
   size_t MaxHeapSize                              = 2147483648                                {product} {command line}
   size_t MaxNewSize                               = 1287651328                                {product} {ergonomic}
   size_t MinHeapDeltaBytes                        = 1048576                                   {product} {ergonomic}
    uintx NonNMethodCodeHeapSize                   = 5836300                                {pd product} {ergonomic}
    uintx NonProfiledCodeHeapSize                  = 122910970                              {pd product} {ergonomic}
    uintx ProfiledCodeHeapSize                     = 122910970                              {pd product} {ergonomic}
    uintx ReservedCodeCacheSize                    = 251658240                              {pd product} {ergonomic}
     bool SegmentedCodeCache                       = true                                      {product} {ergonomic}
     bool UseCompressedClassPointers               = true                                 {lp64_product} {ergonomic}
     bool UseCompressedOops                        = true                                 {lp64_product} {ergonomic}
     bool UseG1GC                                  = true                                      {product} {ergonomic}
     bool UseLargePagesIndividualAllocation        = false                                  {pd product} {ergonomic}

Logging:
Log output configuration:
 #0: stdout all=warning uptime,level,tags
 #1: stderr all=off uptime,level,tags

Environment Variables:
PATH=C:\Windows\system32;C:\Windows;C:\Windows\System32\Wbem;C:\Windows\System32\WindowsPowerShell\v1.0\;C:\Windows\System32\OpenSSH\;C:\Program Files (x86)\NVIDIA Corporation\PhysX\Common;C:\Program Files\NVIDIA Corporation\NVIDIA NvDLISR;C:\WINDOWS\system32;C:\WINDOWS;C:\WINDOWS\System32\Wbem;C:\WINDOWS\System32\WindowsPowerShell\v1.0\;C:\WINDOWS\System32\OpenSSH\;C:\MinGW\bin;C:\Program Files\MEGA-X;C:\WINDOWS\system32;C:\WINDOWS;C:\WINDOWS\System32\Wbem;C:\WINDOWS\System32\WindowsPowerShell\v1.0\;C:\WINDOWS\System32\OpenSSH\;C:\Program Files\Git\cmd;C:\Users\Dark Knight\AppData\Local\Microsoft\WindowsApps;C:\Users\Dark Knight\AppData\Local\atom\bin;C:\Program Files (x86)\Microsoft Visual Studio\2019\BuildTools\MSBuild\Current\Bin;C:\Users\Dark Knight\AppData\Local\Microsoft\WindowsApps
USERNAME=Dark Knight
OS=Windows_NT
PROCESSOR_IDENTIFIER=Intel64 Family 6 Model 158 Stepping 10, GenuineIntel



---------------  S Y S T E M  ---------------

OS: Windows 10 , 64 bit Build 19041 (10.0.19041.1023)
OS uptime: 9 days 23:07 hours

CPU:total 8 (initial active 8) (4 cores per cpu, 2 threads per core) family 6 model 158 stepping 10, cmov, cx8, fxsr, mmx, sse, sse2, sse3, ssse3, sse4.1, sse4.2, popcnt, avx, avx2, aes, clmul, erms, 3dnowpref, lzcnt, ht, tsc, tscinvbit, bmi1, bmi2, adx, fma

Memory: 4k page, system-wide physical 8112M (797M free)
TotalPageFile size 12208M (AvailPageFile size 5M)
current process WorkingSet (physical memory assigned to process): 236M, peak: 237M
current process commit charge ("private bytes"): 307M, peak: 307M

vm_info: OpenJDK 64-Bit Server VM (11.0.8+10-b944.6842174) for windows-amd64 JRE (11.0.8+10-b944.6842174), built on Sep 19 2020 01:11:42 by "builder" with MS VC++ 14.0 (VS2015)

END.
