#
# There is insufficient memory for the Java Runtime Environment to continue.
# Native memory allocation (malloc) failed to allocate 716176 bytes for Chunk::new
# Possible reasons:
#   The system is out of physical RAM or swap space
#   The process is running with CompressedOops enabled, and the Java Heap may be blocking the growth of the native heap
# Possible solutions:
#   Reduce memory load on the system
#   Increase physical memory or swap space
#   Check if swap backing store is full
#   Decrease Java heap size (-Xmx/-Xms)
#   Decrease number of Java threads
#   Decrease Java thread stack sizes (-Xss)
#   Set larger code cache with -XX:ReservedCodeCacheSize=
#   JVM is running with Unscaled Compressed Oops mode in which the Java heap is
#     placed in the first 4GB address space. The Java Heap base address is the
#     maximum limit for the native heap growth. Please use -XX:HeapBaseMinAddress
#     to set the Java Heap base and to place the Java Heap above 4GB virtual address.
# This output file may be truncated or incomplete.
#
#  Out of Memory Error (./src/hotspot/share/memory/arena.cpp:197), pid=27384, tid=35600
#
# JRE version: OpenJDK Runtime Environment (11.0.8+10) (build 11.0.8+10-b944.6842174)
# Java VM: OpenJDK 64-Bit Server VM (11.0.8+10-b944.6842174, mixed mode, tiered, compressed oops, g1 gc, windows-amd64)
# No core dump will be written. Minidumps are not enabled by default on client versions of Windows
#

---------------  S U M M A R Y ------------

Command Line: --add-opens=java.base/java.util=ALL-UNNAMED --add-opens=java.base/java.lang=ALL-UNNAMED --add-opens=java.base/java.lang.invoke=ALL-UNNAMED --add-opens=java.prefs/java.util.prefs=ALL-UNNAMED -Xmx2048m -Dfile.encoding=UTF-8 -Duser.country=IN -Duser.language=en -Duser.variant org.gradle.launcher.daemon.bootstrap.GradleDaemon 6.7.1

Host: Intel(R) Core(TM) i5-9300H CPU @ 2.40GHz, 8 cores, 7G,  Windows 10 , 64 bit Build 19041 (10.0.19041.1023)
Time: Wed Jul 28 17:11:42 2021 India Standard Time elapsed time: 5 seconds (0d 0h 0m 5s)

---------------  T H R E A D  ---------------

Current thread (0x0000022efc1a8800):  JavaThread "C2 CompilerThread1" daemon [_thread_in_native, id=35600, stack(0x000000917bb00000,0x000000917bc00000)]


Current CompileTask:
C2:   5200 2696   !   4       java.net.URL::<init> (543 bytes)

Stack: [0x000000917bb00000,0x000000917bc00000]
Native frames: (J=compiled Java code, j=interpreted, Vv=VM code, C=native code)
V  [jvm.dll+0x5de50a]
V  [jvm.dll+0x7122f5]
V  [jvm.dll+0x71384d]
V  [jvm.dll+0x713f03]
V  [jvm.dll+0x23e728]
V  [jvm.dll+0xb899c]
V  [jvm.dll+0xb8e9c]
V  [jvm.dll+0x2b20e4]
V  [jvm.dll+0x502098]
V  [jvm.dll+0x1ff393]
V  [jvm.dll+0x1f917c]
V  [jvm.dll+0x1f685f]
V  [jvm.dll+0x17f32c]
V  [jvm.dll+0x205047]
V  [jvm.dll+0x203891]
V  [jvm.dll+0x6dad3f]
V  [jvm.dll+0x6d3895]
V  [jvm.dll+0x5dd4a6]
C  [ucrtbase.dll+0x21bb2]
C  [KERNEL32.DLL+0x17034]
C  [ntdll.dll+0x52651]


---------------  P R O C E S S  ---------------

Threads class SMR info:
_java_thread_list=0x0000022effe73960, length=32, elements={
0x0000022eedb7a800, 0x0000022ef9653800, 0x0000022ef9656800, 0x0000022ef9661000,
0x0000022ef9fd3800, 0x0000022ef9fd5800, 0x0000022ef966b000, 0x0000022ef966f800,
0x0000022efa126000, 0x0000022efa148800, 0x0000022efbe60800, 0x0000022efb886800,
0x0000022efb9c7800, 0x0000022efc2c5000, 0x0000022efb523000, 0x0000022efb51a000,
0x0000022efc200000, 0x0000022efb272000, 0x0000022efbab0000, 0x0000022efb187000,
0x0000022efc2af000, 0x0000022efc2af800, 0x0000022efc2b0800, 0x0000022efc1a8800,
0x0000022efc2ab800, 0x0000022efc2ab000, 0x0000022efc2b1800, 0x0000022efc2ac800,
0x0000022efde60000, 0x0000022efc2ad000, 0x0000022efc2ae000, 0x0000022efddff800
}

Java Threads: ( => current thread )
  0x0000022eedb7a800 JavaThread "main" [_thread_blocked, id=39352, stack(0x0000009179200000,0x0000009179300000)]
  0x0000022ef9653800 JavaThread "Reference Handler" daemon [_thread_blocked, id=33500, stack(0x0000009179900000,0x0000009179a00000)]
  0x0000022ef9656800 JavaThread "Finalizer" daemon [_thread_blocked, id=9776, stack(0x0000009179a00000,0x0000009179b00000)]
  0x0000022ef9661000 JavaThread "Signal Dispatcher" daemon [_thread_blocked, id=31776, stack(0x0000009179b00000,0x0000009179c00000)]
  0x0000022ef9fd3800 JavaThread "Attach Listener" daemon [_thread_blocked, id=29700, stack(0x0000009179c00000,0x0000009179d00000)]
  0x0000022ef9fd5800 JavaThread "C2 CompilerThread0" daemon [_thread_in_native, id=4040, stack(0x0000009179d00000,0x0000009179e00000)]
  0x0000022ef966b000 JavaThread "C1 CompilerThread0" daemon [_thread_in_vm, id=39212, stack(0x0000009179e00000,0x0000009179f00000)]
  0x0000022ef966f800 JavaThread "Sweeper thread" daemon [_thread_blocked, id=14928, stack(0x0000009179f00000,0x000000917a000000)]
  0x0000022efa126000 JavaThread "Common-Cleaner" daemon [_thread_blocked, id=33272, stack(0x000000917a000000,0x000000917a100000)]
  0x0000022efa148800 JavaThread "Service Thread" daemon [_thread_blocked, id=10760, stack(0x000000917a100000,0x000000917a200000)]
  0x0000022efbe60800 JavaThread "Daemon health stats" [_thread_blocked, id=40720, stack(0x000000917a700000,0x000000917a800000)]
  0x0000022efb886800 JavaThread "Incoming local TCP Connector on port 53896" [_thread_in_native, id=30536, stack(0x000000917a800000,0x000000917a900000)]
  0x0000022efb9c7800 JavaThread "Daemon periodic checks" [_thread_blocked, id=25804, stack(0x000000917a900000,0x000000917aa00000)]
  0x0000022efc2c5000 JavaThread "Daemon" [_thread_blocked, id=23448, stack(0x000000917aa00000,0x000000917ab00000)]
  0x0000022efb523000 JavaThread "Handler for socket connection from /127.0.0.1:53896 to /127.0.0.1:53897" [_thread_in_native, id=4924, stack(0x000000917ab00000,0x000000917ac00000)]
  0x0000022efb51a000 JavaThread "Cancel handler" [_thread_blocked, id=39968, stack(0x000000917ac00000,0x000000917ad00000)]
  0x0000022efc200000 JavaThread "Daemon worker" [_thread_in_Java, id=40056, stack(0x000000917ad00000,0x000000917ae00000)]
  0x0000022efb272000 JavaThread "Asynchronous log dispatcher for DefaultDaemonConnection: socket connection from /127.0.0.1:53896 to /127.0.0.1:53897" [_thread_in_Java, id=41872, stack(0x000000917ae00000,0x000000917af00000)]
  0x0000022efbab0000 JavaThread "Stdin handler" [_thread_blocked, id=33968, stack(0x000000917af00000,0x000000917b000000)]
  0x0000022efb187000 JavaThread "Thread-8" [_thread_blocked, id=14236, stack(0x000000917b000000,0x000000917b100000)]
  0x0000022efc2af000 JavaThread "Cache worker for file hash cache (C:\Users\Dark Knight\.gradle\caches\6.7.1\fileHashes)" [_thread_blocked, id=22880, stack(0x000000917b700000,0x000000917b800000)]
  0x0000022efc2af800 JavaThread "File lock request listener" [_thread_in_native, id=2552, stack(0x000000917b800000,0x000000917b900000)]
  0x0000022efc2b0800 JavaThread "Cache worker for journal cache (C:\Users\Dark Knight\.gradle\caches\journal-1)" [_thread_blocked, id=41136, stack(0x000000917ba00000,0x000000917bb00000)]
=>0x0000022efc1a8800 JavaThread "C2 CompilerThread1" daemon [_thread_in_native, id=35600, stack(0x000000917bb00000,0x000000917bc00000)]
  0x0000022efc2ab800 JavaThread "Cache worker for file hash cache (C:\Android Projects\Udemy TUTORIAL\KidsDrawingApp\.gradle\6.7.1\fileHashes)" [_thread_blocked, id=38456, stack(0x000000917bc00000,0x000000917bd00000)]
  0x0000022efc2ab000 JavaThread "Cache worker for checksums cache (C:\Android Projects\Udemy TUTORIAL\KidsDrawingApp\.gradle\checksums)" [_thread_blocked, id=41620, stack(0x000000917bd00000,0x000000917be00000)]
  0x0000022efc2b1800 JavaThread "Cache worker for cache directory md-supplier (C:\Users\Dark Knight\.gradle\caches\6.7.1\md-supplier)" [_thread_blocked, id=25104, stack(0x000000917be00000,0x000000917bf00000)]
  0x0000022efc2ac800 JavaThread "Cache worker for cache directory md-rule (C:\Users\Dark Knight\.gradle\caches\6.7.1\md-rule)" [_thread_blocked, id=21908, stack(0x000000917bf00000,0x000000917c000000)]
  0x0000022efde60000 JavaThread "C2 CompilerThread2" daemon [_thread_in_native, id=32152, stack(0x000000917c000000,0x000000917c100000)]
  0x0000022efc2ad000 JavaThread "Cache worker for execution history cache (C:\Users\Dark Knight\.gradle\caches\6.7.1\executionHistory)" [_thread_blocked, id=33544, stack(0x000000917c100000,0x000000917c200000)]
  0x0000022efc2ae000 JavaThread "jar transforms" [_thread_blocked, id=26368, stack(0x000000917c200000,0x000000917c300000)]
  0x0000022efddff800 JavaThread "Cache worker for file content cache (C:\Users\Dark Knight\.gradle\caches\6.7.1\fileContent)" [_thread_blocked, id=19216, stack(0x000000917c300000,0x000000917c400000)]

Other Threads:
  0x0000022ef964f000 VMThread "VM Thread" [stack: 0x0000009179800000,0x0000009179900000] [id=38792]
  0x0000022efa14a000 WatcherThread [stack: 0x000000917a200000,0x000000917a300000] [id=15472]
  0x0000022eedb92000 GCTaskThread "GC Thread#0" [stack: 0x0000009179300000,0x0000009179400000] [id=20992]
  0x0000022efb12c800 GCTaskThread "GC Thread#1" [stack: 0x000000917a500000,0x000000917a600000] [id=15200]
  0x0000022efb081000 GCTaskThread "GC Thread#2" [stack: 0x000000917a600000,0x000000917a700000] [id=27720]
  0x0000022efc3c4800 GCTaskThread "GC Thread#3" [stack: 0x000000917b100000,0x000000917b200000] [id=36988]
  0x0000022efb65a000 GCTaskThread "GC Thread#4" [stack: 0x000000917b200000,0x000000917b300000] [id=40900]
  0x0000022efb34c000 GCTaskThread "GC Thread#5" [stack: 0x000000917b300000,0x000000917b400000] [id=17172]
  0x0000022efb3cd000 GCTaskThread "GC Thread#6" [stack: 0x000000917b400000,0x000000917b500000] [id=40952]
  0x0000022efb64d000 GCTaskThread "GC Thread#7" [stack: 0x000000917b500000,0x000000917b600000] [id=21272]
  0x0000022eedbc2000 ConcurrentGCThread "G1 Main Marker" [stack: 0x0000009179400000,0x0000009179500000] [id=21044]
  0x0000022eedbc5800 ConcurrentGCThread "G1 Conc#0" [stack: 0x0000009179500000,0x0000009179600000] [id=33492]
  0x0000022efbdc4800 ConcurrentGCThread "G1 Conc#1" [stack: 0x000000917b900000,0x000000917ba00000] [id=16968]
  0x0000022eedc56800 ConcurrentGCThread "G1 Refine#0" [stack: 0x0000009179600000,0x0000009179700000] [id=3252]
  0x0000022efb255800 ConcurrentGCThread "G1 Refine#1" [stack: 0x000000917b600000,0x000000917b700000] [id=34868]
  0x0000022ef94a0800 ConcurrentGCThread "G1 Young RemSet Sampling" [stack: 0x0000009179700000,0x0000009179800000] [id=18292]

Threads with active compile tasks:
C2 CompilerThread0   5220 2839       4       org.gradle.internal.logging.text.AbstractLineChoppingStyledTextOutput$1::execute (9 bytes)
C2 CompilerThread1   5220 2696   !   4       java.net.URL::<init> (543 bytes)
C2 CompilerThread2   5220 2838       4       org.gradle.internal.logging.text.AbstractLineChoppingStyledTextOutput::doAppend (43 bytes)

VM state:not at safepoint (normal execution)

VM Mutex/Monitor currently owned by a thread:  ([mutex/lock_event])
[0x0000022eedb76cf0] AdapterHandlerLibrary_lock - owner thread: 0x0000000000000000

OutOfMemory and StackOverflow Exception counts:
OutOfMemoryError java_heap_errors=2
LinkageErrors=51

Heap address: 0x0000000080000000, size: 2048 MB, Compressed Oops mode: 32-bit
Narrow klass base: 0x0000000000000000, Narrow klass shift: 3
Compressed class space size: 1073741824 Address: 0x0000000100000000

Heap:
 garbage-first heap   total 131072K, used 30793K [0x0000000080000000, 0x0000000100000000)
  region size 1024K, 13 young (13312K), 6 survivors (6144K)
 Metaspace       used 35565K, capacity 36344K, committed 36480K, reserved 1081344K
  class space    used 4618K, capacity 4897K, committed 4992K, reserved 1048576K
Heap Regions: E=young(eden), S=young(survivor), O=old, HS=humongous(starts), HC=humongous(continues), CS=collection set, F=free, A=archive, TAMS=top-at-mark-start (previous, next)
|   0|0x0000000080000000, 0x0000000080100000, 0x0000000080100000|100%| O|  |TAMS 0x0000000080100000, 0x0000000080000000| Untracked 
|   1|0x0000000080100000, 0x0000000080200000, 0x0000000080200000|100%| O|  |TAMS 0x0000000080200000, 0x0000000080100000| Untracked 
|   2|0x0000000080200000, 0x0000000080300000, 0x0000000080300000|100%| O|  |TAMS 0x0000000080300000, 0x0000000080200000| Untracked 
|   3|0x0000000080300000, 0x0000000080400000, 0x0000000080400000|100%|HS|  |TAMS 0x0000000080400000, 0x0000000080300000| Complete 
|   4|0x0000000080400000, 0x0000000080500000, 0x0000000080500000|100%|HC|  |TAMS 0x0000000080500000, 0x0000000080400000| Complete 
|   5|0x0000000080500000, 0x0000000080600000, 0x0000000080600000|100%|HC|  |TAMS 0x0000000080600000, 0x0000000080500000| Complete 
|   6|0x0000000080600000, 0x0000000080700000, 0x0000000080700000|100%| O|  |TAMS 0x0000000080700000, 0x0000000080600000| Untracked 
|   7|0x0000000080700000, 0x0000000080800000, 0x0000000080800000|100%| O|  |TAMS 0x0000000080800000, 0x0000000080700000| Untracked 
|   8|0x0000000080800000, 0x0000000080900000, 0x0000000080900000|100%| O|  |TAMS 0x0000000080900000, 0x0000000080800000| Untracked 
|   9|0x0000000080900000, 0x0000000080a00000, 0x0000000080a00000|100%| O|  |TAMS 0x0000000080a00000, 0x0000000080900000| Untracked 
|  10|0x0000000080a00000, 0x0000000080b00000, 0x0000000080b00000|100%| O|  |TAMS 0x0000000080b00000, 0x0000000080a00000| Untracked 
|  11|0x0000000080b00000, 0x0000000080c00000, 0x0000000080c00000|100%| O|  |TAMS 0x0000000080c00000, 0x0000000080b00000| Untracked 
|  12|0x0000000080c00000, 0x0000000080d00000, 0x0000000080d00000|100%| O|  |TAMS 0x0000000080d00000, 0x0000000080c00000| Untracked 
|  13|0x0000000080d00000, 0x0000000080e00000, 0x0000000080e00000|100%| O|  |TAMS 0x0000000080e00000, 0x0000000080d00000| Untracked 
|  14|0x0000000080e00000, 0x0000000080f00000, 0x0000000080f00000|100%| O|  |TAMS 0x0000000080f00000, 0x0000000080e00000| Untracked 
|  15|0x0000000080f00000, 0x0000000080f58200, 0x0000000081000000| 34%| O|  |TAMS 0x0000000080f58200, 0x0000000080f00000| Untracked 
|  16|0x0000000081000000, 0x0000000081100000, 0x0000000081100000|100%|HS|  |TAMS 0x0000000081000000, 0x0000000081000000| Complete 
|  17|0x0000000081100000, 0x0000000081200000, 0x0000000081200000|100%|HS|  |TAMS 0x0000000081100000, 0x0000000081100000| Complete 
|  18|0x0000000081200000, 0x0000000081300000, 0x0000000081300000|100%|HC|  |TAMS 0x0000000081200000, 0x0000000081200000| Complete 
|  19|0x0000000081300000, 0x0000000081300000, 0x0000000081400000|  0%| F|  |TAMS 0x0000000081300000, 0x0000000081300000| Untracked 
|  20|0x0000000081400000, 0x0000000081400000, 0x0000000081500000|  0%| F|  |TAMS 0x0000000081400000, 0x0000000081400000| Untracked 
|  21|0x0000000081500000, 0x0000000081500000, 0x0000000081600000|  0%| F|  |TAMS 0x0000000081500000, 0x0000000081500000| Untracked 
|  22|0x0000000081600000, 0x0000000081600000, 0x0000000081700000|  0%| F|  |TAMS 0x0000000081600000, 0x0000000081600000| Untracked 
|  23|0x0000000081700000, 0x0000000081700000, 0x0000000081800000|  0%| F|  |TAMS 0x0000000081700000, 0x0000000081700000| Untracked 
|  24|0x0000000081800000, 0x0000000081800000, 0x0000000081900000|  0%| F|  |TAMS 0x0000000081800000, 0x0000000081800000| Untracked 
|  25|0x0000000081900000, 0x0000000081900000, 0x0000000081a00000|  0%| F|  |TAMS 0x0000000081900000, 0x0000000081900000| Untracked 
|  26|0x0000000081a00000, 0x0000000081a00000, 0x0000000081b00000|  0%| F|  |TAMS 0x0000000081a00000, 0x0000000081a00000| Untracked 
|  27|0x0000000081b00000, 0x0000000081b00000, 0x0000000081c00000|  0%| F|  |TAMS 0x0000000081b00000, 0x0000000081b00000| Untracked 
|  28|0x0000000081c00000, 0x0000000081c00000, 0x0000000081d00000|  0%| F|  |TAMS 0x0000000081c00000, 0x0000000081c00000| Untracked 
|  29|0x0000000081d00000, 0x0000000081d00000, 0x0000000081e00000|  0%| F|  |TAMS 0x0000000081d00000, 0x0000000081d00000| Untracked 
|  30|0x0000000081e00000, 0x0000000081e00000, 0x0000000081f00000|  0%| F|  |TAMS 0x0000000081e00000, 0x0000000081e00000| Untracked 
|  31|0x0000000081f00000, 0x0000000081f00000, 0x0000000082000000|  0%| F|  |TAMS 0x0000000081f00000, 0x0000000081f00000| Untracked 
|  32|0x0000000082000000, 0x0000000082000000, 0x0000000082100000|  0%| F|  |TAMS 0x0000000082000000, 0x0000000082000000| Untracked 
|  33|0x0000000082100000, 0x0000000082100000, 0x0000000082200000|  0%| F|  |TAMS 0x0000000082100000, 0x0000000082100000| Untracked 
|  34|0x0000000082200000, 0x0000000082200000, 0x0000000082300000|  0%| F|  |TAMS 0x0000000082200000, 0x0000000082200000| Untracked 
|  35|0x0000000082300000, 0x0000000082300000, 0x0000000082400000|  0%| F|  |TAMS 0x0000000082300000, 0x0000000082300000| Untracked 
|  36|0x0000000082400000, 0x0000000082400000, 0x0000000082500000|  0%| F|  |TAMS 0x0000000082400000, 0x0000000082400000| Untracked 
|  37|0x0000000082500000, 0x0000000082500000, 0x0000000082600000|  0%| F|  |TAMS 0x0000000082500000, 0x0000000082500000| Untracked 
|  38|0x0000000082600000, 0x0000000082600000, 0x0000000082700000|  0%| F|  |TAMS 0x0000000082600000, 0x0000000082600000| Untracked 
|  39|0x0000000082700000, 0x0000000082700000, 0x0000000082800000|  0%| F|  |TAMS 0x0000000082700000, 0x0000000082700000| Untracked 
|  40|0x0000000082800000, 0x0000000082800000, 0x0000000082900000|  0%| F|  |TAMS 0x0000000082800000, 0x0000000082800000| Untracked 
|  41|0x0000000082900000, 0x0000000082900000, 0x0000000082a00000|  0%| F|  |TAMS 0x0000000082900000, 0x0000000082900000| Untracked 
|  42|0x0000000082a00000, 0x0000000082a00000, 0x0000000082b00000|  0%| F|  |TAMS 0x0000000082a00000, 0x0000000082a00000| Untracked 
|  43|0x0000000082b00000, 0x0000000082b00000, 0x0000000082c00000|  0%| F|  |TAMS 0x0000000082b00000, 0x0000000082b00000| Untracked 
|  44|0x0000000082c00000, 0x0000000082c00000, 0x0000000082d00000|  0%| F|  |TAMS 0x0000000082c00000, 0x0000000082c00000| Untracked 
|  45|0x0000000082d00000, 0x0000000082d00000, 0x0000000082e00000|  0%| F|  |TAMS 0x0000000082d00000, 0x0000000082d00000| Untracked 
|  46|0x0000000082e00000, 0x0000000082e00000, 0x0000000082f00000|  0%| F|  |TAMS 0x0000000082e00000, 0x0000000082e00000| Untracked 
|  47|0x0000000082f00000, 0x0000000082f00000, 0x0000000083000000|  0%| F|  |TAMS 0x0000000082f00000, 0x0000000082f00000| Untracked 
|  48|0x0000000083000000, 0x0000000083000000, 0x0000000083100000|  0%| F|  |TAMS 0x0000000083000000, 0x0000000083000000| Untracked 
|  49|0x0000000083100000, 0x0000000083100000, 0x0000000083200000|  0%| F|  |TAMS 0x0000000083100000, 0x0000000083100000| Untracked 
|  50|0x0000000083200000, 0x0000000083200000, 0x0000000083300000|  0%| F|  |TAMS 0x0000000083200000, 0x0000000083200000| Untracked 
|  51|0x0000000083300000, 0x0000000083300000, 0x0000000083400000|  0%| F|  |TAMS 0x0000000083300000, 0x0000000083300000| Untracked 
|  52|0x0000000083400000, 0x0000000083400000, 0x0000000083500000|  0%| F|  |TAMS 0x0000000083400000, 0x0000000083400000| Untracked 
|  53|0x0000000083500000, 0x0000000083500000, 0x0000000083600000|  0%| F|  |TAMS 0x0000000083500000, 0x0000000083500000| Untracked 
|  54|0x0000000083600000, 0x0000000083600000, 0x0000000083700000|  0%| F|  |TAMS 0x0000000083600000, 0x0000000083600000| Untracked 
|  55|0x0000000083700000, 0x0000000083700000, 0x0000000083800000|  0%| F|  |TAMS 0x0000000083700000, 0x0000000083700000| Untracked 
|  56|0x0000000083800000, 0x0000000083800000, 0x0000000083900000|  0%| F|  |TAMS 0x0000000083800000, 0x0000000083800000| Untracked 
|  57|0x0000000083900000, 0x0000000083900000, 0x0000000083a00000|  0%| F|  |TAMS 0x0000000083900000, 0x0000000083900000| Untracked 
|  58|0x0000000083a00000, 0x0000000083a00000, 0x0000000083b00000|  0%| F|  |TAMS 0x0000000083a00000, 0x0000000083a00000| Untracked 
|  59|0x0000000083b00000, 0x0000000083b00000, 0x0000000083c00000|  0%| F|  |TAMS 0x0000000083b00000, 0x0000000083b00000| Untracked 
|  60|0x0000000083c00000, 0x0000000083c00000, 0x0000000083d00000|  0%| F|  |TAMS 0x0000000083c00000, 0x0000000083c00000| Untracked 
|  61|0x0000000083d00000, 0x0000000083d00000, 0x0000000083e00000|  0%| F|  |TAMS 0x0000000083d00000, 0x0000000083d00000| Untracked 
|  62|0x0000000083e00000, 0x0000000083e00000, 0x0000000083f00000|  0%| F|  |TAMS 0x0000000083e00000, 0x0000000083e00000| Untracked 
|  63|0x0000000083f00000, 0x0000000083f00000, 0x0000000084000000|  0%| F|  |TAMS 0x0000000083f00000, 0x0000000083f00000| Untracked 
|  64|0x0000000084000000, 0x0000000084000000, 0x0000000084100000|  0%| F|  |TAMS 0x0000000084000000, 0x0000000084000000| Untracked 
|  65|0x0000000084100000, 0x0000000084100000, 0x0000000084200000|  0%| F|  |TAMS 0x0000000084100000, 0x0000000084100000| Untracked 
|  66|0x0000000084200000, 0x0000000084200000, 0x0000000084300000|  0%| F|  |TAMS 0x0000000084200000, 0x0000000084200000| Untracked 
|  67|0x0000000084300000, 0x0000000084300000, 0x0000000084400000|  0%| F|  |TAMS 0x0000000084300000, 0x0000000084300000| Untracked 
|  68|0x0000000084400000, 0x0000000084400000, 0x0000000084500000|  0%| F|  |TAMS 0x0000000084400000, 0x0000000084400000| Untracked 
|  69|0x0000000084500000, 0x0000000084500000, 0x0000000084600000|  0%| F|  |TAMS 0x0000000084500000, 0x0000000084500000| Untracked 
|  70|0x0000000084600000, 0x0000000084600000, 0x0000000084700000|  0%| F|  |TAMS 0x0000000084600000, 0x0000000084600000| Untracked 
|  71|0x0000000084700000, 0x00000000847ba2f0, 0x0000000084800000| 72%| S|CS|TAMS 0x0000000084700000, 0x0000000084700000| Complete 
|  72|0x0000000084800000, 0x0000000084900000, 0x0000000084900000|100%| S|CS|TAMS 0x0000000084800000, 0x0000000084800000| Complete 
|  73|0x0000000084900000, 0x0000000084a00000, 0x0000000084a00000|100%| S|CS|TAMS 0x0000000084900000, 0x0000000084900000| Complete 
|  74|0x0000000084a00000, 0x0000000084a00000, 0x0000000084b00000|  0%| F|  |TAMS 0x0000000084a00000, 0x0000000084a00000| Untracked 
|  75|0x0000000084b00000, 0x0000000084b00000, 0x0000000084c00000|  0%| F|  |TAMS 0x0000000084b00000, 0x0000000084b00000| Untracked 
|  76|0x0000000084c00000, 0x0000000084c00000, 0x0000000084d00000|  0%| F|  |TAMS 0x0000000084c00000, 0x0000000084c00000| Untracked 
|  77|0x0000000084d00000, 0x0000000084e00000, 0x0000000084e00000|100%| S|CS|TAMS 0x0000000084d00000, 0x0000000084d00000| Complete 
|  78|0x0000000084e00000, 0x0000000084f00000, 0x0000000084f00000|100%| S|CS|TAMS 0x0000000084e00000, 0x0000000084e00000| Complete 
|  79|0x0000000084f00000, 0x0000000085000000, 0x0000000085000000|100%| S|CS|TAMS 0x0000000084f00000, 0x0000000084f00000| Complete 
|  80|0x0000000085000000, 0x0000000085000000, 0x0000000085100000|  0%| F|  |TAMS 0x0000000085000000, 0x0000000085000000| Untracked 
|  81|0x0000000085100000, 0x0000000085100000, 0x0000000085200000|  0%| F|  |TAMS 0x0000000085100000, 0x0000000085100000| Untracked 
|  82|0x0000000085200000, 0x0000000085200000, 0x0000000085300000|  0%| F|  |TAMS 0x0000000085200000, 0x0000000085200000| Untracked 
|  83|0x0000000085300000, 0x0000000085300000, 0x0000000085400000|  0%| F|  |TAMS 0x0000000085300000, 0x0000000085300000| Untracked 
|  84|0x0000000085400000, 0x0000000085400000, 0x0000000085500000|  0%| F|  |TAMS 0x0000000085400000, 0x0000000085400000| Untracked 
|  85|0x0000000085500000, 0x0000000085500000, 0x0000000085600000|  0%| F|  |TAMS 0x0000000085500000, 0x0000000085500000| Untracked 
|  86|0x0000000085600000, 0x0000000085600000, 0x0000000085700000|  0%| F|  |TAMS 0x0000000085600000, 0x0000000085600000| Untracked 
|  87|0x0000000085700000, 0x0000000085700000, 0x0000000085800000|  0%| F|  |TAMS 0x0000000085700000, 0x0000000085700000| Untracked 
|  88|0x0000000085800000, 0x0000000085800000, 0x0000000085900000|  0%| F|  |TAMS 0x0000000085800000, 0x0000000085800000| Untracked 
|  89|0x0000000085900000, 0x0000000085900000, 0x0000000085a00000|  0%| F|  |TAMS 0x0000000085900000, 0x0000000085900000| Untracked 
|  90|0x0000000085a00000, 0x0000000085a00000, 0x0000000085b00000|  0%| F|  |TAMS 0x0000000085a00000, 0x0000000085a00000| Untracked 
|  91|0x0000000085b00000, 0x0000000085b00000, 0x0000000085c00000|  0%| F|  |TAMS 0x0000000085b00000, 0x0000000085b00000| Untracked 
|  92|0x0000000085c00000, 0x0000000085c00000, 0x0000000085d00000|  0%| F|  |TAMS 0x0000000085c00000, 0x0000000085c00000| Untracked 
|  93|0x0000000085d00000, 0x0000000085d00000, 0x0000000085e00000|  0%| F|  |TAMS 0x0000000085d00000, 0x0000000085d00000| Untracked 
|  94|0x0000000085e00000, 0x0000000085e00000, 0x0000000085f00000|  0%| F|  |TAMS 0x0000000085e00000, 0x0000000085e00000| Untracked 
|  95|0x0000000085f00000, 0x0000000085f00000, 0x0000000086000000|  0%| F|  |TAMS 0x0000000085f00000, 0x0000000085f00000| Untracked 
|  96|0x0000000086000000, 0x0000000086000000, 0x0000000086100000|  0%| F|  |TAMS 0x0000000086000000, 0x0000000086000000| Untracked 
|  97|0x0000000086100000, 0x0000000086100000, 0x0000000086200000|  0%| F|  |TAMS 0x0000000086100000, 0x0000000086100000| Untracked 
|  98|0x0000000086200000, 0x0000000086200000, 0x0000000086300000|  0%| F|  |TAMS 0x0000000086200000, 0x0000000086200000| Untracked 
|  99|0x0000000086300000, 0x0000000086300000, 0x0000000086400000|  0%| F|  |TAMS 0x0000000086300000, 0x0000000086300000| Untracked 
| 100|0x0000000086400000, 0x0000000086400000, 0x0000000086500000|  0%| F|  |TAMS 0x0000000086400000, 0x0000000086400000| Untracked 
| 101|0x0000000086500000, 0x0000000086500000, 0x0000000086600000|  0%| F|  |TAMS 0x0000000086500000, 0x0000000086500000| Untracked 
| 102|0x0000000086600000, 0x0000000086600000, 0x0000000086700000|  0%| F|  |TAMS 0x0000000086600000, 0x0000000086600000| Untracked 
| 103|0x0000000086700000, 0x0000000086700000, 0x0000000086800000|  0%| F|  |TAMS 0x0000000086700000, 0x0000000086700000| Untracked 
| 104|0x0000000086800000, 0x0000000086800000, 0x0000000086900000|  0%| F|  |TAMS 0x0000000086800000, 0x0000000086800000| Untracked 
| 105|0x0000000086900000, 0x0000000086900000, 0x0000000086a00000|  0%| F|  |TAMS 0x0000000086900000, 0x0000000086900000| Untracked 
| 106|0x0000000086a00000, 0x0000000086a00000, 0x0000000086b00000|  0%| F|  |TAMS 0x0000000086a00000, 0x0000000086a00000| Untracked 
| 107|0x0000000086b00000, 0x0000000086b00000, 0x0000000086c00000|  0%| F|  |TAMS 0x0000000086b00000, 0x0000000086b00000| Untracked 
| 108|0x0000000086c00000, 0x0000000086c00000, 0x0000000086d00000|  0%| F|  |TAMS 0x0000000086c00000, 0x0000000086c00000| Untracked 
| 109|0x0000000086d00000, 0x0000000086d00000, 0x0000000086e00000|  0%| F|  |TAMS 0x0000000086d00000, 0x0000000086d00000| Untracked 
| 110|0x0000000086e00000, 0x0000000086e00000, 0x0000000086f00000|  0%| F|  |TAMS 0x0000000086e00000, 0x0000000086e00000| Untracked 
| 111|0x0000000086f00000, 0x0000000086f00000, 0x0000000087000000|  0%| F|  |TAMS 0x0000000086f00000, 0x0000000086f00000| Untracked 
| 112|0x0000000087000000, 0x0000000087000000, 0x0000000087100000|  0%| F|  |TAMS 0x0000000087000000, 0x0000000087000000| Untracked 
| 113|0x0000000087100000, 0x0000000087100000, 0x0000000087200000|  0%| F|  |TAMS 0x0000000087100000, 0x0000000087100000| Untracked 
| 114|0x0000000087200000, 0x0000000087200000, 0x0000000087300000|  0%| F|  |TAMS 0x0000000087200000, 0x0000000087200000| Untracked 
| 115|0x0000000087300000, 0x0000000087300000, 0x0000000087400000|  0%| F|  |TAMS 0x0000000087300000, 0x0000000087300000| Untracked 
| 116|0x0000000087400000, 0x0000000087400000, 0x0000000087500000|  0%| F|  |TAMS 0x0000000087400000, 0x0000000087400000| Untracked 
| 117|0x0000000087500000, 0x0000000087500000, 0x0000000087600000|  0%| F|  |TAMS 0x0000000087500000, 0x0000000087500000| Untracked 
| 118|0x0000000087600000, 0x0000000087600000, 0x0000000087700000|  0%| F|  |TAMS 0x0000000087600000, 0x0000000087600000| Untracked 
| 119|0x0000000087700000, 0x0000000087700000, 0x0000000087800000|  0%| F|  |TAMS 0x0000000087700000, 0x0000000087700000| Untracked 
| 120|0x0000000087800000, 0x0000000087800000, 0x0000000087900000|  0%| F|  |TAMS 0x0000000087800000, 0x0000000087800000| Untracked 
| 121|0x0000000087900000, 0x0000000087a00000, 0x0000000087a00000|100%| E|  |TAMS 0x0000000087900000, 0x0000000087900000| Complete 
| 122|0x0000000087a00000, 0x0000000087b00000, 0x0000000087b00000|100%| E|CS|TAMS 0x0000000087a00000, 0x0000000087a00000| Complete 
| 123|0x0000000087b00000, 0x0000000087c00000, 0x0000000087c00000|100%| E|CS|TAMS 0x0000000087b00000, 0x0000000087b00000| Complete 
| 124|0x0000000087c00000, 0x0000000087d00000, 0x0000000087d00000|100%| E|CS|TAMS 0x0000000087c00000, 0x0000000087c00000| Complete 
| 125|0x0000000087d00000, 0x0000000087e00000, 0x0000000087e00000|100%| E|CS|TAMS 0x0000000087d00000, 0x0000000087d00000| Complete 
| 126|0x0000000087e00000, 0x0000000087f00000, 0x0000000087f00000|100%| E|CS|TAMS 0x0000000087e00000, 0x0000000087e00000| Complete 
| 127|0x0000000087f00000, 0x0000000088000000, 0x0000000088000000|100%| E|CS|TAMS 0x0000000087f00000, 0x0000000087f00000| Complete 

Card table byte_map: [0x0000022ef2380000,0x0000022ef2780000] _byte_map_base: 0x0000022ef1f80000

Marking Bits (Prev, Next): (CMBitMap*) 0x0000022eedbb93b8, (CMBitMap*) 0x0000022eedbb93f0
 Prev Bits: [0x0000022ef2b80000, 0x0000022ef4b80000)
 Next Bits: [0x0000022ef4b80000, 0x0000022ef6b80000)

Polling page: 0x0000022eec500000

Metaspace:

Usage:
  Non-class:     30.72 MB capacity,    30.25 MB ( 98%) used,   409.37 KB (  1%) free+waste,    67.38 KB ( <1%) overhead. 
      Class:      4.79 MB capacity,     4.52 MB ( 94%) used,   243.25 KB (  5%) free+waste,    32.88 KB ( <1%) overhead. 
       Both:     35.50 MB capacity,    34.77 MB ( 98%) used,   652.62 KB (  2%) free+waste,   100.25 KB ( <1%) overhead. 

Virtual space:
  Non-class space:       32.00 MB reserved,      30.75 MB ( 96%) committed 
      Class space:        1.00 GB reserved,       4.88 MB ( <1%) committed 
             Both:        1.03 GB reserved,      35.63 MB (  3%) committed 

Chunk freelists:
   Non-Class:  35.00 KB
       Class:  26.00 KB
        Both:  61.00 KB

MaxMetaspaceSize: 17179869184.00 GB
CompressedClassSpaceSize: 1.00 GB

CodeHeap 'non-profiled nmethods': size=120000Kb used=1372Kb max_used=1372Kb free=118627Kb
 bounds [0x0000022e87ad0000, 0x0000022e87d40000, 0x0000022e8f000000]
CodeHeap 'profiled nmethods': size=120000Kb used=5365Kb max_used=5365Kb free=114634Kb
 bounds [0x0000022e805a0000, 0x0000022e80af0000, 0x0000022e87ad0000]
CodeHeap 'non-nmethods': size=5760Kb used=1157Kb max_used=1188Kb free=4602Kb
 bounds [0x0000022e80000000, 0x0000022e80270000, 0x0000022e805a0000]
 total_blobs=3115 nmethods=2609 adapters=417
 compilation: enabled
              stopped_count=0, restarted_count=0
 full_count=0

Compilation events (20 events):
Event: 5.141 Thread 0x0000022ef966b000 2775  s!   3       java.beans.PropertyDescriptor::getWriteMethod (152 bytes)
Event: 5.143 Thread 0x0000022ef966b000 nmethod 2775 0x0000022e80abc790 code [0x0000022e80abcb20, 0x0000022e80abe9a8]
Event: 5.143 Thread 0x0000022ef966b000 2778       3       org.codehaus.groovy.util.SingleKeyHashMap::get (67 bytes)
Event: 5.144 Thread 0x0000022ef966b000 nmethod 2778 0x0000022e80abf210 code [0x0000022e80abf420, 0x0000022e80abfa98]
Event: 5.144 Thread 0x0000022ef966b000 2779       3       groovy.lang.MetaClassImpl::filterPropertyMethod (305 bytes)
Event: 5.145 Thread 0x0000022ef9fd5800 nmethod 2768 0x0000022e87c1e210 code [0x0000022e87c1e3a0, 0x0000022e87c1e778]
Event: 5.145 Thread 0x0000022ef9fd5800 2776       4       org.codehaus.groovy.reflection.ParameterTypes::getParameterTypes (16 bytes)
Event: 5.146 Thread 0x0000022ef966b000 nmethod 2779 0x0000022e80abfd10 code [0x0000022e80ac0040, 0x0000022e80ac1a48]
Event: 5.146 Thread 0x0000022ef966b000 2777       3       groovy.lang.MetaProperty::<init> (15 bytes)
Event: 5.147 Thread 0x0000022ef966b000 nmethod 2777 0x0000022e80ac2090 code [0x0000022e80ac2240, 0x0000022e80ac2458]
Event: 5.147 Thread 0x0000022ef966b000 2781       3       groovy.lang.MetaClassImpl::getPropName (72 bytes)
Event: 5.147 Thread 0x0000022ef966b000 nmethod 2781 0x0000022e80ac2510 code [0x0000022e80ac2760, 0x0000022e80ac2d48]
Event: 5.147 Thread 0x0000022ef966b000 2780       1       org.codehaus.groovy.reflection.GeneratedMetaMethod::getReturnType (5 bytes)
Event: 5.147 Thread 0x0000022ef966b000 nmethod 2780 0x0000022e87c1e910 code [0x0000022e87c1eac0, 0x0000022e87c1eb78]
Event: 5.147 Thread 0x0000022ef966b000 2782       1       org.codehaus.groovy.util.SingleKeyHashMap$Entry::getKey (5 bytes)
Event: 5.148 Thread 0x0000022ef966b000 nmethod 2782 0x0000022e87c1ec10 code [0x0000022e87c1edc0, 0x0000022e87c1ee78]
Event: 5.148 Thread 0x0000022ef966b000 2783       1       groovy.lang.MetaBeanProperty::getSetter (5 bytes)
Event: 5.148 Thread 0x0000022ef966b000 nmethod 2783 0x0000022e87c1ef10 code [0x0000022e87c1f0c0, 0x0000022e87c1f178]
Event: 5.149 Thread 0x0000022efde60000 nmethod 2748 0x0000022e87c1f210 code [0x0000022e87c1f3e0, 0x0000022e87c1fe08]
Event: 5.149 Thread 0x0000022efde60000 2784  s    4       java.lang.Throwable::fillInStackTrace (29 bytes)

GC Heap History (10 events):
Event: 0.950 GC heap before
{Heap before GC invocations=0 (full 0):
 garbage-first heap   total 131072K, used 29696K [0x0000000080000000, 0x0000000100000000)
  region size 1024K, 24 young (24576K), 0 survivors (0K)
 Metaspace       used 10472K, capacity 10677K, committed 11008K, reserved 1058816K
  class space    used 1097K, capacity 1195K, committed 1280K, reserved 1048576K
}
Event: 0.954 GC heap after
{Heap after GC invocations=1 (full 0):
 garbage-first heap   total 131072K, used 8785K [0x0000000080000000, 0x0000000100000000)
  region size 1024K, 3 young (3072K), 3 survivors (3072K)
 Metaspace       used 10472K, capacity 10677K, committed 11008K, reserved 1058816K
  class space    used 1097K, capacity 1195K, committed 1280K, reserved 1048576K
}
Event: 3.599 GC heap before
{Heap before GC invocations=1 (full 0):
 garbage-first heap   total 131072K, used 82513K [0x0000000080000000, 0x0000000100000000)
  region size 1024K, 76 young (77824K), 3 survivors (3072K)
 Metaspace       used 18918K, capacity 19378K, committed 19584K, reserved 1067008K
  class space    used 2285K, capacity 2426K, committed 2432K, reserved 1048576K
}
Event: 3.605 GC heap after
{Heap after GC invocations=2 (full 0):
 garbage-first heap   total 131072K, used 15674K [0x0000000080000000, 0x0000000100000000)
  region size 1024K, 10 young (10240K), 10 survivors (10240K)
 Metaspace       used 18918K, capacity 19378K, committed 19584K, reserved 1067008K
  class space    used 2285K, capacity 2426K, committed 2432K, reserved 1048576K
}
Event: 3.825 GC heap before
{Heap before GC invocations=2 (full 0):
 garbage-first heap   total 131072K, used 28986K [0x0000000080000000, 0x0000000100000000)
  region size 1024K, 24 young (24576K), 10 survivors (10240K)
 Metaspace       used 20680K, capacity 21115K, committed 21248K, reserved 1067008K
  class space    used 2539K, capacity 2712K, committed 2816K, reserved 1048576K
}
Event: 3.836 GC heap after
{Heap after GC invocations=3 (full 0):
 garbage-first heap   total 131072K, used 16613K [0x0000000080000000, 0x0000000100000000)
  region size 1024K, 1 young (1024K), 1 survivors (1024K)
 Metaspace       used 20680K, capacity 21115K, committed 21248K, reserved 1067008K
  class space    used 2539K, capacity 2712K, committed 2816K, reserved 1048576K
}
Event: 4.418 GC heap before
{Heap before GC invocations=4 (full 0):
 garbage-first heap   total 131072K, used 67813K [0x0000000080000000, 0x0000000100000000)
  region size 1024K, 51 young (52224K), 1 survivors (1024K)
 Metaspace       used 26386K, capacity 27001K, committed 27264K, reserved 1073152K
  class space    used 3459K, capacity 3698K, committed 3712K, reserved 1048576K
}
Event: 4.422 GC heap after
{Heap after GC invocations=5 (full 0):
 garbage-first heap   total 131072K, used 18237K [0x0000000080000000, 0x0000000100000000)
  region size 1024K, 3 young (3072K), 3 survivors (3072K)
 Metaspace       used 26386K, capacity 27001K, committed 27264K, reserved 1073152K
  class space    used 3459K, capacity 3698K, committed 3712K, reserved 1048576K
}
Event: 5.109 GC heap before
{Heap before GC invocations=5 (full 0):
 garbage-first heap   total 131072K, used 65341K [0x0000000080000000, 0x0000000100000000)
  region size 1024K, 51 young (52224K), 3 survivors (3072K)
 Metaspace       used 35123K, capacity 35777K, committed 35840K, reserved 1081344K
  class space    used 4568K, capacity 4858K, committed 4864K, reserved 1048576K
}
Event: 5.120 GC heap after
{Heap after GC invocations=6 (full 0):
 garbage-first heap   total 131072K, used 21577K [0x0000000080000000, 0x0000000100000000)
  region size 1024K, 6 young (6144K), 6 survivors (6144K)
 Metaspace       used 35123K, capacity 35777K, committed 35840K, reserved 1081344K
  class space    used 4568K, capacity 4858K, committed 4864K, reserved 1048576K
}

Deoptimization events (20 events):
Event: 5.084 Thread 0x0000022efc200000 Uncommon trap: trap_request=0xffffff4d fr.pc=0x0000022e87b53e18 relative=0x0000000000001f18
Event: 5.084 Thread 0x0000022efc200000 Uncommon trap: reason=unstable_if action=reinterpret pc=0x0000022e87b53e18 method=java.util.zip.ZipFile$Source.initCEN(ILjava/util/zip/ZipCoder;)V @ 582 c2
Event: 5.085 Thread 0x0000022efc200000 DEOPT PACKING pc=0x0000022e87b53e18 sp=0x000000917adf5420
Event: 5.085 Thread 0x0000022efc200000 DEOPT UNPACKING pc=0x0000022e800274af sp=0x000000917adf53f8 mode 2
Event: 5.085 Thread 0x0000022efc200000 Uncommon trap: trap_request=0xffffff4d fr.pc=0x0000022e87bd8158 relative=0x0000000000005eb8
Event: 5.085 Thread 0x0000022efc200000 Uncommon trap: reason=unstable_if action=reinterpret pc=0x0000022e87bd8158 method=java.net.URLClassLoader.defineClass(Ljava/lang/String;Ljdk/internal/loader/Resource;)Ljava/lang/Class; @ 21 c2
Event: 5.085 Thread 0x0000022efc200000 DEOPT PACKING pc=0x0000022e87bd8158 sp=0x000000917adf8fc0
Event: 5.085 Thread 0x0000022efc200000 DEOPT UNPACKING pc=0x0000022e800274af sp=0x000000917adf8f20 mode 2
Event: 5.086 Thread 0x0000022efc200000 Uncommon trap: trap_request=0xffffff4d fr.pc=0x0000022e87bfda7c relative=0x000000000000071c
Event: 5.086 Thread 0x0000022efc200000 Uncommon trap: reason=unstable_if action=reinterpret pc=0x0000022e87bfda7c method=java.lang.Class.getPackageName()Ljava/lang/String; @ 55 c2
Event: 5.086 Thread 0x0000022efc200000 DEOPT PACKING pc=0x0000022e87bfda7c sp=0x000000917adf8cf0
Event: 5.086 Thread 0x0000022efc200000 DEOPT UNPACKING pc=0x0000022e800274af sp=0x000000917adf8cb0 mode 2
Event: 5.141 Thread 0x0000022efc200000 Uncommon trap: trap_request=0xffffffbe fr.pc=0x0000022e87c1c8ec relative=0x000000000000070c
Event: 5.141 Thread 0x0000022efc200000 Uncommon trap: reason=profile_predicate action=maybe_recompile pc=0x0000022e87c1c8ec method=java.lang.PublicMethods$MethodList.filter([Ljava/lang/reflect/Method;Ljava/lang/String;[Ljava/lang/Class;Z)Ljava/lang/PublicMethods$MethodList; @ 21 c2
Event: 5.141 Thread 0x0000022efc200000 DEOPT PACKING pc=0x0000022e87c1c8ec sp=0x000000917adf8d40
Event: 5.141 Thread 0x0000022efc200000 DEOPT UNPACKING pc=0x0000022e800274af sp=0x000000917adf8cf8 mode 2
Event: 5.141 Thread 0x0000022efc200000 Uncommon trap: trap_request=0xffffffbe fr.pc=0x0000022e87c1c8ec relative=0x000000000000070c
Event: 5.141 Thread 0x0000022efc200000 Uncommon trap: reason=profile_predicate action=maybe_recompile pc=0x0000022e87c1c8ec method=java.lang.PublicMethods$MethodList.filter([Ljava/lang/reflect/Method;Ljava/lang/String;[Ljava/lang/Class;Z)Ljava/lang/PublicMethods$MethodList; @ 21 c2
Event: 5.141 Thread 0x0000022efc200000 DEOPT PACKING pc=0x0000022e87c1c8ec sp=0x000000917adf8d40
Event: 5.141 Thread 0x0000022efc200000 DEOPT UNPACKING pc=0x0000022e800274af sp=0x000000917adf8cf8 mode 2

Classes redefined (0 events):
No events

Internal exceptions (20 events):
Event: 5.045 Thread 0x0000022efc200000 Exception <a 'java/lang/NoSuchMethodError'{0x00000000855c42d0}: 'int java.lang.invoke.DirectMethodHandle$Holder.invokeStatic(java.lang.Object, java.lang.Object, java.lang.Object, java.lang.Object, java.lang.Object)'> (0x00000000855c42d0) thrown at [./src/hotspot/share/interpreter/linkResolver.cpp, line 773]
Event: 5.077 Thread 0x0000022efc200000 Exception <a 'java/lang/NoSuchMethodError'{0x0000000085279ab8}: 'void java.lang.invoke.DirectMethodHandle$Holder.invokeStatic(java.lang.Object, java.lang.Object, java.lang.Object, java.lang.Object)'> (0x0000000085279ab8) thrown at [./src/hotspot/share/interpreter/linkResolver.cpp, line 773]
Event: 5.084 Thread 0x0000022efc200000 Implicit null exception at 0x0000022e87b52ba3 to 0x0000022e87b53df9
Event: 5.095 Thread 0x0000022efc200000 Exception <a 'java/lang/NoSuchMethodError'{0x000000008518bc58}: 'void java.lang.invoke.DirectMethodHandle$Holder.invokeStaticInit(java.lang.Object, java.lang.Object, java.lang.Object, java.lang.Object)'> (0x000000008518bc58) thrown at [./src/hotspot/share/interpreter/linkResolver.cpp, line 773]
Event: 5.097 Thread 0x0000022efc200000 Exception <a 'java/lang/ClassNotFoundException'{0x00000000851b1d60}: groovy/lang/BindingBeanInfo> (0x00000000851b1d60) thrown at [./src/hotspot/share/classfile/systemDictionary.cpp, line 231]
Event: 5.098 Thread 0x0000022efc200000 Exception <a 'java/lang/ClassNotFoundException'{0x00000000851bfe80}: groovy/lang/BindingCustomizer> (0x00000000851bfe80) thrown at [./src/hotspot/share/classfile/systemDictionary.cpp, line 231]
Event: 5.122 Thread 0x0000022efc200000 Exception <a 'java/lang/ClassNotFoundException'{0x0000000087f41dd8}: settings_65whiteoganahy4mb7iedjv8dBeanInfo> (0x0000000087f41dd8) thrown at [./src/hotspot/share/classfile/systemDictionary.cpp, line 231]
Event: 5.122 Thread 0x0000022efc200000 Exception <a 'java/lang/ClassNotFoundException'{0x0000000087f519f0}: org/gradle/initialization/SettingsScriptBeanInfo> (0x0000000087f519f0) thrown at [./src/hotspot/share/classfile/systemDictionary.cpp, line 231]
Event: 5.123 Thread 0x0000022efc200000 Exception <a 'java/lang/ClassNotFoundException'{0x0000000087f623e8}: org/gradle/plugin/use/internal/PluginsAwareScriptBeanInfo> (0x0000000087f623e8) thrown at [./src/hotspot/share/classfile/systemDictionary.cpp, line 231]
Event: 5.123 Thread 0x0000022efc200000 Exception <a 'java/lang/ClassNotFoundException'{0x0000000087f72048}: org/gradle/groovy/scripts/DefaultScriptBeanInfo> (0x0000000087f72048) thrown at [./src/hotspot/share/classfile/systemDictionary.cpp, line 231]
Event: 5.124 Thread 0x0000022efc200000 Exception <a 'java/lang/ClassNotFoundException'{0x0000000087f97700}: org/gradle/groovy/scripts/BasicScriptBeanInfo> (0x0000000087f97700) thrown at [./src/hotspot/share/classfile/systemDictionary.cpp, line 231]
Event: 5.124 Thread 0x0000022efc200000 Exception <a 'java/lang/ClassNotFoundException'{0x0000000087fa7380}: org/gradle/groovy/scripts/ScriptBeanInfo> (0x0000000087fa7380) thrown at [./src/hotspot/share/classfile/systemDictionary.cpp, line 231]
Event: 5.125 Thread 0x0000022efc200000 Exception <a 'java/lang/ClassNotFoundException'{0x0000000087fb5e60}: groovy/lang/ScriptBeanInfo> (0x0000000087fb5e60) thrown at [./src/hotspot/share/classfile/systemDictionary.cpp, line 231]
Event: 5.125 Thread 0x0000022efc200000 Exception <a 'java/lang/ClassNotFoundException'{0x0000000087fc5218}: groovy/lang/ScriptCustomizer> (0x0000000087fc5218) thrown at [./src/hotspot/share/classfile/systemDictionary.cpp, line 231]
Event: 5.126 Thread 0x0000022efc200000 Exception <a 'java/lang/ClassNotFoundException'{0x0000000087fdcc08}: org/gradle/groovy/scripts/ScriptCustomizer> (0x0000000087fdcc08) thrown at [./src/hotspot/share/classfile/systemDictionary.cpp, line 231]
Event: 5.127 Thread 0x0000022efc200000 Exception <a 'java/lang/ClassNotFoundException'{0x0000000087ff32d8}: org/gradle/groovy/scripts/BasicScriptCustomizer> (0x0000000087ff32d8) thrown at [./src/hotspot/share/classfile/systemDictionary.cpp, line 231]
Event: 5.129 Thread 0x0000022efc200000 Exception <a 'java/lang/ClassNotFoundException'{0x0000000087e0ff48}: org/gradle/groovy/scripts/DefaultScriptCustomizer> (0x0000000087e0ff48) thrown at [./src/hotspot/share/classfile/systemDictionary.cpp, line 231]
Event: 5.134 Thread 0x0000022efc200000 Exception <a 'java/lang/ClassNotFoundException'{0x0000000087e58dd8}: org/gradle/plugin/use/internal/PluginsAwareScriptCustomizer> (0x0000000087e58dd8) thrown at [./src/hotspot/share/classfile/systemDictionary.cpp, line 231]
Event: 5.135 Thread 0x0000022efc200000 Exception <a 'java/lang/ClassNotFoundException'{0x0000000087e71128}: org/gradle/initialization/SettingsScriptCustomizer> (0x0000000087e71128) thrown at [./src/hotspot/share/classfile/systemDictionary.cpp, line 231]
Event: 5.139 Thread 0x0000022efc200000 Exception <a 'java/lang/ClassNotFoundException'{0x0000000087e81ea0}: settings_65whiteoganahy4mb7iedjv8dCustomizer> (0x0000000087e81ea0) thrown at [./src/hotspot/share/classfile/systemDictionary.cpp, line 231]

Events (20 events):
Event: 5.148 loading class org/gradle/api/internal/file/copy/FileCopier
Event: 5.148 loading class org/gradle/api/internal/file/copy/FileCopier done
Event: 5.148 loading class org/gradle/api/internal/file/copy/CopyAction
Event: 5.148 loading class org/gradle/api/internal/file/copy/CopyAction done
Event: 5.148 loading class org/gradle/api/internal/file/copy/CopySpecInternal
Event: 5.148 loading class org/gradle/api/internal/file/copy/CopySpecInternal done
Event: 5.149 loading class org/gradle/process/internal/DefaultExecActionFactory
Event: 5.149 loading class org/gradle/process/internal/DefaultExecActionFactory done
Event: 5.150 loading class org/gradle/process/internal/DefaultExecActionFactory$RootExecFactory
Event: 5.150 loading class org/gradle/process/internal/DefaultExecActionFactory$RootExecFactory done
Event: 5.150 loading class org/gradle/process/internal/JavaExecAction
Event: 5.150 loading class org/gradle/process/internal/JavaExecAction done
Event: 5.150 loading class org/gradle/process/JavaDebugOptions
Event: 5.150 loading class org/gradle/process/JavaDebugOptions done
Event: 5.150 loading class org/gradle/process/internal/JavaForkOptionsInternal
Event: 5.150 loading class org/gradle/process/internal/JavaForkOptionsInternal done
Event: 5.151 loading class org/gradle/process/internal/ExecAction
Event: 5.151 loading class org/gradle/process/internal/ExecAction done
Event: 5.151 loading class org/gradle/process/internal/ExecHandleBuilder
Event: 5.151 loading class org/gradle/process/internal/ExecHandleBuilder done


Dynamic libraries:
0x00007ff636f50000 - 0x00007ff636f5a000 	C:\Program Files\Android\Android Studio1\jre\bin\java.exe
0x00007ffa0fb90000 - 0x00007ffa0fd85000 	C:\WINDOWS\SYSTEM32\ntdll.dll
0x00007ffa0ef40000 - 0x00007ffa0effd000 	C:\WINDOWS\System32\KERNEL32.DLL
0x00007ffa0d6f0000 - 0x00007ffa0d9b9000 	C:\WINDOWS\System32\KERNELBASE.dll
0x00007ffa0d550000 - 0x00007ffa0d650000 	C:\WINDOWS\System32\ucrtbase.dll
0x00007ffa06670000 - 0x00007ffa06689000 	C:\Program Files\Android\Android Studio1\jre\bin\jli.dll
0x00007ffa06650000 - 0x00007ffa06667000 	C:\Program Files\Android\Android Studio1\jre\bin\VCRUNTIME140.dll
0x00007ffa0dcf0000 - 0x00007ffa0de90000 	C:\WINDOWS\System32\USER32.dll
0x00007ffa0d2d0000 - 0x00007ffa0d2f2000 	C:\WINDOWS\System32\win32u.dll
0x00007ffa0ea80000 - 0x00007ffa0eaaa000 	C:\WINDOWS\System32\GDI32.dll
0x00007ff9f9df0000 - 0x00007ff9fa08a000 	C:\WINDOWS\WinSxS\amd64_microsoft.windows.common-controls_6595b64144ccf1df_6.0.19041.1110_none_60b5254171f9507e\COMCTL32.dll
0x00007ffa0d360000 - 0x00007ffa0d46b000 	C:\WINDOWS\System32\gdi32full.dll
0x00007ffa0d650000 - 0x00007ffa0d6ed000 	C:\WINDOWS\System32\msvcp_win.dll
0x00007ffa0f010000 - 0x00007ffa0f0ae000 	C:\WINDOWS\System32\msvcrt.dll
0x00007ffa0ee60000 - 0x00007ffa0ee90000 	C:\WINDOWS\System32\IMM32.DLL
0x00007ffa065b0000 - 0x00007ffa0664d000 	C:\Program Files\Android\Android Studio1\jre\bin\msvcp140.dll
0x00007ff9ba910000 - 0x00007ff9bb3cc000 	C:\Program Files\Android\Android Studio1\jre\bin\server\jvm.dll
0x00007ffa0ee90000 - 0x00007ffa0ef3c000 	C:\WINDOWS\System32\ADVAPI32.dll
0x00007ffa0e7b0000 - 0x00007ffa0e84b000 	C:\WINDOWS\System32\sechost.dll
0x00007ffa0e210000 - 0x00007ffa0e33a000 	C:\WINDOWS\System32\RPCRT4.dll
0x00007ffa0ed10000 - 0x00007ffa0ed18000 	C:\WINDOWS\System32\PSAPI.DLL
0x00007ffa02310000 - 0x00007ffa02337000 	C:\WINDOWS\SYSTEM32\WINMM.dll
0x00007ffa05b70000 - 0x00007ffa05b79000 	C:\WINDOWS\SYSTEM32\WSOCK32.dll
0x00007ffa0e9a0000 - 0x00007ffa0ea0b000 	C:\WINDOWS\System32\WS2_32.dll
0x00007ffa04a60000 - 0x00007ffa04a6a000 	C:\WINDOWS\SYSTEM32\VERSION.dll
0x00007ffa0bb90000 - 0x00007ffa0bba2000 	C:\WINDOWS\SYSTEM32\kernel.appcore.dll
0x00007ffa058b0000 - 0x00007ffa058c1000 	C:\Program Files\Android\Android Studio1\jre\bin\verify.dll
0x00007ffa0afb0000 - 0x00007ffa0b194000 	C:\WINDOWS\SYSTEM32\DBGHELP.DLL
0x00007ff9fbe70000 - 0x00007ff9fbe9c000 	C:\WINDOWS\SYSTEM32\dbgcore.DLL
0x00007ffa0d4c0000 - 0x00007ffa0d543000 	C:\WINDOWS\System32\bcryptPrimitives.dll
0x00007ffa05880000 - 0x00007ffa058a9000 	C:\Program Files\Android\Android Studio1\jre\bin\java.dll
0x00007ffa07860000 - 0x00007ffa0786b000 	C:\Program Files\Android\Android Studio1\jre\bin\jimage.dll
0x00007ffa01800000 - 0x00007ffa01818000 	C:\Program Files\Android\Android Studio1\jre\bin\zip.dll
0x00007ffa0f0b0000 - 0x00007ffa0f7ef000 	C:\WINDOWS\System32\SHELL32.dll
0x00007ffa0b3e0000 - 0x00007ffa0bb71000 	C:\WINDOWS\SYSTEM32\windows.storage.dll
0x00007ffa0f7f0000 - 0x00007ffa0fb45000 	C:\WINDOWS\System32\combase.dll
0x00007ffa0cd40000 - 0x00007ffa0cd6c000 	C:\WINDOWS\SYSTEM32\Wldp.dll
0x00007ffa0de90000 - 0x00007ffa0df3e000 	C:\WINDOWS\System32\SHCORE.dll
0x00007ffa0ea10000 - 0x00007ffa0ea65000 	C:\WINDOWS\System32\shlwapi.dll
0x00007ffa0d210000 - 0x00007ffa0d22f000 	C:\WINDOWS\SYSTEM32\profapi.dll
0x00007ffa017e0000 - 0x00007ffa017fa000 	C:\Program Files\Android\Android Studio1\jre\bin\net.dll
0x00007ffa014f0000 - 0x00007ffa015fa000 	C:\WINDOWS\SYSTEM32\WINHTTP.dll
0x00007ffa0ca30000 - 0x00007ffa0ca9a000 	C:\WINDOWS\system32\mswsock.dll
0x00007ffa00c50000 - 0x00007ffa00c64000 	C:\Program Files\Android\Android Studio1\jre\bin\nio.dll
0x00007ff9fb720000 - 0x00007ff9fb747000 	C:\Users\Dark Knight\.gradle\native\fdc75f09e3144964f2cf3f50f0aa648679c211496f362492102eb8c894070792\windows-amd64\native-platform.dll
0x00007ff9c1c60000 - 0x00007ff9c1df6000 	C:\Users\Dark Knight\.gradle\native\12488b8bf47d2d4c9fbf2f6322a914ad602e24e48041cd04a747c6da556b65c4\windows-amd64\native-platform-file-events.dll
0x00007ffa07580000 - 0x00007ffa0758a000 	C:\Program Files\Android\Android Studio1\jre\bin\management.dll
0x00007ffa06840000 - 0x00007ffa0684c000 	C:\Program Files\Android\Android Studio1\jre\bin\management_ext.dll
0x00007ffa0cc40000 - 0x00007ffa0cc58000 	C:\WINDOWS\SYSTEM32\CRYPTSP.dll
0x00007ffa0c370000 - 0x00007ffa0c3a4000 	C:\WINDOWS\system32\rsaenh.dll
0x00007ffa0da70000 - 0x00007ffa0da97000 	C:\WINDOWS\System32\bcrypt.dll
0x00007ffa0d1d0000 - 0x00007ffa0d1fe000 	C:\WINDOWS\SYSTEM32\USERENV.dll
0x00007ffa0cc30000 - 0x00007ffa0cc3c000 	C:\WINDOWS\SYSTEM32\CRYPTBASE.dll
0x00007ffa0c720000 - 0x00007ffa0c75b000 	C:\WINDOWS\SYSTEM32\IPHLPAPI.DLL
0x00007ffa0f000000 - 0x00007ffa0f008000 	C:\WINDOWS\System32\NSI.dll
0x00007ffa034e0000 - 0x00007ffa034f7000 	C:\WINDOWS\SYSTEM32\dhcpcsvc6.DLL
0x00007ffa03da0000 - 0x00007ffa03dbd000 	C:\WINDOWS\SYSTEM32\dhcpcsvc.DLL
0x00007ffa0c760000 - 0x00007ffa0c82c000 	C:\WINDOWS\SYSTEM32\DNSAPI.dll
0x00007ffa04a70000 - 0x00007ffa04a7b000 	C:\WINDOWS\SYSTEM32\WINNSI.DLL

dbghelp: loaded successfully - version: 4.0.5 - missing functions: none
symbol engine: initialized successfully - sym options: 0x614 - pdb path: .;C:\Program Files\Android\Android Studio1\jre\bin;C:\WINDOWS\SYSTEM32;C:\WINDOWS\WinSxS\amd64_microsoft.windows.common-controls_6595b64144ccf1df_6.0.19041.1110_none_60b5254171f9507e;C:\Program Files\Android\Android Studio1\jre\bin\server;C:\Users\Dark Knight\.gradle\native\fdc75f09e3144964f2cf3f50f0aa648679c211496f362492102eb8c894070792\windows-amd64;C:\Users\Dark Knight\.gradle\native\12488b8bf47d2d4c9fbf2f6322a914ad602e24e48041cd04a747c6da556b65c4\windows-amd64

VM Arguments:
jvm_args: --add-opens=java.base/java.util=ALL-UNNAMED --add-opens=java.base/java.lang=ALL-UNNAMED --add-opens=java.base/java.lang.invoke=ALL-UNNAMED --add-opens=java.prefs/java.util.prefs=ALL-UNNAMED -Xmx2048m -Dfile.encoding=UTF-8 -Duser.country=IN -Duser.language=en -Duser.variant 
java_command: org.gradle.launcher.daemon.bootstrap.GradleDaemon 6.7.1
java_class_path (initial): C:\Users\Dark Knight\.gradle\wrapper\dists\gradle-6.7.1-bin\bwlcbys1h7rz3272sye1xwiv6\gradle-6.7.1\lib\gradle-launcher-6.7.1.jar
Launcher Type: SUN_STANDARD

[Global flags]
     intx CICompilerCount                          = 4                                         {product} {ergonomic}
     uint ConcGCThreads                            = 2                                         {product} {ergonomic}
     uint G1ConcRefinementThreads                  = 8                                         {product} {ergonomic}
   size_t G1HeapRegionSize                         = 1048576                                   {product} {ergonomic}
    uintx GCDrainStackTargetSize                   = 64                                        {product} {ergonomic}
   size_t InitialHeapSize                          = 134217728                                 {product} {ergonomic}
   size_t MarkStackSize                            = 4194304                                   {product} {ergonomic}
   size_t MaxHeapSize                              = 2147483648                                {product} {command line}
   size_t MaxNewSize                               = 1287651328                                {product} {ergonomic}
   size_t MinHeapDeltaBytes                        = 1048576                                   {product} {ergonomic}
    uintx NonNMethodCodeHeapSize                   = 5836300                                {pd product} {ergonomic}
    uintx NonProfiledCodeHeapSize                  = 122910970                              {pd product} {ergonomic}
    uintx ProfiledCodeHeapSize                     = 122910970                              {pd product} {ergonomic}
    uintx ReservedCodeCacheSize                    = 251658240                              {pd product} {ergonomic}
     bool SegmentedCodeCache                       = true                                      {product} {ergonomic}
     bool UseCompressedClassPointers               = true                                 {lp64_product} {ergonomic}
     bool UseCompressedOops                        = true                                 {lp64_product} {ergonomic}
     bool UseG1GC                                  = true                                      {product} {ergonomic}
     bool UseLargePagesIndividualAllocation        = false                                  {pd product} {ergonomic}

Logging:
Log output configuration:
 #0: stdout all=warning uptime,level,tags
 #1: stderr all=off uptime,level,tags

Environment Variables:
PATH=C:\Windows\system32;C:\Windows;C:\Windows\System32\Wbem;C:\Windows\System32\WindowsPowerShell\v1.0\;C:\Windows\System32\OpenSSH\;C:\Program Files (x86)\NVIDIA Corporation\PhysX\Common;C:\Program Files\NVIDIA Corporation\NVIDIA NvDLISR;C:\WINDOWS\system32;C:\WINDOWS;C:\WINDOWS\System32\Wbem;C:\WINDOWS\System32\WindowsPowerShell\v1.0\;C:\WINDOWS\System32\OpenSSH\;C:\MinGW\bin;C:\Program Files\MEGA-X;C:\WINDOWS\system32;C:\WINDOWS;C:\WINDOWS\System32\Wbem;C:\WINDOWS\System32\WindowsPowerShell\v1.0\;C:\WINDOWS\System32\OpenSSH\;C:\Program Files\Git\cmd;C:\Users\Dark Knight\AppData\Local\Microsoft\WindowsApps;C:\Users\Dark Knight\AppData\Local\atom\bin;C:\Program Files (x86)\Microsoft Visual Studio\2019\BuildTools\MSBuild\Current\Bin;C:\Users\Dark Knight\AppData\Local\Microsoft\WindowsApps
USERNAME=Dark Knight
OS=Windows_NT
PROCESSOR_IDENTIFIER=Intel64 Family 6 Model 158 Stepping 10, GenuineIntel



---------------  S Y S T E M  ---------------

OS: Windows 10 , 64 bit Build 19041 (10.0.19041.1023)
OS uptime: 9 days 23:06 hours

CPU:total 8 (initial active 8) (4 cores per cpu, 2 threads per core) family 6 model 158 stepping 10, cmov, cx8, fxsr, mmx, sse, sse2, sse3, ssse3, sse4.1, sse4.2, popcnt, avx, avx2, aes, clmul, erms, 3dnowpref, lzcnt, ht, tsc, tscinvbit, bmi1, bmi2, adx, fma

Memory: 4k page, system-wide physical 8112M (793M free)
TotalPageFile size 12208M (AvailPageFile size 5M)
current process WorkingSet (physical memory assigned to process): 247M, peak: 247M
current process commit charge ("private bytes"): 311M, peak: 311M

vm_info: OpenJDK 64-Bit Server VM (11.0.8+10-b944.6842174) for windows-amd64 JRE (11.0.8+10-b944.6842174), built on Sep 19 2020 01:11:42 by "builder" with MS VC++ 14.0 (VS2015)

END.
