#
# There is insufficient memory for the Java Runtime Environment to continue.
# Native memory allocation (malloc) failed to allocate 1695376 bytes for Chunk::new
# Possible reasons:
#   The system is out of physical RAM or swap space
#   The process is running with CompressedOops enabled, and the Java Heap may be blocking the growth of the native heap
# Possible solutions:
#   Reduce memory load on the system
#   Increase physical memory or swap space
#   Check if swap backing store is full
#   Decrease Java heap size (-Xmx/-Xms)
#   Decrease number of Java threads
#   Decrease Java thread stack sizes (-Xss)
#   Set larger code cache with -XX:ReservedCodeCacheSize=
#   JVM is running with Unscaled Compressed Oops mode in which the Java heap is
#     placed in the first 4GB address space. The Java Heap base address is the
#     maximum limit for the native heap growth. Please use -XX:HeapBaseMinAddress
#     to set the Java Heap base and to place the Java Heap above 4GB virtual address.
# This output file may be truncated or incomplete.
#
#  Out of Memory Error (./src/hotspot/share/memory/arena.cpp:197), pid=38348, tid=41432
#
# JRE version: OpenJDK Runtime Environment (11.0.8+10) (build 11.0.8+10-b944.6842174)
# Java VM: OpenJDK 64-Bit Server VM (11.0.8+10-b944.6842174, mixed mode, tiered, compressed oops, g1 gc, windows-amd64)
# No core dump will be written. Minidumps are not enabled by default on client versions of Windows
#

---------------  S U M M A R Y ------------

Command Line: --add-opens=java.base/java.util=ALL-UNNAMED --add-opens=java.base/java.lang=ALL-UNNAMED --add-opens=java.base/java.lang.invoke=ALL-UNNAMED --add-opens=java.prefs/java.util.prefs=ALL-UNNAMED -Xmx2048m -Dfile.encoding=UTF-8 -Duser.country=IN -Duser.language=en -Duser.variant org.gradle.launcher.daemon.bootstrap.GradleDaemon 6.7.1

Host: Intel(R) Core(TM) i5-9300H CPU @ 2.40GHz, 8 cores, 7G,  Windows 10 , 64 bit Build 19041 (10.0.19041.1023)
Time: Wed Jul 28 18:52:36 2021 India Standard Time elapsed time: 4 seconds (0d 0h 0m 4s)

---------------  T H R E A D  ---------------

Current thread (0x000001aa8ff6a800):  JavaThread "C2 CompilerThread1" daemon [_thread_in_native, id=41432, stack(0x0000004e1b700000,0x0000004e1b800000)]


Current CompileTask:
C2:   4069 3166       4       org.codehaus.groovy.reflection.CachedMethod::compareTo (25 bytes)

Stack: [0x0000004e1b700000,0x0000004e1b800000]
Native frames: (J=compiled Java code, j=interpreted, Vv=VM code, C=native code)
V  [jvm.dll+0x5de50a]
V  [jvm.dll+0x7122f5]
V  [jvm.dll+0x71384d]
V  [jvm.dll+0x713f03]
V  [jvm.dll+0x23e728]
V  [jvm.dll+0xb899c]
V  [jvm.dll+0xb8e9c]
V  [jvm.dll+0x35020b]
V  [jvm.dll+0x31dea3]
V  [jvm.dll+0x31d39a]
V  [jvm.dll+0x1f7702]
V  [jvm.dll+0x1f68d4]
V  [jvm.dll+0x17f32c]
V  [jvm.dll+0x205047]
V  [jvm.dll+0x203891]
V  [jvm.dll+0x6dad3f]
V  [jvm.dll+0x6d3895]
V  [jvm.dll+0x5dd4a6]
C  [ucrtbase.dll+0x21bb2]
C  [KERNEL32.DLL+0x17034]
C  [ntdll.dll+0x52651]


---------------  P R O C E S S  ---------------

Threads class SMR info:
_java_thread_list=0x000001aa92c61bd0, length=52, elements={
0x000001aaf392c800, 0x000001aafec1f000, 0x000001aafec20000, 0x000001aaff5a2800,
0x000001aaff5a3800, 0x000001aaff5a4800, 0x000001aaff5aa800, 0x000001aaff5af800,
0x000001aaff6f1800, 0x000001aaff722800, 0x000001aa90cae800, 0x000001aa8f042800,
0x000001aa90273800, 0x000001aa902f0000, 0x000001aa904ed000, 0x000001aa906ec000,
0x000001aa904e1800, 0x000001aa90c7e800, 0x000001aa90efc000, 0x000001aa90eb6000,
0x000001aa90684800, 0x000001aa90684000, 0x000001aa90681800, 0x000001aa8ff6a800,
0x000001aa90685800, 0x000001aa90683000, 0x000001aa90686800, 0x000001aa90680800,
0x000001aa90687000, 0x000001aa90682800, 0x000001aa923c2000, 0x000001aa923c6000,
0x000001aa923c3000, 0x000001aa923c7000, 0x000001aa923c3800, 0x000001aa923c1800,
0x000001aa923c5800, 0x000001aa923c8000, 0x000001aa923c8800, 0x000001aa923c9800,
0x000001aa923ca800, 0x000001aa923c4800, 0x000001aa923cb000, 0x000001aa923ce800,
0x000001aa923cf000, 0x000001aa923d0000, 0x000001aa923cc000, 0x000001aa923cd800,
0x000001aa923cc800, 0x000001aa93013800, 0x000001aa93014800, 0x000001aa94775800
}

Java Threads: ( => current thread )
  0x000001aaf392c800 JavaThread "main" [_thread_blocked, id=39396, stack(0x0000004e18f00000,0x0000004e19000000)]
  0x000001aafec1f000 JavaThread "Reference Handler" daemon [_thread_blocked, id=14140, stack(0x0000004e19600000,0x0000004e19700000)]
  0x000001aafec20000 JavaThread "Finalizer" daemon [_thread_blocked, id=4480, stack(0x0000004e19700000,0x0000004e19800000)]
  0x000001aaff5a2800 JavaThread "Signal Dispatcher" daemon [_thread_blocked, id=25856, stack(0x0000004e19800000,0x0000004e19900000)]
  0x000001aaff5a3800 JavaThread "Attach Listener" daemon [_thread_blocked, id=40272, stack(0x0000004e19900000,0x0000004e19a00000)]
  0x000001aaff5a4800 JavaThread "C2 CompilerThread0" daemon [_thread_in_native, id=25296, stack(0x0000004e19a00000,0x0000004e19b00000)]
  0x000001aaff5aa800 JavaThread "C1 CompilerThread0" daemon [_thread_blocked, id=4040, stack(0x0000004e19b00000,0x0000004e19c00000)]
  0x000001aaff5af800 JavaThread "Sweeper thread" daemon [_thread_blocked, id=40368, stack(0x0000004e19c00000,0x0000004e19d00000)]
  0x000001aaff6f1800 JavaThread "Common-Cleaner" daemon [_thread_blocked, id=2624, stack(0x0000004e19d00000,0x0000004e19e00000)]
  0x000001aaff722800 JavaThread "Service Thread" daemon [_thread_blocked, id=34452, stack(0x0000004e19e00000,0x0000004e19f00000)]
  0x000001aa90cae800 JavaThread "Daemon health stats" [_thread_blocked, id=41632, stack(0x0000004e1a400000,0x0000004e1a500000)]
  0x000001aa8f042800 JavaThread "Incoming local TCP Connector on port 54440" [_thread_in_native, id=35932, stack(0x0000004e1a500000,0x0000004e1a600000)]
  0x000001aa90273800 JavaThread "Daemon periodic checks" [_thread_blocked, id=7752, stack(0x0000004e1a600000,0x0000004e1a700000)]
  0x000001aa902f0000 JavaThread "Daemon" [_thread_blocked, id=19388, stack(0x0000004e1a700000,0x0000004e1a800000)]
  0x000001aa904ed000 JavaThread "Handler for socket connection from /127.0.0.1:54440 to /127.0.0.1:54441" [_thread_in_native, id=17512, stack(0x0000004e1a800000,0x0000004e1a900000)]
  0x000001aa906ec000 JavaThread "Cancel handler" [_thread_blocked, id=31892, stack(0x0000004e1a900000,0x0000004e1aa00000)]
  0x000001aa904e1800 JavaThread "Daemon worker" [_thread_in_Java, id=40380, stack(0x0000004e1aa00000,0x0000004e1ab00000)]
  0x000001aa90c7e800 JavaThread "Asynchronous log dispatcher for DefaultDaemonConnection: socket connection from /127.0.0.1:54440 to /127.0.0.1:54441" [_thread_blocked, id=38020, stack(0x0000004e1ab00000,0x0000004e1ac00000)]
  0x000001aa90efc000 JavaThread "Stdin handler" [_thread_blocked, id=8404, stack(0x0000004e1ac00000,0x0000004e1ad00000)]
  0x000001aa90eb6000 JavaThread "Thread-8" [_thread_blocked, id=31320, stack(0x0000004e1ad00000,0x0000004e1ae00000)]
  0x000001aa90684800 JavaThread "Cache worker for file hash cache (C:\Users\Dark Knight\.gradle\caches\6.7.1\fileHashes)" [_thread_blocked, id=39784, stack(0x0000004e1b300000,0x0000004e1b400000)]
  0x000001aa90684000 JavaThread "File lock request listener" [_thread_in_native, id=38904, stack(0x0000004e1b400000,0x0000004e1b500000)]
  0x000001aa90681800 JavaThread "Cache worker for journal cache (C:\Users\Dark Knight\.gradle\caches\journal-1)" [_thread_blocked, id=30144, stack(0x0000004e1b600000,0x0000004e1b700000)]
=>0x000001aa8ff6a800 JavaThread "C2 CompilerThread1" daemon [_thread_in_native, id=41432, stack(0x0000004e1b700000,0x0000004e1b800000)]
  0x000001aa90685800 JavaThread "Cache worker for file hash cache (C:\Android Projects\Udemy TUTORIAL\KidsDrawingApp\.gradle\6.7.1\fileHashes)" [_thread_blocked, id=33164, stack(0x0000004e1b800000,0x0000004e1b900000)]
  0x000001aa90683000 JavaThread "jar transforms" [_thread_blocked, id=17636, stack(0x0000004e1b900000,0x0000004e1ba00000)]
  0x000001aa90686800 JavaThread "jar transforms Thread 2" [_thread_blocked, id=37656, stack(0x0000004e1ba00000,0x0000004e1bb00000)]
  0x000001aa90680800 JavaThread "jar transforms Thread 3" [_thread_blocked, id=1948, stack(0x0000004e1bb00000,0x0000004e1bc00000)]
  0x000001aa90687000 JavaThread "jar transforms Thread 4" [_thread_blocked, id=38240, stack(0x0000004e1bc00000,0x0000004e1bd00000)]
  0x000001aa90682800 JavaThread "jar transforms Thread 5" [_thread_blocked, id=40488, stack(0x0000004e1bd00000,0x0000004e1be00000)]
  0x000001aa923c2000 JavaThread "jar transforms Thread 6" [_thread_blocked, id=17924, stack(0x0000004e1be00000,0x0000004e1bf00000)]
  0x000001aa923c6000 JavaThread "jar transforms Thread 7" [_thread_blocked, id=38532, stack(0x0000004e1bf00000,0x0000004e1c000000)]
  0x000001aa923c3000 JavaThread "jar transforms Thread 8" [_thread_blocked, id=23308, stack(0x0000004e1c000000,0x0000004e1c100000)]
  0x000001aa923c7000 JavaThread "jar transforms Thread 9" [_thread_blocked, id=16152, stack(0x0000004e1c100000,0x0000004e1c200000)]
  0x000001aa923c3800 JavaThread "jar transforms Thread 10" [_thread_blocked, id=21940, stack(0x0000004e1c200000,0x0000004e1c300000)]
  0x000001aa923c1800 JavaThread "jar transforms Thread 11" [_thread_blocked, id=36928, stack(0x0000004e1c300000,0x0000004e1c400000)]
  0x000001aa923c5800 JavaThread "jar transforms Thread 12" [_thread_blocked, id=38756, stack(0x0000004e1c400000,0x0000004e1c500000)]
  0x000001aa923c8000 JavaThread "jar transforms Thread 13" [_thread_blocked, id=40356, stack(0x0000004e1c500000,0x0000004e1c600000)]
  0x000001aa923c8800 JavaThread "jar transforms Thread 14" [_thread_blocked, id=33680, stack(0x0000004e1c600000,0x0000004e1c700000)]
  0x000001aa923c9800 JavaThread "jar transforms Thread 15" [_thread_blocked, id=11656, stack(0x0000004e1c700000,0x0000004e1c800000)]
  0x000001aa923ca800 JavaThread "jar transforms Thread 16" [_thread_blocked, id=10892, stack(0x0000004e1c800000,0x0000004e1c900000)]
  0x000001aa923c4800 JavaThread "jar transforms Thread 17" [_thread_blocked, id=32320, stack(0x0000004e1c900000,0x0000004e1ca00000)]
  0x000001aa923cb000 JavaThread "jar transforms Thread 18" [_thread_blocked, id=25844, stack(0x0000004e1ca00000,0x0000004e1cb00000)]
  0x000001aa923ce800 JavaThread "jar transforms Thread 19" [_thread_blocked, id=40084, stack(0x0000004e1cb00000,0x0000004e1cc00000)]
  0x000001aa923cf000 JavaThread "jar transforms Thread 20" [_thread_blocked, id=20168, stack(0x0000004e1cc00000,0x0000004e1cd00000)]
  0x000001aa923d0000 JavaThread "jar transforms Thread 21" [_thread_blocked, id=9484, stack(0x0000004e1cd00000,0x0000004e1ce00000)]
  0x000001aa923cc000 JavaThread "Cache worker for checksums cache (C:\Android Projects\Udemy TUTORIAL\KidsDrawingApp\.gradle\checksums)" [_thread_blocked, id=31536, stack(0x0000004e1cf00000,0x0000004e1d000000)]
  0x000001aa923cd800 JavaThread "Cache worker for cache directory md-supplier (C:\Users\Dark Knight\.gradle\caches\6.7.1\md-supplier)" [_thread_blocked, id=17640, stack(0x0000004e1d000000,0x0000004e1d100000)]
  0x000001aa923cc800 JavaThread "Cache worker for cache directory md-rule (C:\Users\Dark Knight\.gradle\caches\6.7.1\md-rule)" [_thread_blocked, id=31008, stack(0x0000004e1d100000,0x0000004e1d200000)]
  0x000001aa93013800 JavaThread "Cache worker for execution history cache (C:\Users\Dark Knight\.gradle\caches\6.7.1\executionHistory)" [_thread_blocked, id=32188, stack(0x0000004e1d200000,0x0000004e1d300000)]
  0x000001aa93014800 JavaThread "Cache worker for file content cache (C:\Users\Dark Knight\.gradle\caches\6.7.1\fileContent)" [_thread_blocked, id=37324, stack(0x0000004e1d300000,0x0000004e1d400000)]
  0x000001aa94775800 JavaThread "C2 CompilerThread2" daemon [_thread_in_native, id=31200, stack(0x0000004e1ce00000,0x0000004e1cf00000)]

Other Threads:
  0x000001aafec1c800 VMThread "VM Thread" [stack: 0x0000004e19500000,0x0000004e19600000] [id=37172]
  0x000001aaff717000 WatcherThread [stack: 0x0000004e19f00000,0x0000004e1a000000] [id=21256]
  0x000001aaf3944000 GCTaskThread "GC Thread#0" [stack: 0x0000004e19000000,0x0000004e19100000] [id=35000]
  0x000001aa8fa6a000 GCTaskThread "GC Thread#1" [stack: 0x0000004e1a200000,0x0000004e1a300000] [id=38908]
  0x000001aa8f90d000 GCTaskThread "GC Thread#2" [stack: 0x0000004e1a300000,0x0000004e1a400000] [id=12940]
  0x000001aa9052a800 GCTaskThread "GC Thread#3" [stack: 0x0000004e1ae00000,0x0000004e1af00000] [id=35612]
  0x000001aa90fdf000 GCTaskThread "GC Thread#4" [stack: 0x0000004e1af00000,0x0000004e1b000000] [id=36092]
  0x000001aa90eb7000 GCTaskThread "GC Thread#5" [stack: 0x0000004e1b000000,0x0000004e1b100000] [id=32444]
  0x000001aa90c7f800 GCTaskThread "GC Thread#6" [stack: 0x0000004e1b100000,0x0000004e1b200000] [id=40044]
  0x000001aa8ffa2800 GCTaskThread "GC Thread#7" [stack: 0x0000004e1b200000,0x0000004e1b300000] [id=18208]
  0x000001aaf3975000 ConcurrentGCThread "G1 Main Marker" [stack: 0x0000004e19100000,0x0000004e19200000] [id=17992]
  0x000001aaf3977800 ConcurrentGCThread "G1 Conc#0" [stack: 0x0000004e19200000,0x0000004e19300000] [id=34520]
  0x000001aa91142000 ConcurrentGCThread "G1 Conc#1" [stack: 0x0000004e1b500000,0x0000004e1b600000] [id=41312]
  0x000001aafea70800 ConcurrentGCThread "G1 Refine#0" [stack: 0x0000004e19300000,0x0000004e19400000] [id=40440]
  0x000001aafea71000 ConcurrentGCThread "G1 Young RemSet Sampling" [stack: 0x0000004e19400000,0x0000004e19500000] [id=36824]

Threads with active compile tasks:
C2 CompilerThread0   4098 3173 %     4       java.util.zip.ZipFile$Source::initCEN @ 223 (658 bytes)
C2 CompilerThread1   4098 3166       4       org.codehaus.groovy.reflection.CachedMethod::compareTo (25 bytes)
C2 CompilerThread2   4098 3278       4       sun.security.provider.MD5::implCompress (1508 bytes)

VM state:not at safepoint (normal execution)

VM Mutex/Monitor currently owned by a thread: None

Heap address: 0x0000000080000000, size: 2048 MB, Compressed Oops mode: 32-bit
Narrow klass base: 0x0000000000000000, Narrow klass shift: 3
Compressed class space size: 1073741824 Address: 0x0000000100000000

Heap:
 garbage-first heap   total 157696K, used 49886K [0x0000000080000000, 0x0000000100000000)
  region size 1024K, 15 young (15360K), 8 survivors (8192K)
 Metaspace       used 40207K, capacity 41104K, committed 41340K, reserved 1085440K
  class space    used 5160K, capacity 5513K, committed 5632K, reserved 1048576K
Heap Regions: E=young(eden), S=young(survivor), O=old, HS=humongous(starts), HC=humongous(continues), CS=collection set, F=free, A=archive, TAMS=top-at-mark-start (previous, next)
|   0|0x0000000080000000, 0x0000000080100000, 0x0000000080100000|100%| O|  |TAMS 0x0000000080100000, 0x0000000080000000| Untracked 
|   1|0x0000000080100000, 0x0000000080200000, 0x0000000080200000|100%| O|  |TAMS 0x0000000080200000, 0x0000000080100000| Untracked 
|   2|0x0000000080200000, 0x0000000080300000, 0x0000000080300000|100%| O|  |TAMS 0x0000000080300000, 0x0000000080200000| Untracked 
|   3|0x0000000080300000, 0x0000000080400000, 0x0000000080400000|100%|HS|  |TAMS 0x0000000080400000, 0x0000000080300000| Complete 
|   4|0x0000000080400000, 0x0000000080500000, 0x0000000080500000|100%|HC|  |TAMS 0x0000000080500000, 0x0000000080400000| Complete 
|   5|0x0000000080500000, 0x0000000080600000, 0x0000000080600000|100%|HC|  |TAMS 0x0000000080600000, 0x0000000080500000| Complete 
|   6|0x0000000080600000, 0x0000000080700000, 0x0000000080700000|100%| O|  |TAMS 0x0000000080700000, 0x0000000080600000| Untracked 
|   7|0x0000000080700000, 0x0000000080800000, 0x0000000080800000|100%| O|  |TAMS 0x0000000080800000, 0x0000000080700000| Untracked 
|   8|0x0000000080800000, 0x0000000080900000, 0x0000000080900000|100%| O|  |TAMS 0x0000000080900000, 0x0000000080800000| Untracked 
|   9|0x0000000080900000, 0x00000000809ffff8, 0x0000000080a00000| 99%| O|  |TAMS 0x00000000809ffff8, 0x0000000080900000| Untracked 
|  10|0x0000000080a00000, 0x0000000080b00000, 0x0000000080b00000|100%| O|  |TAMS 0x0000000080b00000, 0x0000000080a00000| Untracked 
|  11|0x0000000080b00000, 0x0000000080c00000, 0x0000000080c00000|100%| O|  |TAMS 0x0000000080c00000, 0x0000000080b00000| Untracked 
|  12|0x0000000080c00000, 0x0000000080d00000, 0x0000000080d00000|100%| O|  |TAMS 0x0000000080d00000, 0x0000000080c00000| Untracked 
|  13|0x0000000080d00000, 0x0000000080e00000, 0x0000000080e00000|100%| O|  |TAMS 0x0000000080e00000, 0x0000000080d00000| Untracked 
|  14|0x0000000080e00000, 0x0000000080f00000, 0x0000000080f00000|100%| O|  |TAMS 0x0000000080f00000, 0x0000000080e00000| Untracked 
|  15|0x0000000080f00000, 0x0000000081000000, 0x0000000081000000|100%| O|  |TAMS 0x0000000080f0de00, 0x0000000080f00000| Untracked 
|  16|0x0000000081000000, 0x0000000081100000, 0x0000000081100000|100%|HS|  |TAMS 0x0000000081100000, 0x0000000081000000| Complete 
|  17|0x0000000081100000, 0x0000000081200000, 0x0000000081200000|100%|HC|  |TAMS 0x0000000081200000, 0x0000000081100000| Complete 
|  18|0x0000000081200000, 0x0000000081300000, 0x0000000081300000|100%|HS|  |TAMS 0x0000000081300000, 0x0000000081200000| Complete 
|  19|0x0000000081300000, 0x0000000081400000, 0x0000000081400000|100%|HC|  |TAMS 0x0000000081400000, 0x0000000081300000| Complete 
|  20|0x0000000081400000, 0x0000000081500000, 0x0000000081500000|100%|HC|  |TAMS 0x0000000081500000, 0x0000000081400000| Complete 
|  21|0x0000000081500000, 0x0000000081600000, 0x0000000081600000|100%|HS|  |TAMS 0x0000000081600000, 0x0000000081500000| Complete 
|  22|0x0000000081600000, 0x0000000081700000, 0x0000000081700000|100%|HC|  |TAMS 0x0000000081700000, 0x0000000081600000| Complete 
|  23|0x0000000081700000, 0x0000000081800000, 0x0000000081800000|100%|HC|  |TAMS 0x0000000081800000, 0x0000000081700000| Complete 
|  24|0x0000000081800000, 0x0000000081900000, 0x0000000081900000|100%|HC|  |TAMS 0x0000000081900000, 0x0000000081800000| Complete 
|  25|0x0000000081900000, 0x0000000081900000, 0x0000000081a00000|  0%| F|  |TAMS 0x0000000081900000, 0x0000000081900000| Untracked 
|  26|0x0000000081a00000, 0x0000000081a00000, 0x0000000081b00000|  0%| F|  |TAMS 0x0000000081a00000, 0x0000000081a00000| Untracked 
|  27|0x0000000081b00000, 0x0000000081b00000, 0x0000000081c00000|  0%| F|  |TAMS 0x0000000081b00000, 0x0000000081b00000| Untracked 
|  28|0x0000000081c00000, 0x0000000081d00000, 0x0000000081d00000|100%|HS|  |TAMS 0x0000000081c00000, 0x0000000081c00000| Complete 
|  29|0x0000000081d00000, 0x0000000081e00000, 0x0000000081e00000|100%|HC|  |TAMS 0x0000000081d00000, 0x0000000081d00000| Complete 
|  30|0x0000000081e00000, 0x0000000081f00000, 0x0000000081f00000|100%|HC|  |TAMS 0x0000000081e00000, 0x0000000081e00000| Complete 
|  31|0x0000000081f00000, 0x0000000082000000, 0x0000000082000000|100%|HC|  |TAMS 0x0000000081f00000, 0x0000000081f00000| Complete 
|  32|0x0000000082000000, 0x0000000082100000, 0x0000000082100000|100%|HS|  |TAMS 0x0000000082000000, 0x0000000082000000| Complete 
|  33|0x0000000082100000, 0x0000000082200000, 0x0000000082200000|100%|HC|  |TAMS 0x0000000082100000, 0x0000000082100000| Complete 
|  34|0x0000000082200000, 0x0000000082300000, 0x0000000082300000|100%|HC|  |TAMS 0x0000000082200000, 0x0000000082200000| Complete 
|  35|0x0000000082300000, 0x0000000082400000, 0x0000000082400000|100%| O|  |TAMS 0x0000000082300000, 0x0000000082300000| Untracked 
|  36|0x0000000082400000, 0x0000000082500000, 0x0000000082500000|100%| O|  |TAMS 0x0000000082400000, 0x0000000082400000| Untracked 
|  37|0x0000000082500000, 0x00000000825b7c00, 0x0000000082600000| 71%| O|  |TAMS 0x0000000082500000, 0x0000000082500000| Untracked 
|  38|0x0000000082600000, 0x0000000082600000, 0x0000000082700000|  0%| F|  |TAMS 0x0000000082600000, 0x0000000082600000| Untracked 
|  39|0x0000000082700000, 0x0000000082700000, 0x0000000082800000|  0%| F|  |TAMS 0x0000000082700000, 0x0000000082700000| Untracked 
|  40|0x0000000082800000, 0x0000000082800000, 0x0000000082900000|  0%| F|  |TAMS 0x0000000082800000, 0x0000000082800000| Untracked 
|  41|0x0000000082900000, 0x0000000082900000, 0x0000000082a00000|  0%| F|  |TAMS 0x0000000082900000, 0x0000000082900000| Untracked 
|  42|0x0000000082a00000, 0x0000000082a00000, 0x0000000082b00000|  0%| F|  |TAMS 0x0000000082a00000, 0x0000000082a00000| Untracked 
|  43|0x0000000082b00000, 0x0000000082b00000, 0x0000000082c00000|  0%| F|  |TAMS 0x0000000082b00000, 0x0000000082b00000| Untracked 
|  44|0x0000000082c00000, 0x0000000082c00000, 0x0000000082d00000|  0%| F|  |TAMS 0x0000000082c00000, 0x0000000082c00000| Untracked 
|  45|0x0000000082d00000, 0x0000000082d00000, 0x0000000082e00000|  0%| F|  |TAMS 0x0000000082d00000, 0x0000000082d00000| Untracked 
|  46|0x0000000082e00000, 0x0000000082e00000, 0x0000000082f00000|  0%| F|  |TAMS 0x0000000082e00000, 0x0000000082e00000| Untracked 
|  47|0x0000000082f00000, 0x0000000082f00000, 0x0000000083000000|  0%| F|  |TAMS 0x0000000082f00000, 0x0000000082f00000| Untracked 
|  48|0x0000000083000000, 0x0000000083000000, 0x0000000083100000|  0%| F|  |TAMS 0x0000000083000000, 0x0000000083000000| Untracked 
|  49|0x0000000083100000, 0x0000000083100000, 0x0000000083200000|  0%| F|  |TAMS 0x0000000083100000, 0x0000000083100000| Untracked 
|  50|0x0000000083200000, 0x0000000083200000, 0x0000000083300000|  0%| F|  |TAMS 0x0000000083200000, 0x0000000083200000| Untracked 
|  51|0x0000000083300000, 0x0000000083300000, 0x0000000083400000|  0%| F|  |TAMS 0x0000000083300000, 0x0000000083300000| Untracked 
|  52|0x0000000083400000, 0x0000000083400000, 0x0000000083500000|  0%| F|  |TAMS 0x0000000083400000, 0x0000000083400000| Untracked 
|  53|0x0000000083500000, 0x0000000083500000, 0x0000000083600000|  0%| F|  |TAMS 0x0000000083500000, 0x0000000083500000| Untracked 
|  54|0x0000000083600000, 0x0000000083600000, 0x0000000083700000|  0%| F|  |TAMS 0x0000000083600000, 0x0000000083600000| Untracked 
|  55|0x0000000083700000, 0x0000000083700000, 0x0000000083800000|  0%| F|  |TAMS 0x0000000083700000, 0x0000000083700000| Untracked 
|  56|0x0000000083800000, 0x0000000083800000, 0x0000000083900000|  0%| F|  |TAMS 0x0000000083800000, 0x0000000083800000| Untracked 
|  57|0x0000000083900000, 0x0000000083900000, 0x0000000083a00000|  0%| F|  |TAMS 0x0000000083900000, 0x0000000083900000| Untracked 
|  58|0x0000000083a00000, 0x0000000083a00000, 0x0000000083b00000|  0%| F|  |TAMS 0x0000000083a00000, 0x0000000083a00000| Untracked 
|  59|0x0000000083b00000, 0x0000000083b00000, 0x0000000083c00000|  0%| F|  |TAMS 0x0000000083b00000, 0x0000000083b00000| Untracked 
|  60|0x0000000083c00000, 0x0000000083c00000, 0x0000000083d00000|  0%| F|  |TAMS 0x0000000083c00000, 0x0000000083c00000| Untracked 
|  61|0x0000000083d00000, 0x0000000083e00000, 0x0000000083e00000|100%| S|CS|TAMS 0x0000000083d00000, 0x0000000083d00000| Complete 
|  62|0x0000000083e00000, 0x0000000083f00000, 0x0000000083f00000|100%| S|CS|TAMS 0x0000000083e00000, 0x0000000083e00000| Complete 
|  63|0x0000000083f00000, 0x0000000084000000, 0x0000000084000000|100%| S|CS|TAMS 0x0000000083f00000, 0x0000000083f00000| Complete 
|  64|0x0000000084000000, 0x0000000084100000, 0x0000000084100000|100%| S|CS|TAMS 0x0000000084000000, 0x0000000084000000| Complete 
|  65|0x0000000084100000, 0x0000000084200000, 0x0000000084200000|100%| S|CS|TAMS 0x0000000084100000, 0x0000000084100000| Complete 
|  66|0x0000000084200000, 0x0000000084200000, 0x0000000084300000|  0%| F|  |TAMS 0x0000000084200000, 0x0000000084200000| Untracked 
|  67|0x0000000084300000, 0x0000000084300000, 0x0000000084400000|  0%| F|  |TAMS 0x0000000084300000, 0x0000000084300000| Untracked 
|  68|0x0000000084400000, 0x0000000084400000, 0x0000000084500000|  0%| F|  |TAMS 0x0000000084400000, 0x0000000084400000| Untracked 
|  69|0x0000000084500000, 0x0000000084500000, 0x0000000084600000|  0%| F|  |TAMS 0x0000000084500000, 0x0000000084500000| Untracked 
|  70|0x0000000084600000, 0x0000000084600000, 0x0000000084700000|  0%| F|  |TAMS 0x0000000084600000, 0x0000000084600000| Untracked 
|  71|0x0000000084700000, 0x0000000084700000, 0x0000000084800000|  0%| F|  |TAMS 0x0000000084700000, 0x0000000084700000| Untracked 
|  72|0x0000000084800000, 0x0000000084800000, 0x0000000084900000|  0%| F|  |TAMS 0x0000000084800000, 0x0000000084800000| Untracked 
|  73|0x0000000084900000, 0x0000000084a00000, 0x0000000084a00000|100%| S|CS|TAMS 0x0000000084900000, 0x0000000084900000| Complete 
|  74|0x0000000084a00000, 0x0000000084b00000, 0x0000000084b00000|100%| S|CS|TAMS 0x0000000084a00000, 0x0000000084a00000| Complete 
|  75|0x0000000084b00000, 0x0000000084c00000, 0x0000000084c00000|100%| S|CS|TAMS 0x0000000084b00000, 0x0000000084b00000| Complete 
|  76|0x0000000084c00000, 0x0000000084c00000, 0x0000000084d00000|  0%| F|  |TAMS 0x0000000084c00000, 0x0000000084c00000| Untracked 
|  77|0x0000000084d00000, 0x0000000084d00000, 0x0000000084e00000|  0%| F|  |TAMS 0x0000000084d00000, 0x0000000084d00000| Untracked 
|  78|0x0000000084e00000, 0x0000000084e00000, 0x0000000084f00000|  0%| F|  |TAMS 0x0000000084e00000, 0x0000000084e00000| Untracked 
|  79|0x0000000084f00000, 0x0000000084f00000, 0x0000000085000000|  0%| F|  |TAMS 0x0000000084f00000, 0x0000000084f00000| Untracked 
|  80|0x0000000085000000, 0x0000000085000000, 0x0000000085100000|  0%| F|  |TAMS 0x0000000085000000, 0x0000000085000000| Untracked 
|  81|0x0000000085100000, 0x0000000085100000, 0x0000000085200000|  0%| F|  |TAMS 0x0000000085100000, 0x0000000085100000| Untracked 
|  82|0x0000000085200000, 0x0000000085200000, 0x0000000085300000|  0%| F|  |TAMS 0x0000000085200000, 0x0000000085200000| Untracked 
|  83|0x0000000085300000, 0x0000000085300000, 0x0000000085400000|  0%| F|  |TAMS 0x0000000085300000, 0x0000000085300000| Untracked 
|  84|0x0000000085400000, 0x0000000085400000, 0x0000000085500000|  0%| F|  |TAMS 0x0000000085400000, 0x0000000085400000| Untracked 
|  85|0x0000000085500000, 0x0000000085500000, 0x0000000085600000|  0%| F|  |TAMS 0x0000000085500000, 0x0000000085500000| Untracked 
|  86|0x0000000085600000, 0x0000000085600000, 0x0000000085700000|  0%| F|  |TAMS 0x0000000085600000, 0x0000000085600000| Untracked 
|  87|0x0000000085700000, 0x0000000085700000, 0x0000000085800000|  0%| F|  |TAMS 0x0000000085700000, 0x0000000085700000| Untracked 
|  88|0x0000000085800000, 0x0000000085800000, 0x0000000085900000|  0%| F|  |TAMS 0x0000000085800000, 0x0000000085800000| Untracked 
|  89|0x0000000085900000, 0x0000000085900000, 0x0000000085a00000|  0%| F|  |TAMS 0x0000000085900000, 0x0000000085900000| Untracked 
|  90|0x0000000085a00000, 0x0000000085a00000, 0x0000000085b00000|  0%| F|  |TAMS 0x0000000085a00000, 0x0000000085a00000| Untracked 
|  91|0x0000000085b00000, 0x0000000085b00000, 0x0000000085c00000|  0%| F|  |TAMS 0x0000000085b00000, 0x0000000085b00000| Untracked 
|  92|0x0000000085c00000, 0x0000000085c00000, 0x0000000085d00000|  0%| F|  |TAMS 0x0000000085c00000, 0x0000000085c00000| Untracked 
|  93|0x0000000085d00000, 0x0000000085d00000, 0x0000000085e00000|  0%| F|  |TAMS 0x0000000085d00000, 0x0000000085d00000| Untracked 
|  94|0x0000000085e00000, 0x0000000085e00000, 0x0000000085f00000|  0%| F|  |TAMS 0x0000000085e00000, 0x0000000085e00000| Untracked 
|  95|0x0000000085f00000, 0x0000000085f00000, 0x0000000086000000|  0%| F|  |TAMS 0x0000000085f00000, 0x0000000085f00000| Untracked 
|  96|0x0000000086000000, 0x0000000086000000, 0x0000000086100000|  0%| F|  |TAMS 0x0000000086000000, 0x0000000086000000| Untracked 
|  97|0x0000000086100000, 0x0000000086100000, 0x0000000086200000|  0%| F|  |TAMS 0x0000000086100000, 0x0000000086100000| Untracked 
|  98|0x0000000086200000, 0x0000000086200000, 0x0000000086300000|  0%| F|  |TAMS 0x0000000086200000, 0x0000000086200000| Untracked 
|  99|0x0000000086300000, 0x0000000086300000, 0x0000000086400000|  0%| F|  |TAMS 0x0000000086300000, 0x0000000086300000| Untracked 
| 100|0x0000000086400000, 0x0000000086400000, 0x0000000086500000|  0%| F|  |TAMS 0x0000000086400000, 0x0000000086400000| Untracked 
| 101|0x0000000086500000, 0x0000000086500000, 0x0000000086600000|  0%| F|  |TAMS 0x0000000086500000, 0x0000000086500000| Untracked 
| 102|0x0000000086600000, 0x0000000086600000, 0x0000000086700000|  0%| F|  |TAMS 0x0000000086600000, 0x0000000086600000| Untracked 
| 103|0x0000000086700000, 0x0000000086700000, 0x0000000086800000|  0%| F|  |TAMS 0x0000000086700000, 0x0000000086700000| Untracked 
| 104|0x0000000086800000, 0x0000000086800000, 0x0000000086900000|  0%| F|  |TAMS 0x0000000086800000, 0x0000000086800000| Untracked 
| 105|0x0000000086900000, 0x0000000086900000, 0x0000000086a00000|  0%| F|  |TAMS 0x0000000086900000, 0x0000000086900000| Untracked 
| 106|0x0000000086a00000, 0x0000000086a00000, 0x0000000086b00000|  0%| F|  |TAMS 0x0000000086a00000, 0x0000000086a00000| Untracked 
| 107|0x0000000086b00000, 0x0000000086b00000, 0x0000000086c00000|  0%| F|  |TAMS 0x0000000086b00000, 0x0000000086b00000| Untracked 
| 108|0x0000000086c00000, 0x0000000086c00000, 0x0000000086d00000|  0%| F|  |TAMS 0x0000000086c00000, 0x0000000086c00000| Untracked 
| 109|0x0000000086d00000, 0x0000000086d00000, 0x0000000086e00000|  0%| F|  |TAMS 0x0000000086d00000, 0x0000000086d00000| Untracked 
| 110|0x0000000086e00000, 0x0000000086e00000, 0x0000000086f00000|  0%| F|  |TAMS 0x0000000086e00000, 0x0000000086e00000| Untracked 
| 111|0x0000000086f00000, 0x0000000086f00000, 0x0000000087000000|  0%| F|  |TAMS 0x0000000086f00000, 0x0000000086f00000| Untracked 
| 112|0x0000000087000000, 0x0000000087000000, 0x0000000087100000|  0%| F|  |TAMS 0x0000000087000000, 0x0000000087000000| Untracked 
| 113|0x0000000087100000, 0x0000000087100000, 0x0000000087200000|  0%| F|  |TAMS 0x0000000087100000, 0x0000000087100000| Untracked 
| 114|0x0000000087200000, 0x0000000087200000, 0x0000000087300000|  0%| F|  |TAMS 0x0000000087200000, 0x0000000087200000| Untracked 
| 115|0x0000000087300000, 0x0000000087300000, 0x0000000087400000|  0%| F|  |TAMS 0x0000000087300000, 0x0000000087300000| Untracked 
| 116|0x0000000087400000, 0x0000000087400000, 0x0000000087500000|  0%| F|  |TAMS 0x0000000087400000, 0x0000000087400000| Untracked 
| 117|0x0000000087500000, 0x0000000087500000, 0x0000000087600000|  0%| F|  |TAMS 0x0000000087500000, 0x0000000087500000| Untracked 
| 118|0x0000000087600000, 0x0000000087600000, 0x0000000087700000|  0%| F|  |TAMS 0x0000000087600000, 0x0000000087600000| Untracked 
| 119|0x0000000087700000, 0x0000000087700000, 0x0000000087800000|  0%| F|  |TAMS 0x0000000087700000, 0x0000000087700000| Untracked 
| 120|0x0000000087800000, 0x0000000087800000, 0x0000000087900000|  0%| F|  |TAMS 0x0000000087800000, 0x0000000087800000| Untracked 
| 121|0x0000000087900000, 0x0000000087900000, 0x0000000087a00000|  0%| F|  |TAMS 0x0000000087900000, 0x0000000087900000| Untracked 
| 122|0x0000000087a00000, 0x0000000087a00000, 0x0000000087b00000|  0%| F|  |TAMS 0x0000000087a00000, 0x0000000087a00000| Untracked 
| 123|0x0000000087b00000, 0x0000000087b00000, 0x0000000087c00000|  0%| F|  |TAMS 0x0000000087b00000, 0x0000000087b00000| Untracked 
| 124|0x0000000087c00000, 0x0000000087c00000, 0x0000000087d00000|  0%| F|  |TAMS 0x0000000087c00000, 0x0000000087c00000| Untracked 
| 125|0x0000000087d00000, 0x0000000087d00000, 0x0000000087e00000|  0%| F|  |TAMS 0x0000000087d00000, 0x0000000087d00000| Untracked 
| 126|0x0000000087e00000, 0x0000000087e00000, 0x0000000087f00000|  0%| F|  |TAMS 0x0000000087e00000, 0x0000000087e00000| Untracked 
| 127|0x0000000087f00000, 0x0000000087f00000, 0x0000000088000000|  0%| F|  |TAMS 0x0000000087f00000, 0x0000000087f00000| Untracked 
| 128|0x0000000088000000, 0x0000000088000000, 0x0000000088100000|  0%| F|  |TAMS 0x0000000088000000, 0x0000000088000000| Untracked 
| 129|0x0000000088100000, 0x0000000088100000, 0x0000000088200000|  0%| F|  |TAMS 0x0000000088100000, 0x0000000088100000| Untracked 
| 130|0x0000000088200000, 0x0000000088200000, 0x0000000088300000|  0%| F|  |TAMS 0x0000000088200000, 0x0000000088200000| Untracked 
| 131|0x0000000088300000, 0x0000000088300000, 0x0000000088400000|  0%| F|  |TAMS 0x0000000088300000, 0x0000000088300000| Untracked 
| 132|0x0000000088400000, 0x0000000088400000, 0x0000000088500000|  0%| F|  |TAMS 0x0000000088400000, 0x0000000088400000| Untracked 
| 133|0x0000000088500000, 0x0000000088500000, 0x0000000088600000|  0%| F|  |TAMS 0x0000000088500000, 0x0000000088500000| Untracked 
| 134|0x0000000088600000, 0x0000000088600000, 0x0000000088700000|  0%| F|  |TAMS 0x0000000088600000, 0x0000000088600000| Untracked 
| 135|0x0000000088700000, 0x0000000088700000, 0x0000000088800000|  0%| F|  |TAMS 0x0000000088700000, 0x0000000088700000| Untracked 
| 136|0x0000000088800000, 0x0000000088800000, 0x0000000088900000|  0%| F|  |TAMS 0x0000000088800000, 0x0000000088800000| Untracked 
| 137|0x0000000088900000, 0x0000000088900000, 0x0000000088a00000|  0%| F|  |TAMS 0x0000000088900000, 0x0000000088900000| Untracked 
| 138|0x0000000088a00000, 0x0000000088a00000, 0x0000000088b00000|  0%| F|  |TAMS 0x0000000088a00000, 0x0000000088a00000| Untracked 
| 139|0x0000000088b00000, 0x0000000088b00000, 0x0000000088c00000|  0%| F|  |TAMS 0x0000000088b00000, 0x0000000088b00000| Untracked 
| 140|0x0000000088c00000, 0x0000000088c00000, 0x0000000088d00000|  0%| F|  |TAMS 0x0000000088c00000, 0x0000000088c00000| Untracked 
| 141|0x0000000088d00000, 0x0000000088d00000, 0x0000000088e00000|  0%| F|  |TAMS 0x0000000088d00000, 0x0000000088d00000| Untracked 
| 142|0x0000000088e00000, 0x0000000088e00000, 0x0000000088f00000|  0%| F|  |TAMS 0x0000000088e00000, 0x0000000088e00000| Untracked 
| 143|0x0000000088f00000, 0x0000000088f00000, 0x0000000089000000|  0%| F|  |TAMS 0x0000000088f00000, 0x0000000088f00000| Untracked 
| 144|0x0000000089000000, 0x0000000089000000, 0x0000000089100000|  0%| F|  |TAMS 0x0000000089000000, 0x0000000089000000| Untracked 
| 145|0x0000000089100000, 0x0000000089100000, 0x0000000089200000|  0%| F|  |TAMS 0x0000000089100000, 0x0000000089100000| Untracked 
| 146|0x0000000089200000, 0x0000000089282010, 0x0000000089300000| 50%| E|  |TAMS 0x0000000089200000, 0x0000000089200000| Complete 
| 147|0x0000000089300000, 0x0000000089400000, 0x0000000089400000|100%| E|CS|TAMS 0x0000000089300000, 0x0000000089300000| Complete 
| 148|0x0000000089400000, 0x0000000089500000, 0x0000000089500000|100%| E|CS|TAMS 0x0000000089400000, 0x0000000089400000| Complete 
| 149|0x0000000089500000, 0x0000000089600000, 0x0000000089600000|100%| E|CS|TAMS 0x0000000089500000, 0x0000000089500000| Complete 
| 150|0x0000000089600000, 0x0000000089700000, 0x0000000089700000|100%| E|CS|TAMS 0x0000000089600000, 0x0000000089600000| Complete 
| 151|0x0000000089700000, 0x0000000089800000, 0x0000000089800000|100%| E|CS|TAMS 0x0000000089700000, 0x0000000089700000| Complete 
| 152|0x0000000089800000, 0x0000000089900000, 0x0000000089900000|100%| E|CS|TAMS 0x0000000089800000, 0x0000000089800000| Complete 
| 153|0x0000000089900000, 0x0000000089a00000, 0x0000000089a00000|100%| E|CS|TAMS 0x0000000089900000, 0x0000000089900000| Complete 

Card table byte_map: [0x000001aaf79e0000,0x000001aaf7de0000] _byte_map_base: 0x000001aaf75e0000

Marking Bits (Prev, Next): (CMBitMap*) 0x000001aaf396c448, (CMBitMap*) 0x000001aaf396c480
 Prev Bits: [0x000001aaf81e0000, 0x000001aafa1e0000)
 Next Bits: [0x000001aafa1e0000, 0x000001aafc1e0000)

Polling page: 0x000001aaf3110000

Metaspace:

Usage:
  Non-class:     34.76 MB capacity,    34.23 MB ( 98%) used,   460.03 KB (  1%) free+waste,    84.50 KB ( <1%) overhead. 
      Class:      5.38 MB capacity,     5.04 MB ( 94%) used,   311.09 KB (  6%) free+waste,    41.19 KB ( <1%) overhead. 
       Both:     40.14 MB capacity,    39.26 MB ( 98%) used,   771.13 KB (  2%) free+waste,   125.69 KB ( <1%) overhead. 

Virtual space:
  Non-class space:       36.00 MB reserved,      34.87 MB ( 97%) committed 
      Class space:        1.00 GB reserved,       5.50 MB ( <1%) committed 
             Both:        1.04 GB reserved,      40.37 MB (  4%) committed 

Chunk freelists:
   Non-Class:  53.00 KB
       Class:  0 bytes
        Both:  53.00 KB

MaxMetaspaceSize: 17179869184.00 GB
CompressedClassSpaceSize: 1.00 GB

CodeHeap 'non-profiled nmethods': size=120000Kb used=1692Kb max_used=1692Kb free=118307Kb
 bounds [0x000001aa87ad0000, 0x000001aa87d40000, 0x000001aa8f000000]
CodeHeap 'profiled nmethods': size=120000Kb used=6444Kb max_used=6444Kb free=113556Kb
 bounds [0x000001aa805a0000, 0x000001aa80bf0000, 0x000001aa87ad0000]
CodeHeap 'non-nmethods': size=5760Kb used=2190Kb max_used=2259Kb free=3569Kb
 bounds [0x000001aa80000000, 0x000001aa80270000, 0x000001aa805a0000]
 total_blobs=3835 nmethods=3083 adapters=663
 compilation: enabled
              stopped_count=0, restarted_count=0
 full_count=0

Compilation events (20 events):
Event: 4.052 Thread 0x000001aaff5aa800 3301       3       java.util.zip.ZipFile$ZipEntryIterator::nextElement (5 bytes)
Event: 4.052 Thread 0x000001aaff5aa800 nmethod 3301 0x000001aa80bdf390 code [0x000001aa80bdf540, 0x000001aa80bdf668]
Event: 4.052 Thread 0x000001aaff5aa800 3302   !   3       java.util.zip.ZipFile$ZipEntryIterator::next (76 bytes)
Event: 4.053 Thread 0x000001aaff5aa800 nmethod 3302 0x000001aa80bdf710 code [0x000001aa80bdf920, 0x000001aa80bdff08]
Event: 4.053 Thread 0x000001aaff5aa800 3303       3       java.util.zip.ZipFile$$Lambda$272/0x0000000100562040::apply (12 bytes)
Event: 4.053 Thread 0x000001aaff5aa800 nmethod 3303 0x000001aa80be0310 code [0x000001aa80be04e0, 0x000001aa80be0768]
Event: 4.053 Thread 0x000001aaff5aa800 3304       3       org.gradle.internal.fingerprint.impl.DefaultFileSystemLocationFingerprint::<init> (19 bytes)
Event: 4.054 Thread 0x000001aaff5aa800 nmethod 3304 0x000001aa80be0890 code [0x000001aa80be0a60, 0x000001aa80be0cc8]
Event: 4.054 Thread 0x000001aaff5aa800 3305       3       org.gradle.internal.fingerprint.impl.DefaultFileSystemLocationFingerprint::hashForType (73 bytes)
Event: 4.054 Thread 0x000001aaff5aa800 nmethod 3305 0x000001aa80be0e10 code [0x000001aa80be1020, 0x000001aa80be1408]
Event: 4.054 Thread 0x000001aaff5aa800 3306       3       org.gradle.api.internal.changedetection.state.ZipEntryContext::<init> (20 bytes)
Event: 4.054 Thread 0x000001aaff5aa800 nmethod 3306 0x000001aa80be1610 code [0x000001aa80be17c0, 0x000001aa80be1a38]
Event: 4.054 Thread 0x000001aaff5aa800 3307       3       org.gradle.api.internal.changedetection.state.ZipHasher::fingerprintZipEntry (38 bytes)
Event: 4.054 Thread 0x000001aaff5aa800 nmethod 3307 0x000001aa80be1b10 code [0x000001aa80be1d20, 0x000001aa80be2248]
Event: 4.054 Thread 0x000001aaff5aa800 3308       3       org.gradle.api.internal.changedetection.state.MetaInfAwareClasspathResourceHasher::hash (60 bytes)
Event: 4.066 Thread 0x000001aaff5aa800 nmethod 3308 0x000001aa80be2490 code [0x000001aa80be2740, 0x000001aa80be3238]
Event: 4.066 Thread 0x000001aaff5aa800 3309       3       org.gradle.api.internal.changedetection.state.MetaInfAwareClasspathResourceHasher::isManifestFile (7 bytes)
Event: 4.066 Thread 0x000001aaff5aa800 nmethod 3309 0x000001aa80be3690 code [0x000001aa80be3840, 0x000001aa80be3968]
Event: 4.066 Thread 0x000001aaff5aa800 3311       3       jdk.internal.misc.InnocuousThread::eraseThreadLocals (23 bytes)
Event: 4.066 Thread 0x000001aaff5aa800 nmethod 3311 0x000001aa80be3a10 code [0x000001aa80be3bc0, 0x000001aa80be3d98]

GC Heap History (12 events):
Event: 0.618 GC heap before
{Heap before GC invocations=0 (full 0):
 garbage-first heap   total 131072K, used 29696K [0x0000000080000000, 0x0000000100000000)
  region size 1024K, 24 young (24576K), 0 survivors (0K)
 Metaspace       used 10467K, capacity 10677K, committed 11008K, reserved 1058816K
  class space    used 1097K, capacity 1195K, committed 1280K, reserved 1048576K
}
Event: 0.622 GC heap after
{Heap after GC invocations=1 (full 0):
 garbage-first heap   total 131072K, used 8781K [0x0000000080000000, 0x0000000100000000)
  region size 1024K, 3 young (3072K), 3 survivors (3072K)
 Metaspace       used 10467K, capacity 10677K, committed 11008K, reserved 1058816K
  class space    used 1097K, capacity 1195K, committed 1280K, reserved 1048576K
}
Event: 2.019 GC heap before
{Heap before GC invocations=1 (full 0):
 garbage-first heap   total 131072K, used 82509K [0x0000000080000000, 0x0000000100000000)
  region size 1024K, 76 young (77824K), 3 survivors (3072K)
 Metaspace       used 19015K, capacity 19473K, committed 19712K, reserved 1067008K
  class space    used 2298K, capacity 2469K, committed 2560K, reserved 1048576K
}
Event: 2.026 GC heap after
{Heap after GC invocations=2 (full 0):
 garbage-first heap   total 131072K, used 15699K [0x0000000080000000, 0x0000000100000000)
  region size 1024K, 10 young (10240K), 10 survivors (10240K)
 Metaspace       used 19015K, capacity 19473K, committed 19712K, reserved 1067008K
  class space    used 2298K, capacity 2469K, committed 2560K, reserved 1048576K
}
Event: 2.151 GC heap before
{Heap before GC invocations=2 (full 0):
 garbage-first heap   total 131072K, used 27987K [0x0000000080000000, 0x0000000100000000)
  region size 1024K, 23 young (23552K), 10 survivors (10240K)
 Metaspace       used 20632K, capacity 21139K, committed 21296K, reserved 1069056K
  class space    used 2524K, capacity 2688K, committed 2688K, reserved 1048576K
}
Event: 2.156 GC heap after
{Heap after GC invocations=3 (full 0):
 garbage-first heap   total 131072K, used 16164K [0x0000000080000000, 0x0000000100000000)
  region size 1024K, 1 young (1024K), 1 survivors (1024K)
 Metaspace       used 20632K, capacity 21139K, committed 21296K, reserved 1069056K
  class space    used 2524K, capacity 2688K, committed 2688K, reserved 1048576K
}
Event: 2.655 GC heap before
{Heap before GC invocations=4 (full 0):
 garbage-first heap   total 131072K, used 71460K [0x0000000080000000, 0x0000000100000000)
  region size 1024K, 51 young (52224K), 1 survivors (1024K)
 Metaspace       used 26118K, capacity 26833K, committed 26928K, reserved 1073152K
  class space    used 3406K, capacity 3645K, committed 3712K, reserved 1048576K
}
Event: 2.658 GC heap after
{Heap after GC invocations=5 (full 0):
 garbage-first heap   total 131072K, used 24231K [0x0000000080000000, 0x0000000100000000)
  region size 1024K, 4 young (4096K), 4 survivors (4096K)
 Metaspace       used 26118K, capacity 26833K, committed 26928K, reserved 1073152K
  class space    used 3406K, capacity 3645K, committed 3712K, reserved 1048576K
}
Event: 3.357 GC heap before
{Heap before GC invocations=5 (full 0):
 garbage-first heap   total 131072K, used 78503K [0x0000000080000000, 0x0000000100000000)
  region size 1024K, 55 young (56320K), 4 survivors (4096K)
 Metaspace       used 34823K, capacity 35574K, committed 35708K, reserved 1081344K
  class space    used 4523K, capacity 4798K, committed 4864K, reserved 1048576K
}
Event: 3.366 GC heap after
{Heap after GC invocations=6 (full 0):
 garbage-first heap   total 131072K, used 31738K [0x0000000080000000, 0x0000000100000000)
  region size 1024K, 7 young (7168K), 7 survivors (7168K)
 Metaspace       used 34823K, capacity 35574K, committed 35708K, reserved 1081344K
  class space    used 4523K, capacity 4798K, committed 4864K, reserved 1048576K
}
Event: 4.055 GC heap before
{Heap before GC invocations=7 (full 0):
 garbage-first heap   total 131072K, used 94202K [0x0000000080000000, 0x0000000100000000)
  region size 1024K, 59 young (60416K), 7 survivors (7168K)
 Metaspace       used 40198K, capacity 41104K, committed 41340K, reserved 1085440K
  class space    used 5160K, capacity 5513K, committed 5632K, reserved 1048576K
}
Event: 4.063 GC heap after
{Heap after GC invocations=8 (full 0):
 garbage-first heap   total 157696K, used 43742K [0x0000000080000000, 0x0000000100000000)
  region size 1024K, 8 young (8192K), 8 survivors (8192K)
 Metaspace       used 40198K, capacity 41104K, committed 41340K, reserved 1085440K
  class space    used 5160K, capacity 5513K, committed 5632K, reserved 1048576K
}

Deoptimization events (20 events):
Event: 3.928 Thread 0x000001aa904e1800 DEOPT PACKING pc=0x000001aa87c583b8 sp=0x0000004e1aafa720
Event: 3.928 Thread 0x000001aa904e1800 DEOPT UNPACKING pc=0x000001aa800274af sp=0x0000004e1aafa738 mode 2
Event: 3.928 Thread 0x000001aa904e1800 Uncommon trap: trap_request=0xffffffbe fr.pc=0x000001aa87c583b8 relative=0x0000000000003d38
Event: 3.928 Thread 0x000001aa904e1800 Uncommon trap: reason=profile_predicate action=maybe_recompile pc=0x000001aa87c583b8 method=java.util.AbstractCollection.addAll(Ljava/util/Collection;)Z @ 15 c2
Event: 3.928 Thread 0x000001aa904e1800 DEOPT PACKING pc=0x000001aa87c583b8 sp=0x0000004e1aaf9e20
Event: 3.928 Thread 0x000001aa904e1800 DEOPT UNPACKING pc=0x000001aa800274af sp=0x0000004e1aaf9e38 mode 2
Event: 3.928 Thread 0x000001aa904e1800 Uncommon trap: trap_request=0xffffffbe fr.pc=0x000001aa87c583b8 relative=0x0000000000003d38
Event: 3.928 Thread 0x000001aa904e1800 Uncommon trap: reason=profile_predicate action=maybe_recompile pc=0x000001aa87c583b8 method=java.util.AbstractCollection.addAll(Ljava/util/Collection;)Z @ 15 c2
Event: 3.928 Thread 0x000001aa904e1800 DEOPT PACKING pc=0x000001aa87c583b8 sp=0x0000004e1aaf9e20
Event: 3.928 Thread 0x000001aa904e1800 DEOPT UNPACKING pc=0x000001aa800274af sp=0x0000004e1aaf9e38 mode 2
Event: 3.950 Thread 0x000001aa904e1800 DEOPT PACKING pc=0x000001aa808c56da sp=0x0000004e1aaf27c0
Event: 3.950 Thread 0x000001aa904e1800 DEOPT UNPACKING pc=0x000001aa800272ce sp=0x0000004e1aaf1c48 mode 0
Event: 3.979 Thread 0x000001aa904e1800 DEOPT PACKING pc=0x000001aa808c7b68 sp=0x0000004e1aafa070
Event: 3.979 Thread 0x000001aa904e1800 DEOPT UNPACKING pc=0x000001aa800272ce sp=0x0000004e1aaf9578 mode 0
Event: 4.001 Thread 0x000001aa923d0000 Uncommon trap: trap_request=0xffffff4d fr.pc=0x000001aa87bcdb00 relative=0x0000000000000060
Event: 4.001 Thread 0x000001aa923d0000 Uncommon trap: reason=unstable_if action=reinterpret pc=0x000001aa87bcdb00 method=java.util.concurrent.SynchronousQueue$TransferStack.shouldSpin(Ljava/util/concurrent/SynchronousQueue$TransferStack$SNode;)Z @ 7 c2
Event: 4.001 Thread 0x000001aa923d0000 DEOPT PACKING pc=0x000001aa87bcdb00 sp=0x0000004e1cdfee60
Event: 4.001 Thread 0x000001aa923d0000 DEOPT UNPACKING pc=0x000001aa800274af sp=0x0000004e1cdfedf0 mode 2
Event: 4.015 Thread 0x000001aa904e1800 DEOPT PACKING pc=0x000001aa808c56da sp=0x0000004e1aaf9e90
Event: 4.015 Thread 0x000001aa904e1800 DEOPT UNPACKING pc=0x000001aa800272ce sp=0x0000004e1aaf9318 mode 0

Classes redefined (0 events):
No events

Internal exceptions (20 events):
Event: 3.695 Thread 0x000001aa904e1800 Exception <a 'java/lang/ClassNotFoundException'{0x00000000869e8cc8}: org/gradle/api/internal/artifacts/dsl/dependencies/DefaultDependencyHandler_DecoratedCustomizer> (0x00000000869e8cc8) thrown at [./src/hotspot/share/classfile/systemDictionary.cpp, line 231]
Event: 3.820 Thread 0x000001aa904e1800 Exception <a 'java/lang/NoSuchMethodError'{0x0000000085d0c7e0}: 'java.lang.Object java.lang.invoke.DirectMethodHandle$Holder.invokeStatic(java.lang.Object, java.lang.Object, java.lang.Object, int)'> (0x0000000085d0c7e0) thrown at [./src/hotspot/share/interpreter/linkResolver.cpp, line 773]
Event: 3.821 Thread 0x000001aa904e1800 Exception <a 'java/lang/NoSuchMethodError'{0x0000000085d10df8}: 'java.lang.Object java.lang.invoke.DirectMethodHandle$Holder.invokeSpecial(java.lang.Object, java.lang.Object, java.lang.Object, java.lang.Object, int)'> (0x0000000085d10df8) thrown at [./src/hotspot/share/interpreter/linkResolver.cpp, line 773]
Event: 3.821 Thread 0x000001aa904e1800 Exception <a 'java/lang/NoSuchMethodError'{0x0000000085d14d30}: 'java.lang.Object java.lang.invoke.Invokers$Holder.linkToTargetMethod(java.lang.Object, java.lang.Object, int, java.lang.Object)'> (0x0000000085d14d30) thrown at [./src/hotspot/share/interpreter/linkResolver.cpp, line 773]
Event: 3.827 Thread 0x000001aa904e1800 Exception <a 'java/lang/NoSuchMethodError'{0x0000000085d56928}: 'int java.lang.invoke.DirectMethodHandle$Holder.invokeInterface(java.lang.Object, java.lang.Object)'> (0x0000000085d56928) thrown at [./src/hotspot/share/interpreter/linkResolver.cpp, line 773]
Event: 3.828 Thread 0x000001aa904e1800 Exception <a 'java/lang/IncompatibleClassChangeError'{0x0000000085d5a160}: Found class java.lang.Object, but interface was expected> (0x0000000085d5a160) thrown at [./src/hotspot/share/interpreter/linkResolver.cpp, line 839]
Event: 3.846 Thread 0x000001aa904e1800 Exception <a 'java/lang/NoSuchMethodError'{0x0000000085cbc118}: 'java.lang.Object java.lang.invoke.Invokers$Holder.linkToTargetMethod(java.lang.Object, int, java.lang.Object)'> (0x0000000085cbc118) thrown at [./src/hotspot/share/interpreter/linkResolver.cpp, line 773]
Event: 3.877 Thread 0x000001aa904e1800 Exception <a 'java/lang/NoSuchMethodError'{0x00000000859c5dd0}: 'int java.lang.invoke.DirectMethodHandle$Holder.invokeStaticInit(java.lang.Object)'> (0x00000000859c5dd0) thrown at [./src/hotspot/share/interpreter/linkResolver.cpp, line 773]
Event: 3.915 Thread 0x000001aa923cf000 Exception <a 'sun/nio/fs/WindowsException'{0x00000000857e3348}> (0x00000000857e3348) thrown at [./src/hotspot/share/prims/jni.cpp, line 615]
Event: 3.917 Thread 0x000001aa923cf000 Exception <a 'sun/nio/fs/WindowsException'{0x00000000857e3530}> (0x00000000857e3530) thrown at [./src/hotspot/share/prims/jni.cpp, line 615]
Event: 3.924 Thread 0x000001aa904e1800 Exception <a 'java/lang/ClassNotFoundException'{0x00000000856323a0}: sync_studio_tooling2931_7ieif0kw25xb6x4y5kj8dzgtqBeanInfo> (0x00000000856323a0) thrown at [./src/hotspot/share/classfile/systemDictionary.cpp, line 231]
Event: 3.924 Thread 0x000001aa904e1800 Exception <a 'java/lang/ClassNotFoundException'{0x000000008563c4c0}: sync_studio_tooling2931_7ieif0kw25xb6x4y5kj8dzgtqCustomizer> (0x000000008563c4c0) thrown at [./src/hotspot/share/classfile/systemDictionary.cpp, line 231]
Event: 3.961 Thread 0x000001aa904e1800 Exception <a 'java/lang/ClassNotFoundException'{0x000000008557aaf8}: org/gradle/invocation/DefaultGradle_DecoratedBeanInfo> (0x000000008557aaf8) thrown at [./src/hotspot/share/classfile/systemDictionary.cpp, line 231]
Event: 3.962 Thread 0x000001aa904e1800 Exception <a 'java/lang/ClassNotFoundException'{0x000000008540e6a8}: org/gradle/invocation/DefaultGradleBeanInfo> (0x000000008540e6a8) thrown at [./src/hotspot/share/classfile/systemDictionary.cpp, line 231]
Event: 3.963 Thread 0x000001aa904e1800 Exception <a 'java/lang/ClassNotFoundException'{0x000000008542f498}: org/gradle/api/internal/project/AbstractPluginAwareBeanInfo> (0x000000008542f498) thrown at [./src/hotspot/share/classfile/systemDictionary.cpp, line 231]
Event: 3.963 Thread 0x000001aa904e1800 Exception <a 'java/lang/ClassNotFoundException'{0x00000000854502b0}: org/gradle/api/internal/project/AbstractPluginAwareCustomizer> (0x00000000854502b0) thrown at [./src/hotspot/share/classfile/systemDictionary.cpp, line 231]
Event: 3.964 Thread 0x000001aa904e1800 Exception <a 'java/lang/ClassNotFoundException'{0x0000000085473e20}: org/gradle/invocation/DefaultGradleCustomizer> (0x0000000085473e20) thrown at [./src/hotspot/share/classfile/systemDictionary.cpp, line 231]
Event: 3.967 Thread 0x000001aa904e1800 Exception <a 'java/lang/ClassNotFoundException'{0x00000000854c1fb8}: org/gradle/invocation/DefaultGradle_DecoratedCustomizer> (0x00000000854c1fb8) thrown at [./src/hotspot/share/classfile/systemDictionary.cpp, line 231]
Event: 3.985 Thread 0x000001aa904e1800 Exception <a 'java/lang/ClassNotFoundException'{0x00000000853adbc8}: ijinit10_4bcmqrb6u9mg37ko5fygv0nxdBeanInfo> (0x00000000853adbc8) thrown at [./src/hotspot/share/classfile/systemDictionary.cpp, line 231]
Event: 3.985 Thread 0x000001aa904e1800 Exception <a 'java/lang/ClassNotFoundException'{0x00000000853b7038}: ijinit10_4bcmqrb6u9mg37ko5fygv0nxdCustomizer> (0x00000000853b7038) thrown at [./src/hotspot/share/classfile/systemDictionary.cpp, line 231]

Events (20 events):
Event: 4.022 loading class org/gradle/internal/fingerprint/impl/DefaultFileSystemLocationFingerprint
Event: 4.022 loading class org/gradle/internal/fingerprint/impl/DefaultFileSystemLocationFingerprint done
Event: 4.022 loading class org/gradle/internal/fingerprint/impl/DefaultFileSystemLocationFingerprint$1
Event: 4.022 loading class org/gradle/internal/fingerprint/impl/DefaultFileSystemLocationFingerprint$1 done
Event: 4.023 loading class org/gradle/api/internal/file/archive/impl/FileZipInput$1
Event: 4.023 loading class org/gradle/api/internal/file/archive/impl/FileZipInput$1 done
Event: 4.023 loading class org/gradle/api/internal/file/archive/ZipEntry
Event: 4.023 loading class org/gradle/api/internal/file/archive/ZipEntry done
Event: 4.023 Executing VM operation: RevokeBias
Event: 4.023 Executing VM operation: RevokeBias done
Event: 4.023 loading class org/gradle/api/internal/file/archive/impl/JdkZipEntry
Event: 4.023 loading class org/gradle/api/internal/file/archive/impl/JdkZipEntry done
Event: 4.024 loading class org/gradle/api/internal/file/archive/impl/FileZipInput$1$1
Event: 4.024 loading class org/gradle/api/internal/file/archive/impl/FileZipInput$1$1 done
Event: 4.024 loading class org/gradle/api/internal/changedetection/state/ZipHasher$ZipEntryRelativePath
Event: 4.024 loading class org/gradle/api/internal/changedetection/state/ZipHasher$ZipEntryRelativePath done
Event: 4.024 loading class org/gradle/api/internal/changedetection/state/ZipEntryContext
Event: 4.024 loading class org/gradle/api/internal/changedetection/state/ZipEntryContext done
Event: 4.055 Executing VM operation: G1CollectForAllocation
Event: 4.063 Executing VM operation: G1CollectForAllocation done


Dynamic libraries:
0x00007ff7b22e0000 - 0x00007ff7b22ea000 	C:\Program Files\Android\Android Studio2\jre\bin\java.exe
0x00007ffa0fb90000 - 0x00007ffa0fd85000 	C:\WINDOWS\SYSTEM32\ntdll.dll
0x00007ffa0ef40000 - 0x00007ffa0effd000 	C:\WINDOWS\System32\KERNEL32.DLL
0x00007ffa0d6f0000 - 0x00007ffa0d9b9000 	C:\WINDOWS\System32\KERNELBASE.dll
0x00007ffa0d550000 - 0x00007ffa0d650000 	C:\WINDOWS\System32\ucrtbase.dll
0x00007ff9ffa70000 - 0x00007ff9ffa89000 	C:\Program Files\Android\Android Studio2\jre\bin\jli.dll
0x00007ff9fbe10000 - 0x00007ff9fbe27000 	C:\Program Files\Android\Android Studio2\jre\bin\VCRUNTIME140.dll
0x00007ffa0dcf0000 - 0x00007ffa0de90000 	C:\WINDOWS\System32\USER32.dll
0x00007ffa0d2d0000 - 0x00007ffa0d2f2000 	C:\WINDOWS\System32\win32u.dll
0x00007ffa0ea80000 - 0x00007ffa0eaaa000 	C:\WINDOWS\System32\GDI32.dll
0x00007ff9f9df0000 - 0x00007ff9fa08a000 	C:\WINDOWS\WinSxS\amd64_microsoft.windows.common-controls_6595b64144ccf1df_6.0.19041.1110_none_60b5254171f9507e\COMCTL32.dll
0x00007ffa0d360000 - 0x00007ffa0d46b000 	C:\WINDOWS\System32\gdi32full.dll
0x00007ffa0f010000 - 0x00007ffa0f0ae000 	C:\WINDOWS\System32\msvcrt.dll
0x00007ffa0d650000 - 0x00007ffa0d6ed000 	C:\WINDOWS\System32\msvcp_win.dll
0x00007ffa0ee60000 - 0x00007ffa0ee90000 	C:\WINDOWS\System32\IMM32.DLL
0x00007ff9e67f0000 - 0x00007ff9e688d000 	C:\Program Files\Android\Android Studio2\jre\bin\msvcp140.dll
0x00007ff9cb420000 - 0x00007ff9cbedc000 	C:\Program Files\Android\Android Studio2\jre\bin\server\jvm.dll
0x00007ffa0ee90000 - 0x00007ffa0ef3c000 	C:\WINDOWS\System32\ADVAPI32.dll
0x00007ffa0e7b0000 - 0x00007ffa0e84b000 	C:\WINDOWS\System32\sechost.dll
0x00007ffa0e210000 - 0x00007ffa0e33a000 	C:\WINDOWS\System32\RPCRT4.dll
0x00007ffa0ed10000 - 0x00007ffa0ed18000 	C:\WINDOWS\System32\PSAPI.DLL
0x00007ffa02310000 - 0x00007ffa02337000 	C:\WINDOWS\SYSTEM32\WINMM.dll
0x00007ff9f9760000 - 0x00007ff9f9769000 	C:\WINDOWS\SYSTEM32\WSOCK32.dll
0x00007ffa04a60000 - 0x00007ffa04a6a000 	C:\WINDOWS\SYSTEM32\VERSION.dll
0x00007ffa0e9a0000 - 0x00007ffa0ea0b000 	C:\WINDOWS\System32\WS2_32.dll
0x00007ffa0bb90000 - 0x00007ffa0bba2000 	C:\WINDOWS\SYSTEM32\kernel.appcore.dll
0x00007ffa07510000 - 0x00007ffa07521000 	C:\Program Files\Android\Android Studio2\jre\bin\verify.dll
0x00007ffa0afb0000 - 0x00007ffa0b194000 	C:\WINDOWS\SYSTEM32\DBGHELP.DLL
0x00007ff9fbe70000 - 0x00007ff9fbe9c000 	C:\WINDOWS\SYSTEM32\dbgcore.DLL
0x00007ffa0d4c0000 - 0x00007ffa0d543000 	C:\WINDOWS\System32\bcryptPrimitives.dll
0x00007ff9ffca0000 - 0x00007ff9ffcc9000 	C:\Program Files\Android\Android Studio2\jre\bin\java.dll
0x00007ffa07ae0000 - 0x00007ffa07aeb000 	C:\Program Files\Android\Android Studio2\jre\bin\jimage.dll
0x00007ff9ffb90000 - 0x00007ff9ffba8000 	C:\Program Files\Android\Android Studio2\jre\bin\zip.dll
0x00007ffa0f0b0000 - 0x00007ffa0f7ef000 	C:\WINDOWS\System32\SHELL32.dll
0x00007ffa0b3e0000 - 0x00007ffa0bb71000 	C:\WINDOWS\SYSTEM32\windows.storage.dll
0x00007ffa0f7f0000 - 0x00007ffa0fb45000 	C:\WINDOWS\System32\combase.dll
0x00007ffa0cd40000 - 0x00007ffa0cd6c000 	C:\WINDOWS\SYSTEM32\Wldp.dll
0x00007ffa0de90000 - 0x00007ffa0df3e000 	C:\WINDOWS\System32\SHCORE.dll
0x00007ffa0ea10000 - 0x00007ffa0ea65000 	C:\WINDOWS\System32\shlwapi.dll
0x00007ffa0d210000 - 0x00007ffa0d22f000 	C:\WINDOWS\SYSTEM32\profapi.dll
0x00007ff9ffb70000 - 0x00007ff9ffb8a000 	C:\Program Files\Android\Android Studio2\jre\bin\net.dll
0x00007ffa014f0000 - 0x00007ffa015fa000 	C:\WINDOWS\SYSTEM32\WINHTTP.dll
0x00007ffa0ca30000 - 0x00007ffa0ca9a000 	C:\WINDOWS\system32\mswsock.dll
0x00007ff9ffa50000 - 0x00007ff9ffa64000 	C:\Program Files\Android\Android Studio2\jre\bin\nio.dll
0x00007ff9ffce0000 - 0x00007ff9ffd07000 	C:\Users\Dark Knight\.gradle\native\fdc75f09e3144964f2cf3f50f0aa648679c211496f362492102eb8c894070792\windows-amd64\native-platform.dll
0x00007ff9d6e40000 - 0x00007ff9d6fd6000 	C:\Users\Dark Knight\.gradle\native\12488b8bf47d2d4c9fbf2f6322a914ad602e24e48041cd04a747c6da556b65c4\windows-amd64\native-platform-file-events.dll
0x00007ffa07800000 - 0x00007ffa0780a000 	C:\Program Files\Android\Android Studio2\jre\bin\management.dll
0x00007ffa05ea0000 - 0x00007ffa05eac000 	C:\Program Files\Android\Android Studio2\jre\bin\management_ext.dll
0x00007ffa0cc40000 - 0x00007ffa0cc58000 	C:\WINDOWS\SYSTEM32\CRYPTSP.dll
0x00007ffa0c370000 - 0x00007ffa0c3a4000 	C:\WINDOWS\system32\rsaenh.dll
0x00007ffa0da70000 - 0x00007ffa0da97000 	C:\WINDOWS\System32\bcrypt.dll
0x00007ffa0d1d0000 - 0x00007ffa0d1fe000 	C:\WINDOWS\SYSTEM32\USERENV.dll
0x00007ffa0cc30000 - 0x00007ffa0cc3c000 	C:\WINDOWS\SYSTEM32\CRYPTBASE.dll
0x00007ffa0c720000 - 0x00007ffa0c75b000 	C:\WINDOWS\SYSTEM32\IPHLPAPI.DLL
0x00007ffa0f000000 - 0x00007ffa0f008000 	C:\WINDOWS\System32\NSI.dll
0x00007ffa034e0000 - 0x00007ffa034f7000 	C:\WINDOWS\SYSTEM32\dhcpcsvc6.DLL
0x00007ffa03da0000 - 0x00007ffa03dbd000 	C:\WINDOWS\SYSTEM32\dhcpcsvc.DLL
0x00007ffa0c760000 - 0x00007ffa0c82c000 	C:\WINDOWS\SYSTEM32\DNSAPI.dll
0x00007ffa04a70000 - 0x00007ffa04a7b000 	C:\WINDOWS\SYSTEM32\WINNSI.DLL

dbghelp: loaded successfully - version: 4.0.5 - missing functions: none
symbol engine: initialized successfully - sym options: 0x614 - pdb path: .;C:\Program Files\Android\Android Studio2\jre\bin;C:\WINDOWS\SYSTEM32;C:\WINDOWS\WinSxS\amd64_microsoft.windows.common-controls_6595b64144ccf1df_6.0.19041.1110_none_60b5254171f9507e;C:\Program Files\Android\Android Studio2\jre\bin\server;C:\Users\Dark Knight\.gradle\native\fdc75f09e3144964f2cf3f50f0aa648679c211496f362492102eb8c894070792\windows-amd64;C:\Users\Dark Knight\.gradle\native\12488b8bf47d2d4c9fbf2f6322a914ad602e24e48041cd04a747c6da556b65c4\windows-amd64

VM Arguments:
jvm_args: --add-opens=java.base/java.util=ALL-UNNAMED --add-opens=java.base/java.lang=ALL-UNNAMED --add-opens=java.base/java.lang.invoke=ALL-UNNAMED --add-opens=java.prefs/java.util.prefs=ALL-UNNAMED -Xmx2048m -Dfile.encoding=UTF-8 -Duser.country=IN -Duser.language=en -Duser.variant 
java_command: org.gradle.launcher.daemon.bootstrap.GradleDaemon 6.7.1
java_class_path (initial): C:\Users\Dark Knight\.gradle\wrapper\dists\gradle-6.7.1-bin\bwlcbys1h7rz3272sye1xwiv6\gradle-6.7.1\lib\gradle-launcher-6.7.1.jar
Launcher Type: SUN_STANDARD

[Global flags]
     intx CICompilerCount                          = 4                                         {product} {ergonomic}
     uint ConcGCThreads                            = 2                                         {product} {ergonomic}
     uint G1ConcRefinementThreads                  = 8                                         {product} {ergonomic}
   size_t G1HeapRegionSize                         = 1048576                                   {product} {ergonomic}
    uintx GCDrainStackTargetSize                   = 64                                        {product} {ergonomic}
   size_t InitialHeapSize                          = 134217728                                 {product} {ergonomic}
   size_t MarkStackSize                            = 4194304                                   {product} {ergonomic}
   size_t MaxHeapSize                              = 2147483648                                {product} {command line}
   size_t MaxNewSize                               = 1287651328                                {product} {ergonomic}
   size_t MinHeapDeltaBytes                        = 1048576                                   {product} {ergonomic}
    uintx NonNMethodCodeHeapSize                   = 5836300                                {pd product} {ergonomic}
    uintx NonProfiledCodeHeapSize                  = 122910970                              {pd product} {ergonomic}
    uintx ProfiledCodeHeapSize                     = 122910970                              {pd product} {ergonomic}
    uintx ReservedCodeCacheSize                    = 251658240                              {pd product} {ergonomic}
     bool SegmentedCodeCache                       = true                                      {product} {ergonomic}
     bool UseCompressedClassPointers               = true                                 {lp64_product} {ergonomic}
     bool UseCompressedOops                        = true                                 {lp64_product} {ergonomic}
     bool UseG1GC                                  = true                                      {product} {ergonomic}
     bool UseLargePagesIndividualAllocation        = false                                  {pd product} {ergonomic}

Logging:
Log output configuration:
 #0: stdout all=warning uptime,level,tags
 #1: stderr all=off uptime,level,tags

Environment Variables:
PATH=C:\Windows\system32;C:\Windows;C:\Windows\System32\Wbem;C:\Windows\System32\WindowsPowerShell\v1.0\;C:\Windows\System32\OpenSSH\;C:\Program Files (x86)\NVIDIA Corporation\PhysX\Common;C:\Program Files\NVIDIA Corporation\NVIDIA NvDLISR;C:\WINDOWS\system32;C:\WINDOWS;C:\WINDOWS\System32\Wbem;C:\WINDOWS\System32\WindowsPowerShell\v1.0\;C:\WINDOWS\System32\OpenSSH\;C:\MinGW\bin;C:\Program Files\MEGA-X;C:\WINDOWS\system32;C:\WINDOWS;C:\WINDOWS\System32\Wbem;C:\WINDOWS\System32\WindowsPowerShell\v1.0\;C:\WINDOWS\System32\OpenSSH\;C:\Program Files\Git\cmd;C:\Users\Dark Knight\AppData\Local\Microsoft\WindowsApps;C:\Users\Dark Knight\AppData\Local\atom\bin;C:\MinGW\bin;C:\Program Files (x86)\Microsoft Visual Studio\2019\BuildTools\MSBuild\Current\Bin;C:\Users\Dark Knight\AppData\Local\Microsoft\WindowsApps
USERNAME=Dark Knight
OS=Windows_NT
PROCESSOR_IDENTIFIER=Intel64 Family 6 Model 158 Stepping 10, GenuineIntel



---------------  S Y S T E M  ---------------

OS: Windows 10 , 64 bit Build 19041 (10.0.19041.1023)
OS uptime: 10 days 0:47 hours

CPU:total 8 (initial active 8) (4 cores per cpu, 2 threads per core) family 6 model 158 stepping 10, cmov, cx8, fxsr, mmx, sse, sse2, sse3, ssse3, sse4.1, sse4.2, popcnt, avx, avx2, aes, clmul, erms, 3dnowpref, lzcnt, ht, tsc, tscinvbit, bmi1, bmi2, adx, fma

Memory: 4k page, system-wide physical 8112M (1038M free)
TotalPageFile size 12208M (AvailPageFile size 9M)
current process WorkingSet (physical memory assigned to process): 300M, peak: 300M
current process commit charge ("private bytes"): 372M, peak: 372M

vm_info: OpenJDK 64-Bit Server VM (11.0.8+10-b944.6842174) for windows-amd64 JRE (11.0.8+10-b944.6842174), built on Sep 19 2020 01:11:42 by "builder" with MS VC++ 14.0 (VS2015)

END.
