#
# There is insufficient memory for the Java Runtime Environment to continue.
# Native memory allocation (malloc) failed to allocate 449616 bytes for Chunk::new
# Possible reasons:
#   The system is out of physical RAM or swap space
#   The process is running with CompressedOops enabled, and the Java Heap may be blocking the growth of the native heap
# Possible solutions:
#   Reduce memory load on the system
#   Increase physical memory or swap space
#   Check if swap backing store is full
#   Decrease Java heap size (-Xmx/-Xms)
#   Decrease number of Java threads
#   Decrease Java thread stack sizes (-Xss)
#   Set larger code cache with -XX:ReservedCodeCacheSize=
#   JVM is running with Unscaled Compressed Oops mode in which the Java heap is
#     placed in the first 4GB address space. The Java Heap base address is the
#     maximum limit for the native heap growth. Please use -XX:HeapBaseMinAddress
#     to set the Java Heap base and to place the Java Heap above 4GB virtual address.
# This output file may be truncated or incomplete.
#
#  Out of Memory Error (./src/hotspot/share/memory/arena.cpp:197), pid=17324, tid=39976
#
# JRE version: OpenJDK Runtime Environment (11.0.8+10) (build 11.0.8+10-b944.6842174)
# Java VM: OpenJDK 64-Bit Server VM (11.0.8+10-b944.6842174, mixed mode, tiered, compressed oops, g1 gc, windows-amd64)
# No core dump will be written. Minidumps are not enabled by default on client versions of Windows
#

---------------  S U M M A R Y ------------

Command Line: --add-opens=java.base/java.util=ALL-UNNAMED --add-opens=java.base/java.lang=ALL-UNNAMED --add-opens=java.base/java.lang.invoke=ALL-UNNAMED --add-opens=java.prefs/java.util.prefs=ALL-UNNAMED -Xmx2048m -Dfile.encoding=UTF-8 -Duser.country=IN -Duser.language=en -Duser.variant org.gradle.launcher.daemon.bootstrap.GradleDaemon 6.7.1

Host: Intel(R) Core(TM) i5-9300H CPU @ 2.40GHz, 8 cores, 7G,  Windows 10 , 64 bit Build 19041 (10.0.19041.1023)
Time: Wed Jul 28 17:13:07 2021 India Standard Time elapsed time: 5 seconds (0d 0h 0m 5s)

---------------  T H R E A D  ---------------

Current thread (0x000001f12de8a000):  JavaThread "C2 CompilerThread1" daemon [_thread_in_native, id=39976, stack(0x000000b201e00000,0x000000b201f00000)]


Current CompileTask:
C2:   5129 2279   !   4       sun.net.www.ParseUtil::decode (316 bytes)

Stack: [0x000000b201e00000,0x000000b201f00000]
Native frames: (J=compiled Java code, j=interpreted, Vv=VM code, C=native code)
V  [jvm.dll+0x5de50a]
V  [jvm.dll+0x7122f5]
V  [jvm.dll+0x71384d]
V  [jvm.dll+0x713f03]
V  [jvm.dll+0x23e728]
V  [jvm.dll+0xb899c]
V  [jvm.dll+0xb8e9c]
V  [jvm.dll+0x35024d]
V  [jvm.dll+0x193ebc]
V  [jvm.dll+0x1f780e]
V  [jvm.dll+0x1f68d4]
V  [jvm.dll+0x17f32c]
V  [jvm.dll+0x205047]
V  [jvm.dll+0x203891]
V  [jvm.dll+0x6dad3f]
V  [jvm.dll+0x6d3895]
V  [jvm.dll+0x5dd4a6]
C  [ucrtbase.dll+0x21bb2]
C  [KERNEL32.DLL+0x17034]
C  [ntdll.dll+0x52651]


---------------  P R O C E S S  ---------------

Threads class SMR info:
_java_thread_list=0x000001f131ef4510, length=30, elements={
0x000001f11071a800, 0x000001f12b224000, 0x000001f12b225800, 0x000001f12bbb2800,
0x000001f12bbb3800, 0x000001f12bbb4800, 0x000001f12bbba000, 0x000001f12bbbb000,
0x000001f12bd07000, 0x000001f12bd11000, 0x000001f12d6e6000, 0x000001f12c6ee000,
0x000001f12d6bb800, 0x000001f12da81800, 0x000001f12daed800, 0x000001f12d101800,
0x000001f12db9a800, 0x000001f12d96d000, 0x000001f12cfcd800, 0x000001f12dcc6000,
0x000001f12dceb800, 0x000001f12dcef000, 0x000001f12dcec800, 0x000001f12de8a000,
0x000001f12e41b800, 0x000001f12dced800, 0x000001f12dcee000, 0x000001f12dcf0000,
0x000001f12dceb000, 0x000001f12dcea000
}

Java Threads: ( => current thread )
  0x000001f11071a800 JavaThread "main" [_thread_blocked, id=41424, stack(0x000000b27f600000,0x000000b27f700000)]
  0x000001f12b224000 JavaThread "Reference Handler" daemon [_thread_blocked, id=1516, stack(0x000000b27fd00000,0x000000b27fe00000)]
  0x000001f12b225800 JavaThread "Finalizer" daemon [_thread_blocked, id=36140, stack(0x000000b27fe00000,0x000000b27ff00000)]
  0x000001f12bbb2800 JavaThread "Signal Dispatcher" daemon [_thread_blocked, id=8488, stack(0x000000b27ff00000,0x000000b280000000)]
  0x000001f12bbb3800 JavaThread "Attach Listener" daemon [_thread_blocked, id=37964, stack(0x000000b200000000,0x000000b200100000)]
  0x000001f12bbb4800 JavaThread "C2 CompilerThread0" daemon [_thread_in_native, id=38928, stack(0x000000b200100000,0x000000b200200000)]
  0x000001f12bbba000 JavaThread "C1 CompilerThread0" daemon [_thread_blocked, id=40740, stack(0x000000b200200000,0x000000b200300000)]
  0x000001f12bbbb000 JavaThread "Sweeper thread" daemon [_thread_blocked, id=40408, stack(0x000000b200300000,0x000000b200400000)]
  0x000001f12bd07000 JavaThread "Common-Cleaner" daemon [_thread_blocked, id=39348, stack(0x000000b200400000,0x000000b200500000)]
  0x000001f12bd11000 JavaThread "Service Thread" daemon [_thread_blocked, id=2308, stack(0x000000b200500000,0x000000b200600000)]
  0x000001f12d6e6000 JavaThread "Daemon health stats" [_thread_blocked, id=41508, stack(0x000000b200b00000,0x000000b200c00000)]
  0x000001f12c6ee000 JavaThread "Incoming local TCP Connector on port 49684" [_thread_in_native, id=38300, stack(0x000000b200c00000,0x000000b200d00000)]
  0x000001f12d6bb800 JavaThread "Daemon periodic checks" [_thread_blocked, id=37828, stack(0x000000b200d00000,0x000000b200e00000)]
  0x000001f12da81800 JavaThread "Daemon" [_thread_blocked, id=19044, stack(0x000000b200e00000,0x000000b200f00000)]
  0x000001f12daed800 JavaThread "Handler for socket connection from /127.0.0.1:49684 to /127.0.0.1:49685" [_thread_in_native, id=32888, stack(0x000000b200f00000,0x000000b201000000)]
  0x000001f12d101800 JavaThread "Cancel handler" [_thread_blocked, id=3620, stack(0x000000b201000000,0x000000b201100000)]
  0x000001f12db9a800 JavaThread "Daemon worker" [_thread_in_vm, id=13388, stack(0x000000b201100000,0x000000b201200000)]
  0x000001f12d96d000 JavaThread "Asynchronous log dispatcher for DefaultDaemonConnection: socket connection from /127.0.0.1:49684 to /127.0.0.1:49685" [_thread_blocked, id=16636, stack(0x000000b201300000,0x000000b201400000)]
  0x000001f12cfcd800 JavaThread "Stdin handler" [_thread_blocked, id=21164, stack(0x000000b201400000,0x000000b201500000)]
  0x000001f12dcc6000 JavaThread "Thread-8" [_thread_blocked, id=40456, stack(0x000000b201500000,0x000000b201600000)]
  0x000001f12dceb800 JavaThread "Cache worker for file hash cache (C:\Users\Dark Knight\.gradle\caches\6.7.1\fileHashes)" [_thread_blocked, id=36636, stack(0x000000b201b00000,0x000000b201c00000)]
  0x000001f12dcef000 JavaThread "File lock request listener" [_thread_in_native, id=26876, stack(0x000000b201c00000,0x000000b201d00000)]
  0x000001f12dcec800 JavaThread "Cache worker for journal cache (C:\Users\Dark Knight\.gradle\caches\journal-1)" [_thread_blocked, id=37504, stack(0x000000b201d00000,0x000000b201e00000)]
=>0x000001f12de8a000 JavaThread "C2 CompilerThread1" daemon [_thread_in_native, id=39976, stack(0x000000b201e00000,0x000000b201f00000)]
  0x000001f12e41b800 JavaThread "C2 CompilerThread2" daemon [_thread_in_native, id=17972, stack(0x000000b201f00000,0x000000b202000000)]
  0x000001f12dced800 JavaThread "Cache worker for file hash cache (C:\Android Projects\Udemy TUTORIAL\KidsDrawingApp\.gradle\6.7.1\fileHashes)" [_thread_blocked, id=34760, stack(0x000000b202000000,0x000000b202100000)]
  0x000001f12dcee000 JavaThread "Cache worker for checksums cache (C:\Android Projects\Udemy TUTORIAL\KidsDrawingApp\.gradle\checksums)" [_thread_blocked, id=25412, stack(0x000000b202100000,0x000000b202200000)]
  0x000001f12dcf0000 JavaThread "Cache worker for cache directory md-supplier (C:\Users\Dark Knight\.gradle\caches\6.7.1\md-supplier)" [_thread_blocked, id=28564, stack(0x000000b202200000,0x000000b202300000)]
  0x000001f12dceb000 JavaThread "Cache worker for cache directory md-rule (C:\Users\Dark Knight\.gradle\caches\6.7.1\md-rule)" [_thread_blocked, id=38052, stack(0x000000b202300000,0x000000b202400000)]
  0x000001f12dcea000 JavaThread "Cache worker for execution history cache (C:\Users\Dark Knight\.gradle\caches\6.7.1\executionHistory)" [_thread_blocked, id=12316, stack(0x000000b202400000,0x000000b202500000)]

Other Threads:
  0x000001f12b221000 VMThread "VM Thread" [stack: 0x000000b27fc00000,0x000000b27fd00000] [id=21116]
  0x000001f12bd12000 WatcherThread [stack: 0x000000b200600000,0x000000b200700000] [id=41196]
  0x000001f110732000 GCTaskThread "GC Thread#0" [stack: 0x000000b27f700000,0x000000b27f800000] [id=39044]
  0x000001f12c70e000 GCTaskThread "GC Thread#1" [stack: 0x000000b200900000,0x000000b200a00000] [id=31576]
  0x000001f12cd3e000 GCTaskThread "GC Thread#2" [stack: 0x000000b200a00000,0x000000b200b00000] [id=16992]
  0x000001f12c2e6800 GCTaskThread "GC Thread#3" [stack: 0x000000b201600000,0x000000b201700000] [id=39368]
  0x000001f12da07000 GCTaskThread "GC Thread#4" [stack: 0x000000b201700000,0x000000b201800000] [id=34020]
  0x000001f12ce86000 GCTaskThread "GC Thread#5" [stack: 0x000000b201800000,0x000000b201900000] [id=21244]
  0x000001f12dcc3000 GCTaskThread "GC Thread#6" [stack: 0x000000b201900000,0x000000b201a00000] [id=27416]
  0x000001f12dc74000 GCTaskThread "GC Thread#7" [stack: 0x000000b201a00000,0x000000b201b00000] [id=39232]
  0x000001f110762000 ConcurrentGCThread "G1 Main Marker" [stack: 0x000000b27f800000,0x000000b27f900000] [id=18976]
  0x000001f110765800 ConcurrentGCThread "G1 Conc#0" [stack: 0x000000b27f900000,0x000000b27fa00000] [id=38824]
  0x000001f12d717800 ConcurrentGCThread "G1 Conc#1" [stack: 0x000000b201200000,0x000000b201300000] [id=41500]
  0x000001f12b070800 ConcurrentGCThread "G1 Refine#0" [stack: 0x000000b27fa00000,0x000000b27fb00000] [id=38044]
  0x000001f12b071800 ConcurrentGCThread "G1 Young RemSet Sampling" [stack: 0x000000b27fb00000,0x000000b27fc00000] [id=19416]

Threads with active compile tasks:
C2 CompilerThread0   5147 2175       4       java.net.URLClassLoader$1::run (5 bytes)
C2 CompilerThread1   5147 2279   !   4       sun.net.www.ParseUtil::decode (316 bytes)
C2 CompilerThread2   5147 2176   !   4       java.net.URLClassLoader$1::run (63 bytes)

VM state:not at safepoint (normal execution)

VM Mutex/Monitor currently owned by a thread: None

Heap address: 0x0000000080000000, size: 2048 MB, Compressed Oops mode: 32-bit
Narrow klass base: 0x0000000000000000, Narrow klass shift: 3
Compressed class space size: 1073741824 Address: 0x0000000100000000

Heap:
 garbage-first heap   total 131072K, used 39668K [0x0000000080000000, 0x0000000100000000)
  region size 1024K, 25 young (25600K), 3 survivors (3072K)
 Metaspace       used 28115K, capacity 28737K, committed 28800K, reserved 1075200K
  class space    used 3712K, capacity 3958K, committed 3968K, reserved 1048576K
Heap Regions: E=young(eden), S=young(survivor), O=old, HS=humongous(starts), HC=humongous(continues), CS=collection set, F=free, A=archive, TAMS=top-at-mark-start (previous, next)
|   0|0x0000000080000000, 0x0000000080100000, 0x0000000080100000|100%| O|  |TAMS 0x0000000080100000, 0x0000000080000000| Untracked 
|   1|0x0000000080100000, 0x0000000080200000, 0x0000000080200000|100%| O|  |TAMS 0x0000000080200000, 0x0000000080100000| Untracked 
|   2|0x0000000080200000, 0x0000000080300000, 0x0000000080300000|100%| O|  |TAMS 0x0000000080300000, 0x0000000080200000| Untracked 
|   3|0x0000000080300000, 0x0000000080400000, 0x0000000080400000|100%|HS|  |TAMS 0x0000000080400000, 0x0000000080300000| Complete 
|   4|0x0000000080400000, 0x0000000080500000, 0x0000000080500000|100%|HC|  |TAMS 0x0000000080500000, 0x0000000080400000| Complete 
|   5|0x0000000080500000, 0x0000000080600000, 0x0000000080600000|100%|HC|  |TAMS 0x0000000080600000, 0x0000000080500000| Complete 
|   6|0x0000000080600000, 0x0000000080700000, 0x0000000080700000|100%| O|  |TAMS 0x0000000080700000, 0x0000000080600000| Untracked 
|   7|0x0000000080700000, 0x0000000080800000, 0x0000000080800000|100%| O|  |TAMS 0x0000000080800000, 0x0000000080700000| Untracked 
|   8|0x0000000080800000, 0x0000000080900000, 0x0000000080900000|100%| O|  |TAMS 0x0000000080900000, 0x0000000080800000| Untracked 
|   9|0x0000000080900000, 0x0000000080a00000, 0x0000000080a00000|100%| O|  |TAMS 0x0000000080a00000, 0x0000000080900000| Untracked 
|  10|0x0000000080a00000, 0x0000000080b00000, 0x0000000080b00000|100%| O|  |TAMS 0x0000000080b00000, 0x0000000080a00000| Untracked 
|  11|0x0000000080b00000, 0x0000000080c00000, 0x0000000080c00000|100%| O|  |TAMS 0x0000000080c00000, 0x0000000080b00000| Untracked 
|  12|0x0000000080c00000, 0x0000000080d00000, 0x0000000080d00000|100%| O|  |TAMS 0x0000000080d00000, 0x0000000080c00000| Untracked 
|  13|0x0000000080d00000, 0x0000000080e00000, 0x0000000080e00000|100%| O|  |TAMS 0x0000000080e00000, 0x0000000080d00000| Untracked 
|  14|0x0000000080e00000, 0x0000000080f00000, 0x0000000080f00000|100%| O|  |TAMS 0x0000000080f00000, 0x0000000080e00000| Untracked 
|  15|0x0000000080f00000, 0x0000000080f61000, 0x0000000081000000| 37%| O|  |TAMS 0x0000000080f61000, 0x0000000080f00000| Untracked 
|  16|0x0000000081000000, 0x0000000081000000, 0x0000000081100000|  0%| F|  |TAMS 0x0000000081000000, 0x0000000081000000| Untracked 
|  17|0x0000000081100000, 0x0000000081100000, 0x0000000081200000|  0%| F|  |TAMS 0x0000000081100000, 0x0000000081100000| Untracked 
|  18|0x0000000081200000, 0x0000000081200000, 0x0000000081300000|  0%| F|  |TAMS 0x0000000081200000, 0x0000000081200000| Untracked 
|  19|0x0000000081300000, 0x0000000081300000, 0x0000000081400000|  0%| F|  |TAMS 0x0000000081300000, 0x0000000081300000| Untracked 
|  20|0x0000000081400000, 0x0000000081400000, 0x0000000081500000|  0%| F|  |TAMS 0x0000000081400000, 0x0000000081400000| Untracked 
|  21|0x0000000081500000, 0x0000000081500000, 0x0000000081600000|  0%| F|  |TAMS 0x0000000081500000, 0x0000000081500000| Untracked 
|  22|0x0000000081600000, 0x0000000081600000, 0x0000000081700000|  0%| F|  |TAMS 0x0000000081600000, 0x0000000081600000| Untracked 
|  23|0x0000000081700000, 0x0000000081700000, 0x0000000081800000|  0%| F|  |TAMS 0x0000000081700000, 0x0000000081700000| Untracked 
|  24|0x0000000081800000, 0x0000000081800000, 0x0000000081900000|  0%| F|  |TAMS 0x0000000081800000, 0x0000000081800000| Untracked 
|  25|0x0000000081900000, 0x0000000081900000, 0x0000000081a00000|  0%| F|  |TAMS 0x0000000081900000, 0x0000000081900000| Untracked 
|  26|0x0000000081a00000, 0x0000000081a00000, 0x0000000081b00000|  0%| F|  |TAMS 0x0000000081a00000, 0x0000000081a00000| Untracked 
|  27|0x0000000081b00000, 0x0000000081b00000, 0x0000000081c00000|  0%| F|  |TAMS 0x0000000081b00000, 0x0000000081b00000| Untracked 
|  28|0x0000000081c00000, 0x0000000081c00000, 0x0000000081d00000|  0%| F|  |TAMS 0x0000000081c00000, 0x0000000081c00000| Untracked 
|  29|0x0000000081d00000, 0x0000000081d00000, 0x0000000081e00000|  0%| F|  |TAMS 0x0000000081d00000, 0x0000000081d00000| Untracked 
|  30|0x0000000081e00000, 0x0000000081e00000, 0x0000000081f00000|  0%| F|  |TAMS 0x0000000081e00000, 0x0000000081e00000| Untracked 
|  31|0x0000000081f00000, 0x0000000081f00000, 0x0000000082000000|  0%| F|  |TAMS 0x0000000081f00000, 0x0000000081f00000| Untracked 
|  32|0x0000000082000000, 0x0000000082000000, 0x0000000082100000|  0%| F|  |TAMS 0x0000000082000000, 0x0000000082000000| Untracked 
|  33|0x0000000082100000, 0x0000000082100000, 0x0000000082200000|  0%| F|  |TAMS 0x0000000082100000, 0x0000000082100000| Untracked 
|  34|0x0000000082200000, 0x0000000082200000, 0x0000000082300000|  0%| F|  |TAMS 0x0000000082200000, 0x0000000082200000| Untracked 
|  35|0x0000000082300000, 0x0000000082300000, 0x0000000082400000|  0%| F|  |TAMS 0x0000000082300000, 0x0000000082300000| Untracked 
|  36|0x0000000082400000, 0x0000000082400000, 0x0000000082500000|  0%| F|  |TAMS 0x0000000082400000, 0x0000000082400000| Untracked 
|  37|0x0000000082500000, 0x0000000082500000, 0x0000000082600000|  0%| F|  |TAMS 0x0000000082500000, 0x0000000082500000| Untracked 
|  38|0x0000000082600000, 0x0000000082600000, 0x0000000082700000|  0%| F|  |TAMS 0x0000000082600000, 0x0000000082600000| Untracked 
|  39|0x0000000082700000, 0x0000000082700000, 0x0000000082800000|  0%| F|  |TAMS 0x0000000082700000, 0x0000000082700000| Untracked 
|  40|0x0000000082800000, 0x0000000082800000, 0x0000000082900000|  0%| F|  |TAMS 0x0000000082800000, 0x0000000082800000| Untracked 
|  41|0x0000000082900000, 0x0000000082900000, 0x0000000082a00000|  0%| F|  |TAMS 0x0000000082900000, 0x0000000082900000| Untracked 
|  42|0x0000000082a00000, 0x0000000082a00000, 0x0000000082b00000|  0%| F|  |TAMS 0x0000000082a00000, 0x0000000082a00000| Untracked 
|  43|0x0000000082b00000, 0x0000000082b00000, 0x0000000082c00000|  0%| F|  |TAMS 0x0000000082b00000, 0x0000000082b00000| Untracked 
|  44|0x0000000082c00000, 0x0000000082c00000, 0x0000000082d00000|  0%| F|  |TAMS 0x0000000082c00000, 0x0000000082c00000| Untracked 
|  45|0x0000000082d00000, 0x0000000082d00000, 0x0000000082e00000|  0%| F|  |TAMS 0x0000000082d00000, 0x0000000082d00000| Untracked 
|  46|0x0000000082e00000, 0x0000000082e00000, 0x0000000082f00000|  0%| F|  |TAMS 0x0000000082e00000, 0x0000000082e00000| Untracked 
|  47|0x0000000082f00000, 0x0000000082f00000, 0x0000000083000000|  0%| F|  |TAMS 0x0000000082f00000, 0x0000000082f00000| Untracked 
|  48|0x0000000083000000, 0x0000000083000000, 0x0000000083100000|  0%| F|  |TAMS 0x0000000083000000, 0x0000000083000000| Untracked 
|  49|0x0000000083100000, 0x0000000083100000, 0x0000000083200000|  0%| F|  |TAMS 0x0000000083100000, 0x0000000083100000| Untracked 
|  50|0x0000000083200000, 0x0000000083200000, 0x0000000083300000|  0%| F|  |TAMS 0x0000000083200000, 0x0000000083200000| Untracked 
|  51|0x0000000083300000, 0x0000000083300000, 0x0000000083400000|  0%| F|  |TAMS 0x0000000083300000, 0x0000000083300000| Untracked 
|  52|0x0000000083400000, 0x0000000083400000, 0x0000000083500000|  0%| F|  |TAMS 0x0000000083400000, 0x0000000083400000| Untracked 
|  53|0x0000000083500000, 0x0000000083500000, 0x0000000083600000|  0%| F|  |TAMS 0x0000000083500000, 0x0000000083500000| Untracked 
|  54|0x0000000083600000, 0x0000000083600000, 0x0000000083700000|  0%| F|  |TAMS 0x0000000083600000, 0x0000000083600000| Untracked 
|  55|0x0000000083700000, 0x0000000083700000, 0x0000000083800000|  0%| F|  |TAMS 0x0000000083700000, 0x0000000083700000| Untracked 
|  56|0x0000000083800000, 0x0000000083800000, 0x0000000083900000|  0%| F|  |TAMS 0x0000000083800000, 0x0000000083800000| Untracked 
|  57|0x0000000083900000, 0x0000000083900000, 0x0000000083a00000|  0%| F|  |TAMS 0x0000000083900000, 0x0000000083900000| Untracked 
|  58|0x0000000083a00000, 0x0000000083a00000, 0x0000000083b00000|  0%| F|  |TAMS 0x0000000083a00000, 0x0000000083a00000| Untracked 
|  59|0x0000000083b00000, 0x0000000083b00000, 0x0000000083c00000|  0%| F|  |TAMS 0x0000000083b00000, 0x0000000083b00000| Untracked 
|  60|0x0000000083c00000, 0x0000000083c00000, 0x0000000083d00000|  0%| F|  |TAMS 0x0000000083c00000, 0x0000000083c00000| Untracked 
|  61|0x0000000083d00000, 0x0000000083d00000, 0x0000000083e00000|  0%| F|  |TAMS 0x0000000083d00000, 0x0000000083d00000| Untracked 
|  62|0x0000000083e00000, 0x0000000083e00000, 0x0000000083f00000|  0%| F|  |TAMS 0x0000000083e00000, 0x0000000083e00000| Untracked 
|  63|0x0000000083f00000, 0x0000000083f00000, 0x0000000084000000|  0%| F|  |TAMS 0x0000000083f00000, 0x0000000083f00000| Untracked 
|  64|0x0000000084000000, 0x0000000084000000, 0x0000000084100000|  0%| F|  |TAMS 0x0000000084000000, 0x0000000084000000| Untracked 
|  65|0x0000000084100000, 0x0000000084100000, 0x0000000084200000|  0%| F|  |TAMS 0x0000000084100000, 0x0000000084100000| Untracked 
|  66|0x0000000084200000, 0x0000000084200000, 0x0000000084300000|  0%| F|  |TAMS 0x0000000084200000, 0x0000000084200000| Untracked 
|  67|0x0000000084300000, 0x0000000084300000, 0x0000000084400000|  0%| F|  |TAMS 0x0000000084300000, 0x0000000084300000| Untracked 
|  68|0x0000000084400000, 0x0000000084400000, 0x0000000084500000|  0%| F|  |TAMS 0x0000000084400000, 0x0000000084400000| Untracked 
|  69|0x0000000084500000, 0x0000000084500000, 0x0000000084600000|  0%| F|  |TAMS 0x0000000084500000, 0x0000000084500000| Untracked 
|  70|0x0000000084600000, 0x0000000084600000, 0x0000000084700000|  0%| F|  |TAMS 0x0000000084600000, 0x0000000084600000| Untracked 
|  71|0x0000000084700000, 0x0000000084700000, 0x0000000084800000|  0%| F|  |TAMS 0x0000000084700000, 0x0000000084700000| Untracked 
|  72|0x0000000084800000, 0x0000000084800000, 0x0000000084900000|  0%| F|  |TAMS 0x0000000084800000, 0x0000000084800000| Untracked 
|  73|0x0000000084900000, 0x0000000084900000, 0x0000000084a00000|  0%| F|  |TAMS 0x0000000084900000, 0x0000000084900000| Untracked 
|  74|0x0000000084a00000, 0x0000000084a00000, 0x0000000084b00000|  0%| F|  |TAMS 0x0000000084a00000, 0x0000000084a00000| Untracked 
|  75|0x0000000084b00000, 0x0000000084b00000, 0x0000000084c00000|  0%| F|  |TAMS 0x0000000084b00000, 0x0000000084b00000| Untracked 
|  76|0x0000000084c00000, 0x0000000084c00000, 0x0000000084d00000|  0%| F|  |TAMS 0x0000000084c00000, 0x0000000084c00000| Untracked 
|  77|0x0000000084d00000, 0x0000000084d00000, 0x0000000084e00000|  0%| F|  |TAMS 0x0000000084d00000, 0x0000000084d00000| Untracked 
|  78|0x0000000084e00000, 0x0000000084e5c178, 0x0000000084f00000| 35%| S|CS|TAMS 0x0000000084e00000, 0x0000000084e00000| Complete 
|  79|0x0000000084f00000, 0x0000000085000000, 0x0000000085000000|100%| S|CS|TAMS 0x0000000084f00000, 0x0000000084f00000| Complete 
|  80|0x0000000085000000, 0x0000000085100000, 0x0000000085100000|100%| S|CS|TAMS 0x0000000085000000, 0x0000000085000000| Complete 
|  81|0x0000000085100000, 0x0000000085100000, 0x0000000085200000|  0%| F|  |TAMS 0x0000000085100000, 0x0000000085100000| Untracked 
|  82|0x0000000085200000, 0x0000000085200000, 0x0000000085300000|  0%| F|  |TAMS 0x0000000085200000, 0x0000000085200000| Untracked 
|  83|0x0000000085300000, 0x0000000085300000, 0x0000000085400000|  0%| F|  |TAMS 0x0000000085300000, 0x0000000085300000| Untracked 
|  84|0x0000000085400000, 0x0000000085400000, 0x0000000085500000|  0%| F|  |TAMS 0x0000000085400000, 0x0000000085400000| Untracked 
|  85|0x0000000085500000, 0x0000000085500000, 0x0000000085600000|  0%| F|  |TAMS 0x0000000085500000, 0x0000000085500000| Untracked 
|  86|0x0000000085600000, 0x0000000085600000, 0x0000000085700000|  0%| F|  |TAMS 0x0000000085600000, 0x0000000085600000| Untracked 
|  87|0x0000000085700000, 0x0000000085700000, 0x0000000085800000|  0%| F|  |TAMS 0x0000000085700000, 0x0000000085700000| Untracked 
|  88|0x0000000085800000, 0x0000000085800000, 0x0000000085900000|  0%| F|  |TAMS 0x0000000085800000, 0x0000000085800000| Untracked 
|  89|0x0000000085900000, 0x0000000085900000, 0x0000000085a00000|  0%| F|  |TAMS 0x0000000085900000, 0x0000000085900000| Untracked 
|  90|0x0000000085a00000, 0x0000000085a00000, 0x0000000085b00000|  0%| F|  |TAMS 0x0000000085a00000, 0x0000000085a00000| Untracked 
|  91|0x0000000085b00000, 0x0000000085b00000, 0x0000000085c00000|  0%| F|  |TAMS 0x0000000085b00000, 0x0000000085b00000| Untracked 
|  92|0x0000000085c00000, 0x0000000085c00000, 0x0000000085d00000|  0%| F|  |TAMS 0x0000000085c00000, 0x0000000085c00000| Untracked 
|  93|0x0000000085d00000, 0x0000000085d00000, 0x0000000085e00000|  0%| F|  |TAMS 0x0000000085d00000, 0x0000000085d00000| Untracked 
|  94|0x0000000085e00000, 0x0000000085e00000, 0x0000000085f00000|  0%| F|  |TAMS 0x0000000085e00000, 0x0000000085e00000| Untracked 
|  95|0x0000000085f00000, 0x0000000085f00000, 0x0000000086000000|  0%| F|  |TAMS 0x0000000085f00000, 0x0000000085f00000| Untracked 
|  96|0x0000000086000000, 0x0000000086000000, 0x0000000086100000|  0%| F|  |TAMS 0x0000000086000000, 0x0000000086000000| Untracked 
|  97|0x0000000086100000, 0x0000000086100000, 0x0000000086200000|  0%| F|  |TAMS 0x0000000086100000, 0x0000000086100000| Untracked 
|  98|0x0000000086200000, 0x0000000086200000, 0x0000000086300000|  0%| F|  |TAMS 0x0000000086200000, 0x0000000086200000| Untracked 
|  99|0x0000000086300000, 0x0000000086300000, 0x0000000086400000|  0%| F|  |TAMS 0x0000000086300000, 0x0000000086300000| Untracked 
| 100|0x0000000086400000, 0x0000000086400000, 0x0000000086500000|  0%| F|  |TAMS 0x0000000086400000, 0x0000000086400000| Untracked 
| 101|0x0000000086500000, 0x0000000086500000, 0x0000000086600000|  0%| F|  |TAMS 0x0000000086500000, 0x0000000086500000| Untracked 
| 102|0x0000000086600000, 0x0000000086600000, 0x0000000086700000|  0%| F|  |TAMS 0x0000000086600000, 0x0000000086600000| Untracked 
| 103|0x0000000086700000, 0x0000000086700000, 0x0000000086800000|  0%| F|  |TAMS 0x0000000086700000, 0x0000000086700000| Untracked 
| 104|0x0000000086800000, 0x0000000086800000, 0x0000000086900000|  0%| F|  |TAMS 0x0000000086800000, 0x0000000086800000| Untracked 
| 105|0x0000000086900000, 0x0000000086900000, 0x0000000086a00000|  0%| F|  |TAMS 0x0000000086900000, 0x0000000086900000| Untracked 
| 106|0x0000000086a00000, 0x0000000086a81c10, 0x0000000086b00000| 50%| E|  |TAMS 0x0000000086a00000, 0x0000000086a00000| Complete 
| 107|0x0000000086b00000, 0x0000000086c00000, 0x0000000086c00000|100%| E|CS|TAMS 0x0000000086b00000, 0x0000000086b00000| Complete 
| 108|0x0000000086c00000, 0x0000000086d00000, 0x0000000086d00000|100%| E|CS|TAMS 0x0000000086c00000, 0x0000000086c00000| Complete 
| 109|0x0000000086d00000, 0x0000000086e00000, 0x0000000086e00000|100%| E|CS|TAMS 0x0000000086d00000, 0x0000000086d00000| Complete 
| 110|0x0000000086e00000, 0x0000000086f00000, 0x0000000086f00000|100%| E|CS|TAMS 0x0000000086e00000, 0x0000000086e00000| Complete 
| 111|0x0000000086f00000, 0x0000000087000000, 0x0000000087000000|100%| E|CS|TAMS 0x0000000086f00000, 0x0000000086f00000| Complete 
| 112|0x0000000087000000, 0x0000000087100000, 0x0000000087100000|100%| E|CS|TAMS 0x0000000087000000, 0x0000000087000000| Complete 
| 113|0x0000000087100000, 0x0000000087200000, 0x0000000087200000|100%| E|CS|TAMS 0x0000000087100000, 0x0000000087100000| Complete 
| 114|0x0000000087200000, 0x0000000087300000, 0x0000000087300000|100%| E|CS|TAMS 0x0000000087200000, 0x0000000087200000| Complete 
| 115|0x0000000087300000, 0x0000000087400000, 0x0000000087400000|100%| E|CS|TAMS 0x0000000087300000, 0x0000000087300000| Complete 
| 116|0x0000000087400000, 0x0000000087500000, 0x0000000087500000|100%| E|CS|TAMS 0x0000000087400000, 0x0000000087400000| Complete 
| 117|0x0000000087500000, 0x0000000087600000, 0x0000000087600000|100%| E|CS|TAMS 0x0000000087500000, 0x0000000087500000| Complete 
| 118|0x0000000087600000, 0x0000000087700000, 0x0000000087700000|100%| E|CS|TAMS 0x0000000087600000, 0x0000000087600000| Complete 
| 119|0x0000000087700000, 0x0000000087800000, 0x0000000087800000|100%| E|CS|TAMS 0x0000000087700000, 0x0000000087700000| Complete 
| 120|0x0000000087800000, 0x0000000087900000, 0x0000000087900000|100%| E|CS|TAMS 0x0000000087800000, 0x0000000087800000| Complete 
| 121|0x0000000087900000, 0x0000000087a00000, 0x0000000087a00000|100%| E|CS|TAMS 0x0000000087900000, 0x0000000087900000| Complete 
| 122|0x0000000087a00000, 0x0000000087b00000, 0x0000000087b00000|100%| E|CS|TAMS 0x0000000087a00000, 0x0000000087a00000| Complete 
| 123|0x0000000087b00000, 0x0000000087c00000, 0x0000000087c00000|100%| E|CS|TAMS 0x0000000087b00000, 0x0000000087b00000| Complete 
| 124|0x0000000087c00000, 0x0000000087d00000, 0x0000000087d00000|100%| E|CS|TAMS 0x0000000087c00000, 0x0000000087c00000| Complete 
| 125|0x0000000087d00000, 0x0000000087e00000, 0x0000000087e00000|100%| E|CS|TAMS 0x0000000087d00000, 0x0000000087d00000| Complete 
| 126|0x0000000087e00000, 0x0000000087f00000, 0x0000000087f00000|100%| E|CS|TAMS 0x0000000087e00000, 0x0000000087e00000| Complete 
| 127|0x0000000087f00000, 0x0000000088000000, 0x0000000088000000|100%| E|CS|TAMS 0x0000000087f00000, 0x0000000087f00000| Complete 

Card table byte_map: [0x000001f123f30000,0x000001f124330000] _byte_map_base: 0x000001f123b30000

Marking Bits (Prev, Next): (CMBitMap*) 0x000001f1107596a0, (CMBitMap*) 0x000001f110759668
 Prev Bits: [0x000001f126730000, 0x000001f128730000)
 Next Bits: [0x000001f124730000, 0x000001f126730000)

Polling page: 0x000001f110800000

Metaspace:

Usage:
  Non-class:     24.26 MB capacity,    23.87 MB ( 98%) used,   352.21 KB (  1%) free+waste,    52.88 KB ( <1%) overhead. 
      Class:      3.87 MB capacity,     3.64 MB ( 94%) used,   205.06 KB (  5%) free+waste,    26.38 KB ( <1%) overhead. 
       Both:     28.13 MB capacity,    27.50 MB ( 98%) used,   557.27 KB (  2%) free+waste,    79.25 KB ( <1%) overhead. 

Virtual space:
  Non-class space:       26.00 MB reserved,      24.50 MB ( 94%) committed 
      Class space:        1.00 GB reserved,       3.88 MB ( <1%) committed 
             Both:        1.03 GB reserved,      28.38 MB (  3%) committed 

Chunk freelists:
   Non-Class:  53.00 KB
       Class:  10.00 KB
        Both:  63.00 KB

MaxMetaspaceSize: 17179869184.00 GB
CompressedClassSpaceSize: 1.00 GB

CodeHeap 'non-profiled nmethods': size=120000Kb used=1061Kb max_used=1061Kb free=118939Kb
 bounds [0x000001f11bb90000, 0x000001f11be00000, 0x000001f1230c0000]
CodeHeap 'profiled nmethods': size=120000Kb used=4621Kb max_used=4621Kb free=115378Kb
 bounds [0x000001f114660000, 0x000001f114af0000, 0x000001f11bb90000]
CodeHeap 'non-nmethods': size=5760Kb used=1146Kb max_used=1178Kb free=4613Kb
 bounds [0x000001f1140c0000, 0x000001f114330000, 0x000001f114660000]
 total_blobs=2687 nmethods=2202 adapters=396
 compilation: enabled
              stopped_count=0, restarted_count=0
 full_count=0

Compilation events (20 events):
Event: 5.075 Thread 0x000001f12bbba000 2343       1       java.lang.AbstractStringBuilder::length (5 bytes)
Event: 5.075 Thread 0x000001f12bbba000 nmethod 2343 0x000001f11bc98690 code [0x000001f11bc98840, 0x000001f11bc988f8]
Event: 5.075 Thread 0x000001f12bbba000 2344       3       org.objectweb.asm.SymbolTable::addConstantClass (8 bytes)
Event: 5.075 Thread 0x000001f12bbba000 nmethod 2344 0x000001f114ac7f10 code [0x000001f114ac80c0, 0x000001f114ac81e8]
Event: 5.075 Thread 0x000001f12bbba000 2346       3       org.objectweb.asm.Frame::getInputStackSize (6 bytes)
Event: 5.075 Thread 0x000001f12bbba000 nmethod 2346 0x000001f114ac8290 code [0x000001f114ac8440, 0x000001f114ac8558]
Event: 5.075 Thread 0x000001f12bbba000 2348       3       org.objectweb.asm.SymbolTable::addConstantMemberReference (147 bytes)
Event: 5.076 Thread 0x000001f12bbba000 nmethod 2348 0x000001f114ac8610 code [0x000001f114ac88a0, 0x000001f114ac91c8]
Event: 5.076 Thread 0x000001f12bbba000 2350       3       org.objectweb.asm.Frame::merge (322 bytes)
Event: 5.077 Thread 0x000001f12bbba000 nmethod 2350 0x000001f114ac9790 code [0x000001f114ac99c0, 0x000001f114aca2e8]
Event: 5.077 Thread 0x000001f12bbba000 2351       3       org.objectweb.asm.Label::getCanonicalInstance (19 bytes)
Event: 5.078 Thread 0x000001f12bbba000 nmethod 2351 0x000001f114aca510 code [0x000001f114aca6c0, 0x000001f114aca818]
Event: 5.078 Thread 0x000001f12bbba000 2349       3       org.objectweb.asm.SymbolTable::hash (20 bytes)
Event: 5.078 Thread 0x000001f12bbba000 nmethod 2349 0x000001f114aca910 code [0x000001f114acaae0, 0x000001f114acaca8]
Event: 5.078 Thread 0x000001f12bbba000 2347       3       org.objectweb.asm.Frame::pop (53 bytes)
Event: 5.079 Thread 0x000001f12bbba000 nmethod 2347 0x000001f114acae10 code [0x000001f114acb060, 0x000001f114acb798]
Event: 5.079 Thread 0x000001f12bbba000 2345       3       org.objectweb.asm.MethodWriter::visitLabel (328 bytes)
Event: 5.080 Thread 0x000001f12bbba000 nmethod 2345 0x000001f114acba90 code [0x000001f114acbd20, 0x000001f114acce88]
Event: 5.080 Thread 0x000001f12bbba000 2352       3       org.objectweb.asm.Type::<init> (26 bytes)
Event: 5.080 Thread 0x000001f12bbba000 nmethod 2352 0x000001f114acd210 code [0x000001f114acd3c0, 0x000001f114acd578]

GC Heap History (8 events):
Event: 1.075 GC heap before
{Heap before GC invocations=0 (full 0):
 garbage-first heap   total 131072K, used 29696K [0x0000000080000000, 0x0000000100000000)
  region size 1024K, 24 young (24576K), 0 survivors (0K)
 Metaspace       used 10461K, capacity 10677K, committed 11008K, reserved 1058816K
  class space    used 1097K, capacity 1195K, committed 1280K, reserved 1048576K
}
Event: 1.083 GC heap after
{Heap after GC invocations=1 (full 0):
 garbage-first heap   total 131072K, used 8601K [0x0000000080000000, 0x0000000100000000)
  region size 1024K, 3 young (3072K), 3 survivors (3072K)
 Metaspace       used 10461K, capacity 10677K, committed 11008K, reserved 1058816K
  class space    used 1097K, capacity 1195K, committed 1280K, reserved 1048576K
}
Event: 4.062 GC heap before
{Heap before GC invocations=1 (full 0):
 garbage-first heap   total 131072K, used 82329K [0x0000000080000000, 0x0000000100000000)
  region size 1024K, 76 young (77824K), 3 survivors (3072K)
 Metaspace       used 18901K, capacity 19378K, committed 19584K, reserved 1067008K
  class space    used 2285K, capacity 2426K, committed 2432K, reserved 1048576K
}
Event: 4.071 GC heap after
{Heap after GC invocations=2 (full 0):
 garbage-first heap   total 131072K, used 15937K [0x0000000080000000, 0x0000000100000000)
  region size 1024K, 10 young (10240K), 10 survivors (10240K)
 Metaspace       used 18901K, capacity 19378K, committed 19584K, reserved 1067008K
  class space    used 2285K, capacity 2426K, committed 2432K, reserved 1048576K
}
Event: 4.293 GC heap before
{Heap before GC invocations=2 (full 0):
 garbage-first heap   total 131072K, used 29249K [0x0000000080000000, 0x0000000100000000)
  region size 1024K, 24 young (24576K), 10 survivors (10240K)
 Metaspace       used 20667K, capacity 21115K, committed 21248K, reserved 1067008K
  class space    used 2539K, capacity 2712K, committed 2816K, reserved 1048576K
}
Event: 4.304 GC heap after
{Heap after GC invocations=3 (full 0):
 garbage-first heap   total 131072K, used 16448K [0x0000000080000000, 0x0000000100000000)
  region size 1024K, 1 young (1024K), 1 survivors (1024K)
 Metaspace       used 20667K, capacity 21115K, committed 21248K, reserved 1067008K
  class space    used 2539K, capacity 2712K, committed 2816K, reserved 1048576K
}
Event: 4.883 GC heap before
{Heap before GC invocations=4 (full 0):
 garbage-first heap   total 131072K, used 63552K [0x0000000080000000, 0x0000000100000000)
  region size 1024K, 47 young (48128K), 1 survivors (1024K)
 Metaspace       used 26009K, capacity 26585K, committed 26752K, reserved 1073152K
  class space    used 3397K, capacity 3602K, committed 3712K, reserved 1048576K
}
Event: 4.887 GC heap after
{Heap after GC invocations=5 (full 0):
 garbage-first heap   total 131072K, used 18164K [0x0000000080000000, 0x0000000100000000)
  region size 1024K, 3 young (3072K), 3 survivors (3072K)
 Metaspace       used 26009K, capacity 26585K, committed 26752K, reserved 1073152K
  class space    used 3397K, capacity 3602K, committed 3712K, reserved 1048576K
}

Deoptimization events (20 events):
Event: 4.811 Thread 0x000001f12db9a800 DEOPT PACKING pc=0x000001f11bc67ae0 sp=0x000000b2011fc3b0
Event: 4.811 Thread 0x000001f12db9a800 DEOPT UNPACKING pc=0x000001f1140e74af sp=0x000000b2011fc398 mode 2
Event: 4.832 Thread 0x000001f12db9a800 Uncommon trap: trap_request=0xffffff4d fr.pc=0x000001f11bbb2d10 relative=0x0000000000000450
Event: 4.832 Thread 0x000001f12db9a800 Uncommon trap: reason=unstable_if action=reinterpret pc=0x000001f11bbb2d10 method=java.util.Properties$LineReader.readLine()I @ 249 c2
Event: 4.832 Thread 0x000001f12db9a800 DEOPT PACKING pc=0x000001f11bbb2d10 sp=0x000000b2011fb800
Event: 4.832 Thread 0x000001f12db9a800 DEOPT UNPACKING pc=0x000001f1140e74af sp=0x000000b2011fb790 mode 2
Event: 4.890 Thread 0x000001f12db9a800 Uncommon trap: trap_request=0xffffff4d fr.pc=0x000001f11bc7e14c relative=0x000000000000020c
Event: 4.890 Thread 0x000001f12db9a800 Uncommon trap: reason=unstable_if action=reinterpret pc=0x000001f11bc7e14c method=java.util.HashMap.hash(Ljava/lang/Object;)I @ 1 c2
Event: 4.890 Thread 0x000001f12db9a800 DEOPT PACKING pc=0x000001f11bc7e14c sp=0x000000b2011f82e0
Event: 4.890 Thread 0x000001f12db9a800 DEOPT UNPACKING pc=0x000001f1140e74af sp=0x000000b2011f8218 mode 2
Event: 4.899 Thread 0x000001f12db9a800 Uncommon trap: trap_request=0xffffff4d fr.pc=0x000001f11bc724ac relative=0x000000000000008c
Event: 4.899 Thread 0x000001f12db9a800 Uncommon trap: reason=unstable_if action=reinterpret pc=0x000001f11bc724ac method=java.util.HashMap.hash(Ljava/lang/Object;)I @ 1 c2
Event: 4.899 Thread 0x000001f12db9a800 DEOPT PACKING pc=0x000001f11bc724ac sp=0x000000b2011f7c10
Event: 4.899 Thread 0x000001f12db9a800 DEOPT UNPACKING pc=0x000001f1140e74af sp=0x000000b2011f7ba8 mode 2
Event: 4.998 Thread 0x000001f12db9a800 DEOPT PACKING pc=0x000001f1147270fa sp=0x000000b2011f5610
Event: 4.998 Thread 0x000001f12db9a800 DEOPT UNPACKING pc=0x000001f1140e72ce sp=0x000000b2011f4c00 mode 0
Event: 5.010 Thread 0x000001f12db9a800 Uncommon trap: trap_request=0xffffff4d fr.pc=0x000001f11bbea808 relative=0x0000000000000a48
Event: 5.010 Thread 0x000001f12db9a800 Uncommon trap: reason=unstable_if action=reinterpret pc=0x000001f11bbea808 method=java.io.WinNTFileSystem.resolve(Ljava/lang/String;Ljava/lang/String;)Ljava/lang/String; @ 83 c2
Event: 5.010 Thread 0x000001f12db9a800 DEOPT PACKING pc=0x000001f11bbea808 sp=0x000000b2011f9b30
Event: 5.010 Thread 0x000001f12db9a800 DEOPT UNPACKING pc=0x000001f1140e74af sp=0x000000b2011f9ad8 mode 2

Classes redefined (0 events):
No events

Internal exceptions (20 events):
Event: 4.366 Thread 0x000001f12db9a800 Exception <a 'java/lang/NoSuchMethodError'{0x0000000087c27540}: 'void java.lang.invoke.DirectMethodHandle$Holder.invokeSpecial(java.lang.Object, java.lang.Object)'> (0x0000000087c27540) thrown at [./src/hotspot/share/interpreter/linkResolver.cpp, line 773]
Event: 4.450 Thread 0x000001f12db9a800 Exception <a 'java/lang/NoSuchMethodError'{0x00000000873d7ea8}: 'java.lang.Object java.lang.invoke.DirectMethodHandle$Holder.invokeVirtual(java.lang.Object, java.lang.Object, java.lang.Object, java.lang.Object)'> (0x00000000873d7ea8) thrown at [./src/hotspot/share/interpreter/linkResolver.cpp, line 773]
Event: 4.613 Thread 0x000001f12db9a800 Exception <a 'java/lang/NoSuchMethodError'{0x000000008656b248}: 'void java.lang.invoke.DirectMethodHandle$Holder.invokeSpecial(java.lang.Object, java.lang.Object, java.lang.Object, java.lang.Object, java.lang.Object, java.lang.Object)'> (0x000000008656b248) thrown at [./src/hotspot/share/interpreter/linkResolver.cpp, line 773]
Event: 4.639 Thread 0x000001f12db9a800 Exception <a 'java/lang/NoSuchMethodError'{0x00000000863161f8}: 'java.lang.Object java.lang.invoke.Invokers$Holder.invoker(java.lang.Object, java.lang.Object, java.lang.Object)'> (0x00000000863161f8) thrown at [./src/hotspot/share/interpreter/linkResolver.cpp, line 773]
Event: 4.659 Thread 0x000001f12db9a800 Exception <a 'java/lang/NoSuchMethodError'{0x00000000862175a0}: 'void java.lang.invoke.DirectMethodHandle$Holder.invokeSpecial(java.lang.Object, java.lang.Object, java.lang.Object, java.lang.Object, java.lang.Object, java.lang.Object, java.lang.Object)'> (0x00000000862175a0) thrown at [./src/hotspot/share/interpreter/linkResolver.cpp, line 773]
Event: 4.660 Thread 0x000001f12db9a800 Exception <a 'java/lang/NoSuchMethodError'{0x000000008621f7e8}: 'java.lang.Object java.lang.invoke.Invokers$Holder.linkToTargetMethod(java.lang.Object, java.lang.Object, java.lang.Object, java.lang.Object, java.lang.Object, java.lang.Object)'> (0x000000008621f7e8) thrown at [./src/hotspot/share/interpreter/linkResolver.cpp, line 773]
Event: 4.676 Thread 0x000001f12db9a800 Exception <a 'java/lang/NoSuchMethodError'{0x0000000086145180}: 'java.lang.Object java.lang.invoke.DirectMethodHandle$Holder.invokeVirtual(java.lang.Object, java.lang.Object, java.lang.Object, java.lang.Object, java.lang.Object, java.lang.Object, java.lang.Object, java.lang.Object, java.lang.Object, java.lang.Object, java.lang.Object, java.lang.Object, java.lang.Object, java.lang.Object, java.lang.Object, java.lang.Object, java.lang.Object)'> (0x0000000086145180) thrown at [./src/hotspot/share/interpreter/
Event: 4.677 Thread 0x000001f12db9a800 Exception <a 'java/lang/NoSuchMethodError'{0x0000000086175a00}: 'java.lang.Object java.lang.invoke.DirectMethodHandle$Holder.invokeSpecial(java.lang.Object, java.lang.Object, java.lang.Object, java.lang.Object, java.lang.Object, java.lang.Object, java.lang.Object, java.lang.Object, java.lang.Object)'> (0x0000000086175a00) thrown at [./src/hotspot/share/interpreter/linkResolver.cpp, line 773]
Event: 4.808 Thread 0x000001f12db9a800 Exception <a 'java/lang/NoSuchMethodError'{0x00000000858fd018}: 'java.lang.Object java.lang.invoke.DirectMethodHandle$Holder.invokeStatic(java.lang.Object, java.lang.Object, java.lang.Object, int, java.lang.Object, java.lang.Object)'> (0x00000000858fd018) thrown at [./src/hotspot/share/interpreter/linkResolver.cpp, line 773]
Event: 4.808 Thread 0x000001f12db9a800 Exception <a 'java/lang/NoSuchMethodError'{0x0000000085755890}: 'java.lang.Object java.lang.invoke.Invokers$Holder.linkToTargetMethod(java.lang.Object, java.lang.Object, int, java.lang.Object, java.lang.Object, java.lang.Object)'> (0x0000000085755890) thrown at [./src/hotspot/share/interpreter/linkResolver.cpp, line 773]
Event: 4.827 Thread 0x000001f12db9a800 Exception <a 'java/lang/NoSuchMethodError'{0x000000008568c0e8}: 'void java.lang.invoke.DirectMethodHandle$Holder.invokeSpecial(java.lang.Object, java.lang.Object, java.lang.Object, java.lang.Object)'> (0x000000008568c0e8) thrown at [./src/hotspot/share/interpreter/linkResolver.cpp, line 773]
Event: 4.890 Thread 0x000001f12db9a800 Implicit null exception at 0x000001f11bc7df75 to 0x000001f11bc7e13c
Event: 4.899 Thread 0x000001f12db9a800 Implicit null exception at 0x000001f11bc7242f to 0x000001f11bc7249d
Event: 4.942 Thread 0x000001f12db9a800 Exception <a 'java/lang/NoSuchMethodError'{0x0000000087b7b698}: 'java.lang.Object java.lang.invoke.DirectMethodHandle$Holder.invokeSpecialIFC(java.lang.Object, java.lang.Object, java.lang.Object, java.lang.Object)'> (0x0000000087b7b698) thrown at [./src/hotspot/share/interpreter/linkResolver.cpp, line 773]
Event: 4.951 Thread 0x000001f12db9a800 Exception <a 'java/lang/NoSuchMethodError'{0x0000000087a638a8}: 'java.lang.Object java.lang.invoke.DirectMethodHandle$Holder.invokeSpecial(java.lang.Object, java.lang.Object, java.lang.Object, java.lang.Object, java.lang.Object, java.lang.Object, java.lang.Object, java.lang.Object, java.lang.Object, java.lang.Object, java.lang.Object, java.lang.Object, java.lang.Object)'> (0x0000000087a638a8) thrown at [./src/hotspot/share/interpreter/linkResolver.cpp, line 773]
Event: 4.952 Thread 0x000001f12db9a800 Exception <a 'java/lang/NoSuchMethodError'{0x0000000087a74b30}: 'java.lang.Object java.lang.invoke.DirectMethodHandle$Holder.invokeSpecial(java.lang.Object, java.lang.Object, java.lang.Object, java.lang.Object, java.lang.Object, java.lang.Object, java.lang.Object, java.lang.Object, java.lang.Object, java.lang.Object, java.lang.Object, java.lang.Object)'> (0x0000000087a74b30) thrown at [./src/hotspot/share/interpreter/linkResolver.cpp, line 773]
Event: 4.953 Thread 0x000001f12db9a800 Exception <a 'java/lang/NoSuchMethodError'{0x0000000087a79c58}: 'java.lang.Object java.lang.invoke.Invokers$Holder.linkToTargetMethod(java.lang.Object, java.lang.Object, java.lang.Object, java.lang.Object, java.lang.Object, java.lang.Object, java.lang.Object, java.lang.Object, java.lang.Object, java.lang.Object, java.lang.Object)'> (0x0000000087a79c58) thrown at [./src/hotspot/share/interpreter/linkResolver.cpp, line 773]
Event: 4.964 Thread 0x000001f12db9a800 Exception <a 'java/lang/NoSuchMethodError'{0x00000000879710d8}: 'java.lang.Object java.lang.invoke.DirectMethodHandle$Holder.invokeSpecial(java.lang.Object, java.lang.Object, java.lang.Object, java.lang.Object, java.lang.Object, java.lang.Object, java.lang.Object, java.lang.Object, java.lang.Object, java.lang.Object, java.lang.Object, java.lang.Object, java.lang.Object, java.lang.Object)'> (0x00000000879710d8) thrown at [./src/hotspot/share/interpreter/linkResolver.cpp, line 773]
Event: 4.965 Thread 0x000001f12db9a800 Exception <a 'java/lang/NoSuchMethodError'{0x00000000879829a8}: 'java.lang.Object java.lang.invoke.Invokers$Holder.linkToTargetMethod(java.lang.Object, java.lang.Object, java.lang.Object, java.lang.Object, java.lang.Object, java.lang.Object, java.lang.Object, java.lang.Object, java.lang.Object, java.lang.Object, java.lang.Object, java.lang.Object)'> (0x00000000879829a8) thrown at [./src/hotspot/share/interpreter/linkResolver.cpp, line 773]
Event: 4.972 Thread 0x000001f12db9a800 Exception <a 'java/lang/NoSuchMethodError'{0x00000000879fc210}: 'java.lang.Object java.lang.invoke.DirectMethodHandle$Holder.invokeStaticInit(java.lang.Object, java.lang.Object, java.lang.Object, java.lang.Object)'> (0x00000000879fc210) thrown at [./src/hotspot/share/interpreter/linkResolver.cpp, line 773]

Events (20 events):
Event: 5.074 loading class org/gradle/api/internal/artifacts/dsl/ComponentMetadataRuleContainer
Event: 5.074 loading class org/gradle/api/internal/artifacts/dsl/ComponentMetadataRuleContainer done
Event: 5.077 loading class org/gradle/internal/rules/DefaultRuleActionValidator
Event: 5.077 loading class org/gradle/internal/rules/DefaultRuleActionValidator done
Event: 5.078 loading class org/gradle/internal/rules/RuleActionValidationException
Event: 5.078 loading class org/gradle/internal/rules/RuleActionValidationException done
Event: 5.078 loading class org/gradle/api/artifacts/ivy/IvyModuleDescriptor
Event: 5.078 loading class org/gradle/api/artifacts/ivy/IvyModuleDescriptor done
Event: 5.078 loading class org/gradle/api/artifacts/maven/PomModuleDescriptor
Event: 5.078 loading class org/gradle/api/artifacts/maven/PomModuleDescriptor done
Event: 5.079 loading class org/gradle/internal/rules/DefaultRuleActionAdapter
Event: 5.079 loading class org/gradle/internal/rules/DefaultRuleActionAdapter done
Event: 5.079 loading class org/gradle/api/internal/artifacts/repositories/resolver/DirectDependencyMetadataImpl
Event: 5.079 loading class org/gradle/api/internal/artifacts/repositories/resolver/DirectDependencyMetadataImpl done
Event: 5.079 loading class org/gradle/api/artifacts/DirectDependencyMetadata
Event: 5.079 loading class org/gradle/api/artifacts/DirectDependencyMetadata done
Event: 5.079 loading class org/gradle/api/artifacts/DependencyMetadata
Event: 5.079 loading class org/gradle/api/artifacts/DependencyMetadata done
Event: 5.080 loading class org/gradle/api/internal/artifacts/repositories/resolver/AbstractDependencyImpl
Event: 5.080 loading class org/gradle/api/internal/artifacts/repositories/resolver/AbstractDependencyImpl done


Dynamic libraries:
0x00007ff636f50000 - 0x00007ff636f5a000 	C:\Program Files\Android\Android Studio1\jre\bin\java.exe
0x00007ffa0fb90000 - 0x00007ffa0fd85000 	C:\WINDOWS\SYSTEM32\ntdll.dll
0x00007ffa0ef40000 - 0x00007ffa0effd000 	C:\WINDOWS\System32\KERNEL32.DLL
0x00007ffa0d6f0000 - 0x00007ffa0d9b9000 	C:\WINDOWS\System32\KERNELBASE.dll
0x00007ffa0d550000 - 0x00007ffa0d650000 	C:\WINDOWS\System32\ucrtbase.dll
0x00007ffa06670000 - 0x00007ffa06689000 	C:\Program Files\Android\Android Studio1\jre\bin\jli.dll
0x00007ffa06650000 - 0x00007ffa06667000 	C:\Program Files\Android\Android Studio1\jre\bin\VCRUNTIME140.dll
0x00007ffa0dcf0000 - 0x00007ffa0de90000 	C:\WINDOWS\System32\USER32.dll
0x00007ffa0d2d0000 - 0x00007ffa0d2f2000 	C:\WINDOWS\System32\win32u.dll
0x00007ffa0ea80000 - 0x00007ffa0eaaa000 	C:\WINDOWS\System32\GDI32.dll
0x00007ff9f9df0000 - 0x00007ff9fa08a000 	C:\WINDOWS\WinSxS\amd64_microsoft.windows.common-controls_6595b64144ccf1df_6.0.19041.1110_none_60b5254171f9507e\COMCTL32.dll
0x00007ffa0d360000 - 0x00007ffa0d46b000 	C:\WINDOWS\System32\gdi32full.dll
0x00007ffa0d650000 - 0x00007ffa0d6ed000 	C:\WINDOWS\System32\msvcp_win.dll
0x00007ffa0f010000 - 0x00007ffa0f0ae000 	C:\WINDOWS\System32\msvcrt.dll
0x00007ffa0ee60000 - 0x00007ffa0ee90000 	C:\WINDOWS\System32\IMM32.DLL
0x00007ffa065b0000 - 0x00007ffa0664d000 	C:\Program Files\Android\Android Studio1\jre\bin\msvcp140.dll
0x00007ff9ba910000 - 0x00007ff9bb3cc000 	C:\Program Files\Android\Android Studio1\jre\bin\server\jvm.dll
0x00007ffa0ee90000 - 0x00007ffa0ef3c000 	C:\WINDOWS\System32\ADVAPI32.dll
0x00007ffa0e7b0000 - 0x00007ffa0e84b000 	C:\WINDOWS\System32\sechost.dll
0x00007ffa0e210000 - 0x00007ffa0e33a000 	C:\WINDOWS\System32\RPCRT4.dll
0x00007ffa0ed10000 - 0x00007ffa0ed18000 	C:\WINDOWS\System32\PSAPI.DLL
0x00007ffa02310000 - 0x00007ffa02337000 	C:\WINDOWS\SYSTEM32\WINMM.dll
0x00007ffa05b70000 - 0x00007ffa05b79000 	C:\WINDOWS\SYSTEM32\WSOCK32.dll
0x00007ffa0e9a0000 - 0x00007ffa0ea0b000 	C:\WINDOWS\System32\WS2_32.dll
0x00007ffa04a60000 - 0x00007ffa04a6a000 	C:\WINDOWS\SYSTEM32\VERSION.dll
0x00007ffa0bb90000 - 0x00007ffa0bba2000 	C:\WINDOWS\SYSTEM32\kernel.appcore.dll
0x00007ffa058b0000 - 0x00007ffa058c1000 	C:\Program Files\Android\Android Studio1\jre\bin\verify.dll
0x00007ffa0afb0000 - 0x00007ffa0b194000 	C:\WINDOWS\SYSTEM32\DBGHELP.DLL
0x00007ff9fbe70000 - 0x00007ff9fbe9c000 	C:\WINDOWS\SYSTEM32\dbgcore.DLL
0x00007ffa0d4c0000 - 0x00007ffa0d543000 	C:\WINDOWS\System32\bcryptPrimitives.dll
0x00007ffa05880000 - 0x00007ffa058a9000 	C:\Program Files\Android\Android Studio1\jre\bin\java.dll
0x00007ffa07860000 - 0x00007ffa0786b000 	C:\Program Files\Android\Android Studio1\jre\bin\jimage.dll
0x00007ffa01800000 - 0x00007ffa01818000 	C:\Program Files\Android\Android Studio1\jre\bin\zip.dll
0x00007ffa0f0b0000 - 0x00007ffa0f7ef000 	C:\WINDOWS\System32\SHELL32.dll
0x00007ffa0b3e0000 - 0x00007ffa0bb71000 	C:\WINDOWS\SYSTEM32\windows.storage.dll
0x00007ffa0f7f0000 - 0x00007ffa0fb45000 	C:\WINDOWS\System32\combase.dll
0x00007ffa0cd40000 - 0x00007ffa0cd6c000 	C:\WINDOWS\SYSTEM32\Wldp.dll
0x00007ffa0de90000 - 0x00007ffa0df3e000 	C:\WINDOWS\System32\SHCORE.dll
0x00007ffa0ea10000 - 0x00007ffa0ea65000 	C:\WINDOWS\System32\shlwapi.dll
0x00007ffa0d210000 - 0x00007ffa0d22f000 	C:\WINDOWS\SYSTEM32\profapi.dll
0x00007ffa017e0000 - 0x00007ffa017fa000 	C:\Program Files\Android\Android Studio1\jre\bin\net.dll
0x00007ffa014f0000 - 0x00007ffa015fa000 	C:\WINDOWS\SYSTEM32\WINHTTP.dll
0x00007ffa0ca30000 - 0x00007ffa0ca9a000 	C:\WINDOWS\system32\mswsock.dll
0x00007ffa00c50000 - 0x00007ffa00c64000 	C:\Program Files\Android\Android Studio1\jre\bin\nio.dll
0x00007ff9fb720000 - 0x00007ff9fb747000 	C:\Users\Dark Knight\.gradle\native\fdc75f09e3144964f2cf3f50f0aa648679c211496f362492102eb8c894070792\windows-amd64\native-platform.dll
0x00007ff9c1c60000 - 0x00007ff9c1df6000 	C:\Users\Dark Knight\.gradle\native\12488b8bf47d2d4c9fbf2f6322a914ad602e24e48041cd04a747c6da556b65c4\windows-amd64\native-platform-file-events.dll
0x00007ffa07580000 - 0x00007ffa0758a000 	C:\Program Files\Android\Android Studio1\jre\bin\management.dll
0x00007ffa06840000 - 0x00007ffa0684c000 	C:\Program Files\Android\Android Studio1\jre\bin\management_ext.dll
0x00007ffa0cc40000 - 0x00007ffa0cc58000 	C:\WINDOWS\SYSTEM32\CRYPTSP.dll
0x00007ffa0c370000 - 0x00007ffa0c3a4000 	C:\WINDOWS\system32\rsaenh.dll
0x00007ffa0da70000 - 0x00007ffa0da97000 	C:\WINDOWS\System32\bcrypt.dll
0x00007ffa0d1d0000 - 0x00007ffa0d1fe000 	C:\WINDOWS\SYSTEM32\USERENV.dll
0x00007ffa0cc30000 - 0x00007ffa0cc3c000 	C:\WINDOWS\SYSTEM32\CRYPTBASE.dll
0x00007ffa0c720000 - 0x00007ffa0c75b000 	C:\WINDOWS\SYSTEM32\IPHLPAPI.DLL
0x00007ffa0f000000 - 0x00007ffa0f008000 	C:\WINDOWS\System32\NSI.dll
0x00007ffa034e0000 - 0x00007ffa034f7000 	C:\WINDOWS\SYSTEM32\dhcpcsvc6.DLL
0x00007ffa03da0000 - 0x00007ffa03dbd000 	C:\WINDOWS\SYSTEM32\dhcpcsvc.DLL
0x00007ffa0c760000 - 0x00007ffa0c82c000 	C:\WINDOWS\SYSTEM32\DNSAPI.dll
0x00007ffa04a70000 - 0x00007ffa04a7b000 	C:\WINDOWS\SYSTEM32\WINNSI.DLL

dbghelp: loaded successfully - version: 4.0.5 - missing functions: none
symbol engine: initialized successfully - sym options: 0x614 - pdb path: .;C:\Program Files\Android\Android Studio1\jre\bin;C:\WINDOWS\SYSTEM32;C:\WINDOWS\WinSxS\amd64_microsoft.windows.common-controls_6595b64144ccf1df_6.0.19041.1110_none_60b5254171f9507e;C:\Program Files\Android\Android Studio1\jre\bin\server;C:\Users\Dark Knight\.gradle\native\fdc75f09e3144964f2cf3f50f0aa648679c211496f362492102eb8c894070792\windows-amd64;C:\Users\Dark Knight\.gradle\native\12488b8bf47d2d4c9fbf2f6322a914ad602e24e48041cd04a747c6da556b65c4\windows-amd64

VM Arguments:
jvm_args: --add-opens=java.base/java.util=ALL-UNNAMED --add-opens=java.base/java.lang=ALL-UNNAMED --add-opens=java.base/java.lang.invoke=ALL-UNNAMED --add-opens=java.prefs/java.util.prefs=ALL-UNNAMED -Xmx2048m -Dfile.encoding=UTF-8 -Duser.country=IN -Duser.language=en -Duser.variant 
java_command: org.gradle.launcher.daemon.bootstrap.GradleDaemon 6.7.1
java_class_path (initial): C:\Users\Dark Knight\.gradle\wrapper\dists\gradle-6.7.1-bin\bwlcbys1h7rz3272sye1xwiv6\gradle-6.7.1\lib\gradle-launcher-6.7.1.jar
Launcher Type: SUN_STANDARD

[Global flags]
     intx CICompilerCount                          = 4                                         {product} {ergonomic}
     uint ConcGCThreads                            = 2                                         {product} {ergonomic}
     uint G1ConcRefinementThreads                  = 8                                         {product} {ergonomic}
   size_t G1HeapRegionSize                         = 1048576                                   {product} {ergonomic}
    uintx GCDrainStackTargetSize                   = 64                                        {product} {ergonomic}
   size_t InitialHeapSize                          = 134217728                                 {product} {ergonomic}
   size_t MarkStackSize                            = 4194304                                   {product} {ergonomic}
   size_t MaxHeapSize                              = 2147483648                                {product} {command line}
   size_t MaxNewSize                               = 1287651328                                {product} {ergonomic}
   size_t MinHeapDeltaBytes                        = 1048576                                   {product} {ergonomic}
    uintx NonNMethodCodeHeapSize                   = 5836300                                {pd product} {ergonomic}
    uintx NonProfiledCodeHeapSize                  = 122910970                              {pd product} {ergonomic}
    uintx ProfiledCodeHeapSize                     = 122910970                              {pd product} {ergonomic}
    uintx ReservedCodeCacheSize                    = 251658240                              {pd product} {ergonomic}
     bool SegmentedCodeCache                       = true                                      {product} {ergonomic}
     bool UseCompressedClassPointers               = true                                 {lp64_product} {ergonomic}
     bool UseCompressedOops                        = true                                 {lp64_product} {ergonomic}
     bool UseG1GC                                  = true                                      {product} {ergonomic}
     bool UseLargePagesIndividualAllocation        = false                                  {pd product} {ergonomic}

Logging:
Log output configuration:
 #0: stdout all=warning uptime,level,tags
 #1: stderr all=off uptime,level,tags

Environment Variables:
PATH=C:\Windows\system32;C:\Windows;C:\Windows\System32\Wbem;C:\Windows\System32\WindowsPowerShell\v1.0\;C:\Windows\System32\OpenSSH\;C:\Program Files (x86)\NVIDIA Corporation\PhysX\Common;C:\Program Files\NVIDIA Corporation\NVIDIA NvDLISR;C:\WINDOWS\system32;C:\WINDOWS;C:\WINDOWS\System32\Wbem;C:\WINDOWS\System32\WindowsPowerShell\v1.0\;C:\WINDOWS\System32\OpenSSH\;C:\MinGW\bin;C:\Program Files\MEGA-X;C:\WINDOWS\system32;C:\WINDOWS;C:\WINDOWS\System32\Wbem;C:\WINDOWS\System32\WindowsPowerShell\v1.0\;C:\WINDOWS\System32\OpenSSH\;C:\Program Files\Git\cmd;C:\Users\Dark Knight\AppData\Local\Microsoft\WindowsApps;C:\Users\Dark Knight\AppData\Local\atom\bin;C:\Program Files (x86)\Microsoft Visual Studio\2019\BuildTools\MSBuild\Current\Bin;C:\Users\Dark Knight\AppData\Local\Microsoft\WindowsApps
USERNAME=Dark Knight
OS=Windows_NT
PROCESSOR_IDENTIFIER=Intel64 Family 6 Model 158 Stepping 10, GenuineIntel



---------------  S Y S T E M  ---------------

OS: Windows 10 , 64 bit Build 19041 (10.0.19041.1023)
OS uptime: 9 days 23:08 hours

CPU:total 8 (initial active 8) (4 cores per cpu, 2 threads per core) family 6 model 158 stepping 10, cmov, cx8, fxsr, mmx, sse, sse2, sse3, ssse3, sse4.1, sse4.2, popcnt, avx, avx2, aes, clmul, erms, 3dnowpref, lzcnt, ht, tsc, tscinvbit, bmi1, bmi2, adx, fma

Memory: 4k page, system-wide physical 8112M (786M free)
TotalPageFile size 12208M (AvailPageFile size 5M)
current process WorkingSet (physical memory assigned to process): 235M, peak: 237M
current process commit charge ("private bytes"): 307M, peak: 307M

vm_info: OpenJDK 64-Bit Server VM (11.0.8+10-b944.6842174) for windows-amd64 JRE (11.0.8+10-b944.6842174), built on Sep 19 2020 01:11:42 by "builder" with MS VC++ 14.0 (VS2015)

END.
