#
# There is insufficient memory for the Java Runtime Environment to continue.
# Native memory allocation (mmap) failed to map 27262976 bytes for Failed to commit area from 0x00000000c8000000 to 0x00000000c9a00000 of length 27262976.
# Possible reasons:
#   The system is out of physical RAM or swap space
#   The process is running with CompressedOops enabled, and the Java Heap may be blocking the growth of the native heap
# Possible solutions:
#   Reduce memory load on the system
#   Increase physical memory or swap space
#   Check if swap backing store is full
#   Decrease Java heap size (-Xmx/-Xms)
#   Decrease number of Java threads
#   Decrease Java thread stack sizes (-Xss)
#   Set larger code cache with -XX:ReservedCodeCacheSize=
#   JVM is running with Unscaled Compressed Oops mode in which the Java heap is
#     placed in the first 4GB address space. The Java Heap base address is the
#     maximum limit for the native heap growth. Please use -XX:HeapBaseMinAddress
#     to set the Java Heap base and to place the Java Heap above 4GB virtual address.
# This output file may be truncated or incomplete.
#
#  Out of Memory Error (./src/hotspot/os/windows/os_windows.cpp:3303), pid=34856, tid=29040
#
# JRE version: OpenJDK Runtime Environment (11.0.8+10) (build 11.0.8+10-b944.6842174)
# Java VM: OpenJDK 64-Bit Server VM (11.0.8+10-b944.6842174, mixed mode, tiered, compressed oops, g1 gc, windows-amd64)
# No core dump will be written. Minidumps are not enabled by default on client versions of Windows
#

---------------  S U M M A R Y ------------

Command Line: -XX:MaxPermSize=512m --add-opens=java.base/java.util=ALL-UNNAMED --add-opens=java.base/java.lang=ALL-UNNAMED --add-opens=java.base/java.lang.invoke=ALL-UNNAMED --add-opens=java.prefs/java.util.prefs=ALL-UNNAMED -Xmx1024m -Dfile.encoding=windows-1252 -Duser.country=IN -Duser.language=en -Duser.variant org.gradle.launcher.daemon.bootstrap.GradleDaemon 6.7.1

Host: Intel(R) Core(TM) i5-9300H CPU @ 2.40GHz, 8 cores, 7G,  Windows 10 , 64 bit Build 19041 (10.0.19041.1023)
Time: Wed Jul 28 17:05:10 2021 India Standard Time elapsed time: 15 seconds (0d 0h 0m 15s)

---------------  T H R E A D  ---------------

Current thread (0x00000261c1662000):  VMThread "VM Thread" [stack: 0x000000807bc00000,0x000000807bd00000] [id=29040]

Stack: [0x000000807bc00000,0x000000807bd00000]
[error occurred during error reporting (printing stack bounds), id 0xc0000005, EXCEPTION_ACCESS_VIOLATION (0xc0000005) at pc=0x00000261ad310dad]

Native frames: (J=compiled Java code, j=interpreted, Vv=VM code, C=native code)
V  [jvm.dll+0x5de50a]
V  [jvm.dll+0x7122f5]
V  [jvm.dll+0x71384d]
V  [jvm.dll+0x713e65]
V  [jvm.dll+0x713e1b]
V  [jvm.dll+0x5dd958]
V  [jvm.dll+0x5de0f8]
C  [ntdll.dll+0xa217f]
C  [ntdll.dll+0x51454]
C  [ntdll.dll+0xa0cae]
C  0x00000261ad310dad

VM_Operation (0x00000080002fe020): G1CollectForAllocation, mode: safepoint, requested by thread 0x00000261c6c16000


---------------  P R O C E S S  ---------------

Threads class SMR info:
_java_thread_list=0x00000261c6b31950, length=161, elements={
0x00000261a998b000, 0x00000261c1666000, 0x00000261c1669000, 0x00000261c1685800,
0x00000261c1687800, 0x00000261c1688800, 0x00000261c1690000, 0x00000261c1691000,
0x00000261c213c000, 0x00000261c214f000, 0x00000261c36fe800, 0x00000261c222f000,
0x00000261c417d800, 0x00000261c4101800, 0x00000261c4321800, 0x00000261c3a1a800,
0x00000261c3a1b000, 0x00000261c3e13000, 0x00000261c3e0f000, 0x00000261c3e10800,
0x00000261c382e000, 0x00000261c3830800, 0x00000261c382f000, 0x00000261c382c800,
0x00000261c382f800, 0x00000261c3831000, 0x00000261c3832000, 0x00000261c3833000,
0x00000261c382d000, 0x00000261c64bf800, 0x00000261c64c2000, 0x00000261c64be800,
0x00000261c64c0000, 0x00000261c64bd800, 0x00000261c64bc000, 0x00000261c64c1000,
0x00000261c64c2800, 0x00000261c64bd000, 0x00000261c64c5000, 0x00000261c64c7800,
0x00000261c64c4000, 0x00000261c64c6000, 0x00000261c64c6800, 0x00000261c64c8800,
0x00000261c64c9000, 0x00000261c64c3800, 0x00000261c64ca800, 0x00000261c64ca000,
0x00000261c6c0d000, 0x00000261c6c0b800, 0x00000261c6c0c000, 0x00000261c6c0d800,
0x00000261c6c0f800, 0x00000261c6c09800, 0x00000261c6c10000, 0x00000261c6c0a800,
0x00000261c6c15000, 0x00000261c6c16000, 0x00000261c6c13800, 0x00000261c6c16800,
0x00000261c6c11000, 0x00000261c6c17800, 0x00000261c6c14000, 0x00000261c6c12800,
0x00000261c6c12000, 0x00000261c6c18800, 0x00000261c68b2000, 0x00000261c68b3000,
0x00000261c68ae000, 0x00000261c68af000, 0x00000261c68ad800, 0x00000261c68af800,
0x00000261c68b6800, 0x00000261c68b4000, 0x00000261c68b0800, 0x00000261c68b4800,
0x00000261c68b5800, 0x00000261c68b7000, 0x00000261c68b1800, 0x00000261c68b8000,
0x00000261c68bb000, 0x00000261c68b9800, 0x00000261c68b8800, 0x00000261c68ba800,
0x00000261c68bc000, 0x00000261c67b5000, 0x00000261c67af800, 0x00000261c67b1000,
0x00000261c67b0000, 0x00000261c67b6800, 0x00000261c67b2800, 0x00000261c67b7800,
0x00000261c67b6000, 0x00000261c67b3800, 0x00000261c67b2000, 0x00000261c67b9000,
0x00000261c67ba000, 0x00000261c67b8800, 0x00000261c67b4000, 0x00000261c67bb800,
0x00000261c67bb000, 0x00000261c67bc800, 0x00000261c67be000, 0x00000261c67bd000,
0x00000261c8deb000, 0x00000261c8deb800, 0x00000261c8de9000, 0x00000261c8dec800,
0x00000261c8dea000, 0x00000261c8de6800, 0x00000261c8de8800, 0x00000261c8ded800,
0x00000261c8de7800, 0x00000261c8def800, 0x00000261c8def000, 0x00000261c8df2000,
0x00000261c8df1800, 0x00000261c8df3000, 0x00000261c8df4000, 0x00000261c8dee000,
0x00000261c8df0800, 0x00000261c8df4800, 0x00000261c8df5800, 0x00000261c7f4b800,
0x00000261c7f4e000, 0x00000261c7f4b000, 0x00000261c7f4f000, 0x00000261c7f4a000,
0x00000261c7f51800, 0x00000261c7f4f800, 0x00000261c7f4c800, 0x00000261c7f4d000,
0x00000261c7f50800, 0x00000261c7f55800, 0x00000261c7f58000, 0x00000261c7f52000,
0x00000261c7f58800, 0x00000261c7f56000, 0x00000261c7f53000, 0x00000261c7f54000,
0x00000261c7f57000, 0x00000261c7f54800, 0x00000261c7f5f800, 0x00000261c7f5a000,
0x00000261c7f5c800, 0x00000261c7f60800, 0x00000261c7f5b800, 0x00000261c7f5b000,
0x00000261c7f5d800, 0x00000261c7f5e000, 0x00000261c7f5f000, 0x00000261c8e09800,
0x00000261c8e0d000, 0x00000261c8e0a800, 0x00000261c8e0b800, 0x00000261c8e0e800,
0x00000261c8e09000, 0x00000261c8e0d800, 0x00000261c8e0f800, 0x00000261c473b000,
0x00000261c3f00800
}

Java Threads: ( => current thread )
  0x00000261a998b000 JavaThread "main" [_thread_blocked, id=3412, stack(0x000000807b600000,0x000000807b700000)]
  0x00000261c1666000 JavaThread "Reference Handler" daemon [_thread_blocked, id=40304, stack(0x000000807bd00000,0x000000807be00000)]
  0x00000261c1669000 JavaThread "Finalizer" daemon [_thread_blocked, id=22596, stack(0x000000807be00000,0x000000807bf00000)]
  0x00000261c1685800 JavaThread "Signal Dispatcher" daemon [_thread_blocked, id=38132, stack(0x000000807bf00000,0x000000807c000000)]
  0x00000261c1687800 JavaThread "Attach Listener" daemon [_thread_blocked, id=37332, stack(0x000000807c000000,0x000000807c100000)]
  0x00000261c1688800 JavaThread "C2 CompilerThread0" daemon [_thread_blocked, id=35648, stack(0x000000807c100000,0x000000807c200000)]
  0x00000261c1690000 JavaThread "C1 CompilerThread0" daemon [_thread_blocked, id=26764, stack(0x000000807c200000,0x000000807c300000)]
  0x00000261c1691000 JavaThread "Sweeper thread" daemon [_thread_blocked, id=39080, stack(0x000000807c300000,0x000000807c400000)]
  0x00000261c213c000 JavaThread "Common-Cleaner" daemon [_thread_blocked, id=41700, stack(0x000000807c400000,0x000000807c500000)]
  0x00000261c214f000 JavaThread "Service Thread" daemon [_thread_blocked, id=33996, stack(0x000000807c500000,0x000000807c600000)]
  0x00000261c36fe800 JavaThread "Daemon health stats" [_thread_blocked, id=29072, stack(0x000000807cb00000,0x000000807cc00000)]
  0x00000261c222f000 JavaThread "Incoming local TCP Connector on port 59429" [_thread_in_native, id=13504, stack(0x000000807cc00000,0x000000807cd00000)]
  0x00000261c417d800 JavaThread "Daemon periodic checks" [_thread_blocked, id=4240, stack(0x000000807cd00000,0x000000807ce00000)]
  0x00000261c4101800 JavaThread "Daemon" [_thread_blocked, id=14752, stack(0x000000807ce00000,0x000000807cf00000)]
  0x00000261c4321800 JavaThread "Handler for socket connection from /127.0.0.1:59429 to /127.0.0.1:59430" [_thread_in_native, id=21708, stack(0x000000807cf00000,0x000000807d000000)]
  0x00000261c3a1a800 JavaThread "Cancel handler" [_thread_blocked, id=13284, stack(0x000000807d000000,0x000000807d100000)]
  0x00000261c3a1b000 JavaThread "Daemon worker" [_thread_blocked, id=10420, stack(0x000000807d100000,0x000000807d200000)]
  0x00000261c3e13000 JavaThread "Asynchronous log dispatcher for DefaultDaemonConnection: socket connection from /127.0.0.1:59429 to /127.0.0.1:59430" [_thread_blocked, id=14324, stack(0x000000807d200000,0x000000807d300000)]
  0x00000261c3e0f000 JavaThread "Stdin handler" [_thread_blocked, id=17720, stack(0x000000807d300000,0x000000807d400000)]
  0x00000261c3e10800 JavaThread "Thread-8" [_thread_blocked, id=27188, stack(0x000000807d400000,0x000000807d500000)]
  0x00000261c382e000 JavaThread "Cache worker for file hash cache (C:\Users\Dark Knight\.gradle\caches\6.7.1\fileHashes)" [_thread_blocked, id=8780, stack(0x000000807da00000,0x000000807db00000)]
  0x00000261c3830800 JavaThread "File lock request listener" [_thread_in_native, id=21456, stack(0x000000807db00000,0x000000807dc00000)]
  0x00000261c382f000 JavaThread "Cache worker for journal cache (C:\Users\Dark Knight\.gradle\caches\journal-1)" [_thread_blocked, id=34728, stack(0x000000807dd00000,0x000000807de00000)]
  0x00000261c382c800 JavaThread "Cache worker for file hash cache (C:\Android Projects\Udemy TUTORIAL\KidsDrawingApp\.gradle\6.7.1\fileHashes)" [_thread_blocked, id=36288, stack(0x000000807df00000,0x000000807e000000)]
  0x00000261c382f800 JavaThread "jar transforms" [_thread_blocked, id=12228, stack(0x000000807e000000,0x000000807e100000)]
  0x00000261c3831000 JavaThread "jar transforms Thread 2" [_thread_blocked, id=2844, stack(0x000000807e100000,0x000000807e200000)]
  0x00000261c3832000 JavaThread "jar transforms Thread 3" [_thread_blocked, id=33508, stack(0x000000807e200000,0x000000807e300000)]
  0x00000261c3833000 JavaThread "jar transforms Thread 4" [_thread_blocked, id=26056, stack(0x000000807e300000,0x000000807e400000)]
  0x00000261c382d000 JavaThread "jar transforms Thread 5" [_thread_blocked, id=21324, stack(0x000000807e400000,0x000000807e500000)]
  0x00000261c64bf800 JavaThread "jar transforms Thread 6" [_thread_blocked, id=39720, stack(0x000000807e500000,0x000000807e600000)]
  0x00000261c64c2000 JavaThread "jar transforms Thread 7" [_thread_blocked, id=1044, stack(0x000000807e700000,0x000000807e800000)]
  0x00000261c64be800 JavaThread "jar transforms Thread 8" [_thread_blocked, id=28996, stack(0x000000807e800000,0x000000807e900000)]
  0x00000261c64c0000 JavaThread "jar transforms Thread 9" [_thread_blocked, id=39836, stack(0x000000807e900000,0x000000807ea00000)]
  0x00000261c64bd800 JavaThread "jar transforms Thread 10" [_thread_blocked, id=23636, stack(0x000000807ea00000,0x000000807eb00000)]
  0x00000261c64bc000 JavaThread "jar transforms Thread 11" [_thread_blocked, id=32320, stack(0x000000807eb00000,0x000000807ec00000)]
  0x00000261c64c1000 JavaThread "jar transforms Thread 12" [_thread_blocked, id=34792, stack(0x000000807ec00000,0x000000807ed00000)]
  0x00000261c64c2800 JavaThread "jar transforms Thread 13" [_thread_blocked, id=39144, stack(0x000000807ed00000,0x000000807ee00000)]
  0x00000261c64bd000 JavaThread "jar transforms Thread 14" [_thread_blocked, id=17880, stack(0x000000807ee00000,0x000000807ef00000)]
  0x00000261c64c5000 JavaThread "jar transforms Thread 15" [_thread_blocked, id=18588, stack(0x000000807ef00000,0x000000807f000000)]
  0x00000261c64c7800 JavaThread "jar transforms Thread 16" [_thread_blocked, id=28060, stack(0x000000807f000000,0x000000807f100000)]
  0x00000261c64c4000 JavaThread "jar transforms Thread 17" [_thread_blocked, id=37172, stack(0x000000807f100000,0x000000807f200000)]
  0x00000261c64c6000 JavaThread "jar transforms Thread 18" [_thread_blocked, id=28268, stack(0x000000807f200000,0x000000807f300000)]
  0x00000261c64c6800 JavaThread "jar transforms Thread 19" [_thread_blocked, id=34232, stack(0x000000807f300000,0x000000807f400000)]
  0x00000261c64c8800 JavaThread "jar transforms Thread 20" [_thread_blocked, id=28664, stack(0x000000807f400000,0x000000807f500000)]
  0x00000261c64c9000 JavaThread "jar transforms Thread 21" [_thread_blocked, id=38500, stack(0x000000807f500000,0x000000807f600000)]
  0x00000261c64c3800 JavaThread "Cache worker for checksums cache (C:\Android Projects\Udemy TUTORIAL\KidsDrawingApp\.gradle\checksums)" [_thread_blocked, id=41428, stack(0x000000807f600000,0x000000807f700000)]
  0x00000261c64ca800 JavaThread "Cache worker for cache directory md-supplier (C:\Users\Dark Knight\.gradle\caches\6.7.1\md-supplier)" [_thread_blocked, id=39800, stack(0x000000807f700000,0x000000807f800000)]
  0x00000261c64ca000 JavaThread "Cache worker for cache directory md-rule (C:\Users\Dark Knight\.gradle\caches\6.7.1\md-rule)" [_thread_blocked, id=7844, stack(0x000000807f800000,0x000000807f900000)]
  0x00000261c6c0d000 JavaThread "Cache worker for execution history cache (C:\Users\Dark Knight\.gradle\caches\6.7.1\executionHistory)" [_thread_blocked, id=19728, stack(0x000000807f900000,0x000000807fa00000)]
  0x00000261c6c0b800 JavaThread "Cache worker for file content cache (C:\Users\Dark Knight\.gradle\caches\6.7.1\fileContent)" [_thread_blocked, id=41140, stack(0x000000807fa00000,0x000000807fb00000)]
  0x00000261c6c0c000 JavaThread "Cache worker for Build Output Cleanup Cache (C:\Android Projects\Udemy TUTORIAL\KidsDrawingApp\.gradle\buildOutputCleanup)" [_thread_blocked, id=41188, stack(0x000000807fb00000,0x000000807fc00000)]
  0x00000261c6c0d800 JavaThread "Build operations" [_thread_blocked, id=40524, stack(0x000000807fc00000,0x000000807fd00000)]
  0x00000261c6c0f800 JavaThread "Build operations Thread 2" [_thread_blocked, id=21060, stack(0x000000807fd00000,0x000000807fe00000)]
  0x00000261c6c09800 JavaThread "Build operations Thread 3" [_thread_blocked, id=31424, stack(0x000000807fe00000,0x000000807ff00000)]
  0x00000261c6c10000 JavaThread "Build operations Thread 4" [_thread_blocked, id=38100, stack(0x000000807ff00000,0x0000008080000000)]
  0x00000261c6c0a800 JavaThread "Build operations Thread 5" [_thread_blocked, id=22752, stack(0x0000008000000000,0x0000008000100000)]
  0x00000261c6c15000 JavaThread "Build operations Thread 6" [_thread_blocked, id=38544, stack(0x0000008000100000,0x0000008000200000)]
  0x00000261c6c16000 JavaThread "Build operations Thread 7" [_thread_blocked, id=6028, stack(0x0000008000200000,0x0000008000300000)]
  0x00000261c6c13800 JavaThread "Build operations Thread 8" [_thread_blocked, id=4640, stack(0x0000008000300000,0x0000008000400000)]
  0x00000261c6c16800 JavaThread "jar transforms Thread 22" [_thread_blocked, id=15636, stack(0x0000008000400000,0x0000008000500000)]
  0x00000261c6c11000 JavaThread "jar transforms Thread 23" [_thread_blocked, id=40260, stack(0x0000008000500000,0x0000008000600000)]
  0x00000261c6c17800 JavaThread "jar transforms Thread 24" [_thread_blocked, id=13988, stack(0x0000008000600000,0x0000008000700000)]
  0x00000261c6c14000 JavaThread "jar transforms Thread 25" [_thread_blocked, id=18664, stack(0x0000008000700000,0x0000008000800000)]
  0x00000261c6c12800 JavaThread "jar transforms Thread 26" [_thread_blocked, id=38208, stack(0x0000008000800000,0x0000008000900000)]
  0x00000261c6c12000 JavaThread "jar transforms Thread 27" [_thread_blocked, id=27708, stack(0x0000008000900000,0x0000008000a00000)]
  0x00000261c6c18800 JavaThread "jar transforms Thread 28" [_thread_blocked, id=40092, stack(0x0000008000a00000,0x0000008000b00000)]
  0x00000261c68b2000 JavaThread "jar transforms Thread 29" [_thread_blocked, id=39216, stack(0x0000008000b00000,0x0000008000c00000)]
  0x00000261c68b3000 JavaThread "jar transforms Thread 30" [_thread_blocked, id=39052, stack(0x0000008000c00000,0x0000008000d00000)]
  0x00000261c68ae000 JavaThread "jar transforms Thread 31" [_thread_blocked, id=12888, stack(0x0000008000d00000,0x0000008000e00000)]
  0x00000261c68af000 JavaThread "jar transforms Thread 32" [_thread_blocked, id=37248, stack(0x0000008000e00000,0x0000008000f00000)]
  0x00000261c68ad800 JavaThread "jar transforms Thread 33" [_thread_blocked, id=29096, stack(0x0000008000f00000,0x0000008001000000)]
  0x00000261c68af800 JavaThread "jar transforms Thread 34" [_thread_blocked, id=17428, stack(0x0000008001000000,0x0000008001100000)]
  0x00000261c68b6800 JavaThread "jar transforms Thread 35" [_thread_blocked, id=7968, stack(0x0000008001100000,0x0000008001200000)]
  0x00000261c68b4000 JavaThread "jar transforms Thread 36" [_thread_blocked, id=37892, stack(0x0000008001200000,0x0000008001300000)]
  0x00000261c68b0800 JavaThread "jar transforms Thread 37" [_thread_blocked, id=37640, stack(0x0000008001300000,0x0000008001400000)]
  0x00000261c68b4800 JavaThread "jar transforms Thread 38" [_thread_blocked, id=4912, stack(0x0000008001400000,0x0000008001500000)]
  0x00000261c68b5800 JavaThread "jar transforms Thread 39" [_thread_blocked, id=1764, stack(0x0000008001500000,0x0000008001600000)]
  0x00000261c68b7000 JavaThread "jar transforms Thread 40" [_thread_blocked, id=40580, stack(0x0000008001600000,0x0000008001700000)]
  0x00000261c68b1800 JavaThread "jar transforms Thread 41" [_thread_blocked, id=31540, stack(0x0000008001700000,0x0000008001800000)]
  0x00000261c68b8000 JavaThread "jar transforms Thread 42" [_thread_blocked, id=22592, stack(0x0000008001800000,0x0000008001900000)]
  0x00000261c68bb000 JavaThread "jar transforms Thread 43" [_thread_blocked, id=5520, stack(0x0000008001900000,0x0000008001a00000)]
  0x00000261c68b9800 JavaThread "jar transforms Thread 44" [_thread_blocked, id=8856, stack(0x0000008001a00000,0x0000008001b00000)]
  0x00000261c68b8800 JavaThread "jar transforms Thread 45" [_thread_blocked, id=7752, stack(0x0000008001b00000,0x0000008001c00000)]
  0x00000261c68ba800 JavaThread "jar transforms Thread 46" [_thread_blocked, id=36952, stack(0x0000008001c00000,0x0000008001d00000)]
  0x00000261c68bc000 JavaThread "jar transforms Thread 47" [_thread_blocked, id=2576, stack(0x0000008001d00000,0x0000008001e00000)]
  0x00000261c67b5000 JavaThread "jar transforms Thread 48" [_thread_blocked, id=2668, stack(0x0000008001e00000,0x0000008001f00000)]
  0x00000261c67af800 JavaThread "jar transforms Thread 49" [_thread_blocked, id=21280, stack(0x0000008001f00000,0x0000008002000000)]
  0x00000261c67b1000 JavaThread "jar transforms Thread 50" [_thread_blocked, id=31472, stack(0x0000008002000000,0x0000008002100000)]
  0x00000261c67b0000 JavaThread "jar transforms Thread 51" [_thread_blocked, id=580, stack(0x0000008002100000,0x0000008002200000)]
  0x00000261c67b6800 JavaThread "jar transforms Thread 52" [_thread_blocked, id=31788, stack(0x0000008002200000,0x0000008002300000)]
  0x00000261c67b2800 JavaThread "jar transforms Thread 53" [_thread_blocked, id=16208, stack(0x0000008002300000,0x0000008002400000)]
  0x00000261c67b7800 JavaThread "jar transforms Thread 54" [_thread_blocked, id=24932, stack(0x0000008002400000,0x0000008002500000)]
  0x00000261c67b6000 JavaThread "jar transforms Thread 55" [_thread_blocked, id=36436, stack(0x0000008002500000,0x0000008002600000)]
  0x00000261c67b3800 JavaThread "jar transforms Thread 56" [_thread_blocked, id=36728, stack(0x0000008002600000,0x0000008002700000)]
  0x00000261c67b2000 JavaThread "jar transforms Thread 57" [_thread_blocked, id=41436, stack(0x0000008002700000,0x0000008002800000)]
  0x00000261c67b9000 JavaThread "jar transforms Thread 58" [_thread_blocked, id=40636, stack(0x0000008002800000,0x0000008002900000)]
  0x00000261c67ba000 JavaThread "jar transforms Thread 59" [_thread_blocked, id=25612, stack(0x0000008002900000,0x0000008002a00000)]
  0x00000261c67b8800 JavaThread "jar transforms Thread 60" [_thread_blocked, id=14740, stack(0x0000008002a00000,0x0000008002b00000)]
  0x00000261c67b4000 JavaThread "jar transforms Thread 61" [_thread_blocked, id=13432, stack(0x0000008002b00000,0x0000008002c00000)]
  0x00000261c67bb800 JavaThread "jar transforms Thread 62" [_thread_blocked, id=39780, stack(0x0000008002c00000,0x0000008002d00000)]
  0x00000261c67bb000 JavaThread "jar transforms Thread 63" [_thread_blocked, id=9432, stack(0x0000008002d00000,0x0000008002e00000)]
  0x00000261c67bc800 JavaThread "jar transforms Thread 64" [_thread_blocked, id=40928, stack(0x0000008002e00000,0x0000008002f00000)]
  0x00000261c67be000 JavaThread "jar transforms Thread 65" [_thread_blocked, id=28872, stack(0x0000008002f00000,0x0000008003000000)]
  0x00000261c67bd000 JavaThread "jar transforms Thread 66" [_thread_blocked, id=36004, stack(0x0000008003000000,0x0000008003100000)]
  0x00000261c8deb000 JavaThread "jar transforms Thread 67" [_thread_blocked, id=9320, stack(0x0000008003100000,0x0000008003200000)]
  0x00000261c8deb800 JavaThread "jar transforms Thread 68" [_thread_blocked, id=21524, stack(0x0000008003200000,0x0000008003300000)]
  0x00000261c8de9000 JavaThread "jar transforms Thread 69" [_thread_blocked, id=20728, stack(0x0000008003300000,0x0000008003400000)]
  0x00000261c8dec800 JavaThread "jar transforms Thread 70" [_thread_blocked, id=33976, stack(0x0000008003400000,0x0000008003500000)]
  0x00000261c8dea000 JavaThread "jar transforms Thread 71" [_thread_blocked, id=33704, stack(0x0000008003500000,0x0000008003600000)]
  0x00000261c8de6800 JavaThread "jar transforms Thread 72" [_thread_blocked, id=23384, stack(0x0000008003600000,0x0000008003700000)]
  0x00000261c8de8800 JavaThread "jar transforms Thread 73" [_thread_blocked, id=6112, stack(0x0000008003700000,0x0000008003800000)]
  0x00000261c8ded800 JavaThread "jar transforms Thread 74" [_thread_blocked, id=16776, stack(0x0000008003800000,0x0000008003900000)]
  0x00000261c8de7800 JavaThread "jar transforms Thread 75" [_thread_blocked, id=17800, stack(0x0000008003900000,0x0000008003a00000)]
  0x00000261c8def800 JavaThread "jar transforms Thread 76" [_thread_blocked, id=38616, stack(0x0000008003a00000,0x0000008003b00000)]
  0x00000261c8def000 JavaThread "jar transforms Thread 77" [_thread_blocked, id=19672, stack(0x0000008003b00000,0x0000008003c00000)]
  0x00000261c8df2000 JavaThread "jar transforms Thread 78" [_thread_blocked, id=20792, stack(0x0000008003c00000,0x0000008003d00000)]
  0x00000261c8df1800 JavaThread "jar transforms Thread 79" [_thread_blocked, id=27120, stack(0x0000008003d00000,0x0000008003e00000)]
  0x00000261c8df3000 JavaThread "jar transforms Thread 80" [_thread_blocked, id=39868, stack(0x0000008003e00000,0x0000008003f00000)]
  0x00000261c8df4000 JavaThread "jar transforms Thread 81" [_thread_blocked, id=23592, stack(0x0000008003f00000,0x0000008004000000)]
  0x00000261c8dee000 JavaThread "jar transforms Thread 82" [_thread_blocked, id=39832, stack(0x0000008004000000,0x0000008004100000)]
  0x00000261c8df0800 JavaThread "jar transforms Thread 83" [_thread_blocked, id=14944, stack(0x0000008004100000,0x0000008004200000)]
  0x00000261c8df4800 JavaThread "jar transforms Thread 84" [_thread_blocked, id=36108, stack(0x0000008004200000,0x0000008004300000)]
  0x00000261c8df5800 JavaThread "jar transforms Thread 85" [_thread_blocked, id=19360, stack(0x0000008004300000,0x0000008004400000)]
  0x00000261c7f4b800 JavaThread "jar transforms Thread 86" [_thread_blocked, id=23264, stack(0x0000008004400000,0x0000008004500000)]
  0x00000261c7f4e000 JavaThread "jar transforms Thread 87" [_thread_blocked, id=14312, stack(0x0000008004500000,0x0000008004600000)]
  0x00000261c7f4b000 JavaThread "jar transforms Thread 88" [_thread_blocked, id=35116, stack(0x0000008004600000,0x0000008004700000)]
  0x00000261c7f4f000 JavaThread "jar transforms Thread 89" [_thread_blocked, id=32252, stack(0x0000008004700000,0x0000008004800000)]
  0x00000261c7f4a000 JavaThread "jar transforms Thread 90" [_thread_blocked, id=40604, stack(0x0000008004800000,0x0000008004900000)]
  0x00000261c7f51800 JavaThread "jar transforms Thread 91" [_thread_blocked, id=28864, stack(0x0000008004900000,0x0000008004a00000)]
  0x00000261c7f4f800 JavaThread "jar transforms Thread 92" [_thread_blocked, id=38708, stack(0x0000008004a00000,0x0000008004b00000)]
  0x00000261c7f4c800 JavaThread "jar transforms Thread 93" [_thread_blocked, id=31580, stack(0x0000008004b00000,0x0000008004c00000)]
  0x00000261c7f4d000 JavaThread "jar transforms Thread 94" [_thread_blocked, id=41236, stack(0x0000008004c00000,0x0000008004d00000)]
  0x00000261c7f50800 JavaThread "jar transforms Thread 95" [_thread_blocked, id=38200, stack(0x0000008004d00000,0x0000008004e00000)]
  0x00000261c7f55800 JavaThread "jar transforms Thread 96" [_thread_blocked, id=10472, stack(0x0000008004e00000,0x0000008004f00000)]
  0x00000261c7f58000 JavaThread "jar transforms Thread 97" [_thread_blocked, id=30540, stack(0x0000008004f00000,0x0000008005000000)]
  0x00000261c7f52000 JavaThread "jar transforms Thread 98" [_thread_blocked, id=40848, stack(0x0000008005000000,0x0000008005100000)]
  0x00000261c7f58800 JavaThread "jar transforms Thread 99" [_thread_blocked, id=17344, stack(0x0000008005100000,0x0000008005200000)]
  0x00000261c7f56000 JavaThread "jar transforms Thread 100" [_thread_blocked, id=29760, stack(0x0000008005200000,0x0000008005300000)]
  0x00000261c7f53000 JavaThread "jar transforms Thread 101" [_thread_blocked, id=41704, stack(0x0000008005300000,0x0000008005400000)]
  0x00000261c7f54000 JavaThread "jar transforms Thread 102" [_thread_blocked, id=26992, stack(0x0000008005400000,0x0000008005500000)]
  0x00000261c7f57000 JavaThread "jar transforms Thread 103" [_thread_blocked, id=14384, stack(0x0000008005500000,0x0000008005600000)]
  0x00000261c7f54800 JavaThread "jar transforms Thread 104" [_thread_blocked, id=32288, stack(0x0000008005600000,0x0000008005700000)]
  0x00000261c7f5f800 JavaThread "jar transforms Thread 105" [_thread_blocked, id=3404, stack(0x0000008005700000,0x0000008005800000)]
  0x00000261c7f5a000 JavaThread "jar transforms Thread 106" [_thread_blocked, id=40588, stack(0x0000008005800000,0x0000008005900000)]
  0x00000261c7f5c800 JavaThread "jar transforms Thread 107" [_thread_blocked, id=30772, stack(0x0000008005900000,0x0000008005a00000)]
  0x00000261c7f60800 JavaThread "jar transforms Thread 108" [_thread_blocked, id=14076, stack(0x0000008005a00000,0x0000008005b00000)]
  0x00000261c7f5b800 JavaThread "jar transforms Thread 109" [_thread_blocked, id=9120, stack(0x0000008005b00000,0x0000008005c00000)]
  0x00000261c7f5b000 JavaThread "jar transforms Thread 110" [_thread_blocked, id=32736, stack(0x0000008005c00000,0x0000008005d00000)]
  0x00000261c7f5d800 JavaThread "jar transforms Thread 111" [_thread_blocked, id=30228, stack(0x0000008005d00000,0x0000008005e00000)]
  0x00000261c7f5e000 JavaThread "jar transforms Thread 112" [_thread_blocked, id=20352, stack(0x0000008005e00000,0x0000008005f00000)]
  0x00000261c7f5f000 JavaThread "jar transforms Thread 113" [_thread_blocked, id=31144, stack(0x0000008005f00000,0x0000008006000000)]
  0x00000261c8e09800 JavaThread "jar transforms Thread 114" [_thread_blocked, id=36292, stack(0x0000008006000000,0x0000008006100000)]
  0x00000261c8e0d000 JavaThread "jar transforms Thread 115" [_thread_blocked, id=38396, stack(0x0000008006100000,0x0000008006200000)]
  0x00000261c8e0a800 JavaThread "jar transforms Thread 116" [_thread_blocked, id=17156, stack(0x0000008006200000,0x0000008006300000)]
  0x00000261c8e0b800 JavaThread "jar transforms Thread 117" [_thread_blocked, id=41732, stack(0x0000008006300000,0x0000008006400000)]
  0x00000261c8e0e800 JavaThread "jar transforms Thread 118" [_thread_blocked, id=15452, stack(0x0000008006400000,0x0000008006500000)]
  0x00000261c8e09000 JavaThread "jar transforms Thread 119" [_thread_blocked, id=34448, stack(0x0000008006500000,0x0000008006600000)]
  0x00000261c8e0d800 JavaThread "Memory manager" [_thread_blocked, id=23172, stack(0x0000008006600000,0x0000008006700000)]
  0x00000261c8e0f800 JavaThread "pool-3-thread-1" [_thread_blocked, id=31012, stack(0x0000008006700000,0x0000008006800000)]
  0x00000261c473b000 JavaThread "C2 CompilerThread1" daemon [_thread_blocked, id=18616, stack(0x0000008006800000,0x0000008006900000)]
  0x00000261c3f00800 JavaThread "C2 CompilerThread2" daemon [_thread_blocked, id=14084, stack(0x0000008006900000,0x0000008006a00000)]

Other Threads:
=>0x00000261c1662000 VMThread "VM Thread" [stack: 0x000000807bc00000,0x000000807bd00000] [id=29040]
  0x00000261c2151000 WatcherThread [stack: 0x000000807c600000,0x000000807c700000] [id=11400]
  0x00000261a99a1800 GCTaskThread "GC Thread#0" [stack: 0x000000807b700000,0x000000807b800000] [id=32016]
  0x00000261c2ef1000 GCTaskThread "GC Thread#1" [stack: 0x000000807c800000,0x000000807c900000] [id=37980]
  0x00000261c2eb7000 GCTaskThread "GC Thread#2" [stack: 0x000000807c900000,0x000000807ca00000] [id=22844]
  0x00000261c450c800 GCTaskThread "GC Thread#3" [stack: 0x000000807d500000,0x000000807d600000] [id=37180]
  0x00000261c3641800 GCTaskThread "GC Thread#4" [stack: 0x000000807d600000,0x000000807d700000] [id=3792]
  0x00000261c40d3800 GCTaskThread "GC Thread#5" [stack: 0x000000807d700000,0x000000807d800000] [id=35376]
  0x00000261c473d800 GCTaskThread "GC Thread#6" [stack: 0x000000807d800000,0x000000807d900000] [id=13172]
  0x00000261c326a800 GCTaskThread "GC Thread#7" [stack: 0x000000807d900000,0x000000807da00000] [id=37416]
  0x00000261a99bc000 ConcurrentGCThread "G1 Main Marker" [stack: 0x000000807b800000,0x000000807b900000] [id=13356]
  0x00000261a99bf000 ConcurrentGCThread "G1 Conc#0" [stack: 0x000000807b900000,0x000000807ba00000] [id=39548]
  0x00000261c4557800 ConcurrentGCThread "G1 Conc#1" [stack: 0x000000807dc00000,0x000000807dd00000] [id=32508]
  0x00000261a9a5f000 ConcurrentGCThread "G1 Refine#0" [stack: 0x000000807ba00000,0x000000807bb00000] [id=26352]
  0x00000261a9a60000 ConcurrentGCThread "G1 Young RemSet Sampling" [stack: 0x000000807bb00000,0x000000807bc00000] [id=37352]

Threads with active compile tasks:
C2 CompilerThread0  15083 8659       4       java.lang.reflect.Method::invoke (65 bytes)
C1 CompilerThread0  15083 8940       3       org.gradle.api.internal.artifacts.transform.DefaultTransformerInvocationFactory::createInvocation (139 bytes)
C2 CompilerThread1  15084 8814   !   4       org.gradle.api.internal.attributes.DefaultImmutableAttributesFactory::doConcatIsolatable (128 bytes)
C2 CompilerThread2  15084 8757       4       org.gradle.internal.snapshot.SnapshotUtil::getSnapshotFromChild (41 bytes)

VM state:at safepoint (normal execution)

VM Mutex/Monitor currently owned by a thread:  ([mutex/lock_event])
[0x00000261a9988fb0] Threads_lock - owner thread: 0x00000261c1662000
[0x00000261a9988aa0] Heap_lock - owner thread: 0x00000261c6c16000

Heap address: 0x00000000c0000000, size: 1024 MB, Compressed Oops mode: 32-bit
Narrow klass base: 0x0000000000000000, Narrow klass shift: 3
Compressed class space size: 1073741824 Address: 0x0000000100000000

Heap:
 garbage-first heap   total 157696K, used 93126K [0x00000000c0000000, 0x0000000100000000)
  region size 1024K, 4 young (4096K), 4 survivors (4096K)
 Metaspace       used 87867K, capacity 90102K, committed 90364K, reserved 1128448K
  class space    used 11426K, capacity 12148K, committed 12160K, reserved 1048576K
Heap Regions: E=young(eden), S=young(survivor), O=old, HS=humongous(starts), HC=humongous(continues), CS=collection set, F=free, A=archive, TAMS=top-at-mark-start (previous, next)
|   0|0x00000000c0000000, 0x00000000c0100000, 0x00000000c0100000|100%| O|  |TAMS 0x00000000c0100000, 0x00000000c0000000| Untracked 
|   1|0x00000000c0100000, 0x00000000c0200000, 0x00000000c0200000|100%| O|  |TAMS 0x00000000c0200000, 0x00000000c0100000| Untracked 
|   2|0x00000000c0200000, 0x00000000c0300000, 0x00000000c0300000|100%| O|  |TAMS 0x00000000c0300000, 0x00000000c0200000| Untracked 
|   3|0x00000000c0300000, 0x00000000c0400000, 0x00000000c0400000|100%|HS|  |TAMS 0x00000000c0400000, 0x00000000c0300000| Complete 
|   4|0x00000000c0400000, 0x00000000c0500000, 0x00000000c0500000|100%|HC|  |TAMS 0x00000000c0500000, 0x00000000c0400000| Complete 
|   5|0x00000000c0500000, 0x00000000c0600000, 0x00000000c0600000|100%|HC|  |TAMS 0x00000000c0600000, 0x00000000c0500000| Complete 
|   6|0x00000000c0600000, 0x00000000c0700000, 0x00000000c0700000|100%| O|  |TAMS 0x00000000c0700000, 0x00000000c0600000| Untracked 
|   7|0x00000000c0700000, 0x00000000c0800000, 0x00000000c0800000|100%| O|  |TAMS 0x00000000c0800000, 0x00000000c0700000| Untracked 
|   8|0x00000000c0800000, 0x00000000c0900000, 0x00000000c0900000|100%| O|  |TAMS 0x00000000c0900000, 0x00000000c0800000| Untracked 
|   9|0x00000000c0900000, 0x00000000c0a00000, 0x00000000c0a00000|100%| O|  |TAMS 0x00000000c0a00000, 0x00000000c0900000| Untracked 
|  10|0x00000000c0a00000, 0x00000000c0b00000, 0x00000000c0b00000|100%| O|  |TAMS 0x00000000c0b00000, 0x00000000c0a00000| Untracked 
|  11|0x00000000c0b00000, 0x00000000c0c00000, 0x00000000c0c00000|100%| O|  |TAMS 0x00000000c0c00000, 0x00000000c0b00000| Untracked 
|  12|0x00000000c0c00000, 0x00000000c0d00000, 0x00000000c0d00000|100%| O|  |TAMS 0x00000000c0d00000, 0x00000000c0c00000| Untracked 
|  13|0x00000000c0d00000, 0x00000000c0e00000, 0x00000000c0e00000|100%| O|  |TAMS 0x00000000c0e00000, 0x00000000c0d00000| Untracked 
|  14|0x00000000c0e00000, 0x00000000c0f00000, 0x00000000c0f00000|100%| O|  |TAMS 0x00000000c0f00000, 0x00000000c0e00000| Untracked 
|  15|0x00000000c0f00000, 0x00000000c1000000, 0x00000000c1000000|100%| O|  |TAMS 0x00000000c1000000, 0x00000000c0f00000| Untracked 
|  16|0x00000000c1000000, 0x00000000c1100000, 0x00000000c1100000|100%|HS|  |TAMS 0x00000000c1100000, 0x00000000c1000000| Complete 
|  17|0x00000000c1100000, 0x00000000c1200000, 0x00000000c1200000|100%|HC|  |TAMS 0x00000000c1200000, 0x00000000c1100000| Complete 
|  18|0x00000000c1200000, 0x00000000c1300000, 0x00000000c1300000|100%|HS|  |TAMS 0x00000000c1300000, 0x00000000c1200000| Complete 
|  19|0x00000000c1300000, 0x00000000c1400000, 0x00000000c1400000|100%|HC|  |TAMS 0x00000000c1400000, 0x00000000c1300000| Complete 
|  20|0x00000000c1400000, 0x00000000c1500000, 0x00000000c1500000|100%|HC|  |TAMS 0x00000000c1500000, 0x00000000c1400000| Complete 
|  21|0x00000000c1500000, 0x00000000c1600000, 0x00000000c1600000|100%|HS|  |TAMS 0x00000000c1600000, 0x00000000c1500000| Complete 
|  22|0x00000000c1600000, 0x00000000c1700000, 0x00000000c1700000|100%|HC|  |TAMS 0x00000000c1700000, 0x00000000c1600000| Complete 
|  23|0x00000000c1700000, 0x00000000c1800000, 0x00000000c1800000|100%|HC|  |TAMS 0x00000000c1800000, 0x00000000c1700000| Complete 
|  24|0x00000000c1800000, 0x00000000c1900000, 0x00000000c1900000|100%|HC|  |TAMS 0x00000000c1900000, 0x00000000c1800000| Complete 
|  25|0x00000000c1900000, 0x00000000c1a00000, 0x00000000c1a00000|100%| O|  |TAMS 0x00000000c1a00000, 0x00000000c1900000| Untracked 
|  26|0x00000000c1a00000, 0x00000000c1b00000, 0x00000000c1b00000|100%| O|  |TAMS 0x00000000c1b00000, 0x00000000c1a00000| Untracked 
|  27|0x00000000c1b00000, 0x00000000c1c00000, 0x00000000c1c00000|100%| O|  |TAMS 0x00000000c1c00000, 0x00000000c1b00000| Untracked 
|  28|0x00000000c1c00000, 0x00000000c1d00000, 0x00000000c1d00000|100%| O|  |TAMS 0x00000000c1d00000, 0x00000000c1c00000| Untracked 
|  29|0x00000000c1d00000, 0x00000000c1e00000, 0x00000000c1e00000|100%| O|  |TAMS 0x00000000c1e00000, 0x00000000c1d00000| Untracked 
|  30|0x00000000c1e00000, 0x00000000c1f00000, 0x00000000c1f00000|100%| O|  |TAMS 0x00000000c1f00000, 0x00000000c1e00000| Untracked 
|  31|0x00000000c1f00000, 0x00000000c2000000, 0x00000000c2000000|100%| O|  |TAMS 0x00000000c2000000, 0x00000000c1f00000| Untracked 
|  32|0x00000000c2000000, 0x00000000c2100000, 0x00000000c2100000|100%|HS|  |TAMS 0x00000000c2100000, 0x00000000c2000000| Complete 
|  33|0x00000000c2100000, 0x00000000c2200000, 0x00000000c2200000|100%|HC|  |TAMS 0x00000000c2200000, 0x00000000c2100000| Complete 
|  34|0x00000000c2200000, 0x00000000c2300000, 0x00000000c2300000|100%|HC|  |TAMS 0x00000000c2300000, 0x00000000c2200000| Complete 
|  35|0x00000000c2300000, 0x00000000c2400000, 0x00000000c2400000|100%|HC|  |TAMS 0x00000000c2400000, 0x00000000c2300000| Complete 
|  36|0x00000000c2400000, 0x00000000c2500000, 0x00000000c2500000|100%|HS|  |TAMS 0x00000000c2500000, 0x00000000c2400000| Complete 
|  37|0x00000000c2500000, 0x00000000c2600000, 0x00000000c2600000|100%|HC|  |TAMS 0x00000000c2600000, 0x00000000c2500000| Complete 
|  38|0x00000000c2600000, 0x00000000c2700000, 0x00000000c2700000|100%|HC|  |TAMS 0x00000000c2700000, 0x00000000c2600000| Complete 
|  39|0x00000000c2700000, 0x00000000c2800000, 0x00000000c2800000|100%| O|  |TAMS 0x00000000c2800000, 0x00000000c2700000| Untracked 
|  40|0x00000000c2800000, 0x00000000c2900000, 0x00000000c2900000|100%| O|  |TAMS 0x00000000c2900000, 0x00000000c2800000| Untracked 
|  41|0x00000000c2900000, 0x00000000c2a00000, 0x00000000c2a00000|100%| O|  |TAMS 0x00000000c2a00000, 0x00000000c2900000| Untracked 
|  42|0x00000000c2a00000, 0x00000000c2b00000, 0x00000000c2b00000|100%| O|  |TAMS 0x00000000c2b00000, 0x00000000c2a00000| Untracked 
|  43|0x00000000c2b00000, 0x00000000c2c00000, 0x00000000c2c00000|100%| O|  |TAMS 0x00000000c2c00000, 0x00000000c2b00000| Untracked 
|  44|0x00000000c2c00000, 0x00000000c2d00000, 0x00000000c2d00000|100%| O|  |TAMS 0x00000000c2d00000, 0x00000000c2c00000| Untracked 
|  45|0x00000000c2d00000, 0x00000000c2e00000, 0x00000000c2e00000|100%| O|  |TAMS 0x00000000c2e00000, 0x00000000c2d00000| Untracked 
|  46|0x00000000c2e00000, 0x00000000c2f00000, 0x00000000c2f00000|100%| O|  |TAMS 0x00000000c2f00000, 0x00000000c2e00000| Untracked 
|  47|0x00000000c2f00000, 0x00000000c3000000, 0x00000000c3000000|100%|HS|  |TAMS 0x00000000c3000000, 0x00000000c2f00000| Complete 
|  48|0x00000000c3000000, 0x00000000c3100000, 0x00000000c3100000|100%|HS|  |TAMS 0x00000000c3100000, 0x00000000c3000000| Complete 
|  49|0x00000000c3100000, 0x00000000c3200000, 0x00000000c3200000|100%|HS|  |TAMS 0x00000000c3200000, 0x00000000c3100000| Complete 
|  50|0x00000000c3200000, 0x00000000c3300000, 0x00000000c3300000|100%|HC|  |TAMS 0x00000000c3300000, 0x00000000c3200000| Complete 
|  51|0x00000000c3300000, 0x00000000c3400000, 0x00000000c3400000|100%|HC|  |TAMS 0x00000000c3400000, 0x00000000c3300000| Complete 
|  52|0x00000000c3400000, 0x00000000c3500000, 0x00000000c3500000|100%|HS|  |TAMS 0x00000000c3500000, 0x00000000c3400000| Complete 
|  53|0x00000000c3500000, 0x00000000c3600000, 0x00000000c3600000|100%|HC|  |TAMS 0x00000000c3600000, 0x00000000c3500000| Complete 
|  54|0x00000000c3600000, 0x00000000c3700000, 0x00000000c3700000|100%| O|  |TAMS 0x00000000c3700000, 0x00000000c3600000| Untracked 
|  55|0x00000000c3700000, 0x00000000c3800000, 0x00000000c3800000|100%| O|  |TAMS 0x00000000c3800000, 0x00000000c3700000| Untracked 
|  56|0x00000000c3800000, 0x00000000c3900000, 0x00000000c3900000|100%| O|  |TAMS 0x00000000c3900000, 0x00000000c3800000| Untracked 
|  57|0x00000000c3900000, 0x00000000c3a00000, 0x00000000c3a00000|100%| O|  |TAMS 0x00000000c3a00000, 0x00000000c3900000| Untracked 
|  58|0x00000000c3a00000, 0x00000000c3b00000, 0x00000000c3b00000|100%| O|  |TAMS 0x00000000c3b00000, 0x00000000c3a00000| Untracked 
|  59|0x00000000c3b00000, 0x00000000c3c00000, 0x00000000c3c00000|100%| O|  |TAMS 0x00000000c3c00000, 0x00000000c3b00000| Untracked 
|  60|0x00000000c3c00000, 0x00000000c3d00000, 0x00000000c3d00000|100%| O|  |TAMS 0x00000000c3d00000, 0x00000000c3c00000| Untracked 
|  61|0x00000000c3d00000, 0x00000000c3e00000, 0x00000000c3e00000|100%| O|  |TAMS 0x00000000c3e00000, 0x00000000c3d00000| Untracked 
|  62|0x00000000c3e00000, 0x00000000c3f00000, 0x00000000c3f00000|100%| O|  |TAMS 0x00000000c3f00000, 0x00000000c3e00000| Untracked 
|  63|0x00000000c3f00000, 0x00000000c4000000, 0x00000000c4000000|100%| O|  |TAMS 0x00000000c4000000, 0x00000000c3f00000| Untracked 
|  64|0x00000000c4000000, 0x00000000c4100000, 0x00000000c4100000|100%| O|  |TAMS 0x00000000c4100000, 0x00000000c4000000| Untracked 
|  65|0x00000000c4100000, 0x00000000c4200000, 0x00000000c4200000|100%| O|  |TAMS 0x00000000c4200000, 0x00000000c4100000| Untracked 
|  66|0x00000000c4200000, 0x00000000c4300000, 0x00000000c4300000|100%| O|  |TAMS 0x00000000c4300000, 0x00000000c4200000| Untracked 
|  67|0x00000000c4300000, 0x00000000c4400000, 0x00000000c4400000|100%| O|  |TAMS 0x00000000c4400000, 0x00000000c4300000| Untracked 
|  68|0x00000000c4400000, 0x00000000c4500000, 0x00000000c4500000|100%| O|  |TAMS 0x00000000c4500000, 0x00000000c4400000| Untracked 
|  69|0x00000000c4500000, 0x00000000c4600000, 0x00000000c4600000|100%| O|  |TAMS 0x00000000c4600000, 0x00000000c4500000| Untracked 
|  70|0x00000000c4600000, 0x00000000c4700000, 0x00000000c4700000|100%| O|  |TAMS 0x00000000c4700000, 0x00000000c4600000| Untracked 
|  71|0x00000000c4700000, 0x00000000c4800000, 0x00000000c4800000|100%| O|  |TAMS 0x00000000c4800000, 0x00000000c4700000| Untracked 
|  72|0x00000000c4800000, 0x00000000c4900000, 0x00000000c4900000|100%| O|  |TAMS 0x00000000c4900000, 0x00000000c4800000| Untracked 
|  73|0x00000000c4900000, 0x00000000c4a00000, 0x00000000c4a00000|100%| O|  |TAMS 0x00000000c4a00000, 0x00000000c4900000| Untracked 
|  74|0x00000000c4a00000, 0x00000000c4b00000, 0x00000000c4b00000|100%| O|  |TAMS 0x00000000c4b00000, 0x00000000c4a00000| Untracked 
|  75|0x00000000c4b00000, 0x00000000c4c00000, 0x00000000c4c00000|100%| O|  |TAMS 0x00000000c4c00000, 0x00000000c4b00000| Untracked 
|  76|0x00000000c4c00000, 0x00000000c4d00000, 0x00000000c4d00000|100%| O|  |TAMS 0x00000000c4d00000, 0x00000000c4c00000| Untracked 
|  77|0x00000000c4d00000, 0x00000000c4e00000, 0x00000000c4e00000|100%| O|  |TAMS 0x00000000c4e00000, 0x00000000c4d00000| Untracked 
|  78|0x00000000c4e00000, 0x00000000c4f00000, 0x00000000c4f00000|100%| O|  |TAMS 0x00000000c4f00000, 0x00000000c4e00000| Untracked 
|  79|0x00000000c4f00000, 0x00000000c5000000, 0x00000000c5000000|100%| O|  |TAMS 0x00000000c5000000, 0x00000000c4f00000| Untracked 
|  80|0x00000000c5000000, 0x00000000c5100000, 0x00000000c5100000|100%| O|  |TAMS 0x00000000c5100000, 0x00000000c5000000| Untracked 
|  81|0x00000000c5100000, 0x00000000c5200000, 0x00000000c5200000|100%| O|  |TAMS 0x00000000c5200000, 0x00000000c5100000| Untracked 
|  82|0x00000000c5200000, 0x00000000c5300000, 0x00000000c5300000|100%| O|  |TAMS 0x00000000c5300000, 0x00000000c5200000| Untracked 
|  83|0x00000000c5300000, 0x00000000c5400000, 0x00000000c5400000|100%| O|  |TAMS 0x00000000c5400000, 0x00000000c5300000| Untracked 
|  84|0x00000000c5400000, 0x00000000c5500000, 0x00000000c5500000|100%| O|  |TAMS 0x00000000c5500000, 0x00000000c5400000| Untracked 
|  85|0x00000000c5500000, 0x00000000c5600000, 0x00000000c5600000|100%| O|  |TAMS 0x00000000c55f2200, 0x00000000c5500000| Untracked 
|  86|0x00000000c5600000, 0x00000000c56f1800, 0x00000000c5700000| 94%| O|  |TAMS 0x00000000c5600000, 0x00000000c5600000| Untracked 
|  87|0x00000000c5700000, 0x00000000c5700000, 0x00000000c5800000|  0%| F|  |TAMS 0x00000000c5700000, 0x00000000c5700000| Untracked 
|  88|0x00000000c5800000, 0x00000000c5800000, 0x00000000c5900000|  0%| F|  |TAMS 0x00000000c5800000, 0x00000000c5800000| Untracked 
|  89|0x00000000c5900000, 0x00000000c5900000, 0x00000000c5a00000|  0%| F|  |TAMS 0x00000000c5900000, 0x00000000c5900000| Untracked 
|  90|0x00000000c5a00000, 0x00000000c5a00000, 0x00000000c5b00000|  0%| F|  |TAMS 0x00000000c5a00000, 0x00000000c5a00000| Untracked 
|  91|0x00000000c5b00000, 0x00000000c5b00000, 0x00000000c5c00000|  0%| F|  |TAMS 0x00000000c5b00000, 0x00000000c5b00000| Untracked 
|  92|0x00000000c5c00000, 0x00000000c5c00000, 0x00000000c5d00000|  0%| F|  |TAMS 0x00000000c5c00000, 0x00000000c5c00000| Untracked 
|  93|0x00000000c5d00000, 0x00000000c5d00000, 0x00000000c5e00000|  0%| F|  |TAMS 0x00000000c5d00000, 0x00000000c5d00000| Untracked 
|  94|0x00000000c5e00000, 0x00000000c5e00000, 0x00000000c5f00000|  0%| F|  |TAMS 0x00000000c5e00000, 0x00000000c5e00000| Untracked 
|  95|0x00000000c5f00000, 0x00000000c5f00000, 0x00000000c6000000|  0%| F|  |TAMS 0x00000000c5f00000, 0x00000000c5f00000| Untracked 
|  96|0x00000000c6000000, 0x00000000c6000000, 0x00000000c6100000|  0%| F|  |TAMS 0x00000000c6000000, 0x00000000c6000000| Untracked 
|  97|0x00000000c6100000, 0x00000000c6100000, 0x00000000c6200000|  0%| F|  |TAMS 0x00000000c6100000, 0x00000000c6100000| Untracked 
|  98|0x00000000c6200000, 0x00000000c6200000, 0x00000000c6300000|  0%| F|  |TAMS 0x00000000c6200000, 0x00000000c6200000| Untracked 
|  99|0x00000000c6300000, 0x00000000c6400000, 0x00000000c6400000|100%| S|CS|TAMS 0x00000000c6300000, 0x00000000c6300000| Complete 
| 100|0x00000000c6400000, 0x00000000c6500000, 0x00000000c6500000|100%| S|CS|TAMS 0x00000000c6400000, 0x00000000c6400000| Complete 
| 101|0x00000000c6500000, 0x00000000c6600000, 0x00000000c6600000|100%| S|CS|TAMS 0x00000000c6500000, 0x00000000c6500000| Complete 
| 102|0x00000000c6600000, 0x00000000c6600000, 0x00000000c6700000|  0%| F|  |TAMS 0x00000000c6600000, 0x00000000c6600000| Untracked 
| 103|0x00000000c6700000, 0x00000000c6800000, 0x00000000c6800000|100%| S|CS|TAMS 0x00000000c6700000, 0x00000000c6700000| Complete 
| 104|0x00000000c6800000, 0x00000000c6800000, 0x00000000c6900000|  0%| F|  |TAMS 0x00000000c6800000, 0x00000000c6800000| Untracked 
| 105|0x00000000c6900000, 0x00000000c6900000, 0x00000000c6a00000|  0%| F|  |TAMS 0x00000000c6900000, 0x00000000c6900000| Untracked 
| 106|0x00000000c6a00000, 0x00000000c6a00000, 0x00000000c6b00000|  0%| F|  |TAMS 0x00000000c6a00000, 0x00000000c6a00000| Untracked 
| 107|0x00000000c6b00000, 0x00000000c6b00000, 0x00000000c6c00000|  0%| F|  |TAMS 0x00000000c6b00000, 0x00000000c6b00000| Untracked 
| 108|0x00000000c6c00000, 0x00000000c6c00000, 0x00000000c6d00000|  0%| F|  |TAMS 0x00000000c6c00000, 0x00000000c6c00000| Untracked 
| 109|0x00000000c6d00000, 0x00000000c6d00000, 0x00000000c6e00000|  0%| F|  |TAMS 0x00000000c6d00000, 0x00000000c6d00000| Untracked 
| 110|0x00000000c6e00000, 0x00000000c6e00000, 0x00000000c6f00000|  0%| F|  |TAMS 0x00000000c6e00000, 0x00000000c6e00000| Untracked 
| 111|0x00000000c6f00000, 0x00000000c6f00000, 0x00000000c7000000|  0%| F|  |TAMS 0x00000000c6f00000, 0x00000000c6f00000| Untracked 
| 112|0x00000000c7000000, 0x00000000c7000000, 0x00000000c7100000|  0%| F|  |TAMS 0x00000000c7000000, 0x00000000c7000000| Untracked 
| 113|0x00000000c7100000, 0x00000000c7100000, 0x00000000c7200000|  0%| F|  |TAMS 0x00000000c7100000, 0x00000000c7100000| Untracked 
| 114|0x00000000c7200000, 0x00000000c7200000, 0x00000000c7300000|  0%| F|  |TAMS 0x00000000c7200000, 0x00000000c7200000| Untracked 
| 115|0x00000000c7300000, 0x00000000c7300000, 0x00000000c7400000|  0%| F|  |TAMS 0x00000000c7300000, 0x00000000c7300000| Untracked 
| 116|0x00000000c7400000, 0x00000000c7400000, 0x00000000c7500000|  0%| F|  |TAMS 0x00000000c7400000, 0x00000000c7400000| Untracked 
| 117|0x00000000c7500000, 0x00000000c7500000, 0x00000000c7600000|  0%| F|  |TAMS 0x00000000c7500000, 0x00000000c7500000| Untracked 
| 118|0x00000000c7600000, 0x00000000c7600000, 0x00000000c7700000|  0%| F|  |TAMS 0x00000000c7600000, 0x00000000c7600000| Untracked 
| 119|0x00000000c7700000, 0x00000000c7700000, 0x00000000c7800000|  0%| F|  |TAMS 0x00000000c7700000, 0x00000000c7700000| Untracked 
| 120|0x00000000c7800000, 0x00000000c7800000, 0x00000000c7900000|  0%| F|  |TAMS 0x00000000c7800000, 0x00000000c7800000| Untracked 
| 121|0x00000000c7900000, 0x00000000c7900000, 0x00000000c7a00000|  0%| F|  |TAMS 0x00000000c7900000, 0x00000000c7900000| Untracked 
| 122|0x00000000c7a00000, 0x00000000c7a00000, 0x00000000c7b00000|  0%| F|  |TAMS 0x00000000c7a00000, 0x00000000c7a00000| Untracked 
| 123|0x00000000c7b00000, 0x00000000c7b00000, 0x00000000c7c00000|  0%| F|  |TAMS 0x00000000c7b00000, 0x00000000c7b00000| Untracked 
| 124|0x00000000c7c00000, 0x00000000c7c00000, 0x00000000c7d00000|  0%| F|  |TAMS 0x00000000c7c00000, 0x00000000c7c00000| Untracked 
| 125|0x00000000c7d00000, 0x00000000c7d00000, 0x00000000c7e00000|  0%| F|  |TAMS 0x00000000c7d00000, 0x00000000c7d00000| Untracked 
| 126|0x00000000c7e00000, 0x00000000c7e00000, 0x00000000c7f00000|  0%| F|  |TAMS 0x00000000c7e00000, 0x00000000c7e00000| Untracked 
| 127|0x00000000c7f00000, 0x00000000c7f00000, 0x00000000c8000000|  0%| F|  |TAMS 0x00000000c7f00000, 0x00000000c7f00000| Untracked 

Card table byte_map: [0x00000261bc840000,0x00000261bca40000] _byte_map_base: 0x00000261bc240000

Marking Bits (Prev, Next): (CMBitMap*) 0x00000261a99b7188, (CMBitMap*) 0x00000261a99b71c0
 Prev Bits: [0x00000261bcc40000, 0x00000261bdc40000)
 Next Bits: [0x00000261bdc40000, 0x00000261bec40000)

Polling page: 0x00000261a7980000

Metaspace:

Usage:
  Non-class:     76.13 MB capacity,    74.65 MB ( 98%) used,     1.27 MB (  2%) free+waste,   213.31 KB ( <1%) overhead. 
      Class:     11.86 MB capacity,    11.16 MB ( 94%) used,   623.03 KB (  5%) free+waste,    98.56 KB ( <1%) overhead. 
       Both:     87.99 MB capacity,    85.81 MB ( 98%) used,     1.88 MB (  2%) free+waste,   311.88 KB ( <1%) overhead. 

Virtual space:
  Non-class space:       78.00 MB reserved,      76.37 MB ( 98%) committed 
      Class space:        1.00 GB reserved,      11.88 MB (  1%) committed 
             Both:        1.08 GB reserved,      88.25 MB (  8%) committed 

Chunk freelists:
   Non-Class:  58.00 KB
       Class:  12.00 KB
        Both:  70.00 KB

MaxMetaspaceSize: 17179869184.00 GB
CompressedClassSpaceSize: 1.00 GB

CodeHeap 'non-profiled nmethods': size=120000Kb used=5354Kb max_used=5354Kb free=114645Kb
 bounds [0x00000261b4de0000, 0x00000261b5320000, 0x00000261bc310000]
CodeHeap 'profiled nmethods': size=120000Kb used=18942Kb max_used=18942Kb free=101057Kb
 bounds [0x00000261ad8b0000, 0x00000261aeb40000, 0x00000261b4de0000]
CodeHeap 'non-nmethods': size=5760Kb used=2266Kb max_used=2314Kb free=3493Kb
 bounds [0x00000261ad310000, 0x00000261ad580000, 0x00000261ad8b0000]
 total_blobs=9531 nmethods=8664 adapters=778
 compilation: enabled
              stopped_count=0, restarted_count=0
 full_count=0

Compilation events (20 events):
Event: 14.995 Thread 0x00000261c1690000 nmethod 8928 0x00000261b531a890 code [0x00000261b531aa40, 0x00000261b531aaf8]
Event: 14.995 Thread 0x00000261c1690000 8929       3       java.util.ArrayList::listIterator (10 bytes)
Event: 14.996 Thread 0x00000261c1690000 nmethod 8929 0x00000261aeb2e390 code [0x00000261aeb2e560, 0x00000261aeb2e898]
Event: 14.996 Thread 0x00000261c1690000 8930       3       org.gradle.internal.operations.DefaultBuildOperationQueue$WorkerRunnable::run (22 bytes)
Event: 14.996 Thread 0x00000261c1690000 nmethod 8930 0x00000261aeb2ea10 code [0x00000261aeb2ec00, 0x00000261aeb2ee48]
Event: 14.996 Thread 0x00000261c1690000 8932       3       java.util.ArrayList::fastRemove (44 bytes)
Event: 14.997 Thread 0x00000261c1690000 nmethod 8932 0x00000261aeb2ef90 code [0x00000261aeb2f160, 0x00000261aeb2f548]
Event: 14.997 Thread 0x00000261c1690000 8934       3       org.gradle.internal.fingerprint.impl.AbstractFileCollectionFingerprinter::empty (10 bytes)
Event: 14.997 Thread 0x00000261c1690000 nmethod 8934 0x00000261aeb2f690 code [0x00000261aeb2f840, 0x00000261aeb2fa18]
Event: 14.997 Thread 0x00000261c1690000 8938       3       org.gradle.api.internal.artifacts.transform.TransformationStep$$Lambda$632/0x00000001009c4040::apply (20 bytes)
Event: 14.997 Thread 0x00000261c1690000 nmethod 8938 0x00000261aeb2fb10 code [0x00000261aeb2fce0, 0x00000261aeb2ff28]
Event: 14.997 Thread 0x00000261c1690000 8935       3       org.gradle.api.internal.artifacts.transform.DefaultTransformerInvocationFactory::getImmutableTransformationIdentity (27 bytes)
Event: 14.998 Thread 0x00000261c1690000 nmethod 8935 0x00000261aeb30010 code [0x00000261aeb30220, 0x00000261aeb30808]
Event: 14.998 Thread 0x00000261c1690000 8936       3       org.gradle.api.internal.artifacts.transform.CacheableInvocation::map (10 bytes)
Event: 14.998 Thread 0x00000261c1690000 nmethod 8936 0x00000261aeb30a10 code [0x00000261aeb30be0, 0x00000261aeb30eb8]
Event: 14.998 Thread 0x00000261c1690000 8937       3       org.gradle.api.internal.artifacts.transform.TransformationStep$$Lambda$636/0x00000001009e9440::apply (12 bytes)
Event: 14.998 Thread 0x00000261c1690000 nmethod 8937 0x00000261aeb31010 code [0x00000261aeb31200, 0x00000261aeb316f8]
Event: 14.998 Thread 0x00000261c1690000 8939       3       org.gradle.internal.fingerprint.impl.AbstractFileCollectionFingerprinter::normalizePath (11 bytes)
Event: 14.998 Thread 0x00000261c1690000 nmethod 8939 0x00000261aeb31890 code [0x00000261aeb31a40, 0x00000261aeb31c08]
Event: 14.998 Thread 0x00000261c1690000 8940       3       org.gradle.api.internal.artifacts.transform.DefaultTransformerInvocationFactory::createInvocation (139 bytes)

GC Heap History (20 events):
Event: 11.504 GC heap after
{Heap after GC invocations=22 (full 0):
 garbage-first heap   total 131072K, used 77063K [0x00000000c0000000, 0x0000000100000000)
  region size 1024K, 2 young (2048K), 2 survivors (2048K)
 Metaspace       used 67445K, capacity 69125K, committed 69372K, reserved 1110016K
  class space    used 8745K, capacity 9323K, committed 9344K, reserved 1048576K
}
Event: 11.945 GC heap before
{Heap before GC invocations=22 (full 0):
 garbage-first heap   total 131072K, used 104711K [0x00000000c0000000, 0x0000000100000000)
  region size 1024K, 29 young (29696K), 2 survivors (2048K)
 Metaspace       used 71170K, capacity 72940K, committed 73212K, reserved 1112064K
  class space    used 9211K, capacity 9779K, committed 9856K, reserved 1048576K
}
Event: 11.950 GC heap after
{Heap after GC invocations=23 (full 0):
 garbage-first heap   total 131072K, used 78906K [0x00000000c0000000, 0x0000000100000000)
  region size 1024K, 4 young (4096K), 4 survivors (4096K)
 Metaspace       used 71170K, capacity 72940K, committed 73212K, reserved 1112064K
  class space    used 9211K, capacity 9779K, committed 9856K, reserved 1048576K
}
Event: 12.424 GC heap before
{Heap before GC invocations=24 (full 0):
 garbage-first heap   total 131072K, used 105530K [0x00000000c0000000, 0x0000000100000000)
  region size 1024K, 31 young (31744K), 4 survivors (4096K)
 Metaspace       used 74245K, capacity 76056K, committed 76156K, reserved 1116160K
  class space    used 9573K, capacity 10154K, committed 10240K, reserved 1048576K
}
Event: 12.433 GC heap after
{Heap after GC invocations=25 (full 0):
 garbage-first heap   total 131072K, used 80087K [0x00000000c0000000, 0x0000000100000000)
  region size 1024K, 4 young (4096K), 4 survivors (4096K)
 Metaspace       used 74245K, capacity 76056K, committed 76156K, reserved 1116160K
  class space    used 9573K, capacity 10154K, committed 10240K, reserved 1048576K
}
Event: 12.743 GC heap before
{Heap before GC invocations=25 (full 0):
 garbage-first heap   total 131072K, used 107735K [0x00000000c0000000, 0x0000000100000000)
  region size 1024K, 31 young (31744K), 4 survivors (4096K)
 Metaspace       used 75931K, capacity 77756K, committed 77820K, reserved 1116160K
  class space    used 9763K, capacity 10355K, committed 10368K, reserved 1048576K
}
Event: 12.749 GC heap after
{Heap after GC invocations=26 (full 0):
 garbage-first heap   total 131072K, used 82343K [0x00000000c0000000, 0x0000000100000000)
  region size 1024K, 4 young (4096K), 4 survivors (4096K)
 Metaspace       used 75931K, capacity 77756K, committed 77820K, reserved 1116160K
  class space    used 9763K, capacity 10355K, committed 10368K, reserved 1048576K
}
Event: 13.039 GC heap before
{Heap before GC invocations=27 (full 0):
 garbage-first heap   total 131072K, used 108967K [0x00000000c0000000, 0x0000000100000000)
  region size 1024K, 30 young (30720K), 4 survivors (4096K)
 Metaspace       used 77332K, capacity 79165K, committed 79356K, reserved 1118208K
  class space    used 9983K, capacity 10622K, committed 10624K, reserved 1048576K
}
Event: 13.046 GC heap after
{Heap after GC invocations=28 (full 0):
 garbage-first heap   total 131072K, used 84107K [0x00000000c0000000, 0x0000000100000000)
  region size 1024K, 2 young (2048K), 2 survivors (2048K)
 Metaspace       used 77332K, capacity 79165K, committed 79356K, reserved 1118208K
  class space    used 9983K, capacity 10622K, committed 10624K, reserved 1048576K
}
Event: 13.434 GC heap before
{Heap before GC invocations=28 (full 0):
 garbage-first heap   total 131072K, used 109707K [0x00000000c0000000, 0x0000000100000000)
  region size 1024K, 27 young (27648K), 2 survivors (2048K)
 Metaspace       used 78922K, capacity 80946K, committed 81148K, reserved 1120256K
  class space    used 10190K, capacity 10844K, committed 10880K, reserved 1048576K
}
Event: 13.443 GC heap after
{Heap after GC invocations=29 (full 0):
 garbage-first heap   total 131072K, used 86743K [0x00000000c0000000, 0x0000000100000000)
  region size 1024K, 4 young (4096K), 4 survivors (4096K)
 Metaspace       used 78922K, capacity 80946K, committed 81148K, reserved 1120256K
  class space    used 10190K, capacity 10844K, committed 10880K, reserved 1048576K
}
Event: 13.751 GC heap before
{Heap before GC invocations=30 (full 0):
 garbage-first heap   total 131072K, used 110295K [0x00000000c0000000, 0x0000000100000000)
  region size 1024K, 28 young (28672K), 4 survivors (4096K)
 Metaspace       used 80113K, capacity 82244K, committed 82428K, reserved 1120256K
  class space    used 10391K, capacity 11123K, committed 11136K, reserved 1048576K
}
Event: 13.759 GC heap after
{Heap after GC invocations=31 (full 0):
 garbage-first heap   total 131072K, used 88322K [0x00000000c0000000, 0x0000000100000000)
  region size 1024K, 2 young (2048K), 2 survivors (2048K)
 Metaspace       used 80113K, capacity 82244K, committed 82428K, reserved 1120256K
  class space    used 10391K, capacity 11123K, committed 11136K, reserved 1048576K
}
Event: 14.011 GC heap before
{Heap before GC invocations=31 (full 0):
 garbage-first heap   total 131072K, used 110850K [0x00000000c0000000, 0x0000000100000000)
  region size 1024K, 24 young (24576K), 2 survivors (2048K)
 Metaspace       used 82279K, capacity 84391K, committed 84604K, reserved 1122304K
  class space    used 10736K, capacity 11490K, committed 11520K, reserved 1048576K
}
Event: 14.016 GC heap after
{Heap after GC invocations=32 (full 0):
 garbage-first heap   total 131072K, used 88823K [0x00000000c0000000, 0x0000000100000000)
  region size 1024K, 3 young (3072K), 3 survivors (3072K)
 Metaspace       used 82279K, capacity 84391K, committed 84604K, reserved 1122304K
  class space    used 10736K, capacity 11490K, committed 11520K, reserved 1048576K
}
Event: 14.281 GC heap before
{Heap before GC invocations=33 (full 0):
 garbage-first heap   total 131072K, used 111351K [0x00000000c0000000, 0x0000000100000000)
  region size 1024K, 25 young (25600K), 3 survivors (3072K)
 Metaspace       used 84514K, capacity 86651K, committed 86908K, reserved 1124352K
  class space    used 11031K, capacity 11750K, committed 11776K, reserved 1048576K
}
Event: 14.286 GC heap after
{Heap after GC invocations=34 (full 0):
 garbage-first heap   total 131072K, used 89411K [0x00000000c0000000, 0x0000000100000000)
  region size 1024K, 3 young (3072K), 3 survivors (3072K)
 Metaspace       used 84514K, capacity 86651K, committed 86908K, reserved 1124352K
  class space    used 11031K, capacity 11750K, committed 11776K, reserved 1048576K
}
Event: 14.593 GC heap before
{Heap before GC invocations=34 (full 0):
 garbage-first heap   total 131072K, used 111939K [0x00000000c0000000, 0x0000000100000000)
  region size 1024K, 25 young (25600K), 3 survivors (3072K)
 Metaspace       used 86528K, capacity 88635K, committed 88700K, reserved 1126400K
  class space    used 11284K, capacity 12006K, committed 12032K, reserved 1048576K
}
Event: 14.604 GC heap after
{Heap after GC invocations=35 (full 0):
 garbage-first heap   total 131072K, used 90628K [0x00000000c0000000, 0x0000000100000000)
  region size 1024K, 3 young (3072K), 3 survivors (3072K)
 Metaspace       used 86528K, capacity 88635K, committed 88700K, reserved 1126400K
  class space    used 11284K, capacity 12006K, committed 12032K, reserved 1048576K
}
Event: 15.000 GC heap before
{Heap before GC invocations=36 (full 0):
 garbage-first heap   total 131072K, used 113156K [0x00000000c0000000, 0x0000000100000000)
  region size 1024K, 25 young (25600K), 3 survivors (3072K)
 Metaspace       used 87867K, capacity 90102K, committed 90364K, reserved 1128448K
  class space    used 11426K, capacity 12148K, committed 12160K, reserved 1048576K
}

Deoptimization events (20 events):
Event: 14.122 Thread 0x00000261c3a1b000 Uncommon trap: trap_request=0xffffff4d fr.pc=0x00000261b5067544 relative=0x00000000000000a4
Event: 14.122 Thread 0x00000261c3a1b000 Uncommon trap: reason=unstable_if action=reinterpret pc=0x00000261b5067544 method=java.lang.CharacterDataLatin1.digit(II)I @ 12 c2
Event: 14.122 Thread 0x00000261c3a1b000 DEOPT PACKING pc=0x00000261b5067544 sp=0x000000807d1f73d0
Event: 14.122 Thread 0x00000261c3a1b000 DEOPT UNPACKING pc=0x00000261ad3374af sp=0x000000807d1f7348 mode 2
Event: 14.509 Thread 0x00000261c3a1b000 Uncommon trap: trap_request=0xffffff4d fr.pc=0x00000261b52e66a4 relative=0x00000000000001e4
Event: 14.509 Thread 0x00000261c3a1b000 Uncommon trap: reason=unstable_if action=reinterpret pc=0x00000261b52e66a4 method=kotlin.reflect.jvm.internal.impl.protobuf.CodedInputStream.readRawVarint32()I @ 10 c2
Event: 14.509 Thread 0x00000261c3a1b000 DEOPT PACKING pc=0x00000261b52e66a4 sp=0x000000807d1f64e0
Event: 14.509 Thread 0x00000261c3a1b000 DEOPT UNPACKING pc=0x00000261ad3374af sp=0x000000807d1f6460 mode 2
Event: 14.521 Thread 0x00000261c3a1b000 Uncommon trap: trap_request=0xffffff4d fr.pc=0x00000261b5158f4c relative=0x000000000000060c
Event: 14.521 Thread 0x00000261c3a1b000 Uncommon trap: reason=unstable_if action=reinterpret pc=0x00000261b5158f4c method=java.lang.String.indexOf([BBILjava/lang/String;I)I @ 54 c2
Event: 14.521 Thread 0x00000261c3a1b000 DEOPT PACKING pc=0x00000261b5158f4c sp=0x000000807d1f71b0
Event: 14.521 Thread 0x00000261c3a1b000 DEOPT UNPACKING pc=0x00000261ad3374af sp=0x000000807d1f7118 mode 2
Event: 14.993 Thread 0x00000261c3a1b000 Uncommon trap: trap_request=0xffffffc6 fr.pc=0x00000261b5226074 relative=0x0000000000000314
Event: 14.993 Thread 0x00000261c3a1b000 Uncommon trap: reason=bimorphic_or_optimized_type_check action=maybe_recompile pc=0x00000261b5226074 method=com.google.common.collect.ImmutableList.copyOf(Ljava/util/Collection;)Lcom/google/common/collect/ImmutableList; @ 11 c2
Event: 14.993 Thread 0x00000261c3a1b000 DEOPT PACKING pc=0x00000261b5226074 sp=0x000000807d1f7a70
Event: 14.993 Thread 0x00000261c3a1b000 DEOPT UNPACKING pc=0x00000261ad3374af sp=0x000000807d1f7a38 mode 2
Event: 14.998 Thread 0x00000261c6c0d800 Uncommon trap: trap_request=0xffffff4d fr.pc=0x00000261b529dd14 relative=0x0000000000000714
Event: 14.998 Thread 0x00000261c6c0d800 Uncommon trap: reason=unstable_if action=reinterpret pc=0x00000261b529dd14 method=sun.security.provider.DigestBase.engineUpdate([BII)V @ 1 c2
Event: 14.998 Thread 0x00000261c6c0d800 DEOPT PACKING pc=0x00000261b529dd14 sp=0x000000807fcfd920
Event: 14.998 Thread 0x00000261c6c0d800 DEOPT UNPACKING pc=0x00000261ad3374af sp=0x000000807fcfd8f8 mode 2

Classes redefined (0 events):
No events

Internal exceptions (20 events):
Event: 12.886 Thread 0x00000261c3a1b000 Exception <a 'java/lang/ClassNotFoundException'{0x00000000c7472998}: org/gradle/api/tasks/testing/AbstractTestTaskBeanInfo> (0x00000000c7472998) thrown at [./src/hotspot/share/classfile/systemDictionary.cpp, line 231]
Event: 12.887 Thread 0x00000261c3a1b000 Exception <a 'java/lang/ClassNotFoundException'{0x00000000c748d660}: org/gradle/api/tasks/testing/AbstractTestTaskCustomizer> (0x00000000c748d660) thrown at [./src/hotspot/share/classfile/systemDictionary.cpp, line 231]
Event: 12.888 Thread 0x00000261c3a1b000 Exception <a 'java/lang/ClassNotFoundException'{0x00000000c74c3760}: org/gradle/api/tasks/testing/TestCustomizer> (0x00000000c74c3760) thrown at [./src/hotspot/share/classfile/systemDictionary.cpp, line 231]
Event: 12.893 Thread 0x00000261c3a1b000 Exception <a 'java/lang/ClassNotFoundException'{0x00000000c7371020}: com/android/build/gradle/tasks/factory/AndroidUnitTestCustomizer> (0x00000000c7371020) thrown at [./src/hotspot/share/classfile/systemDictionary.cpp, line 231]
Event: 12.894 Thread 0x00000261c3a1b000 Exception <a 'java/lang/ClassNotFoundException'{0x00000000c73a2e20}: com/android/build/gradle/tasks/factory/AndroidUnitTest_DecoratedCustomizer> (0x00000000c73a2e20) thrown at [./src/hotspot/share/classfile/systemDictionary.cpp, line 231]
Event: 13.023 Thread 0x00000261c3a1b000 Exception <a 'java/lang/ClassNotFoundException'{0x00000000c677ab50}: org/gradle/api/internal/tasks/DefaultSourceSetContainer_DecoratedBeanInfo> (0x00000000c677ab50) thrown at [./src/hotspot/share/classfile/systemDictionary.cpp, line 231]
Event: 13.024 Thread 0x00000261c3a1b000 Exception <a 'java/lang/ClassNotFoundException'{0x00000000c6796400}: org/gradle/api/internal/tasks/DefaultSourceSetContainerBeanInfo> (0x00000000c6796400) thrown at [./src/hotspot/share/classfile/systemDictionary.cpp, line 231]
Event: 13.025 Thread 0x00000261c3a1b000 Exception <a 'java/lang/ClassNotFoundException'{0x00000000c67b07e0}: org/gradle/api/internal/tasks/DefaultSourceSetContainerCustomizer> (0x00000000c67b07e0) thrown at [./src/hotspot/share/classfile/systemDictionary.cpp, line 231]
Event: 13.026 Thread 0x00000261c3a1b000 Exception <a 'java/lang/ClassNotFoundException'{0x00000000c67d8fa8}: org/gradle/api/internal/tasks/DefaultSourceSetContainer_DecoratedCustomizer> (0x00000000c67d8fa8) thrown at [./src/hotspot/share/classfile/systemDictionary.cpp, line 231]
Event: 13.557 Thread 0x00000261c6c15000 Exception <a 'java/lang/NoSuchMethodError'{0x00000000c7a11fc0}: 'java.lang.Object java.lang.invoke.DirectMethodHandle$Holder.invokeSpecialIFC(java.lang.Object, java.lang.Object, java.lang.Object)'> (0x00000000c7a11fc0) thrown at [./src/hotspot/share/interpreter/linkResolver.cpp, line 773]
Event: 13.557 Thread 0x00000261c3a1b000 Exception <a 'java/lang/NoSuchMethodError'{0x00000000c7b4e318}: 'java.lang.Object java.lang.invoke.DirectMethodHandle$Holder.invokeSpecialIFC(java.lang.Object, java.lang.Object, java.lang.Object)'> (0x00000000c7b4e318) thrown at [./src/hotspot/share/interpreter/linkResolver.cpp, line 773]
Event: 13.601 Thread 0x00000261c6c0a800 Exception <a 'java/lang/NoSuchMethodError'{0x00000000c7635168}: 'void java.lang.invoke.DirectMethodHandle$Holder.invokeStatic(java.lang.Object, java.lang.Object, java.lang.Object, java.lang.Object, java.lang.Object, java.lang.Object, java.lang.Object)'> (0x00000000c7635168) thrown at [./src/hotspot/share/interpreter/linkResolver.cpp, line 773]
Event: 13.602 Thread 0x00000261c6c15000 Exception <a 'java/lang/NoSuchMethodError'{0x00000000c777b928}: 'void java.lang.invoke.DirectMethodHandle$Holder.invokeStatic(java.lang.Object, java.lang.Object, java.lang.Object, java.lang.Object, java.lang.Object, java.lang.Object, java.lang.Object)'> (0x00000000c777b928) thrown at [./src/hotspot/share/interpreter/linkResolver.cpp, line 773]
Event: 13.602 Thread 0x00000261c6c10000 Exception <a 'java/lang/NoSuchMethodError'{0x00000000c776baa0}: 'void java.lang.invoke.DirectMethodHandle$Holder.invokeStatic(java.lang.Object, java.lang.Object, java.lang.Object, java.lang.Object, java.lang.Object, java.lang.Object, java.lang.Object)'> (0x00000000c776baa0) thrown at [./src/hotspot/share/interpreter/linkResolver.cpp, line 773]
Event: 13.602 Thread 0x00000261c6c13800 Exception <a 'java/lang/NoSuchMethodError'{0x00000000c7793e40}: 'void java.lang.invoke.DirectMethodHandle$Holder.invokeStatic(java.lang.Object, java.lang.Object, java.lang.Object, java.lang.Object, java.lang.Object, java.lang.Object, java.lang.Object)'> (0x00000000c7793e40) thrown at [./src/hotspot/share/interpreter/linkResolver.cpp, line 773]
Event: 13.602 Thread 0x00000261c3a1b000 Exception <a 'java/lang/NoSuchMethodError'{0x00000000c77c31b0}: 'void java.lang.invoke.DirectMethodHandle$Holder.invokeStatic(java.lang.Object, java.lang.Object, java.lang.Object, java.lang.Object, java.lang.Object, java.lang.Object, java.lang.Object)'> (0x00000000c77c31b0) thrown at [./src/hotspot/share/interpreter/linkResolver.cpp, line 773]
Event: 13.768 Thread 0x00000261c3a1b000 Exception <a 'sun/nio/fs/WindowsException'{0x00000000c7f7c668}> (0x00000000c7f7c668) thrown at [./src/hotspot/share/prims/jni.cpp, line 615]
Event: 13.863 Thread 0x00000261c3a1b000 Exception <a 'java/lang/NullPointerException'{0x00000000c7660108}> (0x00000000c7660108) thrown at [./src/hotspot/share/interpreter/linkResolver.cpp, line 1440]
Event: 13.945 Thread 0x00000261c3a1b000 Implicit null exception at 0x00000261b51c6f8d to 0x00000261b51c763c
Event: 14.073 Thread 0x00000261c3a1b000 Exception <a 'java/lang/NoSuchMethodError'{0x00000000c7b223c8}: 'int java.lang.invoke.DirectMethodHandle$Holder.invokeStatic(java.lang.Object, java.lang.Object, int, java.lang.Object)'> (0x00000000c7b223c8) thrown at [./src/hotspot/share/interpreter/linkResolver.cpp, line 773]

Events (20 events):
Event: 14.963 loading class org/gradle/api/internal/artifacts/ivyservice/projectmodule/DefaultProjectLocalComponentProvider done
Event: 14.967 loading class org/gradle/internal/component/model/DefaultSelectedByVariantMatchingLocalConfigurationMetadata
Event: 14.967 loading class org/gradle/internal/component/model/DefaultSelectedByVariantMatchingLocalConfigurationMetadata done
Event: 14.970 Executing VM operation: ICBufferFull
Event: 14.971 Executing VM operation: ICBufferFull done
Event: 14.988 loading class org/gradle/internal/component/model/VariantResolveMetadata
Event: 14.988 loading class org/gradle/internal/component/model/VariantResolveMetadata done
Event: 14.988 loading class org/gradle/internal/component/model/VariantResolveMetadata$Identifier
Event: 14.988 loading class org/gradle/internal/component/model/VariantResolveMetadata$Identifier done
Event: 14.988 loading class org/gradle/api/internal/artifacts/ivyservice/projectmodule/ProjectArtifactSetResolver
Event: 14.988 loading class org/gradle/api/internal/artifacts/ivyservice/projectmodule/ProjectArtifactSetResolver done
Event: 14.989 loading class org/gradle/api/internal/artifacts/ivyservice/resolveengine/artifact/DefaultArtifactSet$MultipleVariantArtifactSet
Event: 14.989 loading class org/gradle/api/internal/artifacts/ivyservice/resolveengine/artifact/DefaultArtifactSet$MultipleVariantArtifactSet done
Event: 14.995 loading class org/gradle/internal/component/local/model/LocalComponentArtifactMetadata
Event: 14.995 loading class org/gradle/internal/component/local/model/LocalComponentArtifactMetadata done
Event: 14.996 loading class org/gradle/api/internal/project/ProjectInternal
Event: 14.996 loading class org/gradle/api/internal/project/ProjectInternal done
Event: 14.996 loading class org/gradle/internal/component/local/model/LocalComponentArtifactMetadata
Event: 14.996 loading class org/gradle/internal/component/local/model/LocalComponentArtifactMetadata done
Event: 15.000 Executing VM operation: G1CollectForAllocation


Dynamic libraries:
0x00007ff636f50000 - 0x00007ff636f5a000 	C:\Program Files\Android\Android Studio1\jre\bin\java.exe
0x00007ffa0fb90000 - 0x00007ffa0fd85000 	C:\WINDOWS\SYSTEM32\ntdll.dll
0x00007ffa0ef40000 - 0x00007ffa0effd000 	C:\WINDOWS\System32\KERNEL32.DLL
0x00007ffa0d6f0000 - 0x00007ffa0d9b9000 	C:\WINDOWS\System32\KERNELBASE.dll
0x00007ffa0d550000 - 0x00007ffa0d650000 	C:\WINDOWS\System32\ucrtbase.dll
0x00007ffa05c00000 - 0x00007ffa05c19000 	C:\Program Files\Android\Android Studio1\jre\bin\jli.dll
0x00007ffa05be0000 - 0x00007ffa05bf7000 	C:\Program Files\Android\Android Studio1\jre\bin\VCRUNTIME140.dll
0x00007ffa0dcf0000 - 0x00007ffa0de90000 	C:\WINDOWS\System32\USER32.dll
0x00007ffa0d2d0000 - 0x00007ffa0d2f2000 	C:\WINDOWS\System32\win32u.dll
0x00007ffa0ea80000 - 0x00007ffa0eaaa000 	C:\WINDOWS\System32\GDI32.dll
0x00007ff9f9df0000 - 0x00007ff9fa08a000 	C:\WINDOWS\WinSxS\amd64_microsoft.windows.common-controls_6595b64144ccf1df_6.0.19041.1110_none_60b5254171f9507e\COMCTL32.dll
0x00007ffa0d360000 - 0x00007ffa0d46b000 	C:\WINDOWS\System32\gdi32full.dll
0x00007ffa0f010000 - 0x00007ffa0f0ae000 	C:\WINDOWS\System32\msvcrt.dll
0x00007ffa0d650000 - 0x00007ffa0d6ed000 	C:\WINDOWS\System32\msvcp_win.dll
0x00007ffa0ee60000 - 0x00007ffa0ee90000 	C:\WINDOWS\System32\IMM32.DLL
0x00007ff9d65f0000 - 0x00007ff9d668d000 	C:\Program Files\Android\Android Studio1\jre\bin\msvcp140.dll
0x00007ff9ba910000 - 0x00007ff9bb3cc000 	C:\Program Files\Android\Android Studio1\jre\bin\server\jvm.dll
0x00007ffa0ee90000 - 0x00007ffa0ef3c000 	C:\WINDOWS\System32\ADVAPI32.dll
0x00007ffa0e7b0000 - 0x00007ffa0e84b000 	C:\WINDOWS\System32\sechost.dll
0x00007ffa0e210000 - 0x00007ffa0e33a000 	C:\WINDOWS\System32\RPCRT4.dll
0x00007ffa0ed10000 - 0x00007ffa0ed18000 	C:\WINDOWS\System32\PSAPI.DLL
0x00007ffa05b70000 - 0x00007ffa05b79000 	C:\WINDOWS\SYSTEM32\WSOCK32.dll
0x00007ffa04a60000 - 0x00007ffa04a6a000 	C:\WINDOWS\SYSTEM32\VERSION.dll
0x00007ffa0e9a0000 - 0x00007ffa0ea0b000 	C:\WINDOWS\System32\WS2_32.dll
0x00007ffa02310000 - 0x00007ffa02337000 	C:\WINDOWS\SYSTEM32\WINMM.dll
0x00007ffa0bb90000 - 0x00007ffa0bba2000 	C:\WINDOWS\SYSTEM32\kernel.appcore.dll
0x00007ffa058b0000 - 0x00007ffa058c1000 	C:\Program Files\Android\Android Studio1\jre\bin\verify.dll
0x00007ffa0afb0000 - 0x00007ffa0b194000 	C:\WINDOWS\SYSTEM32\DBGHELP.DLL
0x00007ff9fbe70000 - 0x00007ff9fbe9c000 	C:\WINDOWS\SYSTEM32\dbgcore.DLL
0x00007ffa0d4c0000 - 0x00007ffa0d543000 	C:\WINDOWS\System32\bcryptPrimitives.dll
0x00007ffa05880000 - 0x00007ffa058a9000 	C:\Program Files\Android\Android Studio1\jre\bin\java.dll
0x00007ffa07860000 - 0x00007ffa0786b000 	C:\Program Files\Android\Android Studio1\jre\bin\jimage.dll
0x00007ffa01800000 - 0x00007ffa01818000 	C:\Program Files\Android\Android Studio1\jre\bin\zip.dll
0x00007ffa0f0b0000 - 0x00007ffa0f7ef000 	C:\WINDOWS\System32\SHELL32.dll
0x00007ffa0b3e0000 - 0x00007ffa0bb71000 	C:\WINDOWS\SYSTEM32\windows.storage.dll
0x00007ffa0f7f0000 - 0x00007ffa0fb45000 	C:\WINDOWS\System32\combase.dll
0x00007ffa0cd40000 - 0x00007ffa0cd6c000 	C:\WINDOWS\SYSTEM32\Wldp.dll
0x00007ffa0de90000 - 0x00007ffa0df3e000 	C:\WINDOWS\System32\SHCORE.dll
0x00007ffa0ea10000 - 0x00007ffa0ea65000 	C:\WINDOWS\System32\shlwapi.dll
0x00007ffa0d210000 - 0x00007ffa0d22f000 	C:\WINDOWS\SYSTEM32\profapi.dll
0x00007ffa017e0000 - 0x00007ffa017fa000 	C:\Program Files\Android\Android Studio1\jre\bin\net.dll
0x00007ffa014f0000 - 0x00007ffa015fa000 	C:\WINDOWS\SYSTEM32\WINHTTP.dll
0x00007ffa0ca30000 - 0x00007ffa0ca9a000 	C:\WINDOWS\system32\mswsock.dll
0x00007ffa00c50000 - 0x00007ffa00c64000 	C:\Program Files\Android\Android Studio1\jre\bin\nio.dll
0x00007ff9fb720000 - 0x00007ff9fb747000 	C:\Users\Dark Knight\.gradle\native\fdc75f09e3144964f2cf3f50f0aa648679c211496f362492102eb8c894070792\windows-amd64\native-platform.dll
0x00007ff9c1c60000 - 0x00007ff9c1df6000 	C:\Users\Dark Knight\.gradle\native\12488b8bf47d2d4c9fbf2f6322a914ad602e24e48041cd04a747c6da556b65c4\windows-amd64\native-platform-file-events.dll
0x00007ffa07580000 - 0x00007ffa0758a000 	C:\Program Files\Android\Android Studio1\jre\bin\management.dll
0x00007ffa06840000 - 0x00007ffa0684c000 	C:\Program Files\Android\Android Studio1\jre\bin\management_ext.dll
0x00007ffa0cc40000 - 0x00007ffa0cc58000 	C:\WINDOWS\SYSTEM32\CRYPTSP.dll
0x00007ffa0c370000 - 0x00007ffa0c3a4000 	C:\WINDOWS\system32\rsaenh.dll
0x00007ffa0da70000 - 0x00007ffa0da97000 	C:\WINDOWS\System32\bcrypt.dll
0x00007ffa0d1d0000 - 0x00007ffa0d1fe000 	C:\WINDOWS\SYSTEM32\USERENV.dll
0x00007ffa0cc30000 - 0x00007ffa0cc3c000 	C:\WINDOWS\SYSTEM32\CRYPTBASE.dll
0x00007ffa0c720000 - 0x00007ffa0c75b000 	C:\WINDOWS\SYSTEM32\IPHLPAPI.DLL
0x00007ffa0f000000 - 0x00007ffa0f008000 	C:\WINDOWS\System32\NSI.dll
0x00007ffa034e0000 - 0x00007ffa034f7000 	C:\WINDOWS\SYSTEM32\dhcpcsvc6.DLL
0x00007ffa03da0000 - 0x00007ffa03dbd000 	C:\WINDOWS\SYSTEM32\dhcpcsvc.DLL
0x00007ffa0c760000 - 0x00007ffa0c82c000 	C:\WINDOWS\SYSTEM32\DNSAPI.dll
0x00007ffa04a70000 - 0x00007ffa04a7b000 	C:\WINDOWS\SYSTEM32\WINNSI.DLL

dbghelp: loaded successfully - version: 4.0.5 - missing functions: none
symbol engine: initialized successfully - sym options: 0x614 - pdb path: .;C:\Program Files\Android\Android Studio1\jre\bin;C:\WINDOWS\SYSTEM32;C:\WINDOWS\WinSxS\amd64_microsoft.windows.common-controls_6595b64144ccf1df_6.0.19041.1110_none_60b5254171f9507e;C:\Program Files\Android\Android Studio1\jre\bin\server;C:\Users\Dark Knight\.gradle\native\fdc75f09e3144964f2cf3f50f0aa648679c211496f362492102eb8c894070792\windows-amd64;C:\Users\Dark Knight\.gradle\native\12488b8bf47d2d4c9fbf2f6322a914ad602e24e48041cd04a747c6da556b65c4\windows-amd64

VM Arguments:
jvm_args: -XX:MaxPermSize=512m --add-opens=java.base/java.util=ALL-UNNAMED --add-opens=java.base/java.lang=ALL-UNNAMED --add-opens=java.base/java.lang.invoke=ALL-UNNAMED --add-opens=java.prefs/java.util.prefs=ALL-UNNAMED -Xmx1024m -Dfile.encoding=windows-1252 -Duser.country=IN -Duser.language=en -Duser.variant 
java_command: org.gradle.launcher.daemon.bootstrap.GradleDaemon 6.7.1
java_class_path (initial): C:\Users\Dark Knight\.gradle\wrapper\dists\gradle-6.7.1-bin\bwlcbys1h7rz3272sye1xwiv6\gradle-6.7.1\lib\gradle-launcher-6.7.1.jar
Launcher Type: SUN_STANDARD

[Global flags]
     intx CICompilerCount                          = 4                                         {product} {ergonomic}
     uint ConcGCThreads                            = 2                                         {product} {ergonomic}
     uint G1ConcRefinementThreads                  = 8                                         {product} {ergonomic}
   size_t G1HeapRegionSize                         = 1048576                                   {product} {ergonomic}
    uintx GCDrainStackTargetSize                   = 64                                        {product} {ergonomic}
   size_t InitialHeapSize                          = 134217728                                 {product} {ergonomic}
   size_t MarkStackSize                            = 4194304                                   {product} {ergonomic}
   size_t MaxHeapSize                              = 1073741824                                {product} {command line}
   size_t MaxNewSize                               = 643825664                                 {product} {ergonomic}
   size_t MinHeapDeltaBytes                        = 1048576                                   {product} {ergonomic}
    uintx NonNMethodCodeHeapSize                   = 5836300                                {pd product} {ergonomic}
    uintx NonProfiledCodeHeapSize                  = 122910970                              {pd product} {ergonomic}
    uintx ProfiledCodeHeapSize                     = 122910970                              {pd product} {ergonomic}
    uintx ReservedCodeCacheSize                    = 251658240                              {pd product} {ergonomic}
     bool SegmentedCodeCache                       = true                                      {product} {ergonomic}
     bool UseCompressedClassPointers               = true                                 {lp64_product} {ergonomic}
     bool UseCompressedOops                        = true                                 {lp64_product} {ergonomic}
     bool UseG1GC                                  = true                                      {product} {ergonomic}
     bool UseLargePagesIndividualAllocation        = false                                  {pd product} {ergonomic}

Logging:
Log output configuration:
 #0: stdout all=warning uptime,level,tags
 #1: stderr all=off uptime,level,tags

Environment Variables:
PATH=C:\Windows\system32;C:\Windows;C:\Windows\System32\Wbem;C:\Windows\System32\WindowsPowerShell\v1.0\;C:\Windows\System32\OpenSSH\;C:\Program Files (x86)\NVIDIA Corporation\PhysX\Common;C:\Program Files\NVIDIA Corporation\NVIDIA NvDLISR;C:\WINDOWS\system32;C:\WINDOWS;C:\WINDOWS\System32\Wbem;C:\WINDOWS\System32\WindowsPowerShell\v1.0\;C:\WINDOWS\System32\OpenSSH\;C:\MinGW\bin;C:\Program Files\MEGA-X;C:\WINDOWS\system32;C:\WINDOWS;C:\WINDOWS\System32\Wbem;C:\WINDOWS\System32\WindowsPowerShell\v1.0\;C:\WINDOWS\System32\OpenSSH\;C:\Program Files\Git\cmd;C:\Users\Dark Knight\AppData\Local\Microsoft\WindowsApps;C:\Users\Dark Knight\AppData\Local\atom\bin;C:\Program Files (x86)\Microsoft Visual Studio\2019\BuildTools\MSBuild\Current\Bin;C:\Users\Dark Knight\AppData\Local\Microsoft\WindowsApps
USERNAME=Dark Knight
OS=Windows_NT
PROCESSOR_IDENTIFIER=Intel64 Family 6 Model 158 Stepping 10, GenuineIntel



---------------  S Y S T E M  ---------------

OS: Windows 10 , 64 bit Build 19041 (10.0.19041.1023)
OS uptime: 9 days 23:00 hours

CPU:total 8 (initial active 8) (4 cores per cpu, 2 threads per core) family 6 model 158 stepping 10, cmov, cx8, fxsr, mmx, sse, sse2, sse3, ssse3, sse4.1, sse4.2, popcnt, avx, avx2, aes, clmul, erms, 3dnowpref, lzcnt, ht, tsc, tscinvbit, bmi1, bmi2, adx, fma

Memory: 4k page, system-wide physical 8112M (669M free)
TotalPageFile size 12208M (AvailPageFile size 20M)
current process WorkingSet (physical memory assigned to process): 397M, peak: 399M
current process commit charge ("private bytes"): 435M, peak: 463M

vm_info: OpenJDK 64-Bit Server VM (11.0.8+10-b944.6842174) for windows-amd64 JRE (11.0.8+10-b944.6842174), built on Sep 19 2020 01:11:42 by "builder" with MS VC++ 14.0 (VS2015)

END.
