#
# There is insufficient memory for the Java Runtime Environment to continue.
# Native memory allocation (mmap) failed to map 38797312 bytes for Failed to commit area from 0x000000008b900000 to 0x000000008de00000 of length 38797312.
# Possible reasons:
#   The system is out of physical RAM or swap space
#   The process is running with CompressedOops enabled, and the Java Heap may be blocking the growth of the native heap
# Possible solutions:
#   Reduce memory load on the system
#   Increase physical memory or swap space
#   Check if swap backing store is full
#   Decrease Java heap size (-Xmx/-Xms)
#   Decrease number of Java threads
#   Decrease Java thread stack sizes (-Xss)
#   Set larger code cache with -XX:ReservedCodeCacheSize=
#   JVM is running with Unscaled Compressed Oops mode in which the Java heap is
#     placed in the first 4GB address space. The Java Heap base address is the
#     maximum limit for the native heap growth. Please use -XX:HeapBaseMinAddress
#     to set the Java Heap base and to place the Java Heap above 4GB virtual address.
# This output file may be truncated or incomplete.
#
#  Out of Memory Error (./src/hotspot/os/windows/os_windows.cpp:3301), pid=13296, tid=17124
#
# JRE version: OpenJDK Runtime Environment (11.0.10) (build 11.0.10+0-b96-7249189)
# Java VM: OpenJDK 64-Bit Server VM (11.0.10+0-b96-7249189, mixed mode, tiered, compressed oops, g1 gc, windows-amd64)
# No core dump will be written. Minidumps are not enabled by default on client versions of Windows
#

---------------  S U M M A R Y ------------

Command Line: --add-opens=java.base/java.util=ALL-UNNAMED --add-opens=java.base/java.lang=ALL-UNNAMED --add-opens=java.base/java.lang.invoke=ALL-UNNAMED --add-opens=java.prefs/java.util.prefs=ALL-UNNAMED -Xmx2048m -Dfile.encoding=UTF-8 -Duser.country=IN -Duser.language=en -Duser.variant org.gradle.launcher.daemon.bootstrap.GradleDaemon 6.7.1

Host: Intel(R) Core(TM) i5-9300H CPU @ 2.40GHz, 8 cores, 7G,  Windows 10 , 64 bit Build 19041 (10.0.19041.1023)
Time: Tue Aug 10 18:38:17 2021 India Standard Time elapsed time: 11.848292 seconds (0d 0h 0m 11s)

---------------  T H R E A D  ---------------

Current thread (0x000002ae74a4d000):  VMThread "VM Thread" [stack: 0x000000ec53400000,0x000000ec53500000] [id=17124]

Stack: [0x000000ec53400000,0x000000ec53500000]
[error occurred during error reporting (printing stack bounds), id 0xc0000005, EXCEPTION_ACCESS_VIOLATION (0xc0000005) at pc=0x000002ae5d910f2d]

Native frames: (J=compiled Java code, j=interpreted, Vv=VM code, C=native code)
V  [jvm.dll+0x5ecfaa]
V  [jvm.dll+0x722bd5]
V  [jvm.dll+0x72412d]
V  [jvm.dll+0x724745]
V  [jvm.dll+0x7246fb]
V  [jvm.dll+0x5ec348]
V  [jvm.dll+0x5ecad8]
C  [ntdll.dll+0xa217f]
C  [ntdll.dll+0x51454]
C  [ntdll.dll+0xa0cae]
C  0x000002ae5d910f2d

VM_Operation (0x000000ec56dfe110): G1CollectForAllocation, mode: safepoint, requested by thread 0x000002ae77e87800


---------------  P R O C E S S  ---------------

Threads class SMR info:
_java_thread_list=0x000002ae78046360, length=50, elements={
0x000002ae58639000, 0x000002ae74a4f800, 0x000002ae74a50800, 0x000002ae753e2800,
0x000002ae74a66800, 0x000002ae74a6a000, 0x000002ae74a77800, 0x000002ae74a85000,
0x000002ae74a88000, 0x000002ae75487800, 0x000002ae76dcf800, 0x000002ae76896000,
0x000002ae76c5e800, 0x000002ae768a4000, 0x000002ae764d8800, 0x000002ae767cb800,
0x000002ae76c5b000, 0x000002ae767cc800, 0x000002ae773d6800, 0x000002ae776bc800,
0x000002ae776b9800, 0x000002ae776bb000, 0x000002ae776bf000, 0x000002ae776bd800,
0x000002ae776c0000, 0x000002ae776ba000, 0x000002ae776bc000, 0x000002ae776be800,
0x000002ae77e82800, 0x000002ae77e81800, 0x000002ae77e7d800, 0x000002ae77e7f000,
0x000002ae77e7c800, 0x000002ae77e83000, 0x000002ae77e7e800, 0x000002ae77e84000,
0x000002ae77e85000, 0x000002ae77e80000, 0x000002ae77e85800, 0x000002ae77e86800,
0x000002ae77e81000, 0x000002ae77e89800, 0x000002ae77e88000, 0x000002ae77e87800,
0x000002ae77e89000, 0x000002ae77e8b800, 0x000002ae77e8a800, 0x000002ae77f78000,
0x000002ae77f74800, 0x000002ae76bfa800
}

Java Threads: ( => current thread )
  0x000002ae58639000 JavaThread "main" [_thread_blocked, id=4468, stack(0x000000ec52e00000,0x000000ec52f00000)]
  0x000002ae74a4f800 JavaThread "Reference Handler" daemon [_thread_blocked, id=21992, stack(0x000000ec53500000,0x000000ec53600000)]
  0x000002ae74a50800 JavaThread "Finalizer" daemon [_thread_blocked, id=23620, stack(0x000000ec53600000,0x000000ec53700000)]
  0x000002ae753e2800 JavaThread "Signal Dispatcher" daemon [_thread_blocked, id=19528, stack(0x000000ec53700000,0x000000ec53800000)]
  0x000002ae74a66800 JavaThread "Attach Listener" daemon [_thread_blocked, id=16104, stack(0x000000ec53800000,0x000000ec53900000)]
  0x000002ae74a6a000 JavaThread "Service Thread" daemon [_thread_blocked, id=15124, stack(0x000000ec53900000,0x000000ec53a00000)]
  0x000002ae74a77800 JavaThread "C2 CompilerThread0" daemon [_thread_blocked, id=24076, stack(0x000000ec53a00000,0x000000ec53b00000)]
  0x000002ae74a85000 JavaThread "C1 CompilerThread0" daemon [_thread_blocked, id=31784, stack(0x000000ec53b00000,0x000000ec53c00000)]
  0x000002ae74a88000 JavaThread "Sweeper thread" daemon [_thread_blocked, id=21920, stack(0x000000ec53c00000,0x000000ec53d00000)]
  0x000002ae75487800 JavaThread "Common-Cleaner" daemon [_thread_blocked, id=34512, stack(0x000000ec53d00000,0x000000ec53e00000)]
  0x000002ae76dcf800 JavaThread "Daemon health stats" [_thread_blocked, id=21384, stack(0x000000ec54300000,0x000000ec54400000)]
  0x000002ae76896000 JavaThread "Incoming local TCP Connector on port 59144" [_thread_in_native, id=33548, stack(0x000000ec54400000,0x000000ec54500000)]
  0x000002ae76c5e800 JavaThread "Daemon periodic checks" [_thread_blocked, id=8904, stack(0x000000ec54500000,0x000000ec54600000)]
  0x000002ae768a4000 JavaThread "Daemon" [_thread_blocked, id=3764, stack(0x000000ec54600000,0x000000ec54700000)]
  0x000002ae764d8800 JavaThread "Handler for socket connection from /127.0.0.1:59144 to /127.0.0.1:59145" [_thread_in_native, id=17588, stack(0x000000ec54700000,0x000000ec54800000)]
  0x000002ae767cb800 JavaThread "Cancel handler" [_thread_blocked, id=10952, stack(0x000000ec54800000,0x000000ec54900000)]
  0x000002ae76c5b000 JavaThread "Daemon worker" [_thread_blocked, id=26516, stack(0x000000ec54900000,0x000000ec54a00000)]
  0x000002ae767cc800 JavaThread "Asynchronous log dispatcher for DefaultDaemonConnection: socket connection from /127.0.0.1:59144 to /127.0.0.1:59145" [_thread_blocked, id=23448, stack(0x000000ec54a00000,0x000000ec54b00000)]
  0x000002ae773d6800 JavaThread "Stdin handler" [_thread_blocked, id=28064, stack(0x000000ec54b00000,0x000000ec54c00000)]
  0x000002ae776bc800 JavaThread "Thread-8" [_thread_blocked, id=24108, stack(0x000000ec54c00000,0x000000ec54d00000)]
  0x000002ae776b9800 JavaThread "Cache worker for file hash cache (C:\Users\Dark Knight\.gradle\caches\6.7.1\fileHashes)" [_thread_blocked, id=27264, stack(0x000000ec55400000,0x000000ec55500000)]
  0x000002ae776bb000 JavaThread "File lock request listener" [_thread_in_native, id=34712, stack(0x000000ec55500000,0x000000ec55600000)]
  0x000002ae776bf000 JavaThread "Cache worker for journal cache (C:\Users\Dark Knight\.gradle\caches\journal-1)" [_thread_blocked, id=11640, stack(0x000000ec55600000,0x000000ec55700000)]
  0x000002ae776bd800 JavaThread "Cache worker for file hash cache (C:\Android Projects\Udemy TUTORIAL\KidsDrawingApp\.gradle\6.7.1\fileHashes)" [_thread_blocked, id=11948, stack(0x000000ec55900000,0x000000ec55a00000)]
  0x000002ae776c0000 JavaThread "jar transforms" [_thread_blocked, id=31676, stack(0x000000ec55a00000,0x000000ec55b00000)]
  0x000002ae776ba000 JavaThread "jar transforms Thread 2" [_thread_blocked, id=25040, stack(0x000000ec55b00000,0x000000ec55c00000)]
  0x000002ae776bc000 JavaThread "jar transforms Thread 3" [_thread_blocked, id=8884, stack(0x000000ec55c00000,0x000000ec55d00000)]
  0x000002ae776be800 JavaThread "jar transforms Thread 4" [_thread_blocked, id=12084, stack(0x000000ec55d00000,0x000000ec55e00000)]
  0x000002ae77e82800 JavaThread "jar transforms Thread 5" [_thread_blocked, id=25308, stack(0x000000ec55e00000,0x000000ec55f00000)]
  0x000002ae77e81800 JavaThread "jar transforms Thread 6" [_thread_blocked, id=4520, stack(0x000000ec55f00000,0x000000ec56000000)]
  0x000002ae77e7d800 JavaThread "jar transforms Thread 7" [_thread_blocked, id=3204, stack(0x000000ec56000000,0x000000ec56100000)]
  0x000002ae77e7f000 JavaThread "jar transforms Thread 8" [_thread_blocked, id=16752, stack(0x000000ec56100000,0x000000ec56200000)]
  0x000002ae77e7c800 JavaThread "jar transforms Thread 9" [_thread_blocked, id=34392, stack(0x000000ec56200000,0x000000ec56300000)]
  0x000002ae77e83000 JavaThread "jar transforms Thread 10" [_thread_blocked, id=24236, stack(0x000000ec56300000,0x000000ec56400000)]
  0x000002ae77e7e800 JavaThread "jar transforms Thread 11" [_thread_blocked, id=28712, stack(0x000000ec56400000,0x000000ec56500000)]
  0x000002ae77e84000 JavaThread "jar transforms Thread 12" [_thread_blocked, id=32964, stack(0x000000ec56500000,0x000000ec56600000)]
  0x000002ae77e85000 JavaThread "jar transforms Thread 13" [_thread_blocked, id=17112, stack(0x000000ec56600000,0x000000ec56700000)]
  0x000002ae77e80000 JavaThread "jar transforms Thread 14" [_thread_blocked, id=15876, stack(0x000000ec56700000,0x000000ec56800000)]
  0x000002ae77e85800 JavaThread "jar transforms Thread 15" [_thread_blocked, id=22816, stack(0x000000ec56800000,0x000000ec56900000)]
  0x000002ae77e86800 JavaThread "jar transforms Thread 16" [_thread_blocked, id=6228, stack(0x000000ec56900000,0x000000ec56a00000)]
  0x000002ae77e81000 JavaThread "jar transforms Thread 17" [_thread_blocked, id=21180, stack(0x000000ec56a00000,0x000000ec56b00000)]
  0x000002ae77e89800 JavaThread "jar transforms Thread 18" [_thread_blocked, id=25904, stack(0x000000ec56b00000,0x000000ec56c00000)]
  0x000002ae77e88000 JavaThread "jar transforms Thread 19" [_thread_blocked, id=23136, stack(0x000000ec56c00000,0x000000ec56d00000)]
  0x000002ae77e87800 JavaThread "jar transforms Thread 20" [_thread_blocked, id=1524, stack(0x000000ec56d00000,0x000000ec56e00000)]
  0x000002ae77e89000 JavaThread "Cache worker for checksums cache (C:\Android Projects\Udemy TUTORIAL\KidsDrawingApp\.gradle\checksums)" [_thread_blocked, id=12160, stack(0x000000ec56e00000,0x000000ec56f00000)]
  0x000002ae77e8b800 JavaThread "Cache worker for cache directory md-supplier (C:\Users\Dark Knight\.gradle\caches\6.7.1\md-supplier)" [_thread_blocked, id=27184, stack(0x000000ec56f00000,0x000000ec57000000)]
  0x000002ae77e8a800 JavaThread "Cache worker for cache directory md-rule (C:\Users\Dark Knight\.gradle\caches\6.7.1\md-rule)" [_thread_blocked, id=15468, stack(0x000000ec57000000,0x000000ec57100000)]
  0x000002ae77f78000 JavaThread "Cache worker for execution history cache (C:\Users\Dark Knight\.gradle\caches\6.7.1\executionHistory)" [_thread_blocked, id=10964, stack(0x000000ec57100000,0x000000ec57200000)]
  0x000002ae77f74800 JavaThread "Cache worker for file content cache (C:\Users\Dark Knight\.gradle\caches\6.7.1\fileContent)" [_thread_blocked, id=28500, stack(0x000000ec55800000,0x000000ec55900000)]
  0x000002ae76bfa800 JavaThread "C2 CompilerThread1" daemon [_thread_in_native, id=2120, stack(0x000000ec55700000,0x000000ec55800000)]

Other Threads:
=>0x000002ae74a4d000 VMThread "VM Thread" [stack: 0x000000ec53400000,0x000000ec53500000] [id=17124]
  0x000002ae75490800 WatcherThread [stack: 0x000000ec53e00000,0x000000ec53f00000] [id=19332]
  0x000002ae58652800 GCTaskThread "GC Thread#0" [stack: 0x000000ec52f00000,0x000000ec53000000] [id=4752]
  0x000002ae758d6800 GCTaskThread "GC Thread#1" [stack: 0x000000ec54000000,0x000000ec54100000] [id=25816]
  0x000002ae7636d800 GCTaskThread "GC Thread#2" [stack: 0x000000ec54100000,0x000000ec54200000] [id=3524]
  0x000002ae767b3800 GCTaskThread "GC Thread#3" [stack: 0x000000ec54e00000,0x000000ec54f00000] [id=17276]
  0x000002ae76691000 GCTaskThread "GC Thread#4" [stack: 0x000000ec54f00000,0x000000ec55000000] [id=30400]
  0x000002ae77252000 GCTaskThread "GC Thread#5" [stack: 0x000000ec55000000,0x000000ec55100000] [id=31876]
  0x000002ae76a29800 GCTaskThread "GC Thread#6" [stack: 0x000000ec55100000,0x000000ec55200000] [id=27200]
  0x000002ae76911000 GCTaskThread "GC Thread#7" [stack: 0x000000ec55200000,0x000000ec55300000] [id=14920]
  0x000002ae58684000 ConcurrentGCThread "G1 Main Marker" [stack: 0x000000ec53000000,0x000000ec53100000] [id=3704]
  0x000002ae58686800 ConcurrentGCThread "G1 Conc#0" [stack: 0x000000ec53100000,0x000000ec53200000] [id=29392]
  0x000002ae773d7800 ConcurrentGCThread "G1 Conc#1" [stack: 0x000000ec54d00000,0x000000ec54e00000] [id=17264]
  0x000002ae748a0800 ConcurrentGCThread "G1 Refine#0" [stack: 0x000000ec53200000,0x000000ec53300000] [id=8968]
  0x000002ae773f7000 ConcurrentGCThread "G1 Refine#1" [stack: 0x000000ec55300000,0x000000ec55400000] [id=23256]
  0x000002ae748a1800 ConcurrentGCThread "G1 Young RemSet Sampling" [stack: 0x000000ec53300000,0x000000ec53400000] [id=12624]

Threads with active compile tasks:
C2 CompilerThread1  11881 3925       4       org.objectweb.asm.ClassReader::accept (1376 bytes)

VM state:at safepoint (normal execution)

VM Mutex/Monitor currently owned by a thread:  ([mutex/lock_event])
[0x000002ae58635a80] Threads_lock - owner thread: 0x000002ae74a4d000
[0x000002ae58636020] Heap_lock - owner thread: 0x000002ae77e87800

Heap address: 0x0000000080000000, size: 2048 MB, Compressed Oops mode: 32-bit
Narrow klass base: 0x0000000000000000, Narrow klass shift: 3
Compressed class space size: 1073741824 Address: 0x0000000100000000

Heap:
 garbage-first heap   total 227328K, used 62942K [0x0000000080000000, 0x0000000100000000)
  region size 1024K, 9 young (9216K), 9 survivors (9216K)
 Metaspace       used 40209K, capacity 41164K, committed 41212K, reserved 1085440K
  class space    used 5117K, capacity 5497K, committed 5504K, reserved 1048576K
Heap Regions: E=young(eden), S=young(survivor), O=old, HS=humongous(starts), HC=humongous(continues), CS=collection set, F=free, A=archive, TAMS=top-at-mark-start (previous, next)
|   0|0x0000000080000000, 0x0000000080100000, 0x0000000080100000|100%| O|  |TAMS 0x0000000080100000, 0x0000000080000000| Untracked 
|   1|0x0000000080100000, 0x0000000080200000, 0x0000000080200000|100%| O|  |TAMS 0x0000000080200000, 0x0000000080100000| Untracked 
|   2|0x0000000080200000, 0x0000000080300000, 0x0000000080300000|100%| O|  |TAMS 0x0000000080300000, 0x0000000080200000| Untracked 
|   3|0x0000000080300000, 0x0000000080400000, 0x0000000080400000|100%|HS|  |TAMS 0x0000000080400000, 0x0000000080300000| Complete 
|   4|0x0000000080400000, 0x0000000080500000, 0x0000000080500000|100%|HC|  |TAMS 0x0000000080500000, 0x0000000080400000| Complete 
|   5|0x0000000080500000, 0x0000000080600000, 0x0000000080600000|100%|HC|  |TAMS 0x0000000080600000, 0x0000000080500000| Complete 
|   6|0x0000000080600000, 0x0000000080700000, 0x0000000080700000|100%| O|  |TAMS 0x0000000080700000, 0x0000000080600000| Untracked 
|   7|0x0000000080700000, 0x0000000080800000, 0x0000000080800000|100%| O|  |TAMS 0x0000000080800000, 0x0000000080700000| Untracked 
|   8|0x0000000080800000, 0x0000000080900000, 0x0000000080900000|100%| O|  |TAMS 0x0000000080900000, 0x0000000080800000| Untracked 
|   9|0x0000000080900000, 0x0000000080a00000, 0x0000000080a00000|100%| O|  |TAMS 0x0000000080a00000, 0x0000000080900000| Untracked 
|  10|0x0000000080a00000, 0x0000000080b00000, 0x0000000080b00000|100%| O|  |TAMS 0x0000000080b00000, 0x0000000080a00000| Untracked 
|  11|0x0000000080b00000, 0x0000000080c00000, 0x0000000080c00000|100%| O|  |TAMS 0x0000000080c00000, 0x0000000080b00000| Untracked 
|  12|0x0000000080c00000, 0x0000000080d00000, 0x0000000080d00000|100%| O|  |TAMS 0x0000000080d00000, 0x0000000080c00000| Untracked 
|  13|0x0000000080d00000, 0x0000000080e00000, 0x0000000080e00000|100%| O|  |TAMS 0x0000000080e00000, 0x0000000080d00000| Untracked 
|  14|0x0000000080e00000, 0x0000000080f00000, 0x0000000080f00000|100%| O|  |TAMS 0x0000000080f00000, 0x0000000080e00000| Untracked 
|  15|0x0000000080f00000, 0x0000000081000000, 0x0000000081000000|100%| O|  |TAMS 0x0000000081000000, 0x0000000080f00000| Untracked 
|  16|0x0000000081000000, 0x0000000081100000, 0x0000000081100000|100%|HS|  |TAMS 0x0000000081100000, 0x0000000081000000| Complete 
|  17|0x0000000081100000, 0x0000000081200000, 0x0000000081200000|100%|HC|  |TAMS 0x0000000081200000, 0x0000000081100000| Complete 
|  18|0x0000000081200000, 0x0000000081300000, 0x0000000081300000|100%|HS|  |TAMS 0x0000000081300000, 0x0000000081200000| Complete 
|  19|0x0000000081300000, 0x0000000081400000, 0x0000000081400000|100%|HC|  |TAMS 0x0000000081400000, 0x0000000081300000| Complete 
|  20|0x0000000081400000, 0x0000000081500000, 0x0000000081500000|100%|HC|  |TAMS 0x0000000081500000, 0x0000000081400000| Complete 
|  21|0x0000000081500000, 0x0000000081600000, 0x0000000081600000|100%|HS|  |TAMS 0x0000000081600000, 0x0000000081500000| Complete 
|  22|0x0000000081600000, 0x0000000081700000, 0x0000000081700000|100%|HC|  |TAMS 0x0000000081700000, 0x0000000081600000| Complete 
|  23|0x0000000081700000, 0x0000000081800000, 0x0000000081800000|100%|HC|  |TAMS 0x0000000081800000, 0x0000000081700000| Complete 
|  24|0x0000000081800000, 0x0000000081900000, 0x0000000081900000|100%|HC|  |TAMS 0x0000000081900000, 0x0000000081800000| Complete 
|  25|0x0000000081900000, 0x0000000081a00000, 0x0000000081a00000|100%|HC|  |TAMS 0x0000000081a00000, 0x0000000081900000| Complete 
|  26|0x0000000081a00000, 0x0000000081b00000, 0x0000000081b00000|100%| O|  |TAMS 0x0000000081b00000, 0x0000000081a00000| Untracked 
|  27|0x0000000081b00000, 0x0000000081c00000, 0x0000000081c00000|100%| O|  |TAMS 0x0000000081c00000, 0x0000000081b00000| Untracked 
|  28|0x0000000081c00000, 0x0000000081d00000, 0x0000000081d00000|100%| O|  |TAMS 0x0000000081d00000, 0x0000000081c00000| Untracked 
|  29|0x0000000081d00000, 0x0000000081e00000, 0x0000000081e00000|100%| O|  |TAMS 0x0000000081e00000, 0x0000000081d00000| Untracked 
|  30|0x0000000081e00000, 0x0000000081f00000, 0x0000000081f00000|100%| O|  |TAMS 0x0000000081f00000, 0x0000000081e00000| Untracked 
|  31|0x0000000081f00000, 0x0000000082000000, 0x0000000082000000|100%| O|  |TAMS 0x0000000082000000, 0x0000000081f00000| Untracked 
|  32|0x0000000082000000, 0x0000000082100000, 0x0000000082100000|100%| O|  |TAMS 0x0000000082095e00, 0x0000000082000000| Untracked 
|  33|0x0000000082100000, 0x0000000082200000, 0x0000000082200000|100%|HS|  |TAMS 0x0000000082100000, 0x0000000082100000| Complete 
|  34|0x0000000082200000, 0x0000000082300000, 0x0000000082300000|100%|HC|  |TAMS 0x0000000082200000, 0x0000000082200000| Complete 
|  35|0x0000000082300000, 0x0000000082400000, 0x0000000082400000|100%|HC|  |TAMS 0x0000000082300000, 0x0000000082300000| Complete 
|  36|0x0000000082400000, 0x0000000082500000, 0x0000000082500000|100%|HC|  |TAMS 0x0000000082400000, 0x0000000082400000| Complete 
|  37|0x0000000082500000, 0x0000000082600000, 0x0000000082600000|100%|HC|  |TAMS 0x0000000082500000, 0x0000000082500000| Complete 
|  38|0x0000000082600000, 0x0000000082700000, 0x0000000082700000|100%| O|  |TAMS 0x0000000082600000, 0x0000000082600000| Untracked 
|  39|0x0000000082700000, 0x0000000082800000, 0x0000000082800000|100%| O|  |TAMS 0x0000000082700000, 0x0000000082700000| Untracked 
|  40|0x0000000082800000, 0x0000000082900000, 0x0000000082900000|100%| O|  |TAMS 0x0000000082800000, 0x0000000082800000| Untracked 
|  41|0x0000000082900000, 0x0000000082a00000, 0x0000000082a00000|100%| O|  |TAMS 0x0000000082900000, 0x0000000082900000| Untracked 
|  42|0x0000000082a00000, 0x0000000082b00000, 0x0000000082b00000|100%| O|  |TAMS 0x0000000082a00000, 0x0000000082a00000| Untracked 
|  43|0x0000000082b00000, 0x0000000082c00000, 0x0000000082c00000|100%| O|  |TAMS 0x0000000082b00000, 0x0000000082b00000| Untracked 
|  44|0x0000000082c00000, 0x0000000082d00000, 0x0000000082d00000|100%| O|  |TAMS 0x0000000082c00000, 0x0000000082c00000| Untracked 
|  45|0x0000000082d00000, 0x0000000082e00000, 0x0000000082e00000|100%| O|  |TAMS 0x0000000082d00000, 0x0000000082d00000| Untracked 
|  46|0x0000000082e00000, 0x0000000082f00000, 0x0000000082f00000|100%| O|  |TAMS 0x0000000082e00000, 0x0000000082e00000| Untracked 
|  47|0x0000000082f00000, 0x0000000083000000, 0x0000000083000000|100%| O|  |TAMS 0x0000000082f00000, 0x0000000082f00000| Untracked 
|  48|0x0000000083000000, 0x0000000083100000, 0x0000000083100000|100%| O|  |TAMS 0x0000000083000000, 0x0000000083000000| Untracked 
|  49|0x0000000083100000, 0x0000000083200000, 0x0000000083200000|100%| O|  |TAMS 0x0000000083100000, 0x0000000083100000| Untracked 
|  50|0x0000000083200000, 0x0000000083300000, 0x0000000083300000|100%| O|  |TAMS 0x0000000083200000, 0x0000000083200000| Untracked 
|  51|0x0000000083300000, 0x0000000083400000, 0x0000000083400000|100%| O|  |TAMS 0x0000000083300000, 0x0000000083300000| Untracked 
|  52|0x0000000083400000, 0x0000000083500000, 0x0000000083500000|100%| O|  |TAMS 0x0000000083400000, 0x0000000083400000| Untracked 
|  53|0x0000000083500000, 0x0000000083500000, 0x0000000083600000|  0%| F|  |TAMS 0x0000000083500000, 0x0000000083500000| Untracked 
|  54|0x0000000083600000, 0x0000000083643a00, 0x0000000083700000| 26%| O|  |TAMS 0x0000000083600000, 0x0000000083600000| Untracked 
|  55|0x0000000083700000, 0x0000000083700000, 0x0000000083800000|  0%| F|  |TAMS 0x0000000083700000, 0x0000000083700000| Untracked 
|  56|0x0000000083800000, 0x0000000083800000, 0x0000000083900000|  0%| F|  |TAMS 0x0000000083800000, 0x0000000083800000| Untracked 
|  57|0x0000000083900000, 0x0000000083900000, 0x0000000083a00000|  0%| F|  |TAMS 0x0000000083900000, 0x0000000083900000| Untracked 
|  58|0x0000000083a00000, 0x0000000083a00000, 0x0000000083b00000|  0%| F|  |TAMS 0x0000000083a00000, 0x0000000083a00000| Untracked 
|  59|0x0000000083b00000, 0x0000000083b00000, 0x0000000083c00000|  0%| F|  |TAMS 0x0000000083b00000, 0x0000000083b00000| Untracked 
|  60|0x0000000083c00000, 0x0000000083c00000, 0x0000000083d00000|  0%| F|  |TAMS 0x0000000083c00000, 0x0000000083c00000| Untracked 
|  61|0x0000000083d00000, 0x0000000083d00000, 0x0000000083e00000|  0%| F|  |TAMS 0x0000000083d00000, 0x0000000083d00000| Untracked 
|  62|0x0000000083e00000, 0x0000000083e00000, 0x0000000083f00000|  0%| F|  |TAMS 0x0000000083e00000, 0x0000000083e00000| Untracked 
|  63|0x0000000083f00000, 0x0000000083f00000, 0x0000000084000000|  0%| F|  |TAMS 0x0000000083f00000, 0x0000000083f00000| Untracked 
|  64|0x0000000084000000, 0x0000000084000000, 0x0000000084100000|  0%| F|  |TAMS 0x0000000084000000, 0x0000000084000000| Untracked 
|  65|0x0000000084100000, 0x0000000084100000, 0x0000000084200000|  0%| F|  |TAMS 0x0000000084100000, 0x0000000084100000| Untracked 
|  66|0x0000000084200000, 0x0000000084200000, 0x0000000084300000|  0%| F|  |TAMS 0x0000000084200000, 0x0000000084200000| Untracked 
|  67|0x0000000084300000, 0x0000000084300000, 0x0000000084400000|  0%| F|  |TAMS 0x0000000084300000, 0x0000000084300000| Untracked 
|  68|0x0000000084400000, 0x0000000084400000, 0x0000000084500000|  0%| F|  |TAMS 0x0000000084400000, 0x0000000084400000| Untracked 
|  69|0x0000000084500000, 0x0000000084500000, 0x0000000084600000|  0%| F|  |TAMS 0x0000000084500000, 0x0000000084500000| Untracked 
|  70|0x0000000084600000, 0x0000000084600000, 0x0000000084700000|  0%| F|  |TAMS 0x0000000084600000, 0x0000000084600000| Untracked 
|  71|0x0000000084700000, 0x0000000084700000, 0x0000000084800000|  0%| F|  |TAMS 0x0000000084700000, 0x0000000084700000| Untracked 
|  72|0x0000000084800000, 0x0000000084800000, 0x0000000084900000|  0%| F|  |TAMS 0x0000000084800000, 0x0000000084800000| Untracked 
|  73|0x0000000084900000, 0x0000000084900000, 0x0000000084a00000|  0%| F|  |TAMS 0x0000000084900000, 0x0000000084900000| Untracked 
|  74|0x0000000084a00000, 0x0000000084a00000, 0x0000000084b00000|  0%| F|  |TAMS 0x0000000084a00000, 0x0000000084a00000| Untracked 
|  75|0x0000000084b00000, 0x0000000084b00000, 0x0000000084c00000|  0%| F|  |TAMS 0x0000000084b00000, 0x0000000084b00000| Untracked 
|  76|0x0000000084c00000, 0x0000000084c00000, 0x0000000084d00000|  0%| F|  |TAMS 0x0000000084c00000, 0x0000000084c00000| Untracked 
|  77|0x0000000084d00000, 0x0000000084d00000, 0x0000000084e00000|  0%| F|  |TAMS 0x0000000084d00000, 0x0000000084d00000| Untracked 
|  78|0x0000000084e00000, 0x0000000084e00000, 0x0000000084f00000|  0%| F|  |TAMS 0x0000000084e00000, 0x0000000084e00000| Untracked 
|  79|0x0000000084f00000, 0x0000000084f00000, 0x0000000085000000|  0%| F|  |TAMS 0x0000000084f00000, 0x0000000084f00000| Untracked 
|  80|0x0000000085000000, 0x0000000085000000, 0x0000000085100000|  0%| F|  |TAMS 0x0000000085000000, 0x0000000085000000| Untracked 
|  81|0x0000000085100000, 0x0000000085100000, 0x0000000085200000|  0%| F|  |TAMS 0x0000000085100000, 0x0000000085100000| Untracked 
|  82|0x0000000085200000, 0x0000000085200000, 0x0000000085300000|  0%| F|  |TAMS 0x0000000085200000, 0x0000000085200000| Untracked 
|  83|0x0000000085300000, 0x0000000085300000, 0x0000000085400000|  0%| F|  |TAMS 0x0000000085300000, 0x0000000085300000| Untracked 
|  84|0x0000000085400000, 0x0000000085400000, 0x0000000085500000|  0%| F|  |TAMS 0x0000000085400000, 0x0000000085400000| Untracked 
|  85|0x0000000085500000, 0x0000000085500000, 0x0000000085600000|  0%| F|  |TAMS 0x0000000085500000, 0x0000000085500000| Untracked 
|  86|0x0000000085600000, 0x0000000085634168, 0x0000000085700000| 20%| S|CS|TAMS 0x0000000085600000, 0x0000000085600000| Complete 
|  87|0x0000000085700000, 0x0000000085800000, 0x0000000085800000|100%| S|CS|TAMS 0x0000000085700000, 0x0000000085700000| Complete 
|  88|0x0000000085800000, 0x0000000085900000, 0x0000000085900000|100%| S|CS|TAMS 0x0000000085800000, 0x0000000085800000| Complete 
|  89|0x0000000085900000, 0x0000000085a00000, 0x0000000085a00000|100%| S|CS|TAMS 0x0000000085900000, 0x0000000085900000| Complete 
|  90|0x0000000085a00000, 0x0000000085b00000, 0x0000000085b00000|100%| S|CS|TAMS 0x0000000085a00000, 0x0000000085a00000| Complete 
|  91|0x0000000085b00000, 0x0000000085c00000, 0x0000000085c00000|100%| S|CS|TAMS 0x0000000085b00000, 0x0000000085b00000| Complete 
|  92|0x0000000085c00000, 0x0000000085d00000, 0x0000000085d00000|100%| S|CS|TAMS 0x0000000085c00000, 0x0000000085c00000| Complete 
|  93|0x0000000085d00000, 0x0000000085e00000, 0x0000000085e00000|100%| S|CS|TAMS 0x0000000085d00000, 0x0000000085d00000| Complete 
|  94|0x0000000085e00000, 0x0000000085f00000, 0x0000000085f00000|100%| S|CS|TAMS 0x0000000085e00000, 0x0000000085e00000| Complete 
|  95|0x0000000085f00000, 0x0000000085f00000, 0x0000000086000000|  0%| F|  |TAMS 0x0000000085f00000, 0x0000000085f00000| Untracked 
|  96|0x0000000086000000, 0x0000000086000000, 0x0000000086100000|  0%| F|  |TAMS 0x0000000086000000, 0x0000000086000000| Untracked 
|  97|0x0000000086100000, 0x0000000086100000, 0x0000000086200000|  0%| F|  |TAMS 0x0000000086100000, 0x0000000086100000| Untracked 
|  98|0x0000000086200000, 0x0000000086200000, 0x0000000086300000|  0%| F|  |TAMS 0x0000000086200000, 0x0000000086200000| Untracked 
|  99|0x0000000086300000, 0x0000000086300000, 0x0000000086400000|  0%| F|  |TAMS 0x0000000086300000, 0x0000000086300000| Untracked 
| 100|0x0000000086400000, 0x0000000086400000, 0x0000000086500000|  0%| F|  |TAMS 0x0000000086400000, 0x0000000086400000| Untracked 
| 101|0x0000000086500000, 0x0000000086500000, 0x0000000086600000|  0%| F|  |TAMS 0x0000000086500000, 0x0000000086500000| Untracked 
| 102|0x0000000086600000, 0x0000000086600000, 0x0000000086700000|  0%| F|  |TAMS 0x0000000086600000, 0x0000000086600000| Untracked 
| 103|0x0000000086700000, 0x0000000086700000, 0x0000000086800000|  0%| F|  |TAMS 0x0000000086700000, 0x0000000086700000| Untracked 
| 104|0x0000000086800000, 0x0000000086800000, 0x0000000086900000|  0%| F|  |TAMS 0x0000000086800000, 0x0000000086800000| Untracked 
| 105|0x0000000086900000, 0x0000000086900000, 0x0000000086a00000|  0%| F|  |TAMS 0x0000000086900000, 0x0000000086900000| Untracked 
| 106|0x0000000086a00000, 0x0000000086a00000, 0x0000000086b00000|  0%| F|  |TAMS 0x0000000086a00000, 0x0000000086a00000| Untracked 
| 107|0x0000000086b00000, 0x0000000086b00000, 0x0000000086c00000|  0%| F|  |TAMS 0x0000000086b00000, 0x0000000086b00000| Untracked 
| 108|0x0000000086c00000, 0x0000000086c00000, 0x0000000086d00000|  0%| F|  |TAMS 0x0000000086c00000, 0x0000000086c00000| Untracked 
| 109|0x0000000086d00000, 0x0000000086d00000, 0x0000000086e00000|  0%| F|  |TAMS 0x0000000086d00000, 0x0000000086d00000| Untracked 
| 110|0x0000000086e00000, 0x0000000086e00000, 0x0000000086f00000|  0%| F|  |TAMS 0x0000000086e00000, 0x0000000086e00000| Untracked 
| 111|0x0000000086f00000, 0x0000000086f00000, 0x0000000087000000|  0%| F|  |TAMS 0x0000000086f00000, 0x0000000086f00000| Untracked 
| 112|0x0000000087000000, 0x0000000087000000, 0x0000000087100000|  0%| F|  |TAMS 0x0000000087000000, 0x0000000087000000| Untracked 
| 113|0x0000000087100000, 0x0000000087100000, 0x0000000087200000|  0%| F|  |TAMS 0x0000000087100000, 0x0000000087100000| Untracked 
| 114|0x0000000087200000, 0x0000000087200000, 0x0000000087300000|  0%| F|  |TAMS 0x0000000087200000, 0x0000000087200000| Untracked 
| 115|0x0000000087300000, 0x0000000087300000, 0x0000000087400000|  0%| F|  |TAMS 0x0000000087300000, 0x0000000087300000| Untracked 
| 116|0x0000000087400000, 0x0000000087400000, 0x0000000087500000|  0%| F|  |TAMS 0x0000000087400000, 0x0000000087400000| Untracked 
| 117|0x0000000087500000, 0x0000000087500000, 0x0000000087600000|  0%| F|  |TAMS 0x0000000087500000, 0x0000000087500000| Untracked 
| 118|0x0000000087600000, 0x0000000087600000, 0x0000000087700000|  0%| F|  |TAMS 0x0000000087600000, 0x0000000087600000| Untracked 
| 119|0x0000000087700000, 0x0000000087700000, 0x0000000087800000|  0%| F|  |TAMS 0x0000000087700000, 0x0000000087700000| Untracked 
| 120|0x0000000087800000, 0x0000000087800000, 0x0000000087900000|  0%| F|  |TAMS 0x0000000087800000, 0x0000000087800000| Untracked 
| 121|0x0000000087900000, 0x0000000087900000, 0x0000000087a00000|  0%| F|  |TAMS 0x0000000087900000, 0x0000000087900000| Untracked 
| 122|0x0000000087a00000, 0x0000000087a00000, 0x0000000087b00000|  0%| F|  |TAMS 0x0000000087a00000, 0x0000000087a00000| Untracked 
| 123|0x0000000087b00000, 0x0000000087b00000, 0x0000000087c00000|  0%| F|  |TAMS 0x0000000087b00000, 0x0000000087b00000| Untracked 
| 124|0x0000000087c00000, 0x0000000087c00000, 0x0000000087d00000|  0%| F|  |TAMS 0x0000000087c00000, 0x0000000087c00000| Untracked 
| 125|0x0000000087d00000, 0x0000000087d00000, 0x0000000087e00000|  0%| F|  |TAMS 0x0000000087d00000, 0x0000000087d00000| Untracked 
| 126|0x0000000087e00000, 0x0000000087e00000, 0x0000000087f00000|  0%| F|  |TAMS 0x0000000087e00000, 0x0000000087e00000| Untracked 
| 127|0x0000000087f00000, 0x0000000087f00000, 0x0000000088000000|  0%| F|  |TAMS 0x0000000087f00000, 0x0000000087f00000| Untracked 
| 128|0x0000000088000000, 0x0000000088000000, 0x0000000088100000|  0%| F|  |TAMS 0x0000000088000000, 0x0000000088000000| Untracked 
| 129|0x0000000088100000, 0x0000000088100000, 0x0000000088200000|  0%| F|  |TAMS 0x0000000088100000, 0x0000000088100000| Untracked 
| 130|0x0000000088200000, 0x0000000088200000, 0x0000000088300000|  0%| F|  |TAMS 0x0000000088200000, 0x0000000088200000| Untracked 
| 131|0x0000000088300000, 0x0000000088300000, 0x0000000088400000|  0%| F|  |TAMS 0x0000000088300000, 0x0000000088300000| Untracked 
| 132|0x0000000088400000, 0x0000000088400000, 0x0000000088500000|  0%| F|  |TAMS 0x0000000088400000, 0x0000000088400000| Untracked 
| 133|0x0000000088500000, 0x0000000088500000, 0x0000000088600000|  0%| F|  |TAMS 0x0000000088500000, 0x0000000088500000| Untracked 
| 134|0x0000000088600000, 0x0000000088600000, 0x0000000088700000|  0%| F|  |TAMS 0x0000000088600000, 0x0000000088600000| Untracked 
| 135|0x0000000088700000, 0x0000000088700000, 0x0000000088800000|  0%| F|  |TAMS 0x0000000088700000, 0x0000000088700000| Untracked 
| 136|0x0000000088800000, 0x0000000088800000, 0x0000000088900000|  0%| F|  |TAMS 0x0000000088800000, 0x0000000088800000| Untracked 
| 137|0x0000000088900000, 0x0000000088900000, 0x0000000088a00000|  0%| F|  |TAMS 0x0000000088900000, 0x0000000088900000| Untracked 
| 138|0x0000000088a00000, 0x0000000088a00000, 0x0000000088b00000|  0%| F|  |TAMS 0x0000000088a00000, 0x0000000088a00000| Untracked 
| 139|0x0000000088b00000, 0x0000000088b00000, 0x0000000088c00000|  0%| F|  |TAMS 0x0000000088b00000, 0x0000000088b00000| Untracked 
| 140|0x0000000088c00000, 0x0000000088c00000, 0x0000000088d00000|  0%| F|  |TAMS 0x0000000088c00000, 0x0000000088c00000| Untracked 
| 141|0x0000000088d00000, 0x0000000088d00000, 0x0000000088e00000|  0%| F|  |TAMS 0x0000000088d00000, 0x0000000088d00000| Untracked 
| 142|0x0000000088e00000, 0x0000000088e00000, 0x0000000088f00000|  0%| F|  |TAMS 0x0000000088e00000, 0x0000000088e00000| Untracked 
| 143|0x0000000088f00000, 0x0000000088f00000, 0x0000000089000000|  0%| F|  |TAMS 0x0000000088f00000, 0x0000000088f00000| Untracked 
| 144|0x0000000089000000, 0x0000000089000000, 0x0000000089100000|  0%| F|  |TAMS 0x0000000089000000, 0x0000000089000000| Untracked 
| 145|0x0000000089100000, 0x0000000089100000, 0x0000000089200000|  0%| F|  |TAMS 0x0000000089100000, 0x0000000089100000| Untracked 
| 146|0x0000000089200000, 0x0000000089200000, 0x0000000089300000|  0%| F|  |TAMS 0x0000000089200000, 0x0000000089200000| Untracked 
| 147|0x0000000089300000, 0x0000000089300000, 0x0000000089400000|  0%| F|  |TAMS 0x0000000089300000, 0x0000000089300000| Untracked 
| 148|0x0000000089400000, 0x0000000089400000, 0x0000000089500000|  0%| F|  |TAMS 0x0000000089400000, 0x0000000089400000| Untracked 
| 149|0x0000000089500000, 0x0000000089500000, 0x0000000089600000|  0%| F|  |TAMS 0x0000000089500000, 0x0000000089500000| Untracked 
| 150|0x0000000089600000, 0x0000000089600000, 0x0000000089700000|  0%| F|  |TAMS 0x0000000089600000, 0x0000000089600000| Untracked 
| 151|0x0000000089700000, 0x0000000089700000, 0x0000000089800000|  0%| F|  |TAMS 0x0000000089700000, 0x0000000089700000| Untracked 
| 152|0x0000000089800000, 0x0000000089800000, 0x0000000089900000|  0%| F|  |TAMS 0x0000000089800000, 0x0000000089800000| Untracked 
| 153|0x0000000089900000, 0x0000000089900000, 0x0000000089a00000|  0%| F|  |TAMS 0x0000000089900000, 0x0000000089900000| Untracked 
| 154|0x0000000089a00000, 0x0000000089a00000, 0x0000000089b00000|  0%| F|  |TAMS 0x0000000089a00000, 0x0000000089a00000| Untracked 
| 155|0x0000000089b00000, 0x0000000089b00000, 0x0000000089c00000|  0%| F|  |TAMS 0x0000000089b00000, 0x0000000089b00000| Untracked 
| 156|0x0000000089c00000, 0x0000000089c00000, 0x0000000089d00000|  0%| F|  |TAMS 0x0000000089c00000, 0x0000000089c00000| Untracked 
| 157|0x0000000089d00000, 0x0000000089d00000, 0x0000000089e00000|  0%| F|  |TAMS 0x0000000089d00000, 0x0000000089d00000| Untracked 
| 158|0x0000000089e00000, 0x0000000089e00000, 0x0000000089f00000|  0%| F|  |TAMS 0x0000000089e00000, 0x0000000089e00000| Untracked 
| 159|0x0000000089f00000, 0x0000000089f00000, 0x000000008a000000|  0%| F|  |TAMS 0x0000000089f00000, 0x0000000089f00000| Untracked 
| 160|0x000000008a000000, 0x000000008a000000, 0x000000008a100000|  0%| F|  |TAMS 0x000000008a000000, 0x000000008a000000| Untracked 
| 161|0x000000008a100000, 0x000000008a100000, 0x000000008a200000|  0%| F|  |TAMS 0x000000008a100000, 0x000000008a100000| Untracked 
| 162|0x000000008a200000, 0x000000008a200000, 0x000000008a300000|  0%| F|  |TAMS 0x000000008a200000, 0x000000008a200000| Untracked 
| 163|0x000000008a300000, 0x000000008a300000, 0x000000008a400000|  0%| F|  |TAMS 0x000000008a300000, 0x000000008a300000| Untracked 
| 164|0x000000008a400000, 0x000000008a400000, 0x000000008a500000|  0%| F|  |TAMS 0x000000008a400000, 0x000000008a400000| Untracked 
| 165|0x000000008a500000, 0x000000008a500000, 0x000000008a600000|  0%| F|  |TAMS 0x000000008a500000, 0x000000008a500000| Untracked 
| 166|0x000000008a600000, 0x000000008a600000, 0x000000008a700000|  0%| F|  |TAMS 0x000000008a600000, 0x000000008a600000| Untracked 
| 167|0x000000008a700000, 0x000000008a700000, 0x000000008a800000|  0%| F|  |TAMS 0x000000008a700000, 0x000000008a700000| Untracked 
| 168|0x000000008a800000, 0x000000008a800000, 0x000000008a900000|  0%| F|  |TAMS 0x000000008a800000, 0x000000008a800000| Untracked 
| 169|0x000000008a900000, 0x000000008a900000, 0x000000008aa00000|  0%| F|  |TAMS 0x000000008a900000, 0x000000008a900000| Untracked 
| 170|0x000000008aa00000, 0x000000008aa00000, 0x000000008ab00000|  0%| F|  |TAMS 0x000000008aa00000, 0x000000008aa00000| Untracked 
| 171|0x000000008ab00000, 0x000000008ab00000, 0x000000008ac00000|  0%| F|  |TAMS 0x000000008ab00000, 0x000000008ab00000| Untracked 
| 172|0x000000008ac00000, 0x000000008ac00000, 0x000000008ad00000|  0%| F|  |TAMS 0x000000008ac00000, 0x000000008ac00000| Untracked 
| 173|0x000000008ad00000, 0x000000008ad00000, 0x000000008ae00000|  0%| F|  |TAMS 0x000000008ad00000, 0x000000008ad00000| Untracked 
| 174|0x000000008ae00000, 0x000000008ae00000, 0x000000008af00000|  0%| F|  |TAMS 0x000000008ae00000, 0x000000008ae00000| Untracked 
| 175|0x000000008af00000, 0x000000008af00000, 0x000000008b000000|  0%| F|  |TAMS 0x000000008af00000, 0x000000008af00000| Untracked 
| 176|0x000000008b000000, 0x000000008b000000, 0x000000008b100000|  0%| F|  |TAMS 0x000000008b000000, 0x000000008b000000| Untracked 
| 177|0x000000008b100000, 0x000000008b100000, 0x000000008b200000|  0%| F|  |TAMS 0x000000008b100000, 0x000000008b100000| Untracked 
| 178|0x000000008b200000, 0x000000008b200000, 0x000000008b300000|  0%| F|  |TAMS 0x000000008b200000, 0x000000008b200000| Untracked 
| 179|0x000000008b300000, 0x000000008b300000, 0x000000008b400000|  0%| F|  |TAMS 0x000000008b300000, 0x000000008b300000| Untracked 
| 180|0x000000008b400000, 0x000000008b400000, 0x000000008b500000|  0%| F|  |TAMS 0x000000008b400000, 0x000000008b400000| Untracked 
| 181|0x000000008b500000, 0x000000008b500000, 0x000000008b600000|  0%| F|  |TAMS 0x000000008b500000, 0x000000008b500000| Untracked 
| 182|0x000000008b600000, 0x000000008b600000, 0x000000008b700000|  0%| F|  |TAMS 0x000000008b600000, 0x000000008b600000| Untracked 
| 183|0x000000008b700000, 0x000000008b700000, 0x000000008b800000|  0%| F|  |TAMS 0x000000008b700000, 0x000000008b700000| Untracked 
| 184|0x000000008b800000, 0x000000008b800000, 0x000000008b900000|  0%| F|  |TAMS 0x000000008b800000, 0x000000008b800000| Untracked 

Card table byte_map: [0x000002ae6d770000,0x000002ae6db70000] _byte_map_base: 0x000002ae6d370000

Marking Bits (Prev, Next): (CMBitMap*) 0x000002ae5867b1f8, (CMBitMap*) 0x000002ae5867b230
 Prev Bits: [0x000002ae6df70000, 0x000002ae6ff70000)
 Next Bits: [0x000002ae6ff70000, 0x000002ae71f70000)

Polling page: 0x000002ae58720000

Metaspace:

Usage:
  Non-class:     34.83 MB capacity,    34.27 MB ( 98%) used,   492.61 KB (  1%) free+waste,    83.25 KB ( <1%) overhead. 
      Class:      5.37 MB capacity,     5.00 MB ( 93%) used,   338.53 KB (  6%) free+waste,    40.50 KB ( <1%) overhead. 
       Both:     40.20 MB capacity,    39.27 MB ( 98%) used,   831.14 KB (  2%) free+waste,   123.75 KB ( <1%) overhead. 

Virtual space:
  Non-class space:       36.00 MB reserved,      34.87 MB ( 97%) committed 
      Class space:        1.00 GB reserved,       5.38 MB ( <1%) committed 
             Both:        1.04 GB reserved,      40.25 MB (  4%) committed 

Chunk freelists:
   Non-Class:  41.00 KB
       Class:  7.00 KB
        Both:  48.00 KB

MaxMetaspaceSize: 17179869184.00 GB
CompressedClassSpaceSize: 1.00 GB

CodeHeap 'non-profiled nmethods': size=120000Kb used=3307Kb max_used=3307Kb free=116692Kb
 bounds [0x000002ae653e0000, 0x000002ae65720000, 0x000002ae6c910000]
CodeHeap 'profiled nmethods': size=120000Kb used=8826Kb max_used=8826Kb free=111173Kb
 bounds [0x000002ae5deb0000, 0x000002ae5e750000, 0x000002ae653e0000]
CodeHeap 'non-nmethods': size=5760Kb used=2187Kb max_used=2259Kb free=3572Kb
 bounds [0x000002ae5d910000, 0x000002ae5db80000, 0x000002ae5deb0000]
 total_blobs=4649 nmethods=3898 adapters=662
 compilation: enabled
              stopped_count=0, restarted_count=0
 full_count=0

Compilation events (20 events):
Event: 11.314 Thread 0x000002ae74a85000 nmethod 3916% 0x000002ae5e732010 code [0x000002ae5e732be0, 0x000002ae5e73b5c8]
Event: 11.319 Thread 0x000002ae74a85000 3917       3       org.objectweb.asm.ClassReader::accept (1376 bytes)
Event: 11.328 Thread 0x000002ae74a85000 nmethod 3917 0x000002ae5e73fb90 code [0x000002ae5e740760, 0x000002ae5e748b68]
Event: 11.397 Thread 0x000002ae74a85000 3919       3       org.objectweb.asm.MethodWriter::visitLookupSwitchInsn (114 bytes)
Event: 11.398 Thread 0x000002ae74a85000 nmethod 3919 0x000002ae5e74d090 code [0x000002ae5e74d2c0, 0x000002ae5e74d768]
Event: 11.398 Thread 0x000002ae74a85000 3918       3       org.objectweb.asm.MethodVisitor::visitLookupSwitchInsn (18 bytes)
Event: 11.398 Thread 0x000002ae74a85000 nmethod 3918 0x000002ae5e74da90 code [0x000002ae5e74dc40, 0x000002ae5e74de28]
Event: 11.412 Thread 0x000002ae74a77800 3920       4       org.objectweb.asm.AnnotationWriter::create (50 bytes)
Event: 11.434 Thread 0x000002ae74a77800 nmethod 3920 0x000002ae65716790 code [0x000002ae657169a0, 0x000002ae657174a0]
Event: 11.453 Thread 0x000002ae76bfa800 3921       4       org.gradle.internal.classpath.InstrumentingTransformer$InstrumentingVisitor::visit (36 bytes)
Event: 11.468 Thread 0x000002ae74a85000 3922       3       java.lang.invoke.LambdaForm$MH/0x0000000100092440::invoke (31 bytes)
Event: 11.468 Thread 0x000002ae74a85000 nmethod 3922 0x000002ae5e74df10 code [0x000002ae5e74e0e0, 0x000002ae5e74e578]
Event: 11.473 Thread 0x000002ae76bfa800 nmethod 3921 0x000002ae65717b10 code [0x000002ae65717d00, 0x000002ae65718510]
Event: 11.474 Thread 0x000002ae74a77800 3923       4       org.objectweb.asm.ClassVisitor::visitSource (17 bytes)
Event: 11.482 Thread 0x000002ae74a77800 nmethod 3923 0x000002ae65718a90 code [0x000002ae65718c60, 0x000002ae65718ff8]
Event: 11.497 Thread 0x000002ae74a85000 3924       3       org.objectweb.asm.ClassVisitor::visitAnnotation (19 bytes)
Event: 11.498 Thread 0x000002ae74a85000 nmethod 3924 0x000002ae5e74e690 code [0x000002ae5e74e860, 0x000002ae5e74ea68]
Event: 11.522 Thread 0x000002ae76bfa800 3925       4       org.objectweb.asm.ClassReader::accept (1376 bytes)
Event: 11.548 Thread 0x000002ae74a77800 3926       4       org.objectweb.asm.ClassWriter::visitAnnotation (40 bytes)
Event: 11.585 Thread 0x000002ae74a77800 nmethod 3926 0x000002ae65719210 code [0x000002ae65719440, 0x000002ae6571a730]

GC Heap History (20 events):
Event: 8.690 GC heap after
{Heap after GC invocations=16 (full 0):
 garbage-first heap   total 131072K, used 50212K [0x0000000080000000, 0x0000000100000000)
  region size 1024K, 5 young (5120K), 5 survivors (5120K)
 Metaspace       used 40198K, capacity 41099K, committed 41212K, reserved 1085440K
  class space    used 5117K, capacity 5497K, committed 5504K, reserved 1048576K
}
Event: 8.913 GC heap before
{Heap before GC invocations=16 (full 0):
 garbage-first heap   total 131072K, used 98340K [0x0000000080000000, 0x0000000100000000)
  region size 1024K, 52 young (53248K), 5 survivors (5120K)
 Metaspace       used 40201K, capacity 41099K, committed 41212K, reserved 1085440K
  class space    used 5117K, capacity 5497K, committed 5504K, reserved 1048576K
}
Event: 8.916 GC heap after
{Heap after GC invocations=17 (full 0):
 garbage-first heap   total 131072K, used 50856K [0x0000000080000000, 0x0000000100000000)
  region size 1024K, 5 young (5120K), 5 survivors (5120K)
 Metaspace       used 40201K, capacity 41099K, committed 41212K, reserved 1085440K
  class space    used 5117K, capacity 5497K, committed 5504K, reserved 1048576K
}
Event: 9.121 GC heap before
{Heap before GC invocations=17 (full 0):
 garbage-first heap   total 131072K, used 100008K [0x0000000080000000, 0x0000000100000000)
  region size 1024K, 53 young (54272K), 5 survivors (5120K)
 Metaspace       used 40201K, capacity 41099K, committed 41212K, reserved 1085440K
  class space    used 5117K, capacity 5497K, committed 5504K, reserved 1048576K
}
Event: 9.124 GC heap after
{Heap after GC invocations=18 (full 0):
 garbage-first heap   total 157696K, used 51723K [0x0000000080000000, 0x0000000100000000)
  region size 1024K, 5 young (5120K), 5 survivors (5120K)
 Metaspace       used 40201K, capacity 41099K, committed 41212K, reserved 1085440K
  class space    used 5117K, capacity 5497K, committed 5504K, reserved 1048576K
}
Event: 9.423 GC heap before
{Heap before GC invocations=18 (full 0):
 garbage-first heap   total 157696K, used 118283K [0x0000000080000000, 0x0000000100000000)
  region size 1024K, 70 young (71680K), 5 survivors (5120K)
 Metaspace       used 40201K, capacity 41099K, committed 41212K, reserved 1085440K
  class space    used 5117K, capacity 5497K, committed 5504K, reserved 1048576K
}
Event: 9.426 GC heap after
{Heap after GC invocations=19 (full 0):
 garbage-first heap   total 157696K, used 53947K [0x0000000080000000, 0x0000000100000000)
  region size 1024K, 7 young (7168K), 7 survivors (7168K)
 Metaspace       used 40201K, capacity 41099K, committed 41212K, reserved 1085440K
  class space    used 5117K, capacity 5497K, committed 5504K, reserved 1048576K
}
Event: 9.684 GC heap before
{Heap before GC invocations=19 (full 0):
 garbage-first heap   total 157696K, used 119483K [0x0000000080000000, 0x0000000100000000)
  region size 1024K, 71 young (72704K), 7 survivors (7168K)
 Metaspace       used 40205K, capacity 41163K, committed 41212K, reserved 1085440K
  class space    used 5117K, capacity 5497K, committed 5504K, reserved 1048576K
}
Event: 9.687 GC heap after
{Heap after GC invocations=20 (full 0):
 garbage-first heap   total 157696K, used 54712K [0x0000000080000000, 0x0000000100000000)
  region size 1024K, 7 young (7168K), 7 survivors (7168K)
 Metaspace       used 40205K, capacity 41163K, committed 41212K, reserved 1085440K
  class space    used 5117K, capacity 5497K, committed 5504K, reserved 1048576K
}
Event: 9.993 GC heap before
{Heap before GC invocations=20 (full 0):
 garbage-first heap   total 157696K, used 120248K [0x0000000080000000, 0x0000000100000000)
  region size 1024K, 71 young (72704K), 7 survivors (7168K)
 Metaspace       used 40205K, capacity 41163K, committed 41212K, reserved 1085440K
  class space    used 5117K, capacity 5497K, committed 5504K, reserved 1048576K
}
Event: 9.997 GC heap after
{Heap after GC invocations=21 (full 0):
 garbage-first heap   total 157696K, used 55850K [0x0000000080000000, 0x0000000100000000)
  region size 1024K, 7 young (7168K), 7 survivors (7168K)
 Metaspace       used 40205K, capacity 41163K, committed 41212K, reserved 1085440K
  class space    used 5117K, capacity 5497K, committed 5504K, reserved 1048576K
}
Event: 10.411 GC heap before
{Heap before GC invocations=21 (full 0):
 garbage-first heap   total 157696K, used 121386K [0x0000000080000000, 0x0000000100000000)
  region size 1024K, 71 young (72704K), 7 survivors (7168K)
 Metaspace       used 40205K, capacity 41163K, committed 41212K, reserved 1085440K
  class space    used 5117K, capacity 5497K, committed 5504K, reserved 1048576K
}
Event: 10.416 GC heap after
{Heap after GC invocations=22 (full 0):
 garbage-first heap   total 189440K, used 56761K [0x0000000080000000, 0x0000000100000000)
  region size 1024K, 7 young (7168K), 7 survivors (7168K)
 Metaspace       used 40205K, capacity 41163K, committed 41212K, reserved 1085440K
  class space    used 5117K, capacity 5497K, committed 5504K, reserved 1048576K
}
Event: 10.730 GC heap before
{Heap before GC invocations=22 (full 0):
 garbage-first heap   total 189440K, used 140729K [0x0000000080000000, 0x0000000100000000)
  region size 1024K, 89 young (91136K), 7 survivors (7168K)
 Metaspace       used 40206K, capacity 41163K, committed 41212K, reserved 1085440K
  class space    used 5117K, capacity 5497K, committed 5504K, reserved 1048576K
}
Event: 10.734 GC heap after
{Heap after GC invocations=23 (full 0):
 garbage-first heap   total 189440K, used 59371K [0x0000000080000000, 0x0000000100000000)
  region size 1024K, 9 young (9216K), 9 survivors (9216K)
 Metaspace       used 40206K, capacity 41163K, committed 41212K, reserved 1085440K
  class space    used 5117K, capacity 5497K, committed 5504K, reserved 1048576K
}
Event: 11.092 GC heap before
{Heap before GC invocations=23 (full 0):
 garbage-first heap   total 189440K, used 144363K [0x0000000080000000, 0x0000000100000000)
  region size 1024K, 92 young (94208K), 9 survivors (9216K)
 Metaspace       used 40207K, capacity 41163K, committed 41212K, reserved 1085440K
  class space    used 5117K, capacity 5497K, committed 5504K, reserved 1048576K
}
Event: 11.098 GC heap after
{Heap after GC invocations=24 (full 0):
 garbage-first heap   total 189440K, used 60314K [0x0000000080000000, 0x0000000100000000)
  region size 1024K, 8 young (8192K), 8 survivors (8192K)
 Metaspace       used 40207K, capacity 41163K, committed 41212K, reserved 1085440K
  class space    used 5117K, capacity 5497K, committed 5504K, reserved 1048576K
}
Event: 11.461 GC heap before
{Heap before GC invocations=24 (full 0):
 garbage-first heap   total 189440K, used 144282K [0x0000000080000000, 0x0000000100000000)
  region size 1024K, 90 young (92160K), 8 survivors (8192K)
 Metaspace       used 40208K, capacity 41163K, committed 41212K, reserved 1085440K
  class space    used 5117K, capacity 5497K, committed 5504K, reserved 1048576K
}
Event: 11.467 GC heap after
{Heap after GC invocations=25 (full 0):
 garbage-first heap   total 189440K, used 61541K [0x0000000080000000, 0x0000000100000000)
  region size 1024K, 8 young (8192K), 8 survivors (8192K)
 Metaspace       used 40208K, capacity 41163K, committed 41212K, reserved 1085440K
  class space    used 5117K, capacity 5497K, committed 5504K, reserved 1048576K
}
Event: 11.838 GC heap before
{Heap before GC invocations=25 (full 0):
 garbage-first heap   total 189440K, used 146533K [0x0000000080000000, 0x0000000100000000)
  region size 1024K, 90 young (92160K), 8 survivors (8192K)
 Metaspace       used 40209K, capacity 41164K, committed 41212K, reserved 1085440K
  class space    used 5117K, capacity 5497K, committed 5504K, reserved 1048576K
}

Deoptimization events (20 events):
Event: 9.602 Thread 0x000002ae77e87800 DEOPT PACKING pc=0x000002ae5e6a6ebe sp=0x000000ec56dfde90
Event: 9.602 Thread 0x000002ae77e87800 DEOPT UNPACKING pc=0x000002ae5d9376ce sp=0x000000ec56dfd500 mode 0
Event: 9.610 Thread 0x000002ae77e87800 DEOPT PACKING pc=0x000002ae5e6a6ebe sp=0x000000ec56dfde90
Event: 9.610 Thread 0x000002ae77e87800 DEOPT UNPACKING pc=0x000002ae5d9376ce sp=0x000000ec56dfd500 mode 0
Event: 9.619 Thread 0x000002ae77e87800 DEOPT PACKING pc=0x000002ae5e6a6ebe sp=0x000000ec56dfde90
Event: 9.619 Thread 0x000002ae77e87800 DEOPT UNPACKING pc=0x000002ae5d9376ce sp=0x000000ec56dfd500 mode 0
Event: 9.623 Thread 0x000002ae77e87800 DEOPT PACKING pc=0x000002ae5e6a5f00 sp=0x000000ec56dfde90
Event: 9.623 Thread 0x000002ae77e87800 DEOPT UNPACKING pc=0x000002ae5d9376ce sp=0x000000ec56dfd500 mode 0
Event: 10.819 Thread 0x000002ae77e87800 Uncommon trap: trap_request=0xffffff4d fr.pc=0x000002ae6564e4cc relative=0x00000000000026cc
Event: 10.819 Thread 0x000002ae77e87800 Uncommon trap: reason=unstable_if action=reinterpret pc=0x000002ae6564e4cc method=org.gradle.internal.classpath.InstrumentingTransformer$InstrumentingMethodVisitor.visitMethodInsn(ILjava/lang/String;Ljava/lang/String;Ljava/lang/String;Z)V @ 107 c2
Event: 10.819 Thread 0x000002ae77e87800 DEOPT PACKING pc=0x000002ae6564e4cc sp=0x000000ec56dfe0d0
Event: 10.819 Thread 0x000002ae77e87800 DEOPT UNPACKING pc=0x000002ae5d9378af sp=0x000000ec56dfe0b0 mode 2
Event: 11.277 Thread 0x000002ae77e87800 Uncommon trap: trap_request=0xffffff4d fr.pc=0x000002ae656607ec relative=0x0000000000007e8c
Event: 11.277 Thread 0x000002ae77e87800 Uncommon trap: reason=unstable_if action=reinterpret pc=0x000002ae656607ec method=org.objectweb.asm.ClassReader.accept(Lorg/objectweb/asm/ClassVisitor;[Lorg/objectweb/asm/Attribute;I)V @ 485 c2
Event: 11.277 Thread 0x000002ae77e87800 DEOPT PACKING pc=0x000002ae656607ec sp=0x000000ec56dfe3d0
Event: 11.277 Thread 0x000002ae77e87800 DEOPT UNPACKING pc=0x000002ae5d9378af sp=0x000000ec56dfe388 mode 2
Event: 11.277 Thread 0x000002ae77e87800 Uncommon trap: trap_request=0xffffff4d fr.pc=0x000002ae656eed68 relative=0x00000000000001a8
Event: 11.277 Thread 0x000002ae77e87800 Uncommon trap: reason=unstable_if action=reinterpret pc=0x000002ae656eed68 method=org.objectweb.asm.TypeReference.putTarget(ILorg/objectweb/asm/ByteVector;)V @ 4 c2
Event: 11.277 Thread 0x000002ae77e87800 DEOPT PACKING pc=0x000002ae656eed68 sp=0x000000ec56dfe1a0
Event: 11.277 Thread 0x000002ae77e87800 DEOPT UNPACKING pc=0x000002ae5d9378af sp=0x000000ec56dfe140 mode 2

Classes redefined (0 events):
No events

Internal exceptions (20 events):
Event: 6.532 Thread 0x000002ae76c5b000 Exception <a 'java/lang/ClassNotFoundException'{0x000000008741a990}: groovy/lang/ClosureBeanInfo> (0x000000008741a990) thrown at [./src/hotspot/share/classfile/systemDictionary.cpp, line 231]
Event: 6.532 Thread 0x000002ae76c5b000 Exception <a 'java/lang/ClassNotFoundException'{0x0000000087432118}: groovy/lang/ClosureCustomizer> (0x0000000087432118) thrown at [./src/hotspot/share/classfile/systemDictionary.cpp, line 231]
Event: 6.535 Thread 0x000002ae76c5b000 Exception <a 'java/lang/ClassNotFoundException'{0x0000000087467600}: groovy/lang/Closure$1Customizer> (0x0000000087467600) thrown at [./src/hotspot/share/classfile/systemDictionary.cpp, line 231]
Event: 6.656 Thread 0x000002ae76c5b000 Exception <a 'java/lang/ClassNotFoundException'{0x00000000870f6850}: org/gradle/internal/metaobject/ConfigureDelegateBeanInfo> (0x00000000870f6850) thrown at [./src/hotspot/share/classfile/systemDictionary.cpp, line 231]
Event: 6.657 Thread 0x000002ae76c5b000 Exception <a 'java/lang/ClassNotFoundException'{0x0000000086f143a8}: org/gradle/internal/metaobject/ConfigureDelegateCustomizer> (0x0000000086f143a8) thrown at [./src/hotspot/share/classfile/systemDictionary.cpp, line 231]
Event: 6.663 Thread 0x000002ae76c5b000 Exception <a 'java/lang/ClassNotFoundException'{0x0000000086f6fe60}: org/gradle/api/internal/initialization/DefaultScriptHandlerBeanInfo> (0x0000000086f6fe60) thrown at [./src/hotspot/share/classfile/systemDictionary.cpp, line 231]
Event: 6.664 Thread 0x000002ae76c5b000 Exception <a 'java/lang/ClassNotFoundException'{0x0000000086f90ee0}: org/gradle/api/internal/initialization/DefaultScriptHandlerCustomizer> (0x0000000086f90ee0) thrown at [./src/hotspot/share/classfile/systemDictionary.cpp, line 231]
Event: 6.800 Thread 0x000002ae76c5b000 Exception <a 'java/lang/ClassNotFoundException'{0x00000000868ccb40}: org/gradle/api/internal/artifacts/dsl/dependencies/DefaultDependencyHandler_DecoratedBeanInfo> (0x00000000868ccb40) thrown at [./src/hotspot/share/classfile/systemDictionary.cpp, line 231]
Event: 6.802 Thread 0x000002ae76c5b000 Exception <a 'java/lang/ClassNotFoundException'{0x0000000086700068}: org/gradle/api/internal/artifacts/dsl/dependencies/DefaultDependencyHandlerBeanInfo> (0x0000000086700068) thrown at [./src/hotspot/share/classfile/systemDictionary.cpp, line 231]
Event: 6.803 Thread 0x000002ae76c5b000 Exception <a 'java/lang/ClassNotFoundException'{0x0000000086733490}: org/gradle/api/internal/artifacts/dsl/dependencies/DefaultDependencyHandlerCustomizer> (0x0000000086733490) thrown at [./src/hotspot/share/classfile/systemDictionary.cpp, line 231]
Event: 6.806 Thread 0x000002ae76c5b000 Exception <a 'java/lang/ClassNotFoundException'{0x0000000086785590}: org/gradle/api/internal/artifacts/dsl/dependencies/DefaultDependencyHandler_DecoratedCustomizer> (0x0000000086785590) thrown at [./src/hotspot/share/classfile/systemDictionary.cpp, line 231]
Event: 6.964 Thread 0x000002ae76c5b000 Exception <a 'java/lang/NoSuchMethodError'{0x0000000085b568a8}: 'java.lang.Object java.lang.invoke.DirectMethodHandle$Holder.invokeStatic(java.lang.Object, java.lang.Object, java.lang.Object, int)'> (0x0000000085b568a8) thrown at [./src/hotspot/share/interpreter/linkResolver.cpp, line 773]
Event: 6.964 Thread 0x000002ae76c5b000 Exception <a 'java/lang/NoSuchMethodError'{0x0000000085b5aec0}: 'java.lang.Object java.lang.invoke.DirectMethodHandle$Holder.invokeSpecial(java.lang.Object, java.lang.Object, java.lang.Object, java.lang.Object, int)'> (0x0000000085b5aec0) thrown at [./src/hotspot/share/interpreter/linkResolver.cpp, line 773]
Event: 6.964 Thread 0x000002ae76c5b000 Exception <a 'java/lang/NoSuchMethodError'{0x0000000085b5edf8}: 'java.lang.Object java.lang.invoke.Invokers$Holder.linkToTargetMethod(java.lang.Object, java.lang.Object, int, java.lang.Object)'> (0x0000000085b5edf8) thrown at [./src/hotspot/share/interpreter/linkResolver.cpp, line 773]
Event: 6.969 Thread 0x000002ae76c5b000 Exception <a 'java/lang/NoSuchMethodError'{0x0000000085ba5f28}: 'int java.lang.invoke.DirectMethodHandle$Holder.invokeInterface(java.lang.Object, java.lang.Object)'> (0x0000000085ba5f28) thrown at [./src/hotspot/share/interpreter/linkResolver.cpp, line 773]
Event: 6.970 Thread 0x000002ae76c5b000 Exception <a 'java/lang/IncompatibleClassChangeError'{0x0000000085ba9760}: Found class java.lang.Object, but interface was expected> (0x0000000085ba9760) thrown at [./src/hotspot/share/interpreter/linkResolver.cpp, line 839]
Event: 6.994 Thread 0x000002ae76c5b000 Exception <a 'java/lang/NoSuchMethodError'{0x00000000859222b8}: 'java.lang.Object java.lang.invoke.Invokers$Holder.linkToTargetMethod(java.lang.Object, int, java.lang.Object)'> (0x00000000859222b8) thrown at [./src/hotspot/share/interpreter/linkResolver.cpp, line 773]
Event: 7.040 Thread 0x000002ae76c5b000 Exception <a 'java/lang/NoSuchMethodError'{0x0000000087e89ac0}: 'int java.lang.invoke.DirectMethodHandle$Holder.invokeStaticInit(java.lang.Object)'> (0x0000000087e89ac0) thrown at [./src/hotspot/share/interpreter/linkResolver.cpp, line 773]
Event: 7.649 Thread 0x000002ae77e88000 Exception <a 'sun/nio/fs/WindowsException'{0x0000000086734410}> (0x0000000086734410) thrown at [./src/hotspot/share/prims/jni.cpp, line 615]
Event: 7.650 Thread 0x000002ae77e88000 Exception <a 'sun/nio/fs/WindowsException'{0x00000000867345d8}> (0x00000000867345d8) thrown at [./src/hotspot/share/prims/jni.cpp, line 615]

Events (20 events):
Event: 9.683 Executing VM operation: G1CollectForAllocation
Event: 9.687 Executing VM operation: G1CollectForAllocation done
Event: 9.822 Thread 0x000002ae7a04b000 Thread exited: 0x000002ae7a04b000
Event: 9.822 Thread 0x000002ae76bfa800 Thread exited: 0x000002ae76bfa800
Event: 9.993 Executing VM operation: G1CollectForAllocation
Event: 9.997 Executing VM operation: G1CollectForAllocation done
Event: 10.411 Executing VM operation: G1CollectForAllocation
Event: 10.416 Executing VM operation: G1CollectForAllocation done
Event: 10.627 Thread 0x000002ae76bfa800 Thread added: 0x000002ae76bfa800
Event: 10.730 Executing VM operation: G1CollectForAllocation
Event: 10.734 Executing VM operation: G1CollectForAllocation done
Event: 10.794 loading class org/apache/tools/zip/ZipOutputStream$1
Event: 10.794 loading class org/apache/tools/zip/ZipOutputStream$1 done
Event: 11.069 Thread 0x000002ae76bfa800 Thread exited: 0x000002ae76bfa800
Event: 11.091 Executing VM operation: G1CollectForAllocation
Event: 11.098 Executing VM operation: G1CollectForAllocation done
Event: 11.269 Thread 0x000002ae76bfa800 Thread added: 0x000002ae76bfa800
Event: 11.461 Executing VM operation: G1CollectForAllocation
Event: 11.467 Executing VM operation: G1CollectForAllocation done
Event: 11.837 Executing VM operation: G1CollectForAllocation


Dynamic libraries:
0x00007ff717770000 - 0x00007ff71777a000 	C:\Users\Dark Knight\Desktop\android-studio\jre\bin\java.exe
0x00007ffaf03b0000 - 0x00007ffaf05a5000 	C:\WINDOWS\SYSTEM32\ntdll.dll
0x00007ffaeef80000 - 0x00007ffaef03d000 	C:\WINDOWS\System32\KERNEL32.DLL
0x00007ffaedb80000 - 0x00007ffaede49000 	C:\WINDOWS\System32\KERNELBASE.dll
0x00007ffaee1c0000 - 0x00007ffaee2c0000 	C:\WINDOWS\System32\ucrtbase.dll
0x00007ffadb8d0000 - 0x00007ffadb8e7000 	C:\Users\Dark Knight\Desktop\android-studio\jre\bin\VCRUNTIME140.dll
0x00007ffad4930000 - 0x00007ffad4949000 	C:\Users\Dark Knight\Desktop\android-studio\jre\bin\jli.dll
0x00007ffaef3e0000 - 0x00007ffaef580000 	C:\WINDOWS\System32\USER32.dll
0x00007ffaee2c0000 - 0x00007ffaee2e2000 	C:\WINDOWS\System32\win32u.dll
0x00007ffaef3b0000 - 0x00007ffaef3da000 	C:\WINDOWS\System32\GDI32.dll
0x00007ffad3410000 - 0x00007ffad36aa000 	C:\WINDOWS\WinSxS\amd64_microsoft.windows.common-controls_6595b64144ccf1df_6.0.19041.1110_none_60b5254171f9507e\COMCTL32.dll
0x00007ffaefb20000 - 0x00007ffaefbbe000 	C:\WINDOWS\System32\msvcrt.dll
0x00007ffaede50000 - 0x00007ffaedf5b000 	C:\WINDOWS\System32\gdi32full.dll
0x00007ffaee350000 - 0x00007ffaee3ed000 	C:\WINDOWS\System32\msvcp_win.dll
0x00007ffaef250000 - 0x00007ffaef280000 	C:\WINDOWS\System32\IMM32.DLL
0x00007ffab14b0000 - 0x00007ffab154d000 	C:\Users\Dark Knight\Desktop\android-studio\jre\bin\msvcp140.dll
0x00007ffa836e0000 - 0x00007ffa841af000 	C:\Users\Dark Knight\Desktop\android-studio\jre\bin\server\jvm.dll
0x00007ffaee420000 - 0x00007ffaee4cc000 	C:\WINDOWS\System32\ADVAPI32.dll
0x00007ffaefbc0000 - 0x00007ffaefc5b000 	C:\WINDOWS\System32\sechost.dll
0x00007ffaef040000 - 0x00007ffaef16a000 	C:\WINDOWS\System32\RPCRT4.dll
0x00007ffaeedd0000 - 0x00007ffaeedd8000 	C:\WINDOWS\System32\PSAPI.DLL
0x00007ffae5730000 - 0x00007ffae5739000 	C:\WINDOWS\SYSTEM32\WSOCK32.dll
0x00007ffae4f60000 - 0x00007ffae4f6a000 	C:\WINDOWS\SYSTEM32\VERSION.dll
0x00007ffaef9f0000 - 0x00007ffaefa5b000 	C:\WINDOWS\System32\WS2_32.dll
0x00007ffad4e00000 - 0x00007ffad4e27000 	C:\WINDOWS\SYSTEM32\WINMM.dll
0x00007ffaec3b0000 - 0x00007ffaec3c2000 	C:\WINDOWS\SYSTEM32\kernel.appcore.dll
0x00007ffad58d0000 - 0x00007ffad58e1000 	C:\Users\Dark Knight\Desktop\android-studio\jre\bin\verify.dll
0x00007ffaeb790000 - 0x00007ffaeb974000 	C:\WINDOWS\SYSTEM32\DBGHELP.DLL
0x00007ffada760000 - 0x00007ffada78c000 	C:\WINDOWS\SYSTEM32\dbgcore.DLL
0x00007ffaedaf0000 - 0x00007ffaedb73000 	C:\WINDOWS\System32\bcryptPrimitives.dll
0x00007ffad47a0000 - 0x00007ffad47c9000 	C:\Users\Dark Knight\Desktop\android-studio\jre\bin\java.dll
0x00007ffae8e60000 - 0x00007ffae8e6b000 	C:\Users\Dark Knight\Desktop\android-studio\jre\bin\jimage.dll
0x00007ffad4a00000 - 0x00007ffad4a18000 	C:\Users\Dark Knight\Desktop\android-studio\jre\bin\zip.dll
0x00007ffaee4e0000 - 0x00007ffaeec1f000 	C:\WINDOWS\System32\SHELL32.dll
0x00007ffaebc00000 - 0x00007ffaec391000 	C:\WINDOWS\SYSTEM32\windows.storage.dll
0x00007ffaeff60000 - 0x00007ffaf02b5000 	C:\WINDOWS\System32\combase.dll
0x00007ffaed560000 - 0x00007ffaed58c000 	C:\WINDOWS\SYSTEM32\Wldp.dll
0x00007ffaefeb0000 - 0x00007ffaeff5e000 	C:\WINDOWS\System32\SHCORE.dll
0x00007ffaeef10000 - 0x00007ffaeef65000 	C:\WINDOWS\System32\shlwapi.dll
0x00007ffaeda30000 - 0x00007ffaeda4f000 	C:\WINDOWS\SYSTEM32\profapi.dll
0x00007ffad2780000 - 0x00007ffad279a000 	C:\Users\Dark Knight\Desktop\android-studio\jre\bin\net.dll
0x00007ffadc940000 - 0x00007ffadca4a000 	C:\WINDOWS\SYSTEM32\WINHTTP.dll
0x00007ffaed2c0000 - 0x00007ffaed32a000 	C:\WINDOWS\system32\mswsock.dll
0x00007fface790000 - 0x00007fface7a4000 	C:\Users\Dark Knight\Desktop\android-studio\jre\bin\nio.dll
0x00007ffad4950000 - 0x00007ffad4977000 	C:\Users\Dark Knight\.gradle\native\fdc75f09e3144964f2cf3f50f0aa648679c211496f362492102eb8c894070792\windows-amd64\native-platform.dll
0x00007ffaa4cd0000 - 0x00007ffaa4e66000 	C:\Users\Dark Knight\.gradle\native\12488b8bf47d2d4c9fbf2f6322a914ad602e24e48041cd04a747c6da556b65c4\windows-amd64\native-platform-file-events.dll
0x00007ffae72d0000 - 0x00007ffae72da000 	C:\Users\Dark Knight\Desktop\android-studio\jre\bin\management.dll
0x00007ffae7270000 - 0x00007ffae727c000 	C:\Users\Dark Knight\Desktop\android-studio\jre\bin\management_ext.dll
0x00007ffaed4a0000 - 0x00007ffaed4b8000 	C:\WINDOWS\SYSTEM32\CRYPTSP.dll
0x00007ffaecbf0000 - 0x00007ffaecc24000 	C:\WINDOWS\system32\rsaenh.dll
0x00007ffaee3f0000 - 0x00007ffaee417000 	C:\WINDOWS\System32\bcrypt.dll
0x00007ffaed9b0000 - 0x00007ffaed9de000 	C:\WINDOWS\SYSTEM32\USERENV.dll
0x00007ffaed4c0000 - 0x00007ffaed4cc000 	C:\WINDOWS\SYSTEM32\CRYPTBASE.dll
0x00007ffaecf60000 - 0x00007ffaecf9b000 	C:\WINDOWS\SYSTEM32\IPHLPAPI.DLL
0x00007ffaeef70000 - 0x00007ffaeef78000 	C:\WINDOWS\System32\NSI.dll
0x00007ffadec80000 - 0x00007ffadec97000 	C:\WINDOWS\SYSTEM32\dhcpcsvc6.DLL
0x00007ffadefb0000 - 0x00007ffadefcd000 	C:\WINDOWS\SYSTEM32\dhcpcsvc.DLL
0x00007ffaecfb0000 - 0x00007ffaed07c000 	C:\WINDOWS\SYSTEM32\DNSAPI.dll
0x00007ffae2bd0000 - 0x00007ffae2bdb000 	C:\WINDOWS\SYSTEM32\WINNSI.DLL

dbghelp: loaded successfully - version: 4.0.5 - missing functions: none
symbol engine: initialized successfully - sym options: 0x614 - pdb path: .;C:\Users\Dark Knight\Desktop\android-studio\jre\bin;C:\WINDOWS\SYSTEM32;C:\WINDOWS\WinSxS\amd64_microsoft.windows.common-controls_6595b64144ccf1df_6.0.19041.1110_none_60b5254171f9507e;C:\Users\Dark Knight\Desktop\android-studio\jre\bin\server;C:\Users\Dark Knight\.gradle\native\fdc75f09e3144964f2cf3f50f0aa648679c211496f362492102eb8c894070792\windows-amd64;C:\Users\Dark Knight\.gradle\native\12488b8bf47d2d4c9fbf2f6322a914ad602e24e48041cd04a747c6da556b65c4\windows-amd64

VM Arguments:
jvm_args: --add-opens=java.base/java.util=ALL-UNNAMED --add-opens=java.base/java.lang=ALL-UNNAMED --add-opens=java.base/java.lang.invoke=ALL-UNNAMED --add-opens=java.prefs/java.util.prefs=ALL-UNNAMED -Xmx2048m -Dfile.encoding=UTF-8 -Duser.country=IN -Duser.language=en -Duser.variant 
java_command: org.gradle.launcher.daemon.bootstrap.GradleDaemon 6.7.1
java_class_path (initial): C:\Users\Dark Knight\.gradle\wrapper\dists\gradle-6.7.1-bin\bwlcbys1h7rz3272sye1xwiv6\gradle-6.7.1\lib\gradle-launcher-6.7.1.jar
Launcher Type: SUN_STANDARD

[Global flags]
     intx CICompilerCount                          = 4                                         {product} {ergonomic}
     uint ConcGCThreads                            = 2                                         {product} {ergonomic}
     uint G1ConcRefinementThreads                  = 8                                         {product} {ergonomic}
   size_t G1HeapRegionSize                         = 1048576                                   {product} {ergonomic}
    uintx GCDrainStackTargetSize                   = 64                                        {product} {ergonomic}
   size_t InitialHeapSize                          = 134217728                                 {product} {ergonomic}
   size_t MarkStackSize                            = 4194304                                   {product} {ergonomic}
   size_t MaxHeapSize                              = 2147483648                                {product} {command line}
   size_t MaxNewSize                               = 1287651328                                {product} {ergonomic}
   size_t MinHeapDeltaBytes                        = 1048576                                   {product} {ergonomic}
    uintx NonNMethodCodeHeapSize                   = 5836300                                {pd product} {ergonomic}
    uintx NonProfiledCodeHeapSize                  = 122910970                              {pd product} {ergonomic}
    uintx ProfiledCodeHeapSize                     = 122910970                              {pd product} {ergonomic}
    uintx ReservedCodeCacheSize                    = 251658240                              {pd product} {ergonomic}
     bool SegmentedCodeCache                       = true                                      {product} {ergonomic}
     bool UseCompressedClassPointers               = true                                 {lp64_product} {ergonomic}
     bool UseCompressedOops                        = true                                 {lp64_product} {ergonomic}
     bool UseG1GC                                  = true                                      {product} {ergonomic}
     bool UseLargePagesIndividualAllocation        = false                                  {pd product} {ergonomic}

Logging:
Log output configuration:
 #0: stdout all=warning uptime,level,tags
 #1: stderr all=off uptime,level,tags

Environment Variables:
PATH=C:\Windows\system32;C:\Windows;C:\Windows\System32\Wbem;C:\Windows\System32\WindowsPowerShell\v1.0\;C:\Windows\System32\OpenSSH\;C:\Program Files (x86)\NVIDIA Corporation\PhysX\Common;C:\Program Files\NVIDIA Corporation\NVIDIA NvDLISR;C:\WINDOWS\system32;C:\WINDOWS;C:\WINDOWS\System32\Wbem;C:\WINDOWS\System32\WindowsPowerShell\v1.0\;C:\WINDOWS\System32\OpenSSH\;C:\MinGW\bin;C:\Program Files\MEGA-X;C:\WINDOWS\system32;C:\WINDOWS;C:\WINDOWS\System32\Wbem;C:\WINDOWS\System32\WindowsPowerShell\v1.0\;C:\WINDOWS\System32\OpenSSH\;C:\Program Files\Git\cmd;C:\Users\Dark Knight\AppData\Local\Microsoft\WindowsApps;C:\Users\Dark Knight\AppData\Local\atom\bin;C:\MinGW\bin;C:\Program Files (x86)\Microsoft Visual Studio\2019\BuildTools\MSBuild\Current\Bin;C:\Users\Dark Knight\AppData\Local\Microsoft\WindowsApps
USERNAME=Dark Knight
OS=Windows_NT
PROCESSOR_IDENTIFIER=Intel64 Family 6 Model 158 Stepping 10, GenuineIntel



---------------  S Y S T E M  ---------------

OS: Windows 10 , 64 bit Build 19041 (10.0.19041.1023)
OS uptime: 9 days 0:52 hours

CPU:total 8 (initial active 8) (4 cores per cpu, 2 threads per core) family 6 model 158 stepping 10 microcode 0xde, cmov, cx8, fxsr, mmx, sse, sse2, sse3, ssse3, sse4.1, sse4.2, popcnt, avx, avx2, aes, clmul, erms, 3dnowpref, lzcnt, ht, tsc, tscinvbit, bmi1, bmi2, adx, fma

Memory: 4k page, system-wide physical 8072M (861M free)
TotalPageFile size 12168M (AvailPageFile size 34M)
current process WorkingSet (physical memory assigned to process): 400M, peak: 400M
current process commit charge ("private bytes"): 453M, peak: 490M

vm_info: OpenJDK 64-Bit Server VM (11.0.10+0-b96-7249189) for windows-amd64 JRE (11.0.10+0-b96-7249189), built on Mar 31 2021 21:44:00 by "builder" with MS VC++ 14.0 (VS2015)

END.
