#
# There is insufficient memory for the Java Runtime Environment to continue.
# Native memory allocation (malloc) failed to allocate 427216 bytes for Chunk::new
# Possible reasons:
#   The system is out of physical RAM or swap space
#   The process is running with CompressedOops enabled, and the Java Heap may be blocking the growth of the native heap
# Possible solutions:
#   Reduce memory load on the system
#   Increase physical memory or swap space
#   Check if swap backing store is full
#   Decrease Java heap size (-Xmx/-Xms)
#   Decrease number of Java threads
#   Decrease Java thread stack sizes (-Xss)
#   Set larger code cache with -XX:ReservedCodeCacheSize=
#   JVM is running with Unscaled Compressed Oops mode in which the Java heap is
#     placed in the first 4GB address space. The Java Heap base address is the
#     maximum limit for the native heap growth. Please use -XX:HeapBaseMinAddress
#     to set the Java Heap base and to place the Java Heap above 4GB virtual address.
# This output file may be truncated or incomplete.
#
#  Out of Memory Error (./src/hotspot/share/memory/arena.cpp:197), pid=36988, tid=34036
#
# JRE version: OpenJDK Runtime Environment (11.0.8+10) (build 11.0.8+10-b944.6842174)
# Java VM: OpenJDK 64-Bit Server VM (11.0.8+10-b944.6842174, mixed mode, tiered, compressed oops, g1 gc, windows-amd64)
# No core dump will be written. Minidumps are not enabled by default on client versions of Windows
#

---------------  S U M M A R Y ------------

Command Line: --add-opens=java.base/java.util=ALL-UNNAMED --add-opens=java.base/java.lang=ALL-UNNAMED --add-opens=java.base/java.lang.invoke=ALL-UNNAMED --add-opens=java.prefs/java.util.prefs=ALL-UNNAMED -Xmx2048m -Dfile.encoding=UTF-8 -Duser.country=IN -Duser.language=en -Duser.variant org.gradle.launcher.daemon.bootstrap.GradleDaemon 6.7.1

Host: Intel(R) Core(TM) i5-9300H CPU @ 2.40GHz, 8 cores, 7G,  Windows 10 , 64 bit Build 19041 (10.0.19041.1023)
Time: Wed Jul 28 17:18:44 2021 India Standard Time elapsed time: 14 seconds (0d 0h 0m 14s)

---------------  T H R E A D  ---------------

Current thread (0x000001878fcf4800):  JavaThread "C2 CompilerThread2" daemon [_thread_in_native, id=34036, stack(0x00000014a4800000,0x00000014a4900000)]


Current CompileTask:
C2:  14450 9337   !   4       java.io.BufferedReader::readLine (304 bytes)

Stack: [0x00000014a4800000,0x00000014a4900000]
Native frames: (J=compiled Java code, j=interpreted, Vv=VM code, C=native code)
V  [jvm.dll+0x5de50a]
V  [jvm.dll+0x7122f5]
V  [jvm.dll+0x71384d]
V  [jvm.dll+0x713f03]
V  [jvm.dll+0x23e728]
V  [jvm.dll+0xb899c]
V  [jvm.dll+0xb8e9c]
V  [jvm.dll+0x35024d]
V  [jvm.dll+0x31dea3]
V  [jvm.dll+0x31d39a]
V  [jvm.dll+0x1f7702]
V  [jvm.dll+0x1f68d4]
V  [jvm.dll+0x17f32c]
V  [jvm.dll+0x205047]
V  [jvm.dll+0x203891]
V  [jvm.dll+0x6dad3f]
V  [jvm.dll+0x6d3895]
V  [jvm.dll+0x5dd4a6]
C  [ucrtbase.dll+0x21bb2]
C  [KERNEL32.DLL+0x17034]
C  [ntdll.dll+0x52651]


---------------  P R O C E S S  ---------------

Threads class SMR info:
_java_thread_list=0x0000018792dbe880, length=172, elements={
0x00000187f006b000, 0x00000187fbaa0000, 0x00000187fbaa1000, 0x00000187fc422800,
0x00000187fc423800, 0x00000187fc424800, 0x00000187fc42b800, 0x00000187fc42d000,
0x00000187fc580800, 0x00000187fc5b5800, 0x00000187fdf60800, 0x00000187fc612800,
0x00000187fe5ec800, 0x00000187fdf0a800, 0x00000187fe2e7000, 0x00000187fd0fc800,
0x00000187fe281000, 0x00000187fdcce000, 0x00000187fe1f8800, 0x00000187fd9c3000,
0x00000187fe9cd000, 0x00000187fe9ce000, 0x00000187fe9cb800, 0x00000187fe9cc800,
0x00000187fe9c8800, 0x00000187fe9ca800, 0x00000187fe9cf000, 0x00000187fe9c9000,
0x00000187fe9ca000, 0x000001878fd82000, 0x000001878fd84800, 0x000001878fd87800,
0x000001878fd89000, 0x000001878fd83800, 0x000001878fd86800, 0x000001878fd8a000,
0x000001878fd8b000, 0x000001878fd85000, 0x000001878fd8b800, 0x000001878fd86000,
0x000001878fd8c800, 0x000001878fd8d800, 0x000001878fd8e000, 0x000001878fd8f000,
0x00000187fd560800, 0x00000187fd561800, 0x00000187fd560000, 0x00000187fd55d800,
0x00000187fd55c800, 0x00000187fd562000, 0x00000187fd564000, 0x00000187fd563000,
0x00000187fd55e000, 0x00000187fd564800, 0x00000187fd55f000, 0x00000187fd569800,
0x00000187fd565800, 0x00000187fd567000, 0x00000187fd56a800, 0x00000187fd56b000,
0x00000187fd566800, 0x00000187fd568800, 0x00000187fd568000, 0x00000187910bf000,
0x00000187910bd800, 0x00000187910bc800, 0x00000187910c0000, 0x00000187910be800,
0x00000187910c6800, 0x00000187910c3000, 0x00000187910c0800, 0x00000187910c5000,
0x00000187910c4000, 0x00000187910c7000, 0x00000187910c1800, 0x00000187910c5800,
0x00000187910c2800, 0x00000187910ca800, 0x00000187910cb800, 0x00000187910c8000,
0x00000187910c9000, 0x00000187910c9800, 0x000001878fd52800, 0x000001878fd54000,
0x000001878fd56800, 0x000001878fd55000, 0x000001878fd58000, 0x000001878fd55800,
0x000001878fd59000, 0x000001878fd53000, 0x000001878fd5a800, 0x000001878fd59800,
0x000001878fd5d000, 0x000001878fd5b800, 0x000001878fd5c000, 0x000001878fd57000,
0x000001878fd5e000, 0x000001878fd5e800, 0x000001878fd5f800, 0x000001878fd60000,
0x000001878fd61000, 0x000001878fd62800, 0x000001878fd68000, 0x000001878fd64000,
0x000001878fd63000, 0x000001878fd67000, 0x000001878fd69000, 0x000001878fd6a800,
0x000001878fd65000, 0x000001878fd69800, 0x000001878fd66800, 0x000001878fd6b800,
0x000001878fd65800, 0x000001878fd6e000, 0x000001878fd6c000, 0x000001878fd6d000,
0x000001878fd6e800, 0x000001878fd6f800, 0x000001878fd70000, 0x000001878fd71000,
0x0000018790cf9800, 0x0000018790cf9000, 0x0000018790cfa800, 0x0000018790cfb000,
0x0000018790cf7000, 0x0000018790cf5800, 0x0000018790cfc000, 0x0000018790cf6800,
0x0000018790cfd800, 0x0000018790cf8000, 0x0000018790d02000, 0x0000018790cfe800,
0x0000018790cfd000, 0x0000018790cff800, 0x0000018790d02800, 0x0000018790d00000,
0x0000018790d01000, 0x0000018790d03800, 0x0000018790d04000, 0x0000018790a83800,
0x0000018790a7e000, 0x0000018790a84800, 0x0000018790a7f800, 0x0000018790a80800,
0x0000018790a7f000, 0x0000018790a81800, 0x0000018790a85800, 0x0000018790a86000,
0x0000018790a87000, 0x0000018790a88000, 0x0000018790a82000, 0x0000018790a88800,
0x0000018790a83000, 0x0000018790a89800, 0x0000018790a8a000, 0x0000018790a8c000,
0x0000018790a8b000, 0x00000187936ab800, 0x00000187936a8800, 0x00000187936aa000,
0x00000187936ac800, 0x00000187936a9800, 0x00000187936a7000, 0x00000187936b0000,
0x00000187936b0800, 0x00000187936ad800, 0x00000187936ab000, 0x00000187936b1800,
0x00000187936b2800, 0x00000187fef31800, 0x000001878fcf4800, 0x00000187936b3000
}

Java Threads: ( => current thread )
  0x00000187f006b000 JavaThread "main" [_thread_blocked, id=41112, stack(0x00000014a1700000,0x00000014a1800000)]
  0x00000187fbaa0000 JavaThread "Reference Handler" daemon [_thread_blocked, id=36496, stack(0x00000014a1e00000,0x00000014a1f00000)]
  0x00000187fbaa1000 JavaThread "Finalizer" daemon [_thread_blocked, id=7696, stack(0x00000014a1f00000,0x00000014a2000000)]
  0x00000187fc422800 JavaThread "Signal Dispatcher" daemon [_thread_blocked, id=24452, stack(0x00000014a2000000,0x00000014a2100000)]
  0x00000187fc423800 JavaThread "Attach Listener" daemon [_thread_blocked, id=26820, stack(0x00000014a2100000,0x00000014a2200000)]
  0x00000187fc424800 JavaThread "C2 CompilerThread0" daemon [_thread_blocked, id=30532, stack(0x00000014a2200000,0x00000014a2300000)]
  0x00000187fc42b800 JavaThread "C1 CompilerThread0" daemon [_thread_blocked, id=35460, stack(0x00000014a2300000,0x00000014a2400000)]
  0x00000187fc42d000 JavaThread "Sweeper thread" daemon [_thread_blocked, id=2260, stack(0x00000014a2400000,0x00000014a2500000)]
  0x00000187fc580800 JavaThread "Common-Cleaner" daemon [_thread_blocked, id=38284, stack(0x00000014a2500000,0x00000014a2600000)]
  0x00000187fc5b5800 JavaThread "Service Thread" daemon [_thread_blocked, id=1632, stack(0x00000014a2600000,0x00000014a2700000)]
  0x00000187fdf60800 JavaThread "Daemon health stats" [_thread_blocked, id=8324, stack(0x00000014a2d00000,0x00000014a2e00000)]
  0x00000187fc612800 JavaThread "Incoming local TCP Connector on port 49207" [_thread_in_native, id=3036, stack(0x00000014a2e00000,0x00000014a2f00000)]
  0x00000187fe5ec800 JavaThread "Daemon periodic checks" [_thread_blocked, id=38204, stack(0x00000014a2f00000,0x00000014a3000000)]
  0x00000187fdf0a800 JavaThread "Daemon" [_thread_blocked, id=20512, stack(0x00000014a3000000,0x00000014a3100000)]
  0x00000187fe2e7000 JavaThread "Handler for socket connection from /127.0.0.1:49207 to /127.0.0.1:49208" [_thread_in_native, id=39196, stack(0x00000014a3100000,0x00000014a3200000)]
  0x00000187fd0fc800 JavaThread "Cancel handler" [_thread_blocked, id=24628, stack(0x00000014a3200000,0x00000014a3300000)]
  0x00000187fe281000 JavaThread "Daemon worker" [_thread_blocked, id=31668, stack(0x00000014a3300000,0x00000014a3400000)]
  0x00000187fdcce000 JavaThread "Asynchronous log dispatcher for DefaultDaemonConnection: socket connection from /127.0.0.1:49207 to /127.0.0.1:49208" [_thread_blocked, id=3412, stack(0x00000014a3400000,0x00000014a3500000)]
  0x00000187fe1f8800 JavaThread "Stdin handler" [_thread_blocked, id=15400, stack(0x00000014a3500000,0x00000014a3600000)]
  0x00000187fd9c3000 JavaThread "Thread-8" [_thread_blocked, id=14496, stack(0x00000014a3600000,0x00000014a3700000)]
  0x00000187fe9cd000 JavaThread "Cache worker for file hash cache (C:\Users\Dark Knight\.gradle\caches\6.7.1\fileHashes)" [_thread_blocked, id=1624, stack(0x00000014a3700000,0x00000014a3800000)]
  0x00000187fe9ce000 JavaThread "File lock request listener" [_thread_in_native, id=18640, stack(0x00000014a3800000,0x00000014a3900000)]
  0x00000187fe9cb800 JavaThread "Cache worker for journal cache (C:\Users\Dark Knight\.gradle\caches\journal-1)" [_thread_blocked, id=40676, stack(0x00000014a3f00000,0x00000014a4000000)]
  0x00000187fe9cc800 JavaThread "Cache worker for file hash cache (C:\Android Projects\Udemy TUTORIAL\KidsDrawingApp\.gradle\6.7.1\fileHashes)" [_thread_blocked, id=20804, stack(0x00000014a4200000,0x00000014a4300000)]
  0x00000187fe9c8800 JavaThread "Cache worker for checksums cache (C:\Android Projects\Udemy TUTORIAL\KidsDrawingApp\.gradle\checksums)" [_thread_blocked, id=11112, stack(0x00000014a4300000,0x00000014a4400000)]
  0x00000187fe9ca800 JavaThread "Cache worker for cache directory md-supplier (C:\Users\Dark Knight\.gradle\caches\6.7.1\md-supplier)" [_thread_blocked, id=4472, stack(0x00000014a4400000,0x00000014a4500000)]
  0x00000187fe9cf000 JavaThread "Cache worker for cache directory md-rule (C:\Users\Dark Knight\.gradle\caches\6.7.1\md-rule)" [_thread_blocked, id=23148, stack(0x00000014a4500000,0x00000014a4600000)]
  0x00000187fe9c9000 JavaThread "Cache worker for execution history cache (C:\Users\Dark Knight\.gradle\caches\6.7.1\executionHistory)" [_thread_blocked, id=9668, stack(0x00000014a4600000,0x00000014a4700000)]
  0x00000187fe9ca000 JavaThread "jar transforms" [_thread_blocked, id=2000, stack(0x00000014a4100000,0x00000014a4200000)]
  0x000001878fd82000 JavaThread "Cache worker for file content cache (C:\Users\Dark Knight\.gradle\caches\6.7.1\fileContent)" [_thread_blocked, id=2108, stack(0x00000014a4700000,0x00000014a4800000)]
  0x000001878fd84800 JavaThread "Cache worker for Build Output Cleanup Cache (C:\Android Projects\Udemy TUTORIAL\KidsDrawingApp\.gradle\buildOutputCleanup)" [_thread_blocked, id=14008, stack(0x00000014a4900000,0x00000014a4a00000)]
  0x000001878fd87800 JavaThread "Build operations" [_thread_blocked, id=40476, stack(0x00000014a4a00000,0x00000014a4b00000)]
  0x000001878fd89000 JavaThread "Build operations Thread 2" [_thread_blocked, id=18992, stack(0x00000014a4b00000,0x00000014a4c00000)]
  0x000001878fd83800 JavaThread "Build operations Thread 3" [_thread_blocked, id=28176, stack(0x00000014a4c00000,0x00000014a4d00000)]
  0x000001878fd86800 JavaThread "Build operations Thread 4" [_thread_blocked, id=34508, stack(0x00000014a4d00000,0x00000014a4e00000)]
  0x000001878fd8a000 JavaThread "Build operations Thread 5" [_thread_blocked, id=30976, stack(0x00000014a4e00000,0x00000014a4f00000)]
  0x000001878fd8b000 JavaThread "Build operations Thread 6" [_thread_blocked, id=36528, stack(0x00000014a4f00000,0x00000014a5000000)]
  0x000001878fd85000 JavaThread "Build operations Thread 7" [_thread_blocked, id=1480, stack(0x00000014a5000000,0x00000014a5100000)]
  0x000001878fd8b800 JavaThread "Build operations Thread 8" [_thread_blocked, id=4652, stack(0x00000014a5100000,0x00000014a5200000)]
  0x000001878fd86000 JavaThread "jar transforms Thread 2" [_thread_blocked, id=17800, stack(0x00000014a5200000,0x00000014a5300000)]
  0x000001878fd8c800 JavaThread "jar transforms Thread 3" [_thread_blocked, id=24492, stack(0x00000014a5300000,0x00000014a5400000)]
  0x000001878fd8d800 JavaThread "jar transforms Thread 4" [_thread_blocked, id=37400, stack(0x00000014a5400000,0x00000014a5500000)]
  0x000001878fd8e000 JavaThread "jar transforms Thread 5" [_thread_blocked, id=11700, stack(0x00000014a5500000,0x00000014a5600000)]
  0x000001878fd8f000 JavaThread "jar transforms Thread 6" [_thread_blocked, id=25972, stack(0x00000014a5600000,0x00000014a5700000)]
  0x00000187fd560800 JavaThread "jar transforms Thread 7" [_thread_blocked, id=36772, stack(0x00000014a5700000,0x00000014a5800000)]
  0x00000187fd561800 JavaThread "jar transforms Thread 8" [_thread_blocked, id=6200, stack(0x00000014a5800000,0x00000014a5900000)]
  0x00000187fd560000 JavaThread "jar transforms Thread 9" [_thread_blocked, id=33380, stack(0x00000014a5900000,0x00000014a5a00000)]
  0x00000187fd55d800 JavaThread "jar transforms Thread 10" [_thread_blocked, id=41012, stack(0x00000014a5a00000,0x00000014a5b00000)]
  0x00000187fd55c800 JavaThread "jar transforms Thread 11" [_thread_blocked, id=33452, stack(0x00000014a5b00000,0x00000014a5c00000)]
  0x00000187fd562000 JavaThread "jar transforms Thread 12" [_thread_blocked, id=34876, stack(0x00000014a5c00000,0x00000014a5d00000)]
  0x00000187fd564000 JavaThread "jar transforms Thread 13" [_thread_blocked, id=28064, stack(0x00000014a5d00000,0x00000014a5e00000)]
  0x00000187fd563000 JavaThread "jar transforms Thread 14" [_thread_blocked, id=9548, stack(0x00000014a5e00000,0x00000014a5f00000)]
  0x00000187fd55e000 JavaThread "jar transforms Thread 15" [_thread_blocked, id=37704, stack(0x00000014a5f00000,0x00000014a6000000)]
  0x00000187fd564800 JavaThread "jar transforms Thread 16" [_thread_blocked, id=13480, stack(0x00000014a6000000,0x00000014a6100000)]
  0x00000187fd55f000 JavaThread "jar transforms Thread 17" [_thread_blocked, id=37668, stack(0x00000014a6100000,0x00000014a6200000)]
  0x00000187fd569800 JavaThread "jar transforms Thread 18" [_thread_blocked, id=14776, stack(0x00000014a6200000,0x00000014a6300000)]
  0x00000187fd565800 JavaThread "jar transforms Thread 19" [_thread_blocked, id=38240, stack(0x00000014a6300000,0x00000014a6400000)]
  0x00000187fd567000 JavaThread "jar transforms Thread 20" [_thread_blocked, id=40776, stack(0x00000014a6400000,0x00000014a6500000)]
  0x00000187fd56a800 JavaThread "jar transforms Thread 21" [_thread_blocked, id=40600, stack(0x00000014a6500000,0x00000014a6600000)]
  0x00000187fd56b000 JavaThread "jar transforms Thread 22" [_thread_blocked, id=20448, stack(0x00000014a6600000,0x00000014a6700000)]
  0x00000187fd566800 JavaThread "jar transforms Thread 23" [_thread_blocked, id=16304, stack(0x00000014a6700000,0x00000014a6800000)]
  0x00000187fd568800 JavaThread "jar transforms Thread 24" [_thread_blocked, id=36040, stack(0x00000014a6800000,0x00000014a6900000)]
  0x00000187fd568000 JavaThread "jar transforms Thread 25" [_thread_blocked, id=15544, stack(0x00000014a6900000,0x00000014a6a00000)]
  0x00000187910bf000 JavaThread "jar transforms Thread 26" [_thread_blocked, id=7324, stack(0x00000014a6a00000,0x00000014a6b00000)]
  0x00000187910bd800 JavaThread "jar transforms Thread 27" [_thread_blocked, id=18652, stack(0x00000014a6b00000,0x00000014a6c00000)]
  0x00000187910bc800 JavaThread "jar transforms Thread 28" [_thread_blocked, id=34616, stack(0x00000014a6c00000,0x00000014a6d00000)]
  0x00000187910c0000 JavaThread "jar transforms Thread 29" [_thread_blocked, id=37832, stack(0x00000014a6d00000,0x00000014a6e00000)]
  0x00000187910be800 JavaThread "jar transforms Thread 30" [_thread_blocked, id=40964, stack(0x00000014a6e00000,0x00000014a6f00000)]
  0x00000187910c6800 JavaThread "jar transforms Thread 31" [_thread_blocked, id=37056, stack(0x00000014a6f00000,0x00000014a7000000)]
  0x00000187910c3000 JavaThread "jar transforms Thread 32" [_thread_blocked, id=18032, stack(0x00000014a7000000,0x00000014a7100000)]
  0x00000187910c0800 JavaThread "jar transforms Thread 33" [_thread_blocked, id=11460, stack(0x00000014a7100000,0x00000014a7200000)]
  0x00000187910c5000 JavaThread "jar transforms Thread 34" [_thread_blocked, id=35464, stack(0x00000014a7200000,0x00000014a7300000)]
  0x00000187910c4000 JavaThread "jar transforms Thread 35" [_thread_blocked, id=31128, stack(0x00000014a7300000,0x00000014a7400000)]
  0x00000187910c7000 JavaThread "jar transforms Thread 36" [_thread_blocked, id=9268, stack(0x00000014a7400000,0x00000014a7500000)]
  0x00000187910c1800 JavaThread "jar transforms Thread 37" [_thread_blocked, id=23464, stack(0x00000014a7500000,0x00000014a7600000)]
  0x00000187910c5800 JavaThread "jar transforms Thread 38" [_thread_blocked, id=20984, stack(0x00000014a7600000,0x00000014a7700000)]
  0x00000187910c2800 JavaThread "jar transforms Thread 39" [_thread_blocked, id=41048, stack(0x00000014a7700000,0x00000014a7800000)]
  0x00000187910ca800 JavaThread "jar transforms Thread 40" [_thread_blocked, id=21932, stack(0x00000014a7800000,0x00000014a7900000)]
  0x00000187910cb800 JavaThread "jar transforms Thread 41" [_thread_blocked, id=10364, stack(0x00000014a7900000,0x00000014a7a00000)]
  0x00000187910c8000 JavaThread "jar transforms Thread 42" [_thread_blocked, id=38024, stack(0x00000014a7a00000,0x00000014a7b00000)]
  0x00000187910c9000 JavaThread "jar transforms Thread 43" [_thread_blocked, id=27304, stack(0x00000014a7b00000,0x00000014a7c00000)]
  0x00000187910c9800 JavaThread "jar transforms Thread 44" [_thread_blocked, id=39448, stack(0x00000014a7c00000,0x00000014a7d00000)]
  0x000001878fd52800 JavaThread "jar transforms Thread 45" [_thread_blocked, id=17856, stack(0x00000014a7d00000,0x00000014a7e00000)]
  0x000001878fd54000 JavaThread "jar transforms Thread 46" [_thread_blocked, id=27396, stack(0x00000014a7e00000,0x00000014a7f00000)]
  0x000001878fd56800 JavaThread "jar transforms Thread 47" [_thread_blocked, id=35624, stack(0x00000014a7f00000,0x00000014a8000000)]
  0x000001878fd55000 JavaThread "jar transforms Thread 48" [_thread_blocked, id=9712, stack(0x00000014a8000000,0x00000014a8100000)]
  0x000001878fd58000 JavaThread "jar transforms Thread 49" [_thread_blocked, id=12880, stack(0x00000014a8100000,0x00000014a8200000)]
  0x000001878fd55800 JavaThread "jar transforms Thread 50" [_thread_blocked, id=17108, stack(0x00000014a8200000,0x00000014a8300000)]
  0x000001878fd59000 JavaThread "jar transforms Thread 51" [_thread_blocked, id=4464, stack(0x00000014a8300000,0x00000014a8400000)]
  0x000001878fd53000 JavaThread "jar transforms Thread 52" [_thread_blocked, id=33732, stack(0x00000014a8400000,0x00000014a8500000)]
  0x000001878fd5a800 JavaThread "jar transforms Thread 53" [_thread_blocked, id=32856, stack(0x00000014a8500000,0x00000014a8600000)]
  0x000001878fd59800 JavaThread "jar transforms Thread 54" [_thread_blocked, id=36348, stack(0x00000014a8600000,0x00000014a8700000)]
  0x000001878fd5d000 JavaThread "jar transforms Thread 55" [_thread_blocked, id=8404, stack(0x00000014a8700000,0x00000014a8800000)]
  0x000001878fd5b800 JavaThread "jar transforms Thread 56" [_thread_blocked, id=40468, stack(0x00000014a8800000,0x00000014a8900000)]
  0x000001878fd5c000 JavaThread "jar transforms Thread 57" [_thread_blocked, id=26776, stack(0x00000014a8900000,0x00000014a8a00000)]
  0x000001878fd57000 JavaThread "jar transforms Thread 58" [_thread_blocked, id=29624, stack(0x00000014a8a00000,0x00000014a8b00000)]
  0x000001878fd5e000 JavaThread "jar transforms Thread 59" [_thread_blocked, id=36660, stack(0x00000014a8b00000,0x00000014a8c00000)]
  0x000001878fd5e800 JavaThread "jar transforms Thread 60" [_thread_blocked, id=15760, stack(0x00000014a8c00000,0x00000014a8d00000)]
  0x000001878fd5f800 JavaThread "jar transforms Thread 61" [_thread_blocked, id=32008, stack(0x00000014a8d00000,0x00000014a8e00000)]
  0x000001878fd60000 JavaThread "jar transforms Thread 62" [_thread_blocked, id=40552, stack(0x00000014a8e00000,0x00000014a8f00000)]
  0x000001878fd61000 JavaThread "jar transforms Thread 63" [_thread_blocked, id=33712, stack(0x00000014a8f00000,0x00000014a9000000)]
  0x000001878fd62800 JavaThread "jar transforms Thread 64" [_thread_blocked, id=19292, stack(0x00000014a9000000,0x00000014a9100000)]
  0x000001878fd68000 JavaThread "jar transforms Thread 65" [_thread_blocked, id=23888, stack(0x00000014a9100000,0x00000014a9200000)]
  0x000001878fd64000 JavaThread "jar transforms Thread 66" [_thread_blocked, id=32388, stack(0x00000014a9200000,0x00000014a9300000)]
  0x000001878fd63000 JavaThread "jar transforms Thread 67" [_thread_blocked, id=40664, stack(0x00000014a9300000,0x00000014a9400000)]
  0x000001878fd67000 JavaThread "jar transforms Thread 68" [_thread_blocked, id=11020, stack(0x00000014a9400000,0x00000014a9500000)]
  0x000001878fd69000 JavaThread "jar transforms Thread 69" [_thread_blocked, id=36232, stack(0x00000014a9500000,0x00000014a9600000)]
  0x000001878fd6a800 JavaThread "jar transforms Thread 70" [_thread_blocked, id=36676, stack(0x00000014a9600000,0x00000014a9700000)]
  0x000001878fd65000 JavaThread "jar transforms Thread 71" [_thread_blocked, id=25856, stack(0x00000014a9700000,0x00000014a9800000)]
  0x000001878fd69800 JavaThread "jar transforms Thread 72" [_thread_blocked, id=37684, stack(0x00000014a9800000,0x00000014a9900000)]
  0x000001878fd66800 JavaThread "jar transforms Thread 73" [_thread_blocked, id=35780, stack(0x00000014a9900000,0x00000014a9a00000)]
  0x000001878fd6b800 JavaThread "jar transforms Thread 74" [_thread_blocked, id=26380, stack(0x00000014a9a00000,0x00000014a9b00000)]
  0x000001878fd65800 JavaThread "jar transforms Thread 75" [_thread_blocked, id=41580, stack(0x00000014a9b00000,0x00000014a9c00000)]
  0x000001878fd6e000 JavaThread "jar transforms Thread 76" [_thread_blocked, id=40728, stack(0x00000014a9c00000,0x00000014a9d00000)]
  0x000001878fd6c000 JavaThread "jar transforms Thread 77" [_thread_blocked, id=40424, stack(0x00000014a9d00000,0x00000014a9e00000)]
  0x000001878fd6d000 JavaThread "jar transforms Thread 78" [_thread_blocked, id=18692, stack(0x00000014a9e00000,0x00000014a9f00000)]
  0x000001878fd6e800 JavaThread "jar transforms Thread 79" [_thread_blocked, id=39032, stack(0x00000014a9f00000,0x00000014aa000000)]
  0x000001878fd6f800 JavaThread "jar transforms Thread 80" [_thread_blocked, id=41680, stack(0x00000014aa000000,0x00000014aa100000)]
  0x000001878fd70000 JavaThread "jar transforms Thread 81" [_thread_blocked, id=23900, stack(0x00000014aa100000,0x00000014aa200000)]
  0x000001878fd71000 JavaThread "jar transforms Thread 82" [_thread_blocked, id=11440, stack(0x00000014aa200000,0x00000014aa300000)]
  0x0000018790cf9800 JavaThread "jar transforms Thread 83" [_thread_blocked, id=8156, stack(0x00000014aa300000,0x00000014aa400000)]
  0x0000018790cf9000 JavaThread "jar transforms Thread 84" [_thread_blocked, id=12144, stack(0x00000014aa400000,0x00000014aa500000)]
  0x0000018790cfa800 JavaThread "jar transforms Thread 85" [_thread_blocked, id=2524, stack(0x00000014aa500000,0x00000014aa600000)]
  0x0000018790cfb000 JavaThread "jar transforms Thread 86" [_thread_blocked, id=12300, stack(0x00000014aa600000,0x00000014aa700000)]
  0x0000018790cf7000 JavaThread "jar transforms Thread 87" [_thread_blocked, id=1232, stack(0x00000014aa700000,0x00000014aa800000)]
  0x0000018790cf5800 JavaThread "jar transforms Thread 88" [_thread_blocked, id=31864, stack(0x00000014aa800000,0x00000014aa900000)]
  0x0000018790cfc000 JavaThread "jar transforms Thread 89" [_thread_blocked, id=11308, stack(0x00000014aa900000,0x00000014aaa00000)]
  0x0000018790cf6800 JavaThread "jar transforms Thread 90" [_thread_blocked, id=41336, stack(0x00000014aaa00000,0x00000014aab00000)]
  0x0000018790cfd800 JavaThread "jar transforms Thread 91" [_thread_blocked, id=31204, stack(0x00000014aab00000,0x00000014aac00000)]
  0x0000018790cf8000 JavaThread "jar transforms Thread 92" [_thread_blocked, id=14760, stack(0x00000014aac00000,0x00000014aad00000)]
  0x0000018790d02000 JavaThread "jar transforms Thread 93" [_thread_blocked, id=39292, stack(0x00000014aad00000,0x00000014aae00000)]
  0x0000018790cfe800 JavaThread "jar transforms Thread 94" [_thread_blocked, id=23328, stack(0x00000014aae00000,0x00000014aaf00000)]
  0x0000018790cfd000 JavaThread "jar transforms Thread 95" [_thread_blocked, id=39056, stack(0x00000014aaf00000,0x00000014ab000000)]
  0x0000018790cff800 JavaThread "jar transforms Thread 96" [_thread_blocked, id=10048, stack(0x00000014ab000000,0x00000014ab100000)]
  0x0000018790d02800 JavaThread "jar transforms Thread 97" [_thread_blocked, id=39120, stack(0x00000014ab100000,0x00000014ab200000)]
  0x0000018790d00000 JavaThread "jar transforms Thread 98" [_thread_blocked, id=13460, stack(0x00000014ab200000,0x00000014ab300000)]
  0x0000018790d01000 JavaThread "jar transforms Thread 99" [_thread_blocked, id=26536, stack(0x00000014ab300000,0x00000014ab400000)]
  0x0000018790d03800 JavaThread "jar transforms Thread 100" [_thread_blocked, id=40940, stack(0x00000014ab400000,0x00000014ab500000)]
  0x0000018790d04000 JavaThread "jar transforms Thread 101" [_thread_blocked, id=9936, stack(0x00000014ab500000,0x00000014ab600000)]
  0x0000018790a83800 JavaThread "jar transforms Thread 102" [_thread_blocked, id=27384, stack(0x00000014ab600000,0x00000014ab700000)]
  0x0000018790a7e000 JavaThread "jar transforms Thread 103" [_thread_blocked, id=12584, stack(0x00000014ab700000,0x00000014ab800000)]
  0x0000018790a84800 JavaThread "jar transforms Thread 104" [_thread_blocked, id=27072, stack(0x00000014ab800000,0x00000014ab900000)]
  0x0000018790a7f800 JavaThread "jar transforms Thread 105" [_thread_blocked, id=25144, stack(0x00000014ab900000,0x00000014aba00000)]
  0x0000018790a80800 JavaThread "jar transforms Thread 106" [_thread_blocked, id=39016, stack(0x00000014aba00000,0x00000014abb00000)]
  0x0000018790a7f000 JavaThread "jar transforms Thread 107" [_thread_blocked, id=20236, stack(0x00000014abb00000,0x00000014abc00000)]
  0x0000018790a81800 JavaThread "jar transforms Thread 108" [_thread_blocked, id=34744, stack(0x00000014abc00000,0x00000014abd00000)]
  0x0000018790a85800 JavaThread "jar transforms Thread 109" [_thread_blocked, id=24292, stack(0x00000014abd00000,0x00000014abe00000)]
  0x0000018790a86000 JavaThread "jar transforms Thread 110" [_thread_blocked, id=41024, stack(0x00000014abe00000,0x00000014abf00000)]
  0x0000018790a87000 JavaThread "jar transforms Thread 111" [_thread_blocked, id=41880, stack(0x00000014abf00000,0x00000014ac000000)]
  0x0000018790a88000 JavaThread "jar transforms Thread 112" [_thread_blocked, id=32232, stack(0x00000014ac000000,0x00000014ac100000)]
  0x0000018790a82000 JavaThread "jar transforms Thread 113" [_thread_blocked, id=16928, stack(0x00000014ac100000,0x00000014ac200000)]
  0x0000018790a88800 JavaThread "jar transforms Thread 114" [_thread_blocked, id=38132, stack(0x00000014ac200000,0x00000014ac300000)]
  0x0000018790a83000 JavaThread "jar transforms Thread 115" [_thread_blocked, id=31636, stack(0x00000014ac300000,0x00000014ac400000)]
  0x0000018790a89800 JavaThread "jar transforms Thread 116" [_thread_blocked, id=34948, stack(0x00000014ac400000,0x00000014ac500000)]
  0x0000018790a8a000 JavaThread "jar transforms Thread 117" [_thread_blocked, id=27252, stack(0x00000014ac500000,0x00000014ac600000)]
  0x0000018790a8c000 JavaThread "jar transforms Thread 118" [_thread_blocked, id=40812, stack(0x00000014ac600000,0x00000014ac700000)]
  0x0000018790a8b000 JavaThread "jar transforms Thread 119" [_thread_blocked, id=1948, stack(0x00000014ac700000,0x00000014ac800000)]
  0x00000187936ab800 JavaThread "Memory manager" [_thread_blocked, id=8272, stack(0x00000014ac800000,0x00000014ac900000)]
  0x00000187936a8800 JavaThread "build event listener" [_thread_blocked, id=36756, stack(0x00000014ac900000,0x00000014aca00000)]
  0x00000187936aa000 JavaThread "pool-3-thread-1" [_thread_blocked, id=19832, stack(0x00000014aca00000,0x00000014acb00000)]
  0x00000187936ac800 JavaThread "build event listener" [_thread_blocked, id=34880, stack(0x00000014acb00000,0x00000014acc00000)]
  0x00000187936a9800 JavaThread "Execution worker for ':'" [_thread_blocked, id=39080, stack(0x00000014acc00000,0x00000014acd00000)]
  0x00000187936a7000 JavaThread "Execution worker for ':' Thread 2" [_thread_blocked, id=41700, stack(0x00000014acd00000,0x00000014ace00000)]
  0x00000187936b0000 JavaThread "Execution worker for ':' Thread 3" [_thread_blocked, id=32288, stack(0x00000014ace00000,0x00000014acf00000)]
  0x00000187936b0800 JavaThread "Execution worker for ':' Thread 4" [_thread_in_native, id=10832, stack(0x00000014acf00000,0x00000014ad000000)]
  0x00000187936ad800 JavaThread "Execution worker for ':' Thread 5" [_thread_blocked, id=28624, stack(0x00000014ad000000,0x00000014ad100000)]
  0x00000187936ab000 JavaThread "Execution worker for ':' Thread 6" [_thread_blocked, id=8788, stack(0x00000014ad100000,0x00000014ad200000)]
  0x00000187936b1800 JavaThread "Execution worker for ':' Thread 7" [_thread_blocked, id=37980, stack(0x00000014ad200000,0x00000014ad300000)]
  0x00000187936b2800 JavaThread "Cache worker for execution history cache (C:\Android Projects\Udemy TUTORIAL\KidsDrawingApp\.gradle\6.7.1\executionHistory)" [_thread_blocked, id=17780, stack(0x00000014ad300000,0x00000014ad400000)]
  0x00000187fef31800 JavaThread "C2 CompilerThread1" daemon [_thread_blocked, id=19956, stack(0x00000014a4000000,0x00000014a4100000)]
=>0x000001878fcf4800 JavaThread "C2 CompilerThread2" daemon [_thread_in_native, id=34036, stack(0x00000014a4800000,0x00000014a4900000)]
  0x00000187936b3000 Thread [stack: 0x00000014ad400000,0x00000014ad500000] [id=8188]

Other Threads:
  0x00000187fba9c000 VMThread "VM Thread" [stack: 0x00000014a1d00000,0x00000014a1e00000] [id=41372]
  0x00000187fc5a4000 WatcherThread [stack: 0x00000014a2700000,0x00000014a2800000] [id=39600]
  0x00000187f0081800 GCTaskThread "GC Thread#0" [stack: 0x00000014a1800000,0x00000014a1900000] [id=41664]
  0x00000187fd124800 GCTaskThread "GC Thread#1" [stack: 0x00000014a2a00000,0x00000014a2b00000] [id=5536]
  0x00000187fd392000 GCTaskThread "GC Thread#2" [stack: 0x00000014a2b00000,0x00000014a2c00000] [id=4964]
  0x00000187fe1cc000 GCTaskThread "GC Thread#3" [stack: 0x00000014a3900000,0x00000014a3a00000] [id=15752]
  0x00000187fddb1800 GCTaskThread "GC Thread#4" [stack: 0x00000014a3a00000,0x00000014a3b00000] [id=1672]
  0x00000187fd79f000 GCTaskThread "GC Thread#5" [stack: 0x00000014a3b00000,0x00000014a3c00000] [id=37816]
  0x00000187fd79f800 GCTaskThread "GC Thread#6" [stack: 0x00000014a3c00000,0x00000014a3d00000] [id=32164]
  0x00000187fec2a800 GCTaskThread "GC Thread#7" [stack: 0x00000014a3d00000,0x00000014a3e00000] [id=15340]
  0x00000187f00b3000 ConcurrentGCThread "G1 Main Marker" [stack: 0x00000014a1900000,0x00000014a1a00000] [id=40472]
  0x00000187f00b5000 ConcurrentGCThread "G1 Conc#0" [stack: 0x00000014a1a00000,0x00000014a1b00000] [id=24764]
  0x00000187fd7be000 ConcurrentGCThread "G1 Conc#1" [stack: 0x00000014a3e00000,0x00000014a3f00000] [id=33204]
  0x00000187fb8f0800 ConcurrentGCThread "G1 Refine#0" [stack: 0x00000014a1b00000,0x00000014a1c00000] [id=2608]
  0x00000187fd66b800 ConcurrentGCThread "G1 Refine#1" [stack: 0x00000014a2c00000,0x00000014a2d00000] [id=35848]
  0x00000187fb8f1000 ConcurrentGCThread "G1 Young RemSet Sampling" [stack: 0x00000014a1c00000,0x00000014a1d00000] [id=27872]

Threads with active compile tasks:
C2 CompilerThread2  14521 9337   !   4       java.io.BufferedReader::readLine (304 bytes)

VM state:not at safepoint (normal execution)

VM Mutex/Monitor currently owned by a thread: None

Heap address: 0x0000000080000000, size: 2048 MB, Compressed Oops mode: 32-bit
Narrow klass base: 0x0000000000000000, Narrow klass shift: 3
Compressed class space size: 1073741824 Address: 0x0000000100000000

Heap:
 garbage-first heap   total 189440K, used 97536K [0x0000000080000000, 0x0000000100000000)
  region size 1024K, 34 young (34816K), 7 survivors (7168K)
 Metaspace       used 85678K, capacity 87703K, committed 87936K, reserved 1126400K
  class space    used 11172K, capacity 11895K, committed 11904K, reserved 1048576K
Heap Regions: E=young(eden), S=young(survivor), O=old, HS=humongous(starts), HC=humongous(continues), CS=collection set, F=free, A=archive, TAMS=top-at-mark-start (previous, next)
|   0|0x0000000080000000, 0x0000000080100000, 0x0000000080100000|100%| O|  |TAMS 0x0000000080100000, 0x0000000080000000| Untracked 
|   1|0x0000000080100000, 0x0000000080200000, 0x0000000080200000|100%| O|  |TAMS 0x0000000080200000, 0x0000000080100000| Untracked 
|   2|0x0000000080200000, 0x0000000080300000, 0x0000000080300000|100%| O|  |TAMS 0x0000000080300000, 0x0000000080200000| Untracked 
|   3|0x0000000080300000, 0x0000000080400000, 0x0000000080400000|100%|HS|  |TAMS 0x0000000080400000, 0x0000000080300000| Complete 
|   4|0x0000000080400000, 0x0000000080500000, 0x0000000080500000|100%|HC|  |TAMS 0x0000000080500000, 0x0000000080400000| Complete 
|   5|0x0000000080500000, 0x0000000080600000, 0x0000000080600000|100%|HC|  |TAMS 0x0000000080600000, 0x0000000080500000| Complete 
|   6|0x0000000080600000, 0x0000000080700000, 0x0000000080700000|100%| O|  |TAMS 0x0000000080700000, 0x0000000080600000| Untracked 
|   7|0x0000000080700000, 0x0000000080800000, 0x0000000080800000|100%| O|  |TAMS 0x0000000080800000, 0x0000000080700000| Untracked 
|   8|0x0000000080800000, 0x0000000080900000, 0x0000000080900000|100%| O|  |TAMS 0x0000000080900000, 0x0000000080800000| Untracked 
|   9|0x0000000080900000, 0x0000000080a00000, 0x0000000080a00000|100%| O|  |TAMS 0x0000000080a00000, 0x0000000080900000| Untracked 
|  10|0x0000000080a00000, 0x0000000080b00000, 0x0000000080b00000|100%| O|  |TAMS 0x0000000080b00000, 0x0000000080a00000| Untracked 
|  11|0x0000000080b00000, 0x0000000080c00000, 0x0000000080c00000|100%| O|  |TAMS 0x0000000080c00000, 0x0000000080b00000| Untracked 
|  12|0x0000000080c00000, 0x0000000080d00000, 0x0000000080d00000|100%| O|  |TAMS 0x0000000080d00000, 0x0000000080c00000| Untracked 
|  13|0x0000000080d00000, 0x0000000080e00000, 0x0000000080e00000|100%| O|  |TAMS 0x0000000080e00000, 0x0000000080d00000| Untracked 
|  14|0x0000000080e00000, 0x0000000080f00000, 0x0000000080f00000|100%| O|  |TAMS 0x0000000080f00000, 0x0000000080e00000| Untracked 
|  15|0x0000000080f00000, 0x0000000081000000, 0x0000000081000000|100%| O|  |TAMS 0x0000000081000000, 0x0000000080f00000| Untracked 
|  16|0x0000000081000000, 0x0000000081100000, 0x0000000081100000|100%|HS|  |TAMS 0x0000000081100000, 0x0000000081000000| Complete 
|  17|0x0000000081100000, 0x0000000081200000, 0x0000000081200000|100%| O|  |TAMS 0x0000000081200000, 0x0000000081100000| Untracked 
|  18|0x0000000081200000, 0x0000000081300000, 0x0000000081300000|100%| O|  |TAMS 0x0000000081300000, 0x0000000081200000| Untracked 
|  19|0x0000000081300000, 0x0000000081400000, 0x0000000081400000|100%| O|  |TAMS 0x0000000081400000, 0x0000000081300000| Untracked 
|  20|0x0000000081400000, 0x0000000081500000, 0x0000000081500000|100%| O|  |TAMS 0x0000000081500000, 0x0000000081400000| Untracked 
|  21|0x0000000081500000, 0x0000000081600000, 0x0000000081600000|100%| O|  |TAMS 0x0000000081600000, 0x0000000081500000| Untracked 
|  22|0x0000000081600000, 0x0000000081700000, 0x0000000081700000|100%|HS|  |TAMS 0x0000000081700000, 0x0000000081600000| Complete 
|  23|0x0000000081700000, 0x0000000081800000, 0x0000000081800000|100%|HS|  |TAMS 0x0000000081800000, 0x0000000081700000| Complete 
|  24|0x0000000081800000, 0x0000000081900000, 0x0000000081900000|100%|HC|  |TAMS 0x0000000081900000, 0x0000000081800000| Complete 
|  25|0x0000000081900000, 0x0000000081a00000, 0x0000000081a00000|100%|HC|  |TAMS 0x0000000081a00000, 0x0000000081900000| Complete 
|  26|0x0000000081a00000, 0x0000000081b00000, 0x0000000081b00000|100%|HS|  |TAMS 0x0000000081b00000, 0x0000000081a00000| Complete 
|  27|0x0000000081b00000, 0x0000000081c00000, 0x0000000081c00000|100%|HC|  |TAMS 0x0000000081c00000, 0x0000000081b00000| Complete 
|  28|0x0000000081c00000, 0x0000000081d00000, 0x0000000081d00000|100%| O|  |TAMS 0x0000000081d00000, 0x0000000081c00000| Untracked 
|  29|0x0000000081d00000, 0x0000000081e00000, 0x0000000081e00000|100%| O|  |TAMS 0x0000000081e00000, 0x0000000081d00000| Untracked 
|  30|0x0000000081e00000, 0x0000000081f00000, 0x0000000081f00000|100%| O|  |TAMS 0x0000000081f00000, 0x0000000081e00000| Untracked 
|  31|0x0000000081f00000, 0x0000000082000000, 0x0000000082000000|100%| O|  |TAMS 0x0000000082000000, 0x0000000081f00000| Untracked 
|  32|0x0000000082000000, 0x0000000082100000, 0x0000000082100000|100%| O|  |TAMS 0x0000000082100000, 0x0000000082000000| Untracked 
|  33|0x0000000082100000, 0x0000000082200000, 0x0000000082200000|100%| O|  |TAMS 0x0000000082100000, 0x0000000082100000| Untracked 
|  34|0x0000000082200000, 0x0000000082300000, 0x0000000082300000|100%| O|  |TAMS 0x0000000082300000, 0x0000000082200000| Untracked 
|  35|0x0000000082300000, 0x0000000082400000, 0x0000000082400000|100%| O|  |TAMS 0x0000000082400000, 0x0000000082300000| Untracked 
|  36|0x0000000082400000, 0x0000000082500000, 0x0000000082500000|100%| O|  |TAMS 0x0000000082500000, 0x0000000082400000| Untracked 
|  37|0x0000000082500000, 0x0000000082600000, 0x0000000082600000|100%| O|  |TAMS 0x0000000082600000, 0x0000000082500000| Untracked 
|  38|0x0000000082600000, 0x0000000082700000, 0x0000000082700000|100%| O|  |TAMS 0x0000000082700000, 0x0000000082600000| Untracked 
|  39|0x0000000082700000, 0x0000000082800000, 0x0000000082800000|100%| O|  |TAMS 0x0000000082800000, 0x0000000082700000| Untracked 
|  40|0x0000000082800000, 0x0000000082900000, 0x0000000082900000|100%| O|  |TAMS 0x0000000082900000, 0x0000000082800000| Untracked 
|  41|0x0000000082900000, 0x0000000082a00000, 0x0000000082a00000|100%| O|  |TAMS 0x0000000082a00000, 0x0000000082900000| Untracked 
|  42|0x0000000082a00000, 0x0000000082b00000, 0x0000000082b00000|100%| O|  |TAMS 0x0000000082b00000, 0x0000000082a00000| Untracked 
|  43|0x0000000082b00000, 0x0000000082c00000, 0x0000000082c00000|100%| O|  |TAMS 0x0000000082c00000, 0x0000000082b00000| Untracked 
|  44|0x0000000082c00000, 0x0000000082d00000, 0x0000000082d00000|100%| O|  |TAMS 0x0000000082d00000, 0x0000000082c00000| Untracked 
|  45|0x0000000082d00000, 0x0000000082e00000, 0x0000000082e00000|100%| O|  |TAMS 0x0000000082e00000, 0x0000000082d00000| Untracked 
|  46|0x0000000082e00000, 0x0000000082f00000, 0x0000000082f00000|100%| O|  |TAMS 0x0000000082e80400, 0x0000000082e00000| Untracked 
|  47|0x0000000082f00000, 0x0000000083000000, 0x0000000083000000|100%| O|  |TAMS 0x0000000082f00000, 0x0000000082f00000| Untracked 
|  48|0x0000000083000000, 0x0000000083100000, 0x0000000083100000|100%| O|  |TAMS 0x0000000083000000, 0x0000000083000000| Untracked 
|  49|0x0000000083100000, 0x0000000083200000, 0x0000000083200000|100%| O|  |TAMS 0x0000000083100000, 0x0000000083100000| Untracked 
|  50|0x0000000083200000, 0x0000000083300000, 0x0000000083300000|100%| O|  |TAMS 0x0000000083200000, 0x0000000083200000| Untracked 
|  51|0x0000000083300000, 0x0000000083400000, 0x0000000083400000|100%| O|  |TAMS 0x0000000083300000, 0x0000000083300000| Untracked 
|  52|0x0000000083400000, 0x0000000083500000, 0x0000000083500000|100%| O|  |TAMS 0x0000000083400000, 0x0000000083400000| Untracked 
|  53|0x0000000083500000, 0x0000000083600000, 0x0000000083600000|100%| O|  |TAMS 0x0000000083500000, 0x0000000083500000| Untracked 
|  54|0x0000000083600000, 0x0000000083700000, 0x0000000083700000|100%| O|  |TAMS 0x0000000083600000, 0x0000000083600000| Untracked 
|  55|0x0000000083700000, 0x0000000083800000, 0x0000000083800000|100%| O|  |TAMS 0x0000000083700000, 0x0000000083700000| Untracked 
|  56|0x0000000083800000, 0x0000000083900000, 0x0000000083900000|100%| O|  |TAMS 0x0000000083800000, 0x0000000083800000| Untracked 
|  57|0x0000000083900000, 0x0000000083a00000, 0x0000000083a00000|100%| O|  |TAMS 0x0000000083900000, 0x0000000083900000| Untracked 
|  58|0x0000000083a00000, 0x0000000083b00000, 0x0000000083b00000|100%| O|  |TAMS 0x0000000083a00000, 0x0000000083a00000| Untracked 
|  59|0x0000000083b00000, 0x0000000083c00000, 0x0000000083c00000|100%| O|  |TAMS 0x0000000083b00000, 0x0000000083b00000| Untracked 
|  60|0x0000000083c00000, 0x0000000083d00000, 0x0000000083d00000|100%| O|  |TAMS 0x0000000083c00000, 0x0000000083c00000| Untracked 
|  61|0x0000000083d00000, 0x0000000083e00000, 0x0000000083e00000|100%| O|  |TAMS 0x0000000083d00000, 0x0000000083d00000| Untracked 
|  62|0x0000000083e00000, 0x0000000083eb9a00, 0x0000000083f00000| 72%| O|  |TAMS 0x0000000083e00000, 0x0000000083e00000| Untracked 
|  63|0x0000000083f00000, 0x0000000083f00000, 0x0000000084000000|  0%| F|  |TAMS 0x0000000083f00000, 0x0000000083f00000| Untracked 
|  64|0x0000000084000000, 0x0000000084000000, 0x0000000084100000|  0%| F|  |TAMS 0x0000000084000000, 0x0000000084000000| Untracked 
|  65|0x0000000084100000, 0x0000000084100000, 0x0000000084200000|  0%| F|  |TAMS 0x0000000084100000, 0x0000000084100000| Untracked 
|  66|0x0000000084200000, 0x0000000084200000, 0x0000000084300000|  0%| F|  |TAMS 0x0000000084200000, 0x0000000084200000| Untracked 
|  67|0x0000000084300000, 0x0000000084300000, 0x0000000084400000|  0%| F|  |TAMS 0x0000000084300000, 0x0000000084300000| Untracked 
|  68|0x0000000084400000, 0x0000000084400000, 0x0000000084500000|  0%| F|  |TAMS 0x0000000084400000, 0x0000000084400000| Untracked 
|  69|0x0000000084500000, 0x0000000084500000, 0x0000000084600000|  0%| F|  |TAMS 0x0000000084500000, 0x0000000084500000| Untracked 
|  70|0x0000000084600000, 0x0000000084600000, 0x0000000084700000|  0%| F|  |TAMS 0x0000000084600000, 0x0000000084600000| Untracked 
|  71|0x0000000084700000, 0x0000000084700000, 0x0000000084800000|  0%| F|  |TAMS 0x0000000084700000, 0x0000000084700000| Untracked 
|  72|0x0000000084800000, 0x0000000084800000, 0x0000000084900000|  0%| F|  |TAMS 0x0000000084800000, 0x0000000084800000| Untracked 
|  73|0x0000000084900000, 0x0000000084900000, 0x0000000084a00000|  0%| F|  |TAMS 0x0000000084900000, 0x0000000084900000| Untracked 
|  74|0x0000000084a00000, 0x0000000084a00000, 0x0000000084b00000|  0%| F|  |TAMS 0x0000000084a00000, 0x0000000084a00000| Untracked 
|  75|0x0000000084b00000, 0x0000000084b00000, 0x0000000084c00000|  0%| F|  |TAMS 0x0000000084b00000, 0x0000000084b00000| Untracked 
|  76|0x0000000084c00000, 0x0000000084c00000, 0x0000000084d00000|  0%| F|  |TAMS 0x0000000084c00000, 0x0000000084c00000| Untracked 
|  77|0x0000000084d00000, 0x0000000084d00000, 0x0000000084e00000|  0%| F|  |TAMS 0x0000000084d00000, 0x0000000084d00000| Untracked 
|  78|0x0000000084e00000, 0x0000000084e00000, 0x0000000084f00000|  0%| F|  |TAMS 0x0000000084e00000, 0x0000000084e00000| Untracked 
|  79|0x0000000084f00000, 0x0000000084f00000, 0x0000000085000000|  0%| F|  |TAMS 0x0000000084f00000, 0x0000000084f00000| Untracked 
|  80|0x0000000085000000, 0x0000000085000000, 0x0000000085100000|  0%| F|  |TAMS 0x0000000085000000, 0x0000000085000000| Untracked 
|  81|0x0000000085100000, 0x0000000085100000, 0x0000000085200000|  0%| F|  |TAMS 0x0000000085100000, 0x0000000085100000| Untracked 
|  82|0x0000000085200000, 0x0000000085200000, 0x0000000085300000|  0%| F|  |TAMS 0x0000000085200000, 0x0000000085200000| Untracked 
|  83|0x0000000085300000, 0x0000000085300000, 0x0000000085400000|  0%| F|  |TAMS 0x0000000085300000, 0x0000000085300000| Untracked 
|  84|0x0000000085400000, 0x0000000085400000, 0x0000000085500000|  0%| F|  |TAMS 0x0000000085400000, 0x0000000085400000| Untracked 
|  85|0x0000000085500000, 0x0000000085500000, 0x0000000085600000|  0%| F|  |TAMS 0x0000000085500000, 0x0000000085500000| Untracked 
|  86|0x0000000085600000, 0x0000000085686988, 0x0000000085700000| 52%| S|CS|TAMS 0x0000000085600000, 0x0000000085600000| Complete 
|  87|0x0000000085700000, 0x0000000085800000, 0x0000000085800000|100%| S|CS|TAMS 0x0000000085700000, 0x0000000085700000| Complete 
|  88|0x0000000085800000, 0x0000000085800000, 0x0000000085900000|  0%| F|  |TAMS 0x0000000085800000, 0x0000000085800000| Untracked 
|  89|0x0000000085900000, 0x0000000085900000, 0x0000000085a00000|  0%| F|  |TAMS 0x0000000085900000, 0x0000000085900000| Untracked 
|  90|0x0000000085a00000, 0x0000000085a00000, 0x0000000085b00000|  0%| F|  |TAMS 0x0000000085a00000, 0x0000000085a00000| Untracked 
|  91|0x0000000085b00000, 0x0000000085b00000, 0x0000000085c00000|  0%| F|  |TAMS 0x0000000085b00000, 0x0000000085b00000| Untracked 
|  92|0x0000000085c00000, 0x0000000085c00000, 0x0000000085d00000|  0%| F|  |TAMS 0x0000000085c00000, 0x0000000085c00000| Untracked 
|  93|0x0000000085d00000, 0x0000000085d00000, 0x0000000085e00000|  0%| F|  |TAMS 0x0000000085d00000, 0x0000000085d00000| Untracked 
|  94|0x0000000085e00000, 0x0000000085e00000, 0x0000000085f00000|  0%| F|  |TAMS 0x0000000085e00000, 0x0000000085e00000| Untracked 
|  95|0x0000000085f00000, 0x0000000086000000, 0x0000000086000000|100%| S|CS|TAMS 0x0000000085f00000, 0x0000000085f00000| Complete 
|  96|0x0000000086000000, 0x0000000086100000, 0x0000000086100000|100%| S|CS|TAMS 0x0000000086000000, 0x0000000086000000| Complete 
|  97|0x0000000086100000, 0x0000000086200000, 0x0000000086200000|100%| S|CS|TAMS 0x0000000086100000, 0x0000000086100000| Complete 
|  98|0x0000000086200000, 0x0000000086300000, 0x0000000086300000|100%| S|CS|TAMS 0x0000000086200000, 0x0000000086200000| Complete 
|  99|0x0000000086300000, 0x0000000086400000, 0x0000000086400000|100%| S|CS|TAMS 0x0000000086300000, 0x0000000086300000| Complete 
| 100|0x0000000086400000, 0x0000000086400000, 0x0000000086500000|  0%| F|  |TAMS 0x0000000086400000, 0x0000000086400000| Untracked 
| 101|0x0000000086500000, 0x0000000086500000, 0x0000000086600000|  0%| F|  |TAMS 0x0000000086500000, 0x0000000086500000| Untracked 
| 102|0x0000000086600000, 0x0000000086600000, 0x0000000086700000|  0%| F|  |TAMS 0x0000000086600000, 0x0000000086600000| Untracked 
| 103|0x0000000086700000, 0x0000000086700000, 0x0000000086800000|  0%| F|  |TAMS 0x0000000086700000, 0x0000000086700000| Untracked 
| 104|0x0000000086800000, 0x0000000086800000, 0x0000000086900000|  0%| F|  |TAMS 0x0000000086800000, 0x0000000086800000| Untracked 
| 105|0x0000000086900000, 0x0000000086900000, 0x0000000086a00000|  0%| F|  |TAMS 0x0000000086900000, 0x0000000086900000| Untracked 
| 106|0x0000000086a00000, 0x0000000086a00000, 0x0000000086b00000|  0%| F|  |TAMS 0x0000000086a00000, 0x0000000086a00000| Untracked 
| 107|0x0000000086b00000, 0x0000000086b00000, 0x0000000086c00000|  0%| F|  |TAMS 0x0000000086b00000, 0x0000000086b00000| Untracked 
| 108|0x0000000086c00000, 0x0000000086c00000, 0x0000000086d00000|  0%| F|  |TAMS 0x0000000086c00000, 0x0000000086c00000| Untracked 
| 109|0x0000000086d00000, 0x0000000086d00000, 0x0000000086e00000|  0%| F|  |TAMS 0x0000000086d00000, 0x0000000086d00000| Untracked 
| 110|0x0000000086e00000, 0x0000000086e00000, 0x0000000086f00000|  0%| F|  |TAMS 0x0000000086e00000, 0x0000000086e00000| Untracked 
| 111|0x0000000086f00000, 0x0000000086f00000, 0x0000000087000000|  0%| F|  |TAMS 0x0000000086f00000, 0x0000000086f00000| Untracked 
| 112|0x0000000087000000, 0x0000000087000000, 0x0000000087100000|  0%| F|  |TAMS 0x0000000087000000, 0x0000000087000000| Untracked 
| 113|0x0000000087100000, 0x0000000087100000, 0x0000000087200000|  0%| F|  |TAMS 0x0000000087100000, 0x0000000087100000| Untracked 
| 114|0x0000000087200000, 0x0000000087200000, 0x0000000087300000|  0%| F|  |TAMS 0x0000000087200000, 0x0000000087200000| Untracked 
| 115|0x0000000087300000, 0x0000000087300000, 0x0000000087400000|  0%| F|  |TAMS 0x0000000087300000, 0x0000000087300000| Untracked 
| 116|0x0000000087400000, 0x0000000087400000, 0x0000000087500000|  0%| F|  |TAMS 0x0000000087400000, 0x0000000087400000| Untracked 
| 117|0x0000000087500000, 0x0000000087500000, 0x0000000087600000|  0%| F|  |TAMS 0x0000000087500000, 0x0000000087500000| Untracked 
| 118|0x0000000087600000, 0x0000000087600000, 0x0000000087700000|  0%| F|  |TAMS 0x0000000087600000, 0x0000000087600000| Untracked 
| 119|0x0000000087700000, 0x0000000087700000, 0x0000000087800000|  0%| F|  |TAMS 0x0000000087700000, 0x0000000087700000| Untracked 
| 120|0x0000000087800000, 0x0000000087800000, 0x0000000087900000|  0%| F|  |TAMS 0x0000000087800000, 0x0000000087800000| Untracked 
| 121|0x0000000087900000, 0x0000000087900000, 0x0000000087a00000|  0%| F|  |TAMS 0x0000000087900000, 0x0000000087900000| Untracked 
| 122|0x0000000087a00000, 0x0000000087a00000, 0x0000000087b00000|  0%| F|  |TAMS 0x0000000087a00000, 0x0000000087a00000| Untracked 
| 123|0x0000000087b00000, 0x0000000087b00000, 0x0000000087c00000|  0%| F|  |TAMS 0x0000000087b00000, 0x0000000087b00000| Untracked 
| 124|0x0000000087c00000, 0x0000000087c00000, 0x0000000087d00000|  0%| F|  |TAMS 0x0000000087c00000, 0x0000000087c00000| Untracked 
| 125|0x0000000087d00000, 0x0000000087d00000, 0x0000000087e00000|  0%| F|  |TAMS 0x0000000087d00000, 0x0000000087d00000| Untracked 
| 126|0x0000000087e00000, 0x0000000087e00000, 0x0000000087f00000|  0%| F|  |TAMS 0x0000000087e00000, 0x0000000087e00000| Untracked 
| 127|0x0000000087f00000, 0x0000000087f00000, 0x0000000088000000|  0%| F|  |TAMS 0x0000000087f00000, 0x0000000087f00000| Untracked 
| 128|0x0000000088000000, 0x0000000088000000, 0x0000000088100000|  0%| F|  |TAMS 0x0000000088000000, 0x0000000088000000| Untracked 
| 129|0x0000000088100000, 0x0000000088100000, 0x0000000088200000|  0%| F|  |TAMS 0x0000000088100000, 0x0000000088100000| Untracked 
| 130|0x0000000088200000, 0x0000000088200000, 0x0000000088300000|  0%| F|  |TAMS 0x0000000088200000, 0x0000000088200000| Untracked 
| 131|0x0000000088300000, 0x0000000088300000, 0x0000000088400000|  0%| F|  |TAMS 0x0000000088300000, 0x0000000088300000| Untracked 
| 132|0x0000000088400000, 0x0000000088400000, 0x0000000088500000|  0%| F|  |TAMS 0x0000000088400000, 0x0000000088400000| Untracked 
| 133|0x0000000088500000, 0x0000000088500000, 0x0000000088600000|  0%| F|  |TAMS 0x0000000088500000, 0x0000000088500000| Untracked 
| 134|0x0000000088600000, 0x0000000088600000, 0x0000000088700000|  0%| F|  |TAMS 0x0000000088600000, 0x0000000088600000| Untracked 
| 135|0x0000000088700000, 0x0000000088700000, 0x0000000088800000|  0%| F|  |TAMS 0x0000000088700000, 0x0000000088700000| Untracked 
| 136|0x0000000088800000, 0x0000000088800000, 0x0000000088900000|  0%| F|  |TAMS 0x0000000088800000, 0x0000000088800000| Untracked 
| 137|0x0000000088900000, 0x0000000088900000, 0x0000000088a00000|  0%| F|  |TAMS 0x0000000088900000, 0x0000000088900000| Untracked 
| 138|0x0000000088a00000, 0x0000000088a00000, 0x0000000088b00000|  0%| F|  |TAMS 0x0000000088a00000, 0x0000000088a00000| Untracked 
| 139|0x0000000088b00000, 0x0000000088b00000, 0x0000000088c00000|  0%| F|  |TAMS 0x0000000088b00000, 0x0000000088b00000| Untracked 
| 140|0x0000000088c00000, 0x0000000088c00000, 0x0000000088d00000|  0%| F|  |TAMS 0x0000000088c00000, 0x0000000088c00000| Untracked 
| 141|0x0000000088d00000, 0x0000000088d00000, 0x0000000088e00000|  0%| F|  |TAMS 0x0000000088d00000, 0x0000000088d00000| Untracked 
| 142|0x0000000088e00000, 0x0000000088e00000, 0x0000000088f00000|  0%| F|  |TAMS 0x0000000088e00000, 0x0000000088e00000| Untracked 
| 143|0x0000000088f00000, 0x0000000088f00000, 0x0000000089000000|  0%| F|  |TAMS 0x0000000088f00000, 0x0000000088f00000| Untracked 
| 144|0x0000000089000000, 0x0000000089000000, 0x0000000089100000|  0%| F|  |TAMS 0x0000000089000000, 0x0000000089000000| Untracked 
| 145|0x0000000089100000, 0x0000000089100000, 0x0000000089200000|  0%| F|  |TAMS 0x0000000089100000, 0x0000000089100000| Untracked 
| 146|0x0000000089200000, 0x0000000089200000, 0x0000000089300000|  0%| F|  |TAMS 0x0000000089200000, 0x0000000089200000| Untracked 
| 147|0x0000000089300000, 0x0000000089300000, 0x0000000089400000|  0%| F|  |TAMS 0x0000000089300000, 0x0000000089300000| Untracked 
| 148|0x0000000089400000, 0x0000000089400000, 0x0000000089500000|  0%| F|  |TAMS 0x0000000089400000, 0x0000000089400000| Untracked 
| 149|0x0000000089500000, 0x0000000089500000, 0x0000000089600000|  0%| F|  |TAMS 0x0000000089500000, 0x0000000089500000| Untracked 
| 150|0x0000000089600000, 0x0000000089600000, 0x0000000089700000|  0%| F|  |TAMS 0x0000000089600000, 0x0000000089600000| Untracked 
| 151|0x0000000089700000, 0x0000000089700000, 0x0000000089800000|  0%| F|  |TAMS 0x0000000089700000, 0x0000000089700000| Untracked 
| 152|0x0000000089800000, 0x0000000089800000, 0x0000000089900000|  0%| F|  |TAMS 0x0000000089800000, 0x0000000089800000| Untracked 
| 153|0x0000000089900000, 0x0000000089900000, 0x0000000089a00000|  0%| F|  |TAMS 0x0000000089900000, 0x0000000089900000| Untracked 
| 154|0x0000000089a00000, 0x0000000089a00000, 0x0000000089b00000|  0%| F|  |TAMS 0x0000000089a00000, 0x0000000089a00000| Untracked 
| 155|0x0000000089b00000, 0x0000000089b00000, 0x0000000089c00000|  0%| F|  |TAMS 0x0000000089b00000, 0x0000000089b00000| Untracked 
| 156|0x0000000089c00000, 0x0000000089c00000, 0x0000000089d00000|  0%| F|  |TAMS 0x0000000089c00000, 0x0000000089c00000| Untracked 
| 157|0x0000000089d00000, 0x0000000089d00000, 0x0000000089e00000|  0%| F|  |TAMS 0x0000000089d00000, 0x0000000089d00000| Untracked 
| 158|0x0000000089e00000, 0x0000000089eba860, 0x0000000089f00000| 72%| E|  |TAMS 0x0000000089e00000, 0x0000000089e00000| Complete 
| 159|0x0000000089f00000, 0x000000008a000000, 0x000000008a000000|100%| E|CS|TAMS 0x0000000089f00000, 0x0000000089f00000| Complete 
| 160|0x000000008a000000, 0x000000008a100000, 0x000000008a100000|100%| E|CS|TAMS 0x000000008a000000, 0x000000008a000000| Complete 
| 161|0x000000008a100000, 0x000000008a200000, 0x000000008a200000|100%| E|CS|TAMS 0x000000008a100000, 0x000000008a100000| Complete 
| 162|0x000000008a200000, 0x000000008a300000, 0x000000008a300000|100%| E|CS|TAMS 0x000000008a200000, 0x000000008a200000| Complete 
| 163|0x000000008a300000, 0x000000008a400000, 0x000000008a400000|100%| E|CS|TAMS 0x000000008a300000, 0x000000008a300000| Complete 
| 164|0x000000008a400000, 0x000000008a500000, 0x000000008a500000|100%| E|CS|TAMS 0x000000008a400000, 0x000000008a400000| Complete 
| 165|0x000000008a500000, 0x000000008a600000, 0x000000008a600000|100%| E|CS|TAMS 0x000000008a500000, 0x000000008a500000| Complete 
| 166|0x000000008a600000, 0x000000008a700000, 0x000000008a700000|100%| E|CS|TAMS 0x000000008a600000, 0x000000008a600000| Complete 
| 167|0x000000008a700000, 0x000000008a800000, 0x000000008a800000|100%| E|CS|TAMS 0x000000008a700000, 0x000000008a700000| Complete 
| 168|0x000000008a800000, 0x000000008a900000, 0x000000008a900000|100%| E|CS|TAMS 0x000000008a800000, 0x000000008a800000| Complete 
| 169|0x000000008a900000, 0x000000008aa00000, 0x000000008aa00000|100%| E|CS|TAMS 0x000000008a900000, 0x000000008a900000| Complete 
| 170|0x000000008aa00000, 0x000000008ab00000, 0x000000008ab00000|100%| E|CS|TAMS 0x000000008aa00000, 0x000000008aa00000| Complete 
| 171|0x000000008ab00000, 0x000000008ac00000, 0x000000008ac00000|100%| E|CS|TAMS 0x000000008ab00000, 0x000000008ab00000| Complete 
| 172|0x000000008ac00000, 0x000000008ad00000, 0x000000008ad00000|100%| E|CS|TAMS 0x000000008ac00000, 0x000000008ac00000| Complete 
| 173|0x000000008ad00000, 0x000000008ae00000, 0x000000008ae00000|100%| E|CS|TAMS 0x000000008ad00000, 0x000000008ad00000| Complete 
| 174|0x000000008ae00000, 0x000000008af00000, 0x000000008af00000|100%| E|CS|TAMS 0x000000008ae00000, 0x000000008ae00000| Complete 
| 175|0x000000008af00000, 0x000000008b000000, 0x000000008b000000|100%| E|CS|TAMS 0x000000008af00000, 0x000000008af00000| Complete 
| 176|0x000000008b000000, 0x000000008b100000, 0x000000008b100000|100%| E|CS|TAMS 0x000000008b000000, 0x000000008b000000| Complete 
| 177|0x000000008b100000, 0x000000008b200000, 0x000000008b200000|100%| E|CS|TAMS 0x000000008b100000, 0x000000008b100000| Complete 
| 178|0x000000008b200000, 0x000000008b300000, 0x000000008b300000|100%| E|CS|TAMS 0x000000008b200000, 0x000000008b200000| Complete 
| 179|0x000000008b300000, 0x000000008b400000, 0x000000008b400000|100%| E|CS|TAMS 0x000000008b300000, 0x000000008b300000| Complete 
| 180|0x000000008b400000, 0x000000008b500000, 0x000000008b500000|100%| E|CS|TAMS 0x000000008b400000, 0x000000008b400000| Complete 
| 181|0x000000008b500000, 0x000000008b600000, 0x000000008b600000|100%| E|CS|TAMS 0x000000008b500000, 0x000000008b500000| Complete 
| 182|0x000000008b600000, 0x000000008b700000, 0x000000008b700000|100%| E|CS|TAMS 0x000000008b600000, 0x000000008b600000| Complete 
| 183|0x000000008b700000, 0x000000008b800000, 0x000000008b800000|100%| E|CS|TAMS 0x000000008b700000, 0x000000008b700000| Complete 
| 184|0x000000008b800000, 0x000000008b900000, 0x000000008b900000|100%| E|CS|TAMS 0x000000008b800000, 0x000000008b800000| Complete 

Card table byte_map: [0x00000187f4850000,0x00000187f4c50000] _byte_map_base: 0x00000187f4450000

Marking Bits (Prev, Next): (CMBitMap*) 0x00000187f00a9230, (CMBitMap*) 0x00000187f00a91f8
 Prev Bits: [0x00000187f7050000, 0x00000187f9050000)
 Next Bits: [0x00000187f5050000, 0x00000187f7050000)

Polling page: 0x00000187ee7c0000

Metaspace:

Usage:
  Non-class:     74.09 MB capacity,    72.78 MB ( 98%) used,     1.10 MB (  1%) free+waste,   220.25 KB ( <1%) overhead. 
      Class:     11.62 MB capacity,    10.91 MB ( 94%) used,   618.08 KB (  5%) free+waste,   100.50 KB ( <1%) overhead. 
       Both:     85.71 MB capacity,    83.69 MB ( 98%) used,     1.70 MB (  2%) free+waste,   320.75 KB ( <1%) overhead. 

Virtual space:
  Non-class space:       76.00 MB reserved,      74.25 MB ( 98%) committed 
      Class space:        1.00 GB reserved,      11.63 MB (  1%) committed 
             Both:        1.07 GB reserved,      85.88 MB (  8%) committed 

Chunk freelists:
   Non-Class:  32.00 KB
       Class:  9.00 KB
        Both:  41.00 KB

MaxMetaspaceSize: 17179869184.00 GB
CompressedClassSpaceSize: 1.00 GB

CodeHeap 'non-profiled nmethods': size=120000Kb used=5359Kb max_used=5359Kb free=114640Kb
 bounds [0x0000018787ad0000, 0x0000018788010000, 0x000001878f000000]
CodeHeap 'profiled nmethods': size=120000Kb used=19155Kb max_used=19155Kb free=100844Kb
 bounds [0x00000187805a0000, 0x0000018781860000, 0x0000018787ad0000]
CodeHeap 'non-nmethods': size=5760Kb used=2270Kb max_used=2309Kb free=3489Kb
 bounds [0x0000018780000000, 0x0000018780270000, 0x00000187805a0000]
 total_blobs=9933 nmethods=9066 adapters=778
 compilation: enabled
              stopped_count=0, restarted_count=0
 full_count=0

Compilation events (20 events):
Event: 14.342 Thread 0x00000187fc42b800 9328       3       kotlin.LazyKt__LazyJVMKt::lazy (21 bytes)
Event: 14.342 Thread 0x00000187fc42b800 nmethod 9328 0x0000018781849490 code [0x0000018781849680, 0x0000018781849958]
Event: 14.342 Thread 0x00000187fc42b800 9329       3       kotlin.SynchronizedLazyImpl::<init> (15 bytes)
Event: 14.342 Thread 0x00000187fc42b800 nmethod 9329 0x0000018781849a90 code [0x0000018781849c40, 0x0000018781849da8]
Event: 14.345 Thread 0x00000187fc42b800 9330       3       java.util.Locale::getUnicodeLocaleType (54 bytes)
Event: 14.346 Thread 0x00000187fc42b800 nmethod 9330 0x0000018781849e90 code [0x000001878184a140, 0x000001878184ad18]
Event: 14.346 Thread 0x00000187fc42b800 9331       3       java.util.Locale::isUnicodeExtensionKey (21 bytes)
Event: 14.347 Thread 0x00000187fc42b800 nmethod 9331 0x000001878184b110 code [0x000001878184b380, 0x000001878184bda8]
Event: 14.347 Thread 0x00000187fc42b800 9332       3       java.util.Formatter$Flags::<init> (10 bytes)
Event: 14.347 Thread 0x00000187fc42b800 nmethod 9332 0x000001878184c110 code [0x000001878184c2c0, 0x000001878184c418]
Event: 14.347 Thread 0x00000187fc42b800 9333       3       kotlin.jvm.internal.Intrinsics::checkNotNullExpressionValue (38 bytes)
Event: 14.348 Thread 0x00000187fc42b800 nmethod 9333 0x000001878184c510 code [0x000001878184c7c0, 0x000001878184d278]
Event: 14.349 Thread 0x00000187fc42b800 9336       3       kotlin.collections.ArraysKt___ArraysKt::filterNotNullTo (55 bytes)
Event: 14.349 Thread 0x00000187fc42b800 nmethod 9336 0x000001878184d690 code [0x000001878184d880, 0x000001878184dce8]
Event: 14.349 Thread 0x00000187fc42b800 9334       3       kotlin.collections.CollectionsKt__CollectionsKt::listOfNotNull (11 bytes)
Event: 14.349 Thread 0x00000187fc42b800 nmethod 9334 0x000001878184df10 code [0x000001878184e140, 0x000001878184e7a8]
Event: 14.349 Thread 0x00000187fc42b800 9335       3       kotlin.collections.ArraysKt___ArraysKt::filterNotNull (25 bytes)
Event: 14.350 Thread 0x00000187fc42b800 nmethod 9335 0x000001878184ea10 code [0x000001878184ec20, 0x000001878184f158]
Event: 14.386 Thread 0x00000187fef31800 nmethod 9231 0x0000018787ffea90 code [0x0000018787fff4a0, 0x0000018788005910]
Event: 14.399 Thread 0x000001878fcf4800 9337   !   4       java.io.BufferedReader::readLine (304 bytes)

GC Heap History (20 events):
Event: 6.506 GC heap before
{Heap before GC invocations=7 (full 0):
 garbage-first heap   total 131072K, used 85189K [0x0000000080000000, 0x0000000100000000)
  region size 1024K, 65 young (66560K), 6 survivors (6144K)
 Metaspace       used 40792K, capacity 41662K, committed 41984K, reserved 1085440K
  class space    used 5213K, capacity 5533K, committed 5632K, reserved 1048576K
}
Event: 6.519 GC heap after
{Heap after GC invocations=8 (full 0):
 garbage-first heap   total 157696K, used 25265K [0x0000000080000000, 0x0000000100000000)
  region size 1024K, 7 young (7168K), 7 survivors (7168K)
 Metaspace       used 40792K, capacity 41662K, committed 41984K, reserved 1085440K
  class space    used 5213K, capacity 5533K, committed 5632K, reserved 1048576K
}
Event: 7.901 GC heap before
{Heap before GC invocations=8 (full 0):
 garbage-first heap   total 157696K, used 107185K [0x0000000080000000, 0x0000000100000000)
  region size 1024K, 86 young (88064K), 7 survivors (7168K)
 Metaspace       used 44939K, capacity 46026K, committed 46208K, reserved 1089536K
  class space    used 5769K, capacity 6158K, committed 6272K, reserved 1048576K
}
Event: 7.910 GC heap after
{Heap after GC invocations=9 (full 0):
 garbage-first heap   total 157696K, used 32526K [0x0000000080000000, 0x0000000100000000)
  region size 1024K, 10 young (10240K), 10 survivors (10240K)
 Metaspace       used 44939K, capacity 46026K, committed 46208K, reserved 1089536K
  class space    used 5769K, capacity 6158K, committed 6272K, reserved 1048576K
}
Event: 9.010 GC heap before
{Heap before GC invocations=9 (full 0):
 garbage-first heap   total 157696K, used 119566K [0x0000000080000000, 0x0000000100000000)
  region size 1024K, 90 young (92160K), 10 survivors (10240K)
 Metaspace       used 55360K, capacity 56715K, committed 56832K, reserved 1097728K
  class space    used 7079K, capacity 7570K, committed 7680K, reserved 1048576K
}
Event: 9.021 GC heap after
{Heap after GC invocations=10 (full 0):
 garbage-first heap   total 157696K, used 45829K [0x0000000080000000, 0x0000000100000000)
  region size 1024K, 12 young (12288K), 12 survivors (12288K)
 Metaspace       used 55360K, capacity 56715K, committed 56832K, reserved 1097728K
  class space    used 7079K, capacity 7570K, committed 7680K, reserved 1048576K
}
Event: 9.388 GC heap before
{Heap before GC invocations=10 (full 0):
 garbage-first heap   total 157696K, used 77573K [0x0000000080000000, 0x0000000100000000)
  region size 1024K, 44 young (45056K), 12 survivors (12288K)
 Metaspace       used 58567K, capacity 60018K, committed 60160K, reserved 1101824K
  class space    used 7446K, capacity 7977K, committed 8064K, reserved 1048576K
}
Event: 9.407 GC heap after
{Heap after GC invocations=11 (full 0):
 garbage-first heap   total 157696K, used 50877K [0x0000000080000000, 0x0000000100000000)
  region size 1024K, 5 young (5120K), 5 survivors (5120K)
 Metaspace       used 58567K, capacity 60018K, committed 60160K, reserved 1101824K
  class space    used 7446K, capacity 7977K, committed 8064K, reserved 1048576K
}
Event: 10.019 GC heap before
{Heap before GC invocations=12 (full 0):
 garbage-first heap   total 157696K, used 105149K [0x0000000080000000, 0x0000000100000000)
  region size 1024K, 58 young (59392K), 5 survivors (5120K)
 Metaspace       used 62004K, capacity 63569K, committed 63744K, reserved 1103872K
  class space    used 7866K, capacity 8431K, committed 8448K, reserved 1048576K
}
Event: 10.026 GC heap after
{Heap after GC invocations=13 (full 0):
 garbage-first heap   total 157696K, used 54080K [0x0000000080000000, 0x0000000100000000)
  region size 1024K, 8 young (8192K), 8 survivors (8192K)
 Metaspace       used 62004K, capacity 63569K, committed 63744K, reserved 1103872K
  class space    used 7866K, capacity 8431K, committed 8448K, reserved 1048576K
}
Event: 10.852 GC heap before
{Heap before GC invocations=13 (full 0):
 garbage-first heap   total 157696K, used 109376K [0x0000000080000000, 0x0000000100000000)
  region size 1024K, 62 young (63488K), 8 survivors (8192K)
 Metaspace       used 68347K, capacity 69908K, committed 70144K, reserved 1110016K
  class space    used 8876K, capacity 9426K, committed 9472K, reserved 1048576K
}
Event: 10.862 GC heap after
{Heap after GC invocations=14 (full 0):
 garbage-first heap   total 157696K, used 57769K [0x0000000080000000, 0x0000000100000000)
  region size 1024K, 4 young (4096K), 4 survivors (4096K)
 Metaspace       used 68347K, capacity 69908K, committed 70144K, reserved 1110016K
  class space    used 8876K, capacity 9426K, committed 9472K, reserved 1048576K
}
Event: 11.539 GC heap before
{Heap before GC invocations=14 (full 0):
 garbage-first heap   total 157696K, used 114089K [0x0000000080000000, 0x0000000100000000)
  region size 1024K, 59 young (60416K), 4 survivors (4096K)
 Metaspace       used 74242K, capacity 75890K, committed 75904K, reserved 1114112K
  class space    used 9731K, capacity 10357K, committed 10368K, reserved 1048576K
}
Event: 11.547 GC heap after
{Heap after GC invocations=15 (full 0):
 garbage-first heap   total 157696K, used 60296K [0x0000000080000000, 0x0000000100000000)
  region size 1024K, 7 young (7168K), 7 survivors (7168K)
 Metaspace       used 74242K, capacity 75890K, committed 75904K, reserved 1114112K
  class space    used 9731K, capacity 10357K, committed 10368K, reserved 1048576K
}
Event: 12.301 GC heap before
{Heap before GC invocations=15 (full 0):
 garbage-first heap   total 157696K, used 115592K [0x0000000080000000, 0x0000000100000000)
  region size 1024K, 62 young (63488K), 7 survivors (7168K)
 Metaspace       used 78216K, capacity 80131K, committed 80384K, reserved 1118208K
  class space    used 10235K, capacity 10914K, committed 11008K, reserved 1048576K
}
Event: 12.312 GC heap after
{Heap after GC invocations=16 (full 0):
 garbage-first heap   total 157696K, used 64469K [0x0000000080000000, 0x0000000100000000)
  region size 1024K, 8 young (8192K), 8 survivors (8192K)
 Metaspace       used 78216K, capacity 80131K, committed 80384K, reserved 1118208K
  class space    used 10235K, capacity 10914K, committed 11008K, reserved 1048576K
}
Event: 12.875 GC heap before
{Heap before GC invocations=16 (full 0):
 garbage-first heap   total 157696K, used 119765K [0x0000000080000000, 0x0000000100000000)
  region size 1024K, 63 young (64512K), 8 survivors (8192K)
 Metaspace       used 78885K, capacity 80815K, committed 80896K, reserved 1120256K
  class space    used 10276K, capacity 10932K, committed 11008K, reserved 1048576K
}
Event: 12.888 GC heap after
{Heap after GC invocations=17 (full 0):
 garbage-first heap   total 157696K, used 68192K [0x0000000080000000, 0x0000000100000000)
  region size 1024K, 8 young (8192K), 8 survivors (8192K)
 Metaspace       used 78885K, capacity 80815K, committed 80896K, reserved 1120256K
  class space    used 10276K, capacity 10932K, committed 11008K, reserved 1048576K
}
Event: 13.687 GC heap before
{Heap before GC invocations=17 (full 0):
 garbage-first heap   total 157696K, used 122464K [0x0000000080000000, 0x0000000100000000)
  region size 1024K, 62 young (63488K), 8 survivors (8192K)
 Metaspace       used 83441K, capacity 85402K, committed 85632K, reserved 1124352K
  class space    used 10860K, capacity 11578K, committed 11648K, reserved 1048576K
}
Event: 13.704 GC heap after
{Heap after GC invocations=18 (full 0):
 garbage-first heap   total 189440K, used 70912K [0x0000000080000000, 0x0000000100000000)
  region size 1024K, 7 young (7168K), 7 survivors (7168K)
 Metaspace       used 83441K, capacity 85402K, committed 85632K, reserved 1124352K
  class space    used 10860K, capacity 11578K, committed 11648K, reserved 1048576K
}

Deoptimization events (20 events):
Event: 14.181 Thread 0x00000187936b0800 Uncommon trap: trap_request=0xffffff4d fr.pc=0x0000018787dac458 relative=0x0000000000000cb8
Event: 14.181 Thread 0x00000187936b0800 Uncommon trap: reason=unstable_if action=reinterpret pc=0x0000018787dac458 method=java.util.TreeMap.getEntryUsingComparator(Ljava/lang/Object;)Ljava/util/TreeMap$Entry; @ 53 c2
Event: 14.181 Thread 0x00000187936b0800 DEOPT PACKING pc=0x0000018787dac458 sp=0x00000014acffa6f0
Event: 14.181 Thread 0x00000187936b0800 DEOPT UNPACKING pc=0x00000187800274af sp=0x00000014acffa610 mode 2
Event: 14.250 Thread 0x00000187936b0800 Uncommon trap: trap_request=0xffffffde fr.pc=0x0000018787d9d570 relative=0x0000000000000450
Event: 14.250 Thread 0x00000187936b0800 Uncommon trap: reason=class_check action=maybe_recompile pc=0x0000018787d9d570 method=java.util.regex.Matcher.search(I)Z @ 121 c2
Event: 14.250 Thread 0x00000187936b0800 DEOPT PACKING pc=0x0000018787d9d570 sp=0x00000014acff9fe0
Event: 14.250 Thread 0x00000187936b0800 DEOPT UNPACKING pc=0x00000187800274af sp=0x00000014acff9f90 mode 2
Event: 14.251 Thread 0x00000187936b0800 Uncommon trap: trap_request=0xffffffde fr.pc=0x0000018787d9d570 relative=0x0000000000000450
Event: 14.251 Thread 0x00000187936b0800 Uncommon trap: reason=class_check action=maybe_recompile pc=0x0000018787d9d570 method=java.util.regex.Matcher.search(I)Z @ 121 c2
Event: 14.251 Thread 0x00000187936b0800 DEOPT PACKING pc=0x0000018787d9d570 sp=0x00000014acff9fe0
Event: 14.251 Thread 0x00000187936b0800 DEOPT UNPACKING pc=0x00000187800274af sp=0x00000014acff9f90 mode 2
Event: 14.251 Thread 0x00000187936b0800 Uncommon trap: trap_request=0xffffffde fr.pc=0x0000018787d9d570 relative=0x0000000000000450
Event: 14.251 Thread 0x00000187936b0800 Uncommon trap: reason=class_check action=maybe_recompile pc=0x0000018787d9d570 method=java.util.regex.Matcher.search(I)Z @ 121 c2
Event: 14.251 Thread 0x00000187936b0800 DEOPT PACKING pc=0x0000018787d9d570 sp=0x00000014acff9fe0
Event: 14.251 Thread 0x00000187936b0800 DEOPT UNPACKING pc=0x00000187800274af sp=0x00000014acff9f90 mode 2
Event: 14.251 Thread 0x00000187936b0800 Uncommon trap: trap_request=0xffffffde fr.pc=0x0000018787d9d570 relative=0x0000000000000450
Event: 14.251 Thread 0x00000187936b0800 Uncommon trap: reason=class_check action=maybe_recompile pc=0x0000018787d9d570 method=java.util.regex.Matcher.search(I)Z @ 121 c2
Event: 14.251 Thread 0x00000187936b0800 DEOPT PACKING pc=0x0000018787d9d570 sp=0x00000014acff9fe0
Event: 14.251 Thread 0x00000187936b0800 DEOPT UNPACKING pc=0x00000187800274af sp=0x00000014acff9f90 mode 2

Classes redefined (0 events):
No events

Internal exceptions (20 events):
Event: 13.999 Thread 0x00000187936b0800 Exception <a 'sun/nio/fs/WindowsException'{0x000000008acc1cb0}> (0x000000008acc1cb0) thrown at [./src/hotspot/share/prims/jni.cpp, line 615]
Event: 13.999 Thread 0x00000187936b0800 Exception <a 'sun/nio/fs/WindowsException'{0x000000008acc3ba8}> (0x000000008acc3ba8) thrown at [./src/hotspot/share/prims/jni.cpp, line 615]
Event: 13.999 Thread 0x00000187936b0800 Exception <a 'sun/nio/fs/WindowsException'{0x000000008acc47f8}> (0x000000008acc47f8) thrown at [./src/hotspot/share/prims/jni.cpp, line 615]
Event: 13.999 Thread 0x00000187936b0800 Exception <a 'sun/nio/fs/WindowsException'{0x000000008acc65e0}> (0x000000008acc65e0) thrown at [./src/hotspot/share/prims/jni.cpp, line 615]
Event: 14.000 Thread 0x00000187936b0800 Exception <a 'sun/nio/fs/WindowsException'{0x000000008acc7228}> (0x000000008acc7228) thrown at [./src/hotspot/share/prims/jni.cpp, line 615]
Event: 14.000 Thread 0x00000187936b0800 Exception <a 'sun/nio/fs/WindowsException'{0x000000008acc9300}> (0x000000008acc9300) thrown at [./src/hotspot/share/prims/jni.cpp, line 615]
Event: 14.000 Thread 0x00000187936b0800 Exception <a 'sun/nio/fs/WindowsException'{0x000000008acc9f48}> (0x000000008acc9f48) thrown at [./src/hotspot/share/prims/jni.cpp, line 615]
Event: 14.001 Thread 0x00000187936b0800 Exception <a 'sun/nio/fs/WindowsException'{0x000000008acccf90}> (0x000000008acccf90) thrown at [./src/hotspot/share/prims/jni.cpp, line 615]
Event: 14.002 Thread 0x00000187936b0800 Exception <a 'sun/nio/fs/WindowsException'{0x000000008accdbe0}> (0x000000008accdbe0) thrown at [./src/hotspot/share/prims/jni.cpp, line 615]
Event: 14.002 Thread 0x00000187936b0800 Exception <a 'sun/nio/fs/WindowsException'{0x000000008accfa00}> (0x000000008accfa00) thrown at [./src/hotspot/share/prims/jni.cpp, line 615]
Event: 14.002 Thread 0x00000187936b0800 Exception <a 'sun/nio/fs/WindowsException'{0x000000008acd0650}> (0x000000008acd0650) thrown at [./src/hotspot/share/prims/jni.cpp, line 615]
Event: 14.020 Thread 0x00000187936b0800 Exception <a 'java/lang/NoSuchMethodError'{0x000000008aa17458}: 'java.lang.Object java.lang.invoke.DirectMethodHandle$Holder.invokeSpecial(java.lang.Object, java.lang.Object, int, java.lang.Object, java.lang.Object)'> (0x000000008aa17458) thrown at [./src/hotspot/share/interpreter/linkResolver.cpp, line 773]
Event: 14.021 Thread 0x00000187936b0800 Exception <a 'java/lang/NoSuchMethodError'{0x000000008aa1f9e8}: 'java.lang.Object java.lang.invoke.DirectMethodHandle$Holder.invokeStatic(java.lang.Object, java.lang.Object, int, java.lang.Object)'> (0x000000008aa1f9e8) thrown at [./src/hotspot/share/interpreter/linkResolver.cpp, line 773]
Event: 14.022 Thread 0x00000187936b0800 Exception <a 'java/lang/NoSuchMethodError'{0x000000008aa236e0}: 'java.lang.Object java.lang.invoke.Invokers$Holder.linkToTargetMethod(java.lang.Object, int, java.lang.Object, java.lang.Object)'> (0x000000008aa236e0) thrown at [./src/hotspot/share/interpreter/linkResolver.cpp, line 773]
Event: 14.025 Thread 0x00000187936b0800 Exception <a 'java/lang/NoSuchMethodError'{0x000000008aa38e08}: 'void java.lang.invoke.DirectMethodHandle$Holder.invokeVirtual(java.lang.Object, java.lang.Object)'> (0x000000008aa38e08) thrown at [./src/hotspot/share/interpreter/linkResolver.cpp, line 773]
Event: 14.294 Thread 0x00000187936b0800 Exception <a 'java/lang/NoSuchMethodError'{0x0000000089f56e18}: 'void java.lang.invoke.DirectMethodHandle$Holder.invokeStatic(java.lang.Object, long)'> (0x0000000089f56e18) thrown at [./src/hotspot/share/interpreter/linkResolver.cpp, line 773]
Event: 14.295 Thread 0x00000187936b0800 Exception <a 'java/lang/NoSuchMethodError'{0x0000000089f5c828}: 'java.lang.Object java.lang.invoke.DirectMethodHandle$Holder.invokeStatic(java.lang.Object, long)'> (0x0000000089f5c828) thrown at [./src/hotspot/share/interpreter/linkResolver.cpp, line 773]
Event: 14.297 Thread 0x00000187936b0800 Exception <a 'java/lang/NoSuchMethodError'{0x0000000089f6b0e0}: 'java.lang.Object java.lang.invoke.DirectMethodHandle$Holder.invokeStaticInit(java.lang.Object, java.lang.Object, long, java.lang.Object)'> (0x0000000089f6b0e0) thrown at [./src/hotspot/share/interpreter/linkResolver.cpp, line 773]
Event: 14.298 Thread 0x00000187936b0800 Exception <a 'java/lang/NoSuchMethodError'{0x0000000089f717c8}: 'java.lang.Object java.lang.invoke.DirectMethodHandle$Holder.invokeStatic(java.lang.Object, java.lang.Object, long)'> (0x0000000089f717c8) thrown at [./src/hotspot/share/interpreter/linkResolver.cpp, line 773]
Event: 14.298 Thread 0x00000187936b0800 Exception <a 'java/lang/NoSuchMethodError'{0x0000000089f78290}: 'java.lang.Object java.lang.invoke.Invokers$Holder.linkToTargetMethod(java.lang.Object, long, java.lang.Object)'> (0x0000000089f78290) thrown at [./src/hotspot/share/interpreter/linkResolver.cpp, line 773]

Events (20 events):
Event: 14.301 loading class kotlin/concurrent/ThreadsKt done
Event: 14.301 loading class kotlin/concurrent/ThreadsKt
Event: 14.301 loading class kotlin/concurrent/ThreadsKt done
Event: 14.302 loading class kotlin/concurrent/ThreadsKt$thread$thread$1
Event: 14.302 loading class kotlin/concurrent/ThreadsKt$thread$thread$1 done
Event: 14.302 Thread 0x00000187936b3000 Thread added: 0x00000187936b3000
Event: 14.302 loading class org/jetbrains/kotlin/daemon/client/KotlinCompilerClient$startDaemon$stdoutThread$1$1
Event: 14.302 loading class org/jetbrains/kotlin/daemon/client/KotlinCompilerClient$startDaemon$stdoutThread$1$1 done
Event: 14.303 loading class kotlin/io/LinesSequence
Event: 14.303 loading class kotlin/io/LinesSequence done
Event: 14.303 loading class kotlin/io/LinesSequence$iterator$1
Event: 14.303 loading class kotlin/io/LinesSequence$iterator$1 done
Event: 14.343 Executing VM operation: RevokeBias
Event: 14.344 Executing VM operation: RevokeBias done
Event: 14.344 Executing VM operation: RevokeBias
Event: 14.344 Executing VM operation: RevokeBias done
Event: 14.344 Executing VM operation: RevokeBias
Event: 14.344 Executing VM operation: RevokeBias done
Event: 14.344 Thread 0x00000187936b3000 Thread exited: 0x00000187936b3000
Event: 14.351 Thread 0x00000187936b3000 Thread added: 0x00000187936b3000


Dynamic libraries:
0x00007ff636f50000 - 0x00007ff636f5a000 	C:\Program Files\Android\Android Studio1\jre\bin\java.exe
0x00007ffa0fb90000 - 0x00007ffa0fd85000 	C:\WINDOWS\SYSTEM32\ntdll.dll
0x00007ffa0ef40000 - 0x00007ffa0effd000 	C:\WINDOWS\System32\KERNEL32.DLL
0x00007ffa0d6f0000 - 0x00007ffa0d9b9000 	C:\WINDOWS\System32\KERNELBASE.dll
0x00007ffa0d550000 - 0x00007ffa0d650000 	C:\WINDOWS\System32\ucrtbase.dll
0x00007ff9fbf10000 - 0x00007ff9fbf27000 	C:\Program Files\Android\Android Studio1\jre\bin\VCRUNTIME140.dll
0x00007ff9fbf30000 - 0x00007ff9fbf49000 	C:\Program Files\Android\Android Studio1\jre\bin\jli.dll
0x00007ffa0dcf0000 - 0x00007ffa0de90000 	C:\WINDOWS\System32\USER32.dll
0x00007ffa0d2d0000 - 0x00007ffa0d2f2000 	C:\WINDOWS\System32\win32u.dll
0x00007ffa0ea80000 - 0x00007ffa0eaaa000 	C:\WINDOWS\System32\GDI32.dll
0x00007ff9f9df0000 - 0x00007ff9fa08a000 	C:\WINDOWS\WinSxS\amd64_microsoft.windows.common-controls_6595b64144ccf1df_6.0.19041.1110_none_60b5254171f9507e\COMCTL32.dll
0x00007ffa0d360000 - 0x00007ffa0d46b000 	C:\WINDOWS\System32\gdi32full.dll
0x00007ffa0f010000 - 0x00007ffa0f0ae000 	C:\WINDOWS\System32\msvcrt.dll
0x00007ffa0d650000 - 0x00007ffa0d6ed000 	C:\WINDOWS\System32\msvcp_win.dll
0x00007ffa0ee60000 - 0x00007ffa0ee90000 	C:\WINDOWS\System32\IMM32.DLL
0x00007ff9d2a00000 - 0x00007ff9d2a9d000 	C:\Program Files\Android\Android Studio1\jre\bin\msvcp140.dll
0x00007ff9ba910000 - 0x00007ff9bb3cc000 	C:\Program Files\Android\Android Studio1\jre\bin\server\jvm.dll
0x00007ffa0ee90000 - 0x00007ffa0ef3c000 	C:\WINDOWS\System32\ADVAPI32.dll
0x00007ffa0e7b0000 - 0x00007ffa0e84b000 	C:\WINDOWS\System32\sechost.dll
0x00007ffa0e210000 - 0x00007ffa0e33a000 	C:\WINDOWS\System32\RPCRT4.dll
0x00007ffa0ed10000 - 0x00007ffa0ed18000 	C:\WINDOWS\System32\PSAPI.DLL
0x00007ffa02310000 - 0x00007ffa02337000 	C:\WINDOWS\SYSTEM32\WINMM.dll
0x00007ffa05b70000 - 0x00007ffa05b79000 	C:\WINDOWS\SYSTEM32\WSOCK32.dll
0x00007ffa04a60000 - 0x00007ffa04a6a000 	C:\WINDOWS\SYSTEM32\VERSION.dll
0x00007ffa0e9a0000 - 0x00007ffa0ea0b000 	C:\WINDOWS\System32\WS2_32.dll
0x00007ffa0bb90000 - 0x00007ffa0bba2000 	C:\WINDOWS\SYSTEM32\kernel.appcore.dll
0x00007ffa07590000 - 0x00007ffa075a1000 	C:\Program Files\Android\Android Studio1\jre\bin\verify.dll
0x00007ffa0afb0000 - 0x00007ffa0b194000 	C:\WINDOWS\SYSTEM32\DBGHELP.DLL
0x00007ff9fbe70000 - 0x00007ff9fbe9c000 	C:\WINDOWS\SYSTEM32\dbgcore.DLL
0x00007ffa0d4c0000 - 0x00007ffa0d543000 	C:\WINDOWS\System32\bcryptPrimitives.dll
0x00007ffa05e90000 - 0x00007ffa05eb9000 	C:\Program Files\Android\Android Studio1\jre\bin\java.dll
0x00007ffa0a770000 - 0x00007ffa0a77b000 	C:\Program Files\Android\Android Studio1\jre\bin\jimage.dll
0x00007ffa073a0000 - 0x00007ffa073b8000 	C:\Program Files\Android\Android Studio1\jre\bin\zip.dll
0x00007ffa0f0b0000 - 0x00007ffa0f7ef000 	C:\WINDOWS\System32\SHELL32.dll
0x00007ffa0b3e0000 - 0x00007ffa0bb71000 	C:\WINDOWS\SYSTEM32\windows.storage.dll
0x00007ffa0f7f0000 - 0x00007ffa0fb45000 	C:\WINDOWS\System32\combase.dll
0x00007ffa0cd40000 - 0x00007ffa0cd6c000 	C:\WINDOWS\SYSTEM32\Wldp.dll
0x00007ffa0de90000 - 0x00007ffa0df3e000 	C:\WINDOWS\System32\SHCORE.dll
0x00007ffa0ea10000 - 0x00007ffa0ea65000 	C:\WINDOWS\System32\shlwapi.dll
0x00007ffa0d210000 - 0x00007ffa0d22f000 	C:\WINDOWS\SYSTEM32\profapi.dll
0x00007ffa05c00000 - 0x00007ffa05c1a000 	C:\Program Files\Android\Android Studio1\jre\bin\net.dll
0x00007ffa014f0000 - 0x00007ffa015fa000 	C:\WINDOWS\SYSTEM32\WINHTTP.dll
0x00007ffa0ca30000 - 0x00007ffa0ca9a000 	C:\WINDOWS\system32\mswsock.dll
0x00007ffa05be0000 - 0x00007ffa05bf4000 	C:\Program Files\Android\Android Studio1\jre\bin\nio.dll
0x00007ffa06540000 - 0x00007ffa06567000 	C:\Users\Dark Knight\.gradle\native\fdc75f09e3144964f2cf3f50f0aa648679c211496f362492102eb8c894070792\windows-amd64\native-platform.dll
0x00007ff9cdc60000 - 0x00007ff9cddf6000 	C:\Users\Dark Knight\.gradle\native\12488b8bf47d2d4c9fbf2f6322a914ad602e24e48041cd04a747c6da556b65c4\windows-amd64\native-platform-file-events.dll
0x00007ffa07880000 - 0x00007ffa0788a000 	C:\Program Files\Android\Android Studio1\jre\bin\management.dll
0x00007ffa07860000 - 0x00007ffa0786c000 	C:\Program Files\Android\Android Studio1\jre\bin\management_ext.dll
0x00007ffa0cc40000 - 0x00007ffa0cc58000 	C:\WINDOWS\SYSTEM32\CRYPTSP.dll
0x00007ffa0c370000 - 0x00007ffa0c3a4000 	C:\WINDOWS\system32\rsaenh.dll
0x00007ffa0da70000 - 0x00007ffa0da97000 	C:\WINDOWS\System32\bcrypt.dll
0x00007ffa0d1d0000 - 0x00007ffa0d1fe000 	C:\WINDOWS\SYSTEM32\USERENV.dll
0x00007ffa0cc30000 - 0x00007ffa0cc3c000 	C:\WINDOWS\SYSTEM32\CRYPTBASE.dll
0x00007ffa0c720000 - 0x00007ffa0c75b000 	C:\WINDOWS\SYSTEM32\IPHLPAPI.DLL
0x00007ffa0f000000 - 0x00007ffa0f008000 	C:\WINDOWS\System32\NSI.dll
0x00007ffa034e0000 - 0x00007ffa034f7000 	C:\WINDOWS\SYSTEM32\dhcpcsvc6.DLL
0x00007ffa03da0000 - 0x00007ffa03dbd000 	C:\WINDOWS\SYSTEM32\dhcpcsvc.DLL
0x00007ffa0c760000 - 0x00007ffa0c82c000 	C:\WINDOWS\SYSTEM32\DNSAPI.dll
0x00007ffa04a70000 - 0x00007ffa04a7b000 	C:\WINDOWS\SYSTEM32\WINNSI.DLL
0x00007ff9f9bd0000 - 0x00007ff9f9bee000 	C:\Users\Dark Knight\AppData\Local\Temp\native-platform13135513258102220405dir\native-platform.dll

dbghelp: loaded successfully - version: 4.0.5 - missing functions: none
symbol engine: initialized successfully - sym options: 0x614 - pdb path: .;C:\Program Files\Android\Android Studio1\jre\bin;C:\WINDOWS\SYSTEM32;C:\WINDOWS\WinSxS\amd64_microsoft.windows.common-controls_6595b64144ccf1df_6.0.19041.1110_none_60b5254171f9507e;C:\Program Files\Android\Android Studio1\jre\bin\server;C:\Users\Dark Knight\.gradle\native\fdc75f09e3144964f2cf3f50f0aa648679c211496f362492102eb8c894070792\windows-amd64;C:\Users\Dark Knight\.gradle\native\12488b8bf47d2d4c9fbf2f6322a914ad602e24e48041cd04a747c6da556b65c4\windows-amd64;C:\Users\Dark Knight\AppData\Local\Temp\native-platform13135513258102220405dir

VM Arguments:
jvm_args: --add-opens=java.base/java.util=ALL-UNNAMED --add-opens=java.base/java.lang=ALL-UNNAMED --add-opens=java.base/java.lang.invoke=ALL-UNNAMED --add-opens=java.prefs/java.util.prefs=ALL-UNNAMED -Xmx2048m -Dfile.encoding=UTF-8 -Duser.country=IN -Duser.language=en -Duser.variant 
java_command: org.gradle.launcher.daemon.bootstrap.GradleDaemon 6.7.1
java_class_path (initial): C:\Users\Dark Knight\.gradle\wrapper\dists\gradle-6.7.1-bin\bwlcbys1h7rz3272sye1xwiv6\gradle-6.7.1\lib\gradle-launcher-6.7.1.jar
Launcher Type: SUN_STANDARD

[Global flags]
     intx CICompilerCount                          = 4                                         {product} {ergonomic}
     uint ConcGCThreads                            = 2                                         {product} {ergonomic}
     uint G1ConcRefinementThreads                  = 8                                         {product} {ergonomic}
   size_t G1HeapRegionSize                         = 1048576                                   {product} {ergonomic}
    uintx GCDrainStackTargetSize                   = 64                                        {product} {ergonomic}
   size_t InitialHeapSize                          = 134217728                                 {product} {ergonomic}
   size_t MarkStackSize                            = 4194304                                   {product} {ergonomic}
   size_t MaxHeapSize                              = 2147483648                                {product} {command line}
   size_t MaxNewSize                               = 1287651328                                {product} {ergonomic}
   size_t MinHeapDeltaBytes                        = 1048576                                   {product} {ergonomic}
    uintx NonNMethodCodeHeapSize                   = 5836300                                {pd product} {ergonomic}
    uintx NonProfiledCodeHeapSize                  = 122910970                              {pd product} {ergonomic}
    uintx ProfiledCodeHeapSize                     = 122910970                              {pd product} {ergonomic}
    uintx ReservedCodeCacheSize                    = 251658240                              {pd product} {ergonomic}
     bool SegmentedCodeCache                       = true                                      {product} {ergonomic}
     bool UseCompressedClassPointers               = true                                 {lp64_product} {ergonomic}
     bool UseCompressedOops                        = true                                 {lp64_product} {ergonomic}
     bool UseG1GC                                  = true                                      {product} {ergonomic}
     bool UseLargePagesIndividualAllocation        = false                                  {pd product} {ergonomic}

Logging:
Log output configuration:
 #0: stdout all=warning uptime,level,tags
 #1: stderr all=off uptime,level,tags

Environment Variables:
PATH=C:\Windows\system32;C:\Windows;C:\Windows\System32\Wbem;C:\Windows\System32\WindowsPowerShell\v1.0\;C:\Windows\System32\OpenSSH\;C:\Program Files (x86)\NVIDIA Corporation\PhysX\Common;C:\Program Files\NVIDIA Corporation\NVIDIA NvDLISR;C:\WINDOWS\system32;C:\WINDOWS;C:\WINDOWS\System32\Wbem;C:\WINDOWS\System32\WindowsPowerShell\v1.0\;C:\WINDOWS\System32\OpenSSH\;C:\MinGW\bin;C:\Program Files\MEGA-X;C:\WINDOWS\system32;C:\WINDOWS;C:\WINDOWS\System32\Wbem;C:\WINDOWS\System32\WindowsPowerShell\v1.0\;C:\WINDOWS\System32\OpenSSH\;C:\Program Files\Git\cmd;C:\Users\Dark Knight\AppData\Local\Microsoft\WindowsApps;C:\Users\Dark Knight\AppData\Local\atom\bin;C:\Program Files (x86)\Microsoft Visual Studio\2019\BuildTools\MSBuild\Current\Bin;C:\Users\Dark Knight\AppData\Local\Microsoft\WindowsApps
USERNAME=Dark Knight
OS=Windows_NT
PROCESSOR_IDENTIFIER=Intel64 Family 6 Model 158 Stepping 10, GenuineIntel



---------------  S Y S T E M  ---------------

OS: Windows 10 , 64 bit Build 19041 (10.0.19041.1023)
OS uptime: 9 days 23:13 hours

CPU:total 8 (initial active 8) (4 cores per cpu, 2 threads per core) family 6 model 158 stepping 10, cmov, cx8, fxsr, mmx, sse, sse2, sse3, ssse3, sse4.1, sse4.2, popcnt, avx, avx2, aes, clmul, erms, 3dnowpref, lzcnt, ht, tsc, tscinvbit, bmi1, bmi2, adx, fma

Memory: 4k page, system-wide physical 8112M (809M free)
TotalPageFile size 12208M (AvailPageFile size 69M)
current process WorkingSet (physical memory assigned to process): 433M, peak: 442M
current process commit charge ("private bytes"): 479M, peak: 490M

vm_info: OpenJDK 64-Bit Server VM (11.0.8+10-b944.6842174) for windows-amd64 JRE (11.0.8+10-b944.6842174), built on Sep 19 2020 01:11:42 by "builder" with MS VC++ 14.0 (VS2015)

END.
