#
# There is insufficient memory for the Java Runtime Environment to continue.
# Native memory allocation (malloc) failed to allocate 1049776 bytes for Chunk::new
# Possible reasons:
#   The system is out of physical RAM or swap space
#   The process is running with CompressedOops enabled, and the Java Heap may be blocking the growth of the native heap
# Possible solutions:
#   Reduce memory load on the system
#   Increase physical memory or swap space
#   Check if swap backing store is full
#   Decrease Java heap size (-Xmx/-Xms)
#   Decrease number of Java threads
#   Decrease Java thread stack sizes (-Xss)
#   Set larger code cache with -XX:ReservedCodeCacheSize=
#   JVM is running with Unscaled Compressed Oops mode in which the Java heap is
#     placed in the first 4GB address space. The Java Heap base address is the
#     maximum limit for the native heap growth. Please use -XX:HeapBaseMinAddress
#     to set the Java Heap base and to place the Java Heap above 4GB virtual address.
# This output file may be truncated or incomplete.
#
#  Out of Memory Error (./src/hotspot/share/memory/arena.cpp:197), pid=30488, tid=22096
#
# JRE version: OpenJDK Runtime Environment (11.0.8+10) (build 11.0.8+10-b944.6842174)
# Java VM: OpenJDK 64-Bit Server VM (11.0.8+10-b944.6842174, mixed mode, tiered, compressed oops, g1 gc, windows-amd64)
# No core dump will be written. Minidumps are not enabled by default on client versions of Windows
#

---------------  S U M M A R Y ------------

Command Line: --add-opens=java.base/java.util=ALL-UNNAMED --add-opens=java.base/java.lang=ALL-UNNAMED --add-opens=java.base/java.lang.invoke=ALL-UNNAMED --add-opens=java.prefs/java.util.prefs=ALL-UNNAMED -Xmx2048m -Dfile.encoding=UTF-8 -Duser.country=IN -Duser.language=en -Duser.variant org.gradle.launcher.daemon.bootstrap.GradleDaemon 6.7.1

Host: Intel(R) Core(TM) i5-9300H CPU @ 2.40GHz, 8 cores, 7G,  Windows 10 , 64 bit Build 19041 (10.0.19041.1023)
Time: Tue Jul 27 19:00:27 2021 India Standard Time elapsed time: 6 seconds (0d 0h 0m 6s)

---------------  T H R E A D  ---------------

Current thread (0x000001f57a9f7000):  JavaThread "C2 CompilerThread0" daemon [_thread_in_native, id=22096, stack(0x000000cbb4e00000,0x000000cbb4f00000)]


Current CompileTask:
C2:   6566 3022       4       org.codehaus.groovy.runtime.metaclass.MetaMethodIndex::addMethodToList (298 bytes)

Stack: [0x000000cbb4e00000,0x000000cbb4f00000]
Native frames: (J=compiled Java code, j=interpreted, Vv=VM code, C=native code)
V  [jvm.dll+0x5de50a]
V  [jvm.dll+0x7122f5]
V  [jvm.dll+0x71384d]
V  [jvm.dll+0x713f03]
V  [jvm.dll+0x23e728]
V  [jvm.dll+0xb899c]
V  [jvm.dll+0xb8e9c]
V  [jvm.dll+0x2b20e4]
V  [jvm.dll+0x502098]
V  [jvm.dll+0x1ff393]
V  [jvm.dll+0x1f917c]
V  [jvm.dll+0x1f685f]
V  [jvm.dll+0x17f32c]
V  [jvm.dll+0x205047]
V  [jvm.dll+0x203891]
V  [jvm.dll+0x6dad3f]
V  [jvm.dll+0x6d3895]
V  [jvm.dll+0x5dd4a6]
C  [ucrtbase.dll+0x21bb2]
C  [KERNEL32.DLL+0x17034]
C  [ntdll.dll+0x52651]


---------------  P R O C E S S  ---------------

Threads class SMR info:
_java_thread_list=0x000001f57ce37950, length=32, elements={
0x000001f55fd89800, 0x000001f57a07f000, 0x000001f57a084800, 0x000001f57a9f2800,
0x000001f57a9f3800, 0x000001f57a9f7000, 0x000001f57a099800, 0x000001f57a09a800,
0x000001f57ab48800, 0x000001f57ab4c000, 0x000001f57ca5d800, 0x000001f57ad9d800,
0x000001f57c9f0000, 0x000001f57b567800, 0x000001f57c562000, 0x000001f57c223000,
0x000001f57bc5b000, 0x000001f57c7df000, 0x000001f57bf67000, 0x000001f57c427000,
0x000001f57c3b7800, 0x000001f57c3b6000, 0x000001f57c3b9000, 0x000001f57d373800,
0x000001f57d3a6800, 0x000001f57c3b8800, 0x000001f57c3ba000, 0x000001f57c3ba800,
0x000001f57c3bb800, 0x000001f57c3bc800, 0x000001f57c3b6800, 0x000001f57d26b000
}

Java Threads: ( => current thread )
  0x000001f55fd89800 JavaThread "main" [_thread_blocked, id=26788, stack(0x000000cbb4300000,0x000000cbb4400000)]
  0x000001f57a07f000 JavaThread "Reference Handler" daemon [_thread_blocked, id=31308, stack(0x000000cbb4a00000,0x000000cbb4b00000)]
  0x000001f57a084800 JavaThread "Finalizer" daemon [_thread_blocked, id=41784, stack(0x000000cbb4b00000,0x000000cbb4c00000)]
  0x000001f57a9f2800 JavaThread "Signal Dispatcher" daemon [_thread_blocked, id=35492, stack(0x000000cbb4c00000,0x000000cbb4d00000)]
  0x000001f57a9f3800 JavaThread "Attach Listener" daemon [_thread_blocked, id=4140, stack(0x000000cbb4d00000,0x000000cbb4e00000)]
=>0x000001f57a9f7000 JavaThread "C2 CompilerThread0" daemon [_thread_in_native, id=22096, stack(0x000000cbb4e00000,0x000000cbb4f00000)]
  0x000001f57a099800 JavaThread "C1 CompilerThread0" daemon [_thread_in_native, id=26908, stack(0x000000cbb4f00000,0x000000cbb5000000)]
  0x000001f57a09a800 JavaThread "Sweeper thread" daemon [_thread_blocked, id=28152, stack(0x000000cbb5000000,0x000000cbb5100000)]
  0x000001f57ab48800 JavaThread "Common-Cleaner" daemon [_thread_blocked, id=27840, stack(0x000000cbb5100000,0x000000cbb5200000)]
  0x000001f57ab4c000 JavaThread "Service Thread" daemon [_thread_blocked, id=8944, stack(0x000000cbb5200000,0x000000cbb5300000)]
  0x000001f57ca5d800 JavaThread "Daemon health stats" [_thread_blocked, id=30812, stack(0x000000cbb5800000,0x000000cbb5900000)]
  0x000001f57ad9d800 JavaThread "Incoming local TCP Connector on port 61865" [_thread_in_native, id=33836, stack(0x000000cbb5900000,0x000000cbb5a00000)]
  0x000001f57c9f0000 JavaThread "Daemon periodic checks" [_thread_blocked, id=29724, stack(0x000000cbb5a00000,0x000000cbb5b00000)]
  0x000001f57b567800 JavaThread "Daemon" [_thread_blocked, id=36760, stack(0x000000cbb5b00000,0x000000cbb5c00000)]
  0x000001f57c562000 JavaThread "Handler for socket connection from /127.0.0.1:61865 to /127.0.0.1:61866" [_thread_in_native, id=40032, stack(0x000000cbb5c00000,0x000000cbb5d00000)]
  0x000001f57c223000 JavaThread "Cancel handler" [_thread_blocked, id=23980, stack(0x000000cbb5d00000,0x000000cbb5e00000)]
  0x000001f57bc5b000 JavaThread "Daemon worker" [_thread_in_Java, id=38620, stack(0x000000cbb5e00000,0x000000cbb5f00000)]
  0x000001f57c7df000 JavaThread "Asynchronous log dispatcher for DefaultDaemonConnection: socket connection from /127.0.0.1:61865 to /127.0.0.1:61866" [_thread_blocked, id=32740, stack(0x000000cbb5f00000,0x000000cbb6000000)]
  0x000001f57bf67000 JavaThread "Stdin handler" [_thread_blocked, id=31124, stack(0x000000cbb6000000,0x000000cbb6100000)]
  0x000001f57c427000 JavaThread "Thread-8" [_thread_blocked, id=10480, stack(0x000000cbb6100000,0x000000cbb6200000)]
  0x000001f57c3b7800 JavaThread "Cache worker for file hash cache (C:\Users\Dark Knight\.gradle\caches\6.7.1\fileHashes)" [_thread_blocked, id=10432, stack(0x000000cbb6700000,0x000000cbb6800000)]
  0x000001f57c3b6000 JavaThread "File lock request listener" [_thread_in_native, id=34744, stack(0x000000cbb6800000,0x000000cbb6900000)]
  0x000001f57c3b9000 JavaThread "Cache worker for journal cache (C:\Users\Dark Knight\.gradle\caches\journal-1)" [_thread_blocked, id=30564, stack(0x000000cbb6a00000,0x000000cbb6b00000)]
  0x000001f57d373800 JavaThread "C2 CompilerThread1" daemon [_thread_in_native, id=41112, stack(0x000000cbb6b00000,0x000000cbb6c00000)]
  0x000001f57d3a6800 JavaThread "C2 CompilerThread2" daemon [_thread_in_native, id=1664, stack(0x000000cbb6c00000,0x000000cbb6d00000)]
  0x000001f57c3b8800 JavaThread "Cache worker for file hash cache (C:\Android Projects\Udemy TUTORIAL\KidsDrawingApp\.gradle\6.7.1\fileHashes)" [_thread_blocked, id=15776, stack(0x000000cbb6d00000,0x000000cbb6e00000)]
  0x000001f57c3ba000 JavaThread "Cache worker for checksums cache (C:\Android Projects\Udemy TUTORIAL\KidsDrawingApp\.gradle\checksums)" [_thread_blocked, id=31424, stack(0x000000cbb6e00000,0x000000cbb6f00000)]
  0x000001f57c3ba800 JavaThread "Cache worker for cache directory md-supplier (C:\Users\Dark Knight\.gradle\caches\6.7.1\md-supplier)" [_thread_blocked, id=36056, stack(0x000000cbb6f00000,0x000000cbb7000000)]
  0x000001f57c3bb800 JavaThread "Cache worker for cache directory md-rule (C:\Users\Dark Knight\.gradle\caches\6.7.1\md-rule)" [_thread_blocked, id=4668, stack(0x000000cbb7000000,0x000000cbb7100000)]
  0x000001f57c3bc800 JavaThread "Cache worker for execution history cache (C:\Users\Dark Knight\.gradle\caches\6.7.1\executionHistory)" [_thread_blocked, id=8800, stack(0x000000cbb7100000,0x000000cbb7200000)]
  0x000001f57c3b6800 JavaThread "jar transforms" [_thread_blocked, id=36632, stack(0x000000cbb7200000,0x000000cbb7300000)]
  0x000001f57d26b000 JavaThread "Cache worker for file content cache (C:\Users\Dark Knight\.gradle\caches\6.7.1\fileContent)" [_thread_blocked, id=23800, stack(0x000000cbb7300000,0x000000cbb7400000)]

Other Threads:
  0x000001f57a07b800 VMThread "VM Thread" [stack: 0x000000cbb4900000,0x000000cbb4a00000] [id=17524]
  0x000001f57ab78000 WatcherThread [stack: 0x000000cbb5300000,0x000000cbb5400000] [id=34308]
  0x000001f55fda2000 GCTaskThread "GC Thread#0" [stack: 0x000000cbb4400000,0x000000cbb4500000] [id=34952]
  0x000001f57b938000 GCTaskThread "GC Thread#1" [stack: 0x000000cbb5500000,0x000000cbb5600000] [id=14840]
  0x000001f57b505000 GCTaskThread "GC Thread#2" [stack: 0x000000cbb5600000,0x000000cbb5700000] [id=22548]
  0x000001f57ca84000 GCTaskThread "GC Thread#3" [stack: 0x000000cbb6200000,0x000000cbb6300000] [id=39160]
  0x000001f57ca83800 GCTaskThread "GC Thread#4" [stack: 0x000000cbb6300000,0x000000cbb6400000] [id=18852]
  0x000001f57ca7e800 GCTaskThread "GC Thread#5" [stack: 0x000000cbb6400000,0x000000cbb6500000] [id=37284]
  0x000001f57ca80800 GCTaskThread "GC Thread#6" [stack: 0x000000cbb6500000,0x000000cbb6600000] [id=41076]
  0x000001f57ca81000 GCTaskThread "GC Thread#7" [stack: 0x000000cbb6600000,0x000000cbb6700000] [id=29324]
  0x000001f55fdd4000 ConcurrentGCThread "G1 Main Marker" [stack: 0x000000cbb4500000,0x000000cbb4600000] [id=37496]
  0x000001f55fdd6000 ConcurrentGCThread "G1 Conc#0" [stack: 0x000000cbb4600000,0x000000cbb4700000] [id=33640]
  0x000001f57ca7f800 ConcurrentGCThread "G1 Conc#1" [stack: 0x000000cbb6900000,0x000000cbb6a00000] [id=22760]
  0x000001f579eca800 ConcurrentGCThread "G1 Refine#0" [stack: 0x000000cbb4700000,0x000000cbb4800000] [id=32736]
  0x000001f55fe5e000 ConcurrentGCThread "G1 Young RemSet Sampling" [stack: 0x000000cbb4800000,0x000000cbb4900000] [id=40588]

Threads with active compile tasks:
C2 CompilerThread0   6604 3022       4       org.codehaus.groovy.runtime.metaclass.MetaMethodIndex::addMethodToList (298 bytes)
C2 CompilerThread1   6604 3112       4       groovy.lang.MetaClassImpl$1MOPIter::methodNameAction (325 bytes)
C2 CompilerThread2   6604 3111       4       java.lang.String::substring (68 bytes)

VM state:not at safepoint (normal execution)

VM Mutex/Monitor currently owned by a thread: None

Heap address: 0x0000000080000000, size: 2048 MB, Compressed Oops mode: 32-bit
Narrow klass base: 0x0000000000000000, Narrow klass shift: 3
Compressed class space size: 1073741824 Address: 0x0000000100000000

Heap:
 garbage-first heap   total 131072K, used 70397K [0x0000000080000000, 0x0000000100000000)
  region size 1024K, 52 young (53248K), 6 survivors (6144K)
 Metaspace       used 39809K, capacity 40644K, committed 40704K, reserved 1085440K
  class space    used 5055K, capacity 5362K, committed 5376K, reserved 1048576K
Heap Regions: E=young(eden), S=young(survivor), O=old, HS=humongous(starts), HC=humongous(continues), CS=collection set, F=free, A=archive, TAMS=top-at-mark-start (previous, next)
|   0|0x0000000080000000, 0x0000000080100000, 0x0000000080100000|100%| O|  |TAMS 0x0000000080100000, 0x0000000080000000| Untracked 
|   1|0x0000000080100000, 0x0000000080200000, 0x0000000080200000|100%| O|  |TAMS 0x0000000080200000, 0x0000000080100000| Untracked 
|   2|0x0000000080200000, 0x0000000080300000, 0x0000000080300000|100%| O|  |TAMS 0x0000000080300000, 0x0000000080200000| Untracked 
|   3|0x0000000080300000, 0x0000000080400000, 0x0000000080400000|100%|HS|  |TAMS 0x0000000080400000, 0x0000000080300000| Complete 
|   4|0x0000000080400000, 0x0000000080500000, 0x0000000080500000|100%|HC|  |TAMS 0x0000000080500000, 0x0000000080400000| Complete 
|   5|0x0000000080500000, 0x0000000080600000, 0x0000000080600000|100%|HC|  |TAMS 0x0000000080600000, 0x0000000080500000| Complete 
|   6|0x0000000080600000, 0x0000000080700000, 0x0000000080700000|100%| O|  |TAMS 0x0000000080700000, 0x0000000080600000| Untracked 
|   7|0x0000000080700000, 0x0000000080800000, 0x0000000080800000|100%| O|  |TAMS 0x0000000080800000, 0x0000000080700000| Untracked 
|   8|0x0000000080800000, 0x0000000080900000, 0x0000000080900000|100%| O|  |TAMS 0x0000000080900000, 0x0000000080800000| Untracked 
|   9|0x0000000080900000, 0x0000000080a00000, 0x0000000080a00000|100%| O|  |TAMS 0x0000000080a00000, 0x0000000080900000| Untracked 
|  10|0x0000000080a00000, 0x0000000080b00000, 0x0000000080b00000|100%| O|  |TAMS 0x0000000080b00000, 0x0000000080a00000| Untracked 
|  11|0x0000000080b00000, 0x0000000080c00000, 0x0000000080c00000|100%| O|  |TAMS 0x0000000080c00000, 0x0000000080b00000| Untracked 
|  12|0x0000000080c00000, 0x0000000080d00000, 0x0000000080d00000|100%| O|  |TAMS 0x0000000080d00000, 0x0000000080c00000| Untracked 
|  13|0x0000000080d00000, 0x0000000080e00000, 0x0000000080e00000|100%| O|  |TAMS 0x0000000080e00000, 0x0000000080d00000| Untracked 
|  14|0x0000000080e00000, 0x0000000080f00000, 0x0000000080f00000|100%| O|  |TAMS 0x0000000080f00000, 0x0000000080e00000| Untracked 
|  15|0x0000000080f00000, 0x0000000080f39200, 0x0000000081000000| 22%| O|  |TAMS 0x0000000080f39200, 0x0000000080f00000| Untracked 
|  16|0x0000000081000000, 0x0000000081100000, 0x0000000081100000|100%|HS|  |TAMS 0x0000000081000000, 0x0000000081000000| Complete 
|  17|0x0000000081100000, 0x0000000081200000, 0x0000000081200000|100%|HS|  |TAMS 0x0000000081100000, 0x0000000081100000| Complete 
|  18|0x0000000081200000, 0x0000000081300000, 0x0000000081300000|100%|HC|  |TAMS 0x0000000081200000, 0x0000000081200000| Complete 
|  19|0x0000000081300000, 0x0000000081400000, 0x0000000081400000|100%|HS|  |TAMS 0x0000000081300000, 0x0000000081300000| Complete 
|  20|0x0000000081400000, 0x0000000081400000, 0x0000000081500000|  0%| F|  |TAMS 0x0000000081400000, 0x0000000081400000| Untracked 
|  21|0x0000000081500000, 0x0000000081500000, 0x0000000081600000|  0%| F|  |TAMS 0x0000000081500000, 0x0000000081500000| Untracked 
|  22|0x0000000081600000, 0x0000000081600000, 0x0000000081700000|  0%| F|  |TAMS 0x0000000081600000, 0x0000000081600000| Untracked 
|  23|0x0000000081700000, 0x0000000081700000, 0x0000000081800000|  0%| F|  |TAMS 0x0000000081700000, 0x0000000081700000| Untracked 
|  24|0x0000000081800000, 0x0000000081800000, 0x0000000081900000|  0%| F|  |TAMS 0x0000000081800000, 0x0000000081800000| Untracked 
|  25|0x0000000081900000, 0x0000000081900000, 0x0000000081a00000|  0%| F|  |TAMS 0x0000000081900000, 0x0000000081900000| Untracked 
|  26|0x0000000081a00000, 0x0000000081a00000, 0x0000000081b00000|  0%| F|  |TAMS 0x0000000081a00000, 0x0000000081a00000| Untracked 
|  27|0x0000000081b00000, 0x0000000081b00000, 0x0000000081c00000|  0%| F|  |TAMS 0x0000000081b00000, 0x0000000081b00000| Untracked 
|  28|0x0000000081c00000, 0x0000000081c00000, 0x0000000081d00000|  0%| F|  |TAMS 0x0000000081c00000, 0x0000000081c00000| Untracked 
|  29|0x0000000081d00000, 0x0000000081d00000, 0x0000000081e00000|  0%| F|  |TAMS 0x0000000081d00000, 0x0000000081d00000| Untracked 
|  30|0x0000000081e00000, 0x0000000081e00000, 0x0000000081f00000|  0%| F|  |TAMS 0x0000000081e00000, 0x0000000081e00000| Untracked 
|  31|0x0000000081f00000, 0x0000000081f00000, 0x0000000082000000|  0%| F|  |TAMS 0x0000000081f00000, 0x0000000081f00000| Untracked 
|  32|0x0000000082000000, 0x0000000082000000, 0x0000000082100000|  0%| F|  |TAMS 0x0000000082000000, 0x0000000082000000| Untracked 
|  33|0x0000000082100000, 0x0000000082100000, 0x0000000082200000|  0%| F|  |TAMS 0x0000000082100000, 0x0000000082100000| Untracked 
|  34|0x0000000082200000, 0x0000000082200000, 0x0000000082300000|  0%| F|  |TAMS 0x0000000082200000, 0x0000000082200000| Untracked 
|  35|0x0000000082300000, 0x0000000082300000, 0x0000000082400000|  0%| F|  |TAMS 0x0000000082300000, 0x0000000082300000| Untracked 
|  36|0x0000000082400000, 0x0000000082400000, 0x0000000082500000|  0%| F|  |TAMS 0x0000000082400000, 0x0000000082400000| Untracked 
|  37|0x0000000082500000, 0x0000000082500000, 0x0000000082600000|  0%| F|  |TAMS 0x0000000082500000, 0x0000000082500000| Untracked 
|  38|0x0000000082600000, 0x0000000082600000, 0x0000000082700000|  0%| F|  |TAMS 0x0000000082600000, 0x0000000082600000| Untracked 
|  39|0x0000000082700000, 0x0000000082700000, 0x0000000082800000|  0%| F|  |TAMS 0x0000000082700000, 0x0000000082700000| Untracked 
|  40|0x0000000082800000, 0x0000000082800000, 0x0000000082900000|  0%| F|  |TAMS 0x0000000082800000, 0x0000000082800000| Untracked 
|  41|0x0000000082900000, 0x0000000082900000, 0x0000000082a00000|  0%| F|  |TAMS 0x0000000082900000, 0x0000000082900000| Untracked 
|  42|0x0000000082a00000, 0x0000000082a00000, 0x0000000082b00000|  0%| F|  |TAMS 0x0000000082a00000, 0x0000000082a00000| Untracked 
|  43|0x0000000082b00000, 0x0000000082b00000, 0x0000000082c00000|  0%| F|  |TAMS 0x0000000082b00000, 0x0000000082b00000| Untracked 
|  44|0x0000000082c00000, 0x0000000082c00000, 0x0000000082d00000|  0%| F|  |TAMS 0x0000000082c00000, 0x0000000082c00000| Untracked 
|  45|0x0000000082d00000, 0x0000000082d00000, 0x0000000082e00000|  0%| F|  |TAMS 0x0000000082d00000, 0x0000000082d00000| Untracked 
|  46|0x0000000082e00000, 0x0000000082e00000, 0x0000000082f00000|  0%| F|  |TAMS 0x0000000082e00000, 0x0000000082e00000| Untracked 
|  47|0x0000000082f00000, 0x0000000082f00000, 0x0000000083000000|  0%| F|  |TAMS 0x0000000082f00000, 0x0000000082f00000| Untracked 
|  48|0x0000000083000000, 0x0000000083000000, 0x0000000083100000|  0%| F|  |TAMS 0x0000000083000000, 0x0000000083000000| Untracked 
|  49|0x0000000083100000, 0x0000000083100000, 0x0000000083200000|  0%| F|  |TAMS 0x0000000083100000, 0x0000000083100000| Untracked 
|  50|0x0000000083200000, 0x0000000083200000, 0x0000000083300000|  0%| F|  |TAMS 0x0000000083200000, 0x0000000083200000| Untracked 
|  51|0x0000000083300000, 0x0000000083300000, 0x0000000083400000|  0%| F|  |TAMS 0x0000000083300000, 0x0000000083300000| Untracked 
|  52|0x0000000083400000, 0x0000000083400000, 0x0000000083500000|  0%| F|  |TAMS 0x0000000083400000, 0x0000000083400000| Untracked 
|  53|0x0000000083500000, 0x0000000083500000, 0x0000000083600000|  0%| F|  |TAMS 0x0000000083500000, 0x0000000083500000| Untracked 
|  54|0x0000000083600000, 0x0000000083600000, 0x0000000083700000|  0%| F|  |TAMS 0x0000000083600000, 0x0000000083600000| Untracked 
|  55|0x0000000083700000, 0x0000000083700000, 0x0000000083800000|  0%| F|  |TAMS 0x0000000083700000, 0x0000000083700000| Untracked 
|  56|0x0000000083800000, 0x0000000083800000, 0x0000000083900000|  0%| F|  |TAMS 0x0000000083800000, 0x0000000083800000| Untracked 
|  57|0x0000000083900000, 0x0000000083900000, 0x0000000083a00000|  0%| F|  |TAMS 0x0000000083900000, 0x0000000083900000| Untracked 
|  58|0x0000000083a00000, 0x0000000083a00000, 0x0000000083b00000|  0%| F|  |TAMS 0x0000000083a00000, 0x0000000083a00000| Untracked 
|  59|0x0000000083b00000, 0x0000000083b00000, 0x0000000083c00000|  0%| F|  |TAMS 0x0000000083b00000, 0x0000000083b00000| Untracked 
|  60|0x0000000083c00000, 0x0000000083c00000, 0x0000000083d00000|  0%| F|  |TAMS 0x0000000083c00000, 0x0000000083c00000| Untracked 
|  61|0x0000000083d00000, 0x0000000083d00000, 0x0000000083e00000|  0%| F|  |TAMS 0x0000000083d00000, 0x0000000083d00000| Untracked 
|  62|0x0000000083e00000, 0x0000000083e00000, 0x0000000083f00000|  0%| F|  |TAMS 0x0000000083e00000, 0x0000000083e00000| Untracked 
|  63|0x0000000083f00000, 0x0000000083f00000, 0x0000000084000000|  0%| F|  |TAMS 0x0000000083f00000, 0x0000000083f00000| Untracked 
|  64|0x0000000084000000, 0x0000000084000000, 0x0000000084100000|  0%| F|  |TAMS 0x0000000084000000, 0x0000000084000000| Untracked 
|  65|0x0000000084100000, 0x0000000084100000, 0x0000000084200000|  0%| F|  |TAMS 0x0000000084100000, 0x0000000084100000| Untracked 
|  66|0x0000000084200000, 0x0000000084200000, 0x0000000084300000|  0%| F|  |TAMS 0x0000000084200000, 0x0000000084200000| Untracked 
|  67|0x0000000084300000, 0x0000000084300000, 0x0000000084400000|  0%| F|  |TAMS 0x0000000084300000, 0x0000000084300000| Untracked 
|  68|0x0000000084400000, 0x0000000084400000, 0x0000000084500000|  0%| F|  |TAMS 0x0000000084400000, 0x0000000084400000| Untracked 
|  69|0x0000000084500000, 0x00000000845864c8, 0x0000000084600000| 52%| S|CS|TAMS 0x0000000084500000, 0x0000000084500000| Complete 
|  70|0x0000000084600000, 0x0000000084700000, 0x0000000084700000|100%| S|CS|TAMS 0x0000000084600000, 0x0000000084600000| Complete 
|  71|0x0000000084700000, 0x0000000084800000, 0x0000000084800000|100%| S|CS|TAMS 0x0000000084700000, 0x0000000084700000| Complete 
|  72|0x0000000084800000, 0x0000000084900000, 0x0000000084900000|100%| S|CS|TAMS 0x0000000084800000, 0x0000000084800000| Complete 
|  73|0x0000000084900000, 0x0000000084a00000, 0x0000000084a00000|100%| S|CS|TAMS 0x0000000084900000, 0x0000000084900000| Complete 
|  74|0x0000000084a00000, 0x0000000084b00000, 0x0000000084b00000|100%| S|CS|TAMS 0x0000000084a00000, 0x0000000084a00000| Complete 
|  75|0x0000000084b00000, 0x0000000084b00000, 0x0000000084c00000|  0%| F|  |TAMS 0x0000000084b00000, 0x0000000084b00000| Untracked 
|  76|0x0000000084c00000, 0x0000000084c00000, 0x0000000084d00000|  0%| F|  |TAMS 0x0000000084c00000, 0x0000000084c00000| Untracked 
|  77|0x0000000084d00000, 0x0000000084d00000, 0x0000000084e00000|  0%| F|  |TAMS 0x0000000084d00000, 0x0000000084d00000| Untracked 
|  78|0x0000000084e00000, 0x0000000084e00000, 0x0000000084f00000|  0%| F|  |TAMS 0x0000000084e00000, 0x0000000084e00000| Untracked 
|  79|0x0000000084f00000, 0x0000000084f00000, 0x0000000085000000|  0%| F|  |TAMS 0x0000000084f00000, 0x0000000084f00000| Untracked 
|  80|0x0000000085000000, 0x0000000085000000, 0x0000000085100000|  0%| F|  |TAMS 0x0000000085000000, 0x0000000085000000| Untracked 
|  81|0x0000000085100000, 0x0000000085180800, 0x0000000085200000| 50%| E|  |TAMS 0x0000000085100000, 0x0000000085100000| Complete 
|  82|0x0000000085200000, 0x0000000085300000, 0x0000000085300000|100%| E|CS|TAMS 0x0000000085200000, 0x0000000085200000| Complete 
|  83|0x0000000085300000, 0x0000000085400000, 0x0000000085400000|100%| E|CS|TAMS 0x0000000085300000, 0x0000000085300000| Complete 
|  84|0x0000000085400000, 0x0000000085500000, 0x0000000085500000|100%| E|CS|TAMS 0x0000000085400000, 0x0000000085400000| Complete 
|  85|0x0000000085500000, 0x0000000085600000, 0x0000000085600000|100%| E|CS|TAMS 0x0000000085500000, 0x0000000085500000| Complete 
|  86|0x0000000085600000, 0x0000000085700000, 0x0000000085700000|100%| E|CS|TAMS 0x0000000085600000, 0x0000000085600000| Complete 
|  87|0x0000000085700000, 0x0000000085800000, 0x0000000085800000|100%| E|CS|TAMS 0x0000000085700000, 0x0000000085700000| Complete 
|  88|0x0000000085800000, 0x0000000085900000, 0x0000000085900000|100%| E|CS|TAMS 0x0000000085800000, 0x0000000085800000| Complete 
|  89|0x0000000085900000, 0x0000000085a00000, 0x0000000085a00000|100%| E|CS|TAMS 0x0000000085900000, 0x0000000085900000| Complete 
|  90|0x0000000085a00000, 0x0000000085b00000, 0x0000000085b00000|100%| E|CS|TAMS 0x0000000085a00000, 0x0000000085a00000| Complete 
|  91|0x0000000085b00000, 0x0000000085c00000, 0x0000000085c00000|100%| E|CS|TAMS 0x0000000085b00000, 0x0000000085b00000| Complete 
|  92|0x0000000085c00000, 0x0000000085d00000, 0x0000000085d00000|100%| E|CS|TAMS 0x0000000085c00000, 0x0000000085c00000| Complete 
|  93|0x0000000085d00000, 0x0000000085e00000, 0x0000000085e00000|100%| E|CS|TAMS 0x0000000085d00000, 0x0000000085d00000| Complete 
|  94|0x0000000085e00000, 0x0000000085f00000, 0x0000000085f00000|100%| E|CS|TAMS 0x0000000085e00000, 0x0000000085e00000| Complete 
|  95|0x0000000085f00000, 0x0000000086000000, 0x0000000086000000|100%| E|CS|TAMS 0x0000000085f00000, 0x0000000085f00000| Complete 
|  96|0x0000000086000000, 0x0000000086100000, 0x0000000086100000|100%| E|CS|TAMS 0x0000000086000000, 0x0000000086000000| Complete 
|  97|0x0000000086100000, 0x0000000086200000, 0x0000000086200000|100%| E|CS|TAMS 0x0000000086100000, 0x0000000086100000| Complete 
|  98|0x0000000086200000, 0x0000000086300000, 0x0000000086300000|100%| E|CS|TAMS 0x0000000086200000, 0x0000000086200000| Complete 
|  99|0x0000000086300000, 0x0000000086400000, 0x0000000086400000|100%| E|CS|TAMS 0x0000000086300000, 0x0000000086300000| Complete 
| 100|0x0000000086400000, 0x0000000086500000, 0x0000000086500000|100%| E|CS|TAMS 0x0000000086400000, 0x0000000086400000| Complete 
| 101|0x0000000086500000, 0x0000000086600000, 0x0000000086600000|100%| E|CS|TAMS 0x0000000086500000, 0x0000000086500000| Complete 
| 102|0x0000000086600000, 0x0000000086700000, 0x0000000086700000|100%| E|CS|TAMS 0x0000000086600000, 0x0000000086600000| Complete 
| 103|0x0000000086700000, 0x0000000086800000, 0x0000000086800000|100%| E|CS|TAMS 0x0000000086700000, 0x0000000086700000| Complete 
| 104|0x0000000086800000, 0x0000000086900000, 0x0000000086900000|100%| E|CS|TAMS 0x0000000086800000, 0x0000000086800000| Complete 
| 105|0x0000000086900000, 0x0000000086a00000, 0x0000000086a00000|100%| E|CS|TAMS 0x0000000086900000, 0x0000000086900000| Complete 
| 106|0x0000000086a00000, 0x0000000086b00000, 0x0000000086b00000|100%| E|CS|TAMS 0x0000000086a00000, 0x0000000086a00000| Complete 
| 107|0x0000000086b00000, 0x0000000086c00000, 0x0000000086c00000|100%| E|CS|TAMS 0x0000000086b00000, 0x0000000086b00000| Complete 
| 108|0x0000000086c00000, 0x0000000086d00000, 0x0000000086d00000|100%| E|CS|TAMS 0x0000000086c00000, 0x0000000086c00000| Complete 
| 109|0x0000000086d00000, 0x0000000086e00000, 0x0000000086e00000|100%| E|CS|TAMS 0x0000000086d00000, 0x0000000086d00000| Complete 
| 110|0x0000000086e00000, 0x0000000086f00000, 0x0000000086f00000|100%| E|CS|TAMS 0x0000000086e00000, 0x0000000086e00000| Complete 
| 111|0x0000000086f00000, 0x0000000087000000, 0x0000000087000000|100%| E|CS|TAMS 0x0000000086f00000, 0x0000000086f00000| Complete 
| 112|0x0000000087000000, 0x0000000087100000, 0x0000000087100000|100%| E|CS|TAMS 0x0000000087000000, 0x0000000087000000| Complete 
| 113|0x0000000087100000, 0x0000000087200000, 0x0000000087200000|100%| E|CS|TAMS 0x0000000087100000, 0x0000000087100000| Complete 
| 114|0x0000000087200000, 0x0000000087300000, 0x0000000087300000|100%| E|CS|TAMS 0x0000000087200000, 0x0000000087200000| Complete 
| 115|0x0000000087300000, 0x0000000087400000, 0x0000000087400000|100%| E|CS|TAMS 0x0000000087300000, 0x0000000087300000| Complete 
| 116|0x0000000087400000, 0x0000000087500000, 0x0000000087500000|100%| E|CS|TAMS 0x0000000087400000, 0x0000000087400000| Complete 
| 117|0x0000000087500000, 0x0000000087600000, 0x0000000087600000|100%| E|CS|TAMS 0x0000000087500000, 0x0000000087500000| Complete 
| 118|0x0000000087600000, 0x0000000087700000, 0x0000000087700000|100%| E|CS|TAMS 0x0000000087600000, 0x0000000087600000| Complete 
| 119|0x0000000087700000, 0x0000000087800000, 0x0000000087800000|100%| E|CS|TAMS 0x0000000087700000, 0x0000000087700000| Complete 
| 120|0x0000000087800000, 0x0000000087900000, 0x0000000087900000|100%| E|CS|TAMS 0x0000000087800000, 0x0000000087800000| Complete 
| 121|0x0000000087900000, 0x0000000087a00000, 0x0000000087a00000|100%| E|  |TAMS 0x0000000087900000, 0x0000000087900000| Complete 
| 122|0x0000000087a00000, 0x0000000087b00000, 0x0000000087b00000|100%| E|CS|TAMS 0x0000000087a00000, 0x0000000087a00000| Complete 
| 123|0x0000000087b00000, 0x0000000087c00000, 0x0000000087c00000|100%| E|CS|TAMS 0x0000000087b00000, 0x0000000087b00000| Complete 
| 124|0x0000000087c00000, 0x0000000087d00000, 0x0000000087d00000|100%| E|CS|TAMS 0x0000000087c00000, 0x0000000087c00000| Complete 
| 125|0x0000000087d00000, 0x0000000087e00000, 0x0000000087e00000|100%| E|CS|TAMS 0x0000000087d00000, 0x0000000087d00000| Complete 
| 126|0x0000000087e00000, 0x0000000087f00000, 0x0000000087f00000|100%| E|CS|TAMS 0x0000000087e00000, 0x0000000087e00000| Complete 
| 127|0x0000000087f00000, 0x0000000088000000, 0x0000000088000000|100%| E|CS|TAMS 0x0000000087f00000, 0x0000000087f00000| Complete 

Card table byte_map: [0x000001f572e30000,0x000001f573230000] _byte_map_base: 0x000001f572a30000

Marking Bits (Prev, Next): (CMBitMap*) 0x000001f55fdcb138, (CMBitMap*) 0x000001f55fdcb170
 Prev Bits: [0x000001f573630000, 0x000001f575630000)
 Next Bits: [0x000001f575630000, 0x000001f577630000)

Polling page: 0x000001f55dce0000

Metaspace:

Usage:
  Non-class:     34.46 MB capacity,    33.95 MB ( 99%) used,   442.44 KB (  1%) free+waste,    76.06 KB ( <1%) overhead. 
      Class:      5.24 MB capacity,     4.94 MB ( 94%) used,   269.34 KB (  5%) free+waste,    36.19 KB ( <1%) overhead. 
       Both:     39.69 MB capacity,    38.89 MB ( 98%) used,   711.78 KB (  2%) free+waste,   112.25 KB ( <1%) overhead. 

Virtual space:
  Non-class space:       36.00 MB reserved,      34.50 MB ( 96%) committed 
      Class space:        1.00 GB reserved,       5.25 MB ( <1%) committed 
             Both:        1.04 GB reserved,      39.75 MB (  4%) committed 

Chunk freelists:
   Non-Class:  46.00 KB
       Class:  14.00 KB
        Both:  60.00 KB

MaxMetaspaceSize: 17179869184.00 GB
CompressedClassSpaceSize: 1.00 GB

CodeHeap 'non-profiled nmethods': size=120000Kb used=1620Kb max_used=1620Kb free=118380Kb
 bounds [0x000001f56b1d0000, 0x000001f56b440000, 0x000001f572700000]
CodeHeap 'profiled nmethods': size=120000Kb used=6001Kb max_used=6001Kb free=113998Kb
 bounds [0x000001f563ca0000, 0x000001f564280000, 0x000001f56b1d0000]
CodeHeap 'non-nmethods': size=5760Kb used=2180Kb max_used=2213Kb free=3580Kb
 bounds [0x000001f563700000, 0x000001f563970000, 0x000001f563ca0000]
 total_blobs=3638 nmethods=2895 adapters=652
 compilation: enabled
              stopped_count=0, restarted_count=0
 full_count=0

Compilation events (20 events):
Event: 6.552 Thread 0x000001f57a099800 nmethod 3093 0x000001f564267310 code [0x000001f5642674e0, 0x000001f564267878]
Event: 6.553 Thread 0x000001f57a099800 3095       3       java.beans.Introspector::addPropertyDescriptor (265 bytes)
Event: 6.556 Thread 0x000001f57d3a6800 nmethod 3065 0x000001f56b35cf90 code [0x000001f56b35d140, 0x000001f56b35d3d8]
Event: 6.558 Thread 0x000001f57a099800 nmethod 3095 0x000001f564267990 code [0x000001f564268020, 0x000001f56426ca38]
Event: 6.558 Thread 0x000001f57a099800 3092       3       java.lang.reflect.Executable::isSynthetic (8 bytes)
Event: 6.559 Thread 0x000001f57a099800 nmethod 3092 0x000001f56426dd10 code [0x000001f56426dee0, 0x000001f56426e148]
Event: 6.559 Thread 0x000001f57a099800 3094       1       sun.reflect.generics.tree.MethodTypeSignature::getFormalTypeParameters (5 bytes)
Event: 6.559 Thread 0x000001f57a099800 nmethod 3094 0x000001f56b35d610 code [0x000001f56b35d7c0, 0x000001f56b35d878]
Event: 6.559 Thread 0x000001f57a099800 3096       3       java.lang.ClassValue$ClassValueMap::probeBackupLocations (151 bytes)
Event: 6.560 Thread 0x000001f57a099800 nmethod 3096 0x000001f56426e210 code [0x000001f56426e4c0, 0x000001f56426fa18]
Event: 6.560 Thread 0x000001f57a099800 3097       3       java.beans.PropertyDescriptor::getPropertyType0 (22 bytes)
Event: 6.560 Thread 0x000001f57a099800 nmethod 3097 0x000001f56426ff10 code [0x000001f5642700e0, 0x000001f5642703e8]
Event: 6.560 Thread 0x000001f57a099800 3088       3       jdk.internal.loader.AbstractClassLoaderValue::extractValue (17 bytes)
Event: 6.561 Thread 0x000001f57a099800 nmethod 3088 0x000001f564270510 code [0x000001f5642706e0, 0x000001f564270a48]
Event: 6.561 Thread 0x000001f57a099800 3098  s!   3       java.beans.PropertyDescriptor::getPropertyType (33 bytes)
Event: 6.561 Thread 0x000001f57a099800 nmethod 3098 0x000001f564270b10 code [0x000001f564270d60, 0x000001f5642717c8]
Event: 6.561 Thread 0x000001f57a099800 3100       3       org.codehaus.groovy.runtime.metaclass.MetaMethodIndex::getMethods (82 bytes)
Event: 6.562 Thread 0x000001f57a099800 nmethod 3100 0x000001f564271b10 code [0x000001f564271d20, 0x000001f564272308]
Event: 6.562 Thread 0x000001f57a099800 3099       3       org.codehaus.groovy.reflection.CachedClass::getMethods (11 bytes)
Event: 6.562 Thread 0x000001f57a099800 nmethod 3099 0x000001f564272590 code [0x000001f564272760, 0x000001f564272a08]

GC Heap History (10 events):
Event: 1.041 GC heap before
{Heap before GC invocations=0 (full 0):
 garbage-first heap   total 131072K, used 29696K [0x0000000080000000, 0x0000000100000000)
  region size 1024K, 24 young (24576K), 0 survivors (0K)
 Metaspace       used 10456K, capacity 10741K, committed 11008K, reserved 1058816K
  class space    used 1097K, capacity 1195K, committed 1280K, reserved 1048576K
}
Event: 1.047 GC heap after
{Heap after GC invocations=1 (full 0):
 garbage-first heap   total 131072K, used 8390K [0x0000000080000000, 0x0000000100000000)
  region size 1024K, 3 young (3072K), 3 survivors (3072K)
 Metaspace       used 10456K, capacity 10741K, committed 11008K, reserved 1058816K
  class space    used 1097K, capacity 1195K, committed 1280K, reserved 1048576K
}
Event: 3.637 GC heap before
{Heap before GC invocations=1 (full 0):
 garbage-first heap   total 131072K, used 82118K [0x0000000080000000, 0x0000000100000000)
  region size 1024K, 76 young (77824K), 3 survivors (3072K)
 Metaspace       used 18904K, capacity 19410K, committed 19712K, reserved 1067008K
  class space    used 2285K, capacity 2458K, committed 2560K, reserved 1048576K
}
Event: 3.646 GC heap after
{Heap after GC invocations=2 (full 0):
 garbage-first heap   total 131072K, used 15489K [0x0000000080000000, 0x0000000100000000)
  region size 1024K, 10 young (10240K), 10 survivors (10240K)
 Metaspace       used 18904K, capacity 19410K, committed 19712K, reserved 1067008K
  class space    used 2285K, capacity 2458K, committed 2560K, reserved 1048576K
}
Event: 3.909 GC heap before
{Heap before GC invocations=2 (full 0):
 garbage-first heap   total 131072K, used 28801K [0x0000000080000000, 0x0000000100000000)
  region size 1024K, 24 young (24576K), 10 survivors (10240K)
 Metaspace       used 20659K, capacity 21115K, committed 21248K, reserved 1067008K
  class space    used 2537K, capacity 2712K, committed 2816K, reserved 1048576K
}
Event: 3.923 GC heap after
{Heap after GC invocations=3 (full 0):
 garbage-first heap   total 131072K, used 16412K [0x0000000080000000, 0x0000000100000000)
  region size 1024K, 1 young (1024K), 1 survivors (1024K)
 Metaspace       used 20659K, capacity 21115K, committed 21248K, reserved 1067008K
  class space    used 2537K, capacity 2712K, committed 2816K, reserved 1048576K
}
Event: 4.694 GC heap before
{Heap before GC invocations=4 (full 0):
 garbage-first heap   total 131072K, used 64540K [0x0000000080000000, 0x0000000100000000)
  region size 1024K, 48 young (49152K), 1 survivors (1024K)
 Metaspace       used 26130K, capacity 26745K, committed 27008K, reserved 1073152K
  class space    used 3416K, capacity 3634K, committed 3712K, reserved 1048576K
}
Event: 4.698 GC heap after
{Heap after GC invocations=5 (full 0):
 garbage-first heap   total 131072K, used 18020K [0x0000000080000000, 0x0000000100000000)
  region size 1024K, 3 young (3072K), 3 survivors (3072K)
 Metaspace       used 26130K, capacity 26745K, committed 27008K, reserved 1073152K
  class space    used 3416K, capacity 3634K, committed 3712K, reserved 1048576K
}
Event: 5.693 GC heap before
{Heap before GC invocations=5 (full 0):
 garbage-first heap   total 131072K, used 68196K [0x0000000080000000, 0x0000000100000000)
  region size 1024K, 53 young (54272K), 3 survivors (3072K)
 Metaspace       used 35110K, capacity 35741K, committed 35840K, reserved 1081344K
  class space    used 4565K, capacity 4824K, committed 4864K, reserved 1048576K
}
Event: 5.719 GC heap after
{Heap after GC invocations=6 (full 0):
 garbage-first heap   total 131072K, used 21245K [0x0000000080000000, 0x0000000100000000)
  region size 1024K, 6 young (6144K), 6 survivors (6144K)
 Metaspace       used 35110K, capacity 35741K, committed 35840K, reserved 1081344K
  class space    used 4565K, capacity 4824K, committed 4864K, reserved 1048576K
}

Deoptimization events (20 events):
Event: 6.310 Thread 0x000001f57bc5b000 Uncommon trap: trap_request=0xffffff4d fr.pc=0x000001f56b32a840 relative=0x00000000000006c0
Event: 6.310 Thread 0x000001f57bc5b000 Uncommon trap: reason=unstable_if action=reinterpret pc=0x000001f56b32a840 method=java.util.HashMap.putVal(ILjava/lang/Object;Ljava/lang/Object;ZZ)Ljava/lang/Object; @ 85 c2
Event: 6.310 Thread 0x000001f57bc5b000 DEOPT PACKING pc=0x000001f56b32a840 sp=0x000000cbb5ef8f00
Event: 6.310 Thread 0x000001f57bc5b000 DEOPT UNPACKING pc=0x000001f5637274af sp=0x000000cbb5ef8eb8 mode 2
Event: 6.315 Thread 0x000001f57bc5b000 Uncommon trap: trap_request=0xffffff4d fr.pc=0x000001f56b31ff80 relative=0x0000000000000320
Event: 6.315 Thread 0x000001f57bc5b000 Uncommon trap: reason=unstable_if action=reinterpret pc=0x000001f56b31ff80 method=org.gradle.internal.reflect.PropertyAccessorType.isGetGetterName(Ljava/lang/String;)Z @ 14 c2
Event: 6.315 Thread 0x000001f57bc5b000 DEOPT PACKING pc=0x000001f56b31ff80 sp=0x000000cbb5ef9840
Event: 6.315 Thread 0x000001f57bc5b000 DEOPT UNPACKING pc=0x000001f5637274af sp=0x000000cbb5ef9798 mode 2
Event: 6.344 Thread 0x000001f57bc5b000 Uncommon trap: trap_request=0xffffff4d fr.pc=0x000001f56b2f0708 relative=0x00000000000000e8
Event: 6.344 Thread 0x000001f57bc5b000 Uncommon trap: reason=unstable_if action=reinterpret pc=0x000001f56b2f0708 method=org.objectweb.asm.ByteVector.putShort(I)Lorg/objectweb/asm/ByteVector; @ 13 c2
Event: 6.344 Thread 0x000001f57bc5b000 DEOPT PACKING pc=0x000001f56b2f0708 sp=0x000000cbb5ef9450
Event: 6.344 Thread 0x000001f57bc5b000 DEOPT UNPACKING pc=0x000001f5637274af sp=0x000000cbb5ef93e8 mode 2
Event: 6.353 Thread 0x000001f57bc5b000 DEOPT PACKING pc=0x000001f563e84d1b sp=0x000000cbb5ef9740
Event: 6.353 Thread 0x000001f57bc5b000 DEOPT UNPACKING pc=0x000001f5637272ce sp=0x000000cbb5ef8c80 mode 0
Event: 6.447 Thread 0x000001f57bc5b000 DEOPT PACKING pc=0x000001f563ff95e8 sp=0x000000cbb5efa2b0
Event: 6.447 Thread 0x000001f57bc5b000 DEOPT UNPACKING pc=0x000001f5637272ce sp=0x000000cbb5ef97b8 mode 0
Event: 6.450 Thread 0x000001f57bc5b000 Uncommon trap: trap_request=0xffffff4d fr.pc=0x000001f56b2d57e4 relative=0x0000000000005d24
Event: 6.450 Thread 0x000001f57bc5b000 Uncommon trap: reason=unstable_if action=reinterpret pc=0x000001f56b2d57e4 method=java.net.URLClassLoader.defineClass(Ljava/lang/String;Ljdk/internal/loader/Resource;)Ljava/lang/Class; @ 21 c2
Event: 6.450 Thread 0x000001f57bc5b000 DEOPT PACKING pc=0x000001f56b2d57e4 sp=0x000000cbb5ef8c60
Event: 6.450 Thread 0x000001f57bc5b000 DEOPT UNPACKING pc=0x000001f5637274af sp=0x000000cbb5ef8c18 mode 2

Classes redefined (0 events):
No events

Internal exceptions (20 events):
Event: 6.217 Thread 0x000001f57c427000 Exception <a 'java/lang/NoSuchMethodError'{0x0000000086d8b678}: <clinit>> (0x0000000086d8b678) thrown at [./src/hotspot/share/prims/jni.cpp, line 1362]
Event: 6.218 Thread 0x000001f57c427000 Exception <a 'java/lang/NoSuchMethodError'{0x0000000086d9aa60}: <clinit>> (0x0000000086d9aa60) thrown at [./src/hotspot/share/prims/jni.cpp, line 1362]
Event: 6.310 Thread 0x000001f57bc5b000 Implicit null exception at 0x000001f56b2bfe74 to 0x000001f56b2c0084
Event: 6.310 Thread 0x000001f57bc5b000 Implicit null exception at 0x000001f56b2020f8 to 0x000001f56b20218a
Event: 6.457 Thread 0x000001f57bc5b000 Exception <a 'java/lang/ClassNotFoundException'{0x0000000085d12528}: build_5ep0keqo8ribhgzryuhm8kqzlBeanInfo> (0x0000000085d12528) thrown at [./src/hotspot/share/classfile/systemDictionary.cpp, line 231]
Event: 6.457 Thread 0x000001f57bc5b000 Exception <a 'java/lang/ClassNotFoundException'{0x0000000085d22e60}: org/gradle/api/internal/project/ProjectScriptBeanInfo> (0x0000000085d22e60) thrown at [./src/hotspot/share/classfile/systemDictionary.cpp, line 231]
Event: 6.458 Thread 0x000001f57bc5b000 Exception <a 'java/lang/ClassNotFoundException'{0x0000000085d337a8}: org/gradle/api/internal/project/ProjectScriptCustomizer> (0x0000000085d337a8) thrown at [./src/hotspot/share/classfile/systemDictionary.cpp, line 231]
Event: 6.460 Thread 0x000001f57bc5b000 Exception <a 'java/lang/ClassNotFoundException'{0x0000000085d4c878}: build_5ep0keqo8ribhgzryuhm8kqzlCustomizer> (0x0000000085d4c878) thrown at [./src/hotspot/share/classfile/systemDictionary.cpp, line 231]
Event: 6.468 Thread 0x000001f57bc5b000 Exception <a 'java/lang/ClassNotFoundException'{0x0000000085d9ca60}: groovy/lang/Closure$1BeanInfo> (0x0000000085d9ca60) thrown at [./src/hotspot/share/classfile/systemDictionary.cpp, line 231]
Event: 6.469 Thread 0x000001f57bc5b000 Exception <a 'java/lang/ClassNotFoundException'{0x0000000085db59a8}: groovy/lang/ClosureBeanInfo> (0x0000000085db59a8) thrown at [./src/hotspot/share/classfile/systemDictionary.cpp, line 231]
Event: 6.470 Thread 0x000001f57bc5b000 Exception <a 'java/lang/ClassNotFoundException'{0x0000000085dce918}: groovy/lang/ClosureCustomizer> (0x0000000085dce918) thrown at [./src/hotspot/share/classfile/systemDictionary.cpp, line 231]
Event: 6.473 Thread 0x000001f57bc5b000 Exception <a 'java/lang/ClassNotFoundException'{0x0000000085c057c8}: groovy/lang/Closure$1Customizer> (0x0000000085c057c8) thrown at [./src/hotspot/share/classfile/systemDictionary.cpp, line 231]
Event: 6.527 Thread 0x000001f57bc5b000 Exception <a 'java/lang/ClassNotFoundException'{0x0000000085a12520}: org/gradle/internal/metaobject/ConfigureDelegateBeanInfo> (0x0000000085a12520) thrown at [./src/hotspot/share/classfile/systemDictionary.cpp, line 231]
Event: 6.528 Thread 0x000001f57bc5b000 Exception <a 'java/lang/ClassNotFoundException'{0x0000000085a30d80}: org/gradle/internal/metaobject/ConfigureDelegateCustomizer> (0x0000000085a30d80) thrown at [./src/hotspot/share/classfile/systemDictionary.cpp, line 231]
Event: 6.530 Thread 0x000001f57bc5b000 Exception <a 'java/lang/ClassNotFoundException'{0x0000000085a750d8}: org/gradle/api/internal/initialization/DefaultScriptHandlerBeanInfo> (0x0000000085a750d8) thrown at [./src/hotspot/share/classfile/systemDictionary.cpp, line 231]
Event: 6.531 Thread 0x000001f57bc5b000 Exception <a 'java/lang/ClassNotFoundException'{0x0000000085a97198}: org/gradle/api/internal/initialization/DefaultScriptHandlerCustomizer> (0x0000000085a97198) thrown at [./src/hotspot/share/classfile/systemDictionary.cpp, line 231]
Event: 6.538 Thread 0x000001f57bc5b000 Exception <a 'java/lang/ClassNotFoundException'{0x00000000859602d0}: org/gradle/api/internal/project/DefaultProject_DecoratedBeanInfo> (0x00000000859602d0) thrown at [./src/hotspot/share/classfile/systemDictionary.cpp, line 231]
Event: 6.538 Thread 0x000001f57bc5b000 Exception <a 'java/lang/ClassNotFoundException'{0x000000008597f970}: org/gradle/api/internal/project/DefaultProjectBeanInfo> (0x000000008597f970) thrown at [./src/hotspot/share/classfile/systemDictionary.cpp, line 231]
Event: 6.539 Thread 0x000001f57bc5b000 Exception <a 'java/lang/ClassNotFoundException'{0x000000008599f5a0}: org/gradle/api/internal/project/DefaultProjectCustomizer> (0x000000008599f5a0) thrown at [./src/hotspot/share/classfile/systemDictionary.cpp, line 231]
Event: 6.547 Thread 0x000001f57bc5b000 Exception <a 'java/lang/ClassNotFoundException'{0x000000008584b310}: org/gradle/api/internal/project/DefaultProject_DecoratedCustomizer> (0x000000008584b310) thrown at [./src/hotspot/share/classfile/systemDictionary.cpp, line 231]

Events (20 events):
Event: 6.553 loading class org/apache/tools/ant/DemuxInputStream
Event: 6.553 loading class org/apache/tools/ant/DemuxInputStream done
Event: 6.554 loading class org/apache/tools/ant/DemuxOutputStream
Event: 6.554 loading class org/apache/tools/ant/DemuxOutputStream done
Event: 6.555 loading class org/xml/sax/Attributes
Event: 6.555 loading class org/xml/sax/Attributes done
Event: 6.555 loading class org/xml/sax/Locator
Event: 6.555 loading class org/xml/sax/Locator done
Event: 6.555 loading class org/apache/tools/ant/BuildLogger
Event: 6.555 loading class org/apache/tools/ant/BuildLogger done
Event: 6.556 loading class org/apache/tools/ant/BuildListener
Event: 6.556 loading class org/apache/tools/ant/BuildListener done
Event: 6.556 loading class org/gradle/api/AntBuilder$AntMessagePriority
Event: 6.556 loading class org/gradle/api/AntBuilder$AntMessagePriority done
Event: 6.559 loading class org/gradle/api/artifacts/query/ArtifactResolutionQuery
Event: 6.559 loading class org/gradle/api/artifacts/query/ArtifactResolutionQuery done
Event: 6.563 loading class groovy/runtime/metaclass/build_5ep0keqo8ribhgzryuhm8kqzl$_run_closure1$_closure2MetaClass
Event: 6.563 loading class groovy/runtime/metaclass/build_5ep0keqo8ribhgzryuhm8kqzl$_run_closure1$_closure2MetaClass done
Event: 6.564 loading class groovy/runtime/metaclass/org/gradle/api/internal/artifacts/dsl/DefaultRepositoryHandler_DecoratedMetaClass
Event: 6.564 loading class groovy/runtime/metaclass/org/gradle/api/internal/artifacts/dsl/DefaultRepositoryHandler_DecoratedMetaClass done


Dynamic libraries:
0x00007ff62fc40000 - 0x00007ff62fc4a000 	C:\Program Files\Android\Android Studio1\jre\bin\java.exe
0x00007ffa0fb90000 - 0x00007ffa0fd85000 	C:\WINDOWS\SYSTEM32\ntdll.dll
0x00007ffa0ef40000 - 0x00007ffa0effd000 	C:\WINDOWS\System32\KERNEL32.DLL
0x00007ffa0d6f0000 - 0x00007ffa0d9b9000 	C:\WINDOWS\System32\KERNELBASE.dll
0x00007ffa0a870000 - 0x00007ffa0a900000 	C:\WINDOWS\SYSTEM32\apphelp.dll
0x00007ffa0d550000 - 0x00007ffa0d650000 	C:\WINDOWS\System32\ucrtbase.dll
0x00007ff9f4d80000 - 0x00007ff9f4d99000 	C:\Program Files\Android\Android Studio1\jre\bin\jli.dll
0x00007ff9f3970000 - 0x00007ff9f3987000 	C:\Program Files\Android\Android Studio1\jre\bin\VCRUNTIME140.dll
0x00007ffa0dcf0000 - 0x00007ffa0de90000 	C:\WINDOWS\System32\USER32.dll
0x00007ffa0d2d0000 - 0x00007ffa0d2f2000 	C:\WINDOWS\System32\win32u.dll
0x00007ffa0ea80000 - 0x00007ffa0eaaa000 	C:\WINDOWS\System32\GDI32.dll
0x00007ffa0d360000 - 0x00007ffa0d46b000 	C:\WINDOWS\System32\gdi32full.dll
0x00007ffa0d650000 - 0x00007ffa0d6ed000 	C:\WINDOWS\System32\msvcp_win.dll
0x00007ff9f9df0000 - 0x00007ff9fa08a000 	C:\WINDOWS\WinSxS\amd64_microsoft.windows.common-controls_6595b64144ccf1df_6.0.19041.1110_none_60b5254171f9507e\COMCTL32.dll
0x00007ffa0f010000 - 0x00007ffa0f0ae000 	C:\WINDOWS\System32\msvcrt.dll
0x00007ffa0ee60000 - 0x00007ffa0ee90000 	C:\WINDOWS\System32\IMM32.DLL
0x00007ff9d6680000 - 0x00007ff9d671d000 	C:\Program Files\Android\Android Studio1\jre\bin\msvcp140.dll
0x00007ff9c7100000 - 0x00007ff9c7bbc000 	C:\Program Files\Android\Android Studio1\jre\bin\server\jvm.dll
0x00007ffa0ee90000 - 0x00007ffa0ef3c000 	C:\WINDOWS\System32\ADVAPI32.dll
0x00007ffa0e7b0000 - 0x00007ffa0e84b000 	C:\WINDOWS\System32\sechost.dll
0x00007ffa0e210000 - 0x00007ffa0e33a000 	C:\WINDOWS\System32\RPCRT4.dll
0x00007ffa0ed10000 - 0x00007ffa0ed18000 	C:\WINDOWS\System32\PSAPI.DLL
0x00007ffa07530000 - 0x00007ffa07539000 	C:\WINDOWS\SYSTEM32\WSOCK32.dll
0x00007ffa02310000 - 0x00007ffa02337000 	C:\WINDOWS\SYSTEM32\WINMM.dll
0x00007ffa04a60000 - 0x00007ffa04a6a000 	C:\WINDOWS\SYSTEM32\VERSION.dll
0x00007ffa0e9a0000 - 0x00007ffa0ea0b000 	C:\WINDOWS\System32\WS2_32.dll
0x00007ffa0bb90000 - 0x00007ffa0bba2000 	C:\WINDOWS\SYSTEM32\kernel.appcore.dll
0x00007ffa06580000 - 0x00007ffa06591000 	C:\Program Files\Android\Android Studio1\jre\bin\verify.dll
0x00007ffa0afb0000 - 0x00007ffa0b194000 	C:\WINDOWS\SYSTEM32\DBGHELP.DLL
0x00007ff9fbe70000 - 0x00007ff9fbe9c000 	C:\WINDOWS\SYSTEM32\dbgcore.DLL
0x00007ffa0d4c0000 - 0x00007ffa0d543000 	C:\WINDOWS\System32\bcryptPrimitives.dll
0x00007ff9ffae0000 - 0x00007ff9ffb09000 	C:\Program Files\Android\Android Studio1\jre\bin\java.dll
0x00007ffa08670000 - 0x00007ffa0867b000 	C:\Program Files\Android\Android Studio1\jre\bin\jimage.dll
0x00007ffa03e30000 - 0x00007ffa03e48000 	C:\Program Files\Android\Android Studio1\jre\bin\zip.dll
0x00007ffa0f0b0000 - 0x00007ffa0f7ef000 	C:\WINDOWS\System32\SHELL32.dll
0x00007ffa0b3e0000 - 0x00007ffa0bb71000 	C:\WINDOWS\SYSTEM32\windows.storage.dll
0x00007ffa0f7f0000 - 0x00007ffa0fb45000 	C:\WINDOWS\System32\combase.dll
0x00007ffa0cd40000 - 0x00007ffa0cd6c000 	C:\WINDOWS\SYSTEM32\Wldp.dll
0x00007ffa0de90000 - 0x00007ffa0df3e000 	C:\WINDOWS\System32\SHCORE.dll
0x00007ffa0ea10000 - 0x00007ffa0ea65000 	C:\WINDOWS\System32\shlwapi.dll
0x00007ffa0d210000 - 0x00007ffa0d22f000 	C:\WINDOWS\SYSTEM32\profapi.dll
0x00007ff9ff3f0000 - 0x00007ff9ff40a000 	C:\Program Files\Android\Android Studio1\jre\bin\net.dll
0x00007ffa014f0000 - 0x00007ffa015fa000 	C:\WINDOWS\SYSTEM32\WINHTTP.dll
0x00007ffa0ca30000 - 0x00007ffa0ca9a000 	C:\WINDOWS\system32\mswsock.dll
0x00007ff9ff3d0000 - 0x00007ff9ff3e4000 	C:\Program Files\Android\Android Studio1\jre\bin\nio.dll
0x00007ff9f0e50000 - 0x00007ff9f0e77000 	C:\Users\Dark Knight\.gradle\native\fdc75f09e3144964f2cf3f50f0aa648679c211496f362492102eb8c894070792\windows-amd64\native-platform.dll
0x00007ff9d37f0000 - 0x00007ff9d3986000 	C:\Users\Dark Knight\.gradle\native\12488b8bf47d2d4c9fbf2f6322a914ad602e24e48041cd04a747c6da556b65c4\windows-amd64\native-platform-file-events.dll
0x00007ffa05b60000 - 0x00007ffa05b6a000 	C:\Program Files\Android\Android Studio1\jre\bin\management.dll
0x00007ffa01600000 - 0x00007ffa0160c000 	C:\Program Files\Android\Android Studio1\jre\bin\management_ext.dll
0x00007ffa0cc40000 - 0x00007ffa0cc58000 	C:\WINDOWS\SYSTEM32\CRYPTSP.dll
0x00007ffa0c370000 - 0x00007ffa0c3a4000 	C:\WINDOWS\system32\rsaenh.dll
0x00007ffa0da70000 - 0x00007ffa0da97000 	C:\WINDOWS\System32\bcrypt.dll
0x00007ffa0d1d0000 - 0x00007ffa0d1fe000 	C:\WINDOWS\SYSTEM32\USERENV.dll
0x00007ffa0cc30000 - 0x00007ffa0cc3c000 	C:\WINDOWS\SYSTEM32\CRYPTBASE.dll
0x00007ffa0c720000 - 0x00007ffa0c75b000 	C:\WINDOWS\SYSTEM32\IPHLPAPI.DLL
0x00007ffa0f000000 - 0x00007ffa0f008000 	C:\WINDOWS\System32\NSI.dll
0x00007ffa034e0000 - 0x00007ffa034f7000 	C:\WINDOWS\SYSTEM32\dhcpcsvc6.DLL
0x00007ffa03da0000 - 0x00007ffa03dbd000 	C:\WINDOWS\SYSTEM32\dhcpcsvc.DLL
0x00007ffa0c760000 - 0x00007ffa0c82c000 	C:\WINDOWS\SYSTEM32\DNSAPI.dll
0x00007ffa04a70000 - 0x00007ffa04a7b000 	C:\WINDOWS\SYSTEM32\WINNSI.DLL

dbghelp: loaded successfully - version: 4.0.5 - missing functions: none
symbol engine: initialized successfully - sym options: 0x614 - pdb path: .;C:\Program Files\Android\Android Studio1\jre\bin;C:\WINDOWS\SYSTEM32;C:\WINDOWS\WinSxS\amd64_microsoft.windows.common-controls_6595b64144ccf1df_6.0.19041.1110_none_60b5254171f9507e;C:\Program Files\Android\Android Studio1\jre\bin\server;C:\Users\Dark Knight\.gradle\native\fdc75f09e3144964f2cf3f50f0aa648679c211496f362492102eb8c894070792\windows-amd64;C:\Users\Dark Knight\.gradle\native\12488b8bf47d2d4c9fbf2f6322a914ad602e24e48041cd04a747c6da556b65c4\windows-amd64

VM Arguments:
jvm_args: --add-opens=java.base/java.util=ALL-UNNAMED --add-opens=java.base/java.lang=ALL-UNNAMED --add-opens=java.base/java.lang.invoke=ALL-UNNAMED --add-opens=java.prefs/java.util.prefs=ALL-UNNAMED -Xmx2048m -Dfile.encoding=UTF-8 -Duser.country=IN -Duser.language=en -Duser.variant 
java_command: org.gradle.launcher.daemon.bootstrap.GradleDaemon 6.7.1
java_class_path (initial): C:\Users\Dark Knight\.gradle\wrapper\dists\gradle-6.7.1-bin\bwlcbys1h7rz3272sye1xwiv6\gradle-6.7.1\lib\gradle-launcher-6.7.1.jar
Launcher Type: SUN_STANDARD

[Global flags]
     intx CICompilerCount                          = 4                                         {product} {ergonomic}
     uint ConcGCThreads                            = 2                                         {product} {ergonomic}
     uint G1ConcRefinementThreads                  = 8                                         {product} {ergonomic}
   size_t G1HeapRegionSize                         = 1048576                                   {product} {ergonomic}
    uintx GCDrainStackTargetSize                   = 64                                        {product} {ergonomic}
   size_t InitialHeapSize                          = 134217728                                 {product} {ergonomic}
   size_t MarkStackSize                            = 4194304                                   {product} {ergonomic}
   size_t MaxHeapSize                              = 2147483648                                {product} {command line}
   size_t MaxNewSize                               = 1287651328                                {product} {ergonomic}
   size_t MinHeapDeltaBytes                        = 1048576                                   {product} {ergonomic}
    uintx NonNMethodCodeHeapSize                   = 5836300                                {pd product} {ergonomic}
    uintx NonProfiledCodeHeapSize                  = 122910970                              {pd product} {ergonomic}
    uintx ProfiledCodeHeapSize                     = 122910970                              {pd product} {ergonomic}
    uintx ReservedCodeCacheSize                    = 251658240                              {pd product} {ergonomic}
     bool SegmentedCodeCache                       = true                                      {product} {ergonomic}
     bool UseCompressedClassPointers               = true                                 {lp64_product} {ergonomic}
     bool UseCompressedOops                        = true                                 {lp64_product} {ergonomic}
     bool UseG1GC                                  = true                                      {product} {ergonomic}
     bool UseLargePagesIndividualAllocation        = false                                  {pd product} {ergonomic}

Logging:
Log output configuration:
 #0: stdout all=warning uptime,level,tags
 #1: stderr all=off uptime,level,tags

Environment Variables:
PATH=C:\Windows\system32;C:\Windows;C:\Windows\System32\Wbem;C:\Windows\System32\WindowsPowerShell\v1.0\;C:\Windows\System32\OpenSSH\;C:\Program Files (x86)\NVIDIA Corporation\PhysX\Common;C:\Program Files\NVIDIA Corporation\NVIDIA NvDLISR;C:\WINDOWS\system32;C:\WINDOWS;C:\WINDOWS\System32\Wbem;C:\WINDOWS\System32\WindowsPowerShell\v1.0\;C:\WINDOWS\System32\OpenSSH\;C:\MinGW\bin;C:\Program Files\MEGA-X;C:\WINDOWS\system32;C:\WINDOWS;C:\WINDOWS\System32\Wbem;C:\WINDOWS\System32\WindowsPowerShell\v1.0\;C:\WINDOWS\System32\OpenSSH\;C:\Program Files\Git\cmd;C:\Users\Dark Knight\AppData\Local\Microsoft\WindowsApps;C:\Users\Dark Knight\AppData\Local\atom\bin;C:\MinGW\bin;C:\Program Files (x86)\Microsoft Visual Studio\2019\BuildTools\MSBuild\Current\Bin;C:\Users\Dark Knight\AppData\Local\Microsoft\WindowsApps
USERNAME=Dark Knight
OS=Windows_NT
PROCESSOR_IDENTIFIER=Intel64 Family 6 Model 158 Stepping 10, GenuineIntel



---------------  S Y S T E M  ---------------

OS: Windows 10 , 64 bit Build 19041 (10.0.19041.1023)
OS uptime: 9 days 0:55 hours

CPU:total 8 (initial active 8) (4 cores per cpu, 2 threads per core) family 6 model 158 stepping 10, cmov, cx8, fxsr, mmx, sse, sse2, sse3, ssse3, sse4.1, sse4.2, popcnt, avx, avx2, aes, clmul, erms, 3dnowpref, lzcnt, ht, tsc, tscinvbit, bmi1, bmi2, adx, fma

Memory: 4k page, system-wide physical 8112M (953M free)
TotalPageFile size 12208M (AvailPageFile size 5M)
current process WorkingSet (physical memory assigned to process): 244M, peak: 250M
current process commit charge ("private bytes"): 303M, peak: 319M

vm_info: OpenJDK 64-Bit Server VM (11.0.8+10-b944.6842174) for windows-amd64 JRE (11.0.8+10-b944.6842174), built on Sep 19 2020 01:11:42 by "builder" with MS VC++ 14.0 (VS2015)

END.
