#
# There is insufficient memory for the Java Runtime Environment to continue.
# Native memory allocation (mmap) failed to map 32505856 bytes for Failed to commit area from 0x0000000089a00000 to 0x000000008b900000 of length 32505856.
# Possible reasons:
#   The system is out of physical RAM or swap space
#   The process is running with CompressedOops enabled, and the Java Heap may be blocking the growth of the native heap
# Possible solutions:
#   Reduce memory load on the system
#   Increase physical memory or swap space
#   Check if swap backing store is full
#   Decrease Java heap size (-Xmx/-Xms)
#   Decrease number of Java threads
#   Decrease Java thread stack sizes (-Xss)
#   Set larger code cache with -XX:ReservedCodeCacheSize=
#   JVM is running with Unscaled Compressed Oops mode in which the Java heap is
#     placed in the first 4GB address space. The Java Heap base address is the
#     maximum limit for the native heap growth. Please use -XX:HeapBaseMinAddress
#     to set the Java Heap base and to place the Java Heap above 4GB virtual address.
# This output file may be truncated or incomplete.
#
#  Out of Memory Error (./src/hotspot/os/windows/os_windows.cpp:3303), pid=40812, tid=12652
#
# JRE version: OpenJDK Runtime Environment (11.0.8+10) (build 11.0.8+10-b944.6842174)
# Java VM: OpenJDK 64-Bit Server VM (11.0.8+10-b944.6842174, mixed mode, tiered, compressed oops, g1 gc, windows-amd64)
# No core dump will be written. Minidumps are not enabled by default on client versions of Windows
#

---------------  S U M M A R Y ------------

Command Line: --add-opens=java.base/java.util=ALL-UNNAMED --add-opens=java.base/java.lang=ALL-UNNAMED --add-opens=java.base/java.lang.invoke=ALL-UNNAMED --add-opens=java.prefs/java.util.prefs=ALL-UNNAMED -Xmx2048m -Dfile.encoding=UTF-8 -Duser.country=IN -Duser.language=en -Duser.variant org.gradle.launcher.daemon.bootstrap.GradleDaemon 6.7.1

Host: Intel(R) Core(TM) i5-9300H CPU @ 2.40GHz, 8 cores, 7G,  Windows 10 , 64 bit Build 19041 (10.0.19041.1023)
Time: Wed Jul 28 17:07:48 2021 India Standard Time elapsed time: 11 seconds (0d 0h 0m 11s)

---------------  T H R E A D  ---------------

Current thread (0x000001d57b82e000):  VMThread "VM Thread" [stack: 0x0000001c7d500000,0x0000001c7d600000] [id=12652]

Stack: [0x0000001c7d500000,0x0000001c7d600000]
[error occurred during error reporting (printing stack bounds), id 0xc0000005, EXCEPTION_ACCESS_VIOLATION (0xc0000005) at pc=0x000001d500000dad]

Native frames: (J=compiled Java code, j=interpreted, Vv=VM code, C=native code)
V  [jvm.dll+0x5de50a]
V  [jvm.dll+0x7122f5]
V  [jvm.dll+0x71384d]
V  [jvm.dll+0x713e65]
V  [jvm.dll+0x713e1b]
V  [jvm.dll+0x5dd958]
V  [jvm.dll+0x5de0f8]
C  [ntdll.dll+0xa217f]
C  [ntdll.dll+0x51454]
C  [ntdll.dll+0xa0cae]
C  0x000001d500000dad

VM_Operation (0x0000001c7eaf67b0): G1CollectForAllocation, mode: safepoint, requested by thread 0x000001d57d65c000


---------------  P R O C E S S  ---------------

Threads class SMR info:
_java_thread_list=0x000001d5125f4b70, length=160, elements={
0x000001d56e54a800, 0x000001d57b832800, 0x000001d57b834000, 0x000001d57c1b3800,
0x000001d57c1b5000, 0x000001d57c1b6000, 0x000001d57c1bb800, 0x000001d57c1c1000,
0x000001d57c2fc000, 0x000001d57c2fe800, 0x000001d57e54d000, 0x000001d57c504800,
0x000001d57d566800, 0x000001d57d700800, 0x000001d57d8ec800, 0x000001d57dc9e800,
0x000001d57d65c000, 0x000001d57d57c000, 0x000001d57e288000, 0x000001d57e06b800,
0x000001d57d659800, 0x000001d57d657000, 0x000001d57d658000, 0x000001d57d659000,
0x000001d57e5e1800, 0x000001d57e5e7000, 0x000001d57e5e2000, 0x000001d57e5e8000,
0x000001d57e5e5800, 0x000001d57e5e6000, 0x000001d57e5e3000, 0x000001d57e5e3800,
0x000001d57e5e8800, 0x000001d57e5e9800, 0x000001d57e5ea800, 0x000001d57e5e4800,
0x000001d57e5ed800, 0x000001d57e5ee800, 0x000001d57e5ef000, 0x000001d57e5ec800,
0x000001d57e5eb000, 0x000001d57e5f0000, 0x000001d57e5ec000, 0x000001d50fb01000,
0x000001d50fb01800, 0x000001d50fb02800, 0x000001d50fafe800, 0x000001d50fb03800,
0x000001d50fafd800, 0x000001d510e4e800, 0x000001d57ead2000, 0x000001d50fb04000,
0x000001d50faff800, 0x000001d50fb06000, 0x000001d50fb09000, 0x000001d50fb0a000,
0x000001d50fb06800, 0x000001d50fb0a800, 0x000001d50fb05000, 0x000001d50fb08800,
0x000001d50fb0b800, 0x000001d50fb0c800, 0x000001d50fb07800, 0x000001d5121c6800,
0x000001d5121c8000, 0x000001d5121ca000, 0x000001d5121ca800, 0x000001d5121c7800,
0x000001d5121c6000, 0x000001d5121cb800, 0x000001d5121cc800, 0x000001d5121c9000,
0x000001d57e605800, 0x000001d57e601800, 0x000001d57e603000, 0x000001d57e606000,
0x000001d57e608000, 0x000001d57e607000, 0x000001d57e603800, 0x000001d57e602000,
0x000001d57e609800, 0x000001d57e608800, 0x000001d57e60a800, 0x000001d57e604800,
0x000001d57e60c000, 0x000001d57e60f000, 0x000001d57e60b000, 0x000001d57e60c800,
0x000001d57e60d800, 0x000001d57e60e800, 0x000001d57e610000, 0x000001d51181a000,
0x000001d511820000, 0x000001d51181d800, 0x000001d51181b800, 0x000001d51181e000,
0x000001d511820800, 0x000001d51181f000, 0x000001d51181b000, 0x000001d511821800,
0x000001d51181c800, 0x000001d511823000, 0x000001d511827000, 0x000001d511825800,
0x000001d511826800, 0x000001d511824000, 0x000001d511828000, 0x000001d511822800,
0x000001d511829000, 0x000001d511824800, 0x000001d51184a000, 0x000001d511845800,
0x000001d511846800, 0x000001d511847800, 0x000001d511848000, 0x000001d511849000,
0x000001d511844000, 0x000001d51184a800, 0x000001d511845000, 0x000001d51184f800,
0x000001d511851000, 0x000001d51184e000, 0x000001d511850800, 0x000001d51184b800,
0x000001d51184c800, 0x000001d511852000, 0x000001d511853000, 0x000001d51184d000,
0x000001d51184e800, 0x000001d51150b000, 0x000001d51150b800, 0x000001d51150a000,
0x000001d51150c800, 0x000001d511506800, 0x000001d511507800, 0x000001d51150d800,
0x000001d51150e000, 0x000001d511508800, 0x000001d51150f000, 0x000001d511509000,
0x000001d511515800, 0x000001d511513000, 0x000001d511511800, 0x000001d511514000,
0x000001d511514800, 0x000001d51150f800, 0x000001d511510800, 0x000001d511512000,
0x000001d5123d2800, 0x000001d5123d2000, 0x000001d5123d3800, 0x000001d5123ce000,
0x000001d5123ce800, 0x000001d5123d4800, 0x000001d5123d5000, 0x000001d5123cf800,
0x000001d5123d6000, 0x000001d5123d0000, 0x000001d5123d7000, 0x000001d5123d1000
}

Java Threads: ( => current thread )
  0x000001d56e54a800 JavaThread "main" [_thread_blocked, id=39448, stack(0x0000001c7cf00000,0x0000001c7d000000)]
  0x000001d57b832800 JavaThread "Reference Handler" daemon [_thread_blocked, id=17780, stack(0x0000001c7d600000,0x0000001c7d700000)]
  0x000001d57b834000 JavaThread "Finalizer" daemon [_thread_blocked, id=8788, stack(0x0000001c7d700000,0x0000001c7d800000)]
  0x000001d57c1b3800 JavaThread "Signal Dispatcher" daemon [_thread_blocked, id=41884, stack(0x0000001c7d800000,0x0000001c7d900000)]
  0x000001d57c1b5000 JavaThread "Attach Listener" daemon [_thread_blocked, id=15972, stack(0x0000001c7d900000,0x0000001c7da00000)]
  0x000001d57c1b6000 JavaThread "C2 CompilerThread0" daemon [_thread_in_native, id=18540, stack(0x0000001c7da00000,0x0000001c7db00000)]
  0x000001d57c1bb800 JavaThread "C1 CompilerThread0" daemon [_thread_blocked, id=41564, stack(0x0000001c7db00000,0x0000001c7dc00000)]
  0x000001d57c1c1000 JavaThread "Sweeper thread" daemon [_thread_blocked, id=41024, stack(0x0000001c7dc00000,0x0000001c7dd00000)]
  0x000001d57c2fc000 JavaThread "Common-Cleaner" daemon [_thread_blocked, id=15760, stack(0x0000001c7dd00000,0x0000001c7de00000)]
  0x000001d57c2fe800 JavaThread "Service Thread" daemon [_thread_blocked, id=9712, stack(0x0000001c7de00000,0x0000001c7df00000)]
  0x000001d57e54d000 JavaThread "Daemon health stats" [_thread_blocked, id=10364, stack(0x0000001c7e400000,0x0000001c7e500000)]
  0x000001d57c504800 JavaThread "Incoming local TCP Connector on port 63362" [_thread_in_native, id=35624, stack(0x0000001c7e500000,0x0000001c7e600000)]
  0x000001d57d566800 JavaThread "Daemon periodic checks" [_thread_blocked, id=17108, stack(0x0000001c7e600000,0x0000001c7e700000)]
  0x000001d57d700800 JavaThread "Daemon" [_thread_blocked, id=27396, stack(0x0000001c7e700000,0x0000001c7e800000)]
  0x000001d57d8ec800 JavaThread "Handler for socket connection from /127.0.0.1:63362 to /127.0.0.1:63363" [_thread_in_native, id=12880, stack(0x0000001c7e800000,0x0000001c7e900000)]
  0x000001d57dc9e800 JavaThread "Cancel handler" [_thread_blocked, id=36660, stack(0x0000001c7e900000,0x0000001c7ea00000)]
  0x000001d57d65c000 JavaThread "Daemon worker" [_thread_blocked, id=27304, stack(0x0000001c7ea00000,0x0000001c7eb00000)]
  0x000001d57d57c000 JavaThread "Asynchronous log dispatcher for DefaultDaemonConnection: socket connection from /127.0.0.1:63362 to /127.0.0.1:63363" [_thread_blocked, id=9548, stack(0x0000001c7eb00000,0x0000001c7ec00000)]
  0x000001d57e288000 JavaThread "Stdin handler" [_thread_blocked, id=17856, stack(0x0000001c7ec00000,0x0000001c7ed00000)]
  0x000001d57e06b800 JavaThread "Thread-8" [_thread_blocked, id=39056, stack(0x0000001c7ed00000,0x0000001c7ee00000)]
  0x000001d57d659800 JavaThread "Cache worker for file hash cache (C:\Users\Dark Knight\.gradle\caches\6.7.1\fileHashes)" [_thread_blocked, id=41012, stack(0x0000001c7f300000,0x0000001c7f400000)]
  0x000001d57d657000 JavaThread "File lock request listener" [_thread_in_native, id=24492, stack(0x0000001c7f400000,0x0000001c7f500000)]
  0x000001d57d658000 JavaThread "Cache worker for journal cache (C:\Users\Dark Knight\.gradle\caches\journal-1)" [_thread_blocked, id=40132, stack(0x0000001c7f600000,0x0000001c7f700000)]
  0x000001d57d659000 JavaThread "Cache worker for file hash cache (C:\Android Projects\Udemy TUTORIAL\KidsDrawingApp\.gradle\6.7.1\fileHashes)" [_thread_blocked, id=38240, stack(0x0000001c7f900000,0x0000001c7fa00000)]
  0x000001d57e5e1800 JavaThread "jar transforms" [_thread_blocked, id=36772, stack(0x0000001c7fa00000,0x0000001c7fb00000)]
  0x000001d57e5e7000 JavaThread "jar transforms Thread 2" [_thread_blocked, id=14776, stack(0x0000001c7fb00000,0x0000001c7fc00000)]
  0x000001d57e5e2000 JavaThread "jar transforms Thread 3" [_thread_blocked, id=37704, stack(0x0000001c7fc00000,0x0000001c7fd00000)]
  0x000001d57e5e8000 JavaThread "jar transforms Thread 4" [_thread_blocked, id=16304, stack(0x0000001c7fd00000,0x0000001c7fe00000)]
  0x000001d57e5e5800 JavaThread "jar transforms Thread 5" [_thread_blocked, id=18024, stack(0x0000001c7fe00000,0x0000001c7ff00000)]
  0x000001d57e5e6000 JavaThread "jar transforms Thread 6" [_thread_blocked, id=13480, stack(0x0000001c7ff00000,0x0000001c80000000)]
  0x000001d57e5e3000 JavaThread "jar transforms Thread 7" [_thread_blocked, id=18032, stack(0x0000001c00000000,0x0000001c00100000)]
  0x000001d57e5e3800 JavaThread "jar transforms Thread 8" [_thread_blocked, id=41048, stack(0x0000001c00100000,0x0000001c00200000)]
  0x000001d57e5e8800 JavaThread "jar transforms Thread 9" [_thread_blocked, id=18652, stack(0x0000001c00200000,0x0000001c00300000)]
  0x000001d57e5e9800 JavaThread "jar transforms Thread 10" [_thread_blocked, id=28636, stack(0x0000001c00300000,0x0000001c00400000)]
  0x000001d57e5ea800 JavaThread "jar transforms Thread 11" [_thread_blocked, id=28932, stack(0x0000001c00400000,0x0000001c00500000)]
  0x000001d57e5e4800 JavaThread "jar transforms Thread 12" [_thread_blocked, id=40964, stack(0x0000001c00500000,0x0000001c00600000)]
  0x000001d57e5ed800 JavaThread "jar transforms Thread 13" [_thread_blocked, id=7324, stack(0x0000001c00600000,0x0000001c00700000)]
  0x000001d57e5ee800 JavaThread "jar transforms Thread 14" [_thread_blocked, id=34616, stack(0x0000001c00700000,0x0000001c00800000)]
  0x000001d57e5ef000 JavaThread "jar transforms Thread 15" [_thread_blocked, id=15544, stack(0x0000001c00800000,0x0000001c00900000)]
  0x000001d57e5ec800 JavaThread "jar transforms Thread 16" [_thread_blocked, id=28064, stack(0x0000001c00900000,0x0000001c00a00000)]
  0x000001d57e5eb000 JavaThread "jar transforms Thread 17" [_thread_blocked, id=37832, stack(0x0000001c00a00000,0x0000001c00b00000)]
  0x000001d57e5f0000 JavaThread "jar transforms Thread 18" [_thread_blocked, id=3408, stack(0x0000001c00b00000,0x0000001c00c00000)]
  0x000001d57e5ec000 JavaThread "jar transforms Thread 19" [_thread_blocked, id=39088, stack(0x0000001c00c00000,0x0000001c00d00000)]
  0x000001d50fb01000 JavaThread "jar transforms Thread 20" [_thread_blocked, id=34880, stack(0x0000001c00d00000,0x0000001c00e00000)]
  0x000001d50fb01800 JavaThread "jar transforms Thread 21" [_thread_blocked, id=4604, stack(0x0000001c00e00000,0x0000001c00f00000)]
  0x000001d50fb02800 JavaThread "Cache worker for checksums cache (C:\Android Projects\Udemy TUTORIAL\KidsDrawingApp\.gradle\checksums)" [_thread_blocked, id=21932, stack(0x0000001c00f00000,0x0000001c01000000)]
  0x000001d50fafe800 JavaThread "Cache worker for cache directory md-supplier (C:\Users\Dark Knight\.gradle\caches\6.7.1\md-supplier)" [_thread_blocked, id=36040, stack(0x0000001c01000000,0x0000001c01100000)]
  0x000001d50fb03800 JavaThread "Cache worker for cache directory md-rule (C:\Users\Dark Knight\.gradle\caches\6.7.1\md-rule)" [_thread_blocked, id=20984, stack(0x0000001c01100000,0x0000001c01200000)]
  0x000001d50fafd800 JavaThread "Cache worker for execution history cache (C:\Users\Dark Knight\.gradle\caches\6.7.1\executionHistory)" [_thread_blocked, id=9268, stack(0x0000001c01200000,0x0000001c01300000)]
  0x000001d510e4e800 JavaThread "C2 CompilerThread1" daemon [_thread_blocked, id=23464, stack(0x0000001c01300000,0x0000001c01400000)]
  0x000001d57ead2000 JavaThread "C2 CompilerThread2" daemon [_thread_in_native, id=34624, stack(0x0000001c01400000,0x0000001c01500000)]
  0x000001d50fb04000 JavaThread "Cache worker for file content cache (C:\Users\Dark Knight\.gradle\caches\6.7.1\fileContent)" [_thread_blocked, id=20448, stack(0x0000001c01500000,0x0000001c01600000)]
  0x000001d50faff800 JavaThread "Cache worker for Build Output Cleanup Cache (C:\Android Projects\Udemy TUTORIAL\KidsDrawingApp\.gradle\buildOutputCleanup)" [_thread_blocked, id=22484, stack(0x0000001c01600000,0x0000001c01700000)]
  0x000001d50fb06000 JavaThread "Build operations" [_thread_blocked, id=5796, stack(0x0000001c01700000,0x0000001c01800000)]
  0x000001d50fb09000 JavaThread "Build operations Thread 2" [_thread_blocked, id=16324, stack(0x0000001c01800000,0x0000001c01900000)]
  0x000001d50fb0a000 JavaThread "Build operations Thread 3" [_thread_blocked, id=40684, stack(0x0000001c01900000,0x0000001c01a00000)]
  0x000001d50fb06800 JavaThread "Build operations Thread 4" [_thread_blocked, id=22216, stack(0x0000001c01a00000,0x0000001c01b00000)]
  0x000001d50fb0a800 JavaThread "Build operations Thread 5" [_thread_blocked, id=30868, stack(0x0000001c01b00000,0x0000001c01c00000)]
  0x000001d50fb05000 JavaThread "Build operations Thread 6" [_thread_blocked, id=9936, stack(0x0000001c01c00000,0x0000001c01d00000)]
  0x000001d50fb08800 JavaThread "Build operations Thread 7" [_thread_blocked, id=41336, stack(0x0000001c01d00000,0x0000001c01e00000)]
  0x000001d50fb0b800 JavaThread "Build operations Thread 8" [_thread_blocked, id=39316, stack(0x0000001c01e00000,0x0000001c01f00000)]
  0x000001d50fb0c800 JavaThread "jar transforms Thread 22" [_thread_blocked, id=33496, stack(0x0000001c01f00000,0x0000001c02000000)]
  0x000001d50fb07800 JavaThread "jar transforms Thread 23" [_thread_blocked, id=27044, stack(0x0000001c02000000,0x0000001c02100000)]
  0x000001d5121c6800 JavaThread "jar transforms Thread 24" [_thread_blocked, id=35396, stack(0x0000001c02100000,0x0000001c02200000)]
  0x000001d5121c8000 JavaThread "jar transforms Thread 25" [_thread_blocked, id=39292, stack(0x0000001c02200000,0x0000001c02300000)]
  0x000001d5121ca000 JavaThread "jar transforms Thread 26" [_thread_blocked, id=14760, stack(0x0000001c02300000,0x0000001c02400000)]
  0x000001d5121ca800 JavaThread "jar transforms Thread 27" [_thread_blocked, id=11308, stack(0x0000001c02400000,0x0000001c02500000)]
  0x000001d5121c7800 JavaThread "jar transforms Thread 28" [_thread_blocked, id=30468, stack(0x0000001c02500000,0x0000001c02600000)]
  0x000001d5121c6000 JavaThread "jar transforms Thread 29" [_thread_blocked, id=31864, stack(0x0000001c02600000,0x0000001c02700000)]
  0x000001d5121cb800 JavaThread "jar transforms Thread 30" [_thread_blocked, id=12300, stack(0x0000001c02700000,0x0000001c02800000)]
  0x000001d5121cc800 JavaThread "jar transforms Thread 31" [_thread_blocked, id=31204, stack(0x0000001c02800000,0x0000001c02900000)]
  0x000001d5121c9000 JavaThread "jar transforms Thread 32" [_thread_blocked, id=2524, stack(0x0000001c02900000,0x0000001c02a00000)]
  0x000001d57e605800 JavaThread "jar transforms Thread 33" [_thread_blocked, id=39944, stack(0x0000001c02a00000,0x0000001c02b00000)]
  0x000001d57e601800 JavaThread "jar transforms Thread 34" [_thread_blocked, id=25932, stack(0x0000001c02b00000,0x0000001c02c00000)]
  0x000001d57e603000 JavaThread "jar transforms Thread 35" [_thread_blocked, id=3268, stack(0x0000001c02c00000,0x0000001c02d00000)]
  0x000001d57e606000 JavaThread "jar transforms Thread 36" [_thread_blocked, id=1232, stack(0x0000001c02d00000,0x0000001c02e00000)]
  0x000001d57e608000 JavaThread "jar transforms Thread 37" [_thread_blocked, id=28760, stack(0x0000001c02e00000,0x0000001c02f00000)]
  0x000001d57e607000 JavaThread "jar transforms Thread 38" [_thread_blocked, id=37044, stack(0x0000001c02f00000,0x0000001c03000000)]
  0x000001d57e603800 JavaThread "jar transforms Thread 39" [_thread_blocked, id=33236, stack(0x0000001c03000000,0x0000001c03100000)]
  0x000001d57e602000 JavaThread "jar transforms Thread 40" [_thread_blocked, id=38408, stack(0x0000001c03100000,0x0000001c03200000)]
  0x000001d57e609800 JavaThread "jar transforms Thread 41" [_thread_blocked, id=2488, stack(0x0000001c03200000,0x0000001c03300000)]
  0x000001d57e608800 JavaThread "jar transforms Thread 42" [_thread_blocked, id=10048, stack(0x0000001c03300000,0x0000001c03400000)]
  0x000001d57e60a800 JavaThread "jar transforms Thread 43" [_thread_blocked, id=32608, stack(0x0000001c03400000,0x0000001c03500000)]
  0x000001d57e604800 JavaThread "jar transforms Thread 44" [_thread_blocked, id=35160, stack(0x0000001c03500000,0x0000001c03600000)]
  0x000001d57e60c000 JavaThread "jar transforms Thread 45" [_thread_blocked, id=30784, stack(0x0000001c03600000,0x0000001c03700000)]
  0x000001d57e60f000 JavaThread "jar transforms Thread 46" [_thread_blocked, id=35404, stack(0x0000001c03700000,0x0000001c03800000)]
  0x000001d57e60b000 JavaThread "jar transforms Thread 47" [_thread_blocked, id=35088, stack(0x0000001c03800000,0x0000001c03900000)]
  0x000001d57e60c800 JavaThread "jar transforms Thread 48" [_thread_blocked, id=38692, stack(0x0000001c03900000,0x0000001c03a00000)]
  0x000001d57e60d800 JavaThread "jar transforms Thread 49" [_thread_blocked, id=30692, stack(0x0000001c03a00000,0x0000001c03b00000)]
  0x000001d57e60e800 JavaThread "jar transforms Thread 50" [_thread_blocked, id=39804, stack(0x0000001c03b00000,0x0000001c03c00000)]
  0x000001d57e610000 JavaThread "jar transforms Thread 51" [_thread_blocked, id=11440, stack(0x0000001c03c00000,0x0000001c03d00000)]
  0x000001d51181a000 JavaThread "jar transforms Thread 52" [_thread_blocked, id=41452, stack(0x0000001c03d00000,0x0000001c03e00000)]
  0x000001d511820000 JavaThread "jar transforms Thread 53" [_thread_blocked, id=17128, stack(0x0000001c03e00000,0x0000001c03f00000)]
  0x000001d51181d800 JavaThread "jar transforms Thread 54" [_thread_blocked, id=25284, stack(0x0000001c03f00000,0x0000001c04000000)]
  0x000001d51181b800 JavaThread "jar transforms Thread 55" [_thread_blocked, id=38976, stack(0x0000001c04000000,0x0000001c04100000)]
  0x000001d51181e000 JavaThread "jar transforms Thread 56" [_thread_blocked, id=24700, stack(0x0000001c04100000,0x0000001c04200000)]
  0x000001d511820800 JavaThread "jar transforms Thread 57" [_thread_blocked, id=9272, stack(0x0000001c04200000,0x0000001c04300000)]
  0x000001d51181f000 JavaThread "jar transforms Thread 58" [_thread_blocked, id=40028, stack(0x0000001c04300000,0x0000001c04400000)]
  0x000001d51181b000 JavaThread "jar transforms Thread 59" [_thread_blocked, id=13740, stack(0x0000001c04400000,0x0000001c04500000)]
  0x000001d511821800 JavaThread "jar transforms Thread 60" [_thread_blocked, id=34768, stack(0x0000001c04500000,0x0000001c04600000)]
  0x000001d51181c800 JavaThread "jar transforms Thread 61" [_thread_blocked, id=29284, stack(0x0000001c04600000,0x0000001c04700000)]
  0x000001d511823000 JavaThread "jar transforms Thread 62" [_thread_blocked, id=41200, stack(0x0000001c04700000,0x0000001c04800000)]
  0x000001d511827000 JavaThread "jar transforms Thread 63" [_thread_blocked, id=35120, stack(0x0000001c04800000,0x0000001c04900000)]
  0x000001d511825800 JavaThread "jar transforms Thread 64" [_thread_blocked, id=40424, stack(0x0000001c04900000,0x0000001c04a00000)]
  0x000001d511826800 JavaThread "jar transforms Thread 65" [_thread_blocked, id=32864, stack(0x0000001c04a00000,0x0000001c04b00000)]
  0x000001d511824000 JavaThread "jar transforms Thread 66" [_thread_blocked, id=3828, stack(0x0000001c04b00000,0x0000001c04c00000)]
  0x000001d511828000 JavaThread "jar transforms Thread 67" [_thread_blocked, id=17568, stack(0x0000001c04c00000,0x0000001c04d00000)]
  0x000001d511822800 JavaThread "jar transforms Thread 68" [_thread_blocked, id=38288, stack(0x0000001c04d00000,0x0000001c04e00000)]
  0x000001d511829000 JavaThread "jar transforms Thread 69" [_thread_blocked, id=16888, stack(0x0000001c04e00000,0x0000001c04f00000)]
  0x000001d511824800 JavaThread "jar transforms Thread 70" [_thread_blocked, id=35724, stack(0x0000001c04f00000,0x0000001c05000000)]
  0x000001d51184a000 JavaThread "jar transforms Thread 71" [_thread_blocked, id=27072, stack(0x0000001c05000000,0x0000001c05100000)]
  0x000001d511845800 JavaThread "jar transforms Thread 72" [_thread_blocked, id=39908, stack(0x0000001c05100000,0x0000001c05200000)]
  0x000001d511846800 JavaThread "jar transforms Thread 73" [_thread_blocked, id=18800, stack(0x0000001c05200000,0x0000001c05300000)]
  0x000001d511847800 JavaThread "jar transforms Thread 74" [_thread_blocked, id=12412, stack(0x0000001c05300000,0x0000001c05400000)]
  0x000001d511848000 JavaThread "jar transforms Thread 75" [_thread_blocked, id=33800, stack(0x0000001c05400000,0x0000001c05500000)]
  0x000001d511849000 JavaThread "jar transforms Thread 76" [_thread_blocked, id=23900, stack(0x0000001c05500000,0x0000001c05600000)]
  0x000001d511844000 JavaThread "jar transforms Thread 77" [_thread_blocked, id=23328, stack(0x0000001c05600000,0x0000001c05700000)]
  0x000001d51184a800 JavaThread "jar transforms Thread 78" [_thread_blocked, id=12584, stack(0x0000001c05700000,0x0000001c05800000)]
  0x000001d511845000 JavaThread "jar transforms Thread 79" [_thread_blocked, id=26536, stack(0x0000001c05800000,0x0000001c05900000)]
  0x000001d51184f800 JavaThread "jar transforms Thread 80" [_thread_blocked, id=6264, stack(0x0000001c05900000,0x0000001c05a00000)]
  0x000001d511851000 JavaThread "jar transforms Thread 81" [_thread_blocked, id=27988, stack(0x0000001c05a00000,0x0000001c05b00000)]
  0x000001d51184e000 JavaThread "jar transforms Thread 82" [_thread_blocked, id=33332, stack(0x0000001c05b00000,0x0000001c05c00000)]
  0x000001d511850800 JavaThread "jar transforms Thread 83" [_thread_blocked, id=27152, stack(0x0000001c05c00000,0x0000001c05d00000)]
  0x000001d51184b800 JavaThread "jar transforms Thread 84" [_thread_blocked, id=3760, stack(0x0000001c05d00000,0x0000001c05e00000)]
  0x000001d51184c800 JavaThread "jar transforms Thread 85" [_thread_blocked, id=6048, stack(0x0000001c05e00000,0x0000001c05f00000)]
  0x000001d511852000 JavaThread "jar transforms Thread 86" [_thread_blocked, id=31488, stack(0x0000001c05f00000,0x0000001c06000000)]
  0x000001d511853000 JavaThread "jar transforms Thread 87" [_thread_blocked, id=25224, stack(0x0000001c06000000,0x0000001c06100000)]
  0x000001d51184d000 JavaThread "jar transforms Thread 88" [_thread_blocked, id=36280, stack(0x0000001c06100000,0x0000001c06200000)]
  0x000001d51184e800 JavaThread "jar transforms Thread 89" [_thread_blocked, id=32424, stack(0x0000001c06200000,0x0000001c06300000)]
  0x000001d51150b000 JavaThread "jar transforms Thread 90" [_thread_blocked, id=18256, stack(0x0000001c06300000,0x0000001c06400000)]
  0x000001d51150b800 JavaThread "jar transforms Thread 91" [_thread_blocked, id=30500, stack(0x0000001c06400000,0x0000001c06500000)]
  0x000001d51150a000 JavaThread "jar transforms Thread 92" [_thread_blocked, id=26548, stack(0x0000001c06500000,0x0000001c06600000)]
  0x000001d51150c800 JavaThread "jar transforms Thread 93" [_thread_blocked, id=3444, stack(0x0000001c06600000,0x0000001c06700000)]
  0x000001d511506800 JavaThread "jar transforms Thread 94" [_thread_blocked, id=34496, stack(0x0000001c06700000,0x0000001c06800000)]
  0x000001d511507800 JavaThread "jar transforms Thread 95" [_thread_blocked, id=36168, stack(0x0000001c06800000,0x0000001c06900000)]
  0x000001d51150d800 JavaThread "jar transforms Thread 96" [_thread_blocked, id=39920, stack(0x0000001c06900000,0x0000001c06a00000)]
  0x000001d51150e000 JavaThread "jar transforms Thread 97" [_thread_blocked, id=3312, stack(0x0000001c06a00000,0x0000001c06b00000)]
  0x000001d511508800 JavaThread "jar transforms Thread 98" [_thread_blocked, id=23060, stack(0x0000001c06b00000,0x0000001c06c00000)]
  0x000001d51150f000 JavaThread "jar transforms Thread 99" [_thread_blocked, id=16844, stack(0x0000001c06c00000,0x0000001c06d00000)]
  0x000001d511509000 JavaThread "jar transforms Thread 100" [_thread_blocked, id=22136, stack(0x0000001c06d00000,0x0000001c06e00000)]
  0x000001d511515800 JavaThread "jar transforms Thread 101" [_thread_blocked, id=18692, stack(0x0000001c06e00000,0x0000001c06f00000)]
  0x000001d511513000 JavaThread "jar transforms Thread 102" [_thread_blocked, id=24736, stack(0x0000001c06f00000,0x0000001c07000000)]
  0x000001d511511800 JavaThread "jar transforms Thread 103" [_thread_blocked, id=21676, stack(0x0000001c07000000,0x0000001c07100000)]
  0x000001d511514000 JavaThread "jar transforms Thread 104" [_thread_blocked, id=40068, stack(0x0000001c07100000,0x0000001c07200000)]
  0x000001d511514800 JavaThread "jar transforms Thread 105" [_thread_blocked, id=40400, stack(0x0000001c07200000,0x0000001c07300000)]
  0x000001d51150f800 JavaThread "jar transforms Thread 106" [_thread_blocked, id=39120, stack(0x0000001c07300000,0x0000001c07400000)]
  0x000001d511510800 JavaThread "jar transforms Thread 107" [_thread_blocked, id=28884, stack(0x0000001c07400000,0x0000001c07500000)]
  0x000001d511512000 JavaThread "jar transforms Thread 108" [_thread_blocked, id=5872, stack(0x0000001c07500000,0x0000001c07600000)]
  0x000001d5123d2800 JavaThread "jar transforms Thread 109" [_thread_blocked, id=32224, stack(0x0000001c07600000,0x0000001c07700000)]
  0x000001d5123d2000 JavaThread "jar transforms Thread 110" [_thread_blocked, id=41028, stack(0x0000001c07700000,0x0000001c07800000)]
  0x000001d5123d3800 JavaThread "jar transforms Thread 111" [_thread_blocked, id=15804, stack(0x0000001c07800000,0x0000001c07900000)]
  0x000001d5123ce000 JavaThread "jar transforms Thread 112" [_thread_blocked, id=41716, stack(0x0000001c07900000,0x0000001c07a00000)]
  0x000001d5123ce800 JavaThread "jar transforms Thread 113" [_thread_blocked, id=17444, stack(0x0000001c07a00000,0x0000001c07b00000)]
  0x000001d5123d4800 JavaThread "jar transforms Thread 114" [_thread_blocked, id=38800, stack(0x0000001c07b00000,0x0000001c07c00000)]
  0x000001d5123d5000 JavaThread "jar transforms Thread 115" [_thread_blocked, id=34892, stack(0x0000001c07c00000,0x0000001c07d00000)]
  0x000001d5123cf800 JavaThread "jar transforms Thread 116" [_thread_blocked, id=39812, stack(0x0000001c07d00000,0x0000001c07e00000)]
  0x000001d5123d6000 JavaThread "jar transforms Thread 117" [_thread_blocked, id=16980, stack(0x0000001c07e00000,0x0000001c07f00000)]
  0x000001d5123d0000 JavaThread "jar transforms Thread 118" [_thread_blocked, id=27352, stack(0x0000001c07f00000,0x0000001c08000000)]
  0x000001d5123d7000 JavaThread "jar transforms Thread 119" [_thread_blocked, id=31756, stack(0x0000001c08000000,0x0000001c08100000)]
  0x000001d5123d1000 JavaThread "Memory manager" [_thread_blocked, id=32276, stack(0x0000001c08100000,0x0000001c08200000)]

Other Threads:
=>0x000001d57b82e000 VMThread "VM Thread" [stack: 0x0000001c7d500000,0x0000001c7d600000] [id=12652]
  0x000001d57c30a000 WatcherThread [stack: 0x0000001c7df00000,0x0000001c7e000000] [id=29592]
  0x000001d56e562000 GCTaskThread "GC Thread#0" [stack: 0x0000001c7d000000,0x0000001c7d100000] [id=29900]
  0x000001d57cdb9800 GCTaskThread "GC Thread#1" [stack: 0x0000001c7e100000,0x0000001c7e200000] [id=41940]
  0x000001d57cfba000 GCTaskThread "GC Thread#2" [stack: 0x0000001c7e200000,0x0000001c7e300000] [id=35464]
  0x000001d57d4b4800 GCTaskThread "GC Thread#3" [stack: 0x0000001c7ee00000,0x0000001c7ef00000] [id=32008]
  0x000001d57e1ea000 GCTaskThread "GC Thread#4" [stack: 0x0000001c7ef00000,0x0000001c7f000000] [id=29624]
  0x000001d57e928800 GCTaskThread "GC Thread#5" [stack: 0x0000001c7f000000,0x0000001c7f100000] [id=40552]
  0x000001d57d8cc000 GCTaskThread "GC Thread#6" [stack: 0x0000001c7f100000,0x0000001c7f200000] [id=18852]
  0x000001d57cfb7000 GCTaskThread "GC Thread#7" [stack: 0x0000001c7f200000,0x0000001c7f300000] [id=8156]
  0x000001d56e592000 ConcurrentGCThread "G1 Main Marker" [stack: 0x0000001c7d100000,0x0000001c7d200000] [id=17680]
  0x000001d56e595000 ConcurrentGCThread "G1 Conc#0" [stack: 0x0000001c7d200000,0x0000001c7d300000] [id=29420]
  0x000001d57dfe2800 ConcurrentGCThread "G1 Conc#1" [stack: 0x0000001c7f500000,0x0000001c7f600000] [id=37400]
  0x000001d56e625800 ConcurrentGCThread "G1 Refine#0" [stack: 0x0000001c7d300000,0x0000001c7d400000] [id=28816]
  0x000001d57b680800 ConcurrentGCThread "G1 Young RemSet Sampling" [stack: 0x0000001c7d400000,0x0000001c7d500000] [id=21452]

Threads with active compile tasks:
C2 CompilerThread0  11938 6482       4       sun.reflect.generics.parser.SignatureParser::parseFieldTypeSignature (6 bytes)
C2 CompilerThread1  11938 6339 %     4       org.gradle.internal.instantiation.generator.AbstractClassGenerator::inspectType @ 107 (560 bytes)
C2 CompilerThread2  11938 6483       4       sun.reflect.generics.parser.SignatureParser::parsePackageNameAndSimpleClassTypeSignature (119 bytes)

VM state:at safepoint (normal execution)

VM Mutex/Monitor currently owned by a thread:  ([mutex/lock_event])
[0x000001d56e546dc0] Threads_lock - owner thread: 0x000001d57b82e000
[0x000001d56e546d30] Heap_lock - owner thread: 0x000001d57d65c000

Heap address: 0x0000000080000000, size: 2048 MB, Compressed Oops mode: 32-bit
Narrow klass base: 0x0000000000000000, Narrow klass shift: 3
Compressed class space size: 1073741824 Address: 0x0000000100000000

Heap:
 garbage-first heap   total 189440K, used 80905K [0x0000000080000000, 0x0000000100000000)
  region size 1024K, 4 young (4096K), 4 survivors (4096K)
 Metaspace       used 71667K, capacity 73408K, committed 73600K, reserved 1114112K
  class space    used 9271K, capacity 9844K, committed 9932K, reserved 1048576K
Heap Regions: E=young(eden), S=young(survivor), O=old, HS=humongous(starts), HC=humongous(continues), CS=collection set, F=free, A=archive, TAMS=top-at-mark-start (previous, next)
|   0|0x0000000080000000, 0x0000000080100000, 0x0000000080100000|100%| O|  |TAMS 0x0000000080100000, 0x0000000080100000| Untracked 
|   1|0x0000000080100000, 0x0000000080200000, 0x0000000080200000|100%| O|  |TAMS 0x0000000080200000, 0x0000000080200000| Untracked 
|   2|0x0000000080200000, 0x0000000080300000, 0x0000000080300000|100%| O|  |TAMS 0x0000000080300000, 0x0000000080300000| Untracked 
|   3|0x0000000080300000, 0x0000000080400000, 0x0000000080400000|100%|HS|  |TAMS 0x0000000080400000, 0x0000000080400000| Complete 
|   4|0x0000000080400000, 0x0000000080500000, 0x0000000080500000|100%|HC|  |TAMS 0x0000000080500000, 0x0000000080500000| Complete 
|   5|0x0000000080500000, 0x0000000080600000, 0x0000000080600000|100%|HC|  |TAMS 0x0000000080600000, 0x0000000080600000| Complete 
|   6|0x0000000080600000, 0x0000000080700000, 0x0000000080700000|100%| O|  |TAMS 0x0000000080700000, 0x0000000080700000| Untracked 
|   7|0x0000000080700000, 0x0000000080800000, 0x0000000080800000|100%| O|  |TAMS 0x0000000080800000, 0x0000000080800000| Untracked 
|   8|0x0000000080800000, 0x0000000080900000, 0x0000000080900000|100%| O|  |TAMS 0x0000000080900000, 0x0000000080900000| Untracked 
|   9|0x0000000080900000, 0x0000000080a00000, 0x0000000080a00000|100%| O|  |TAMS 0x0000000080a00000, 0x0000000080a00000| Untracked 
|  10|0x0000000080a00000, 0x0000000080b00000, 0x0000000080b00000|100%| O|  |TAMS 0x0000000080b00000, 0x0000000080b00000| Untracked 
|  11|0x0000000080b00000, 0x0000000080c00000, 0x0000000080c00000|100%| O|  |TAMS 0x0000000080c00000, 0x0000000080c00000| Untracked 
|  12|0x0000000080c00000, 0x0000000080d00000, 0x0000000080d00000|100%| O|  |TAMS 0x0000000080d00000, 0x0000000080d00000| Untracked 
|  13|0x0000000080d00000, 0x0000000080e00000, 0x0000000080e00000|100%| O|  |TAMS 0x0000000080e00000, 0x0000000080e00000| Untracked 
|  14|0x0000000080e00000, 0x0000000080f00000, 0x0000000080f00000|100%| O|  |TAMS 0x0000000080f00000, 0x0000000080f00000| Untracked 
|  15|0x0000000080f00000, 0x0000000081000000, 0x0000000081000000|100%| O|  |TAMS 0x0000000081000000, 0x0000000081000000| Untracked 
|  16|0x0000000081000000, 0x0000000081100000, 0x0000000081100000|100%|HS|  |TAMS 0x0000000081100000, 0x0000000081100000| Complete 
|  17|0x0000000081100000, 0x0000000081200000, 0x0000000081200000|100%|HC|  |TAMS 0x0000000081200000, 0x0000000081200000| Complete 
|  18|0x0000000081200000, 0x0000000081300000, 0x0000000081300000|100%|HS|  |TAMS 0x0000000081300000, 0x0000000081300000| Complete 
|  19|0x0000000081300000, 0x0000000081400000, 0x0000000081400000|100%|HC|  |TAMS 0x0000000081400000, 0x0000000081400000| Complete 
|  20|0x0000000081400000, 0x0000000081500000, 0x0000000081500000|100%|HC|  |TAMS 0x0000000081500000, 0x0000000081500000| Complete 
|  21|0x0000000081500000, 0x0000000081600000, 0x0000000081600000|100%|HS|  |TAMS 0x0000000081600000, 0x0000000081600000| Complete 
|  22|0x0000000081600000, 0x0000000081700000, 0x0000000081700000|100%|HC|  |TAMS 0x0000000081700000, 0x0000000081700000| Complete 
|  23|0x0000000081700000, 0x0000000081800000, 0x0000000081800000|100%|HC|  |TAMS 0x0000000081800000, 0x0000000081800000| Complete 
|  24|0x0000000081800000, 0x0000000081900000, 0x0000000081900000|100%|HC|  |TAMS 0x0000000081900000, 0x0000000081900000| Complete 
|  25|0x0000000081900000, 0x0000000081a00000, 0x0000000081a00000|100%| O|  |TAMS 0x0000000081a00000, 0x0000000081a00000| Untracked 
|  26|0x0000000081a00000, 0x0000000081b00000, 0x0000000081b00000|100%| O|  |TAMS 0x0000000081b00000, 0x0000000081b00000| Untracked 
|  27|0x0000000081b00000, 0x0000000081c00000, 0x0000000081c00000|100%| O|  |TAMS 0x0000000081c00000, 0x0000000081c00000| Untracked 
|  28|0x0000000081c00000, 0x0000000081d00000, 0x0000000081d00000|100%| O|  |TAMS 0x0000000081d00000, 0x0000000081d00000| Untracked 
|  29|0x0000000081d00000, 0x0000000081e00000, 0x0000000081e00000|100%|HS|  |TAMS 0x0000000081e00000, 0x0000000081e00000| Complete 
|  30|0x0000000081e00000, 0x0000000081f00000, 0x0000000081f00000|100%|HC|  |TAMS 0x0000000081f00000, 0x0000000081f00000| Complete 
|  31|0x0000000081f00000, 0x0000000082000000, 0x0000000082000000|100%|HC|  |TAMS 0x0000000082000000, 0x0000000082000000| Complete 
|  32|0x0000000082000000, 0x0000000082100000, 0x0000000082100000|100%|HS|  |TAMS 0x0000000082100000, 0x0000000082100000| Complete 
|  33|0x0000000082100000, 0x0000000082200000, 0x0000000082200000|100%|HC|  |TAMS 0x0000000082200000, 0x0000000082200000| Complete 
|  34|0x0000000082200000, 0x0000000082300000, 0x0000000082300000|100%|HC|  |TAMS 0x0000000082300000, 0x0000000082300000| Complete 
|  35|0x0000000082300000, 0x0000000082400000, 0x0000000082400000|100%|HC|  |TAMS 0x0000000082400000, 0x0000000082400000| Complete 
|  36|0x0000000082400000, 0x0000000082500000, 0x0000000082500000|100%| O|  |TAMS 0x0000000082500000, 0x0000000082500000| Untracked 
|  37|0x0000000082500000, 0x0000000082600000, 0x0000000082600000|100%| O|  |TAMS 0x0000000082600000, 0x0000000082600000| Untracked 
|  38|0x0000000082600000, 0x0000000082700000, 0x0000000082700000|100%| O|  |TAMS 0x0000000082700000, 0x0000000082700000| Untracked 
|  39|0x0000000082700000, 0x0000000082800000, 0x0000000082800000|100%| O|  |TAMS 0x0000000082800000, 0x0000000082800000| Untracked 
|  40|0x0000000082800000, 0x0000000082900000, 0x0000000082900000|100%| O|  |TAMS 0x0000000082900000, 0x0000000082900000| Untracked 
|  41|0x0000000082900000, 0x0000000082a00000, 0x0000000082a00000|100%| O|  |TAMS 0x0000000082a00000, 0x0000000082a00000| Untracked 
|  42|0x0000000082a00000, 0x0000000082b00000, 0x0000000082b00000|100%| O|  |TAMS 0x0000000082b00000, 0x0000000082b00000| Untracked 
|  43|0x0000000082b00000, 0x0000000082c00000, 0x0000000082c00000|100%| O|  |TAMS 0x0000000082c00000, 0x0000000082c00000| Untracked 
|  44|0x0000000082c00000, 0x0000000082d00000, 0x0000000082d00000|100%| O|  |TAMS 0x0000000082d00000, 0x0000000082d00000| Untracked 
|  45|0x0000000082d00000, 0x0000000082e00000, 0x0000000082e00000|100%| O|  |TAMS 0x0000000082e00000, 0x0000000082e00000| Untracked 
|  46|0x0000000082e00000, 0x0000000082f00000, 0x0000000082f00000|100%| O|  |TAMS 0x0000000082f00000, 0x0000000082f00000| Untracked 
|  47|0x0000000082f00000, 0x0000000083000000, 0x0000000083000000|100%| O|  |TAMS 0x0000000083000000, 0x0000000083000000| Untracked 
|  48|0x0000000083000000, 0x0000000083100000, 0x0000000083100000|100%|HS|  |TAMS 0x0000000083100000, 0x0000000083100000| Complete 
|  49|0x0000000083100000, 0x0000000083200000, 0x0000000083200000|100%|HS|  |TAMS 0x0000000083200000, 0x0000000083200000| Complete 
|  50|0x0000000083200000, 0x0000000083300000, 0x0000000083300000|100%|HS|  |TAMS 0x0000000083300000, 0x0000000083300000| Complete 
|  51|0x0000000083300000, 0x0000000083400000, 0x0000000083400000|100%|HC|  |TAMS 0x0000000083400000, 0x0000000083400000| Complete 
|  52|0x0000000083400000, 0x0000000083500000, 0x0000000083500000|100%|HC|  |TAMS 0x0000000083500000, 0x0000000083500000| Complete 
|  53|0x0000000083500000, 0x0000000083600000, 0x0000000083600000|100%|HS|  |TAMS 0x0000000083600000, 0x0000000083600000| Complete 
|  54|0x0000000083600000, 0x0000000083700000, 0x0000000083700000|100%|HC|  |TAMS 0x0000000083700000, 0x0000000083700000| Complete 
|  55|0x0000000083700000, 0x0000000083800000, 0x0000000083800000|100%| O|  |TAMS 0x0000000083800000, 0x0000000083800000| Untracked 
|  56|0x0000000083800000, 0x0000000083900000, 0x0000000083900000|100%| O|  |TAMS 0x0000000083900000, 0x0000000083900000| Untracked 
|  57|0x0000000083900000, 0x0000000083a00000, 0x0000000083a00000|100%| O|  |TAMS 0x0000000083a00000, 0x0000000083a00000| Untracked 
|  58|0x0000000083a00000, 0x0000000083b00000, 0x0000000083b00000|100%| O|  |TAMS 0x0000000083b00000, 0x0000000083b00000| Untracked 
|  59|0x0000000083b00000, 0x0000000083c00000, 0x0000000083c00000|100%| O|  |TAMS 0x0000000083c00000, 0x0000000083c00000| Untracked 
|  60|0x0000000083c00000, 0x0000000083d00000, 0x0000000083d00000|100%| O|  |TAMS 0x0000000083d00000, 0x0000000083d00000| Untracked 
|  61|0x0000000083d00000, 0x0000000083e00000, 0x0000000083e00000|100%| O|  |TAMS 0x0000000083e00000, 0x0000000083e00000| Untracked 
|  62|0x0000000083e00000, 0x0000000083f00000, 0x0000000083f00000|100%| O|  |TAMS 0x0000000083f00000, 0x0000000083f00000| Untracked 
|  63|0x0000000083f00000, 0x0000000084000000, 0x0000000084000000|100%| O|  |TAMS 0x0000000084000000, 0x0000000084000000| Untracked 
|  64|0x0000000084000000, 0x0000000084100000, 0x0000000084100000|100%| O|  |TAMS 0x0000000084100000, 0x0000000084100000| Untracked 
|  65|0x0000000084100000, 0x0000000084200000, 0x0000000084200000|100%| O|  |TAMS 0x0000000084200000, 0x0000000084200000| Untracked 
|  66|0x0000000084200000, 0x0000000084300000, 0x0000000084300000|100%| O|  |TAMS 0x0000000084200000, 0x0000000084300000| Untracked 
|  67|0x0000000084300000, 0x0000000084400000, 0x0000000084400000|100%| O|  |TAMS 0x0000000084400000, 0x0000000084400000| Untracked 
|  68|0x0000000084400000, 0x0000000084500000, 0x0000000084500000|100%| O|  |TAMS 0x00000000844e6a00, 0x0000000084500000| Untracked 
|  69|0x0000000084500000, 0x0000000084600000, 0x0000000084600000|100%| O|  |TAMS 0x0000000084500000, 0x0000000084600000| Untracked 
|  70|0x0000000084600000, 0x0000000084700000, 0x0000000084700000|100%| O|  |TAMS 0x0000000084600000, 0x0000000084700000| Untracked 
|  71|0x0000000084700000, 0x0000000084800000, 0x0000000084800000|100%| O|  |TAMS 0x0000000084700000, 0x0000000084800000| Untracked 
|  72|0x0000000084800000, 0x0000000084900000, 0x0000000084900000|100%| O|  |TAMS 0x0000000084800000, 0x0000000084900000| Untracked 
|  73|0x0000000084900000, 0x0000000084a00000, 0x0000000084a00000|100%| O|  |TAMS 0x0000000084900000, 0x0000000084a00000| Untracked 
|  74|0x0000000084a00000, 0x0000000084b00000, 0x0000000084b00000|100%| O|  |TAMS 0x0000000084a00000, 0x0000000084b00000| Untracked 
|  75|0x0000000084b00000, 0x0000000084bcf400, 0x0000000084c00000| 80%| O|  |TAMS 0x0000000084b00000, 0x0000000084bcf400| Untracked 
|  76|0x0000000084c00000, 0x0000000084c00000, 0x0000000084d00000|  0%| F|  |TAMS 0x0000000084c00000, 0x0000000084c00000| Untracked 
|  77|0x0000000084d00000, 0x0000000084d00000, 0x0000000084e00000|  0%| F|  |TAMS 0x0000000084d00000, 0x0000000084d00000| Untracked 
|  78|0x0000000084e00000, 0x0000000084e00000, 0x0000000084f00000|  0%| F|  |TAMS 0x0000000084e00000, 0x0000000084e00000| Untracked 
|  79|0x0000000084f00000, 0x0000000084f00000, 0x0000000085000000|  0%| F|  |TAMS 0x0000000084f00000, 0x0000000084f00000| Untracked 
|  80|0x0000000085000000, 0x0000000085000000, 0x0000000085100000|  0%| F|  |TAMS 0x0000000085000000, 0x0000000085000000| Untracked 
|  81|0x0000000085100000, 0x0000000085100000, 0x0000000085200000|  0%| F|  |TAMS 0x0000000085100000, 0x0000000085100000| Untracked 
|  82|0x0000000085200000, 0x0000000085200000, 0x0000000085300000|  0%| F|  |TAMS 0x0000000085200000, 0x0000000085200000| Untracked 
|  83|0x0000000085300000, 0x0000000085300000, 0x0000000085400000|  0%| F|  |TAMS 0x0000000085300000, 0x0000000085300000| Untracked 
|  84|0x0000000085400000, 0x0000000085400000, 0x0000000085500000|  0%| F|  |TAMS 0x0000000085400000, 0x0000000085400000| Untracked 
|  85|0x0000000085500000, 0x0000000085500000, 0x0000000085600000|  0%| F|  |TAMS 0x0000000085500000, 0x0000000085500000| Untracked 
|  86|0x0000000085600000, 0x0000000085600000, 0x0000000085700000|  0%| F|  |TAMS 0x0000000085600000, 0x0000000085600000| Untracked 
|  87|0x0000000085700000, 0x0000000085700000, 0x0000000085800000|  0%| F|  |TAMS 0x0000000085700000, 0x0000000085700000| Untracked 
|  88|0x0000000085800000, 0x0000000085800000, 0x0000000085900000|  0%| F|  |TAMS 0x0000000085800000, 0x0000000085800000| Untracked 
|  89|0x0000000085900000, 0x0000000085900000, 0x0000000085a00000|  0%| F|  |TAMS 0x0000000085900000, 0x0000000085900000| Untracked 
|  90|0x0000000085a00000, 0x0000000085a00000, 0x0000000085b00000|  0%| F|  |TAMS 0x0000000085a00000, 0x0000000085a00000| Untracked 
|  91|0x0000000085b00000, 0x0000000085b00000, 0x0000000085c00000|  0%| F|  |TAMS 0x0000000085b00000, 0x0000000085b00000| Untracked 
|  92|0x0000000085c00000, 0x0000000085c00000, 0x0000000085d00000|  0%| F|  |TAMS 0x0000000085c00000, 0x0000000085c00000| Untracked 
|  93|0x0000000085d00000, 0x0000000085d00000, 0x0000000085e00000|  0%| F|  |TAMS 0x0000000085d00000, 0x0000000085d00000| Untracked 
|  94|0x0000000085e00000, 0x0000000085e00000, 0x0000000085f00000|  0%| F|  |TAMS 0x0000000085e00000, 0x0000000085e00000| Untracked 
|  95|0x0000000085f00000, 0x0000000085f00000, 0x0000000086000000|  0%| F|  |TAMS 0x0000000085f00000, 0x0000000085f00000| Untracked 
|  96|0x0000000086000000, 0x0000000086000000, 0x0000000086100000|  0%| F|  |TAMS 0x0000000086000000, 0x0000000086000000| Untracked 
|  97|0x0000000086100000, 0x0000000086100000, 0x0000000086200000|  0%| F|  |TAMS 0x0000000086100000, 0x0000000086100000| Untracked 
|  98|0x0000000086200000, 0x0000000086200000, 0x0000000086300000|  0%| F|  |TAMS 0x0000000086200000, 0x0000000086200000| Untracked 
|  99|0x0000000086300000, 0x0000000086300000, 0x0000000086400000|  0%| F|  |TAMS 0x0000000086300000, 0x0000000086300000| Untracked 
| 100|0x0000000086400000, 0x0000000086400000, 0x0000000086500000|  0%| F|  |TAMS 0x0000000086400000, 0x0000000086400000| Untracked 
| 101|0x0000000086500000, 0x0000000086500000, 0x0000000086600000|  0%| F|  |TAMS 0x0000000086500000, 0x0000000086500000| Untracked 
| 102|0x0000000086600000, 0x00000000866332e0, 0x0000000086700000| 19%| S|CS|TAMS 0x0000000086600000, 0x0000000086600000| Complete 
| 103|0x0000000086700000, 0x0000000086800000, 0x0000000086800000|100%| S|CS|TAMS 0x0000000086700000, 0x0000000086700000| Complete 
| 104|0x0000000086800000, 0x0000000086900000, 0x0000000086900000|100%| S|CS|TAMS 0x0000000086800000, 0x0000000086800000| Complete 
| 105|0x0000000086900000, 0x0000000086900000, 0x0000000086a00000|  0%| F|  |TAMS 0x0000000086900000, 0x0000000086900000| Untracked 
| 106|0x0000000086a00000, 0x0000000086a00000, 0x0000000086b00000|  0%| F|  |TAMS 0x0000000086a00000, 0x0000000086a00000| Untracked 
| 107|0x0000000086b00000, 0x0000000086b00000, 0x0000000086c00000|  0%| F|  |TAMS 0x0000000086b00000, 0x0000000086b00000| Untracked 
| 108|0x0000000086c00000, 0x0000000086c00000, 0x0000000086d00000|  0%| F|  |TAMS 0x0000000086c00000, 0x0000000086c00000| Untracked 
| 109|0x0000000086d00000, 0x0000000086e00000, 0x0000000086e00000|100%| S|CS|TAMS 0x0000000086d00000, 0x0000000086d00000| Complete 
| 110|0x0000000086e00000, 0x0000000086e00000, 0x0000000086f00000|  0%| F|  |TAMS 0x0000000086e00000, 0x0000000086e00000| Untracked 
| 111|0x0000000086f00000, 0x0000000086f00000, 0x0000000087000000|  0%| F|  |TAMS 0x0000000086f00000, 0x0000000086f00000| Untracked 
| 112|0x0000000087000000, 0x0000000087000000, 0x0000000087100000|  0%| F|  |TAMS 0x0000000087000000, 0x0000000087000000| Untracked 
| 113|0x0000000087100000, 0x0000000087100000, 0x0000000087200000|  0%| F|  |TAMS 0x0000000087100000, 0x0000000087100000| Untracked 
| 114|0x0000000087200000, 0x0000000087200000, 0x0000000087300000|  0%| F|  |TAMS 0x0000000087200000, 0x0000000087200000| Untracked 
| 115|0x0000000087300000, 0x0000000087300000, 0x0000000087400000|  0%| F|  |TAMS 0x0000000087300000, 0x0000000087300000| Untracked 
| 116|0x0000000087400000, 0x0000000087400000, 0x0000000087500000|  0%| F|  |TAMS 0x0000000087400000, 0x0000000087400000| Untracked 
| 117|0x0000000087500000, 0x0000000087500000, 0x0000000087600000|  0%| F|  |TAMS 0x0000000087500000, 0x0000000087500000| Untracked 
| 118|0x0000000087600000, 0x0000000087600000, 0x0000000087700000|  0%| F|  |TAMS 0x0000000087600000, 0x0000000087600000| Untracked 
| 119|0x0000000087700000, 0x0000000087700000, 0x0000000087800000|  0%| F|  |TAMS 0x0000000087700000, 0x0000000087700000| Untracked 
| 120|0x0000000087800000, 0x0000000087800000, 0x0000000087900000|  0%| F|  |TAMS 0x0000000087800000, 0x0000000087800000| Untracked 
| 121|0x0000000087900000, 0x0000000087900000, 0x0000000087a00000|  0%| F|  |TAMS 0x0000000087900000, 0x0000000087900000| Untracked 
| 122|0x0000000087a00000, 0x0000000087a00000, 0x0000000087b00000|  0%| F|  |TAMS 0x0000000087a00000, 0x0000000087a00000| Untracked 
| 123|0x0000000087b00000, 0x0000000087b00000, 0x0000000087c00000|  0%| F|  |TAMS 0x0000000087b00000, 0x0000000087b00000| Untracked 
| 124|0x0000000087c00000, 0x0000000087c00000, 0x0000000087d00000|  0%| F|  |TAMS 0x0000000087c00000, 0x0000000087c00000| Untracked 
| 125|0x0000000087d00000, 0x0000000087d00000, 0x0000000087e00000|  0%| F|  |TAMS 0x0000000087d00000, 0x0000000087d00000| Untracked 
| 126|0x0000000087e00000, 0x0000000087e00000, 0x0000000087f00000|  0%| F|  |TAMS 0x0000000087e00000, 0x0000000087e00000| Untracked 
| 127|0x0000000087f00000, 0x0000000087f00000, 0x0000000088000000|  0%| F|  |TAMS 0x0000000087f00000, 0x0000000087f00000| Untracked 
| 128|0x0000000088000000, 0x0000000088000000, 0x0000000088100000|  0%| F|  |TAMS 0x0000000088000000, 0x0000000088000000| Untracked 
| 129|0x0000000088100000, 0x0000000088100000, 0x0000000088200000|  0%| F|  |TAMS 0x0000000088100000, 0x0000000088100000| Untracked 
| 130|0x0000000088200000, 0x0000000088200000, 0x0000000088300000|  0%| F|  |TAMS 0x0000000088200000, 0x0000000088200000| Untracked 
| 131|0x0000000088300000, 0x0000000088300000, 0x0000000088400000|  0%| F|  |TAMS 0x0000000088300000, 0x0000000088300000| Untracked 
| 132|0x0000000088400000, 0x0000000088400000, 0x0000000088500000|  0%| F|  |TAMS 0x0000000088400000, 0x0000000088400000| Untracked 
| 133|0x0000000088500000, 0x0000000088500000, 0x0000000088600000|  0%| F|  |TAMS 0x0000000088500000, 0x0000000088500000| Untracked 
| 134|0x0000000088600000, 0x0000000088600000, 0x0000000088700000|  0%| F|  |TAMS 0x0000000088600000, 0x0000000088600000| Untracked 
| 135|0x0000000088700000, 0x0000000088700000, 0x0000000088800000|  0%| F|  |TAMS 0x0000000088700000, 0x0000000088700000| Untracked 
| 136|0x0000000088800000, 0x0000000088800000, 0x0000000088900000|  0%| F|  |TAMS 0x0000000088800000, 0x0000000088800000| Untracked 
| 137|0x0000000088900000, 0x0000000088900000, 0x0000000088a00000|  0%| F|  |TAMS 0x0000000088900000, 0x0000000088900000| Untracked 
| 138|0x0000000088a00000, 0x0000000088a00000, 0x0000000088b00000|  0%| F|  |TAMS 0x0000000088a00000, 0x0000000088a00000| Untracked 
| 139|0x0000000088b00000, 0x0000000088b00000, 0x0000000088c00000|  0%| F|  |TAMS 0x0000000088b00000, 0x0000000088b00000| Untracked 
| 140|0x0000000088c00000, 0x0000000088c00000, 0x0000000088d00000|  0%| F|  |TAMS 0x0000000088c00000, 0x0000000088c00000| Untracked 
| 141|0x0000000088d00000, 0x0000000088d00000, 0x0000000088e00000|  0%| F|  |TAMS 0x0000000088d00000, 0x0000000088d00000| Untracked 
| 142|0x0000000088e00000, 0x0000000088e00000, 0x0000000088f00000|  0%| F|  |TAMS 0x0000000088e00000, 0x0000000088e00000| Untracked 
| 143|0x0000000088f00000, 0x0000000088f00000, 0x0000000089000000|  0%| F|  |TAMS 0x0000000088f00000, 0x0000000088f00000| Untracked 
| 144|0x0000000089000000, 0x0000000089000000, 0x0000000089100000|  0%| F|  |TAMS 0x0000000089000000, 0x0000000089000000| Untracked 
| 145|0x0000000089100000, 0x0000000089100000, 0x0000000089200000|  0%| F|  |TAMS 0x0000000089100000, 0x0000000089100000| Untracked 
| 146|0x0000000089200000, 0x0000000089200000, 0x0000000089300000|  0%| F|  |TAMS 0x0000000089200000, 0x0000000089200000| Untracked 
| 147|0x0000000089300000, 0x0000000089300000, 0x0000000089400000|  0%| F|  |TAMS 0x0000000089300000, 0x0000000089300000| Untracked 
| 148|0x0000000089400000, 0x0000000089400000, 0x0000000089500000|  0%| F|  |TAMS 0x0000000089400000, 0x0000000089400000| Untracked 
| 149|0x0000000089500000, 0x0000000089500000, 0x0000000089600000|  0%| F|  |TAMS 0x0000000089500000, 0x0000000089500000| Untracked 
| 150|0x0000000089600000, 0x0000000089600000, 0x0000000089700000|  0%| F|  |TAMS 0x0000000089600000, 0x0000000089600000| Untracked 
| 151|0x0000000089700000, 0x0000000089700000, 0x0000000089800000|  0%| F|  |TAMS 0x0000000089700000, 0x0000000089700000| Untracked 
| 152|0x0000000089800000, 0x0000000089800000, 0x0000000089900000|  0%| F|  |TAMS 0x0000000089800000, 0x0000000089800000| Untracked 
| 153|0x0000000089900000, 0x0000000089900000, 0x0000000089a00000|  0%| F|  |TAMS 0x0000000089900000, 0x0000000089900000| Untracked 

Card table byte_map: [0x000001d574560000,0x000001d574960000] _byte_map_base: 0x000001d574160000

Marking Bits (Prev, Next): (CMBitMap*) 0x000001d56e588fd8, (CMBitMap*) 0x000001d56e589010
 Prev Bits: [0x000001d574d60000, 0x000001d576d60000)
 Next Bits: [0x000001d576d60000, 0x000001d578d60000)

Polling page: 0x000001d56e630000

Metaspace:

Usage:
  Non-class:     62.07 MB capacity,    60.93 MB ( 98%) used,  1008.21 KB (  2%) free+waste,   159.38 KB ( <1%) overhead. 
      Class:      9.61 MB capacity,     9.05 MB ( 94%) used,   497.58 KB (  5%) free+waste,    74.94 KB ( <1%) overhead. 
       Both:     71.69 MB capacity,    69.99 MB ( 98%) used,     1.47 MB (  2%) free+waste,   234.31 KB ( <1%) overhead. 

Virtual space:
  Non-class space:       64.00 MB reserved,      62.18 MB ( 97%) committed 
      Class space:        1.00 GB reserved,       9.70 MB ( <1%) committed 
             Both:        1.06 GB reserved,      71.88 MB (  7%) committed 

Chunk freelists:
   Non-Class:  40.00 KB
       Class:  12.00 KB
        Both:  52.00 KB

MaxMetaspaceSize: 17179869184.00 GB
CompressedClassSpaceSize: 1.00 GB

CodeHeap 'non-profiled nmethods': size=120000Kb used=4075Kb max_used=4075Kb free=115924Kb
 bounds [0x000001d507ad0000, 0x000001d507ed0000, 0x000001d50f000000]
CodeHeap 'profiled nmethods': size=120000Kb used=13766Kb max_used=13766Kb free=106233Kb
 bounds [0x000001d5005a0000, 0x000001d501320000, 0x000001d507ad0000]
CodeHeap 'non-nmethods': size=5760Kb used=2245Kb max_used=2299Kb free=3514Kb
 bounds [0x000001d500000000, 0x000001d500270000, 0x000001d5005a0000]
 total_blobs=7100 nmethods=6268 adapters=743
 compilation: enabled
              stopped_count=0, restarted_count=0
 full_count=0

Compilation events (20 events):
Event: 11.832 Thread 0x000001d57c1bb800 6515       3       org.objectweb.asm.ClassReader::readConst (276 bytes)
Event: 11.834 Thread 0x000001d57c1bb800 nmethod 6515 0x000001d501303b90 code [0x000001d5013040a0, 0x000001d501306a98]
Event: 11.834 Thread 0x000001d57c1bb800 6516       3       org.objectweb.asm.MethodWriter::computeMethodInfoSize (571 bytes)
Event: 11.836 Thread 0x000001d57c1bb800 nmethod 6516 0x000001d501307b10 code [0x000001d501307e60, 0x000001d501308e68]
Event: 11.836 Thread 0x000001d57c1bb800 6517       3       org.objectweb.asm.MethodWriter::visitFrame (811 bytes)
Event: 11.838 Thread 0x000001d57c1bb800 nmethod 6517 0x000001d501309590 code [0x000001d501309aa0, 0x000001d50130bb88]
Event: 11.838 Thread 0x000001d57c1bb800 6511       3       sun.nio.fs.WindowsPath::equals (30 bytes)
Event: 11.838 Thread 0x000001d57c1bb800 nmethod 6511 0x000001d50130ca90 code [0x000001d50130cc60, 0x000001d50130d0e8]
Event: 11.841 Thread 0x000001d57c1bb800 6518   !   3       jdk.internal.reflect.GeneratedConstructorAccessor12::newInstance (77 bytes)
Event: 11.842 Thread 0x000001d57c1bb800 nmethod 6518 0x000001d50130d190 code [0x000001d50130d420, 0x000001d50130e098]
Event: 11.847 Thread 0x000001d57c1bb800 6519       3       org.objectweb.asm.MethodWriter::canCopyMethodAttributes (163 bytes)
Event: 11.848 Thread 0x000001d57c1bb800 nmethod 6519 0x000001d50130e610 code [0x000001d50130e820, 0x000001d50130ef58]
Event: 11.848 Thread 0x000001d57c1bb800 6520       3       org.objectweb.asm.ClassReader::readStackMapFrame (535 bytes)
Event: 11.850 Thread 0x000001d57c1bb800 nmethod 6520 0x000001d50130f210 code [0x000001d50130f4e0, 0x000001d501310698]
Event: 11.850 Thread 0x000001d57c1bb800 6521       3       org.objectweb.asm.ClassReader::readVerificationTypeInfo (184 bytes)
Event: 11.851 Thread 0x000001d57c1bb800 nmethod 6521 0x000001d501310d90 code [0x000001d5013110e0, 0x000001d501312be8]
Event: 11.852 Thread 0x000001d57c1bb800 6522       3       org.objectweb.asm.ClassVisitor::<init> (82 bytes)
Event: 11.853 Thread 0x000001d57c1bb800 nmethod 6522 0x000001d501313510 code [0x000001d5013137a0, 0x000001d501314248]
Event: 11.853 Thread 0x000001d57c1bb800 6523       3       java.util.stream.ReduceOps$3ReducingSink::accept (15 bytes)
Event: 11.854 Thread 0x000001d57c1bb800 nmethod 6523 0x000001d501314590 code [0x000001d501314740, 0x000001d501314908]

GC Heap History (20 events):
Event: 6.156 GC heap after
{Heap after GC invocations=7 (full 0):
 garbage-first heap   total 131072K, used 32762K [0x0000000080000000, 0x0000000100000000)
  region size 1024K, 7 young (7168K), 7 survivors (7168K)
 Metaspace       used 32734K, capacity 33491K, committed 33536K, reserved 1079296K
  class space    used 4311K, capacity 4570K, committed 4608K, reserved 1048576K
}
Event: 6.290 GC heap before
{Heap before GC invocations=7 (full 0):
 garbage-first heap   total 131072K, used 36858K [0x0000000080000000, 0x0000000100000000)
  region size 1024K, 12 young (12288K), 7 survivors (7168K)
 Metaspace       used 35009K, capacity 35803K, committed 35840K, reserved 1081344K
  class space    used 4546K, capacity 4830K, committed 4864K, reserved 1048576K
}
Event: 6.300 GC heap after
{Heap after GC invocations=8 (full 0):
 garbage-first heap   total 157696K, used 34419K [0x0000000080000000, 0x0000000100000000)
  region size 1024K, 6 young (6144K), 6 survivors (6144K)
 Metaspace       used 35009K, capacity 35803K, committed 35840K, reserved 1081344K
  class space    used 4546K, capacity 4830K, committed 4864K, reserved 1048576K
}
Event: 7.059 GC heap before
{Heap before GC invocations=9 (full 0):
 garbage-first heap   total 157696K, used 87667K [0x0000000080000000, 0x0000000100000000)
  region size 1024K, 52 young (53248K), 6 survivors (6144K)
 Metaspace       used 40073K, capacity 40945K, committed 41164K, reserved 1085440K
  class space    used 5144K, capacity 5480K, committed 5580K, reserved 1048576K
}
Event: 7.066 GC heap after
{Heap after GC invocations=10 (full 0):
 garbage-first heap   total 157696K, used 42088K [0x0000000080000000, 0x0000000100000000)
  region size 1024K, 5 young (5120K), 5 survivors (5120K)
 Metaspace       used 40073K, capacity 40945K, committed 41164K, reserved 1085440K
  class space    used 5144K, capacity 5480K, committed 5580K, reserved 1048576K
}
Event: 7.629 GC heap before
{Heap before GC invocations=10 (full 0):
 garbage-first heap   total 157696K, used 93288K [0x0000000080000000, 0x0000000100000000)
  region size 1024K, 52 young (53248K), 5 survivors (5120K)
 Metaspace       used 43831K, capacity 44956K, committed 45260K, reserved 1089536K
  class space    used 5608K, capacity 5978K, committed 6092K, reserved 1048576K
}
Event: 7.637 GC heap after
{Heap after GC invocations=11 (full 0):
 garbage-first heap   total 157696K, used 48957K [0x0000000080000000, 0x0000000100000000)
  region size 1024K, 7 young (7168K), 7 survivors (7168K)
 Metaspace       used 43831K, capacity 44956K, committed 45260K, reserved 1089536K
  class space    used 5608K, capacity 5978K, committed 6092K, reserved 1048576K
}
Event: 8.389 GC heap before
{Heap before GC invocations=11 (full 0):
 garbage-first heap   total 157696K, used 97085K [0x0000000080000000, 0x0000000100000000)
  region size 1024K, 55 young (56320K), 7 survivors (7168K)
 Metaspace       used 46820K, capacity 48161K, committed 48204K, reserved 1091584K
  class space    used 6024K, capacity 6444K, committed 6476K, reserved 1048576K
}
Event: 8.406 GC heap after
{Heap after GC invocations=12 (full 0):
 garbage-first heap   total 157696K, used 52134K [0x0000000080000000, 0x0000000100000000)
  region size 1024K, 3 young (3072K), 3 survivors (3072K)
 Metaspace       used 46820K, capacity 48161K, committed 48204K, reserved 1091584K
  class space    used 6024K, capacity 6444K, committed 6476K, reserved 1048576K
}
Event: 8.982 GC heap before
{Heap before GC invocations=12 (full 0):
 garbage-first heap   total 157696K, used 109478K [0x0000000080000000, 0x0000000100000000)
  region size 1024K, 53 young (54272K), 3 survivors (3072K)
 Metaspace       used 51108K, capacity 52635K, committed 52812K, reserved 1095680K
  class space    used 6517K, capacity 6972K, committed 6988K, reserved 1048576K
}
Event: 8.987 GC heap after
{Heap after GC invocations=13 (full 0):
 garbage-first heap   total 157696K, used 67144K [0x0000000080000000, 0x0000000100000000)
  region size 1024K, 7 young (7168K), 7 survivors (7168K)
 Metaspace       used 51108K, capacity 52635K, committed 52812K, reserved 1095680K
  class space    used 6517K, capacity 6972K, committed 6988K, reserved 1048576K
}
Event: 9.876 GC heap before
{Heap before GC invocations=13 (full 0):
 garbage-first heap   total 157696K, used 112200K [0x0000000080000000, 0x0000000100000000)
  region size 1024K, 51 young (52224K), 7 survivors (7168K)
 Metaspace       used 57814K, capacity 59411K, committed 59724K, reserved 1101824K
  class space    used 7379K, capacity 7906K, committed 8012K, reserved 1048576K
}
Event: 9.885 GC heap after
{Heap after GC invocations=14 (full 0):
 garbage-first heap   total 157696K, used 70111K [0x0000000080000000, 0x0000000100000000)
  region size 1024K, 3 young (3072K), 3 survivors (3072K)
 Metaspace       used 57814K, capacity 59411K, committed 59724K, reserved 1101824K
  class space    used 7379K, capacity 7906K, committed 8012K, reserved 1048576K
}
Event: 9.993 GC heap before
{Heap before GC invocations=14 (full 0):
 garbage-first heap   total 157696K, used 81375K [0x0000000080000000, 0x0000000100000000)
  region size 1024K, 16 young (16384K), 3 survivors (3072K)
 Metaspace       used 58485K, capacity 60139K, committed 60288K, reserved 1101824K
  class space    used 7475K, capacity 8039K, committed 8140K, reserved 1048576K
}
Event: 9.999 GC heap after
{Heap after GC invocations=15 (full 0):
 garbage-first heap   total 157696K, used 71316K [0x0000000080000000, 0x0000000100000000)
  region size 1024K, 4 young (4096K), 4 survivors (4096K)
 Metaspace       used 58485K, capacity 60139K, committed 60288K, reserved 1101824K
  class space    used 7475K, capacity 8039K, committed 8140K, reserved 1048576K
}
Event: 10.775 GC heap before
{Heap before GC invocations=16 (full 0):
 garbage-first heap   total 157696K, used 118420K [0x0000000080000000, 0x0000000100000000)
  region size 1024K, 49 young (50176K), 4 survivors (4096K)
 Metaspace       used 63130K, capacity 64668K, committed 64896K, reserved 1105920K
  class space    used 8023K, capacity 8536K, committed 8652K, reserved 1048576K
}
Event: 10.783 GC heap after
{Heap after GC invocations=17 (full 0):
 garbage-first heap   total 157696K, used 73789K [0x0000000080000000, 0x0000000100000000)
  region size 1024K, 5 young (5120K), 5 survivors (5120K)
 Metaspace       used 63130K, capacity 64668K, committed 64896K, reserved 1105920K
  class space    used 8023K, capacity 8536K, committed 8652K, reserved 1048576K
}
Event: 11.256 GC heap before
{Heap before GC invocations=18 (full 0):
 garbage-first heap   total 157696K, used 119869K [0x0000000080000000, 0x0000000100000000)
  region size 1024K, 50 young (51200K), 5 survivors (5120K)
 Metaspace       used 66190K, capacity 67939K, committed 68224K, reserved 1107968K
  class space    used 8472K, capacity 9030K, committed 9164K, reserved 1048576K
}
Event: 11.263 GC heap after
{Heap after GC invocations=19 (full 0):
 garbage-first heap   total 157696K, used 77977K [0x0000000080000000, 0x0000000100000000)
  region size 1024K, 7 young (7168K), 7 survivors (7168K)
 Metaspace       used 66190K, capacity 67939K, committed 68224K, reserved 1107968K
  class space    used 8472K, capacity 9030K, committed 9164K, reserved 1048576K
}
Event: 11.861 GC heap before
{Heap before GC invocations=19 (full 0):
 garbage-first heap   total 157696K, used 123033K [0x0000000080000000, 0x0000000100000000)
  region size 1024K, 51 young (52224K), 7 survivors (7168K)
 Metaspace       used 71667K, capacity 73408K, committed 73600K, reserved 1114112K
  class space    used 9271K, capacity 9844K, committed 9932K, reserved 1048576K
}

Deoptimization events (20 events):
Event: 11.683 Thread 0x000001d57d65c000 DEOPT PACKING pc=0x000001d500f554e3 sp=0x0000001c7eaf8a90
Event: 11.683 Thread 0x000001d57d65c000 DEOPT UNPACKING pc=0x000001d5000272ce sp=0x0000001c7eaf7f40 mode 0
Event: 11.684 Thread 0x000001d57d65c000 DEOPT PACKING pc=0x000001d500f554e3 sp=0x0000001c7eaf8a90
Event: 11.684 Thread 0x000001d57d65c000 DEOPT UNPACKING pc=0x000001d5000272ce sp=0x0000001c7eaf7f40 mode 0
Event: 11.684 Thread 0x000001d57d65c000 DEOPT PACKING pc=0x000001d500f554e3 sp=0x0000001c7eaf8a90
Event: 11.684 Thread 0x000001d57d65c000 DEOPT UNPACKING pc=0x000001d5000272ce sp=0x0000001c7eaf7f40 mode 0
Event: 11.702 Thread 0x000001d57d65c000 Uncommon trap: trap_request=0xffffff4d fr.pc=0x000001d507e96d64 relative=0x0000000000000584
Event: 11.702 Thread 0x000001d57d65c000 Uncommon trap: reason=unstable_if action=reinterpret pc=0x000001d507e96d64 method=java.lang.String.regionMatches(ZILjava/lang/String;II)Z @ 52 c2
Event: 11.702 Thread 0x000001d57d65c000 DEOPT PACKING pc=0x000001d507e96d64 sp=0x0000001c7eaf9480
Event: 11.702 Thread 0x000001d57d65c000 DEOPT UNPACKING pc=0x000001d5000274af sp=0x0000001c7eaf9430 mode 2
Event: 11.790 Thread 0x000001d57d65c000 DEOPT PACKING pc=0x000001d500d22ff1 sp=0x0000001c7eaf8df0
Event: 11.790 Thread 0x000001d57d65c000 DEOPT UNPACKING pc=0x000001d5000272ce sp=0x0000001c7eaf82e8 mode 0
Event: 11.826 Thread 0x000001d57d65c000 Uncommon trap: trap_request=0xffffff4d fr.pc=0x000001d507ea752c relative=0x000000000000054c
Event: 11.827 Thread 0x000001d57d65c000 Uncommon trap: reason=unstable_if action=reinterpret pc=0x000001d507ea752c method=org.objectweb.asm.Handler.getExceptionTableLength(Lorg/objectweb/asm/Handler;)I @ 5 c2
Event: 11.827 Thread 0x000001d57d65c000 DEOPT PACKING pc=0x000001d507ea752c sp=0x0000001c7eaf7920
Event: 11.827 Thread 0x000001d57d65c000 DEOPT UNPACKING pc=0x000001d5000274af sp=0x0000001c7eaf77c8 mode 2
Event: 11.827 Thread 0x000001d57d65c000 Uncommon trap: trap_request=0xffffff4d fr.pc=0x000001d507eb1e70 relative=0x0000000000001ad0
Event: 11.827 Thread 0x000001d57d65c000 Uncommon trap: reason=unstable_if action=reinterpret pc=0x000001d507eb1e70 method=org.objectweb.asm.Handler.getExceptionTableLength(Lorg/objectweb/asm/Handler;)I @ 5 c2
Event: 11.827 Thread 0x000001d57d65c000 DEOPT PACKING pc=0x000001d507eb1e70 sp=0x0000001c7eaf78d0
Event: 11.827 Thread 0x000001d57d65c000 DEOPT UNPACKING pc=0x000001d5000274af sp=0x0000001c7eaf77a0 mode 2

Classes redefined (0 events):
No events

Internal exceptions (20 events):
Event: 10.978 Thread 0x000001d57d65c000 Exception <a 'java/lang/ClassNotFoundException'{0x000000008818c390}: org/jetbrains/kotlin/gradle/dsl/KotlinJvmOptionsImplCustomizer> (0x000000008818c390) thrown at [./src/hotspot/share/classfile/systemDictionary.cpp, line 231]
Event: 11.552 Thread 0x000001d57d65c000 Exception <a 'java/lang/ClassNotFoundException'{0x0000000088675b58}: com/android/build/gradle/internal/api/ApkVariantOutputImpl_DecoratedBeanInfo> (0x0000000088675b58) thrown at [./src/hotspot/share/classfile/systemDictionary.cpp, line 231]
Event: 11.553 Thread 0x000001d57d65c000 Exception <a 'java/lang/ClassNotFoundException'{0x000000008868d130}: com/android/build/gradle/internal/api/ApkVariantOutputImplBeanInfo> (0x000000008868d130) thrown at [./src/hotspot/share/classfile/systemDictionary.cpp, line 231]
Event: 11.553 Thread 0x000001d57d65c000 Exception <a 'java/lang/ClassNotFoundException'{0x00000000886a4b90}: com/android/build/gradle/internal/api/BaseVariantOutputImplBeanInfo> (0x00000000886a4b90) thrown at [./src/hotspot/share/classfile/systemDictionary.cpp, line 231]
Event: 11.554 Thread 0x000001d57d65c000 Exception <a 'java/lang/ClassNotFoundException'{0x00000000886bc618}: com/android/build/gradle/internal/api/BaseVariantOutputImplCustomizer> (0x00000000886bc618) thrown at [./src/hotspot/share/classfile/systemDictionary.cpp, line 231]
Event: 11.555 Thread 0x000001d57d65c000 Exception <a 'java/lang/ClassNotFoundException'{0x00000000886e6778}: com/android/build/gradle/internal/api/ApkVariantOutputImplCustomizer> (0x00000000886e6778) thrown at [./src/hotspot/share/classfile/systemDictionary.cpp, line 231]
Event: 11.556 Thread 0x000001d57d65c000 Exception <a 'java/lang/ClassNotFoundException'{0x000000008850cec0}: com/android/build/gradle/internal/api/ApkVariantOutputImpl_DecoratedCustomizer> (0x000000008850cec0) thrown at [./src/hotspot/share/classfile/systemDictionary.cpp, line 231]
Event: 11.572 Thread 0x000001d57d65c000 Exception <a 'java/lang/ClassNotFoundException'{0x0000000088475588}: com/android/build/gradle/internal/api/ReadOnlyBuildTypeBeanInfo> (0x0000000088475588) thrown at [./src/hotspot/share/classfile/systemDictionary.cpp, line 231]
Event: 11.572 Thread 0x000001d57d65c000 Exception <a 'java/lang/ClassNotFoundException'{0x000000008848c3f8}: com/android/build/gradle/internal/api/ReadOnlyBaseConfigBeanInfo> (0x000000008848c3f8) thrown at [./src/hotspot/share/classfile/systemDictionary.cpp, line 231]
Event: 11.573 Thread 0x000001d57d65c000 Exception <a 'java/lang/ClassNotFoundException'{0x00000000884a3738}: com/android/build/gradle/internal/api/ReadOnlyBaseConfigCustomizer> (0x00000000884a3738) thrown at [./src/hotspot/share/classfile/systemDictionary.cpp, line 231]
Event: 11.574 Thread 0x000001d57d65c000 Exception <a 'java/lang/ClassNotFoundException'{0x00000000884cab00}: com/android/build/gradle/internal/api/ReadOnlyBuildTypeCustomizer> (0x00000000884cab00) thrown at [./src/hotspot/share/classfile/systemDictionary.cpp, line 231]
Event: 11.770 Thread 0x000001d57d65c000 Exception <a 'java/lang/ClassNotFoundException'{0x00000000877e01b0}: org/jetbrains/plugins/gradle/model/web/WebConfigurationBeanInfo> (0x00000000877e01b0) thrown at [./src/hotspot/share/classfile/systemDictionary.cpp, line 231]
Event: 11.770 Thread 0x000001d57d65c000 Exception <a 'java/lang/ClassNotFoundException'{0x00000000877eed30}: org/jetbrains/plugins/gradle/model/web/WebConfigurationCustomizer> (0x00000000877eed30) thrown at [./src/hotspot/share/classfile/systemDictionary.cpp, line 231]
Event: 11.771 Thread 0x000001d57d65c000 Exception <a 'java/lang/SecurityException'{0x00000000877ffd18}> (0x00000000877ffd18) thrown at [./src/hotspot/share/prims/jvm.cpp, line 1301]
Event: 11.772 Thread 0x000001d57d65c000 Exception <a 'java/lang/ClassNotFoundException'{0x000000008761b900}: java/lang/ClassBeanInfo> (0x000000008761b900) thrown at [./src/hotspot/share/classfile/systemDictionary.cpp, line 231]
Event: 11.772 Thread 0x000001d57d65c000 Exception <a 'java/lang/ClassNotFoundException'{0x0000000087622c00}: java/lang/ClassCustomizer> (0x0000000087622c00) thrown at [./src/hotspot/share/classfile/systemDictionary.cpp, line 231]
Event: 11.778 Thread 0x000001d57d65c000 Exception <a 'java/lang/ClassNotFoundException'{0x00000000876a6218}: org/jetbrains/plugins/gradle/model/scala/ScalaModelBeanInfo> (0x00000000876a6218) thrown at [./src/hotspot/share/classfile/systemDictionary.cpp, line 231]
Event: 11.778 Thread 0x000001d57d65c000 Exception <a 'java/lang/ClassNotFoundException'{0x00000000876b4cb8}: org/jetbrains/plugins/gradle/model/scala/ScalaModelCustomizer> (0x00000000876b4cb8) thrown at [./src/hotspot/share/classfile/systemDictionary.cpp, line 231]
Event: 11.781 Thread 0x000001d57d65c000 Exception <a 'java/lang/ClassNotFoundException'{0x00000000875a10e8}: java/lang/StringBeanInfo> (0x00000000875a10e8) thrown at [./src/hotspot/share/classfile/systemDictionary.cpp, line 231]
Event: 11.781 Thread 0x000001d57d65c000 Exception <a 'java/lang/ClassNotFoundException'{0x00000000875a8708}: java/lang/StringCustomizer> (0x00000000875a8708) thrown at [./src/hotspot/share/classfile/systemDictionary.cpp, line 231]

Events (20 events):
Event: 11.855 loading class org/gradle/plugins/ide/internal/configurer/HierarchicalElementDeduplicator$StatefulDeduplicator done
Event: 11.856 loading class org/gradle/plugins/ide/internal/configurer/HierarchicalElementDeduplicator$StatefulDeduplicator$1
Event: 11.856 loading class org/gradle/plugins/ide/internal/configurer/HierarchicalElementDeduplicator$StatefulDeduplicator$1 done
Event: 11.857 loading class com/google/common/collect/AbstractMapBasedMultimap$AsMap$AsMapEntries
Event: 11.857 loading class com/google/common/collect/AbstractMapBasedMultimap$AsMap$AsMapEntries done
Event: 11.857 loading class com/google/common/collect/Maps$EntrySet
Event: 11.857 loading class com/google/common/collect/Maps$EntrySet done
Event: 11.858 loading class com/google/common/collect/AbstractMapBasedMultimap$AsMap$AsMapIterator
Event: 11.858 loading class com/google/common/collect/AbstractMapBasedMultimap$AsMap$AsMapIterator done
Event: 11.859 loading class org/gradle/plugins/ide/idea/IdeaPlugin$12
Event: 11.859 loading class org/gradle/plugins/ide/idea/IdeaPlugin$12 done
Event: 11.859 loading class org/gradle/plugins/ide/idea/IdeaPlugin$13
Event: 11.859 loading class org/gradle/plugins/ide/idea/IdeaPlugin$13 done
Event: 11.860 loading class org/gradle/plugins/ide/idea/IdeaPlugin$14
Event: 11.860 loading class org/gradle/plugins/ide/idea/IdeaPlugin$14 done
Event: 11.860 loading class org/gradle/plugins/ide/idea/IdeaPlugin$15
Event: 11.860 loading class org/gradle/plugins/ide/idea/IdeaPlugin$15 done
Event: 11.860 loading class org/gradle/plugins/ide/idea/IdeaPlugin$16
Event: 11.860 loading class org/gradle/plugins/ide/idea/IdeaPlugin$16 done
Event: 11.861 Executing VM operation: G1CollectForAllocation


Dynamic libraries:
0x00007ff636f50000 - 0x00007ff636f5a000 	C:\Program Files\Android\Android Studio1\jre\bin\java.exe
0x00007ffa0fb90000 - 0x00007ffa0fd85000 	C:\WINDOWS\SYSTEM32\ntdll.dll
0x00007ffa0ef40000 - 0x00007ffa0effd000 	C:\WINDOWS\System32\KERNEL32.DLL
0x00007ffa0d6f0000 - 0x00007ffa0d9b9000 	C:\WINDOWS\System32\KERNELBASE.dll
0x00007ffa0d550000 - 0x00007ffa0d650000 	C:\WINDOWS\System32\ucrtbase.dll
0x00007ffa05c00000 - 0x00007ffa05c19000 	C:\Program Files\Android\Android Studio1\jre\bin\jli.dll
0x00007ffa05be0000 - 0x00007ffa05bf7000 	C:\Program Files\Android\Android Studio1\jre\bin\VCRUNTIME140.dll
0x00007ffa0dcf0000 - 0x00007ffa0de90000 	C:\WINDOWS\System32\USER32.dll
0x00007ffa0d2d0000 - 0x00007ffa0d2f2000 	C:\WINDOWS\System32\win32u.dll
0x00007ffa0ea80000 - 0x00007ffa0eaaa000 	C:\WINDOWS\System32\GDI32.dll
0x00007ffa0d360000 - 0x00007ffa0d46b000 	C:\WINDOWS\System32\gdi32full.dll
0x00007ff9f9df0000 - 0x00007ff9fa08a000 	C:\WINDOWS\WinSxS\amd64_microsoft.windows.common-controls_6595b64144ccf1df_6.0.19041.1110_none_60b5254171f9507e\COMCTL32.dll
0x00007ffa0d650000 - 0x00007ffa0d6ed000 	C:\WINDOWS\System32\msvcp_win.dll
0x00007ffa0f010000 - 0x00007ffa0f0ae000 	C:\WINDOWS\System32\msvcrt.dll
0x00007ffa0ee60000 - 0x00007ffa0ee90000 	C:\WINDOWS\System32\IMM32.DLL
0x00007ff9d65f0000 - 0x00007ff9d668d000 	C:\Program Files\Android\Android Studio1\jre\bin\msvcp140.dll
0x00007ff9ba910000 - 0x00007ff9bb3cc000 	C:\Program Files\Android\Android Studio1\jre\bin\server\jvm.dll
0x00007ffa0ee90000 - 0x00007ffa0ef3c000 	C:\WINDOWS\System32\ADVAPI32.dll
0x00007ffa0e7b0000 - 0x00007ffa0e84b000 	C:\WINDOWS\System32\sechost.dll
0x00007ffa0e210000 - 0x00007ffa0e33a000 	C:\WINDOWS\System32\RPCRT4.dll
0x00007ffa0ed10000 - 0x00007ffa0ed18000 	C:\WINDOWS\System32\PSAPI.DLL
0x00007ffa05b70000 - 0x00007ffa05b79000 	C:\WINDOWS\SYSTEM32\WSOCK32.dll
0x00007ffa04a60000 - 0x00007ffa04a6a000 	C:\WINDOWS\SYSTEM32\VERSION.dll
0x00007ffa02310000 - 0x00007ffa02337000 	C:\WINDOWS\SYSTEM32\WINMM.dll
0x00007ffa0e9a0000 - 0x00007ffa0ea0b000 	C:\WINDOWS\System32\WS2_32.dll
0x00007ffa0bb90000 - 0x00007ffa0bba2000 	C:\WINDOWS\SYSTEM32\kernel.appcore.dll
0x00007ffa058b0000 - 0x00007ffa058c1000 	C:\Program Files\Android\Android Studio1\jre\bin\verify.dll
0x00007ffa0afb0000 - 0x00007ffa0b194000 	C:\WINDOWS\SYSTEM32\DBGHELP.DLL
0x00007ff9fbe70000 - 0x00007ff9fbe9c000 	C:\WINDOWS\SYSTEM32\dbgcore.DLL
0x00007ffa0d4c0000 - 0x00007ffa0d543000 	C:\WINDOWS\System32\bcryptPrimitives.dll
0x00007ffa05880000 - 0x00007ffa058a9000 	C:\Program Files\Android\Android Studio1\jre\bin\java.dll
0x00007ffa07860000 - 0x00007ffa0786b000 	C:\Program Files\Android\Android Studio1\jre\bin\jimage.dll
0x00007ffa01800000 - 0x00007ffa01818000 	C:\Program Files\Android\Android Studio1\jre\bin\zip.dll
0x00007ffa0f0b0000 - 0x00007ffa0f7ef000 	C:\WINDOWS\System32\SHELL32.dll
0x00007ffa0b3e0000 - 0x00007ffa0bb71000 	C:\WINDOWS\SYSTEM32\windows.storage.dll
0x00007ffa0f7f0000 - 0x00007ffa0fb45000 	C:\WINDOWS\System32\combase.dll
0x00007ffa0cd40000 - 0x00007ffa0cd6c000 	C:\WINDOWS\SYSTEM32\Wldp.dll
0x00007ffa0de90000 - 0x00007ffa0df3e000 	C:\WINDOWS\System32\SHCORE.dll
0x00007ffa0ea10000 - 0x00007ffa0ea65000 	C:\WINDOWS\System32\shlwapi.dll
0x00007ffa0d210000 - 0x00007ffa0d22f000 	C:\WINDOWS\SYSTEM32\profapi.dll
0x00007ffa017e0000 - 0x00007ffa017fa000 	C:\Program Files\Android\Android Studio1\jre\bin\net.dll
0x00007ffa014f0000 - 0x00007ffa015fa000 	C:\WINDOWS\SYSTEM32\WINHTTP.dll
0x00007ffa0ca30000 - 0x00007ffa0ca9a000 	C:\WINDOWS\system32\mswsock.dll
0x00007ffa00c50000 - 0x00007ffa00c64000 	C:\Program Files\Android\Android Studio1\jre\bin\nio.dll
0x00007ff9fb720000 - 0x00007ff9fb747000 	C:\Users\Dark Knight\.gradle\native\fdc75f09e3144964f2cf3f50f0aa648679c211496f362492102eb8c894070792\windows-amd64\native-platform.dll
0x00007ff9c1c60000 - 0x00007ff9c1df6000 	C:\Users\Dark Knight\.gradle\native\12488b8bf47d2d4c9fbf2f6322a914ad602e24e48041cd04a747c6da556b65c4\windows-amd64\native-platform-file-events.dll
0x00007ffa07580000 - 0x00007ffa0758a000 	C:\Program Files\Android\Android Studio1\jre\bin\management.dll
0x00007ffa06840000 - 0x00007ffa0684c000 	C:\Program Files\Android\Android Studio1\jre\bin\management_ext.dll
0x00007ffa0cc40000 - 0x00007ffa0cc58000 	C:\WINDOWS\SYSTEM32\CRYPTSP.dll
0x00007ffa0c370000 - 0x00007ffa0c3a4000 	C:\WINDOWS\system32\rsaenh.dll
0x00007ffa0da70000 - 0x00007ffa0da97000 	C:\WINDOWS\System32\bcrypt.dll
0x00007ffa0d1d0000 - 0x00007ffa0d1fe000 	C:\WINDOWS\SYSTEM32\USERENV.dll
0x00007ffa0cc30000 - 0x00007ffa0cc3c000 	C:\WINDOWS\SYSTEM32\CRYPTBASE.dll
0x00007ffa0c720000 - 0x00007ffa0c75b000 	C:\WINDOWS\SYSTEM32\IPHLPAPI.DLL
0x00007ffa0f000000 - 0x00007ffa0f008000 	C:\WINDOWS\System32\NSI.dll
0x00007ffa034e0000 - 0x00007ffa034f7000 	C:\WINDOWS\SYSTEM32\dhcpcsvc6.DLL
0x00007ffa03da0000 - 0x00007ffa03dbd000 	C:\WINDOWS\SYSTEM32\dhcpcsvc.DLL
0x00007ffa0c760000 - 0x00007ffa0c82c000 	C:\WINDOWS\SYSTEM32\DNSAPI.dll
0x00007ffa04a70000 - 0x00007ffa04a7b000 	C:\WINDOWS\SYSTEM32\WINNSI.DLL

dbghelp: loaded successfully - version: 4.0.5 - missing functions: none
symbol engine: initialized successfully - sym options: 0x614 - pdb path: .;C:\Program Files\Android\Android Studio1\jre\bin;C:\WINDOWS\SYSTEM32;C:\WINDOWS\WinSxS\amd64_microsoft.windows.common-controls_6595b64144ccf1df_6.0.19041.1110_none_60b5254171f9507e;C:\Program Files\Android\Android Studio1\jre\bin\server;C:\Users\Dark Knight\.gradle\native\fdc75f09e3144964f2cf3f50f0aa648679c211496f362492102eb8c894070792\windows-amd64;C:\Users\Dark Knight\.gradle\native\12488b8bf47d2d4c9fbf2f6322a914ad602e24e48041cd04a747c6da556b65c4\windows-amd64

VM Arguments:
jvm_args: --add-opens=java.base/java.util=ALL-UNNAMED --add-opens=java.base/java.lang=ALL-UNNAMED --add-opens=java.base/java.lang.invoke=ALL-UNNAMED --add-opens=java.prefs/java.util.prefs=ALL-UNNAMED -Xmx2048m -Dfile.encoding=UTF-8 -Duser.country=IN -Duser.language=en -Duser.variant 
java_command: org.gradle.launcher.daemon.bootstrap.GradleDaemon 6.7.1
java_class_path (initial): C:\Users\Dark Knight\.gradle\wrapper\dists\gradle-6.7.1-bin\bwlcbys1h7rz3272sye1xwiv6\gradle-6.7.1\lib\gradle-launcher-6.7.1.jar
Launcher Type: SUN_STANDARD

[Global flags]
     intx CICompilerCount                          = 4                                         {product} {ergonomic}
     uint ConcGCThreads                            = 2                                         {product} {ergonomic}
     uint G1ConcRefinementThreads                  = 8                                         {product} {ergonomic}
   size_t G1HeapRegionSize                         = 1048576                                   {product} {ergonomic}
    uintx GCDrainStackTargetSize                   = 64                                        {product} {ergonomic}
   size_t InitialHeapSize                          = 134217728                                 {product} {ergonomic}
   size_t MarkStackSize                            = 4194304                                   {product} {ergonomic}
   size_t MaxHeapSize                              = 2147483648                                {product} {command line}
   size_t MaxNewSize                               = 1287651328                                {product} {ergonomic}
   size_t MinHeapDeltaBytes                        = 1048576                                   {product} {ergonomic}
    uintx NonNMethodCodeHeapSize                   = 5836300                                {pd product} {ergonomic}
    uintx NonProfiledCodeHeapSize                  = 122910970                              {pd product} {ergonomic}
    uintx ProfiledCodeHeapSize                     = 122910970                              {pd product} {ergonomic}
    uintx ReservedCodeCacheSize                    = 251658240                              {pd product} {ergonomic}
     bool SegmentedCodeCache                       = true                                      {product} {ergonomic}
     bool UseCompressedClassPointers               = true                                 {lp64_product} {ergonomic}
     bool UseCompressedOops                        = true                                 {lp64_product} {ergonomic}
     bool UseG1GC                                  = true                                      {product} {ergonomic}
     bool UseLargePagesIndividualAllocation        = false                                  {pd product} {ergonomic}

Logging:
Log output configuration:
 #0: stdout all=warning uptime,level,tags
 #1: stderr all=off uptime,level,tags

Environment Variables:
PATH=C:\Windows\system32;C:\Windows;C:\Windows\System32\Wbem;C:\Windows\System32\WindowsPowerShell\v1.0\;C:\Windows\System32\OpenSSH\;C:\Program Files (x86)\NVIDIA Corporation\PhysX\Common;C:\Program Files\NVIDIA Corporation\NVIDIA NvDLISR;C:\WINDOWS\system32;C:\WINDOWS;C:\WINDOWS\System32\Wbem;C:\WINDOWS\System32\WindowsPowerShell\v1.0\;C:\WINDOWS\System32\OpenSSH\;C:\MinGW\bin;C:\Program Files\MEGA-X;C:\WINDOWS\system32;C:\WINDOWS;C:\WINDOWS\System32\Wbem;C:\WINDOWS\System32\WindowsPowerShell\v1.0\;C:\WINDOWS\System32\OpenSSH\;C:\Program Files\Git\cmd;C:\Users\Dark Knight\AppData\Local\Microsoft\WindowsApps;C:\Users\Dark Knight\AppData\Local\atom\bin;C:\Program Files (x86)\Microsoft Visual Studio\2019\BuildTools\MSBuild\Current\Bin;C:\Users\Dark Knight\AppData\Local\Microsoft\WindowsApps
USERNAME=Dark Knight
OS=Windows_NT
PROCESSOR_IDENTIFIER=Intel64 Family 6 Model 158 Stepping 10, GenuineIntel



---------------  S Y S T E M  ---------------

OS: Windows 10 , 64 bit Build 19041 (10.0.19041.1023)
OS uptime: 9 days 23:02 hours

CPU:total 8 (initial active 8) (4 cores per cpu, 2 threads per core) family 6 model 158 stepping 10, cmov, cx8, fxsr, mmx, sse, sse2, sse3, ssse3, sse4.1, sse4.2, popcnt, avx, avx2, aes, clmul, erms, 3dnowpref, lzcnt, ht, tsc, tscinvbit, bmi1, bmi2, adx, fma

Memory: 4k page, system-wide physical 8112M (675M free)
TotalPageFile size 12208M (AvailPageFile size 7M)
current process WorkingSet (physical memory assigned to process): 381M, peak: 384M
current process commit charge ("private bytes"): 424M, peak: 450M

vm_info: OpenJDK 64-Bit Server VM (11.0.8+10-b944.6842174) for windows-amd64 JRE (11.0.8+10-b944.6842174), built on Sep 19 2020 01:11:42 by "builder" with MS VC++ 14.0 (VS2015)

END.
