#
# There is insufficient memory for the Java Runtime Environment to continue.
# Native memory allocation (malloc) failed to allocate 2143056 bytes for Chunk::new
# Possible reasons:
#   The system is out of physical RAM or swap space
#   The process is running with CompressedOops enabled, and the Java Heap may be blocking the growth of the native heap
# Possible solutions:
#   Reduce memory load on the system
#   Increase physical memory or swap space
#   Check if swap backing store is full
#   Decrease Java heap size (-Xmx/-Xms)
#   Decrease number of Java threads
#   Decrease Java thread stack sizes (-Xss)
#   Set larger code cache with -XX:ReservedCodeCacheSize=
#   JVM is running with Unscaled Compressed Oops mode in which the Java heap is
#     placed in the first 4GB address space. The Java Heap base address is the
#     maximum limit for the native heap growth. Please use -XX:HeapBaseMinAddress
#     to set the Java Heap base and to place the Java Heap above 4GB virtual address.
# This output file may be truncated or incomplete.
#
#  Out of Memory Error (./src/hotspot/share/memory/arena.cpp:197), pid=20424, tid=24792
#
# JRE version: OpenJDK Runtime Environment (11.0.8+10) (build 11.0.8+10-b944.6842174)
# Java VM: OpenJDK 64-Bit Server VM (11.0.8+10-b944.6842174, mixed mode, tiered, compressed oops, g1 gc, windows-amd64)
# No core dump will be written. Minidumps are not enabled by default on client versions of Windows
#

---------------  S U M M A R Y ------------

Command Line: --add-opens=java.base/java.util=ALL-UNNAMED --add-opens=java.base/java.lang=ALL-UNNAMED --add-opens=java.base/java.lang.invoke=ALL-UNNAMED --add-opens=java.prefs/java.util.prefs=ALL-UNNAMED -Xmx1024m -Dfile.encoding=windows-1252 -Duser.country=IN -Duser.language=en -Duser.variant org.gradle.launcher.daemon.bootstrap.GradleDaemon 6.7.1

Host: Intel(R) Core(TM) i5-9300H CPU @ 2.40GHz, 8 cores, 7G,  Windows 10 , 64 bit Build 19041 (10.0.19041.1023)
Time: Wed Jul 28 17:06:32 2021 India Standard Time elapsed time: 16 seconds (0d 0h 0m 16s)

---------------  T H R E A D  ---------------

Current thread (0x0000028d2768f000):  JavaThread "C2 CompilerThread0" daemon [_thread_in_native, id=24792, stack(0x000000e734600000,0x000000e734700000)]


Current CompileTask:
C2:  16120 9519       4       groovy.lang.MetaClassImpl::inheritInterfaceNewMetaMethods (199 bytes)

Stack: [0x000000e734600000,0x000000e734700000]
Native frames: (J=compiled Java code, j=interpreted, Vv=VM code, C=native code)
V  [jvm.dll+0x5de50a]
V  [jvm.dll+0x7122f5]
V  [jvm.dll+0x71384d]
V  [jvm.dll+0x713f03]
V  [jvm.dll+0x23e728]
V  [jvm.dll+0xb899c]
V  [jvm.dll+0xb8e9c]
V  [jvm.dll+0x35020b]
V  [jvm.dll+0x31dea3]
V  [jvm.dll+0x31d39a]
V  [jvm.dll+0x1f7702]
V  [jvm.dll+0x1f68d4]
V  [jvm.dll+0x17f32c]
V  [jvm.dll+0x205047]
V  [jvm.dll+0x203891]
V  [jvm.dll+0x6dad3f]
V  [jvm.dll+0x6d3895]
V  [jvm.dll+0x5dd4a6]
C  [ucrtbase.dll+0x21bb2]
C  [KERNEL32.DLL+0x17034]
C  [ntdll.dll+0x52651]


---------------  P R O C E S S  ---------------

Threads class SMR info:
_java_thread_list=0x0000028d2e3a9a70, length=161, elements={
0x0000028d0f1ea000, 0x0000028d27ea1800, 0x0000028d27ea2800, 0x0000028d2768c000,
0x0000028d2768d000, 0x0000028d2768f000, 0x0000028d27693800, 0x0000028d27694800,
0x0000028d2805a800, 0x0000028d2805b000, 0x0000028d29382000, 0x0000028d2a14f000,
0x0000028d29b1a800, 0x0000028d29e19000, 0x0000028d299c4000, 0x0000028d29288800,
0x0000028d29977800, 0x0000028d294d3000, 0x0000028d2a046000, 0x0000028d29440800,
0x0000028d29a1b000, 0x0000028d29a1b800, 0x0000028d29a1d000, 0x0000028d29a18800,
0x0000028d29a19000, 0x0000028d29a1f000, 0x0000028d29a1c800, 0x0000028d29a1e000,
0x0000028d29a1a000, 0x0000028d2c0e1800, 0x0000028d2c0e4000, 0x0000028d2c0e4800,
0x0000028d2c0e5800, 0x0000028d2c0e6800, 0x0000028d2c0e0800, 0x0000028d2c0e7000,
0x0000028d2c0e8000, 0x0000028d2c0e2000, 0x0000028d2c0e9000, 0x0000028d2c0e3000,
0x0000028d2c0eb000, 0x0000028d2c0ed800, 0x0000028d2c0ec000, 0x0000028d2c0ea800,
0x0000028d2c0ed000, 0x0000028d2c0e9800, 0x0000028d2c0ef800, 0x0000028d2c0ee800,
0x0000028d2abd5000, 0x0000028d2abd5800, 0x0000028d2abd4000, 0x0000028d2abd9000,
0x0000028d2abd6800, 0x0000028d2abd3800, 0x0000028d2abdf800, 0x0000028d2abda000,
0x0000028d2abde800, 0x0000028d2abdd000, 0x0000028d2abde000, 0x0000028d2abe0800,
0x0000028d2abdb800, 0x0000028d2abda800, 0x0000028d2abdc000, 0x0000028d2abe1000,
0x0000028d2bf2e800, 0x0000028d2bf2a800, 0x0000028d2bf2b800, 0x0000028d2bf2c000,
0x0000028d2bf2d000, 0x0000028d2bf2e000, 0x0000028d2bf29000, 0x0000028d2bf2f800,
0x0000028d2bf2a000, 0x0000028d2bf34800, 0x0000028d2bf36000, 0x0000028d2bf35000,
0x0000028d2bf33800, 0x0000028d2bf33000, 0x0000028d2bf30800, 0x0000028d2bf37000,
0x0000028d2bf31000, 0x0000028d2bf37800, 0x0000028d2bf32000, 0x0000028d2ab62000,
0x0000028d2ab5d800, 0x0000028d2ab63000, 0x0000028d2ab60800, 0x0000028d2ab64000,
0x0000028d2ab61800, 0x0000028d2ab5f800, 0x0000028d2ab5e000, 0x0000028d2ab64800,
0x0000028d2ab5f000, 0x0000028d2ab68000, 0x0000028d2ab69800, 0x0000028d2ab68800,
0x0000028d2ab66800, 0x0000028d2ab67000, 0x0000028d2ab6a800, 0x0000028d2ab6b000,
0x0000028d2ab65800, 0x0000028d2ab6c000, 0x0000028d2c03f000, 0x0000028d2c03d000,
0x0000028d2c040800, 0x0000028d2c044000, 0x0000028d2c042000, 0x0000028d2c041800,
0x0000028d2c043000, 0x0000028d2c03e000, 0x0000028d2c044800, 0x0000028d2c045800,
0x0000028d2c03f800, 0x0000028d2c047000, 0x0000028d2c04b000, 0x0000028d2c04c000,
0x0000028d2c046000, 0x0000028d2c049800, 0x0000028d2c048000, 0x0000028d2c048800,
0x0000028d2c04a800, 0x0000028d2be08000, 0x0000028d2be09000, 0x0000028d2be0a000,
0x0000028d2be0a800, 0x0000028d2be0b800, 0x0000028d2be05800, 0x0000028d2be0c800,
0x0000028d2be06800, 0x0000028d2be0d000, 0x0000028d2be07800, 0x0000028d2be0f800,
0x0000028d2be0e800, 0x0000028d2be10800, 0x0000028d2be11000, 0x0000028d2be12000,
0x0000028d2be13000, 0x0000028d2be13800, 0x0000028d2be0e000, 0x0000028d2be14800,
0x0000028d2c947000, 0x0000028d2c94a000, 0x0000028d2c94d800, 0x0000028d2c94b000,
0x0000028d2c948800, 0x0000028d2c949800, 0x0000028d2c947800, 0x0000028d2c950800,
0x0000028d2c94e000, 0x0000028d2c94c800, 0x0000028d2c94f000, 0x0000028d2c950000,
0x0000028d2c951800, 0x0000028d2c94b800, 0x0000028d2c952800, 0x0000028d2c953000,
0x0000028d2c954000, 0x0000028d2c954800, 0x0000028d2c955800, 0x0000028d30898800,
0x0000028d2eeba000
}

Java Threads: ( => current thread )
  0x0000028d0f1ea000 JavaThread "main" [_thread_blocked, id=35040, stack(0x000000e733b00000,0x000000e733c00000)]
  0x0000028d27ea1800 JavaThread "Reference Handler" daemon [_thread_blocked, id=28828, stack(0x000000e734200000,0x000000e734300000)]
  0x0000028d27ea2800 JavaThread "Finalizer" daemon [_thread_blocked, id=28732, stack(0x000000e734300000,0x000000e734400000)]
  0x0000028d2768c000 JavaThread "Signal Dispatcher" daemon [_thread_blocked, id=18172, stack(0x000000e734400000,0x000000e734500000)]
  0x0000028d2768d000 JavaThread "Attach Listener" daemon [_thread_blocked, id=1512, stack(0x000000e734500000,0x000000e734600000)]
=>0x0000028d2768f000 JavaThread "C2 CompilerThread0" daemon [_thread_in_native, id=24792, stack(0x000000e734600000,0x000000e734700000)]
  0x0000028d27693800 JavaThread "C1 CompilerThread0" daemon [_thread_blocked, id=37532, stack(0x000000e734700000,0x000000e734800000)]
  0x0000028d27694800 JavaThread "Sweeper thread" daemon [_thread_blocked, id=39484, stack(0x000000e734800000,0x000000e734900000)]
  0x0000028d2805a800 JavaThread "Common-Cleaner" daemon [_thread_blocked, id=32328, stack(0x000000e734900000,0x000000e734a00000)]
  0x0000028d2805b000 JavaThread "Service Thread" daemon [_thread_blocked, id=38116, stack(0x000000e734a00000,0x000000e734b00000)]
  0x0000028d29382000 JavaThread "Daemon health stats" [_thread_blocked, id=12612, stack(0x000000e735000000,0x000000e735100000)]
  0x0000028d2a14f000 JavaThread "Incoming local TCP Connector on port 63335" [_thread_in_native, id=34784, stack(0x000000e735100000,0x000000e735200000)]
  0x0000028d29b1a800 JavaThread "Daemon periodic checks" [_thread_blocked, id=27248, stack(0x000000e735300000,0x000000e735400000)]
  0x0000028d29e19000 JavaThread "Daemon" [_thread_blocked, id=28312, stack(0x000000e735400000,0x000000e735500000)]
  0x0000028d299c4000 JavaThread "Handler for socket connection from /127.0.0.1:63335 to /127.0.0.1:63336" [_thread_in_native, id=18532, stack(0x000000e735500000,0x000000e735600000)]
  0x0000028d29288800 JavaThread "Cancel handler" [_thread_blocked, id=21544, stack(0x000000e735600000,0x000000e735700000)]
  0x0000028d29977800 JavaThread "Daemon worker" [_thread_in_vm, id=25524, stack(0x000000e735700000,0x000000e735800000)]
  0x0000028d294d3000 JavaThread "Asynchronous log dispatcher for DefaultDaemonConnection: socket connection from /127.0.0.1:63335 to /127.0.0.1:63336" [_thread_blocked, id=37876, stack(0x000000e735800000,0x000000e735900000)]
  0x0000028d2a046000 JavaThread "Stdin handler" [_thread_blocked, id=41144, stack(0x000000e735900000,0x000000e735a00000)]
  0x0000028d29440800 JavaThread "Thread-8" [_thread_blocked, id=27252, stack(0x000000e735a00000,0x000000e735b00000)]
  0x0000028d29a1b000 JavaThread "Cache worker for file hash cache (C:\Users\Dark Knight\.gradle\caches\6.7.1\fileHashes)" [_thread_blocked, id=28744, stack(0x000000e736200000,0x000000e736300000)]
  0x0000028d29a1b800 JavaThread "File lock request listener" [_thread_in_native, id=40888, stack(0x000000e736300000,0x000000e736400000)]
  0x0000028d29a1d000 JavaThread "Cache worker for journal cache (C:\Users\Dark Knight\.gradle\caches\journal-1)" [_thread_blocked, id=34508, stack(0x000000e736400000,0x000000e736500000)]
  0x0000028d29a18800 JavaThread "Cache worker for file hash cache (C:\Android Projects\Udemy TUTORIAL\KidsDrawingApp\.gradle\6.7.1\fileHashes)" [_thread_blocked, id=36732, stack(0x000000e736700000,0x000000e736800000)]
  0x0000028d29a19000 JavaThread "jar transforms" [_thread_blocked, id=9024, stack(0x000000e736800000,0x000000e736900000)]
  0x0000028d29a1f000 JavaThread "jar transforms Thread 2" [_thread_blocked, id=34504, stack(0x000000e736900000,0x000000e736a00000)]
  0x0000028d29a1c800 JavaThread "jar transforms Thread 3" [_thread_blocked, id=2108, stack(0x000000e736a00000,0x000000e736b00000)]
  0x0000028d29a1e000 JavaThread "jar transforms Thread 4" [_thread_blocked, id=9612, stack(0x000000e736b00000,0x000000e736c00000)]
  0x0000028d29a1a000 JavaThread "jar transforms Thread 5" [_thread_blocked, id=14476, stack(0x000000e736c00000,0x000000e736d00000)]
  0x0000028d2c0e1800 JavaThread "jar transforms Thread 6" [_thread_blocked, id=38024, stack(0x000000e736d00000,0x000000e736e00000)]
  0x0000028d2c0e4000 JavaThread "jar transforms Thread 7" [_thread_blocked, id=29276, stack(0x000000e736e00000,0x000000e736f00000)]
  0x0000028d2c0e4800 JavaThread "jar transforms Thread 8" [_thread_blocked, id=30068, stack(0x000000e736f00000,0x000000e737000000)]
  0x0000028d2c0e5800 JavaThread "jar transforms Thread 9" [_thread_blocked, id=31236, stack(0x000000e737000000,0x000000e737100000)]
  0x0000028d2c0e6800 JavaThread "jar transforms Thread 10" [_thread_blocked, id=39508, stack(0x000000e737100000,0x000000e737200000)]
  0x0000028d2c0e0800 JavaThread "jar transforms Thread 11" [_thread_blocked, id=22436, stack(0x000000e737200000,0x000000e737300000)]
  0x0000028d2c0e7000 JavaThread "jar transforms Thread 12" [_thread_blocked, id=15536, stack(0x000000e737300000,0x000000e737400000)]
  0x0000028d2c0e8000 JavaThread "jar transforms Thread 13" [_thread_blocked, id=36708, stack(0x000000e737400000,0x000000e737500000)]
  0x0000028d2c0e2000 JavaThread "jar transforms Thread 14" [_thread_blocked, id=23148, stack(0x000000e737500000,0x000000e737600000)]
  0x0000028d2c0e9000 JavaThread "jar transforms Thread 15" [_thread_blocked, id=20804, stack(0x000000e737600000,0x000000e737700000)]
  0x0000028d2c0e3000 JavaThread "jar transforms Thread 16" [_thread_blocked, id=31300, stack(0x000000e737700000,0x000000e737800000)]
  0x0000028d2c0eb000 JavaThread "jar transforms Thread 17" [_thread_blocked, id=38964, stack(0x000000e737800000,0x000000e737900000)]
  0x0000028d2c0ed800 JavaThread "jar transforms Thread 18" [_thread_blocked, id=5516, stack(0x000000e737900000,0x000000e737a00000)]
  0x0000028d2c0ec000 JavaThread "jar transforms Thread 19" [_thread_blocked, id=39160, stack(0x000000e737a00000,0x000000e737b00000)]
  0x0000028d2c0ea800 JavaThread "jar transforms Thread 20" [_thread_blocked, id=19796, stack(0x000000e737b00000,0x000000e737c00000)]
  0x0000028d2c0ed000 JavaThread "jar transforms Thread 21" [_thread_blocked, id=34376, stack(0x000000e737c00000,0x000000e737d00000)]
  0x0000028d2c0e9800 JavaThread "Cache worker for checksums cache (C:\Android Projects\Udemy TUTORIAL\KidsDrawingApp\.gradle\checksums)" [_thread_blocked, id=41184, stack(0x000000e737d00000,0x000000e737e00000)]
  0x0000028d2c0ef800 JavaThread "Cache worker for cache directory md-supplier (C:\Users\Dark Knight\.gradle\caches\6.7.1\md-supplier)" [_thread_blocked, id=17244, stack(0x000000e737e00000,0x000000e737f00000)]
  0x0000028d2c0ee800 JavaThread "Cache worker for cache directory md-rule (C:\Users\Dark Knight\.gradle\caches\6.7.1\md-rule)" [_thread_blocked, id=25916, stack(0x000000e737f00000,0x000000e738000000)]
  0x0000028d2abd5000 JavaThread "Cache worker for execution history cache (C:\Users\Dark Knight\.gradle\caches\6.7.1\executionHistory)" [_thread_blocked, id=37580, stack(0x000000e738000000,0x000000e738100000)]
  0x0000028d2abd5800 JavaThread "Cache worker for file content cache (C:\Users\Dark Knight\.gradle\caches\6.7.1\fileContent)" [_thread_blocked, id=18264, stack(0x000000e736600000,0x000000e736700000)]
  0x0000028d2abd4000 JavaThread "Cache worker for Build Output Cleanup Cache (C:\Android Projects\Udemy TUTORIAL\KidsDrawingApp\.gradle\buildOutputCleanup)" [_thread_blocked, id=32668, stack(0x000000e738200000,0x000000e738300000)]
  0x0000028d2abd9000 JavaThread "Build operations" [_thread_blocked, id=35888, stack(0x000000e736500000,0x000000e736600000)]
  0x0000028d2abd6800 JavaThread "Build operations Thread 2" [_thread_blocked, id=13812, stack(0x000000e738100000,0x000000e738200000)]
  0x0000028d2abd3800 JavaThread "Build operations Thread 3" [_thread_blocked, id=38596, stack(0x000000e738300000,0x000000e738400000)]
  0x0000028d2abdf800 JavaThread "Build operations Thread 4" [_thread_blocked, id=10804, stack(0x000000e738400000,0x000000e738500000)]
  0x0000028d2abda000 JavaThread "Build operations Thread 5" [_thread_blocked, id=26680, stack(0x000000e738500000,0x000000e738600000)]
  0x0000028d2abde800 JavaThread "Build operations Thread 6" [_thread_blocked, id=36256, stack(0x000000e738600000,0x000000e738700000)]
  0x0000028d2abdd000 JavaThread "Build operations Thread 7" [_thread_blocked, id=11872, stack(0x000000e738700000,0x000000e738800000)]
  0x0000028d2abde000 JavaThread "Build operations Thread 8" [_thread_blocked, id=23956, stack(0x000000e738800000,0x000000e738900000)]
  0x0000028d2abe0800 JavaThread "jar transforms Thread 22" [_thread_blocked, id=9888, stack(0x000000e738b00000,0x000000e738c00000)]
  0x0000028d2abdb800 JavaThread "jar transforms Thread 23" [_thread_blocked, id=31536, stack(0x000000e738c00000,0x000000e738d00000)]
  0x0000028d2abda800 JavaThread "jar transforms Thread 24" [_thread_blocked, id=22828, stack(0x000000e738d00000,0x000000e738e00000)]
  0x0000028d2abdc000 JavaThread "jar transforms Thread 25" [_thread_blocked, id=41756, stack(0x000000e738e00000,0x000000e738f00000)]
  0x0000028d2abe1000 JavaThread "jar transforms Thread 26" [_thread_blocked, id=8756, stack(0x000000e738f00000,0x000000e739000000)]
  0x0000028d2bf2e800 JavaThread "jar transforms Thread 27" [_thread_blocked, id=36888, stack(0x000000e739000000,0x000000e739100000)]
  0x0000028d2bf2a800 JavaThread "jar transforms Thread 28" [_thread_blocked, id=9668, stack(0x000000e739100000,0x000000e739200000)]
  0x0000028d2bf2b800 JavaThread "jar transforms Thread 29" [_thread_blocked, id=25120, stack(0x000000e739200000,0x000000e739300000)]
  0x0000028d2bf2c000 JavaThread "jar transforms Thread 30" [_thread_blocked, id=21148, stack(0x000000e739300000,0x000000e739400000)]
  0x0000028d2bf2d000 JavaThread "jar transforms Thread 31" [_thread_blocked, id=29476, stack(0x000000e739400000,0x000000e739500000)]
  0x0000028d2bf2e000 JavaThread "jar transforms Thread 32" [_thread_blocked, id=28248, stack(0x000000e739500000,0x000000e739600000)]
  0x0000028d2bf29000 JavaThread "jar transforms Thread 33" [_thread_blocked, id=38920, stack(0x000000e739600000,0x000000e739700000)]
  0x0000028d2bf2f800 JavaThread "jar transforms Thread 34" [_thread_blocked, id=30036, stack(0x000000e739700000,0x000000e739800000)]
  0x0000028d2bf2a000 JavaThread "jar transforms Thread 35" [_thread_blocked, id=30752, stack(0x000000e739800000,0x000000e739900000)]
  0x0000028d2bf34800 JavaThread "jar transforms Thread 36" [_thread_blocked, id=32652, stack(0x000000e739900000,0x000000e739a00000)]
  0x0000028d2bf36000 JavaThread "jar transforms Thread 37" [_thread_blocked, id=39344, stack(0x000000e739a00000,0x000000e739b00000)]
  0x0000028d2bf35000 JavaThread "jar transforms Thread 38" [_thread_blocked, id=22316, stack(0x000000e739b00000,0x000000e739c00000)]
  0x0000028d2bf33800 JavaThread "jar transforms Thread 39" [_thread_blocked, id=6172, stack(0x000000e739c00000,0x000000e739d00000)]
  0x0000028d2bf33000 JavaThread "jar transforms Thread 40" [_thread_blocked, id=27712, stack(0x000000e739d00000,0x000000e739e00000)]
  0x0000028d2bf30800 JavaThread "jar transforms Thread 41" [_thread_blocked, id=41404, stack(0x000000e739e00000,0x000000e739f00000)]
  0x0000028d2bf37000 JavaThread "jar transforms Thread 42" [_thread_blocked, id=14264, stack(0x000000e739f00000,0x000000e73a000000)]
  0x0000028d2bf31000 JavaThread "jar transforms Thread 43" [_thread_blocked, id=39728, stack(0x000000e73a000000,0x000000e73a100000)]
  0x0000028d2bf37800 JavaThread "jar transforms Thread 44" [_thread_blocked, id=36452, stack(0x000000e73a100000,0x000000e73a200000)]
  0x0000028d2bf32000 JavaThread "jar transforms Thread 45" [_thread_blocked, id=2528, stack(0x000000e73a200000,0x000000e73a300000)]
  0x0000028d2ab62000 JavaThread "jar transforms Thread 46" [_thread_blocked, id=25984, stack(0x000000e73a300000,0x000000e73a400000)]
  0x0000028d2ab5d800 JavaThread "jar transforms Thread 47" [_thread_blocked, id=16276, stack(0x000000e73a400000,0x000000e73a500000)]
  0x0000028d2ab63000 JavaThread "jar transforms Thread 48" [_thread_blocked, id=34488, stack(0x000000e73a500000,0x000000e73a600000)]
  0x0000028d2ab60800 JavaThread "jar transforms Thread 49" [_thread_blocked, id=14292, stack(0x000000e73a600000,0x000000e73a700000)]
  0x0000028d2ab64000 JavaThread "jar transforms Thread 50" [_thread_blocked, id=31432, stack(0x000000e73a700000,0x000000e73a800000)]
  0x0000028d2ab61800 JavaThread "jar transforms Thread 51" [_thread_blocked, id=29460, stack(0x000000e73a800000,0x000000e73a900000)]
  0x0000028d2ab5f800 JavaThread "jar transforms Thread 52" [_thread_blocked, id=14696, stack(0x000000e73a900000,0x000000e73aa00000)]
  0x0000028d2ab5e000 JavaThread "jar transforms Thread 53" [_thread_blocked, id=27472, stack(0x000000e73aa00000,0x000000e73ab00000)]
  0x0000028d2ab64800 JavaThread "jar transforms Thread 54" [_thread_blocked, id=23200, stack(0x000000e73ab00000,0x000000e73ac00000)]
  0x0000028d2ab5f000 JavaThread "jar transforms Thread 55" [_thread_blocked, id=25972, stack(0x000000e73ac00000,0x000000e73ad00000)]
  0x0000028d2ab68000 JavaThread "jar transforms Thread 56" [_thread_blocked, id=40932, stack(0x000000e73ad00000,0x000000e73ae00000)]
  0x0000028d2ab69800 JavaThread "jar transforms Thread 57" [_thread_blocked, id=12712, stack(0x000000e73ae00000,0x000000e73af00000)]
  0x0000028d2ab68800 JavaThread "jar transforms Thread 58" [_thread_blocked, id=39552, stack(0x000000e73af00000,0x000000e73b000000)]
  0x0000028d2ab66800 JavaThread "jar transforms Thread 59" [_thread_blocked, id=40204, stack(0x000000e73b000000,0x000000e73b100000)]
  0x0000028d2ab67000 JavaThread "jar transforms Thread 60" [_thread_blocked, id=14644, stack(0x000000e73b100000,0x000000e73b200000)]
  0x0000028d2ab6a800 JavaThread "jar transforms Thread 61" [_thread_blocked, id=21584, stack(0x000000e73b200000,0x000000e73b300000)]
  0x0000028d2ab6b000 JavaThread "jar transforms Thread 62" [_thread_blocked, id=26088, stack(0x000000e73b300000,0x000000e73b400000)]
  0x0000028d2ab65800 JavaThread "jar transforms Thread 63" [_thread_blocked, id=38888, stack(0x000000e73b400000,0x000000e73b500000)]
  0x0000028d2ab6c000 JavaThread "jar transforms Thread 64" [_thread_blocked, id=28496, stack(0x000000e73b500000,0x000000e73b600000)]
  0x0000028d2c03f000 JavaThread "jar transforms Thread 65" [_thread_blocked, id=31696, stack(0x000000e73b600000,0x000000e73b700000)]
  0x0000028d2c03d000 JavaThread "jar transforms Thread 66" [_thread_blocked, id=25440, stack(0x000000e73b700000,0x000000e73b800000)]
  0x0000028d2c040800 JavaThread "jar transforms Thread 67" [_thread_blocked, id=4792, stack(0x000000e73b800000,0x000000e73b900000)]
  0x0000028d2c044000 JavaThread "jar transforms Thread 68" [_thread_blocked, id=34344, stack(0x000000e73b900000,0x000000e73ba00000)]
  0x0000028d2c042000 JavaThread "jar transforms Thread 69" [_thread_blocked, id=33392, stack(0x000000e73ba00000,0x000000e73bb00000)]
  0x0000028d2c041800 JavaThread "jar transforms Thread 70" [_thread_blocked, id=27752, stack(0x000000e73bb00000,0x000000e73bc00000)]
  0x0000028d2c043000 JavaThread "jar transforms Thread 71" [_thread_blocked, id=41556, stack(0x000000e73bc00000,0x000000e73bd00000)]
  0x0000028d2c03e000 JavaThread "jar transforms Thread 72" [_thread_blocked, id=5856, stack(0x000000e73bd00000,0x000000e73be00000)]
  0x0000028d2c044800 JavaThread "jar transforms Thread 73" [_thread_blocked, id=38128, stack(0x000000e73be00000,0x000000e73bf00000)]
  0x0000028d2c045800 JavaThread "jar transforms Thread 74" [_thread_blocked, id=1804, stack(0x000000e73bf00000,0x000000e73c000000)]
  0x0000028d2c03f800 JavaThread "jar transforms Thread 75" [_thread_blocked, id=40908, stack(0x000000e73c000000,0x000000e73c100000)]
  0x0000028d2c047000 JavaThread "jar transforms Thread 76" [_thread_blocked, id=28068, stack(0x000000e73c100000,0x000000e73c200000)]
  0x0000028d2c04b000 JavaThread "jar transforms Thread 77" [_thread_blocked, id=7560, stack(0x000000e73c200000,0x000000e73c300000)]
  0x0000028d2c04c000 JavaThread "jar transforms Thread 78" [_thread_blocked, id=41372, stack(0x000000e73c300000,0x000000e73c400000)]
  0x0000028d2c046000 JavaThread "jar transforms Thread 79" [_thread_blocked, id=20836, stack(0x000000e73c400000,0x000000e73c500000)]
  0x0000028d2c049800 JavaThread "jar transforms Thread 80" [_thread_blocked, id=11928, stack(0x000000e73c500000,0x000000e73c600000)]
  0x0000028d2c048000 JavaThread "jar transforms Thread 81" [_thread_blocked, id=27564, stack(0x000000e73c600000,0x000000e73c700000)]
  0x0000028d2c048800 JavaThread "jar transforms Thread 82" [_thread_blocked, id=14348, stack(0x000000e73c700000,0x000000e73c800000)]
  0x0000028d2c04a800 JavaThread "jar transforms Thread 83" [_thread_blocked, id=30304, stack(0x000000e73c800000,0x000000e73c900000)]
  0x0000028d2be08000 JavaThread "jar transforms Thread 84" [_thread_blocked, id=35156, stack(0x000000e73c900000,0x000000e73ca00000)]
  0x0000028d2be09000 JavaThread "jar transforms Thread 85" [_thread_blocked, id=2452, stack(0x000000e73ca00000,0x000000e73cb00000)]
  0x0000028d2be0a000 JavaThread "jar transforms Thread 86" [_thread_blocked, id=35476, stack(0x000000e73cb00000,0x000000e73cc00000)]
  0x0000028d2be0a800 JavaThread "jar transforms Thread 87" [_thread_blocked, id=31668, stack(0x000000e73cc00000,0x000000e73cd00000)]
  0x0000028d2be0b800 JavaThread "jar transforms Thread 88" [_thread_blocked, id=15340, stack(0x000000e73cd00000,0x000000e73ce00000)]
  0x0000028d2be05800 JavaThread "jar transforms Thread 89" [_thread_blocked, id=38392, stack(0x000000e73ce00000,0x000000e73cf00000)]
  0x0000028d2be0c800 JavaThread "jar transforms Thread 90" [_thread_blocked, id=7176, stack(0x000000e73cf00000,0x000000e73d000000)]
  0x0000028d2be06800 JavaThread "jar transforms Thread 91" [_thread_blocked, id=10904, stack(0x000000e73d000000,0x000000e73d100000)]
  0x0000028d2be0d000 JavaThread "jar transforms Thread 92" [_thread_blocked, id=7584, stack(0x000000e73d100000,0x000000e73d200000)]
  0x0000028d2be07800 JavaThread "jar transforms Thread 93" [_thread_blocked, id=21996, stack(0x000000e73d200000,0x000000e73d300000)]
  0x0000028d2be0f800 JavaThread "jar transforms Thread 94" [_thread_blocked, id=30892, stack(0x000000e73d300000,0x000000e73d400000)]
  0x0000028d2be0e800 JavaThread "jar transforms Thread 95" [_thread_blocked, id=30736, stack(0x000000e73d400000,0x000000e73d500000)]
  0x0000028d2be10800 JavaThread "jar transforms Thread 96" [_thread_blocked, id=38204, stack(0x000000e73d500000,0x000000e73d600000)]
  0x0000028d2be11000 JavaThread "jar transforms Thread 97" [_thread_blocked, id=31336, stack(0x000000e73d600000,0x000000e73d700000)]
  0x0000028d2be12000 JavaThread "jar transforms Thread 98" [_thread_blocked, id=3576, stack(0x000000e73d700000,0x000000e73d800000)]
  0x0000028d2be13000 JavaThread "jar transforms Thread 99" [_thread_blocked, id=1828, stack(0x000000e73d800000,0x000000e73d900000)]
  0x0000028d2be13800 JavaThread "jar transforms Thread 100" [_thread_blocked, id=40764, stack(0x000000e73d900000,0x000000e73da00000)]
  0x0000028d2be0e000 JavaThread "jar transforms Thread 101" [_thread_blocked, id=5536, stack(0x000000e73da00000,0x000000e73db00000)]
  0x0000028d2be14800 JavaThread "jar transforms Thread 102" [_thread_blocked, id=16928, stack(0x000000e73db00000,0x000000e73dc00000)]
  0x0000028d2c947000 JavaThread "jar transforms Thread 103" [_thread_blocked, id=37748, stack(0x000000e73dc00000,0x000000e73dd00000)]
  0x0000028d2c94a000 JavaThread "jar transforms Thread 104" [_thread_blocked, id=32232, stack(0x000000e73dd00000,0x000000e73de00000)]
  0x0000028d2c94d800 JavaThread "jar transforms Thread 105" [_thread_blocked, id=1948, stack(0x000000e73de00000,0x000000e73df00000)]
  0x0000028d2c94b000 JavaThread "jar transforms Thread 106" [_thread_blocked, id=39300, stack(0x000000e73df00000,0x000000e73e000000)]
  0x0000028d2c948800 JavaThread "jar transforms Thread 107" [_thread_blocked, id=8592, stack(0x000000e73e000000,0x000000e73e100000)]
  0x0000028d2c949800 JavaThread "jar transforms Thread 108" [_thread_blocked, id=39244, stack(0x000000e73e100000,0x000000e73e200000)]
  0x0000028d2c947800 JavaThread "jar transforms Thread 109" [_thread_blocked, id=15752, stack(0x000000e73e200000,0x000000e73e300000)]
  0x0000028d2c950800 JavaThread "jar transforms Thread 110" [_thread_blocked, id=37816, stack(0x000000e73e300000,0x000000e73e400000)]
  0x0000028d2c94e000 JavaThread "jar transforms Thread 111" [_thread_blocked, id=13416, stack(0x000000e73e400000,0x000000e73e500000)]
  0x0000028d2c94c800 JavaThread "jar transforms Thread 112" [_thread_blocked, id=11628, stack(0x000000e73e500000,0x000000e73e600000)]
  0x0000028d2c94f000 JavaThread "jar transforms Thread 113" [_thread_blocked, id=36272, stack(0x000000e73e600000,0x000000e73e700000)]
  0x0000028d2c950000 JavaThread "jar transforms Thread 114" [_thread_blocked, id=17360, stack(0x000000e73e700000,0x000000e73e800000)]
  0x0000028d2c951800 JavaThread "jar transforms Thread 115" [_thread_blocked, id=13948, stack(0x000000e73e800000,0x000000e73e900000)]
  0x0000028d2c94b800 JavaThread "jar transforms Thread 116" [_thread_blocked, id=39168, stack(0x000000e73e900000,0x000000e73ea00000)]
  0x0000028d2c952800 JavaThread "jar transforms Thread 117" [_thread_blocked, id=23508, stack(0x000000e73ea00000,0x000000e73eb00000)]
  0x0000028d2c953000 JavaThread "jar transforms Thread 118" [_thread_blocked, id=27184, stack(0x000000e73eb00000,0x000000e73ec00000)]
  0x0000028d2c954000 JavaThread "jar transforms Thread 119" [_thread_blocked, id=38604, stack(0x000000e73ec00000,0x000000e73ed00000)]
  0x0000028d2c954800 JavaThread "Memory manager" [_thread_blocked, id=40936, stack(0x000000e73ed00000,0x000000e73ee00000)]
  0x0000028d2c955800 JavaThread "pool-3-thread-1" [_thread_blocked, id=34540, stack(0x000000e73ee00000,0x000000e73ef00000)]
  0x0000028d30898800 JavaThread "C2 CompilerThread1" daemon [_thread_blocked, id=12432, stack(0x000000e738900000,0x000000e738a00000)]
  0x0000028d2eeba000 JavaThread "C2 CompilerThread2" daemon [_thread_blocked, id=3196, stack(0x000000e738a00000,0x000000e738b00000)]

Other Threads:
  0x0000028d2767c000 VMThread "VM Thread" [stack: 0x000000e734100000,0x000000e734200000] [id=41696]
  0x0000028d2805e800 WatcherThread [stack: 0x000000e734b00000,0x000000e734c00000] [id=30244]
  0x0000028d0f202800 GCTaskThread "GC Thread#0" [stack: 0x000000e733c00000,0x000000e733d00000] [id=38884]
  0x0000028d28b51800 GCTaskThread "GC Thread#1" [stack: 0x000000e734e00000,0x000000e734f00000] [id=29596]
  0x0000028d28b52000 GCTaskThread "GC Thread#2" [stack: 0x000000e734f00000,0x000000e735000000] [id=5776]
  0x0000028d2a9cb800 GCTaskThread "GC Thread#3" [stack: 0x000000e735b00000,0x000000e735c00000] [id=40148]
  0x0000028d2a61d000 GCTaskThread "GC Thread#4" [stack: 0x000000e735c00000,0x000000e735d00000] [id=41816]
  0x0000028d299e2000 GCTaskThread "GC Thread#5" [stack: 0x000000e735d00000,0x000000e735e00000] [id=5056]
  0x0000028d29932800 GCTaskThread "GC Thread#6" [stack: 0x000000e735e00000,0x000000e735f00000] [id=13732]
  0x0000028d29984000 GCTaskThread "GC Thread#7" [stack: 0x000000e735f00000,0x000000e736000000] [id=18992]
  0x0000028d0f21d800 ConcurrentGCThread "G1 Main Marker" [stack: 0x000000e733d00000,0x000000e733e00000] [id=1120]
  0x0000028d0f220800 ConcurrentGCThread "G1 Conc#0" [stack: 0x000000e733e00000,0x000000e733f00000] [id=18592]
  0x0000028d29e93000 ConcurrentGCThread "G1 Conc#1" [stack: 0x000000e735200000,0x000000e735300000] [id=40572]
  0x0000028d274c8800 ConcurrentGCThread "G1 Refine#0" [stack: 0x000000e733f00000,0x000000e734000000] [id=24664]
  0x0000028d2a63e800 ConcurrentGCThread "G1 Refine#1" [stack: 0x000000e736000000,0x000000e736100000] [id=27792]
  0x0000028d29e9b000 ConcurrentGCThread "G1 Refine#2" [stack: 0x000000e736100000,0x000000e736200000] [id=28176]
  0x0000028d0f2cd800 ConcurrentGCThread "G1 Young RemSet Sampling" [stack: 0x000000e734000000,0x000000e734100000] [id=39760]

Threads with active compile tasks:
C2 CompilerThread0  16177 9519       4       groovy.lang.MetaClassImpl::inheritInterfaceNewMetaMethods (199 bytes)

VM state:not at safepoint (normal execution)

VM Mutex/Monitor currently owned by a thread: None

Heap address: 0x00000000c0000000, size: 1024 MB, Compressed Oops mode: 32-bit
Narrow klass base: 0x0000000000000000, Narrow klass shift: 3
Compressed class space size: 1073741824 Address: 0x0000000100000000

Heap:
 garbage-first heap   total 131072K, used 103097K [0x00000000c0000000, 0x0000000100000000)
  region size 1024K, 9 young (9216K), 3 survivors (3072K)
 Metaspace       used 90963K, capacity 93281K, committed 93564K, reserved 1130496K
  class space    used 11755K, capacity 12493K, committed 12544K, reserved 1048576K
Heap Regions: E=young(eden), S=young(survivor), O=old, HS=humongous(starts), HC=humongous(continues), CS=collection set, F=free, A=archive, TAMS=top-at-mark-start (previous, next)
|   0|0x00000000c0000000, 0x00000000c0100000, 0x00000000c0100000|100%| O|  |TAMS 0x00000000c0100000, 0x00000000c0000000| Untracked 
|   1|0x00000000c0100000, 0x00000000c0200000, 0x00000000c0200000|100%| O|  |TAMS 0x00000000c0200000, 0x00000000c0100000| Untracked 
|   2|0x00000000c0200000, 0x00000000c0300000, 0x00000000c0300000|100%| O|  |TAMS 0x00000000c0300000, 0x00000000c0200000| Untracked 
|   3|0x00000000c0300000, 0x00000000c0400000, 0x00000000c0400000|100%|HS|  |TAMS 0x00000000c0400000, 0x00000000c0300000| Complete 
|   4|0x00000000c0400000, 0x00000000c0500000, 0x00000000c0500000|100%|HC|  |TAMS 0x00000000c0500000, 0x00000000c0400000| Complete 
|   5|0x00000000c0500000, 0x00000000c0600000, 0x00000000c0600000|100%|HC|  |TAMS 0x00000000c0600000, 0x00000000c0500000| Complete 
|   6|0x00000000c0600000, 0x00000000c0700000, 0x00000000c0700000|100%| O|  |TAMS 0x00000000c0700000, 0x00000000c0600000| Untracked 
|   7|0x00000000c0700000, 0x00000000c0800000, 0x00000000c0800000|100%| O|  |TAMS 0x00000000c0800000, 0x00000000c0700000| Untracked 
|   8|0x00000000c0800000, 0x00000000c0900000, 0x00000000c0900000|100%| O|  |TAMS 0x00000000c0900000, 0x00000000c0800000| Untracked 
|   9|0x00000000c0900000, 0x00000000c0a00000, 0x00000000c0a00000|100%| O|  |TAMS 0x00000000c0a00000, 0x00000000c0900000| Untracked 
|  10|0x00000000c0a00000, 0x00000000c0b00000, 0x00000000c0b00000|100%| O|  |TAMS 0x00000000c0b00000, 0x00000000c0a00000| Untracked 
|  11|0x00000000c0b00000, 0x00000000c0c00000, 0x00000000c0c00000|100%| O|  |TAMS 0x00000000c0c00000, 0x00000000c0b00000| Untracked 
|  12|0x00000000c0c00000, 0x00000000c0d00000, 0x00000000c0d00000|100%| O|  |TAMS 0x00000000c0d00000, 0x00000000c0c00000| Untracked 
|  13|0x00000000c0d00000, 0x00000000c0e00000, 0x00000000c0e00000|100%| O|  |TAMS 0x00000000c0e00000, 0x00000000c0d00000| Untracked 
|  14|0x00000000c0e00000, 0x00000000c0f00000, 0x00000000c0f00000|100%| O|  |TAMS 0x00000000c0f00000, 0x00000000c0e00000| Untracked 
|  15|0x00000000c0f00000, 0x00000000c1000000, 0x00000000c1000000|100%| O|  |TAMS 0x00000000c1000000, 0x00000000c0f00000| Untracked 
|  16|0x00000000c1000000, 0x00000000c1100000, 0x00000000c1100000|100%|HS|  |TAMS 0x00000000c1100000, 0x00000000c1000000| Complete 
|  17|0x00000000c1100000, 0x00000000c1200000, 0x00000000c1200000|100%|HC|  |TAMS 0x00000000c1200000, 0x00000000c1100000| Complete 
|  18|0x00000000c1200000, 0x00000000c1300000, 0x00000000c1300000|100%|HS|  |TAMS 0x00000000c1300000, 0x00000000c1200000| Complete 
|  19|0x00000000c1300000, 0x00000000c1400000, 0x00000000c1400000|100%|HC|  |TAMS 0x00000000c1400000, 0x00000000c1300000| Complete 
|  20|0x00000000c1400000, 0x00000000c1500000, 0x00000000c1500000|100%|HC|  |TAMS 0x00000000c1500000, 0x00000000c1400000| Complete 
|  21|0x00000000c1500000, 0x00000000c1600000, 0x00000000c1600000|100%|HS|  |TAMS 0x00000000c1600000, 0x00000000c1500000| Complete 
|  22|0x00000000c1600000, 0x00000000c1700000, 0x00000000c1700000|100%|HC|  |TAMS 0x00000000c1700000, 0x00000000c1600000| Complete 
|  23|0x00000000c1700000, 0x00000000c1800000, 0x00000000c1800000|100%|HC|  |TAMS 0x00000000c1800000, 0x00000000c1700000| Complete 
|  24|0x00000000c1800000, 0x00000000c1900000, 0x00000000c1900000|100%|HC|  |TAMS 0x00000000c1900000, 0x00000000c1800000| Complete 
|  25|0x00000000c1900000, 0x00000000c1a00000, 0x00000000c1a00000|100%| O|  |TAMS 0x00000000c1a00000, 0x00000000c1900000| Untracked 
|  26|0x00000000c1a00000, 0x00000000c1b00000, 0x00000000c1b00000|100%| O|  |TAMS 0x00000000c1b00000, 0x00000000c1a00000| Untracked 
|  27|0x00000000c1b00000, 0x00000000c1c00000, 0x00000000c1c00000|100%| O|  |TAMS 0x00000000c1c00000, 0x00000000c1b00000| Untracked 
|  28|0x00000000c1c00000, 0x00000000c1d00000, 0x00000000c1d00000|100%| O|  |TAMS 0x00000000c1d00000, 0x00000000c1c00000| Untracked 
|  29|0x00000000c1d00000, 0x00000000c1e00000, 0x00000000c1e00000|100%| O|  |TAMS 0x00000000c1e00000, 0x00000000c1d00000| Untracked 
|  30|0x00000000c1e00000, 0x00000000c1f00000, 0x00000000c1f00000|100%| O|  |TAMS 0x00000000c1f00000, 0x00000000c1e00000| Untracked 
|  31|0x00000000c1f00000, 0x00000000c2000000, 0x00000000c2000000|100%| O|  |TAMS 0x00000000c2000000, 0x00000000c1f00000| Untracked 
|  32|0x00000000c2000000, 0x00000000c2100000, 0x00000000c2100000|100%| O|  |TAMS 0x00000000c2100000, 0x00000000c2000000| Untracked 
|  33|0x00000000c2100000, 0x00000000c2200000, 0x00000000c2200000|100%|HS|  |TAMS 0x00000000c2200000, 0x00000000c2100000| Complete 
|  34|0x00000000c2200000, 0x00000000c2300000, 0x00000000c2300000|100%|HC|  |TAMS 0x00000000c2300000, 0x00000000c2200000| Complete 
|  35|0x00000000c2300000, 0x00000000c2400000, 0x00000000c2400000|100%|HC|  |TAMS 0x00000000c2400000, 0x00000000c2300000| Complete 
|  36|0x00000000c2400000, 0x00000000c2500000, 0x00000000c2500000|100%|HC|  |TAMS 0x00000000c2500000, 0x00000000c2400000| Complete 
|  37|0x00000000c2500000, 0x00000000c2600000, 0x00000000c2600000|100%|HS|  |TAMS 0x00000000c2600000, 0x00000000c2500000| Complete 
|  38|0x00000000c2600000, 0x00000000c2700000, 0x00000000c2700000|100%|HC|  |TAMS 0x00000000c2700000, 0x00000000c2600000| Complete 
|  39|0x00000000c2700000, 0x00000000c2800000, 0x00000000c2800000|100%|HC|  |TAMS 0x00000000c2800000, 0x00000000c2700000| Complete 
|  40|0x00000000c2800000, 0x00000000c2900000, 0x00000000c2900000|100%| O|  |TAMS 0x00000000c2900000, 0x00000000c2800000| Untracked 
|  41|0x00000000c2900000, 0x00000000c2a00000, 0x00000000c2a00000|100%| O|  |TAMS 0x00000000c2a00000, 0x00000000c2900000| Untracked 
|  42|0x00000000c2a00000, 0x00000000c2b00000, 0x00000000c2b00000|100%| O|  |TAMS 0x00000000c2b00000, 0x00000000c2a00000| Untracked 
|  43|0x00000000c2b00000, 0x00000000c2c00000, 0x00000000c2c00000|100%| O|  |TAMS 0x00000000c2c00000, 0x00000000c2b00000| Untracked 
|  44|0x00000000c2c00000, 0x00000000c2d00000, 0x00000000c2d00000|100%| O|  |TAMS 0x00000000c2d00000, 0x00000000c2c00000| Untracked 
|  45|0x00000000c2d00000, 0x00000000c2e00000, 0x00000000c2e00000|100%| O|  |TAMS 0x00000000c2e00000, 0x00000000c2d00000| Untracked 
|  46|0x00000000c2e00000, 0x00000000c2f00000, 0x00000000c2f00000|100%| O|  |TAMS 0x00000000c2f00000, 0x00000000c2e00000| Untracked 
|  47|0x00000000c2f00000, 0x00000000c3000000, 0x00000000c3000000|100%| O|  |TAMS 0x00000000c3000000, 0x00000000c2f00000| Untracked 
|  48|0x00000000c3000000, 0x00000000c3100000, 0x00000000c3100000|100%|HS|  |TAMS 0x00000000c3100000, 0x00000000c3000000| Complete 
|  49|0x00000000c3100000, 0x00000000c3200000, 0x00000000c3200000|100%|HS|  |TAMS 0x00000000c3200000, 0x00000000c3100000| Complete 
|  50|0x00000000c3200000, 0x00000000c3300000, 0x00000000c3300000|100%|HS|  |TAMS 0x00000000c3300000, 0x00000000c3200000| Complete 
|  51|0x00000000c3300000, 0x00000000c3400000, 0x00000000c3400000|100%|HC|  |TAMS 0x00000000c3400000, 0x00000000c3300000| Complete 
|  52|0x00000000c3400000, 0x00000000c3500000, 0x00000000c3500000|100%|HC|  |TAMS 0x00000000c3500000, 0x00000000c3400000| Complete 
|  53|0x00000000c3500000, 0x00000000c3600000, 0x00000000c3600000|100%|HS|  |TAMS 0x00000000c3600000, 0x00000000c3500000| Complete 
|  54|0x00000000c3600000, 0x00000000c3700000, 0x00000000c3700000|100%|HC|  |TAMS 0x00000000c3700000, 0x00000000c3600000| Complete 
|  55|0x00000000c3700000, 0x00000000c3800000, 0x00000000c3800000|100%| O|  |TAMS 0x00000000c3800000, 0x00000000c3700000| Untracked 
|  56|0x00000000c3800000, 0x00000000c3900000, 0x00000000c3900000|100%| O|  |TAMS 0x00000000c3900000, 0x00000000c3800000| Untracked 
|  57|0x00000000c3900000, 0x00000000c3a00000, 0x00000000c3a00000|100%| O|  |TAMS 0x00000000c3a00000, 0x00000000c3900000| Untracked 
|  58|0x00000000c3a00000, 0x00000000c3b00000, 0x00000000c3b00000|100%| O|  |TAMS 0x00000000c3b00000, 0x00000000c3a00000| Untracked 
|  59|0x00000000c3b00000, 0x00000000c3c00000, 0x00000000c3c00000|100%| O|  |TAMS 0x00000000c3c00000, 0x00000000c3b00000| Untracked 
|  60|0x00000000c3c00000, 0x00000000c3d00000, 0x00000000c3d00000|100%| O|  |TAMS 0x00000000c3d00000, 0x00000000c3c00000| Untracked 
|  61|0x00000000c3d00000, 0x00000000c3e00000, 0x00000000c3e00000|100%| O|  |TAMS 0x00000000c3e00000, 0x00000000c3d00000| Untracked 
|  62|0x00000000c3e00000, 0x00000000c3f00000, 0x00000000c3f00000|100%| O|  |TAMS 0x00000000c3f00000, 0x00000000c3e00000| Untracked 
|  63|0x00000000c3f00000, 0x00000000c4000000, 0x00000000c4000000|100%| O|  |TAMS 0x00000000c4000000, 0x00000000c3f00000| Untracked 
|  64|0x00000000c4000000, 0x00000000c4100000, 0x00000000c4100000|100%| O|  |TAMS 0x00000000c4100000, 0x00000000c4000000| Untracked 
|  65|0x00000000c4100000, 0x00000000c4200000, 0x00000000c4200000|100%| O|  |TAMS 0x00000000c4200000, 0x00000000c4100000| Untracked 
|  66|0x00000000c4200000, 0x00000000c4300000, 0x00000000c4300000|100%| O|  |TAMS 0x00000000c4300000, 0x00000000c4200000| Untracked 
|  67|0x00000000c4300000, 0x00000000c4400000, 0x00000000c4400000|100%| O|  |TAMS 0x00000000c4400000, 0x00000000c4300000| Untracked 
|  68|0x00000000c4400000, 0x00000000c4500000, 0x00000000c4500000|100%| O|  |TAMS 0x00000000c4500000, 0x00000000c4400000| Untracked 
|  69|0x00000000c4500000, 0x00000000c4600000, 0x00000000c4600000|100%| O|  |TAMS 0x00000000c4600000, 0x00000000c4500000| Untracked 
|  70|0x00000000c4600000, 0x00000000c4700000, 0x00000000c4700000|100%| O|  |TAMS 0x00000000c4700000, 0x00000000c4600000| Untracked 
|  71|0x00000000c4700000, 0x00000000c4800000, 0x00000000c4800000|100%| O|  |TAMS 0x00000000c4800000, 0x00000000c4700000| Untracked 
|  72|0x00000000c4800000, 0x00000000c4900000, 0x00000000c4900000|100%| O|  |TAMS 0x00000000c4900000, 0x00000000c4800000| Untracked 
|  73|0x00000000c4900000, 0x00000000c4a00000, 0x00000000c4a00000|100%| O|  |TAMS 0x00000000c4a00000, 0x00000000c4900000| Untracked 
|  74|0x00000000c4a00000, 0x00000000c4b00000, 0x00000000c4b00000|100%| O|  |TAMS 0x00000000c4b00000, 0x00000000c4a00000| Untracked 
|  75|0x00000000c4b00000, 0x00000000c4c00000, 0x00000000c4c00000|100%| O|  |TAMS 0x00000000c4c00000, 0x00000000c4b00000| Untracked 
|  76|0x00000000c4c00000, 0x00000000c4d00000, 0x00000000c4d00000|100%| O|  |TAMS 0x00000000c4d00000, 0x00000000c4c00000| Untracked 
|  77|0x00000000c4d00000, 0x00000000c4e00000, 0x00000000c4e00000|100%| O|  |TAMS 0x00000000c4e00000, 0x00000000c4d00000| Untracked 
|  78|0x00000000c4e00000, 0x00000000c4f00000, 0x00000000c4f00000|100%| O|  |TAMS 0x00000000c4f00000, 0x00000000c4e00000| Untracked 
|  79|0x00000000c4f00000, 0x00000000c5000000, 0x00000000c5000000|100%| O|  |TAMS 0x00000000c5000000, 0x00000000c4f00000| Untracked 
|  80|0x00000000c5000000, 0x00000000c5100000, 0x00000000c5100000|100%| O|  |TAMS 0x00000000c5100000, 0x00000000c5000000| Untracked 
|  81|0x00000000c5100000, 0x00000000c5200000, 0x00000000c5200000|100%| O|  |TAMS 0x00000000c5200000, 0x00000000c5100000| Untracked 
|  82|0x00000000c5200000, 0x00000000c5300000, 0x00000000c5300000|100%| O|  |TAMS 0x00000000c5300000, 0x00000000c5200000| Untracked 
|  83|0x00000000c5300000, 0x00000000c5400000, 0x00000000c5400000|100%| O|  |TAMS 0x00000000c5400000, 0x00000000c5300000| Untracked 
|  84|0x00000000c5400000, 0x00000000c5500000, 0x00000000c5500000|100%| O|  |TAMS 0x00000000c5500000, 0x00000000c5400000| Untracked 
|  85|0x00000000c5500000, 0x00000000c5600000, 0x00000000c5600000|100%| O|  |TAMS 0x00000000c5600000, 0x00000000c5500000| Untracked 
|  86|0x00000000c5600000, 0x00000000c5700000, 0x00000000c5700000|100%| O|  |TAMS 0x00000000c5700000, 0x00000000c5600000| Untracked 
|  87|0x00000000c5700000, 0x00000000c5800000, 0x00000000c5800000|100%| O|  |TAMS 0x00000000c5800000, 0x00000000c5700000| Untracked 
|  88|0x00000000c5800000, 0x00000000c5900000, 0x00000000c5900000|100%| O|  |TAMS 0x00000000c5900000, 0x00000000c5800000| Untracked 
|  89|0x00000000c5900000, 0x00000000c5a00000, 0x00000000c5a00000|100%| O|  |TAMS 0x00000000c5a00000, 0x00000000c5900000| Untracked 
|  90|0x00000000c5a00000, 0x00000000c5b00000, 0x00000000c5b00000|100%| O|  |TAMS 0x00000000c5b00000, 0x00000000c5a00000| Untracked 
|  91|0x00000000c5b00000, 0x00000000c5c00000, 0x00000000c5c00000|100%| O|  |TAMS 0x00000000c5b4ac00, 0x00000000c5b00000| Untracked 
|  92|0x00000000c5c00000, 0x00000000c5ccd600, 0x00000000c5d00000| 80%| O|  |TAMS 0x00000000c5c00000, 0x00000000c5c00000| Untracked 
|  93|0x00000000c5d00000, 0x00000000c5d00000, 0x00000000c5e00000|  0%| F|  |TAMS 0x00000000c5d00000, 0x00000000c5d00000| Untracked 
|  94|0x00000000c5e00000, 0x00000000c5e00000, 0x00000000c5f00000|  0%| F|  |TAMS 0x00000000c5e00000, 0x00000000c5e00000| Untracked 
|  95|0x00000000c5f00000, 0x00000000c5f00000, 0x00000000c6000000|  0%| F|  |TAMS 0x00000000c5f00000, 0x00000000c5f00000| Untracked 
|  96|0x00000000c6000000, 0x00000000c6000000, 0x00000000c6100000|  0%| F|  |TAMS 0x00000000c6000000, 0x00000000c6000000| Untracked 
|  97|0x00000000c6100000, 0x00000000c6100000, 0x00000000c6200000|  0%| F|  |TAMS 0x00000000c6100000, 0x00000000c6100000| Untracked 
|  98|0x00000000c6200000, 0x00000000c6200000, 0x00000000c6300000|  0%| F|  |TAMS 0x00000000c6200000, 0x00000000c6200000| Untracked 
|  99|0x00000000c6300000, 0x00000000c6300000, 0x00000000c6400000|  0%| F|  |TAMS 0x00000000c6300000, 0x00000000c6300000| Untracked 
| 100|0x00000000c6400000, 0x00000000c6400000, 0x00000000c6500000|  0%| F|  |TAMS 0x00000000c6400000, 0x00000000c6400000| Untracked 
| 101|0x00000000c6500000, 0x00000000c6500000, 0x00000000c6600000|  0%| F|  |TAMS 0x00000000c6500000, 0x00000000c6500000| Untracked 
| 102|0x00000000c6600000, 0x00000000c6600000, 0x00000000c6700000|  0%| F|  |TAMS 0x00000000c6600000, 0x00000000c6600000| Untracked 
| 103|0x00000000c6700000, 0x00000000c6700000, 0x00000000c6800000|  0%| F|  |TAMS 0x00000000c6700000, 0x00000000c6700000| Untracked 
| 104|0x00000000c6800000, 0x00000000c6800000, 0x00000000c6900000|  0%| F|  |TAMS 0x00000000c6800000, 0x00000000c6800000| Untracked 
| 105|0x00000000c6900000, 0x00000000c6900000, 0x00000000c6a00000|  0%| F|  |TAMS 0x00000000c6900000, 0x00000000c6900000| Untracked 
| 106|0x00000000c6a00000, 0x00000000c6a00000, 0x00000000c6b00000|  0%| F|  |TAMS 0x00000000c6a00000, 0x00000000c6a00000| Untracked 
| 107|0x00000000c6b00000, 0x00000000c6be10e8, 0x00000000c6c00000| 87%| S|CS|TAMS 0x00000000c6b00000, 0x00000000c6b00000| Complete 
| 108|0x00000000c6c00000, 0x00000000c6d00000, 0x00000000c6d00000|100%| S|CS|TAMS 0x00000000c6c00000, 0x00000000c6c00000| Complete 
| 109|0x00000000c6d00000, 0x00000000c6d00000, 0x00000000c6e00000|  0%| F|  |TAMS 0x00000000c6d00000, 0x00000000c6d00000| Untracked 
| 110|0x00000000c6e00000, 0x00000000c6e00000, 0x00000000c6f00000|  0%| F|  |TAMS 0x00000000c6e00000, 0x00000000c6e00000| Untracked 
| 111|0x00000000c6f00000, 0x00000000c7000000, 0x00000000c7000000|100%| S|CS|TAMS 0x00000000c6f00000, 0x00000000c6f00000| Complete 
| 112|0x00000000c7000000, 0x00000000c7000000, 0x00000000c7100000|  0%| F|  |TAMS 0x00000000c7000000, 0x00000000c7000000| Untracked 
| 113|0x00000000c7100000, 0x00000000c7100000, 0x00000000c7200000|  0%| F|  |TAMS 0x00000000c7100000, 0x00000000c7100000| Untracked 
| 114|0x00000000c7200000, 0x00000000c7200000, 0x00000000c7300000|  0%| F|  |TAMS 0x00000000c7200000, 0x00000000c7200000| Untracked 
| 115|0x00000000c7300000, 0x00000000c7300000, 0x00000000c7400000|  0%| F|  |TAMS 0x00000000c7300000, 0x00000000c7300000| Untracked 
| 116|0x00000000c7400000, 0x00000000c7400000, 0x00000000c7500000|  0%| F|  |TAMS 0x00000000c7400000, 0x00000000c7400000| Untracked 
| 117|0x00000000c7500000, 0x00000000c7500000, 0x00000000c7600000|  0%| F|  |TAMS 0x00000000c7500000, 0x00000000c7500000| Untracked 
| 118|0x00000000c7600000, 0x00000000c7600000, 0x00000000c7700000|  0%| F|  |TAMS 0x00000000c7600000, 0x00000000c7600000| Untracked 
| 119|0x00000000c7700000, 0x00000000c7700000, 0x00000000c7800000|  0%| F|  |TAMS 0x00000000c7700000, 0x00000000c7700000| Untracked 
| 120|0x00000000c7800000, 0x00000000c7800000, 0x00000000c7900000|  0%| F|  |TAMS 0x00000000c7800000, 0x00000000c7800000| Untracked 
| 121|0x00000000c7900000, 0x00000000c7951cc0, 0x00000000c7a00000| 31%| E|  |TAMS 0x00000000c7900000, 0x00000000c7900000| Complete 
| 122|0x00000000c7a00000, 0x00000000c7b00000, 0x00000000c7b00000|100%| E|CS|TAMS 0x00000000c7a00000, 0x00000000c7a00000| Complete 
| 123|0x00000000c7b00000, 0x00000000c7c00000, 0x00000000c7c00000|100%| E|CS|TAMS 0x00000000c7b00000, 0x00000000c7b00000| Complete 
| 124|0x00000000c7c00000, 0x00000000c7d00000, 0x00000000c7d00000|100%| E|CS|TAMS 0x00000000c7c00000, 0x00000000c7c00000| Complete 
| 125|0x00000000c7d00000, 0x00000000c7e00000, 0x00000000c7e00000|100%| E|CS|TAMS 0x00000000c7d00000, 0x00000000c7d00000| Complete 
| 126|0x00000000c7e00000, 0x00000000c7f00000, 0x00000000c7f00000|100%| E|CS|TAMS 0x00000000c7e00000, 0x00000000c7e00000| Complete 
| 127|0x00000000c7f00000, 0x00000000c8000000, 0x00000000c8000000|100%| E|CS|TAMS 0x00000000c7f00000, 0x00000000c7f00000| Complete 

Card table byte_map: [0x0000028d227d0000,0x0000028d229d0000] _byte_map_base: 0x0000028d221d0000

Marking Bits (Prev, Next): (CMBitMap*) 0x0000028d0f2188e0, (CMBitMap*) 0x0000028d0f2188a8
 Prev Bits: [0x0000028d23bd0000, 0x0000028d24bd0000)
 Next Bits: [0x0000028d22bd0000, 0x0000028d23bd0000)

Polling page: 0x0000028d0d8c0000

Metaspace:

Usage:
  Non-class:     78.96 MB capacity,    77.38 MB ( 98%) used,     1.36 MB (  2%) free+waste,   224.00 KB ( <1%) overhead. 
      Class:     12.23 MB capacity,    11.49 MB ( 94%) used,   661.56 KB (  5%) free+waste,   102.31 KB ( <1%) overhead. 
       Both:     91.19 MB capacity,    88.87 MB ( 97%) used,     2.00 MB (  2%) free+waste,   326.31 KB ( <1%) overhead. 

Virtual space:
  Non-class space:       80.00 MB reserved,      79.12 MB ( 99%) committed 
      Class space:        1.00 GB reserved,      12.25 MB (  1%) committed 
             Both:        1.08 GB reserved,      91.37 MB (  8%) committed 

Chunk freelists:
   Non-Class:  40.00 KB
       Class:  19.00 KB
        Both:  59.00 KB

MaxMetaspaceSize: 17179869184.00 GB
CompressedClassSpaceSize: 1.00 GB

CodeHeap 'non-profiled nmethods': size=120000Kb used=5749Kb max_used=5749Kb free=114251Kb
 bounds [0x0000028d1a640000, 0x0000028d1abe0000, 0x0000028d21b70000]
CodeHeap 'profiled nmethods': size=120000Kb used=20557Kb max_used=20557Kb free=99442Kb
 bounds [0x0000028d13110000, 0x0000028d14530000, 0x0000028d1a640000]
CodeHeap 'non-nmethods': size=5760Kb used=2269Kb max_used=2341Kb free=3491Kb
 bounds [0x0000028d12b70000, 0x0000028d12de0000, 0x0000028d13110000]
 total_blobs=10145 nmethods=9276 adapters=780
 compilation: enabled
              stopped_count=0, restarted_count=0
 full_count=0

Compilation events (20 events):
Event: 16.058 Thread 0x0000028d30898800 nmethod 9582 0x0000028d1abdb710 code [0x0000028d1abdb8c0, 0x0000028d1abdb9f8]
Event: 16.058 Thread 0x0000028d27693800 nmethod 9579 0x0000028d14522590 code [0x0000028d14522880, 0x0000028d145238e8]
Event: 16.058 Thread 0x0000028d27693800 9580       3       org.gradle.tooling.internal.adapter.MethodInvocation::isGetter (21 bytes)
Event: 16.058 Thread 0x0000028d27693800 nmethod 9580 0x0000028d14523d90 code [0x0000028d14523f60, 0x0000028d14524148]
Event: 16.058 Thread 0x0000028d27693800 9581       3       org.gradle.tooling.internal.adapter.MethodInvocation::isIsOrGet (52 bytes)
Event: 16.059 Thread 0x0000028d27693800 nmethod 9581 0x0000028d14524210 code [0x0000028d14524420, 0x0000028d14524998]
Event: 16.069 Thread 0x0000028d2eeba000 9583       4       org.gradle.internal.serialize.kryo.KryoBackedEncoder::writeString (23 bytes)
Event: 16.074 Thread 0x0000028d30898800 9584       4       java.util.concurrent.ConcurrentHashMap::containsKey (14 bytes)
Event: 16.075 Thread 0x0000028d27693800 9585       3       org.gradle.api.reflect.TypeOf::equals (33 bytes)
Event: 16.075 Thread 0x0000028d27693800 nmethod 9585 0x0000028d14524c10 code [0x0000028d14524e00, 0x0000028d145254a8]
Event: 16.075 Thread 0x0000028d27693800 9586       3       org.gradle.model.internal.type.ModelType::equals (33 bytes)
Event: 16.075 Thread 0x0000028d27693800 nmethod 9586 0x0000028d14525610 code [0x0000028d145257e0, 0x0000028d14525c28]
Event: 16.075 Thread 0x0000028d27693800 9587       3       org.slf4j.impl.StaticLoggerBinder::getSingleton (4 bytes)
Event: 16.075 Thread 0x0000028d27693800 nmethod 9587 0x0000028d14525d10 code [0x0000028d14525ec0, 0x0000028d14525fb8]
Event: 16.076 Thread 0x0000028d27693800 9588       1       org.gradle.tooling.internal.adapter.ProtocolToModelAdapter$ViewGraphDetails::access$500 (5 bytes)
Event: 16.076 Thread 0x0000028d27693800 nmethod 9588 0x0000028d1abdbb90 code [0x0000028d1abdbd40, 0x0000028d1abdbdd8]
Event: 16.076 Thread 0x0000028d27693800 9589       1       java.util.Collections$EmptySet::contains (2 bytes)
Event: 16.076 Thread 0x0000028d27693800 nmethod 9589 0x0000028d1abdbe90 code [0x0000028d1abdc040, 0x0000028d1abdc0f8]
Event: 16.079 Thread 0x0000028d30898800 nmethod 9584 0x0000028d1abdc190 code [0x0000028d1abdc340, 0x0000028d1abdc5f8]
Event: 16.081 Thread 0x0000028d2eeba000 nmethod 9583 0x0000028d1abdc890 code [0x0000028d1abdca60, 0x0000028d1abdd0b8]

GC Heap History (20 events):
Event: 13.276 GC heap before
{Heap before GC invocations=25 (full 0):
 garbage-first heap   total 131072K, used 110463K [0x00000000c0000000, 0x0000000100000000)
  region size 1024K, 31 young (31744K), 4 survivors (4096K)
 Metaspace       used 76703K, capacity 78539K, committed 78844K, reserved 1118208K
  class space    used 9875K, capacity 10500K, committed 10624K, reserved 1048576K
}
Event: 13.284 GC heap after
{Heap after GC invocations=26 (full 0):
 garbage-first heap   total 131072K, used 85151K [0x00000000c0000000, 0x0000000100000000)
  region size 1024K, 4 young (4096K), 4 survivors (4096K)
 Metaspace       used 76703K, capacity 78539K, committed 78844K, reserved 1118208K
  class space    used 9875K, capacity 10500K, committed 10624K, reserved 1048576K
}
Event: 13.732 GC heap before
{Heap before GC invocations=27 (full 0):
 garbage-first heap   total 131072K, used 110751K [0x00000000c0000000, 0x0000000100000000)
  region size 1024K, 29 young (29696K), 4 survivors (4096K)
 Metaspace       used 78386K, capacity 80274K, committed 80508K, reserved 1120256K
  class space    used 10094K, capacity 10724K, committed 10752K, reserved 1048576K
}
Event: 13.739 GC heap after
{Heap after GC invocations=28 (full 0):
 garbage-first heap   total 131072K, used 87378K [0x00000000c0000000, 0x0000000100000000)
  region size 1024K, 4 young (4096K), 4 survivors (4096K)
 Metaspace       used 78386K, capacity 80274K, committed 80508K, reserved 1120256K
  class space    used 10094K, capacity 10724K, committed 10752K, reserved 1048576K
}
Event: 13.985 GC heap before
{Heap before GC invocations=28 (full 0):
 garbage-first heap   total 131072K, used 109906K [0x00000000c0000000, 0x0000000100000000)
  region size 1024K, 27 young (27648K), 4 survivors (4096K)
 Metaspace       used 79551K, capacity 81700K, committed 81916K, reserved 1120256K
  class space    used 10319K, capacity 11052K, committed 11136K, reserved 1048576K
}
Event: 13.996 GC heap after
{Heap after GC invocations=29 (full 0):
 garbage-first heap   total 131072K, used 89020K [0x00000000c0000000, 0x0000000100000000)
  region size 1024K, 2 young (2048K), 2 survivors (2048K)
 Metaspace       used 79551K, capacity 81700K, committed 81916K, reserved 1120256K
  class space    used 10319K, capacity 11052K, committed 11136K, reserved 1048576K
}
Event: 14.290 GC heap before
{Heap before GC invocations=30 (full 0):
 garbage-first heap   total 131072K, used 111548K [0x00000000c0000000, 0x0000000100000000)
  region size 1024K, 24 young (24576K), 2 survivors (2048K)
 Metaspace       used 81662K, capacity 83846K, committed 83964K, reserved 1122304K
  class space    used 10654K, capacity 11376K, committed 11392K, reserved 1048576K
}
Event: 14.294 GC heap after
{Heap after GC invocations=31 (full 0):
 garbage-first heap   total 131072K, used 89452K [0x00000000c0000000, 0x0000000100000000)
  region size 1024K, 2 young (2048K), 2 survivors (2048K)
 Metaspace       used 81662K, capacity 83846K, committed 83964K, reserved 1122304K
  class space    used 10654K, capacity 11376K, committed 11392K, reserved 1048576K
}
Event: 14.544 GC heap before
{Heap before GC invocations=31 (full 0):
 garbage-first heap   total 131072K, used 111980K [0x00000000c0000000, 0x0000000100000000)
  region size 1024K, 24 young (24576K), 2 survivors (2048K)
 Metaspace       used 83933K, capacity 86106K, committed 86396K, reserved 1124352K
  class space    used 10954K, capacity 11700K, committed 11776K, reserved 1048576K
}
Event: 14.548 GC heap after
{Heap after GC invocations=32 (full 0):
 garbage-first heap   total 131072K, used 90151K [0x00000000c0000000, 0x0000000100000000)
  region size 1024K, 2 young (2048K), 2 survivors (2048K)
 Metaspace       used 83933K, capacity 86106K, committed 86396K, reserved 1124352K
  class space    used 10954K, capacity 11700K, committed 11776K, reserved 1048576K
}
Event: 14.777 GC heap before
{Heap before GC invocations=33 (full 0):
 garbage-first heap   total 131072K, used 111655K [0x00000000c0000000, 0x0000000100000000)
  region size 1024K, 23 young (23552K), 2 survivors (2048K)
 Metaspace       used 85893K, capacity 88026K, committed 88188K, reserved 1126400K
  class space    used 11205K, capacity 11956K, committed 12032K, reserved 1048576K
}
Event: 14.781 GC heap after
{Heap after GC invocations=34 (full 0):
 garbage-first heap   total 131072K, used 91031K [0x00000000c0000000, 0x0000000100000000)
  region size 1024K, 3 young (3072K), 3 survivors (3072K)
 Metaspace       used 85893K, capacity 88026K, committed 88188K, reserved 1126400K
  class space    used 11205K, capacity 11956K, committed 12032K, reserved 1048576K
}
Event: 15.341 GC heap before
{Heap before GC invocations=34 (full 0):
 garbage-first heap   total 131072K, used 112535K [0x00000000c0000000, 0x0000000100000000)
  region size 1024K, 24 young (24576K), 3 survivors (3072K)
 Metaspace       used 87406K, capacity 89591K, committed 89852K, reserved 1126400K
  class space    used 11371K, capacity 12069K, committed 12160K, reserved 1048576K
}
Event: 15.348 GC heap after
{Heap after GC invocations=35 (full 0):
 garbage-first heap   total 131072K, used 93456K [0x00000000c0000000, 0x0000000100000000)
  region size 1024K, 3 young (3072K), 3 survivors (3072K)
 Metaspace       used 87406K, capacity 89591K, committed 89852K, reserved 1126400K
  class space    used 11371K, capacity 12069K, committed 12160K, reserved 1048576K
}
Event: 15.688 GC heap before
{Heap before GC invocations=36 (full 0):
 garbage-first heap   total 131072K, used 111888K [0x00000000c0000000, 0x0000000100000000)
  region size 1024K, 22 young (22528K), 3 survivors (3072K)
 Metaspace       used 88069K, capacity 90280K, committed 90364K, reserved 1128448K
  class space    used 11372K, capacity 12099K, committed 12160K, reserved 1048576K
}
Event: 15.694 GC heap after
{Heap after GC invocations=37 (full 0):
 garbage-first heap   total 131072K, used 95082K [0x00000000c0000000, 0x0000000100000000)
  region size 1024K, 2 young (2048K), 2 survivors (2048K)
 Metaspace       used 88069K, capacity 90280K, committed 90364K, reserved 1128448K
  class space    used 11372K, capacity 12099K, committed 12160K, reserved 1048576K
}
Event: 15.853 GC heap before
{Heap before GC invocations=37 (full 0):
 garbage-first heap   total 131072K, used 112490K [0x00000000c0000000, 0x0000000100000000)
  region size 1024K, 19 young (19456K), 2 survivors (2048K)
 Metaspace       used 88637K, capacity 90964K, committed 91260K, reserved 1128448K
  class space    used 11448K, capacity 12190K, committed 12288K, reserved 1048576K
}
Event: 15.857 GC heap after
{Heap after GC invocations=38 (full 0):
 garbage-first heap   total 131072K, used 96555K [0x00000000c0000000, 0x0000000100000000)
  region size 1024K, 3 young (3072K), 3 survivors (3072K)
 Metaspace       used 88637K, capacity 90964K, committed 91260K, reserved 1128448K
  class space    used 11448K, capacity 12190K, committed 12288K, reserved 1048576K
}
Event: 16.038 GC heap before
{Heap before GC invocations=38 (full 0):
 garbage-first heap   total 131072K, used 112939K [0x00000000c0000000, 0x0000000100000000)
  region size 1024K, 19 young (19456K), 3 survivors (3072K)
 Metaspace       used 89964K, capacity 92254K, committed 92412K, reserved 1130496K
  class space    used 11636K, capacity 12364K, committed 12416K, reserved 1048576K
}
Event: 16.043 GC heap after
{Heap after GC invocations=39 (full 0):
 garbage-first heap   total 131072K, used 97977K [0x00000000c0000000, 0x0000000100000000)
  region size 1024K, 3 young (3072K), 3 survivors (3072K)
 Metaspace       used 89964K, capacity 92254K, committed 92412K, reserved 1130496K
  class space    used 11636K, capacity 12364K, committed 12416K, reserved 1048576K
}

Deoptimization events (20 events):
Event: 15.805 Thread 0x0000028d29977800 Uncommon trap: trap_request=0xffffff4d fr.pc=0x0000028d1ab76914 relative=0x0000000000000254
Event: 15.805 Thread 0x0000028d29977800 Uncommon trap: reason=unstable_if action=reinterpret pc=0x0000028d1ab76914 method=jdk.internal.org.objectweb.asm.Type.getType([CI)Ljdk/internal/org/objectweb/asm/Type; @ 3 c2
Event: 15.805 Thread 0x0000028d29977800 DEOPT PACKING pc=0x0000028d1ab76914 sp=0x000000e7357f7db0
Event: 15.805 Thread 0x0000028d29977800 DEOPT UNPACKING pc=0x0000028d12b974af sp=0x000000e7357f7d78 mode 2
Event: 15.841 Thread 0x0000028d29977800 DEOPT PACKING pc=0x0000028d13885870 sp=0x000000e7357fa2e0
Event: 15.841 Thread 0x0000028d29977800 DEOPT UNPACKING pc=0x0000028d12b972ce sp=0x000000e7357f97b8 mode 0
Event: 15.869 Thread 0x0000028d29977800 DEOPT PACKING pc=0x0000028d13885870 sp=0x000000e7357f9df0
Event: 15.869 Thread 0x0000028d29977800 DEOPT UNPACKING pc=0x0000028d12b972ce sp=0x000000e7357f92c8 mode 0
Event: 15.874 Thread 0x0000028d29977800 Uncommon trap: trap_request=0xffffff4d fr.pc=0x0000028d1a9dfa88 relative=0x0000000000000968
Event: 15.874 Thread 0x0000028d29977800 Uncommon trap: reason=unstable_if action=reinterpret pc=0x0000028d1a9dfa88 method=com.sun.beans.introspect.MethodInfo$MethodOrder.compare(Ljava/lang/reflect/Method;Ljava/lang/reflect/Method;)I @ 124 c2
Event: 15.874 Thread 0x0000028d29977800 DEOPT PACKING pc=0x0000028d1a9dfa88 sp=0x000000e7357f7da0
Event: 15.874 Thread 0x0000028d29977800 DEOPT UNPACKING pc=0x0000028d12b974af sp=0x000000e7357f7d40 mode 2
Event: 15.908 Thread 0x0000028d29977800 DEOPT PACKING pc=0x0000028d137ad66b sp=0x000000e7357f9940
Event: 15.908 Thread 0x0000028d29977800 DEOPT UNPACKING pc=0x0000028d12b972ce sp=0x000000e7357f8da0 mode 0
Event: 15.909 Thread 0x0000028d29977800 Uncommon trap: trap_request=0xffffff4d fr.pc=0x0000028d1a8bc1f0 relative=0x0000000000001730
Event: 15.909 Thread 0x0000028d29977800 Uncommon trap: reason=unstable_if action=reinterpret pc=0x0000028d1a8bc1f0 method=org.codehaus.groovy.runtime.metaclass.MetaMethodIndex.addMethodToList(Ljava/lang/Object;Lgroovy/lang/MetaMethod;)Ljava/lang/Object; @ 256 c2
Event: 15.909 Thread 0x0000028d29977800 DEOPT PACKING pc=0x0000028d1a8bc1f0 sp=0x000000e7357f9990
Event: 15.909 Thread 0x0000028d29977800 DEOPT UNPACKING pc=0x0000028d12b974af sp=0x000000e7357f9938 mode 2
Event: 15.910 Thread 0x0000028d29977800 DEOPT PACKING pc=0x0000028d13885870 sp=0x000000e7357f9a60
Event: 15.910 Thread 0x0000028d29977800 DEOPT UNPACKING pc=0x0000028d12b972ce sp=0x000000e7357f8f38 mode 0

Classes redefined (0 events):
No events

Internal exceptions (20 events):
Event: 15.887 Thread 0x0000028d29977800 Exception <a 'java/lang/ClassNotFoundException'{0x00000000c7c305e0}: org/gradle/plugins/ide/idea/model/IdeaModel_DecoratedBeanInfo> (0x00000000c7c305e0) thrown at [./src/hotspot/share/classfile/systemDictionary.cpp, line 231]
Event: 15.887 Thread 0x0000028d29977800 Exception <a 'java/lang/ClassNotFoundException'{0x00000000c7c4a528}: org/gradle/plugins/ide/idea/model/IdeaModelBeanInfo> (0x00000000c7c4a528) thrown at [./src/hotspot/share/classfile/systemDictionary.cpp, line 231]
Event: 15.888 Thread 0x0000028d29977800 Exception <a 'java/lang/ClassNotFoundException'{0x00000000c7c646c0}: org/gradle/plugins/ide/idea/model/IdeaModelCustomizer> (0x00000000c7c646c0) thrown at [./src/hotspot/share/classfile/systemDictionary.cpp, line 231]
Event: 15.889 Thread 0x0000028d29977800 Exception <a 'java/lang/ClassNotFoundException'{0x00000000c7c8f970}: org/gradle/plugins/ide/idea/model/IdeaModel_DecoratedCustomizer> (0x00000000c7c8f970) thrown at [./src/hotspot/share/classfile/systemDictionary.cpp, line 231]
Event: 15.893 Thread 0x0000028d29977800 Exception <a 'java/lang/ClassNotFoundException'{0x00000000c7cdb9e8}: org/jetbrains/plugins/gradle/tooling/util/JavaPluginUtilBeanInfo> (0x00000000c7cdb9e8) thrown at [./src/hotspot/share/classfile/systemDictionary.cpp, line 231]
Event: 15.894 Thread 0x0000028d29977800 Exception <a 'java/lang/ClassNotFoundException'{0x00000000c7ce96b0}: org/jetbrains/plugins/gradle/tooling/util/JavaPluginUtilCustomizer> (0x00000000c7ce96b0) thrown at [./src/hotspot/share/classfile/systemDictionary.cpp, line 231]
Event: 15.912 Thread 0x0000028d29977800 Exception <a 'java/lang/ClassNotFoundException'{0x00000000c78c4148}: org/gradle/api/internal/tasks/DefaultTaskContainer_DecoratedBeanInfo> (0x00000000c78c4148) thrown at [./src/hotspot/share/classfile/systemDictionary.cpp, line 231]
Event: 15.913 Thread 0x0000028d29977800 Exception <a 'java/lang/ClassNotFoundException'{0x00000000c78d5190}: org/gradle/api/internal/tasks/DefaultTaskContainerBeanInfo> (0x00000000c78d5190) thrown at [./src/hotspot/share/classfile/systemDictionary.cpp, line 231]
Event: 15.913 Thread 0x0000028d29977800 Exception <a 'java/lang/ClassNotFoundException'{0x00000000c78e6aa0}: org/gradle/api/internal/tasks/DefaultTaskCollectionBeanInfo> (0x00000000c78e6aa0) thrown at [./src/hotspot/share/classfile/systemDictionary.cpp, line 231]
Event: 15.913 Thread 0x0000028d29977800 Exception <a 'java/lang/ClassNotFoundException'{0x00000000c78f8110}: org/gradle/api/internal/tasks/DefaultTaskCollectionCustomizer> (0x00000000c78f8110) thrown at [./src/hotspot/share/classfile/systemDictionary.cpp, line 231]
Event: 15.915 Thread 0x0000028d29977800 Exception <a 'java/lang/ClassNotFoundException'{0x00000000c7733598}: org/gradle/api/internal/tasks/DefaultTaskContainerCustomizer> (0x00000000c7733598) thrown at [./src/hotspot/share/classfile/systemDictionary.cpp, line 231]
Event: 15.917 Thread 0x0000028d29977800 Exception <a 'java/lang/ClassNotFoundException'{0x00000000c778f788}: org/gradle/api/internal/tasks/DefaultTaskContainer_DecoratedCustomizer> (0x00000000c778f788) thrown at [./src/hotspot/share/classfile/systemDictionary.cpp, line 231]
Event: 15.934 Thread 0x0000028d29977800 Exception <a 'java/lang/ClassNotFoundException'{0x00000000c7680eb0}: org/gradle/api/tasks/SourceSetBeanInfo> (0x00000000c7680eb0) thrown at [./src/hotspot/share/classfile/systemDictionary.cpp, line 231]
Event: 15.934 Thread 0x0000028d29977800 Exception <a 'java/lang/ClassNotFoundException'{0x00000000c7696720}: org/gradle/api/tasks/SourceSetCustomizer> (0x00000000c7696720) thrown at [./src/hotspot/share/classfile/systemDictionary.cpp, line 231]
Event: 15.937 Thread 0x0000028d29977800 Exception <a 'java/lang/ClassNotFoundException'{0x00000000c7512758}: java/util/LinkedHashMapBeanInfo> (0x00000000c7512758) thrown at [./src/hotspot/share/classfile/systemDictionary.cpp, line 231]
Event: 15.937 Thread 0x0000028d29977800 Exception <a 'java/lang/ClassNotFoundException'{0x00000000c75197e8}: java/util/HashMapBeanInfo> (0x00000000c75197e8) thrown at [./src/hotspot/share/classfile/systemDictionary.cpp, line 231]
Event: 15.937 Thread 0x0000028d29977800 Exception <a 'java/lang/ClassNotFoundException'{0x00000000c7521168}: java/util/AbstractMapBeanInfo> (0x00000000c7521168) thrown at [./src/hotspot/share/classfile/systemDictionary.cpp, line 231]
Event: 15.938 Thread 0x0000028d29977800 Exception <a 'java/lang/ClassNotFoundException'{0x00000000c7528ac0}: java/util/AbstractMapCustomizer> (0x00000000c7528ac0) thrown at [./src/hotspot/share/classfile/systemDictionary.cpp, line 231]
Event: 15.938 Thread 0x0000028d29977800 Exception <a 'java/lang/ClassNotFoundException'{0x00000000c753a050}: java/util/HashMapCustomizer> (0x00000000c753a050) thrown at [./src/hotspot/share/classfile/systemDictionary.cpp, line 231]
Event: 15.939 Thread 0x0000028d29977800 Exception <a 'java/lang/ClassNotFoundException'{0x00000000c7558d20}: java/util/LinkedHashMapCustomizer> (0x00000000c7558d20) thrown at [./src/hotspot/share/classfile/systemDictionary.cpp, line 231]

Events (20 events):
Event: 16.087 loading class com/google/common/base/CharMatcher$NegatedFastMatcher
Event: 16.087 loading class com/google/common/base/CharMatcher$NegatedFastMatcher done
Event: 16.087 loading class com/google/common/base/CharMatcher$IsEither
Event: 16.087 loading class com/google/common/base/CharMatcher$IsEither done
Event: 16.088 loading class com/google/common/base/CharMatcher$BitSetMatcher
Event: 16.088 loading class com/google/common/base/CharMatcher$BitSetMatcher done
Event: 16.088 loading class com/google/common/base/CharMatcher$Whitespace
Event: 16.088 loading class com/google/common/base/CharMatcher$Whitespace done
Event: 16.088 loading class com/google/common/base/CharMatcher$SingleWidth
Event: 16.088 loading class com/google/common/base/CharMatcher$SingleWidth done
Event: 16.089 loading class com/google/common/base/CharMatcher$IsNot
Event: 16.089 loading class com/google/common/base/CharMatcher$IsNot done
Event: 16.089 loading class com/google/common/base/CharMatcher$JavaIsoControl
Event: 16.089 loading class com/google/common/base/CharMatcher$JavaIsoControl done
Event: 16.089 loading class com/google/common/base/CharMatcher$Invisible
Event: 16.089 loading class com/google/common/base/CharMatcher$Invisible done
Event: 16.090 loading class com/google/common/base/CharMatcher$AnyOf
Event: 16.090 loading class com/google/common/base/CharMatcher$AnyOf done
Event: 16.090 loading class com/google/common/base/Preconditions
Event: 16.090 loading class com/google/common/base/Preconditions done


Dynamic libraries:
0x00007ff636f50000 - 0x00007ff636f5a000 	C:\Program Files\Android\Android Studio1\jre\bin\java.exe
0x00007ffa0fb90000 - 0x00007ffa0fd85000 	C:\WINDOWS\SYSTEM32\ntdll.dll
0x00007ffa0ef40000 - 0x00007ffa0effd000 	C:\WINDOWS\System32\KERNEL32.DLL
0x00007ffa0d6f0000 - 0x00007ffa0d9b9000 	C:\WINDOWS\System32\KERNELBASE.dll
0x00007ffa0d550000 - 0x00007ffa0d650000 	C:\WINDOWS\System32\ucrtbase.dll
0x00007ffa05c00000 - 0x00007ffa05c19000 	C:\Program Files\Android\Android Studio1\jre\bin\jli.dll
0x00007ffa05be0000 - 0x00007ffa05bf7000 	C:\Program Files\Android\Android Studio1\jre\bin\VCRUNTIME140.dll
0x00007ffa0dcf0000 - 0x00007ffa0de90000 	C:\WINDOWS\System32\USER32.dll
0x00007ffa0d2d0000 - 0x00007ffa0d2f2000 	C:\WINDOWS\System32\win32u.dll
0x00007ffa0ea80000 - 0x00007ffa0eaaa000 	C:\WINDOWS\System32\GDI32.dll
0x00007ff9f9df0000 - 0x00007ff9fa08a000 	C:\WINDOWS\WinSxS\amd64_microsoft.windows.common-controls_6595b64144ccf1df_6.0.19041.1110_none_60b5254171f9507e\COMCTL32.dll
0x00007ffa0d360000 - 0x00007ffa0d46b000 	C:\WINDOWS\System32\gdi32full.dll
0x00007ffa0d650000 - 0x00007ffa0d6ed000 	C:\WINDOWS\System32\msvcp_win.dll
0x00007ffa0f010000 - 0x00007ffa0f0ae000 	C:\WINDOWS\System32\msvcrt.dll
0x00007ffa0ee60000 - 0x00007ffa0ee90000 	C:\WINDOWS\System32\IMM32.DLL
0x00007ff9d65f0000 - 0x00007ff9d668d000 	C:\Program Files\Android\Android Studio1\jre\bin\msvcp140.dll
0x00007ff9ba910000 - 0x00007ff9bb3cc000 	C:\Program Files\Android\Android Studio1\jre\bin\server\jvm.dll
0x00007ffa0ee90000 - 0x00007ffa0ef3c000 	C:\WINDOWS\System32\ADVAPI32.dll
0x00007ffa0e7b0000 - 0x00007ffa0e84b000 	C:\WINDOWS\System32\sechost.dll
0x00007ffa0e210000 - 0x00007ffa0e33a000 	C:\WINDOWS\System32\RPCRT4.dll
0x00007ffa0ed10000 - 0x00007ffa0ed18000 	C:\WINDOWS\System32\PSAPI.DLL
0x00007ffa05b70000 - 0x00007ffa05b79000 	C:\WINDOWS\SYSTEM32\WSOCK32.dll
0x00007ffa04a60000 - 0x00007ffa04a6a000 	C:\WINDOWS\SYSTEM32\VERSION.dll
0x00007ffa02310000 - 0x00007ffa02337000 	C:\WINDOWS\SYSTEM32\WINMM.dll
0x00007ffa0e9a0000 - 0x00007ffa0ea0b000 	C:\WINDOWS\System32\WS2_32.dll
0x00007ffa0bb90000 - 0x00007ffa0bba2000 	C:\WINDOWS\SYSTEM32\kernel.appcore.dll
0x00007ffa058b0000 - 0x00007ffa058c1000 	C:\Program Files\Android\Android Studio1\jre\bin\verify.dll
0x00007ffa0afb0000 - 0x00007ffa0b194000 	C:\WINDOWS\SYSTEM32\DBGHELP.DLL
0x00007ff9fbe70000 - 0x00007ff9fbe9c000 	C:\WINDOWS\SYSTEM32\dbgcore.DLL
0x00007ffa0d4c0000 - 0x00007ffa0d543000 	C:\WINDOWS\System32\bcryptPrimitives.dll
0x00007ffa05880000 - 0x00007ffa058a9000 	C:\Program Files\Android\Android Studio1\jre\bin\java.dll
0x00007ffa07860000 - 0x00007ffa0786b000 	C:\Program Files\Android\Android Studio1\jre\bin\jimage.dll
0x00007ffa01800000 - 0x00007ffa01818000 	C:\Program Files\Android\Android Studio1\jre\bin\zip.dll
0x00007ffa0f0b0000 - 0x00007ffa0f7ef000 	C:\WINDOWS\System32\SHELL32.dll
0x00007ffa0b3e0000 - 0x00007ffa0bb71000 	C:\WINDOWS\SYSTEM32\windows.storage.dll
0x00007ffa0f7f0000 - 0x00007ffa0fb45000 	C:\WINDOWS\System32\combase.dll
0x00007ffa0cd40000 - 0x00007ffa0cd6c000 	C:\WINDOWS\SYSTEM32\Wldp.dll
0x00007ffa0de90000 - 0x00007ffa0df3e000 	C:\WINDOWS\System32\SHCORE.dll
0x00007ffa0ea10000 - 0x00007ffa0ea65000 	C:\WINDOWS\System32\shlwapi.dll
0x00007ffa0d210000 - 0x00007ffa0d22f000 	C:\WINDOWS\SYSTEM32\profapi.dll
0x00007ffa017e0000 - 0x00007ffa017fa000 	C:\Program Files\Android\Android Studio1\jre\bin\net.dll
0x00007ffa014f0000 - 0x00007ffa015fa000 	C:\WINDOWS\SYSTEM32\WINHTTP.dll
0x00007ffa0ca30000 - 0x00007ffa0ca9a000 	C:\WINDOWS\system32\mswsock.dll
0x00007ffa00c50000 - 0x00007ffa00c64000 	C:\Program Files\Android\Android Studio1\jre\bin\nio.dll
0x00007ff9fb720000 - 0x00007ff9fb747000 	C:\Users\Dark Knight\.gradle\native\fdc75f09e3144964f2cf3f50f0aa648679c211496f362492102eb8c894070792\windows-amd64\native-platform.dll
0x00007ff9c1c60000 - 0x00007ff9c1df6000 	C:\Users\Dark Knight\.gradle\native\12488b8bf47d2d4c9fbf2f6322a914ad602e24e48041cd04a747c6da556b65c4\windows-amd64\native-platform-file-events.dll
0x00007ffa07580000 - 0x00007ffa0758a000 	C:\Program Files\Android\Android Studio1\jre\bin\management.dll
0x00007ffa06840000 - 0x00007ffa0684c000 	C:\Program Files\Android\Android Studio1\jre\bin\management_ext.dll
0x00007ffa0cc40000 - 0x00007ffa0cc58000 	C:\WINDOWS\SYSTEM32\CRYPTSP.dll
0x00007ffa0c370000 - 0x00007ffa0c3a4000 	C:\WINDOWS\system32\rsaenh.dll
0x00007ffa0da70000 - 0x00007ffa0da97000 	C:\WINDOWS\System32\bcrypt.dll
0x00007ffa0d1d0000 - 0x00007ffa0d1fe000 	C:\WINDOWS\SYSTEM32\USERENV.dll
0x00007ffa0cc30000 - 0x00007ffa0cc3c000 	C:\WINDOWS\SYSTEM32\CRYPTBASE.dll
0x00007ffa0c720000 - 0x00007ffa0c75b000 	C:\WINDOWS\SYSTEM32\IPHLPAPI.DLL
0x00007ffa0f000000 - 0x00007ffa0f008000 	C:\WINDOWS\System32\NSI.dll
0x00007ffa034e0000 - 0x00007ffa034f7000 	C:\WINDOWS\SYSTEM32\dhcpcsvc6.DLL
0x00007ffa03da0000 - 0x00007ffa03dbd000 	C:\WINDOWS\SYSTEM32\dhcpcsvc.DLL
0x00007ffa0c760000 - 0x00007ffa0c82c000 	C:\WINDOWS\SYSTEM32\DNSAPI.dll
0x00007ffa04a70000 - 0x00007ffa04a7b000 	C:\WINDOWS\SYSTEM32\WINNSI.DLL

dbghelp: loaded successfully - version: 4.0.5 - missing functions: none
symbol engine: initialized successfully - sym options: 0x614 - pdb path: .;C:\Program Files\Android\Android Studio1\jre\bin;C:\WINDOWS\SYSTEM32;C:\WINDOWS\WinSxS\amd64_microsoft.windows.common-controls_6595b64144ccf1df_6.0.19041.1110_none_60b5254171f9507e;C:\Program Files\Android\Android Studio1\jre\bin\server;C:\Users\Dark Knight\.gradle\native\fdc75f09e3144964f2cf3f50f0aa648679c211496f362492102eb8c894070792\windows-amd64;C:\Users\Dark Knight\.gradle\native\12488b8bf47d2d4c9fbf2f6322a914ad602e24e48041cd04a747c6da556b65c4\windows-amd64

VM Arguments:
jvm_args: --add-opens=java.base/java.util=ALL-UNNAMED --add-opens=java.base/java.lang=ALL-UNNAMED --add-opens=java.base/java.lang.invoke=ALL-UNNAMED --add-opens=java.prefs/java.util.prefs=ALL-UNNAMED -Xmx1024m -Dfile.encoding=windows-1252 -Duser.country=IN -Duser.language=en -Duser.variant 
java_command: org.gradle.launcher.daemon.bootstrap.GradleDaemon 6.7.1
java_class_path (initial): C:\Users\Dark Knight\.gradle\wrapper\dists\gradle-6.7.1-bin\bwlcbys1h7rz3272sye1xwiv6\gradle-6.7.1\lib\gradle-launcher-6.7.1.jar
Launcher Type: SUN_STANDARD

[Global flags]
     intx CICompilerCount                          = 4                                         {product} {ergonomic}
     uint ConcGCThreads                            = 2                                         {product} {ergonomic}
     uint G1ConcRefinementThreads                  = 8                                         {product} {ergonomic}
   size_t G1HeapRegionSize                         = 1048576                                   {product} {ergonomic}
    uintx GCDrainStackTargetSize                   = 64                                        {product} {ergonomic}
   size_t InitialHeapSize                          = 134217728                                 {product} {ergonomic}
   size_t MarkStackSize                            = 4194304                                   {product} {ergonomic}
   size_t MaxHeapSize                              = 1073741824                                {product} {command line}
   size_t MaxNewSize                               = 643825664                                 {product} {ergonomic}
   size_t MinHeapDeltaBytes                        = 1048576                                   {product} {ergonomic}
    uintx NonNMethodCodeHeapSize                   = 5836300                                {pd product} {ergonomic}
    uintx NonProfiledCodeHeapSize                  = 122910970                              {pd product} {ergonomic}
    uintx ProfiledCodeHeapSize                     = 122910970                              {pd product} {ergonomic}
    uintx ReservedCodeCacheSize                    = 251658240                              {pd product} {ergonomic}
     bool SegmentedCodeCache                       = true                                      {product} {ergonomic}
     bool UseCompressedClassPointers               = true                                 {lp64_product} {ergonomic}
     bool UseCompressedOops                        = true                                 {lp64_product} {ergonomic}
     bool UseG1GC                                  = true                                      {product} {ergonomic}
     bool UseLargePagesIndividualAllocation        = false                                  {pd product} {ergonomic}

Logging:
Log output configuration:
 #0: stdout all=warning uptime,level,tags
 #1: stderr all=off uptime,level,tags

Environment Variables:
PATH=C:\Windows\system32;C:\Windows;C:\Windows\System32\Wbem;C:\Windows\System32\WindowsPowerShell\v1.0\;C:\Windows\System32\OpenSSH\;C:\Program Files (x86)\NVIDIA Corporation\PhysX\Common;C:\Program Files\NVIDIA Corporation\NVIDIA NvDLISR;C:\WINDOWS\system32;C:\WINDOWS;C:\WINDOWS\System32\Wbem;C:\WINDOWS\System32\WindowsPowerShell\v1.0\;C:\WINDOWS\System32\OpenSSH\;C:\MinGW\bin;C:\Program Files\MEGA-X;C:\WINDOWS\system32;C:\WINDOWS;C:\WINDOWS\System32\Wbem;C:\WINDOWS\System32\WindowsPowerShell\v1.0\;C:\WINDOWS\System32\OpenSSH\;C:\Program Files\Git\cmd;C:\Users\Dark Knight\AppData\Local\Microsoft\WindowsApps;C:\Users\Dark Knight\AppData\Local\atom\bin;C:\Program Files (x86)\Microsoft Visual Studio\2019\BuildTools\MSBuild\Current\Bin;C:\Users\Dark Knight\AppData\Local\Microsoft\WindowsApps
USERNAME=Dark Knight
OS=Windows_NT
PROCESSOR_IDENTIFIER=Intel64 Family 6 Model 158 Stepping 10, GenuineIntel



---------------  S Y S T E M  ---------------

OS: Windows 10 , 64 bit Build 19041 (10.0.19041.1023)
OS uptime: 9 days 23:01 hours

CPU:total 8 (initial active 8) (4 cores per cpu, 2 threads per core) family 6 model 158 stepping 10, cmov, cx8, fxsr, mmx, sse, sse2, sse3, ssse3, sse4.1, sse4.2, popcnt, avx, avx2, aes, clmul, erms, 3dnowpref, lzcnt, ht, tsc, tscinvbit, bmi1, bmi2, adx, fma

Memory: 4k page, system-wide physical 8112M (672M free)
TotalPageFile size 12208M (AvailPageFile size 5M)
current process WorkingSet (physical memory assigned to process): 398M, peak: 398M
current process commit charge ("private bytes"): 437M, peak: 438M

vm_info: OpenJDK 64-Bit Server VM (11.0.8+10-b944.6842174) for windows-amd64 JRE (11.0.8+10-b944.6842174), built on Sep 19 2020 01:11:42 by "builder" with MS VC++ 14.0 (VS2015)

END.
