#
# There is insufficient memory for the Java Runtime Environment to continue.
# Native memory allocation (malloc) failed to allocate 1060496 bytes for Chunk::new
# Possible reasons:
#   The system is out of physical RAM or swap space
#   The process is running with CompressedOops enabled, and the Java Heap may be blocking the growth of the native heap
# Possible solutions:
#   Reduce memory load on the system
#   Increase physical memory or swap space
#   Check if swap backing store is full
#   Decrease Java heap size (-Xmx/-Xms)
#   Decrease number of Java threads
#   Decrease Java thread stack sizes (-Xss)
#   Set larger code cache with -XX:ReservedCodeCacheSize=
#   JVM is running with Unscaled Compressed Oops mode in which the Java heap is
#     placed in the first 4GB address space. The Java Heap base address is the
#     maximum limit for the native heap growth. Please use -XX:HeapBaseMinAddress
#     to set the Java Heap base and to place the Java Heap above 4GB virtual address.
# This output file may be truncated or incomplete.
#
#  Out of Memory Error (./src/hotspot/share/memory/arena.cpp:197), pid=27760, tid=13432
#
# JRE version: OpenJDK Runtime Environment (11.0.8+10) (build 11.0.8+10-b944.6842174)
# Java VM: OpenJDK 64-Bit Server VM (11.0.8+10-b944.6842174, mixed mode, tiered, compressed oops, g1 gc, windows-amd64)
# No core dump will be written. Minidumps are not enabled by default on client versions of Windows
#

---------------  S U M M A R Y ------------

Command Line: --add-opens=java.base/java.util=ALL-UNNAMED --add-opens=java.base/java.lang=ALL-UNNAMED --add-opens=java.base/java.lang.invoke=ALL-UNNAMED --add-opens=java.prefs/java.util.prefs=ALL-UNNAMED -Xmx2048m -Dfile.encoding=UTF-8 -Duser.country=IN -Duser.language=en -Duser.variant org.gradle.launcher.daemon.bootstrap.GradleDaemon 6.7.1

Host: Intel(R) Core(TM) i5-9300H CPU @ 2.40GHz, 8 cores, 7G,  Windows 10 , 64 bit Build 19041 (10.0.19041.1023)
Time: Wed Jul 28 17:16:37 2021 India Standard Time elapsed time: 44 seconds (0d 0h 0m 44s)

---------------  T H R E A D  ---------------

Current thread (0x000001a64a1f8800):  JavaThread "C2 CompilerThread0" daemon [_thread_in_native, id=13432, stack(0x000000934e800000,0x000000934e900000)]


Current CompileTask:
C2:  44713 16535       4       com.android.tools.r8.ir.conversion.o::a (1157 bytes)

Stack: [0x000000934e800000,0x000000934e900000]
Native frames: (J=compiled Java code, j=interpreted, Vv=VM code, C=native code)
V  [jvm.dll+0x5de50a]
V  [jvm.dll+0x7122f5]
V  [jvm.dll+0x71384d]
V  [jvm.dll+0x713f03]
V  [jvm.dll+0x23e728]
V  [jvm.dll+0xb899c]
V  [jvm.dll+0xb8e9c]
V  [jvm.dll+0x2b20e4]
V  [jvm.dll+0x502098]
V  [jvm.dll+0x1ff393]
V  [jvm.dll+0x1f917c]
V  [jvm.dll+0x1f685f]
V  [jvm.dll+0x17f32c]
V  [jvm.dll+0x205047]
V  [jvm.dll+0x203891]
V  [jvm.dll+0x6dad3f]
V  [jvm.dll+0x6d3895]
V  [jvm.dll+0x5dd4a6]
C  [ucrtbase.dll+0x21bb2]
C  [KERNEL32.DLL+0x17034]
C  [ntdll.dll+0x52651]


---------------  P R O C E S S  ---------------

Threads class SMR info:
_java_thread_list=0x000001a654ae7210, length=178, elements={
0x000001a62ed8a000, 0x000001a649861000, 0x000001a649864000, 0x000001a64a1f6800,
0x000001a64a1f7800, 0x000001a64a1f8800, 0x000001a64a1ff800, 0x000001a649879800,
0x000001a64a33f000, 0x000001a64a346000, 0x000001a64ca35000, 0x000001a64a437000,
0x000001a64bc8a000, 0x000001a64c078800, 0x000001a64b02f800, 0x000001a64c48f800,
0x000001a64c490000, 0x000001a64c48c000, 0x000001a64c48d000, 0x000001a64c48e800,
0x000001a64c48a800, 0x000001a64c491000, 0x000001a64c48b800, 0x000001a64e58d800,
0x000001a64e58b800, 0x000001a64e58a000, 0x000001a64e58b000, 0x000001a64e58c800,
0x000001a64e587800, 0x000001a64e58e000, 0x000001a64e588800, 0x000001a64e58f000,
0x000001a64e589800, 0x000001a64e592000, 0x000001a64e594800, 0x000001a64e590000,
0x000001a64e596800, 0x000001a64e591800, 0x000001a64e593000, 0x000001a64c575000,
0x000001a64c56f800, 0x000001a64c57a000, 0x000001a64c574000, 0x000001a64c57a800,
0x000001a64c57d000, 0x000001a64c57e000, 0x000001a64c57b800, 0x000001a64c57c800,
0x000001a650fb1800, 0x000001a650fb2000, 0x000001a650faf000, 0x000001a650fb0800,
0x000001a650fad000, 0x000001a650faf800, 0x000001a650fac800, 0x000001a650fae000,
0x000001a650fb3000, 0x000001a650fb7000, 0x000001a650fb5800, 0x000001a650fb4000,
0x000001a650fb6000, 0x000001a650fb8000, 0x000001a650fb8800, 0x000001a650fba800,
0x000001a650fb9800, 0x000001a650fb4800, 0x000001a650fbb000, 0x000001a6511bf000,
0x000001a6511c0000, 0x000001a6511c0800, 0x000001a6511c4000, 0x000001a6511be800,
0x000001a6511c7800, 0x000001a6511c6800, 0x000001a6511c1800, 0x000001a6511c5000,
0x000001a6511c8000, 0x000001a6511c5800, 0x000001a6511c2800, 0x000001a6511c9000,
0x000001a6511c3000, 0x000001a6511c9800, 0x000001a6511cc000, 0x000001a6511ca800,
0x000001a6511cb800, 0x000001a6511cd000, 0x000001a64cbec000, 0x000001a64cbe6800,
0x000001a64cbed000, 0x000001a64cbe7000, 0x000001a64cbeb000, 0x000001a64cbed800,
0x000001a64cbe9800, 0x000001a64cbe8000, 0x000001a64cbe8800, 0x000001a64cbee800,
0x000001a64cbef800, 0x000001a64cbea800, 0x000001a64cbf0000, 0x000001a64cbf1800,
0x000001a64cbf4000, 0x000001a64cbf5000, 0x000001a64cbf1000, 0x000001a64cbf3800,
0x000001a64cbf2800, 0x000001a650fcf000, 0x000001a650fd0800, 0x000001a650fcf800,
0x000001a650fd1800, 0x000001a650fce000, 0x000001a650fd2000, 0x000001a650fcc800,
0x000001a650fd3000, 0x000001a650fcd000, 0x000001a650fd4000, 0x000001a650fda800,
0x000001a650fd7000, 0x000001a650fd8800, 0x000001a650fd4800, 0x000001a650fdb000,
0x000001a650fd5800, 0x000001a650fd9800, 0x000001a650fd6000, 0x000001a650fd8000,
0x000001a6513e9000, 0x000001a6513ee000, 0x000001a6513ec000, 0x000001a6513e8000,
0x000001a6513ee800, 0x000001a6513ea800, 0x000001a6513e9800, 0x000001a6513eb800,
0x000001a6513ed000, 0x000001a650e1a800, 0x000001a650e1b800, 0x000001a650e21000,
0x000001a650e1e000, 0x000001a650e1e800, 0x000001a650e1f800, 0x000001a650e22000,
0x000001a650e1d000, 0x000001a650e1c000, 0x000001a650e22800, 0x000001a650e27000,
0x000001a650e25000, 0x000001a650e28800, 0x000001a650e29800, 0x000001a650e24800,
0x000001a650e23800, 0x000001a650e27800, 0x000001a650e26000, 0x000001a64c570000,
0x000001a64c576000, 0x000001a64c573800, 0x000001a64c576800, 0x000001a64c577800,
0x000001a64c572000, 0x000001a64c578800, 0x000001a64c572800, 0x000001a64c579000,
0x000001a64e594000, 0x000001a64e595800, 0x000001a64c48d800, 0x000001a64af5b800,
0x000001a64af56800, 0x000001a64af5a800, 0x000001a64af59800, 0x000001a64af57800,
0x000001a64af55800, 0x000001a64af5e000, 0x000001a64af58000, 0x000001a64af5c000,
0x000001a64af5e800, 0x000001a64af5d000, 0x000001a64af59000, 0x000001a64af63800,
0x000001a64af61000, 0x000001a64af60800
}

Java Threads: ( => current thread )
  0x000001a62ed8a000 JavaThread "main" [_thread_blocked, id=41600, stack(0x000000934dd00000,0x000000934de00000)]
  0x000001a649861000 JavaThread "Reference Handler" daemon [_thread_blocked, id=36436, stack(0x000000934e400000,0x000000934e500000)]
  0x000001a649864000 JavaThread "Finalizer" daemon [_thread_blocked, id=14116, stack(0x000000934e500000,0x000000934e600000)]
  0x000001a64a1f6800 JavaThread "Signal Dispatcher" daemon [_thread_blocked, id=36728, stack(0x000000934e600000,0x000000934e700000)]
  0x000001a64a1f7800 JavaThread "Attach Listener" daemon [_thread_blocked, id=25612, stack(0x000000934e700000,0x000000934e800000)]
=>0x000001a64a1f8800 JavaThread "C2 CompilerThread0" daemon [_thread_in_native, id=13432, stack(0x000000934e800000,0x000000934e900000)]
  0x000001a64a1ff800 JavaThread "C1 CompilerThread0" daemon [_thread_in_native, id=38996, stack(0x000000934e900000,0x000000934ea00000)]
  0x000001a649879800 JavaThread "Sweeper thread" daemon [_thread_blocked, id=14752, stack(0x000000934ea00000,0x000000934eb00000)]
  0x000001a64a33f000 JavaThread "Common-Cleaner" daemon [_thread_blocked, id=31044, stack(0x000000934eb00000,0x000000934ec00000)]
  0x000001a64a346000 JavaThread "Service Thread" daemon [_thread_blocked, id=20584, stack(0x000000934ec00000,0x000000934ed00000)]
  0x000001a64ca35000 JavaThread "Daemon health stats" [_thread_blocked, id=27120, stack(0x000000934f200000,0x000000934f300000)]
  0x000001a64a437000 JavaThread "Incoming local TCP Connector on port 50019" [_thread_in_native, id=34792, stack(0x000000934f300000,0x000000934f400000)]
  0x000001a64bc8a000 JavaThread "Daemon periodic checks" [_thread_blocked, id=14740, stack(0x000000934f400000,0x000000934f500000)]
  0x000001a64c078800 JavaThread "Daemon" [_thread_blocked, id=37180, stack(0x000000934f500000,0x000000934f600000)]
  0x000001a64b02f800 JavaThread "Daemon worker" [_thread_blocked, id=20676, stack(0x000000934f800000,0x000000934f900000)]
  0x000001a64c48f800 JavaThread "Cache worker for file hash cache (C:\Users\Dark Knight\.gradle\caches\6.7.1\fileHashes)" [_thread_blocked, id=17632, stack(0x0000009350100000,0x0000009350200000)]
  0x000001a64c490000 JavaThread "File lock request listener" [_thread_in_native, id=684, stack(0x0000009350200000,0x0000009350300000)]
  0x000001a64c48c000 JavaThread "Cache worker for journal cache (C:\Users\Dark Knight\.gradle\caches\journal-1)" [_thread_blocked, id=37284, stack(0x0000009350400000,0x0000009350500000)]
  0x000001a64c48d000 JavaThread "jar transforms" [_thread_blocked, id=17344, stack(0x0000009350800000,0x0000009350900000)]
  0x000001a64c48e800 JavaThread "jar transforms Thread 2" [_thread_blocked, id=38652, stack(0x0000009350900000,0x0000009350a00000)]
  0x000001a64c48a800 JavaThread "jar transforms Thread 3" [_thread_blocked, id=29760, stack(0x0000009350a00000,0x0000009350b00000)]
  0x000001a64c491000 JavaThread "jar transforms Thread 4" [_thread_blocked, id=30540, stack(0x0000009350b00000,0x0000009350c00000)]
  0x000001a64c48b800 JavaThread "jar transforms Thread 5" [_thread_blocked, id=30608, stack(0x0000009350c00000,0x0000009350d00000)]
  0x000001a64e58d800 JavaThread "jar transforms Thread 6" [_thread_blocked, id=2640, stack(0x0000009350d00000,0x0000009350e00000)]
  0x000001a64e58b800 JavaThread "jar transforms Thread 7" [_thread_blocked, id=36292, stack(0x0000009350e00000,0x0000009350f00000)]
  0x000001a64e58a000 JavaThread "jar transforms Thread 8" [_thread_blocked, id=1852, stack(0x0000009350f00000,0x0000009351000000)]
  0x000001a64e58b000 JavaThread "jar transforms Thread 9" [_thread_blocked, id=34448, stack(0x0000009351000000,0x0000009351100000)]
  0x000001a64e58c800 JavaThread "jar transforms Thread 10" [_thread_blocked, id=10420, stack(0x0000009351100000,0x0000009351200000)]
  0x000001a64e587800 JavaThread "jar transforms Thread 11" [_thread_blocked, id=41704, stack(0x0000009351200000,0x0000009351300000)]
  0x000001a64e58e000 JavaThread "jar transforms Thread 12" [_thread_blocked, id=19232, stack(0x0000009351300000,0x0000009351400000)]
  0x000001a64e588800 JavaThread "jar transforms Thread 13" [_thread_blocked, id=15356, stack(0x0000009351400000,0x0000009351500000)]
  0x000001a64e58f000 JavaThread "jar transforms Thread 14" [_thread_blocked, id=40612, stack(0x0000009351500000,0x0000009351600000)]
  0x000001a64e589800 JavaThread "jar transforms Thread 15" [_thread_blocked, id=1884, stack(0x0000009351600000,0x0000009351700000)]
  0x000001a64e592000 JavaThread "jar transforms Thread 16" [_thread_blocked, id=34476, stack(0x0000009351700000,0x0000009351800000)]
  0x000001a64e594800 JavaThread "jar transforms Thread 17" [_thread_blocked, id=33188, stack(0x0000009351800000,0x0000009351900000)]
  0x000001a64e590000 JavaThread "jar transforms Thread 18" [_thread_blocked, id=39128, stack(0x0000009351900000,0x0000009351a00000)]
  0x000001a64e596800 JavaThread "jar transforms Thread 19" [_thread_blocked, id=22200, stack(0x0000009351a00000,0x0000009351b00000)]
  0x000001a64e591800 JavaThread "jar transforms Thread 20" [_thread_blocked, id=18256, stack(0x0000009351b00000,0x0000009351c00000)]
  0x000001a64e593000 JavaThread "jar transforms Thread 21" [_thread_blocked, id=9756, stack(0x0000009351c00000,0x0000009351d00000)]
  0x000001a64c575000 JavaThread "Cache worker for execution history cache (C:\Users\Dark Knight\.gradle\caches\6.7.1\executionHistory)" [_thread_blocked, id=8952, stack(0x0000009352000000,0x0000009352100000)]
  0x000001a64c56f800 JavaThread "Cache worker for file content cache (C:\Users\Dark Knight\.gradle\caches\6.7.1\fileContent)" [_thread_blocked, id=40768, stack(0x0000009352100000,0x0000009352200000)]
  0x000001a64c57a000 JavaThread "jar transforms Thread 22" [_thread_blocked, id=31580, stack(0x0000009352b00000,0x0000009352c00000)]
  0x000001a64c574000 JavaThread "jar transforms Thread 23" [_thread_blocked, id=20152, stack(0x0000009352c00000,0x0000009352d00000)]
  0x000001a64c57a800 JavaThread "jar transforms Thread 24" [_thread_blocked, id=9004, stack(0x0000009352d00000,0x0000009352e00000)]
  0x000001a64c57d000 JavaThread "jar transforms Thread 25" [_thread_blocked, id=36616, stack(0x0000009352e00000,0x0000009352f00000)]
  0x000001a64c57e000 JavaThread "jar transforms Thread 26" [_thread_blocked, id=33208, stack(0x0000009352f00000,0x0000009353000000)]
  0x000001a64c57b800 JavaThread "jar transforms Thread 27" [_thread_blocked, id=29388, stack(0x0000009353000000,0x0000009353100000)]
  0x000001a64c57c800 JavaThread "jar transforms Thread 28" [_thread_blocked, id=40556, stack(0x0000009353100000,0x0000009353200000)]
  0x000001a650fb1800 JavaThread "jar transforms Thread 29" [_thread_blocked, id=10156, stack(0x0000009353200000,0x0000009353300000)]
  0x000001a650fb2000 JavaThread "jar transforms Thread 30" [_thread_blocked, id=37780, stack(0x0000009353300000,0x0000009353400000)]
  0x000001a650faf000 JavaThread "jar transforms Thread 31" [_thread_blocked, id=33800, stack(0x0000009353400000,0x0000009353500000)]
  0x000001a650fb0800 JavaThread "jar transforms Thread 32" [_thread_blocked, id=27376, stack(0x0000009353500000,0x0000009353600000)]
  0x000001a650fad000 JavaThread "jar transforms Thread 33" [_thread_blocked, id=37256, stack(0x0000009353600000,0x0000009353700000)]
  0x000001a650faf800 JavaThread "jar transforms Thread 34" [_thread_blocked, id=24924, stack(0x0000009353700000,0x0000009353800000)]
  0x000001a650fac800 JavaThread "jar transforms Thread 35" [_thread_blocked, id=19264, stack(0x0000009353800000,0x0000009353900000)]
  0x000001a650fae000 JavaThread "jar transforms Thread 36" [_thread_blocked, id=34796, stack(0x0000009353900000,0x0000009353a00000)]
  0x000001a650fb3000 JavaThread "jar transforms Thread 37" [_thread_blocked, id=15948, stack(0x0000009353a00000,0x0000009353b00000)]
  0x000001a650fb7000 JavaThread "jar transforms Thread 38" [_thread_blocked, id=29600, stack(0x0000009353b00000,0x0000009353c00000)]
  0x000001a650fb5800 JavaThread "jar transforms Thread 39" [_thread_blocked, id=12488, stack(0x0000009353c00000,0x0000009353d00000)]
  0x000001a650fb4000 JavaThread "jar transforms Thread 40" [_thread_blocked, id=32312, stack(0x0000009353d00000,0x0000009353e00000)]
  0x000001a650fb6000 JavaThread "jar transforms Thread 41" [_thread_blocked, id=22944, stack(0x0000009353e00000,0x0000009353f00000)]
  0x000001a650fb8000 JavaThread "jar transforms Thread 42" [_thread_blocked, id=3484, stack(0x0000009353f00000,0x0000009354000000)]
  0x000001a650fb8800 JavaThread "jar transforms Thread 43" [_thread_blocked, id=20024, stack(0x0000009354000000,0x0000009354100000)]
  0x000001a650fba800 JavaThread "jar transforms Thread 44" [_thread_blocked, id=34560, stack(0x0000009354100000,0x0000009354200000)]
  0x000001a650fb9800 JavaThread "jar transforms Thread 45" [_thread_blocked, id=35284, stack(0x0000009354200000,0x0000009354300000)]
  0x000001a650fb4800 JavaThread "jar transforms Thread 46" [_thread_blocked, id=39876, stack(0x0000009354300000,0x0000009354400000)]
  0x000001a650fbb000 JavaThread "jar transforms Thread 47" [_thread_blocked, id=28884, stack(0x0000009354400000,0x0000009354500000)]
  0x000001a6511bf000 JavaThread "jar transforms Thread 48" [_thread_blocked, id=41116, stack(0x0000009354500000,0x0000009354600000)]
  0x000001a6511c0000 JavaThread "jar transforms Thread 49" [_thread_blocked, id=580, stack(0x0000009354600000,0x0000009354700000)]
  0x000001a6511c0800 JavaThread "jar transforms Thread 50" [_thread_blocked, id=7272, stack(0x0000009354700000,0x0000009354800000)]
  0x000001a6511c4000 JavaThread "jar transforms Thread 51" [_thread_blocked, id=35684, stack(0x0000009354800000,0x0000009354900000)]
  0x000001a6511be800 JavaThread "jar transforms Thread 52" [_thread_blocked, id=31800, stack(0x0000009354900000,0x0000009354a00000)]
  0x000001a6511c7800 JavaThread "jar transforms Thread 53" [_thread_blocked, id=13284, stack(0x0000009354a00000,0x0000009354b00000)]
  0x000001a6511c6800 JavaThread "jar transforms Thread 54" [_thread_blocked, id=41520, stack(0x0000009354b00000,0x0000009354c00000)]
  0x000001a6511c1800 JavaThread "jar transforms Thread 55" [_thread_blocked, id=40788, stack(0x0000009354c00000,0x0000009354d00000)]
  0x000001a6511c5000 JavaThread "jar transforms Thread 56" [_thread_blocked, id=38844, stack(0x0000009354d00000,0x0000009354e00000)]
  0x000001a6511c8000 JavaThread "jar transforms Thread 57" [_thread_blocked, id=12412, stack(0x0000009354e00000,0x0000009354f00000)]
  0x000001a6511c5800 JavaThread "jar transforms Thread 58" [_thread_blocked, id=29220, stack(0x0000009354f00000,0x0000009355000000)]
  0x000001a6511c2800 JavaThread "jar transforms Thread 59" [_thread_blocked, id=35560, stack(0x0000009355000000,0x0000009355100000)]
  0x000001a6511c9000 JavaThread "jar transforms Thread 60" [_thread_blocked, id=3392, stack(0x0000009355100000,0x0000009355200000)]
  0x000001a6511c3000 JavaThread "jar transforms Thread 61" [_thread_blocked, id=23400, stack(0x0000009355200000,0x0000009355300000)]
  0x000001a6511c9800 JavaThread "jar transforms Thread 62" [_thread_blocked, id=38112, stack(0x0000009355300000,0x0000009355400000)]
  0x000001a6511cc000 JavaThread "jar transforms Thread 63" [_thread_blocked, id=25244, stack(0x0000009355400000,0x0000009355500000)]
  0x000001a6511ca800 JavaThread "jar transforms Thread 64" [_thread_blocked, id=31548, stack(0x0000009355500000,0x0000009355600000)]
  0x000001a6511cb800 JavaThread "jar transforms Thread 65" [_thread_blocked, id=33140, stack(0x0000009355600000,0x0000009355700000)]
  0x000001a6511cd000 JavaThread "jar transforms Thread 66" [_thread_blocked, id=31868, stack(0x0000009355700000,0x0000009355800000)]
  0x000001a64cbec000 JavaThread "jar transforms Thread 67" [_thread_blocked, id=2364, stack(0x0000009355800000,0x0000009355900000)]
  0x000001a64cbe6800 JavaThread "jar transforms Thread 68" [_thread_blocked, id=12824, stack(0x0000009355900000,0x0000009355a00000)]
  0x000001a64cbed000 JavaThread "jar transforms Thread 69" [_thread_blocked, id=32656, stack(0x0000009355a00000,0x0000009355b00000)]
  0x000001a64cbe7000 JavaThread "jar transforms Thread 70" [_thread_blocked, id=39720, stack(0x0000009355b00000,0x0000009355c00000)]
  0x000001a64cbeb000 JavaThread "jar transforms Thread 71" [_thread_blocked, id=14088, stack(0x0000009355c00000,0x0000009355d00000)]
  0x000001a64cbed800 JavaThread "jar transforms Thread 72" [_thread_blocked, id=39012, stack(0x0000009355d00000,0x0000009355e00000)]
  0x000001a64cbe9800 JavaThread "jar transforms Thread 73" [_thread_blocked, id=26260, stack(0x0000009355e00000,0x0000009355f00000)]
  0x000001a64cbe8000 JavaThread "jar transforms Thread 74" [_thread_blocked, id=24580, stack(0x0000009355f00000,0x0000009356000000)]
  0x000001a64cbe8800 JavaThread "jar transforms Thread 75" [_thread_blocked, id=19532, stack(0x0000009356000000,0x0000009356100000)]
  0x000001a64cbee800 JavaThread "jar transforms Thread 76" [_thread_blocked, id=26540, stack(0x0000009356100000,0x0000009356200000)]
  0x000001a64cbef800 JavaThread "jar transforms Thread 77" [_thread_blocked, id=5408, stack(0x0000009356200000,0x0000009356300000)]
  0x000001a64cbea800 JavaThread "jar transforms Thread 78" [_thread_blocked, id=41932, stack(0x0000009356300000,0x0000009356400000)]
  0x000001a64cbf0000 JavaThread "jar transforms Thread 79" [_thread_blocked, id=20172, stack(0x0000009356400000,0x0000009356500000)]
  0x000001a64cbf1800 JavaThread "jar transforms Thread 80" [_thread_blocked, id=37380, stack(0x0000009356500000,0x0000009356600000)]
  0x000001a64cbf4000 JavaThread "jar transforms Thread 81" [_thread_blocked, id=25980, stack(0x0000009356600000,0x0000009356700000)]
  0x000001a64cbf5000 JavaThread "jar transforms Thread 82" [_thread_blocked, id=30396, stack(0x0000009356700000,0x0000009356800000)]
  0x000001a64cbf1000 JavaThread "jar transforms Thread 83" [_thread_blocked, id=35576, stack(0x0000009356800000,0x0000009356900000)]
  0x000001a64cbf3800 JavaThread "jar transforms Thread 84" [_thread_blocked, id=22844, stack(0x0000009356900000,0x0000009356a00000)]
  0x000001a64cbf2800 JavaThread "jar transforms Thread 85" [_thread_blocked, id=28352, stack(0x0000009356a00000,0x0000009356b00000)]
  0x000001a650fcf000 JavaThread "jar transforms Thread 86" [_thread_blocked, id=36456, stack(0x0000009356b00000,0x0000009356c00000)]
  0x000001a650fd0800 JavaThread "jar transforms Thread 87" [_thread_blocked, id=33268, stack(0x0000009356c00000,0x0000009356d00000)]
  0x000001a650fcf800 JavaThread "jar transforms Thread 88" [_thread_blocked, id=27292, stack(0x0000009356d00000,0x0000009356e00000)]
  0x000001a650fd1800 JavaThread "jar transforms Thread 89" [_thread_blocked, id=21324, stack(0x0000009356e00000,0x0000009356f00000)]
  0x000001a650fce000 JavaThread "jar transforms Thread 90" [_thread_blocked, id=15520, stack(0x0000009356f00000,0x0000009357000000)]
  0x000001a650fd2000 JavaThread "jar transforms Thread 91" [_thread_blocked, id=18260, stack(0x0000009357000000,0x0000009357100000)]
  0x000001a650fcc800 JavaThread "jar transforms Thread 92" [_thread_blocked, id=13916, stack(0x0000009357100000,0x0000009357200000)]
  0x000001a650fd3000 JavaThread "jar transforms Thread 93" [_thread_blocked, id=39888, stack(0x0000009357200000,0x0000009357300000)]
  0x000001a650fcd000 JavaThread "jar transforms Thread 94" [_thread_blocked, id=32676, stack(0x0000009357300000,0x0000009357400000)]
  0x000001a650fd4000 JavaThread "jar transforms Thread 95" [_thread_blocked, id=2864, stack(0x0000009357400000,0x0000009357500000)]
  0x000001a650fda800 JavaThread "jar transforms Thread 96" [_thread_blocked, id=37552, stack(0x0000009357500000,0x0000009357600000)]
  0x000001a650fd7000 JavaThread "jar transforms Thread 97" [_thread_blocked, id=39360, stack(0x0000009357600000,0x0000009357700000)]
  0x000001a650fd8800 JavaThread "jar transforms Thread 98" [_thread_blocked, id=35308, stack(0x0000009357700000,0x0000009357800000)]
  0x000001a650fd4800 JavaThread "jar transforms Thread 99" [_thread_blocked, id=27620, stack(0x0000009357800000,0x0000009357900000)]
  0x000001a650fdb000 JavaThread "jar transforms Thread 100" [_thread_blocked, id=15300, stack(0x0000009357900000,0x0000009357a00000)]
  0x000001a650fd5800 JavaThread "jar transforms Thread 101" [_thread_blocked, id=17536, stack(0x0000009357a00000,0x0000009357b00000)]
  0x000001a650fd9800 JavaThread "jar transforms Thread 102" [_thread_blocked, id=22196, stack(0x0000009357b00000,0x0000009357c00000)]
  0x000001a650fd6000 JavaThread "jar transforms Thread 103" [_thread_blocked, id=24968, stack(0x0000009357c00000,0x0000009357d00000)]
  0x000001a650fd8000 JavaThread "jar transforms Thread 104" [_thread_blocked, id=14532, stack(0x0000009357d00000,0x0000009357e00000)]
  0x000001a6513e9000 JavaThread "jar transforms Thread 105" [_thread_blocked, id=18336, stack(0x0000009357e00000,0x0000009357f00000)]
  0x000001a6513ee000 JavaThread "jar transforms Thread 106" [_thread_blocked, id=40800, stack(0x0000009357f00000,0x0000009358000000)]
  0x000001a6513ec000 JavaThread "jar transforms Thread 107" [_thread_blocked, id=25100, stack(0x0000009358000000,0x0000009358100000)]
  0x000001a6513e8000 JavaThread "jar transforms Thread 108" [_thread_blocked, id=8836, stack(0x0000009358100000,0x0000009358200000)]
  0x000001a6513ee800 JavaThread "jar transforms Thread 109" [_thread_blocked, id=26420, stack(0x0000009358200000,0x0000009358300000)]
  0x000001a6513ea800 JavaThread "jar transforms Thread 110" [_thread_blocked, id=26724, stack(0x0000009358300000,0x0000009358400000)]
  0x000001a6513e9800 JavaThread "jar transforms Thread 111" [_thread_blocked, id=20360, stack(0x0000009358400000,0x0000009358500000)]
  0x000001a6513eb800 JavaThread "jar transforms Thread 112" [_thread_blocked, id=7332, stack(0x0000009358500000,0x0000009358600000)]
  0x000001a6513ed000 JavaThread "jar transforms Thread 113" [_thread_blocked, id=14844, stack(0x0000009358600000,0x0000009358700000)]
  0x000001a650e1a800 JavaThread "jar transforms Thread 114" [_thread_blocked, id=36288, stack(0x0000009358700000,0x0000009358800000)]
  0x000001a650e1b800 JavaThread "jar transforms Thread 115" [_thread_blocked, id=14324, stack(0x0000009358800000,0x0000009358900000)]
  0x000001a650e21000 JavaThread "jar transforms Thread 116" [_thread_blocked, id=35864, stack(0x0000009358900000,0x0000009358a00000)]
  0x000001a650e1e000 JavaThread "jar transforms Thread 117" [_thread_blocked, id=29604, stack(0x0000009358a00000,0x0000009358b00000)]
  0x000001a650e1e800 JavaThread "jar transforms Thread 118" [_thread_blocked, id=33668, stack(0x0000009358b00000,0x0000009358c00000)]
  0x000001a650e1f800 JavaThread "jar transforms Thread 119" [_thread_blocked, id=41716, stack(0x0000009358c00000,0x0000009358d00000)]
  0x000001a650e22000 JavaThread "Memory manager" [_thread_blocked, id=1660, stack(0x0000009358d00000,0x0000009358e00000)]
  0x000001a650e1d000 JavaThread "pool-3-thread-1" [_thread_blocked, id=36008, stack(0x0000009358e00000,0x0000009358f00000)]
  0x000001a650e1c000 JavaThread "Handler for socket connection from /127.0.0.1:50019 to /127.0.0.1:50036" [_thread_in_native, id=24356, stack(0x000000934f600000,0x000000934f700000)]
  0x000001a650e22800 JavaThread "Cancel handler" [_thread_blocked, id=34520, stack(0x000000934f700000,0x000000934f800000)]
  0x000001a650e27000 JavaThread "Asynchronous log dispatcher for DefaultDaemonConnection: socket connection from /127.0.0.1:50019 to /127.0.0.1:50036" [_thread_blocked, id=40268, stack(0x000000934f900000,0x000000934fa00000)]
  0x000001a650e25000 JavaThread "Stdin handler" [_thread_blocked, id=30156, stack(0x000000934fa00000,0x000000934fb00000)]
  0x000001a650e28800 JavaThread "Thread-157" [_thread_blocked, id=23764, stack(0x000000934fb00000,0x000000934fc00000)]
  0x000001a650e29800 JavaThread "Cache worker for file hash cache (C:\Android Projects\Udemy TUTORIAL\KidsDrawingApp\.gradle\6.7.1\fileHashes)" [_thread_blocked, id=38332, stack(0x0000009350500000,0x0000009350600000)]
  0x000001a650e24800 JavaThread "Cache worker for checksums cache (C:\Android Projects\Udemy TUTORIAL\KidsDrawingApp\.gradle\checksums)" [_thread_blocked, id=22384, stack(0x0000009350600000,0x0000009350700000)]
  0x000001a650e23800 JavaThread "Cache worker for cache directory md-supplier (C:\Users\Dark Knight\.gradle\caches\6.7.1\md-supplier)" [_thread_blocked, id=21312, stack(0x0000009350700000,0x0000009350800000)]
  0x000001a650e27800 JavaThread "Cache worker for cache directory md-rule (C:\Users\Dark Knight\.gradle\caches\6.7.1\md-rule)" [_thread_blocked, id=33864, stack(0x0000009351d00000,0x0000009351e00000)]
  0x000001a650e26000 JavaThread "C2 CompilerThread1" daemon [_thread_in_native, id=16016, stack(0x0000009351e00000,0x0000009351f00000)]
  0x000001a64c570000 JavaThread "Cache worker for Build Output Cleanup Cache (C:\Android Projects\Udemy TUTORIAL\KidsDrawingApp\.gradle\buildOutputCleanup)" [_thread_blocked, id=41252, stack(0x0000009351f00000,0x0000009352000000)]
  0x000001a64c576000 JavaThread "C2 CompilerThread2" daemon [_thread_in_native, id=32304, stack(0x0000009352200000,0x0000009352300000)]
  0x000001a64c573800 JavaThread "Build operations" [_thread_blocked, id=31984, stack(0x0000009352300000,0x0000009352400000)]
  0x000001a64c576800 JavaThread "Build operations Thread 2" [_thread_blocked, id=8396, stack(0x0000009352400000,0x0000009352500000)]
  0x000001a64c577800 JavaThread "Build operations Thread 3" [_thread_blocked, id=15412, stack(0x0000009352500000,0x0000009352600000)]
  0x000001a64c572000 JavaThread "Build operations Thread 4" [_thread_blocked, id=32932, stack(0x0000009352600000,0x0000009352700000)]
  0x000001a64c578800 JavaThread "Build operations Thread 5" [_thread_blocked, id=35992, stack(0x0000009352700000,0x0000009352800000)]
  0x000001a64c572800 JavaThread "Build operations Thread 6" [_thread_in_Java, id=10964, stack(0x0000009352800000,0x0000009352900000)]
  0x000001a64c579000 JavaThread "Build operations Thread 7" [_thread_blocked, id=13476, stack(0x0000009352900000,0x0000009352a00000)]
  0x000001a64e594000 JavaThread "Build operations Thread 8" [_thread_blocked, id=39980, stack(0x0000009352a00000,0x0000009352b00000)]
  0x000001a64e595800 JavaThread "build event listener" [_thread_blocked, id=11428, stack(0x0000009359000000,0x0000009359100000)]
  0x000001a64c48d800 JavaThread "pool-6-thread-1" [_thread_blocked, id=40340, stack(0x0000009359100000,0x0000009359200000)]
  0x000001a64af5b800 JavaThread "build event listener" [_thread_blocked, id=12044, stack(0x0000009359200000,0x0000009359300000)]
  0x000001a64af56800 JavaThread "Execution worker for ':'" [_thread_blocked, id=41624, stack(0x0000009359300000,0x0000009359400000)]
  0x000001a64af5a800 JavaThread "Execution worker for ':' Thread 2" [_thread_blocked, id=30092, stack(0x0000009359400000,0x0000009359500000)]
  0x000001a64af59800 JavaThread "Execution worker for ':' Thread 3" [_thread_blocked, id=9484, stack(0x0000009359500000,0x0000009359600000)]
  0x000001a64af57800 JavaThread "Execution worker for ':' Thread 4" [_thread_blocked, id=28148, stack(0x0000009359600000,0x0000009359700000)]
  0x000001a64af55800 JavaThread "Execution worker for ':' Thread 5" [_thread_blocked, id=9752, stack(0x0000009359700000,0x0000009359800000)]
  0x000001a64af5e000 JavaThread "Execution worker for ':' Thread 6" [_thread_blocked, id=33956, stack(0x0000009359800000,0x0000009359900000)]
  0x000001a64af58000 JavaThread "Execution worker for ':' Thread 7" [_thread_blocked, id=31464, stack(0x0000009359900000,0x0000009359a00000)]
  0x000001a64af5c000 JavaThread "Cache worker for execution history cache (C:\Android Projects\Udemy TUTORIAL\KidsDrawingApp\.gradle\6.7.1\executionHistory)" [_thread_blocked, id=5072, stack(0x0000009359a00000,0x0000009359b00000)]
  0x000001a64af5e800 JavaThread "WorkerExecutor Queue" [_thread_blocked, id=34336, stack(0x0000009359b00000,0x0000009359c00000)]
  0x000001a64af5d000 JavaThread "pool-7-thread-1" [_thread_blocked, id=9844, stack(0x0000009359c00000,0x0000009359d00000)]
  0x000001a64af59000 JavaThread "WorkerExecutor Queue Thread 2" [_thread_blocked, id=40332, stack(0x0000009359d00000,0x0000009359e00000)]
  0x000001a64af63800 JavaThread "stderr" [_thread_in_native, id=22100, stack(0x0000009359e00000,0x0000009359f00000)]
  0x000001a64af61000 JavaThread "stdout" [_thread_in_native, id=31024, stack(0x0000009359f00000,0x000000935a000000)]
  0x000001a64af60800 JavaThread "WorkerExecutor Queue Thread 3" [_thread_blocked, id=16148, stack(0x000000935a000000,0x000000935a100000)]

Other Threads:
  0x000001a64985d000 VMThread "VM Thread" [stack: 0x000000934e300000,0x000000934e400000] [id=36364]
  0x000001a64a360800 WatcherThread [stack: 0x000000934ed00000,0x000000934ee00000] [id=4240]
  0x000001a62eda2000 GCTaskThread "GC Thread#0" [stack: 0x000000934de00000,0x000000934df00000] [id=21280]
  0x000001a64aea2800 GCTaskThread "GC Thread#1" [stack: 0x000000934ef00000,0x000000934f000000] [id=28368]
  0x000001a64a8d2000 GCTaskThread "GC Thread#2" [stack: 0x000000934f000000,0x000000934f100000] [id=38616]
  0x000001a64b886800 GCTaskThread "GC Thread#3" [stack: 0x000000934fc00000,0x000000934fd00000] [id=31324]
  0x000001a64b96a000 GCTaskThread "GC Thread#4" [stack: 0x000000934fd00000,0x000000934fe00000] [id=31068]
  0x000001a64bbac800 GCTaskThread "GC Thread#5" [stack: 0x000000934fe00000,0x000000934ff00000] [id=35796]
  0x000001a64b7c9000 GCTaskThread "GC Thread#6" [stack: 0x000000934ff00000,0x0000009350000000] [id=25168]
  0x000001a64b7d7800 GCTaskThread "GC Thread#7" [stack: 0x0000009350000000,0x0000009350100000] [id=10304]
  0x000001a62edd2000 ConcurrentGCThread "G1 Main Marker" [stack: 0x000000934df00000,0x000000934e000000] [id=35964]
  0x000001a62edd5800 ConcurrentGCThread "G1 Conc#0" [stack: 0x000000934e000000,0x000000934e100000] [id=34420]
  0x000001a64b777800 ConcurrentGCThread "G1 Conc#1" [stack: 0x0000009350300000,0x0000009350400000] [id=26036]
  0x000001a62ee64000 ConcurrentGCThread "G1 Refine#0" [stack: 0x000000934e100000,0x000000934e200000] [id=39556]
  0x000001a6496b0800 ConcurrentGCThread "G1 Young RemSet Sampling" [stack: 0x000000934e200000,0x000000934e300000] [id=30676]

Threads with active compile tasks:
C2 CompilerThread0  44752 16535       4       com.android.tools.r8.ir.conversion.o::a (1157 bytes)
C1 CompilerThread0  44752 16703       3       com.android.tools.r8.v.c.f0::a (913 bytes)
C2 CompilerThread1  44752 16280       4       com.android.tools.r8.v.b.Z0::a (455 bytes)
C2 CompilerThread2  44752 16664       4       com.android.tools.r8.ir.conversion.o::a (270 bytes)

VM state:not at safepoint (normal execution)

VM Mutex/Monitor currently owned by a thread: None

Heap address: 0x0000000080000000, size: 2048 MB, Compressed Oops mode: 32-bit
Narrow klass base: 0x0000000000000000, Narrow klass shift: 3
Compressed class space size: 1073741824 Address: 0x0000000100000000

Heap:
 garbage-first heap   total 227328K, used 147734K [0x0000000080000000, 0x0000000100000000)
  region size 1024K, 22 young (22528K), 3 survivors (3072K)
 Metaspace       used 124596K, capacity 128158K, committed 128420K, reserved 1161216K
  class space    used 15608K, capacity 16865K, committed 17024K, reserved 1048576K
Heap Regions: E=young(eden), S=young(survivor), O=old, HS=humongous(starts), HC=humongous(continues), CS=collection set, F=free, A=archive, TAMS=top-at-mark-start (previous, next)
|   0|0x0000000080000000, 0x0000000080100000, 0x0000000080100000|100%| O|  |TAMS 0x0000000080100000, 0x0000000080100000| Untracked 
|   1|0x0000000080100000, 0x0000000080200000, 0x0000000080200000|100%| O|  |TAMS 0x0000000080200000, 0x0000000080200000| Untracked 
|   2|0x0000000080200000, 0x0000000080300000, 0x0000000080300000|100%| O|  |TAMS 0x0000000080300000, 0x0000000080300000| Untracked 
|   3|0x0000000080300000, 0x0000000080400000, 0x0000000080400000|100%|HS|  |TAMS 0x0000000080400000, 0x0000000080400000| Complete 
|   4|0x0000000080400000, 0x0000000080500000, 0x0000000080500000|100%|HC|  |TAMS 0x0000000080500000, 0x0000000080500000| Complete 
|   5|0x0000000080500000, 0x0000000080600000, 0x0000000080600000|100%|HC|  |TAMS 0x0000000080600000, 0x0000000080600000| Complete 
|   6|0x0000000080600000, 0x0000000080700000, 0x0000000080700000|100%| O|  |TAMS 0x0000000080700000, 0x0000000080700000| Untracked 
|   7|0x0000000080700000, 0x0000000080800000, 0x0000000080800000|100%| O|  |TAMS 0x0000000080800000, 0x0000000080800000| Untracked 
|   8|0x0000000080800000, 0x0000000080900000, 0x0000000080900000|100%| O|  |TAMS 0x0000000080900000, 0x0000000080900000| Untracked 
|   9|0x0000000080900000, 0x0000000080a00000, 0x0000000080a00000|100%| O|  |TAMS 0x0000000080a00000, 0x0000000080a00000| Untracked 
|  10|0x0000000080a00000, 0x0000000080b00000, 0x0000000080b00000|100%| O|  |TAMS 0x0000000080b00000, 0x0000000080b00000| Untracked 
|  11|0x0000000080b00000, 0x0000000080c00000, 0x0000000080c00000|100%| O|  |TAMS 0x0000000080c00000, 0x0000000080c00000| Untracked 
|  12|0x0000000080c00000, 0x0000000080d00000, 0x0000000080d00000|100%| O|  |TAMS 0x0000000080d00000, 0x0000000080d00000| Untracked 
|  13|0x0000000080d00000, 0x0000000080e00000, 0x0000000080e00000|100%| O|  |TAMS 0x0000000080e00000, 0x0000000080e00000| Untracked 
|  14|0x0000000080e00000, 0x0000000080f00000, 0x0000000080f00000|100%| O|  |TAMS 0x0000000080f00000, 0x0000000080f00000| Untracked 
|  15|0x0000000080f00000, 0x0000000081000000, 0x0000000081000000|100%|HS|  |TAMS 0x0000000081000000, 0x0000000081000000| Complete 
|  16|0x0000000081000000, 0x0000000081100000, 0x0000000081100000|100%|HC|  |TAMS 0x0000000081100000, 0x0000000081100000| Complete 
|  17|0x0000000081100000, 0x0000000081200000, 0x0000000081200000|100%|HS|  |TAMS 0x0000000081200000, 0x0000000081200000| Complete 
|  18|0x0000000081200000, 0x0000000081300000, 0x0000000081300000|100%|HC|  |TAMS 0x0000000081300000, 0x0000000081300000| Complete 
|  19|0x0000000081300000, 0x0000000081400000, 0x0000000081400000|100%|HC|  |TAMS 0x0000000081400000, 0x0000000081400000| Complete 
|  20|0x0000000081400000, 0x0000000081500000, 0x0000000081500000|100%|HS|  |TAMS 0x0000000081500000, 0x0000000081500000| Complete 
|  21|0x0000000081500000, 0x0000000081600000, 0x0000000081600000|100%|HC|  |TAMS 0x0000000081600000, 0x0000000081600000| Complete 
|  22|0x0000000081600000, 0x0000000081700000, 0x0000000081700000|100%|HC|  |TAMS 0x0000000081700000, 0x0000000081700000| Complete 
|  23|0x0000000081700000, 0x0000000081800000, 0x0000000081800000|100%|HC|  |TAMS 0x0000000081800000, 0x0000000081800000| Complete 
|  24|0x0000000081800000, 0x0000000081900000, 0x0000000081900000|100%| O|  |TAMS 0x0000000081900000, 0x0000000081900000| Untracked 
|  25|0x0000000081900000, 0x0000000081a00000, 0x0000000081a00000|100%| O|  |TAMS 0x0000000081a00000, 0x0000000081a00000| Untracked 
|  26|0x0000000081a00000, 0x0000000081b00000, 0x0000000081b00000|100%|HS|  |TAMS 0x0000000081b00000, 0x0000000081b00000| Complete 
|  27|0x0000000081b00000, 0x0000000081c00000, 0x0000000081c00000|100%|HC|  |TAMS 0x0000000081c00000, 0x0000000081c00000| Complete 
|  28|0x0000000081c00000, 0x0000000081d00000, 0x0000000081d00000|100%|HC|  |TAMS 0x0000000081d00000, 0x0000000081d00000| Complete 
|  29|0x0000000081d00000, 0x0000000081e00000, 0x0000000081e00000|100%|HS|  |TAMS 0x0000000081e00000, 0x0000000081e00000| Complete 
|  30|0x0000000081e00000, 0x0000000081f00000, 0x0000000081f00000|100%|HC|  |TAMS 0x0000000081f00000, 0x0000000081f00000| Complete 
|  31|0x0000000081f00000, 0x0000000082000000, 0x0000000082000000|100%|HC|  |TAMS 0x0000000082000000, 0x0000000082000000| Complete 
|  32|0x0000000082000000, 0x0000000082100000, 0x0000000082100000|100%|HC|  |TAMS 0x0000000082100000, 0x0000000082100000| Complete 
|  33|0x0000000082100000, 0x0000000082200000, 0x0000000082200000|100%| O|  |TAMS 0x0000000082200000, 0x0000000082200000| Untracked 
|  34|0x0000000082200000, 0x0000000082300000, 0x0000000082300000|100%| O|  |TAMS 0x0000000082300000, 0x0000000082300000| Untracked 
|  35|0x0000000082300000, 0x0000000082400000, 0x0000000082400000|100%| O|  |TAMS 0x0000000082400000, 0x0000000082400000| Untracked 
|  36|0x0000000082400000, 0x0000000082500000, 0x0000000082500000|100%| O|  |TAMS 0x0000000082500000, 0x0000000082500000| Untracked 
|  37|0x0000000082500000, 0x0000000082600000, 0x0000000082600000|100%| O|  |TAMS 0x0000000082600000, 0x0000000082600000| Untracked 
|  38|0x0000000082600000, 0x0000000082700000, 0x0000000082700000|100%| O|  |TAMS 0x0000000082700000, 0x0000000082700000| Untracked 
|  39|0x0000000082700000, 0x0000000082800000, 0x0000000082800000|100%| O|  |TAMS 0x0000000082800000, 0x0000000082800000| Untracked 
|  40|0x0000000082800000, 0x0000000082900000, 0x0000000082900000|100%| O|  |TAMS 0x0000000082900000, 0x0000000082900000| Untracked 
|  41|0x0000000082900000, 0x0000000082a00000, 0x0000000082a00000|100%| O|  |TAMS 0x0000000082a00000, 0x0000000082a00000| Untracked 
|  42|0x0000000082a00000, 0x0000000082b00000, 0x0000000082b00000|100%| O|  |TAMS 0x0000000082b00000, 0x0000000082b00000| Untracked 
|  43|0x0000000082b00000, 0x0000000082c00000, 0x0000000082c00000|100%| O|  |TAMS 0x0000000082c00000, 0x0000000082c00000| Untracked 
|  44|0x0000000082c00000, 0x0000000082d00000, 0x0000000082d00000|100%| O|  |TAMS 0x0000000082d00000, 0x0000000082d00000| Untracked 
|  45|0x0000000082d00000, 0x0000000082e00000, 0x0000000082e00000|100%| O|  |TAMS 0x0000000082e00000, 0x0000000082e00000| Untracked 
|  46|0x0000000082e00000, 0x0000000082f00000, 0x0000000082f00000|100%| O|  |TAMS 0x0000000082f00000, 0x0000000082f00000| Untracked 
|  47|0x0000000082f00000, 0x0000000083000000, 0x0000000083000000|100%| O|  |TAMS 0x0000000083000000, 0x0000000083000000| Untracked 
|  48|0x0000000083000000, 0x0000000083100000, 0x0000000083100000|100%| O|  |TAMS 0x0000000083100000, 0x0000000083100000| Untracked 
|  49|0x0000000083100000, 0x0000000083200000, 0x0000000083200000|100%|HS|  |TAMS 0x0000000083200000, 0x0000000083200000| Complete 
|  50|0x0000000083200000, 0x0000000083300000, 0x0000000083300000|100%|HS|  |TAMS 0x0000000083300000, 0x0000000083300000| Complete 
|  51|0x0000000083300000, 0x0000000083400000, 0x0000000083400000|100%|HS|  |TAMS 0x0000000083400000, 0x0000000083400000| Complete 
|  52|0x0000000083400000, 0x0000000083500000, 0x0000000083500000|100%|HC|  |TAMS 0x0000000083500000, 0x0000000083500000| Complete 
|  53|0x0000000083500000, 0x0000000083600000, 0x0000000083600000|100%|HC|  |TAMS 0x0000000083600000, 0x0000000083600000| Complete 
|  54|0x0000000083600000, 0x0000000083700000, 0x0000000083700000|100%|HS|  |TAMS 0x0000000083700000, 0x0000000083700000| Complete 
|  55|0x0000000083700000, 0x0000000083800000, 0x0000000083800000|100%|HC|  |TAMS 0x0000000083800000, 0x0000000083800000| Complete 
|  56|0x0000000083800000, 0x0000000083900000, 0x0000000083900000|100%| O|  |TAMS 0x0000000083900000, 0x0000000083900000| Untracked 
|  57|0x0000000083900000, 0x0000000083a00000, 0x0000000083a00000|100%| O|  |TAMS 0x0000000083a00000, 0x0000000083a00000| Untracked 
|  58|0x0000000083a00000, 0x0000000083b00000, 0x0000000083b00000|100%| O|  |TAMS 0x0000000083b00000, 0x0000000083b00000| Untracked 
|  59|0x0000000083b00000, 0x0000000083c00000, 0x0000000083c00000|100%| O|  |TAMS 0x0000000083c00000, 0x0000000083c00000| Untracked 
|  60|0x0000000083c00000, 0x0000000083d00000, 0x0000000083d00000|100%| O|  |TAMS 0x0000000083d00000, 0x0000000083d00000| Untracked 
|  61|0x0000000083d00000, 0x0000000083e00000, 0x0000000083e00000|100%| O|  |TAMS 0x0000000083e00000, 0x0000000083e00000| Untracked 
|  62|0x0000000083e00000, 0x0000000083f00000, 0x0000000083f00000|100%| O|  |TAMS 0x0000000083f00000, 0x0000000083f00000| Untracked 
|  63|0x0000000083f00000, 0x0000000084000000, 0x0000000084000000|100%| O|  |TAMS 0x0000000084000000, 0x0000000084000000| Untracked 
|  64|0x0000000084000000, 0x0000000084100000, 0x0000000084100000|100%| O|  |TAMS 0x0000000084100000, 0x0000000084100000| Untracked 
|  65|0x0000000084100000, 0x0000000084200000, 0x0000000084200000|100%| O|  |TAMS 0x0000000084200000, 0x0000000084200000| Untracked 
|  66|0x0000000084200000, 0x0000000084300000, 0x0000000084300000|100%| O|  |TAMS 0x0000000084300000, 0x0000000084300000| Untracked 
|  67|0x0000000084300000, 0x0000000084400000, 0x0000000084400000|100%| O|  |TAMS 0x0000000084400000, 0x0000000084400000| Untracked 
|  68|0x0000000084400000, 0x0000000084500000, 0x0000000084500000|100%| O|  |TAMS 0x0000000084500000, 0x0000000084500000| Untracked 
|  69|0x0000000084500000, 0x0000000084600000, 0x0000000084600000|100%| O|  |TAMS 0x0000000084600000, 0x0000000084600000| Untracked 
|  70|0x0000000084600000, 0x0000000084700000, 0x0000000084700000|100%| O|  |TAMS 0x0000000084700000, 0x0000000084700000| Untracked 
|  71|0x0000000084700000, 0x0000000084800000, 0x0000000084800000|100%| O|  |TAMS 0x0000000084800000, 0x0000000084800000| Untracked 
|  72|0x0000000084800000, 0x0000000084900000, 0x0000000084900000|100%| O|  |TAMS 0x0000000084900000, 0x0000000084900000| Untracked 
|  73|0x0000000084900000, 0x0000000084a00000, 0x0000000084a00000|100%| O|  |TAMS 0x0000000084a00000, 0x0000000084a00000| Untracked 
|  74|0x0000000084a00000, 0x0000000084b00000, 0x0000000084b00000|100%| O|  |TAMS 0x0000000084b00000, 0x0000000084b00000| Untracked 
|  75|0x0000000084b00000, 0x0000000084c00000, 0x0000000084c00000|100%| O|  |TAMS 0x0000000084c00000, 0x0000000084c00000| Untracked 
|  76|0x0000000084c00000, 0x0000000084d00000, 0x0000000084d00000|100%| O|  |TAMS 0x0000000084d00000, 0x0000000084d00000| Untracked 
|  77|0x0000000084d00000, 0x0000000084e00000, 0x0000000084e00000|100%| O|  |TAMS 0x0000000084e00000, 0x0000000084e00000| Untracked 
|  78|0x0000000084e00000, 0x0000000084f00000, 0x0000000084f00000|100%| O|  |TAMS 0x0000000084f00000, 0x0000000084f00000| Untracked 
|  79|0x0000000084f00000, 0x0000000085000000, 0x0000000085000000|100%| O|  |TAMS 0x0000000085000000, 0x0000000085000000| Untracked 
|  80|0x0000000085000000, 0x0000000085100000, 0x0000000085100000|100%| O|  |TAMS 0x0000000085100000, 0x0000000085100000| Untracked 
|  81|0x0000000085100000, 0x0000000085200000, 0x0000000085200000|100%| O|  |TAMS 0x0000000085200000, 0x0000000085200000| Untracked 
|  82|0x0000000085200000, 0x0000000085300000, 0x0000000085300000|100%| O|  |TAMS 0x0000000085300000, 0x0000000085300000| Untracked 
|  83|0x0000000085300000, 0x0000000085400000, 0x0000000085400000|100%| O|  |TAMS 0x0000000085400000, 0x0000000085400000| Untracked 
|  84|0x0000000085400000, 0x0000000085500000, 0x0000000085500000|100%| O|  |TAMS 0x0000000085500000, 0x0000000085500000| Untracked 
|  85|0x0000000085500000, 0x0000000085600000, 0x0000000085600000|100%| O|  |TAMS 0x0000000085600000, 0x0000000085600000| Untracked 
|  86|0x0000000085600000, 0x0000000085700000, 0x0000000085700000|100%| O|  |TAMS 0x0000000085700000, 0x0000000085700000| Untracked 
|  87|0x0000000085700000, 0x0000000085800000, 0x0000000085800000|100%| O|  |TAMS 0x0000000085800000, 0x0000000085800000| Untracked 
|  88|0x0000000085800000, 0x0000000085900000, 0x0000000085900000|100%| O|  |TAMS 0x0000000085900000, 0x0000000085900000| Untracked 
|  89|0x0000000085900000, 0x0000000085a00000, 0x0000000085a00000|100%| O|  |TAMS 0x0000000085a00000, 0x0000000085a00000| Untracked 
|  90|0x0000000085a00000, 0x0000000085b00000, 0x0000000085b00000|100%| O|  |TAMS 0x0000000085b00000, 0x0000000085b00000| Untracked 
|  91|0x0000000085b00000, 0x0000000085c00000, 0x0000000085c00000|100%| O|  |TAMS 0x0000000085c00000, 0x0000000085c00000| Untracked 
|  92|0x0000000085c00000, 0x0000000085d00000, 0x0000000085d00000|100%| O|  |TAMS 0x0000000085d00000, 0x0000000085d00000| Untracked 
|  93|0x0000000085d00000, 0x0000000085e00000, 0x0000000085e00000|100%| O|  |TAMS 0x0000000085e00000, 0x0000000085e00000| Untracked 
|  94|0x0000000085e00000, 0x0000000085f00000, 0x0000000085f00000|100%| O|  |TAMS 0x0000000085f00000, 0x0000000085f00000| Untracked 
|  95|0x0000000085f00000, 0x0000000086000000, 0x0000000086000000|100%| O|  |TAMS 0x0000000086000000, 0x0000000086000000| Untracked 
|  96|0x0000000086000000, 0x0000000086100000, 0x0000000086100000|100%| O|  |TAMS 0x0000000086100000, 0x0000000086100000| Untracked 
|  97|0x0000000086100000, 0x0000000086200000, 0x0000000086200000|100%| O|  |TAMS 0x0000000086200000, 0x0000000086200000| Untracked 
|  98|0x0000000086200000, 0x0000000086300000, 0x0000000086300000|100%| O|  |TAMS 0x0000000086300000, 0x0000000086300000| Untracked 
|  99|0x0000000086300000, 0x0000000086400000, 0x0000000086400000|100%| O|  |TAMS 0x0000000086400000, 0x0000000086400000| Untracked 
| 100|0x0000000086400000, 0x0000000086500000, 0x0000000086500000|100%| O|  |TAMS 0x0000000086500000, 0x0000000086500000| Untracked 
| 101|0x0000000086500000, 0x0000000086600000, 0x0000000086600000|100%| O|  |TAMS 0x0000000086600000, 0x0000000086600000| Untracked 
| 102|0x0000000086600000, 0x0000000086700000, 0x0000000086700000|100%| O|  |TAMS 0x0000000086700000, 0x0000000086700000| Untracked 
| 103|0x0000000086700000, 0x0000000086800000, 0x0000000086800000|100%| O|  |TAMS 0x0000000086800000, 0x0000000086800000| Untracked 
| 104|0x0000000086800000, 0x0000000086900000, 0x0000000086900000|100%| O|  |TAMS 0x0000000086900000, 0x0000000086900000| Untracked 
| 105|0x0000000086900000, 0x0000000086a00000, 0x0000000086a00000|100%| O|  |TAMS 0x0000000086a00000, 0x0000000086a00000| Untracked 
| 106|0x0000000086a00000, 0x0000000086b00000, 0x0000000086b00000|100%| O|  |TAMS 0x0000000086b00000, 0x0000000086b00000| Untracked 
| 107|0x0000000086b00000, 0x0000000086c00000, 0x0000000086c00000|100%| O|  |TAMS 0x0000000086c00000, 0x0000000086c00000| Untracked 
| 108|0x0000000086c00000, 0x0000000086d00000, 0x0000000086d00000|100%| O|  |TAMS 0x0000000086d00000, 0x0000000086d00000| Untracked 
| 109|0x0000000086d00000, 0x0000000086e00000, 0x0000000086e00000|100%| O|  |TAMS 0x0000000086e00000, 0x0000000086e00000| Untracked 
| 110|0x0000000086e00000, 0x0000000086f00000, 0x0000000086f00000|100%| O|  |TAMS 0x0000000086f00000, 0x0000000086f00000| Untracked 
| 111|0x0000000086f00000, 0x0000000087000000, 0x0000000087000000|100%| O|  |TAMS 0x0000000087000000, 0x0000000087000000| Untracked 
| 112|0x0000000087000000, 0x0000000087100000, 0x0000000087100000|100%| O|  |TAMS 0x0000000087100000, 0x0000000087100000| Untracked 
| 113|0x0000000087100000, 0x0000000087200000, 0x0000000087200000|100%| O|  |TAMS 0x0000000087200000, 0x0000000087200000| Untracked 
| 114|0x0000000087200000, 0x0000000087300000, 0x0000000087300000|100%| O|  |TAMS 0x0000000087300000, 0x0000000087300000| Untracked 
| 115|0x0000000087300000, 0x0000000087400000, 0x0000000087400000|100%| O|  |TAMS 0x0000000087400000, 0x0000000087400000| Untracked 
| 116|0x0000000087400000, 0x0000000087500000, 0x0000000087500000|100%| O|  |TAMS 0x0000000087500000, 0x0000000087500000| Untracked 
| 117|0x0000000087500000, 0x0000000087600000, 0x0000000087600000|100%| O|  |TAMS 0x0000000087600000, 0x0000000087600000| Untracked 
| 118|0x0000000087600000, 0x0000000087700000, 0x0000000087700000|100%| O|  |TAMS 0x0000000087700000, 0x0000000087700000| Untracked 
| 119|0x0000000087700000, 0x0000000087800000, 0x0000000087800000|100%| O|  |TAMS 0x0000000087800000, 0x0000000087800000| Untracked 
| 120|0x0000000087800000, 0x0000000087900000, 0x0000000087900000|100%| O|  |TAMS 0x0000000087900000, 0x0000000087900000| Untracked 
| 121|0x0000000087900000, 0x0000000087a00000, 0x0000000087a00000|100%| O|  |TAMS 0x0000000087a00000, 0x0000000087a00000| Untracked 
| 122|0x0000000087a00000, 0x0000000087b00000, 0x0000000087b00000|100%| O|  |TAMS 0x0000000087b00000, 0x0000000087b00000| Untracked 
| 123|0x0000000087b00000, 0x0000000087b9aa00, 0x0000000087c00000| 60%| O|  |TAMS 0x0000000087b9aa00, 0x0000000087b9aa00| Untracked 
| 124|0x0000000087c00000, 0x0000000087c00000, 0x0000000087d00000|  0%| F|  |TAMS 0x0000000087c00000, 0x0000000087c00000| Untracked 
| 125|0x0000000087d00000, 0x0000000087d00000, 0x0000000087e00000|  0%| F|  |TAMS 0x0000000087d00000, 0x0000000087d00000| Untracked 
| 126|0x0000000087e00000, 0x0000000087e00000, 0x0000000087f00000|  0%| F|  |TAMS 0x0000000087e00000, 0x0000000087e00000| Untracked 
| 127|0x0000000087f00000, 0x0000000087f00000, 0x0000000088000000|  0%| F|  |TAMS 0x0000000087f00000, 0x0000000087f00000| Untracked 
| 128|0x0000000088000000, 0x0000000088000000, 0x0000000088100000|  0%| F|  |TAMS 0x0000000088000000, 0x0000000088000000| Untracked 
| 129|0x0000000088100000, 0x0000000088100000, 0x0000000088200000|  0%| F|  |TAMS 0x0000000088100000, 0x0000000088100000| Untracked 
| 130|0x0000000088200000, 0x0000000088200000, 0x0000000088300000|  0%| F|  |TAMS 0x0000000088200000, 0x0000000088200000| Untracked 
| 131|0x0000000088300000, 0x0000000088300000, 0x0000000088400000|  0%| F|  |TAMS 0x0000000088300000, 0x0000000088300000| Untracked 
| 132|0x0000000088400000, 0x0000000088400000, 0x0000000088500000|  0%| F|  |TAMS 0x0000000088400000, 0x0000000088400000| Untracked 
| 133|0x0000000088500000, 0x0000000088500000, 0x0000000088600000|  0%| F|  |TAMS 0x0000000088500000, 0x0000000088500000| Untracked 
| 134|0x0000000088600000, 0x0000000088600000, 0x0000000088700000|  0%| F|  |TAMS 0x0000000088600000, 0x0000000088600000| Untracked 
| 135|0x0000000088700000, 0x0000000088700000, 0x0000000088800000|  0%| F|  |TAMS 0x0000000088700000, 0x0000000088700000| Untracked 
| 136|0x0000000088800000, 0x0000000088800000, 0x0000000088900000|  0%| F|  |TAMS 0x0000000088800000, 0x0000000088800000| Untracked 
| 137|0x0000000088900000, 0x0000000088900000, 0x0000000088a00000|  0%| F|  |TAMS 0x0000000088900000, 0x0000000088900000| Untracked 
| 138|0x0000000088a00000, 0x0000000088a00000, 0x0000000088b00000|  0%| F|  |TAMS 0x0000000088a00000, 0x0000000088a00000| Untracked 
| 139|0x0000000088b00000, 0x0000000088b00000, 0x0000000088c00000|  0%| F|  |TAMS 0x0000000088b00000, 0x0000000088b00000| Untracked 
| 140|0x0000000088c00000, 0x0000000088c00000, 0x0000000088d00000|  0%| F|  |TAMS 0x0000000088c00000, 0x0000000088c00000| Untracked 
| 141|0x0000000088d00000, 0x0000000088d00000, 0x0000000088e00000|  0%| F|  |TAMS 0x0000000088d00000, 0x0000000088d00000| Untracked 
| 142|0x0000000088e00000, 0x0000000088e00000, 0x0000000088f00000|  0%| F|  |TAMS 0x0000000088e00000, 0x0000000088e00000| Untracked 
| 143|0x0000000088f00000, 0x0000000088f00000, 0x0000000089000000|  0%| F|  |TAMS 0x0000000088f00000, 0x0000000088f00000| Untracked 
| 144|0x0000000089000000, 0x0000000089000000, 0x0000000089100000|  0%| F|  |TAMS 0x0000000089000000, 0x0000000089000000| Untracked 
| 145|0x0000000089100000, 0x0000000089100000, 0x0000000089200000|  0%| F|  |TAMS 0x0000000089100000, 0x0000000089100000| Untracked 
| 146|0x0000000089200000, 0x0000000089200000, 0x0000000089300000|  0%| F|  |TAMS 0x0000000089200000, 0x0000000089200000| Untracked 
| 147|0x0000000089300000, 0x0000000089300000, 0x0000000089400000|  0%| F|  |TAMS 0x0000000089300000, 0x0000000089300000| Untracked 
| 148|0x0000000089400000, 0x0000000089400000, 0x0000000089500000|  0%| F|  |TAMS 0x0000000089400000, 0x0000000089400000| Untracked 
| 149|0x0000000089500000, 0x0000000089500000, 0x0000000089600000|  0%| F|  |TAMS 0x0000000089500000, 0x0000000089500000| Untracked 
| 150|0x0000000089600000, 0x0000000089600000, 0x0000000089700000|  0%| F|  |TAMS 0x0000000089600000, 0x0000000089600000| Untracked 
| 151|0x0000000089700000, 0x0000000089700000, 0x0000000089800000|  0%| F|  |TAMS 0x0000000089700000, 0x0000000089700000| Untracked 
| 152|0x0000000089800000, 0x0000000089800000, 0x0000000089900000|  0%| F|  |TAMS 0x0000000089800000, 0x0000000089800000| Untracked 
| 153|0x0000000089900000, 0x0000000089900000, 0x0000000089a00000|  0%| F|  |TAMS 0x0000000089900000, 0x0000000089900000| Untracked 
| 154|0x0000000089a00000, 0x0000000089a00000, 0x0000000089b00000|  0%| F|  |TAMS 0x0000000089a00000, 0x0000000089a00000| Untracked 
| 155|0x0000000089b00000, 0x0000000089b00000, 0x0000000089c00000|  0%| F|  |TAMS 0x0000000089b00000, 0x0000000089b00000| Untracked 
| 156|0x0000000089c00000, 0x0000000089caae00, 0x0000000089d00000| 66%| S|CS|TAMS 0x0000000089c00000, 0x0000000089c00000| Complete 
| 157|0x0000000089d00000, 0x0000000089e00000, 0x0000000089e00000|100%| S|CS|TAMS 0x0000000089d00000, 0x0000000089d00000| Complete 
| 158|0x0000000089e00000, 0x0000000089f00000, 0x0000000089f00000|100%| S|CS|TAMS 0x0000000089e00000, 0x0000000089e00000| Complete 
| 159|0x0000000089f00000, 0x0000000089f00000, 0x000000008a000000|  0%| F|  |TAMS 0x0000000089f00000, 0x0000000089f00000| Untracked 
| 160|0x000000008a000000, 0x000000008a000000, 0x000000008a100000|  0%| F|  |TAMS 0x000000008a000000, 0x000000008a000000| Untracked 
| 161|0x000000008a100000, 0x000000008a100000, 0x000000008a200000|  0%| F|  |TAMS 0x000000008a100000, 0x000000008a100000| Untracked 
| 162|0x000000008a200000, 0x000000008a200000, 0x000000008a300000|  0%| F|  |TAMS 0x000000008a200000, 0x000000008a200000| Untracked 
| 163|0x000000008a300000, 0x000000008a300000, 0x000000008a400000|  0%| F|  |TAMS 0x000000008a300000, 0x000000008a300000| Untracked 
| 164|0x000000008a400000, 0x000000008a400000, 0x000000008a500000|  0%| F|  |TAMS 0x000000008a400000, 0x000000008a400000| Untracked 
| 165|0x000000008a500000, 0x000000008a500000, 0x000000008a600000|  0%| F|  |TAMS 0x000000008a500000, 0x000000008a500000| Untracked 
| 166|0x000000008a600000, 0x000000008a600000, 0x000000008a700000|  0%| F|  |TAMS 0x000000008a600000, 0x000000008a600000| Untracked 
| 167|0x000000008a700000, 0x000000008a700000, 0x000000008a800000|  0%| F|  |TAMS 0x000000008a700000, 0x000000008a700000| Untracked 
| 168|0x000000008a800000, 0x000000008a800000, 0x000000008a900000|  0%| F|  |TAMS 0x000000008a800000, 0x000000008a800000| Untracked 
| 169|0x000000008a900000, 0x000000008a900000, 0x000000008aa00000|  0%| F|  |TAMS 0x000000008a900000, 0x000000008a900000| Untracked 
| 170|0x000000008aa00000, 0x000000008aa00000, 0x000000008ab00000|  0%| F|  |TAMS 0x000000008aa00000, 0x000000008aa00000| Untracked 
| 171|0x000000008ab00000, 0x000000008ab00000, 0x000000008ac00000|  0%| F|  |TAMS 0x000000008ab00000, 0x000000008ab00000| Untracked 
| 172|0x000000008ac00000, 0x000000008ac00000, 0x000000008ad00000|  0%| F|  |TAMS 0x000000008ac00000, 0x000000008ac00000| Untracked 
| 173|0x000000008ad00000, 0x000000008ad00000, 0x000000008ae00000|  0%| F|  |TAMS 0x000000008ad00000, 0x000000008ad00000| Untracked 
| 174|0x000000008ae00000, 0x000000008ae00000, 0x000000008af00000|  0%| F|  |TAMS 0x000000008ae00000, 0x000000008ae00000| Untracked 
| 175|0x000000008af00000, 0x000000008af00000, 0x000000008b000000|  0%| F|  |TAMS 0x000000008af00000, 0x000000008af00000| Untracked 
| 176|0x000000008b000000, 0x000000008b000000, 0x000000008b100000|  0%| F|  |TAMS 0x000000008b000000, 0x000000008b000000| Untracked 
| 177|0x000000008b100000, 0x000000008b100000, 0x000000008b200000|  0%| F|  |TAMS 0x000000008b100000, 0x000000008b100000| Untracked 
| 178|0x000000008b200000, 0x000000008b200000, 0x000000008b300000|  0%| F|  |TAMS 0x000000008b200000, 0x000000008b200000| Untracked 
| 179|0x000000008b300000, 0x000000008b300000, 0x000000008b400000|  0%| F|  |TAMS 0x000000008b300000, 0x000000008b300000| Untracked 
| 180|0x000000008b400000, 0x000000008b400000, 0x000000008b500000|  0%| F|  |TAMS 0x000000008b400000, 0x000000008b400000| Untracked 
| 181|0x000000008b500000, 0x000000008b500000, 0x000000008b600000|  0%| F|  |TAMS 0x000000008b500000, 0x000000008b500000| Untracked 
| 182|0x000000008b600000, 0x000000008b600000, 0x000000008b700000|  0%| F|  |TAMS 0x000000008b600000, 0x000000008b600000| Untracked 
| 183|0x000000008b700000, 0x000000008b700000, 0x000000008b800000|  0%| F|  |TAMS 0x000000008b700000, 0x000000008b700000| Untracked 
| 184|0x000000008b800000, 0x000000008b800000, 0x000000008b900000|  0%| F|  |TAMS 0x000000008b800000, 0x000000008b800000| Untracked 
| 185|0x000000008b900000, 0x000000008b900000, 0x000000008ba00000|  0%| F|  |TAMS 0x000000008b900000, 0x000000008b900000| Untracked 
| 186|0x000000008ba00000, 0x000000008ba00000, 0x000000008bb00000|  0%| F|  |TAMS 0x000000008ba00000, 0x000000008ba00000| Untracked 
| 187|0x000000008bb00000, 0x000000008bb00000, 0x000000008bc00000|  0%| F|  |TAMS 0x000000008bb00000, 0x000000008bb00000| Untracked 
| 188|0x000000008bc00000, 0x000000008bc00000, 0x000000008bd00000|  0%| F|  |TAMS 0x000000008bc00000, 0x000000008bc00000| Untracked 
| 189|0x000000008bd00000, 0x000000008bd00000, 0x000000008be00000|  0%| F|  |TAMS 0x000000008bd00000, 0x000000008bd00000| Untracked 
| 190|0x000000008be00000, 0x000000008be00000, 0x000000008bf00000|  0%| F|  |TAMS 0x000000008be00000, 0x000000008be00000| Untracked 
| 191|0x000000008bf00000, 0x000000008bf00000, 0x000000008c000000|  0%| F|  |TAMS 0x000000008bf00000, 0x000000008bf00000| Untracked 
| 192|0x000000008c000000, 0x000000008c000000, 0x000000008c100000|  0%| F|  |TAMS 0x000000008c000000, 0x000000008c000000| Untracked 
| 193|0x000000008c100000, 0x000000008c100000, 0x000000008c200000|  0%| F|  |TAMS 0x000000008c100000, 0x000000008c100000| Untracked 
| 194|0x000000008c200000, 0x000000008c200000, 0x000000008c300000|  0%| F|  |TAMS 0x000000008c200000, 0x000000008c200000| Untracked 
| 195|0x000000008c300000, 0x000000008c300000, 0x000000008c400000|  0%| F|  |TAMS 0x000000008c300000, 0x000000008c300000| Untracked 
| 196|0x000000008c400000, 0x000000008c400000, 0x000000008c500000|  0%| F|  |TAMS 0x000000008c400000, 0x000000008c400000| Untracked 
| 197|0x000000008c500000, 0x000000008c500000, 0x000000008c600000|  0%| F|  |TAMS 0x000000008c500000, 0x000000008c500000| Untracked 
| 198|0x000000008c600000, 0x000000008c600000, 0x000000008c700000|  0%| F|  |TAMS 0x000000008c600000, 0x000000008c600000| Untracked 
| 199|0x000000008c700000, 0x000000008c700000, 0x000000008c800000|  0%| F|  |TAMS 0x000000008c700000, 0x000000008c700000| Untracked 
| 200|0x000000008c800000, 0x000000008c800000, 0x000000008c900000|  0%| F|  |TAMS 0x000000008c800000, 0x000000008c800000| Untracked 
| 201|0x000000008c900000, 0x000000008c900000, 0x000000008ca00000|  0%| F|  |TAMS 0x000000008c900000, 0x000000008c900000| Untracked 
| 202|0x000000008ca00000, 0x000000008cb00000, 0x000000008cb00000|100%| E|  |TAMS 0x000000008ca00000, 0x000000008ca00000| Complete 
| 203|0x000000008cb00000, 0x000000008cc00000, 0x000000008cc00000|100%| E|CS|TAMS 0x000000008cb00000, 0x000000008cb00000| Complete 
| 204|0x000000008cc00000, 0x000000008cd00000, 0x000000008cd00000|100%| E|CS|TAMS 0x000000008cc00000, 0x000000008cc00000| Complete 
| 205|0x000000008cd00000, 0x000000008ce00000, 0x000000008ce00000|100%| E|CS|TAMS 0x000000008cd00000, 0x000000008cd00000| Complete 
| 206|0x000000008ce00000, 0x000000008cf00000, 0x000000008cf00000|100%| E|CS|TAMS 0x000000008ce00000, 0x000000008ce00000| Complete 
| 207|0x000000008cf00000, 0x000000008d000000, 0x000000008d000000|100%| E|CS|TAMS 0x000000008cf00000, 0x000000008cf00000| Complete 
| 208|0x000000008d000000, 0x000000008d100000, 0x000000008d100000|100%| E|CS|TAMS 0x000000008d000000, 0x000000008d000000| Complete 
| 209|0x000000008d100000, 0x000000008d200000, 0x000000008d200000|100%| E|CS|TAMS 0x000000008d100000, 0x000000008d100000| Complete 
| 210|0x000000008d200000, 0x000000008d300000, 0x000000008d300000|100%| E|CS|TAMS 0x000000008d200000, 0x000000008d200000| Complete 
| 211|0x000000008d300000, 0x000000008d400000, 0x000000008d400000|100%| E|CS|TAMS 0x000000008d300000, 0x000000008d300000| Complete 
| 212|0x000000008d400000, 0x000000008d500000, 0x000000008d500000|100%| E|CS|TAMS 0x000000008d400000, 0x000000008d400000| Complete 
| 213|0x000000008d500000, 0x000000008d600000, 0x000000008d600000|100%| E|CS|TAMS 0x000000008d500000, 0x000000008d500000| Complete 
| 214|0x000000008d600000, 0x000000008d700000, 0x000000008d700000|100%| E|CS|TAMS 0x000000008d600000, 0x000000008d600000| Complete 
| 215|0x000000008d700000, 0x000000008d800000, 0x000000008d800000|100%| E|CS|TAMS 0x000000008d700000, 0x000000008d700000| Complete 
| 216|0x000000008d800000, 0x000000008d900000, 0x000000008d900000|100%| E|CS|TAMS 0x000000008d800000, 0x000000008d800000| Complete 
| 217|0x000000008d900000, 0x000000008da00000, 0x000000008da00000|100%| E|CS|TAMS 0x000000008d900000, 0x000000008d900000| Complete 
| 218|0x000000008da00000, 0x000000008db00000, 0x000000008db00000|100%| E|CS|TAMS 0x000000008da00000, 0x000000008da00000| Complete 
| 219|0x000000008db00000, 0x000000008dc00000, 0x000000008dc00000|100%| E|CS|TAMS 0x000000008db00000, 0x000000008db00000| Complete 
| 220|0x000000008dc00000, 0x000000008dd00000, 0x000000008dd00000|100%| E|CS|TAMS 0x000000008dc00000, 0x000000008dc00000| Complete 
| 221|0x000000008dd00000, 0x000000008de00000, 0x000000008de00000|100%| E|CS|TAMS 0x000000008dd00000, 0x000000008dd00000| Complete 

Card table byte_map: [0x000001a642590000,0x000001a642990000] _byte_map_base: 0x000001a642190000

Marking Bits (Prev, Next): (CMBitMap*) 0x000001a62edc9430, (CMBitMap*) 0x000001a62edc93f8
 Prev Bits: [0x000001a644d90000, 0x000001a646d90000)
 Next Bits: [0x000001a642d90000, 0x000001a644d90000)

Polling page: 0x000001a62d740000

Metaspace:

Usage:
  Non-class:    108.68 MB capacity,   106.44 MB ( 98%) used,     1.90 MB (  2%) free+waste,   360.31 KB ( <1%) overhead. 
      Class:     16.47 MB capacity,    15.24 MB ( 93%) used,     1.07 MB (  6%) free+waste,   163.88 KB ( <1%) overhead. 
       Both:    125.15 MB capacity,   121.68 MB ( 97%) used,     2.96 MB (  2%) free+waste,   524.19 KB ( <1%) overhead. 

Virtual space:
  Non-class space:      110.00 MB reserved,     108.79 MB ( 99%) committed 
      Class space:        1.00 GB reserved,      16.63 MB (  2%) committed 
             Both:        1.11 GB reserved,     125.41 MB ( 11%) committed 

Chunk freelists:
   Non-Class:  103.00 KB
       Class:  63.00 KB
        Both:  166.00 KB

MaxMetaspaceSize: 17179869184.00 GB
CompressedClassSpaceSize: 1.00 GB

CodeHeap 'non-profiled nmethods': size=120000Kb used=9616Kb max_used=9616Kb free=110383Kb
 bounds [0x000001a63a1f0000, 0x000001a63ab60000, 0x000001a641720000]
CodeHeap 'profiled nmethods': size=120000Kb used=39883Kb max_used=39883Kb free=80116Kb
 bounds [0x000001a632cc0000, 0x000001a6353c0000, 0x000001a63a1f0000]
CodeHeap 'non-nmethods': size=5760Kb used=2408Kb max_used=2454Kb free=3351Kb
 bounds [0x000001a632720000, 0x000001a632990000, 0x000001a632cc0000]
 total_blobs=17225 nmethods=16223 adapters=908
 compilation: enabled
              stopped_count=0, restarted_count=0
 full_count=0

Compilation events (20 events):
Event: 44.632 Thread 0x000001a64a1ff800 nmethod 16653 0x000001a635366090 code [0x000001a635366240, 0x000001a635366368]
Event: 44.635 Thread 0x000001a64a1ff800 16654       2       com.google.common.util.concurrent.AbstractFuture::complete (104 bytes)
Event: 44.636 Thread 0x000001a64a1ff800 nmethod 16654 0x000001a635366410 code [0x000001a635366620, 0x000001a635366a08]
Event: 44.636 Thread 0x000001a64a1ff800 16655       2       com.android.tools.r8.graph.J$$Lambda$1210/0x0000000100fa9440::apply (14 bytes)
Event: 44.636 Thread 0x000001a64a1ff800 nmethod 16655 0x000001a635366c10 code [0x000001a635366dc0, 0x000001a635366f08]
Event: 44.637 Thread 0x000001a64a1ff800 16656       2       com.android.tools.r8.s.a.a.b.c::next (32 bytes)
Event: 44.638 Thread 0x000001a64a1ff800 nmethod 16656 0x000001a635367010 code [0x000001a6353671e0, 0x000001a635367458]
Event: 44.638 Thread 0x000001a64a1ff800 16657       2       com.android.tools.r8.w.a.a.a.f.U::equals (19 bytes)
Event: 44.638 Thread 0x000001a64a1ff800 nmethod 16657 0x000001a635367590 code [0x000001a635367760, 0x000001a635367948]
Event: 44.638 Thread 0x000001a64a1ff800 16658       2       com.android.tools.r8.graph.J::J (34 bytes)
Event: 44.638 Thread 0x000001a64a1ff800 nmethod 16658 0x000001a635367a10 code [0x000001a635367bc0, 0x000001a635367ce8]
Event: 44.642 Thread 0x000001a64a1ff800 16661       2       com.android.tools.r8.v.b.j1::c (10 bytes)
Event: 44.642 Thread 0x000001a64a1ff800 nmethod 16661 0x000001a635367d90 code [0x000001a635367f40, 0x000001a635368068]
Event: 44.645 Thread 0x000001a64a1ff800 16662       2       com.android.tools.r8.ir.optimize.i0::a (91 bytes)
Event: 44.647 Thread 0x000001a64a1ff800 nmethod 16662 0x000001a635368110 code [0x000001a635368340, 0x000001a6353687d8]
Event: 44.656 Thread 0x000001a64c576000 nmethod 16509 0x000001a63ab4a310 code [0x000001a63ab4a840, 0x000001a63ab4f5c8]
Event: 44.656 Thread 0x000001a64c576000 16660       4       java.util.ArrayList::forEach (74 bytes)
Event: 44.659 Thread 0x000001a64c576000 nmethod 16660 0x000001a63ab52a90 code [0x000001a63ab52c40, 0x000001a63ab52dd8]
Event: 44.659 Thread 0x000001a64c576000 16664       4       com.android.tools.r8.ir.conversion.o::a (270 bytes)
Event: 44.661 Thread 0x000001a64a1ff800 16665 %     3       com.android.tools.r8.ir.optimize.i0::b @ 70 (1583 bytes)

GC Heap History (20 events):
Event: 18.164 GC heap before
{Heap before GC invocations=28 (full 0):
 garbage-first heap   total 189440K, used 151998K [0x0000000080000000, 0x0000000100000000)
  region size 1024K, 54 young (55296K), 3 survivors (3072K)
 Metaspace       used 100180K, capacity 102891K, committed 102948K, reserved 1138688K
  class space    used 12839K, capacity 13785K, committed 13824K, reserved 1048576K
}
Event: 18.172 GC heap after
{Heap after GC invocations=29 (full 0):
 garbage-first heap   total 227328K, used 102846K [0x0000000080000000, 0x0000000100000000)
  region size 1024K, 5 young (5120K), 5 survivors (5120K)
 Metaspace       used 100180K, capacity 102891K, committed 102948K, reserved 1138688K
  class space    used 12839K, capacity 13785K, committed 13824K, reserved 1048576K
}
Event: 39.046 GC heap before
{Heap before GC invocations=30 (full 0):
 garbage-first heap   total 227328K, used 172478K [0x0000000080000000, 0x0000000100000000)
  region size 1024K, 73 young (74752K), 5 survivors (5120K)
 Metaspace       used 110372K, capacity 113219K, committed 113444K, reserved 1148928K
  class space    used 13843K, capacity 14818K, committed 14848K, reserved 1048576K
}
Event: 39.057 GC heap after
{Heap after GC invocations=31 (full 0):
 garbage-first heap   total 227328K, used 107692K [0x0000000080000000, 0x0000000100000000)
  region size 1024K, 10 young (10240K), 10 survivors (10240K)
 Metaspace       used 110372K, capacity 113219K, committed 113444K, reserved 1148928K
  class space    used 13843K, capacity 14818K, committed 14848K, reserved 1048576K
}
Event: 40.579 GC heap before
{Heap before GC invocations=31 (full 0):
 garbage-first heap   total 227328K, used 175276K [0x0000000080000000, 0x0000000100000000)
  region size 1024K, 77 young (78848K), 10 survivors (10240K)
 Metaspace       used 113084K, capacity 116253K, committed 116516K, reserved 1150976K
  class space    used 14173K, capacity 15248K, committed 15360K, reserved 1048576K
}
Event: 40.594 GC heap after
{Heap after GC invocations=32 (full 0):
 garbage-first heap   total 227328K, used 114044K [0x0000000080000000, 0x0000000100000000)
  region size 1024K, 7 young (7168K), 7 survivors (7168K)
 Metaspace       used 113084K, capacity 116253K, committed 116516K, reserved 1150976K
  class space    used 14173K, capacity 15248K, committed 15360K, reserved 1048576K
}
Event: 41.198 GC heap before
{Heap before GC invocations=32 (full 0):
 garbage-first heap   total 227328K, used 179580K [0x0000000080000000, 0x0000000100000000)
  region size 1024K, 72 young (73728K), 7 survivors (7168K)
 Metaspace       used 113934K, capacity 117252K, committed 117412K, reserved 1150976K
  class space    used 14274K, capacity 15363K, committed 15488K, reserved 1048576K
}
Event: 41.215 GC heap after
{Heap after GC invocations=33 (full 0):
 garbage-first heap   total 227328K, used 117868K [0x0000000080000000, 0x0000000100000000)
  region size 1024K, 5 young (5120K), 5 survivors (5120K)
 Metaspace       used 113934K, capacity 117252K, committed 117412K, reserved 1150976K
  class space    used 14274K, capacity 15363K, committed 15488K, reserved 1048576K
}
Event: 41.832 GC heap before
{Heap before GC invocations=34 (full 0):
 garbage-first heap   total 227328K, used 182380K [0x0000000080000000, 0x0000000100000000)
  region size 1024K, 69 young (70656K), 5 survivors (5120K)
 Metaspace       used 115649K, capacity 119017K, committed 119204K, reserved 1153024K
  class space    used 14501K, capacity 15627K, committed 15744K, reserved 1048576K
}
Event: 41.845 GC heap after
{Heap after GC invocations=35 (full 0):
 garbage-first heap   total 227328K, used 122042K [0x0000000080000000, 0x0000000100000000)
  region size 1024K, 9 young (9216K), 9 survivors (9216K)
 Metaspace       used 115649K, capacity 119017K, committed 119204K, reserved 1153024K
  class space    used 14501K, capacity 15627K, committed 15744K, reserved 1048576K
}
Event: 42.479 GC heap before
{Heap before GC invocations=35 (full 0):
 garbage-first heap   total 227328K, used 184506K [0x0000000080000000, 0x0000000100000000)
  region size 1024K, 71 young (72704K), 9 survivors (9216K)
 Metaspace       used 120978K, capacity 124525K, committed 124708K, reserved 1157120K
  class space    used 15294K, capacity 16516K, committed 16640K, reserved 1048576K
}
Event: 42.507 GC heap after
{Heap after GC invocations=36 (full 0):
 garbage-first heap   total 227328K, used 130732K [0x0000000080000000, 0x0000000100000000)
  region size 1024K, 9 young (9216K), 9 survivors (9216K)
 Metaspace       used 120978K, capacity 124525K, committed 124708K, reserved 1157120K
  class space    used 15294K, capacity 16516K, committed 16640K, reserved 1048576K
}
Event: 43.084 GC heap before
{Heap before GC invocations=37 (full 0):
 garbage-first heap   total 227328K, used 186028K [0x0000000080000000, 0x0000000100000000)
  region size 1024K, 64 young (65536K), 9 survivors (9216K)
 Metaspace       used 122557K, capacity 126078K, committed 126244K, reserved 1159168K
  class space    used 15427K, capacity 16635K, committed 16640K, reserved 1048576K
}
Event: 43.092 GC heap after
{Heap after GC invocations=38 (full 0):
 garbage-first heap   total 227328K, used 128025K [0x0000000080000000, 0x0000000100000000)
  region size 1024K, 2 young (2048K), 2 survivors (2048K)
 Metaspace       used 122557K, capacity 126078K, committed 126244K, reserved 1159168K
  class space    used 15427K, capacity 16635K, committed 16640K, reserved 1048576K
}
Event: 43.618 GC heap before
{Heap before GC invocations=38 (full 0):
 garbage-first heap   total 227328K, used 187417K [0x0000000080000000, 0x0000000100000000)
  region size 1024K, 60 young (61440K), 2 survivors (2048K)
 Metaspace       used 124054K, capacity 127744K, committed 127908K, reserved 1161216K
  class space    used 15628K, capacity 16910K, committed 17024K, reserved 1048576K
}
Event: 43.626 GC heap after
{Heap after GC invocations=39 (full 0):
 garbage-first heap   total 227328K, used 128429K [0x0000000080000000, 0x0000000100000000)
  region size 1024K, 2 young (2048K), 2 survivors (2048K)
 Metaspace       used 124054K, capacity 127744K, committed 127908K, reserved 1161216K
  class space    used 15628K, capacity 16910K, committed 17024K, reserved 1048576K
}
Event: 44.246 GC heap before
{Heap before GC invocations=40 (full 0):
 garbage-first heap   total 227328K, used 188845K [0x0000000080000000, 0x0000000100000000)
  region size 1024K, 61 young (62464K), 2 survivors (2048K)
 Metaspace       used 124405K, capacity 128021K, committed 128420K, reserved 1161216K
  class space    used 15607K, capacity 16865K, committed 17024K, reserved 1048576K
}
Event: 44.252 GC heap after
{Heap after GC invocations=41 (full 0):
 garbage-first heap   total 227328K, used 128432K [0x0000000080000000, 0x0000000100000000)
  region size 1024K, 2 young (2048K), 2 survivors (2048K)
 Metaspace       used 124405K, capacity 128021K, committed 128420K, reserved 1161216K
  class space    used 15607K, capacity 16865K, committed 17024K, reserved 1048576K
}
Event: 44.591 GC heap before
{Heap before GC invocations=41 (full 0):
 garbage-first heap   total 227328K, used 190896K [0x0000000080000000, 0x0000000100000000)
  region size 1024K, 63 young (64512K), 2 survivors (2048K)
 Metaspace       used 124568K, capacity 128154K, committed 128420K, reserved 1161216K
  class space    used 15608K, capacity 16865K, committed 17024K, reserved 1048576K
}
Event: 44.600 GC heap after
{Heap after GC invocations=42 (full 0):
 garbage-first heap   total 227328K, used 129302K [0x0000000080000000, 0x0000000100000000)
  region size 1024K, 3 young (3072K), 3 survivors (3072K)
 Metaspace       used 124568K, capacity 128154K, committed 128420K, reserved 1161216K
  class space    used 15608K, capacity 16865K, committed 17024K, reserved 1048576K
}

Deoptimization events (20 events):
Event: 44.194 Thread 0x000001a64c572800 DEOPT PACKING pc=0x000001a6350139ad sp=0x00000093528f96e0
Event: 44.194 Thread 0x000001a64c572800 DEOPT UNPACKING pc=0x000001a6327472ce sp=0x00000093528f8d18 mode 0
Event: 44.226 Thread 0x000001a64c572800 Uncommon trap: trap_request=0xffffffde fr.pc=0x000001a63aac07ac relative=0x000000000000014c
Event: 44.226 Thread 0x000001a64c572800 Uncommon trap: reason=class_check action=maybe_recompile pc=0x000001a63aac07ac method=com.android.tools.r8.v.b.x1.a(Lcom/android/tools/r8/v/a/t/u;)Lcom/android/tools/r8/v/b/x1; @ 12 c2
Event: 44.226 Thread 0x000001a64c572800 DEOPT PACKING pc=0x000001a63aac07ac sp=0x00000093528f97b0
Event: 44.227 Thread 0x000001a64c572800 DEOPT UNPACKING pc=0x000001a6327474af sp=0x00000093528f9690 mode 2
Event: 44.347 Thread 0x000001a64c572800 DEOPT PACKING pc=0x000001a634fba11a sp=0x00000093528f9a10
Event: 44.347 Thread 0x000001a64c572800 DEOPT UNPACKING pc=0x000001a6327472ce sp=0x00000093528f92b8 mode 0
Event: 44.458 Thread 0x000001a64c572800 Uncommon trap: trap_request=0xffffff4d fr.pc=0x000001a63a3ef7e8 relative=0x0000000000000228
Event: 44.458 Thread 0x000001a64c572800 Uncommon trap: reason=unstable_if action=reinterpret pc=0x000001a63a3ef7e8 method=java.util.HashMap.getNode(ILjava/lang/Object;)Ljava/util/HashMap$Node; @ 84 c2
Event: 44.458 Thread 0x000001a64c572800 DEOPT PACKING pc=0x000001a63a3ef7e8 sp=0x00000093528f9800
Event: 44.458 Thread 0x000001a64c572800 DEOPT UNPACKING pc=0x000001a6327474af sp=0x00000093528f9708 mode 2
Event: 44.570 Thread 0x000001a64c572800 DEOPT PACKING pc=0x000001a634fea147 sp=0x00000093528f99b0
Event: 44.570 Thread 0x000001a64c572800 DEOPT UNPACKING pc=0x000001a6327472ce sp=0x00000093528f91a8 mode 0
Event: 44.607 Thread 0x000001a64c572800 DEOPT PACKING pc=0x000001a634fabf64 sp=0x00000093528f8e80
Event: 44.607 Thread 0x000001a64c572800 DEOPT UNPACKING pc=0x000001a6327472ce sp=0x00000093528f8418 mode 0
Event: 44.657 Thread 0x000001a64c572800 Uncommon trap: trap_request=0xffffff76 fr.pc=0x000001a63ab4e004 relative=0x00000000000037c4
Event: 44.657 Thread 0x000001a64c572800 Uncommon trap: reason=loop_limit_check action=maybe_recompile pc=0x000001a63ab4e004 method=com.android.tools.r8.w.a.a.a.f.m0.h(I)I @ 10 c2
Event: 44.657 Thread 0x000001a64c572800 DEOPT PACKING pc=0x000001a63ab4e004 sp=0x00000093528f9970
Event: 44.657 Thread 0x000001a64c572800 DEOPT UNPACKING pc=0x000001a6327474af sp=0x00000093528f9788 mode 2

Classes redefined (0 events):
No events

Internal exceptions (20 events):
Event: 41.530 Thread 0x000001a64af5e800 Exception <a 'java/lang/NoSuchMethodError'{0x000000008bf4b278}: 'java.lang.Object java.lang.invoke.Invokers$Holder.linkToTargetMethod(java.lang.Object, long, java.lang.Object)'> (0x000000008bf4b278) thrown at [./src/hotspot/share/interpreter/linkResolver.cpp, line 773]
Event: 41.643 Thread 0x000001a64af58000 Exception <a 'java/lang/NoSuchMethodError'{0x000000008b1e1228}: 'int java.lang.invoke.DirectMethodHandle$Holder.invokeSpecial(java.lang.Object, java.lang.Object, java.lang.Object, java.lang.Object, java.lang.Object)'> (0x000000008b1e1228) thrown at [./src/hotspot/share/interpreter/linkResolver.cpp, line 773]
Event: 41.866 Thread 0x000001a64c577800 Exception <a 'sun/nio/fs/WindowsException'{0x000000008d887268}> (0x000000008d887268) thrown at [./src/hotspot/share/prims/jni.cpp, line 615]
Event: 41.873 Thread 0x000001a64c572800 Exception <a 'sun/nio/fs/WindowsException'{0x000000008d6956a8}> (0x000000008d6956a8) thrown at [./src/hotspot/share/prims/jni.cpp, line 615]
Event: 42.039 Thread 0x000001a64c577800 Exception <a 'java/lang/NoSuchMethodError'{0x000000008c9a1a38}: 'void java.lang.invoke.DirectMethodHandle$Holder.invokeStatic(java.lang.Object, java.lang.Object, java.lang.Object, int)'> (0x000000008c9a1a38) thrown at [./src/hotspot/share/interpreter/linkResolver.cpp, line 773]
Event: 42.050 Thread 0x000001a64c577800 Exception <a 'java/lang/IncompatibleClassChangeError'{0x000000008c9d3448}: Found class java.lang.Object, but interface was expected> (0x000000008c9d3448) thrown at [./src/hotspot/share/interpreter/linkResolver.cpp, line 839]
Event: 42.181 Thread 0x000001a64c577800 Exception <a 'java/lang/NoSuchMethodError'{0x000000008b9c1490}: 'long java.lang.invoke.DirectMethodHandle$Holder.invokeStatic(java.lang.Object, java.lang.Object)'> (0x000000008b9c1490) thrown at [./src/hotspot/share/interpreter/linkResolver.cpp, line 773]
Event: 42.187 Thread 0x000001a64c577800 Exception <a 'java/lang/NoSuchMethodError'{0x000000008b8813d8}: 'void java.lang.invoke.DirectMethodHandle$Holder.invokeSpecial(java.lang.Object, java.lang.Object, int, java.lang.Object)'> (0x000000008b8813d8) thrown at [./src/hotspot/share/interpreter/linkResolver.cpp, line 773]
Event: 42.187 Thread 0x000001a64c572800 Exception <a 'java/lang/NoSuchMethodError'{0x000000008b85ce20}: 'void java.lang.invoke.DirectMethodHandle$Holder.invokeSpecial(java.lang.Object, java.lang.Object, int, java.lang.Object)'> (0x000000008b85ce20) thrown at [./src/hotspot/share/interpreter/linkResolver.cpp, line 773]
Event: 42.278 Thread 0x000001a64c577800 Exception <a 'java/lang/NoSuchMethodError'{0x000000008b154590}: 'java.lang.Object java.lang.invoke.DirectMethodHandle$Holder.invokeVirtual(java.lang.Object, java.lang.Object, int, java.lang.Object)'> (0x000000008b154590) thrown at [./src/hotspot/share/interpreter/linkResolver.cpp, line 773]
Event: 42.308 Thread 0x000001a64c577800 Exception <a 'java/lang/NoSuchMethodError'{0x000000008ae588a0}: 'void java.lang.invoke.DirectMethodHandle$Holder.invokeVirtual(java.lang.Object, java.lang.Object, int, java.lang.Object)'> (0x000000008ae588a0) thrown at [./src/hotspot/share/interpreter/linkResolver.cpp, line 773]
Event: 42.376 Thread 0x000001a64c577800 Exception <a 'java/lang/NoSuchMethodError'{0x000000008a884520}: 'java.lang.Object java.lang.invoke.DirectMethodHandle$Holder.newInvokeSpecial(java.lang.Object, int)'> (0x000000008a884520) thrown at [./src/hotspot/share/interpreter/linkResolver.cpp, line 773]
Event: 42.376 Thread 0x000001a64c572800 Exception <a 'java/lang/NoSuchMethodError'{0x000000008a95ef70}: 'java.lang.Object java.lang.invoke.DirectMethodHandle$Holder.newInvokeSpecial(java.lang.Object, int)'> (0x000000008a95ef70) thrown at [./src/hotspot/share/interpreter/linkResolver.cpp, line 773]
Event: 42.458 Thread 0x000001a64c572800 Exception <a 'java/lang/NoSuchMethodError'{0x000000008a122ca8}: 'java.lang.Object java.lang.invoke.DirectMethodHandle$Holder.invokeInterface(java.lang.Object, java.lang.Object, int)'> (0x000000008a122ca8) thrown at [./src/hotspot/share/interpreter/linkResolver.cpp, line 773]
Event: 42.810 Thread 0x000001a64af59000 Exception <a 'java/lang/NoSuchMethodError'{0x000000008c8a7f20}: 'java.lang.Object java.lang.invoke.DirectMethodHandle$Holder.invokeVirtual(java.lang.Object, java.lang.Object, int)'> (0x000000008c8a7f20) thrown at [./src/hotspot/share/interpreter/linkResolver.cpp, line 773]
Event: 43.247 Thread 0x000001a64c577800 Exception <a 'java/lang/NoSuchMethodError'{0x000000008c9ea640}: 'java.lang.Object java.lang.invoke.DirectMethodHandle$Holder.invokeSpecial(java.lang.Object, java.lang.Object, java.lang.Object, java.lang.Object, java.lang.Object, java.lang.Object, java.lang.Object, java.lang.Object, java.lang.Object, java.lang.Object)'> (0x000000008c9ea640) thrown at [./src/hotspot/share/interpreter/linkResolver.cpp, line 773]
Event: 43.247 Thread 0x000001a64c577800 Exception <a 'java/lang/NoSuchMethodError'{0x000000008c9eec80}: 'java.lang.Object java.lang.invoke.Invokers$Holder.linkToTargetMethod(java.lang.Object, java.lang.Object, java.lang.Object, java.lang.Object, java.lang.Object, java.lang.Object, java.lang.Object, java.lang.Object, java.lang.Object)'> (0x000000008c9eec80) thrown at [./src/hotspot/share/interpreter/linkResolver.cpp, line 773]
Event: 43.395 Thread 0x000001a64c577800 Exception <a 'java/lang/NoSuchMethodError'{0x000000008b7bab10}: 'void java.lang.invoke.DirectMethodHandle$Holder.invokeVirtual(java.lang.Object, java.lang.Object, int)'> (0x000000008b7bab10) thrown at [./src/hotspot/share/interpreter/linkResolver.cpp, line 773]
Event: 43.437 Thread 0x000001a64c577800 Exception <a 'sun/nio/fs/WindowsException'{0x000000008b3c1820}> (0x000000008b3c1820) thrown at [./src/hotspot/share/prims/jni.cpp, line 615]
Event: 43.657 Thread 0x000001a64c572800 Exception <a 'java/lang/NoSuchMethodError'{0x000000008db99b88}: 'int java.lang.invoke.DirectMethodHandle$Holder.invokeInterface(java.lang.Object, java.lang.Object, int)'> (0x000000008db99b88) thrown at [./src/hotspot/share/interpreter/linkResolver.cpp, line 773]

Events (20 events):
Event: 44.032 loading class com/android/tools/r8/code/O2
Event: 44.032 loading class com/android/tools/r8/code/O2 done
Event: 44.033 loading class com/android/tools/r8/code/Q2
Event: 44.033 loading class com/android/tools/r8/code/Q2 done
Event: 44.034 loading class com/android/tools/r8/code/P2
Event: 44.034 loading class com/android/tools/r8/code/P2 done
Event: 44.034 loading class com/android/tools/r8/code/R2
Event: 44.034 loading class com/android/tools/r8/code/R2 done
Event: 44.034 loading class com/android/tools/r8/code/N2
Event: 44.034 loading class com/android/tools/r8/code/N2 done
Event: 44.157 Executing VM operation: ICBufferFull
Event: 44.157 Executing VM operation: ICBufferFull done
Event: 44.246 Executing VM operation: G1CollectForAllocation
Event: 44.252 Executing VM operation: G1CollectForAllocation done
Event: 44.300 loading class com/android/tools/r8/w/a/a/a/f/W
Event: 44.300 loading class com/android/tools/r8/w/a/a/a/f/W done
Event: 44.560 Executing VM operation: ICBufferFull
Event: 44.560 Executing VM operation: ICBufferFull done
Event: 44.590 Executing VM operation: G1CollectForAllocation
Event: 44.600 Executing VM operation: G1CollectForAllocation done


Dynamic libraries:
0x00007ff636f50000 - 0x00007ff636f5a000 	C:\Program Files\Android\Android Studio1\jre\bin\java.exe
0x00007ffa0fb90000 - 0x00007ffa0fd85000 	C:\WINDOWS\SYSTEM32\ntdll.dll
0x00007ffa0ef40000 - 0x00007ffa0effd000 	C:\WINDOWS\System32\KERNEL32.DLL
0x00007ffa0d6f0000 - 0x00007ffa0d9b9000 	C:\WINDOWS\System32\KERNELBASE.dll
0x00007ffa0d550000 - 0x00007ffa0d650000 	C:\WINDOWS\System32\ucrtbase.dll
0x00007ff9fbf30000 - 0x00007ff9fbf49000 	C:\Program Files\Android\Android Studio1\jre\bin\jli.dll
0x00007ff9fbf10000 - 0x00007ff9fbf27000 	C:\Program Files\Android\Android Studio1\jre\bin\VCRUNTIME140.dll
0x00007ffa0dcf0000 - 0x00007ffa0de90000 	C:\WINDOWS\System32\USER32.dll
0x00007ffa0d2d0000 - 0x00007ffa0d2f2000 	C:\WINDOWS\System32\win32u.dll
0x00007ffa0ea80000 - 0x00007ffa0eaaa000 	C:\WINDOWS\System32\GDI32.dll
0x00007ffa0d360000 - 0x00007ffa0d46b000 	C:\WINDOWS\System32\gdi32full.dll
0x00007ff9f9df0000 - 0x00007ff9fa08a000 	C:\WINDOWS\WinSxS\amd64_microsoft.windows.common-controls_6595b64144ccf1df_6.0.19041.1110_none_60b5254171f9507e\COMCTL32.dll
0x00007ffa0d650000 - 0x00007ffa0d6ed000 	C:\WINDOWS\System32\msvcp_win.dll
0x00007ffa0f010000 - 0x00007ffa0f0ae000 	C:\WINDOWS\System32\msvcrt.dll
0x00007ffa0ee60000 - 0x00007ffa0ee90000 	C:\WINDOWS\System32\IMM32.DLL
0x00007ff9d2800000 - 0x00007ff9d289d000 	C:\Program Files\Android\Android Studio1\jre\bin\msvcp140.dll
0x00007ff9ba910000 - 0x00007ff9bb3cc000 	C:\Program Files\Android\Android Studio1\jre\bin\server\jvm.dll
0x00007ffa0ee90000 - 0x00007ffa0ef3c000 	C:\WINDOWS\System32\ADVAPI32.dll
0x00007ffa0e7b0000 - 0x00007ffa0e84b000 	C:\WINDOWS\System32\sechost.dll
0x00007ffa0e210000 - 0x00007ffa0e33a000 	C:\WINDOWS\System32\RPCRT4.dll
0x00007ffa0ed10000 - 0x00007ffa0ed18000 	C:\WINDOWS\System32\PSAPI.DLL
0x00007ffa05b70000 - 0x00007ffa05b79000 	C:\WINDOWS\SYSTEM32\WSOCK32.dll
0x00007ffa0e9a0000 - 0x00007ffa0ea0b000 	C:\WINDOWS\System32\WS2_32.dll
0x00007ffa02310000 - 0x00007ffa02337000 	C:\WINDOWS\SYSTEM32\WINMM.dll
0x00007ffa04a60000 - 0x00007ffa04a6a000 	C:\WINDOWS\SYSTEM32\VERSION.dll
0x00007ffa0bb90000 - 0x00007ffa0bba2000 	C:\WINDOWS\SYSTEM32\kernel.appcore.dll
0x00007ffa07590000 - 0x00007ffa075a1000 	C:\Program Files\Android\Android Studio1\jre\bin\verify.dll
0x00007ffa0afb0000 - 0x00007ffa0b194000 	C:\WINDOWS\SYSTEM32\DBGHELP.DLL
0x00007ff9fbe70000 - 0x00007ff9fbe9c000 	C:\WINDOWS\SYSTEM32\dbgcore.DLL
0x00007ffa0d4c0000 - 0x00007ffa0d543000 	C:\WINDOWS\System32\bcryptPrimitives.dll
0x00007ffa05e90000 - 0x00007ffa05eb9000 	C:\Program Files\Android\Android Studio1\jre\bin\java.dll
0x00007ffa0a770000 - 0x00007ffa0a77b000 	C:\Program Files\Android\Android Studio1\jre\bin\jimage.dll
0x00007ffa073a0000 - 0x00007ffa073b8000 	C:\Program Files\Android\Android Studio1\jre\bin\zip.dll
0x00007ffa0f0b0000 - 0x00007ffa0f7ef000 	C:\WINDOWS\System32\SHELL32.dll
0x00007ffa0b3e0000 - 0x00007ffa0bb71000 	C:\WINDOWS\SYSTEM32\windows.storage.dll
0x00007ffa0f7f0000 - 0x00007ffa0fb45000 	C:\WINDOWS\System32\combase.dll
0x00007ffa0cd40000 - 0x00007ffa0cd6c000 	C:\WINDOWS\SYSTEM32\Wldp.dll
0x00007ffa0de90000 - 0x00007ffa0df3e000 	C:\WINDOWS\System32\SHCORE.dll
0x00007ffa0ea10000 - 0x00007ffa0ea65000 	C:\WINDOWS\System32\shlwapi.dll
0x00007ffa0d210000 - 0x00007ffa0d22f000 	C:\WINDOWS\SYSTEM32\profapi.dll
0x00007ffa05c00000 - 0x00007ffa05c1a000 	C:\Program Files\Android\Android Studio1\jre\bin\net.dll
0x00007ffa014f0000 - 0x00007ffa015fa000 	C:\WINDOWS\SYSTEM32\WINHTTP.dll
0x00007ffa0ca30000 - 0x00007ffa0ca9a000 	C:\WINDOWS\system32\mswsock.dll
0x00007ffa05be0000 - 0x00007ffa05bf4000 	C:\Program Files\Android\Android Studio1\jre\bin\nio.dll
0x00007ffa06540000 - 0x00007ffa06567000 	C:\Users\Dark Knight\.gradle\native\fdc75f09e3144964f2cf3f50f0aa648679c211496f362492102eb8c894070792\windows-amd64\native-platform.dll
0x00007ff9cdc60000 - 0x00007ff9cddf6000 	C:\Users\Dark Knight\.gradle\native\12488b8bf47d2d4c9fbf2f6322a914ad602e24e48041cd04a747c6da556b65c4\windows-amd64\native-platform-file-events.dll
0x00007ffa07880000 - 0x00007ffa0788a000 	C:\Program Files\Android\Android Studio1\jre\bin\management.dll
0x00007ffa07860000 - 0x00007ffa0786c000 	C:\Program Files\Android\Android Studio1\jre\bin\management_ext.dll
0x00007ffa0cc40000 - 0x00007ffa0cc58000 	C:\WINDOWS\SYSTEM32\CRYPTSP.dll
0x00007ffa0c370000 - 0x00007ffa0c3a4000 	C:\WINDOWS\system32\rsaenh.dll
0x00007ffa0da70000 - 0x00007ffa0da97000 	C:\WINDOWS\System32\bcrypt.dll
0x00007ffa0d1d0000 - 0x00007ffa0d1fe000 	C:\WINDOWS\SYSTEM32\USERENV.dll
0x00007ffa0cc30000 - 0x00007ffa0cc3c000 	C:\WINDOWS\SYSTEM32\CRYPTBASE.dll
0x00007ffa0c720000 - 0x00007ffa0c75b000 	C:\WINDOWS\SYSTEM32\IPHLPAPI.DLL
0x00007ffa0f000000 - 0x00007ffa0f008000 	C:\WINDOWS\System32\NSI.dll
0x00007ffa034e0000 - 0x00007ffa034f7000 	C:\WINDOWS\SYSTEM32\dhcpcsvc6.DLL
0x00007ffa03da0000 - 0x00007ffa03dbd000 	C:\WINDOWS\SYSTEM32\dhcpcsvc.DLL
0x00007ffa0c760000 - 0x00007ffa0c82c000 	C:\WINDOWS\SYSTEM32\DNSAPI.dll
0x00007ffa04a70000 - 0x00007ffa04a7b000 	C:\WINDOWS\SYSTEM32\WINNSI.DLL
0x00007ffa058a0000 - 0x00007ffa058c7000 	C:\Program Files\Android\Android Studio1\jre\bin\sunec.dll
0x00007ffa001b0000 - 0x00007ffa001ba000 	C:\Windows\System32\rasadhlp.dll
0x00007ff9f38e0000 - 0x00007ff9f395f000 	C:\WINDOWS\System32\fwpuclnt.dll

dbghelp: loaded successfully - version: 4.0.5 - missing functions: none
symbol engine: initialized successfully - sym options: 0x614 - pdb path: .;C:\Program Files\Android\Android Studio1\jre\bin;C:\WINDOWS\SYSTEM32;C:\WINDOWS\WinSxS\amd64_microsoft.windows.common-controls_6595b64144ccf1df_6.0.19041.1110_none_60b5254171f9507e;C:\Program Files\Android\Android Studio1\jre\bin\server;C:\Users\Dark Knight\.gradle\native\fdc75f09e3144964f2cf3f50f0aa648679c211496f362492102eb8c894070792\windows-amd64;C:\Users\Dark Knight\.gradle\native\12488b8bf47d2d4c9fbf2f6322a914ad602e24e48041cd04a747c6da556b65c4\windows-amd64

VM Arguments:
jvm_args: --add-opens=java.base/java.util=ALL-UNNAMED --add-opens=java.base/java.lang=ALL-UNNAMED --add-opens=java.base/java.lang.invoke=ALL-UNNAMED --add-opens=java.prefs/java.util.prefs=ALL-UNNAMED -Xmx2048m -Dfile.encoding=UTF-8 -Duser.country=IN -Duser.language=en -Duser.variant 
java_command: org.gradle.launcher.daemon.bootstrap.GradleDaemon 6.7.1
java_class_path (initial): C:\Users\Dark Knight\.gradle\wrapper\dists\gradle-6.7.1-bin\bwlcbys1h7rz3272sye1xwiv6\gradle-6.7.1\lib\gradle-launcher-6.7.1.jar
Launcher Type: SUN_STANDARD

[Global flags]
     intx CICompilerCount                          = 4                                         {product} {ergonomic}
     uint ConcGCThreads                            = 2                                         {product} {ergonomic}
     uint G1ConcRefinementThreads                  = 8                                         {product} {ergonomic}
   size_t G1HeapRegionSize                         = 1048576                                   {product} {ergonomic}
    uintx GCDrainStackTargetSize                   = 64                                        {product} {ergonomic}
   size_t InitialHeapSize                          = 134217728                                 {product} {ergonomic}
   size_t MarkStackSize                            = 4194304                                   {product} {ergonomic}
   size_t MaxHeapSize                              = 2147483648                                {product} {command line}
   size_t MaxNewSize                               = 1287651328                                {product} {ergonomic}
   size_t MinHeapDeltaBytes                        = 1048576                                   {product} {ergonomic}
    uintx NonNMethodCodeHeapSize                   = 5836300                                {pd product} {ergonomic}
    uintx NonProfiledCodeHeapSize                  = 122910970                              {pd product} {ergonomic}
    uintx ProfiledCodeHeapSize                     = 122910970                              {pd product} {ergonomic}
    uintx ReservedCodeCacheSize                    = 251658240                              {pd product} {ergonomic}
     bool SegmentedCodeCache                       = true                                      {product} {ergonomic}
     bool UseCompressedClassPointers               = true                                 {lp64_product} {ergonomic}
     bool UseCompressedOops                        = true                                 {lp64_product} {ergonomic}
     bool UseG1GC                                  = true                                      {product} {ergonomic}
     bool UseLargePagesIndividualAllocation        = false                                  {pd product} {ergonomic}

Logging:
Log output configuration:
 #0: stdout all=warning uptime,level,tags
 #1: stderr all=off uptime,level,tags

Environment Variables:
PATH=C:\Windows\system32;C:\Windows;C:\Windows\System32\Wbem;C:\Windows\System32\WindowsPowerShell\v1.0\;C:\Windows\System32\OpenSSH\;C:\Program Files (x86)\NVIDIA Corporation\PhysX\Common;C:\Program Files\NVIDIA Corporation\NVIDIA NvDLISR;C:\WINDOWS\system32;C:\WINDOWS;C:\WINDOWS\System32\Wbem;C:\WINDOWS\System32\WindowsPowerShell\v1.0\;C:\WINDOWS\System32\OpenSSH\;C:\MinGW\bin;C:\Program Files\MEGA-X;C:\WINDOWS\system32;C:\WINDOWS;C:\WINDOWS\System32\Wbem;C:\WINDOWS\System32\WindowsPowerShell\v1.0\;C:\WINDOWS\System32\OpenSSH\;C:\Program Files\Git\cmd;C:\Users\Dark Knight\AppData\Local\Microsoft\WindowsApps;C:\Users\Dark Knight\AppData\Local\atom\bin;C:\Program Files (x86)\Microsoft Visual Studio\2019\BuildTools\MSBuild\Current\Bin;C:\Users\Dark Knight\AppData\Local\Microsoft\WindowsApps
USERNAME=Dark Knight
OS=Windows_NT
PROCESSOR_IDENTIFIER=Intel64 Family 6 Model 158 Stepping 10, GenuineIntel



---------------  S Y S T E M  ---------------

OS: Windows 10 , 64 bit Build 19041 (10.0.19041.1023)
OS uptime: 9 days 23:11 hours

CPU:total 8 (initial active 8) (4 cores per cpu, 2 threads per core) family 6 model 158 stepping 10, cmov, cx8, fxsr, mmx, sse, sse2, sse3, ssse3, sse4.1, sse4.2, popcnt, avx, avx2, aes, clmul, erms, 3dnowpref, lzcnt, ht, tsc, tscinvbit, bmi1, bmi2, adx, fma

Memory: 4k page, system-wide physical 8112M (654M free)
TotalPageFile size 12208M (AvailPageFile size 8M)
current process WorkingSet (physical memory assigned to process): 591M, peak: 594M
current process commit charge ("private bytes"): 628M, peak: 632M

vm_info: OpenJDK 64-Bit Server VM (11.0.8+10-b944.6842174) for windows-amd64 JRE (11.0.8+10-b944.6842174), built on Sep 19 2020 01:11:42 by "builder" with MS VC++ 14.0 (VS2015)

END.
