#
# There is insufficient memory for the Java Runtime Environment to continue.
# Native memory allocation (malloc) failed to allocate 802416 bytes for Chunk::new
# Possible reasons:
#   The system is out of physical RAM or swap space
#   The process is running with CompressedOops enabled, and the Java Heap may be blocking the growth of the native heap
# Possible solutions:
#   Reduce memory load on the system
#   Increase physical memory or swap space
#   Check if swap backing store is full
#   Decrease Java heap size (-Xmx/-Xms)
#   Decrease number of Java threads
#   Decrease Java thread stack sizes (-Xss)
#   Set larger code cache with -XX:ReservedCodeCacheSize=
#   JVM is running with Unscaled Compressed Oops mode in which the Java heap is
#     placed in the first 4GB address space. The Java Heap base address is the
#     maximum limit for the native heap growth. Please use -XX:HeapBaseMinAddress
#     to set the Java Heap base and to place the Java Heap above 4GB virtual address.
# This output file may be truncated or incomplete.
#
#  Out of Memory Error (./src/hotspot/share/memory/arena.cpp:197), pid=1852, tid=21228
#
# JRE version: OpenJDK Runtime Environment (11.0.8+10) (build 11.0.8+10-b944.6842174)
# Java VM: OpenJDK 64-Bit Server VM (11.0.8+10-b944.6842174, mixed mode, tiered, compressed oops, g1 gc, windows-amd64)
# No core dump will be written. Minidumps are not enabled by default on client versions of Windows
#

---------------  S U M M A R Y ------------

Command Line: --add-opens=java.base/java.util=ALL-UNNAMED --add-opens=java.base/java.lang=ALL-UNNAMED --add-opens=java.base/java.lang.invoke=ALL-UNNAMED --add-opens=java.prefs/java.util.prefs=ALL-UNNAMED -Xmx2048m -Dfile.encoding=UTF-8 -Duser.country=IN -Duser.language=en -Duser.variant org.gradle.launcher.daemon.bootstrap.GradleDaemon 6.7.1

Host: Intel(R) Core(TM) i5-9300H CPU @ 2.40GHz, 8 cores, 7G,  Windows 10 , 64 bit Build 19041 (10.0.19041.1023)
Time: Wed Jul 28 18:52:29 2021 India Standard Time elapsed time: 3 seconds (0d 0h 0m 3s)

---------------  T H R E A D  ---------------

Current thread (0x00000238e4049800):  JavaThread "C2 CompilerThread0" daemon [_thread_in_native, id=21228, stack(0x0000006f57d00000,0x0000006f57e00000)]


Current CompileTask:
C2:   3975 3211       4       org.codehaus.groovy.runtime.metaclass.MetaMethodIndex::addMethodToList (298 bytes)

Stack: [0x0000006f57d00000,0x0000006f57e00000]
Native frames: (J=compiled Java code, j=interpreted, Vv=VM code, C=native code)
V  [jvm.dll+0x5de50a]
V  [jvm.dll+0x7122f5]
V  [jvm.dll+0x71384d]
V  [jvm.dll+0x713f03]
V  [jvm.dll+0x23e728]
V  [jvm.dll+0xb899c]
V  [jvm.dll+0xb8e9c]
V  [jvm.dll+0x35024d]
V  [jvm.dll+0x193b27]
V  [jvm.dll+0x1f780e]
V  [jvm.dll+0x1f68d4]
V  [jvm.dll+0x17f32c]
V  [jvm.dll+0x205047]
V  [jvm.dll+0x203891]
V  [jvm.dll+0x6dad3f]
V  [jvm.dll+0x6d3895]
V  [jvm.dll+0x5dd4a6]
C  [ucrtbase.dll+0x21bb2]
C  [KERNEL32.DLL+0x17034]
C  [ntdll.dll+0x52651]


---------------  P R O C E S S  ---------------

Threads class SMR info:
_java_thread_list=0x00000238e89c3490, length=52, elements={
0x00000238c9d2d000, 0x00000238e4032000, 0x00000238e4035000, 0x00000238e4046800,
0x00000238e4047800, 0x00000238e4049800, 0x00000238e405b800, 0x00000238e405c800,
0x00000238e4b01800, 0x00000238e4b0e800, 0x00000238e652b000, 0x00000238e6b97800,
0x00000238e8167800, 0x00000238e69d7800, 0x00000238e640c000, 0x00000238e5e62800,
0x00000238e5eb3800, 0x00000238e68f0000, 0x00000238e625f800, 0x00000238e64ac000,
0x00000238e644a800, 0x00000238e6445000, 0x00000238e6449000, 0x00000238e6dc1000,
0x00000238e7572000, 0x00000238e644b800, 0x00000238e6446000, 0x00000238e644a000,
0x00000238e6446800, 0x00000238e6447800, 0x00000238e6448800, 0x00000238e8a94800,
0x00000238e8a95000, 0x00000238e8a96000, 0x00000238e8a96800, 0x00000238e8a92800,
0x00000238e8a91000, 0x00000238e8a93800, 0x00000238e8a97800, 0x00000238e8a92000,
0x00000238e8a98800, 0x00000238e8a9b000, 0x00000238e8a9b800, 0x00000238e8a9c800,
0x00000238e8a9a000, 0x00000238e8a9d000, 0x00000238e8a9e000, 0x00000238e8a9f000,
0x00000238e8a99000, 0x00000238e8a9f800, 0x00000238e7443800, 0x00000238e7440000
}

Java Threads: ( => current thread )
  0x00000238c9d2d000 JavaThread "main" [_thread_blocked, id=22496, stack(0x0000006f57200000,0x0000006f57300000)]
  0x00000238e4032000 JavaThread "Reference Handler" daemon [_thread_blocked, id=33112, stack(0x0000006f57900000,0x0000006f57a00000)]
  0x00000238e4035000 JavaThread "Finalizer" daemon [_thread_blocked, id=25284, stack(0x0000006f57a00000,0x0000006f57b00000)]
  0x00000238e4046800 JavaThread "Signal Dispatcher" daemon [_thread_blocked, id=39628, stack(0x0000006f57b00000,0x0000006f57c00000)]
  0x00000238e4047800 JavaThread "Attach Listener" daemon [_thread_blocked, id=23532, stack(0x0000006f57c00000,0x0000006f57d00000)]
=>0x00000238e4049800 JavaThread "C2 CompilerThread0" daemon [_thread_in_native, id=21228, stack(0x0000006f57d00000,0x0000006f57e00000)]
  0x00000238e405b800 JavaThread "C1 CompilerThread0" daemon [_thread_blocked, id=20032, stack(0x0000006f57e00000,0x0000006f57f00000)]
  0x00000238e405c800 JavaThread "Sweeper thread" daemon [_thread_blocked, id=33424, stack(0x0000006f57f00000,0x0000006f58000000)]
  0x00000238e4b01800 JavaThread "Common-Cleaner" daemon [_thread_blocked, id=25612, stack(0x0000006f58000000,0x0000006f58100000)]
  0x00000238e4b0e800 JavaThread "Service Thread" daemon [_thread_blocked, id=31012, stack(0x0000006f58100000,0x0000006f58200000)]
  0x00000238e652b000 JavaThread "Daemon health stats" [_thread_blocked, id=39976, stack(0x0000006f58700000,0x0000006f58800000)]
  0x00000238e6b97800 JavaThread "Incoming local TCP Connector on port 54425" [_thread_in_native, id=39108, stack(0x0000006f58800000,0x0000006f58900000)]
  0x00000238e8167800 JavaThread "Daemon periodic checks" [_thread_blocked, id=34888, stack(0x0000006f58e00000,0x0000006f58f00000)]
  0x00000238e69d7800 JavaThread "Daemon" [_thread_blocked, id=29352, stack(0x0000006f58f00000,0x0000006f59000000)]
  0x00000238e640c000 JavaThread "Handler for socket connection from /127.0.0.1:54425 to /127.0.0.1:54426" [_thread_in_native, id=14136, stack(0x0000006f59000000,0x0000006f59100000)]
  0x00000238e5e62800 JavaThread "Cancel handler" [_thread_blocked, id=4576, stack(0x0000006f59100000,0x0000006f59200000)]
  0x00000238e5eb3800 JavaThread "Daemon worker" [_thread_in_Java, id=36392, stack(0x0000006f59200000,0x0000006f59300000)]
  0x00000238e68f0000 JavaThread "Asynchronous log dispatcher for DefaultDaemonConnection: socket connection from /127.0.0.1:54425 to /127.0.0.1:54426" [_thread_blocked, id=840, stack(0x0000006f59300000,0x0000006f59400000)]
  0x00000238e625f800 JavaThread "Stdin handler" [_thread_blocked, id=27708, stack(0x0000006f59400000,0x0000006f59500000)]
  0x00000238e64ac000 JavaThread "Thread-8" [_thread_blocked, id=460, stack(0x0000006f59500000,0x0000006f59600000)]
  0x00000238e644a800 JavaThread "Cache worker for file hash cache (C:\Users\Dark Knight\.gradle\caches\6.7.1\fileHashes)" [_thread_blocked, id=19156, stack(0x0000006f59600000,0x0000006f59700000)]
  0x00000238e6445000 JavaThread "File lock request listener" [_thread_in_native, id=41652, stack(0x0000006f59700000,0x0000006f59800000)]
  0x00000238e6449000 JavaThread "Cache worker for journal cache (C:\Users\Dark Knight\.gradle\caches\journal-1)" [_thread_blocked, id=34932, stack(0x0000006f59b00000,0x0000006f59c00000)]
  0x00000238e6dc1000 JavaThread "C2 CompilerThread1" daemon [_thread_in_native, id=34344, stack(0x0000006f59c00000,0x0000006f59d00000)]
  0x00000238e7572000 JavaThread "C2 CompilerThread2" daemon [_thread_in_native, id=25956, stack(0x0000006f59d00000,0x0000006f59e00000)]
  0x00000238e644b800 JavaThread "Cache worker for file hash cache (C:\Android Projects\Udemy TUTORIAL\KidsDrawingApp\.gradle\6.7.1\fileHashes)" [_thread_blocked, id=24352, stack(0x0000006f59e00000,0x0000006f59f00000)]
  0x00000238e6446000 JavaThread "jar transforms" [_thread_blocked, id=13832, stack(0x0000006f59f00000,0x0000006f5a000000)]
  0x00000238e644a000 JavaThread "jar transforms Thread 2" [_thread_blocked, id=23024, stack(0x0000006f5a000000,0x0000006f5a100000)]
  0x00000238e6446800 JavaThread "jar transforms Thread 3" [_thread_blocked, id=39656, stack(0x0000006f5a100000,0x0000006f5a200000)]
  0x00000238e6447800 JavaThread "jar transforms Thread 4" [_thread_blocked, id=36872, stack(0x0000006f5a200000,0x0000006f5a300000)]
  0x00000238e6448800 JavaThread "jar transforms Thread 5" [_thread_blocked, id=19832, stack(0x0000006f5a300000,0x0000006f5a400000)]
  0x00000238e8a94800 JavaThread "jar transforms Thread 6" [_thread_blocked, id=25524, stack(0x0000006f5a400000,0x0000006f5a500000)]
  0x00000238e8a95000 JavaThread "jar transforms Thread 7" [_thread_blocked, id=25400, stack(0x0000006f5a500000,0x0000006f5a600000)]
  0x00000238e8a96000 JavaThread "jar transforms Thread 8" [_thread_blocked, id=13140, stack(0x0000006f5a600000,0x0000006f5a700000)]
  0x00000238e8a96800 JavaThread "jar transforms Thread 9" [_thread_blocked, id=38920, stack(0x0000006f5a700000,0x0000006f5a800000)]
  0x00000238e8a92800 JavaThread "jar transforms Thread 10" [_thread_blocked, id=21088, stack(0x0000006f5a800000,0x0000006f5a900000)]
  0x00000238e8a91000 JavaThread "jar transforms Thread 11" [_thread_blocked, id=34368, stack(0x0000006f5a900000,0x0000006f5aa00000)]
  0x00000238e8a93800 JavaThread "jar transforms Thread 12" [_thread_blocked, id=28844, stack(0x0000006f5aa00000,0x0000006f5ab00000)]
  0x00000238e8a97800 JavaThread "jar transforms Thread 13" [_thread_blocked, id=29784, stack(0x0000006f5ab00000,0x0000006f5ac00000)]
  0x00000238e8a92000 JavaThread "jar transforms Thread 14" [_thread_blocked, id=14488, stack(0x0000006f5ac00000,0x0000006f5ad00000)]
  0x00000238e8a98800 JavaThread "jar transforms Thread 15" [_thread_blocked, id=35116, stack(0x0000006f5ad00000,0x0000006f5ae00000)]
  0x00000238e8a9b000 JavaThread "jar transforms Thread 16" [_thread_blocked, id=29796, stack(0x0000006f5ae00000,0x0000006f5af00000)]
  0x00000238e8a9b800 JavaThread "jar transforms Thread 17" [_thread_blocked, id=6060, stack(0x0000006f5af00000,0x0000006f5b000000)]
  0x00000238e8a9c800 JavaThread "jar transforms Thread 18" [_thread_blocked, id=33060, stack(0x0000006f5b000000,0x0000006f5b100000)]
  0x00000238e8a9a000 JavaThread "jar transforms Thread 19" [_thread_blocked, id=31364, stack(0x0000006f5b100000,0x0000006f5b200000)]
  0x00000238e8a9d000 JavaThread "jar transforms Thread 20" [_thread_blocked, id=39368, stack(0x0000006f5b200000,0x0000006f5b300000)]
  0x00000238e8a9e000 JavaThread "jar transforms Thread 21" [_thread_blocked, id=36296, stack(0x0000006f5b300000,0x0000006f5b400000)]
  0x00000238e8a9f000 JavaThread "Cache worker for checksums cache (C:\Android Projects\Udemy TUTORIAL\KidsDrawingApp\.gradle\checksums)" [_thread_blocked, id=38292, stack(0x0000006f5b400000,0x0000006f5b500000)]
  0x00000238e8a99000 JavaThread "Cache worker for cache directory md-supplier (C:\Users\Dark Knight\.gradle\caches\6.7.1\md-supplier)" [_thread_blocked, id=41908, stack(0x0000006f5b500000,0x0000006f5b600000)]
  0x00000238e8a9f800 JavaThread "Cache worker for cache directory md-rule (C:\Users\Dark Knight\.gradle\caches\6.7.1\md-rule)" [_thread_blocked, id=36156, stack(0x0000006f5b600000,0x0000006f5b700000)]
  0x00000238e7443800 JavaThread "Cache worker for execution history cache (C:\Users\Dark Knight\.gradle\caches\6.7.1\executionHistory)" [_thread_blocked, id=17684, stack(0x0000006f5b700000,0x0000006f5b800000)]
  0x00000238e7440000 JavaThread "Cache worker for file content cache (C:\Users\Dark Knight\.gradle\caches\6.7.1\fileContent)" [_thread_blocked, id=7304, stack(0x0000006f5b800000,0x0000006f5b900000)]

Other Threads:
  0x00000238e402c800 VMThread "VM Thread" [stack: 0x0000006f57800000,0x0000006f57900000] [id=29552] _threads_hazard_ptr=0x00000238e89c3490
  0x00000238e4b20000 WatcherThread [stack: 0x0000006f58200000,0x0000006f58300000] [id=40808]
  0x00000238c9d44800 GCTaskThread "GC Thread#0" [stack: 0x0000006f57300000,0x0000006f57400000] [id=34340]
  0x00000238e55fc000 GCTaskThread "GC Thread#1" [stack: 0x0000006f58500000,0x0000006f58600000] [id=40332]
  0x00000238e54d8800 GCTaskThread "GC Thread#2" [stack: 0x0000006f58600000,0x0000006f58700000] [id=25736]
  0x00000238e64ca000 GCTaskThread "GC Thread#3" [stack: 0x0000006f58900000,0x0000006f58a00000] [id=39272]
  0x00000238e64ca800 GCTaskThread "GC Thread#4" [stack: 0x0000006f58a00000,0x0000006f58b00000] [id=38284]
  0x00000238e7291000 GCTaskThread "GC Thread#5" [stack: 0x0000006f58b00000,0x0000006f58c00000] [id=33140]
  0x00000238e7f6e800 GCTaskThread "GC Thread#6" [stack: 0x0000006f59800000,0x0000006f59900000] [id=35168]
  0x00000238e6f59800 GCTaskThread "GC Thread#7" [stack: 0x0000006f59900000,0x0000006f59a00000] [id=20984]
  0x00000238c9d76000 ConcurrentGCThread "G1 Main Marker" [stack: 0x0000006f57400000,0x0000006f57500000] [id=36664]
  0x00000238c9d78800 ConcurrentGCThread "G1 Conc#0" [stack: 0x0000006f57500000,0x0000006f57600000] [id=36056]
  0x00000238e633a000 ConcurrentGCThread "G1 Conc#1" [stack: 0x0000006f59a00000,0x0000006f59b00000] [id=16324]
  0x00000238e3e80800 ConcurrentGCThread "G1 Refine#0" [stack: 0x0000006f57600000,0x0000006f57700000] [id=24316]
  0x00000238e5121800 ConcurrentGCThread "G1 Refine#1" [stack: 0x0000006f58c00000,0x0000006f58d00000] [id=32336]
  0x00000238e694a800 ConcurrentGCThread "G1 Refine#2" [stack: 0x0000006f58d00000,0x0000006f58e00000] [id=28108]
  0x00000238e3e81000 ConcurrentGCThread "G1 Young RemSet Sampling" [stack: 0x0000006f57700000,0x0000006f57800000] [id=35156]

Threads with active compile tasks:
C2 CompilerThread0   4010 3211       4       org.codehaus.groovy.runtime.metaclass.MetaMethodIndex::addMethodToList (298 bytes)
C2 CompilerThread1   4010 3357   !   4       java.util.zip.ZipFile$ZipFileInflaterInputStream::close (67 bytes)
C2 CompilerThread2   4010 3212       4       groovy.lang.MetaClassImpl$1MOPIter::methodNameAction (325 bytes)

VM state:not at safepoint (normal execution)

VM Mutex/Monitor currently owned by a thread: None

OutOfMemory and StackOverflow Exception counts:
OutOfMemoryError java_heap_errors=1
LinkageErrors=102

Heap address: 0x0000000080000000, size: 2048 MB, Compressed Oops mode: 32-bit
Narrow klass base: 0x0000000000000000, Narrow klass shift: 3
Compressed class space size: 1073741824 Address: 0x0000000100000000

Heap:
 garbage-first heap   total 131072K, used 72658K [0x0000000080000000, 0x0000000100000000)
  region size 1024K, 34 young (34816K), 7 survivors (7168K)
 Metaspace       used 40277K, capacity 41207K, committed 41472K, reserved 1085440K
  class space    used 5172K, capacity 5547K, committed 5632K, reserved 1048576K
Heap Regions: E=young(eden), S=young(survivor), O=old, HS=humongous(starts), HC=humongous(continues), CS=collection set, F=free, A=archive, TAMS=top-at-mark-start (previous, next)
|   0|0x0000000080000000, 0x0000000080100000, 0x0000000080100000|100%| O|  |TAMS 0x0000000080100000, 0x0000000080000000| Untracked 
|   1|0x0000000080100000, 0x0000000080200000, 0x0000000080200000|100%| O|  |TAMS 0x0000000080200000, 0x0000000080100000| Untracked 
|   2|0x0000000080200000, 0x0000000080300000, 0x0000000080300000|100%| O|  |TAMS 0x0000000080300000, 0x0000000080200000| Untracked 
|   3|0x0000000080300000, 0x0000000080400000, 0x0000000080400000|100%|HS|  |TAMS 0x0000000080400000, 0x0000000080300000| Complete 
|   4|0x0000000080400000, 0x0000000080500000, 0x0000000080500000|100%|HC|  |TAMS 0x0000000080500000, 0x0000000080400000| Complete 
|   5|0x0000000080500000, 0x0000000080600000, 0x0000000080600000|100%|HC|  |TAMS 0x0000000080600000, 0x0000000080500000| Complete 
|   6|0x0000000080600000, 0x0000000080700000, 0x0000000080700000|100%| O|  |TAMS 0x0000000080700000, 0x0000000080600000| Untracked 
|   7|0x0000000080700000, 0x0000000080800000, 0x0000000080800000|100%| O|  |TAMS 0x0000000080800000, 0x0000000080700000| Untracked 
|   8|0x0000000080800000, 0x0000000080900000, 0x0000000080900000|100%| O|  |TAMS 0x0000000080900000, 0x0000000080800000| Untracked 
|   9|0x0000000080900000, 0x0000000080a00000, 0x0000000080a00000|100%| O|  |TAMS 0x0000000080a00000, 0x0000000080900000| Untracked 
|  10|0x0000000080a00000, 0x0000000080b00000, 0x0000000080b00000|100%| O|  |TAMS 0x0000000080b00000, 0x0000000080a00000| Untracked 
|  11|0x0000000080b00000, 0x0000000080c00000, 0x0000000080c00000|100%| O|  |TAMS 0x0000000080c00000, 0x0000000080b00000| Untracked 
|  12|0x0000000080c00000, 0x0000000080d00000, 0x0000000080d00000|100%| O|  |TAMS 0x0000000080d00000, 0x0000000080c00000| Untracked 
|  13|0x0000000080d00000, 0x0000000080e00000, 0x0000000080e00000|100%| O|  |TAMS 0x0000000080e00000, 0x0000000080d00000| Untracked 
|  14|0x0000000080e00000, 0x0000000080f00000, 0x0000000080f00000|100%| O|  |TAMS 0x0000000080f00000, 0x0000000080e00000| Untracked 
|  15|0x0000000080f00000, 0x0000000081000000, 0x0000000081000000|100%|HS|  |TAMS 0x0000000081000000, 0x0000000080f00000| Complete 
|  16|0x0000000081000000, 0x0000000081100000, 0x0000000081100000|100%|HC|  |TAMS 0x0000000081100000, 0x0000000081000000| Complete 
|  17|0x0000000081100000, 0x0000000081200000, 0x0000000081200000|100%|HS|  |TAMS 0x0000000081200000, 0x0000000081100000| Complete 
|  18|0x0000000081200000, 0x0000000081300000, 0x0000000081300000|100%|HC|  |TAMS 0x0000000081300000, 0x0000000081200000| Complete 
|  19|0x0000000081300000, 0x0000000081400000, 0x0000000081400000|100%|HC|  |TAMS 0x0000000081400000, 0x0000000081300000| Complete 
|  20|0x0000000081400000, 0x0000000081500000, 0x0000000081500000|100%|HS|  |TAMS 0x0000000081500000, 0x0000000081400000| Complete 
|  21|0x0000000081500000, 0x0000000081600000, 0x0000000081600000|100%|HC|  |TAMS 0x0000000081600000, 0x0000000081500000| Complete 
|  22|0x0000000081600000, 0x0000000081700000, 0x0000000081700000|100%|HC|  |TAMS 0x0000000081700000, 0x0000000081600000| Complete 
|  23|0x0000000081700000, 0x0000000081800000, 0x0000000081800000|100%|HC|  |TAMS 0x0000000081800000, 0x0000000081700000| Complete 
|  24|0x0000000081800000, 0x0000000081900000, 0x0000000081900000|100%| O|  |TAMS 0x0000000081900000, 0x0000000081800000| Untracked 
|  25|0x0000000081900000, 0x0000000081a00000, 0x0000000081a00000|100%| O|  |TAMS 0x0000000081a00000, 0x0000000081900000| Untracked 
|  26|0x0000000081a00000, 0x0000000081b00000, 0x0000000081b00000|100%| O|  |TAMS 0x0000000081b00000, 0x0000000081a00000| Untracked 
|  27|0x0000000081b00000, 0x0000000081c00000, 0x0000000081c00000|100%| O|  |TAMS 0x0000000081c00000, 0x0000000081b00000| Untracked 
|  28|0x0000000081c00000, 0x0000000081d00000, 0x0000000081d00000|100%| O|  |TAMS 0x0000000081d00000, 0x0000000081c00000| Untracked 
|  29|0x0000000081d00000, 0x0000000081e00000, 0x0000000081e00000|100%| O|  |TAMS 0x0000000081d2e200, 0x0000000081d00000| Untracked 
|  30|0x0000000081e00000, 0x0000000081e00000, 0x0000000081f00000|  0%| F|  |TAMS 0x0000000081e00000, 0x0000000081e00000| Untracked 
|  31|0x0000000081f00000, 0x0000000081f00000, 0x0000000082000000|  0%| F|  |TAMS 0x0000000081f00000, 0x0000000081f00000| Untracked 
|  32|0x0000000082000000, 0x0000000082000000, 0x0000000082100000|  0%| F|  |TAMS 0x0000000082000000, 0x0000000082000000| Untracked 
|  33|0x0000000082100000, 0x0000000082200000, 0x0000000082200000|100%|HS|  |TAMS 0x0000000082100000, 0x0000000082100000| Complete 
|  34|0x0000000082200000, 0x0000000082300000, 0x0000000082300000|100%|HC|  |TAMS 0x0000000082200000, 0x0000000082200000| Complete 
|  35|0x0000000082300000, 0x0000000082400000, 0x0000000082400000|100%|HC|  |TAMS 0x0000000082300000, 0x0000000082300000| Complete 
|  36|0x0000000082400000, 0x0000000082500000, 0x0000000082500000|100%|HC|  |TAMS 0x0000000082400000, 0x0000000082400000| Complete 
|  37|0x0000000082500000, 0x0000000082600000, 0x0000000082600000|100%|HS|  |TAMS 0x0000000082500000, 0x0000000082500000| Complete 
|  38|0x0000000082600000, 0x0000000082700000, 0x0000000082700000|100%|HC|  |TAMS 0x0000000082600000, 0x0000000082600000| Complete 
|  39|0x0000000082700000, 0x0000000082800000, 0x0000000082800000|100%|HC|  |TAMS 0x0000000082700000, 0x0000000082700000| Complete 
|  40|0x0000000082800000, 0x00000000828f4800, 0x0000000082900000| 95%| O|  |TAMS 0x0000000082800000, 0x0000000082800000| Untracked 
|  41|0x0000000082900000, 0x0000000082900000, 0x0000000082a00000|  0%| F|  |TAMS 0x0000000082900000, 0x0000000082900000| Untracked 
|  42|0x0000000082a00000, 0x0000000082a00000, 0x0000000082b00000|  0%| F|  |TAMS 0x0000000082a00000, 0x0000000082a00000| Untracked 
|  43|0x0000000082b00000, 0x0000000082b00000, 0x0000000082c00000|  0%| F|  |TAMS 0x0000000082b00000, 0x0000000082b00000| Untracked 
|  44|0x0000000082c00000, 0x0000000082c00000, 0x0000000082d00000|  0%| F|  |TAMS 0x0000000082c00000, 0x0000000082c00000| Untracked 
|  45|0x0000000082d00000, 0x0000000082d00000, 0x0000000082e00000|  0%| F|  |TAMS 0x0000000082d00000, 0x0000000082d00000| Untracked 
|  46|0x0000000082e00000, 0x0000000082e00000, 0x0000000082f00000|  0%| F|  |TAMS 0x0000000082e00000, 0x0000000082e00000| Untracked 
|  47|0x0000000082f00000, 0x0000000082f00000, 0x0000000083000000|  0%| F|  |TAMS 0x0000000082f00000, 0x0000000082f00000| Untracked 
|  48|0x0000000083000000, 0x0000000083000000, 0x0000000083100000|  0%| F|  |TAMS 0x0000000083000000, 0x0000000083000000| Untracked 
|  49|0x0000000083100000, 0x0000000083100000, 0x0000000083200000|  0%| F|  |TAMS 0x0000000083100000, 0x0000000083100000| Untracked 
|  50|0x0000000083200000, 0x0000000083200000, 0x0000000083300000|  0%| F|  |TAMS 0x0000000083200000, 0x0000000083200000| Untracked 
|  51|0x0000000083300000, 0x0000000083300000, 0x0000000083400000|  0%| F|  |TAMS 0x0000000083300000, 0x0000000083300000| Untracked 
|  52|0x0000000083400000, 0x0000000083400000, 0x0000000083500000|  0%| F|  |TAMS 0x0000000083400000, 0x0000000083400000| Untracked 
|  53|0x0000000083500000, 0x0000000083500000, 0x0000000083600000|  0%| F|  |TAMS 0x0000000083500000, 0x0000000083500000| Untracked 
|  54|0x0000000083600000, 0x0000000083600000, 0x0000000083700000|  0%| F|  |TAMS 0x0000000083600000, 0x0000000083600000| Untracked 
|  55|0x0000000083700000, 0x0000000083700000, 0x0000000083800000|  0%| F|  |TAMS 0x0000000083700000, 0x0000000083700000| Untracked 
|  56|0x0000000083800000, 0x0000000083800000, 0x0000000083900000|  0%| F|  |TAMS 0x0000000083800000, 0x0000000083800000| Untracked 
|  57|0x0000000083900000, 0x0000000083900000, 0x0000000083a00000|  0%| F|  |TAMS 0x0000000083900000, 0x0000000083900000| Untracked 
|  58|0x0000000083a00000, 0x0000000083a00000, 0x0000000083b00000|  0%| F|  |TAMS 0x0000000083a00000, 0x0000000083a00000| Untracked 
|  59|0x0000000083b00000, 0x0000000083b00000, 0x0000000083c00000|  0%| F|  |TAMS 0x0000000083b00000, 0x0000000083b00000| Untracked 
|  60|0x0000000083c00000, 0x0000000083c00000, 0x0000000083d00000|  0%| F|  |TAMS 0x0000000083c00000, 0x0000000083c00000| Untracked 
|  61|0x0000000083d00000, 0x0000000083d00000, 0x0000000083e00000|  0%| F|  |TAMS 0x0000000083d00000, 0x0000000083d00000| Untracked 
|  62|0x0000000083e00000, 0x0000000083e00000, 0x0000000083f00000|  0%| F|  |TAMS 0x0000000083e00000, 0x0000000083e00000| Untracked 
|  63|0x0000000083f00000, 0x0000000083f00000, 0x0000000084000000|  0%| F|  |TAMS 0x0000000083f00000, 0x0000000083f00000| Untracked 
|  64|0x0000000084000000, 0x0000000084000000, 0x0000000084100000|  0%| F|  |TAMS 0x0000000084000000, 0x0000000084000000| Untracked 
|  65|0x0000000084100000, 0x0000000084200000, 0x0000000084200000|100%| S|CS|TAMS 0x0000000084100000, 0x0000000084100000| Complete 
|  66|0x0000000084200000, 0x0000000084300000, 0x0000000084300000|100%| S|CS|TAMS 0x0000000084200000, 0x0000000084200000| Complete 
|  67|0x0000000084300000, 0x0000000084400000, 0x0000000084400000|100%| S|CS|TAMS 0x0000000084300000, 0x0000000084300000| Complete 
|  68|0x0000000084400000, 0x0000000084500000, 0x0000000084500000|100%| S|CS|TAMS 0x0000000084400000, 0x0000000084400000| Complete 
|  69|0x0000000084500000, 0x0000000084600000, 0x0000000084600000|100%| S|CS|TAMS 0x0000000084500000, 0x0000000084500000| Complete 
|  70|0x0000000084600000, 0x0000000084700000, 0x0000000084700000|100%| S|CS|TAMS 0x0000000084600000, 0x0000000084600000| Complete 
|  71|0x0000000084700000, 0x0000000084800000, 0x0000000084800000|100%| S|CS|TAMS 0x0000000084700000, 0x0000000084700000| Complete 
|  72|0x0000000084800000, 0x0000000084800000, 0x0000000084900000|  0%| F|  |TAMS 0x0000000084800000, 0x0000000084800000| Untracked 
|  73|0x0000000084900000, 0x0000000084900000, 0x0000000084a00000|  0%| F|  |TAMS 0x0000000084900000, 0x0000000084900000| Untracked 
|  74|0x0000000084a00000, 0x0000000084a00000, 0x0000000084b00000|  0%| F|  |TAMS 0x0000000084a00000, 0x0000000084a00000| Untracked 
|  75|0x0000000084b00000, 0x0000000084b00000, 0x0000000084c00000|  0%| F|  |TAMS 0x0000000084b00000, 0x0000000084b00000| Untracked 
|  76|0x0000000084c00000, 0x0000000084c00000, 0x0000000084d00000|  0%| F|  |TAMS 0x0000000084c00000, 0x0000000084c00000| Untracked 
|  77|0x0000000084d00000, 0x0000000084d00000, 0x0000000084e00000|  0%| F|  |TAMS 0x0000000084d00000, 0x0000000084d00000| Untracked 
|  78|0x0000000084e00000, 0x0000000084e00000, 0x0000000084f00000|  0%| F|  |TAMS 0x0000000084e00000, 0x0000000084e00000| Untracked 
|  79|0x0000000084f00000, 0x0000000084f00000, 0x0000000085000000|  0%| F|  |TAMS 0x0000000084f00000, 0x0000000084f00000| Untracked 
|  80|0x0000000085000000, 0x0000000085000000, 0x0000000085100000|  0%| F|  |TAMS 0x0000000085000000, 0x0000000085000000| Untracked 
|  81|0x0000000085100000, 0x0000000085100000, 0x0000000085200000|  0%| F|  |TAMS 0x0000000085100000, 0x0000000085100000| Untracked 
|  82|0x0000000085200000, 0x0000000085200000, 0x0000000085300000|  0%| F|  |TAMS 0x0000000085200000, 0x0000000085200000| Untracked 
|  83|0x0000000085300000, 0x0000000085300000, 0x0000000085400000|  0%| F|  |TAMS 0x0000000085300000, 0x0000000085300000| Untracked 
|  84|0x0000000085400000, 0x0000000085400000, 0x0000000085500000|  0%| F|  |TAMS 0x0000000085400000, 0x0000000085400000| Untracked 
|  85|0x0000000085500000, 0x0000000085500000, 0x0000000085600000|  0%| F|  |TAMS 0x0000000085500000, 0x0000000085500000| Untracked 
|  86|0x0000000085600000, 0x0000000085600000, 0x0000000085700000|  0%| F|  |TAMS 0x0000000085600000, 0x0000000085600000| Untracked 
|  87|0x0000000085700000, 0x0000000085700000, 0x0000000085800000|  0%| F|  |TAMS 0x0000000085700000, 0x0000000085700000| Untracked 
|  88|0x0000000085800000, 0x0000000085800000, 0x0000000085900000|  0%| F|  |TAMS 0x0000000085800000, 0x0000000085800000| Untracked 
|  89|0x0000000085900000, 0x0000000085900000, 0x0000000085a00000|  0%| F|  |TAMS 0x0000000085900000, 0x0000000085900000| Untracked 
|  90|0x0000000085a00000, 0x0000000085a00000, 0x0000000085b00000|  0%| F|  |TAMS 0x0000000085a00000, 0x0000000085a00000| Untracked 
|  91|0x0000000085b00000, 0x0000000085b00000, 0x0000000085c00000|  0%| F|  |TAMS 0x0000000085b00000, 0x0000000085b00000| Untracked 
|  92|0x0000000085c00000, 0x0000000085c00000, 0x0000000085d00000|  0%| F|  |TAMS 0x0000000085c00000, 0x0000000085c00000| Untracked 
|  93|0x0000000085d00000, 0x0000000085d00000, 0x0000000085e00000|  0%| F|  |TAMS 0x0000000085d00000, 0x0000000085d00000| Untracked 
|  94|0x0000000085e00000, 0x0000000085e00000, 0x0000000085f00000|  0%| F|  |TAMS 0x0000000085e00000, 0x0000000085e00000| Untracked 
|  95|0x0000000085f00000, 0x0000000085f00000, 0x0000000086000000|  0%| F|  |TAMS 0x0000000085f00000, 0x0000000085f00000| Untracked 
|  96|0x0000000086000000, 0x0000000086000000, 0x0000000086100000|  0%| F|  |TAMS 0x0000000086000000, 0x0000000086000000| Untracked 
|  97|0x0000000086100000, 0x0000000086100000, 0x0000000086200000|  0%| F|  |TAMS 0x0000000086100000, 0x0000000086100000| Untracked 
|  98|0x0000000086200000, 0x0000000086200000, 0x0000000086300000|  0%| F|  |TAMS 0x0000000086200000, 0x0000000086200000| Untracked 
|  99|0x0000000086300000, 0x0000000086300000, 0x0000000086400000|  0%| F|  |TAMS 0x0000000086300000, 0x0000000086300000| Untracked 
| 100|0x0000000086400000, 0x0000000086400000, 0x0000000086500000|  0%| F|  |TAMS 0x0000000086400000, 0x0000000086400000| Untracked 
| 101|0x0000000086500000, 0x0000000086589e68, 0x0000000086600000| 53%| E|  |TAMS 0x0000000086500000, 0x0000000086500000| Complete 
| 102|0x0000000086600000, 0x0000000086700000, 0x0000000086700000|100%| E|CS|TAMS 0x0000000086600000, 0x0000000086600000| Complete 
| 103|0x0000000086700000, 0x0000000086800000, 0x0000000086800000|100%| E|CS|TAMS 0x0000000086700000, 0x0000000086700000| Complete 
| 104|0x0000000086800000, 0x0000000086900000, 0x0000000086900000|100%| E|CS|TAMS 0x0000000086800000, 0x0000000086800000| Complete 
| 105|0x0000000086900000, 0x0000000086a00000, 0x0000000086a00000|100%| E|CS|TAMS 0x0000000086900000, 0x0000000086900000| Complete 
| 106|0x0000000086a00000, 0x0000000086b00000, 0x0000000086b00000|100%| E|CS|TAMS 0x0000000086a00000, 0x0000000086a00000| Complete 
| 107|0x0000000086b00000, 0x0000000086c00000, 0x0000000086c00000|100%| E|CS|TAMS 0x0000000086b00000, 0x0000000086b00000| Complete 
| 108|0x0000000086c00000, 0x0000000086d00000, 0x0000000086d00000|100%| E|CS|TAMS 0x0000000086c00000, 0x0000000086c00000| Complete 
| 109|0x0000000086d00000, 0x0000000086e00000, 0x0000000086e00000|100%| E|CS|TAMS 0x0000000086d00000, 0x0000000086d00000| Complete 
| 110|0x0000000086e00000, 0x0000000086f00000, 0x0000000086f00000|100%| E|CS|TAMS 0x0000000086e00000, 0x0000000086e00000| Complete 
| 111|0x0000000086f00000, 0x0000000087000000, 0x0000000087000000|100%| E|CS|TAMS 0x0000000086f00000, 0x0000000086f00000| Complete 
| 112|0x0000000087000000, 0x0000000087100000, 0x0000000087100000|100%| E|CS|TAMS 0x0000000087000000, 0x0000000087000000| Complete 
| 113|0x0000000087100000, 0x0000000087200000, 0x0000000087200000|100%| E|CS|TAMS 0x0000000087100000, 0x0000000087100000| Complete 
| 114|0x0000000087200000, 0x0000000087300000, 0x0000000087300000|100%| E|CS|TAMS 0x0000000087200000, 0x0000000087200000| Complete 
| 115|0x0000000087300000, 0x0000000087400000, 0x0000000087400000|100%| E|CS|TAMS 0x0000000087300000, 0x0000000087300000| Complete 
| 116|0x0000000087400000, 0x0000000087500000, 0x0000000087500000|100%| E|CS|TAMS 0x0000000087400000, 0x0000000087400000| Complete 
| 117|0x0000000087500000, 0x0000000087600000, 0x0000000087600000|100%| E|CS|TAMS 0x0000000087500000, 0x0000000087500000| Complete 
| 118|0x0000000087600000, 0x0000000087700000, 0x0000000087700000|100%| E|CS|TAMS 0x0000000087600000, 0x0000000087600000| Complete 
| 119|0x0000000087700000, 0x0000000087800000, 0x0000000087800000|100%| E|CS|TAMS 0x0000000087700000, 0x0000000087700000| Complete 
| 120|0x0000000087800000, 0x0000000087900000, 0x0000000087900000|100%| E|CS|TAMS 0x0000000087800000, 0x0000000087800000| Complete 
| 121|0x0000000087900000, 0x0000000087a00000, 0x0000000087a00000|100%| E|CS|TAMS 0x0000000087900000, 0x0000000087900000| Complete 
| 122|0x0000000087a00000, 0x0000000087b00000, 0x0000000087b00000|100%| E|CS|TAMS 0x0000000087a00000, 0x0000000087a00000| Complete 
| 123|0x0000000087b00000, 0x0000000087c00000, 0x0000000087c00000|100%| E|CS|TAMS 0x0000000087b00000, 0x0000000087b00000| Complete 
| 124|0x0000000087c00000, 0x0000000087d00000, 0x0000000087d00000|100%| E|CS|TAMS 0x0000000087c00000, 0x0000000087c00000| Complete 
| 125|0x0000000087d00000, 0x0000000087e00000, 0x0000000087e00000|100%| E|CS|TAMS 0x0000000087d00000, 0x0000000087d00000| Complete 
| 126|0x0000000087e00000, 0x0000000087f00000, 0x0000000087f00000|100%| E|CS|TAMS 0x0000000087e00000, 0x0000000087e00000| Complete 
| 127|0x0000000087f00000, 0x0000000088000000, 0x0000000088000000|100%| E|CS|TAMS 0x0000000087f00000, 0x0000000087f00000| Complete 

Card table byte_map: [0x00000238dcde0000,0x00000238dd1e0000] _byte_map_base: 0x00000238dc9e0000

Marking Bits (Prev, Next): (CMBitMap*) 0x00000238c9d6d3b8, (CMBitMap*) 0x00000238c9d6d3f0
 Prev Bits: [0x00000238dd5e0000, 0x00000238df5e0000)
 Next Bits: [0x00000238df5e0000, 0x00000238e15e0000)

Polling page: 0x00000238c7ee0000

Metaspace:

Usage:
  Non-class:     34.82 MB capacity,    34.31 MB ( 99%) used,   441.83 KB (  1%) free+waste,    84.88 KB ( <1%) overhead. 
      Class:      5.42 MB capacity,     5.06 MB ( 93%) used,   328.77 KB (  6%) free+waste,    41.44 KB ( <1%) overhead. 
       Both:     40.24 MB capacity,    39.37 MB ( 98%) used,   770.60 KB (  2%) free+waste,   126.31 KB ( <1%) overhead. 

Virtual space:
  Non-class space:       36.00 MB reserved,      35.00 MB ( 97%) committed 
      Class space:        1.00 GB reserved,       5.50 MB ( <1%) committed 
             Both:        1.04 GB reserved,      40.50 MB (  4%) committed 

Chunk freelists:
   Non-Class:  52.00 KB
       Class:  21.00 KB
        Both:  73.00 KB

MaxMetaspaceSize: 17179869184.00 GB
CompressedClassSpaceSize: 1.00 GB

CodeHeap 'non-profiled nmethods': size=120000Kb used=1816Kb max_used=1816Kb free=118183Kb
 bounds [0x00000238d5180000, 0x00000238d53f0000, 0x00000238dc6b0000]
CodeHeap 'profiled nmethods': size=120000Kb used=6553Kb max_used=6553Kb free=113446Kb
 bounds [0x00000238cdc50000, 0x00000238ce2c0000, 0x00000238d5180000]
CodeHeap 'non-nmethods': size=5760Kb used=2192Kb max_used=2244Kb free=3567Kb
 bounds [0x00000238cd6b0000, 0x00000238cd920000, 0x00000238cdc50000]
 total_blobs=3884 nmethods=3132 adapters=663
 compilation: enabled
              stopped_count=0, restarted_count=0
 full_count=0

Compilation events (20 events):
Event: 3.930 Thread 0x00000238e405b800 nmethod 3347 0x00000238d5341710 code [0x00000238d53418c0, 0x00000238d5341958]
Event: 3.958 Thread 0x00000238e6dc1000 nmethod 3344 0x00000238d5341a10 code [0x00000238d5341ca0, 0x00000238d5343b50]
Event: 3.958 Thread 0x00000238e6dc1000 3346       4       java.io.FilterInputStream::read (9 bytes)
Event: 3.959 Thread 0x00000238e6dc1000 nmethod 3346 0x00000238d5344d10 code [0x00000238d5344ec0, 0x00000238d5344f88]
Event: 3.967 Thread 0x00000238e6dc1000 3348       4       java.security.MessageDigest::update (45 bytes)
Event: 3.967 Thread 0x00000238e6dc1000 nmethod 3348 0x00000238d5345090 code [0x00000238d5345220, 0x00000238d53452f8]
Event: 3.971 Thread 0x00000238e405b800 3349       3       java.util.WeakHashMap$HashIterator::hasNext (95 bytes)
Event: 3.971 Thread 0x00000238e405b800 nmethod 3349 0x00000238ce2b1290 code [0x00000238ce2b1480, 0x00000238ce2b19d8]
Event: 3.971 Thread 0x00000238e405b800 3351       3       java.util.WeakHashMap$HashIterator::nextEntry (81 bytes)
Event: 3.971 Thread 0x00000238e405b800 nmethod 3351 0x00000238ce2b1b90 code [0x00000238ce2b1da0, 0x00000238ce2b2308]
Event: 3.971 Thread 0x00000238e405b800 3352       3       java.util.WeakHashMap$Entry::getKey (8 bytes)
Event: 3.971 Thread 0x00000238e405b800 nmethod 3352 0x00000238ce2b2490 code [0x00000238ce2b2640, 0x00000238ce2b28b8]
Event: 3.971 Thread 0x00000238e405b800 3353       3       java.util.WeakHashMap::unmaskNull (13 bytes)
Event: 3.971 Thread 0x00000238e405b800 nmethod 3353 0x00000238ce2b2990 code [0x00000238ce2b2b40, 0x00000238ce2b2c78]
Event: 3.971 Thread 0x00000238e405b800 3350       3       java.util.WeakHashMap$KeyIterator::next (8 bytes)
Event: 3.971 Thread 0x00000238e405b800 nmethod 3350 0x00000238ce2b2d10 code [0x00000238ce2b2ee0, 0x00000238ce2b3268]
Event: 3.972 Thread 0x00000238e405b800 3354   !   3       java.util.zip.Inflater::end (37 bytes)
Event: 3.972 Thread 0x00000238e405b800 nmethod 3354 0x00000238ce2b3390 code [0x00000238ce2b3560, 0x00000238ce2b39c8]
Event: 3.972 Thread 0x00000238e405b800 3355       3       java.util.zip.ZipFile$InflaterCleanupAction::run (12 bytes)
Event: 3.972 Thread 0x00000238e405b800 nmethod 3355 0x00000238ce2b3b90 code [0x00000238ce2b3d40, 0x00000238ce2b3f08]

GC Heap History (12 events):
Event: 0.623 GC heap before
{Heap before GC invocations=0 (full 0):
 garbage-first heap   total 131072K, used 29696K [0x0000000080000000, 0x0000000100000000)
  region size 1024K, 24 young (24576K), 0 survivors (0K)
 Metaspace       used 10449K, capacity 10645K, committed 11008K, reserved 1058816K
  class space    used 1094K, capacity 1163K, committed 1280K, reserved 1048576K
}
Event: 0.628 GC heap after
{Heap after GC invocations=1 (full 0):
 garbage-first heap   total 131072K, used 8724K [0x0000000080000000, 0x0000000100000000)
  region size 1024K, 3 young (3072K), 3 survivors (3072K)
 Metaspace       used 10449K, capacity 10645K, committed 11008K, reserved 1058816K
  class space    used 1094K, capacity 1163K, committed 1280K, reserved 1048576K
}
Event: 1.810 GC heap before
{Heap before GC invocations=1 (full 0):
 garbage-first heap   total 131072K, used 61972K [0x0000000080000000, 0x0000000100000000)
  region size 1024K, 56 young (57344K), 3 survivors (3072K)
 Metaspace       used 15759K, capacity 16107K, committed 16384K, reserved 1062912K
  class space    used 1798K, capacity 1922K, committed 2048K, reserved 1048576K
}
Event: 1.815 GC heap after
{Heap after GC invocations=2 (full 0):
 garbage-first heap   total 131072K, used 14892K [0x0000000080000000, 0x0000000100000000)
  region size 1024K, 7 young (7168K), 7 survivors (7168K)
 Metaspace       used 15759K, capacity 16107K, committed 16384K, reserved 1062912K
  class space    used 1798K, capacity 1922K, committed 2048K, reserved 1048576K
}
Event: 2.123 GC heap before
{Heap before GC invocations=2 (full 0):
 garbage-first heap   total 131072K, used 46636K [0x0000000080000000, 0x0000000100000000)
  region size 1024K, 39 young (39936K), 7 survivors (7168K)
 Metaspace       used 20638K, capacity 21114K, committed 21248K, reserved 1067008K
  class space    used 2531K, capacity 2723K, committed 2816K, reserved 1048576K
}
Event: 2.130 GC heap after
{Heap after GC invocations=3 (full 0):
 garbage-first heap   total 131072K, used 16497K [0x0000000080000000, 0x0000000100000000)
  region size 1024K, 2 young (2048K), 2 survivors (2048K)
 Metaspace       used 20638K, capacity 21114K, committed 21248K, reserved 1067008K
  class space    used 2531K, capacity 2723K, committed 2816K, reserved 1048576K
}
Event: 2.670 GC heap before
{Heap before GC invocations=4 (full 0):
 garbage-first heap   total 131072K, used 78961K [0x0000000080000000, 0x0000000100000000)
  region size 1024K, 54 young (55296K), 2 survivors (2048K)
 Metaspace       used 26226K, capacity 26982K, committed 27264K, reserved 1073152K
  class space    used 3426K, capacity 3685K, committed 3712K, reserved 1048576K
}
Event: 2.674 GC heap after
{Heap after GC invocations=5 (full 0):
 garbage-first heap   total 131072K, used 29957K [0x0000000080000000, 0x0000000100000000)
  region size 1024K, 6 young (6144K), 6 survivors (6144K)
 Metaspace       used 26226K, capacity 26982K, committed 27264K, reserved 1073152K
  class space    used 3426K, capacity 3685K, committed 3712K, reserved 1048576K
}
Event: 3.248 GC heap before
{Heap before GC invocations=5 (full 0):
 garbage-first heap   total 131072K, used 80133K [0x0000000080000000, 0x0000000100000000)
  region size 1024K, 56 young (57344K), 6 survivors (6144K)
 Metaspace       used 35088K, capacity 35797K, committed 35840K, reserved 1081344K
  class space    used 4557K, capacity 4829K, committed 4864K, reserved 1048576K
}
Event: 3.255 GC heap after
{Heap after GC invocations=6 (full 0):
 garbage-first heap   total 131072K, used 33099K [0x0000000080000000, 0x0000000100000000)
  region size 1024K, 4 young (4096K), 4 survivors (4096K)
 Metaspace       used 35088K, capacity 35797K, committed 35840K, reserved 1081344K
  class space    used 4557K, capacity 4829K, committed 4864K, reserved 1048576K
}
Event: 3.865 GC heap before
{Heap before GC invocations=7 (full 0):
 garbage-first heap   total 131072K, used 95563K [0x0000000080000000, 0x0000000100000000)
  region size 1024K, 56 young (57344K), 4 survivors (4096K)
 Metaspace       used 40172K, capacity 41103K, committed 41472K, reserved 1085440K
  class space    used 5156K, capacity 5512K, committed 5632K, reserved 1048576K
}
Event: 3.871 GC heap after
{Heap after GC invocations=8 (full 0):
 garbage-first heap   total 131072K, used 46034K [0x0000000080000000, 0x0000000100000000)
  region size 1024K, 7 young (7168K), 7 survivors (7168K)
 Metaspace       used 40172K, capacity 41103K, committed 41472K, reserved 1085440K
  class space    used 5156K, capacity 5512K, committed 5632K, reserved 1048576K
}

Deoptimization events (20 events):
Event: 3.792 Thread 0x00000238e5eb3800 DEOPT PACKING pc=0x00000238d531d738 sp=0x0000006f592f99d0
Event: 3.792 Thread 0x00000238e5eb3800 DEOPT UNPACKING pc=0x00000238cd6d74af sp=0x0000006f592f99e8 mode 2
Event: 3.796 Thread 0x00000238e5eb3800 DEOPT PACKING pc=0x00000238cdc78a9b sp=0x0000006f592f9700
Event: 3.796 Thread 0x00000238e5eb3800 DEOPT UNPACKING pc=0x00000238cd6d72ce sp=0x0000006f592f8c40 mode 0
Event: 3.800 Thread 0x00000238e5eb3800 Uncommon trap: trap_request=0xffffffcc fr.pc=0x00000238d53331d8 relative=0x0000000000001118
Event: 3.801 Thread 0x00000238e5eb3800 Uncommon trap: reason=intrinsic_or_type_checked_inlining action=make_not_entrant pc=0x00000238d53331d8 method=java.util.ArrayList.toArray([Ljava/lang/Object;)[Ljava/lang/Object; @ 36 c2
Event: 3.801 Thread 0x00000238e5eb3800 DEOPT PACKING pc=0x00000238d53331d8 sp=0x0000006f592fac40
Event: 3.801 Thread 0x00000238e5eb3800 DEOPT UNPACKING pc=0x00000238cd6d74af sp=0x0000006f592faba0 mode 2
Event: 3.822 Thread 0x00000238e5eb3800 DEOPT PACKING pc=0x00000238ce08232a sp=0x0000006f592fa0f0
Event: 3.822 Thread 0x00000238e5eb3800 DEOPT UNPACKING pc=0x00000238cd6d72ce sp=0x0000006f592f96e0 mode 0
Event: 3.826 Thread 0x00000238e5eb3800 Uncommon trap: trap_request=0xffffff4d fr.pc=0x00000238d51f7b98 relative=0x0000000000001918
Event: 3.826 Thread 0x00000238e5eb3800 Uncommon trap: reason=unstable_if action=reinterpret pc=0x00000238d51f7b98 method=java.util.zip.ZipFile$Source.initCEN(ILjava/util/zip/ZipCoder;)V @ 582 c2
Event: 3.826 Thread 0x00000238e5eb3800 DEOPT PACKING pc=0x00000238d51f7b98 sp=0x0000006f592fa200
Event: 3.826 Thread 0x00000238e5eb3800 DEOPT UNPACKING pc=0x00000238cd6d74af sp=0x0000006f592fa1e8 mode 2
Event: 3.887 Thread 0x00000238e5eb3800 DEOPT PACKING pc=0x00000238cdf7368f sp=0x0000006f592fa2f0
Event: 3.887 Thread 0x00000238e5eb3800 DEOPT UNPACKING pc=0x00000238cd6d72ce sp=0x0000006f592f9710 mode 0
Event: 3.971 Thread 0x00000238e5eb3800 Uncommon trap: trap_request=0xffffff4d fr.pc=0x00000238d52f7e74 relative=0x0000000000000814
Event: 3.971 Thread 0x00000238e5eb3800 Uncommon trap: reason=unstable_if action=reinterpret pc=0x00000238d52f7e74 method=java.util.zip.ZipFile$CleanableResource.releaseInflater(Ljava/util/zip/Inflater;)V @ 6 c2
Event: 3.971 Thread 0x00000238e5eb3800 DEOPT PACKING pc=0x00000238d52f7e74 sp=0x0000006f592fa470
Event: 3.971 Thread 0x00000238e5eb3800 DEOPT UNPACKING pc=0x00000238cd6d74af sp=0x0000006f592fa3e8 mode 2

Classes redefined (0 events):
No events

Internal exceptions (20 events):
Event: 3.671 Thread 0x00000238e5eb3800 Exception <a 'java/lang/NoSuchMethodError'{0x0000000085f830a0}: 'java.lang.Object java.lang.invoke.Invokers$Holder.linkToTargetMethod(java.lang.Object, java.lang.Object, int, java.lang.Object)'> (0x0000000085f830a0) thrown at [./src/hotspot/share/interpreter/linkResolver.cpp, line 773]
Event: 3.673 Thread 0x00000238e5eb3800 Exception <a 'java/lang/NoSuchMethodError'{0x0000000085fc4c98}: 'int java.lang.invoke.DirectMethodHandle$Holder.invokeInterface(java.lang.Object, java.lang.Object)'> (0x0000000085fc4c98) thrown at [./src/hotspot/share/interpreter/linkResolver.cpp, line 773]
Event: 3.674 Thread 0x00000238e5eb3800 Exception <a 'java/lang/IncompatibleClassChangeError'{0x0000000085fc84d0}: Found class java.lang.Object, but interface was expected> (0x0000000085fc84d0) thrown at [./src/hotspot/share/interpreter/linkResolver.cpp, line 839]
Event: 3.689 Thread 0x00000238e5eb3800 Exception <a 'java/lang/NoSuchMethodError'{0x0000000085d27a68}: 'java.lang.Object java.lang.invoke.Invokers$Holder.linkToTargetMethod(java.lang.Object, int, java.lang.Object)'> (0x0000000085d27a68) thrown at [./src/hotspot/share/interpreter/linkResolver.cpp, line 773]
Event: 3.710 Thread 0x00000238e5eb3800 Exception <a 'java/lang/NoSuchMethodError'{0x0000000085a3ac70}: 'int java.lang.invoke.DirectMethodHandle$Holder.invokeStaticInit(java.lang.Object)'> (0x0000000085a3ac70) thrown at [./src/hotspot/share/interpreter/linkResolver.cpp, line 773]
Event: 3.738 Thread 0x00000238e8a9e000 Exception <a 'sun/nio/fs/WindowsException'{0x0000000085840e60}> (0x0000000085840e60) thrown at [./src/hotspot/share/prims/jni.cpp, line 615]
Event: 3.738 Thread 0x00000238e8a9e000 Exception <a 'sun/nio/fs/WindowsException'{0x0000000085841048}> (0x0000000085841048) thrown at [./src/hotspot/share/prims/jni.cpp, line 615]
Event: 3.744 Thread 0x00000238e5eb3800 Exception <a 'java/lang/ClassNotFoundException'{0x0000000085899210}: sync_studio_tooling602_3l2ozlwlf3rdj4cuwy6qogdncBeanInfo> (0x0000000085899210) thrown at [./src/hotspot/share/classfile/systemDictionary.cpp, line 231]
Event: 3.744 Thread 0x00000238e5eb3800 Exception <a 'java/lang/ClassNotFoundException'{0x00000000858a2ff0}: sync_studio_tooling602_3l2ozlwlf3rdj4cuwy6qogdncCustomizer> (0x00000000858a2ff0) thrown at [./src/hotspot/share/classfile/systemDictionary.cpp, line 231]
Event: 3.770 Thread 0x00000238e5eb3800 Exception <a 'java/lang/ClassNotFoundException'{0x00000000857f5ae0}: org/gradle/invocation/DefaultGradle_DecoratedBeanInfo> (0x00000000857f5ae0) thrown at [./src/hotspot/share/classfile/systemDictionary.cpp, line 231]
Event: 3.771 Thread 0x00000238e5eb3800 Exception <a 'java/lang/ClassNotFoundException'{0x0000000085675840}: org/gradle/invocation/DefaultGradleBeanInfo> (0x0000000085675840) thrown at [./src/hotspot/share/classfile/systemDictionary.cpp, line 231]
Event: 3.772 Thread 0x00000238e5eb3800 Exception <a 'java/lang/ClassNotFoundException'{0x0000000085696630}: org/gradle/api/internal/project/AbstractPluginAwareBeanInfo> (0x0000000085696630) thrown at [./src/hotspot/share/classfile/systemDictionary.cpp, line 231]
Event: 3.772 Thread 0x00000238e5eb3800 Exception <a 'java/lang/ClassNotFoundException'{0x00000000856b7448}: org/gradle/api/internal/project/AbstractPluginAwareCustomizer> (0x00000000856b7448) thrown at [./src/hotspot/share/classfile/systemDictionary.cpp, line 231]
Event: 3.774 Thread 0x00000238e5eb3800 Exception <a 'java/lang/ClassNotFoundException'{0x00000000856dafb8}: org/gradle/invocation/DefaultGradleCustomizer> (0x00000000856dafb8) thrown at [./src/hotspot/share/classfile/systemDictionary.cpp, line 231]
Event: 3.776 Thread 0x00000238e5eb3800 Exception <a 'java/lang/ClassNotFoundException'{0x0000000085529620}: org/gradle/invocation/DefaultGradle_DecoratedCustomizer> (0x0000000085529620) thrown at [./src/hotspot/share/classfile/systemDictionary.cpp, line 231]
Event: 3.788 Thread 0x00000238e5eb3800 Exception <a 'java/lang/ClassNotFoundException'{0x000000008542dd70}: ijinit10_4bcmqrb6u9mg37ko5fygv0nxdBeanInfo> (0x000000008542dd70) thrown at [./src/hotspot/share/classfile/systemDictionary.cpp, line 231]
Event: 3.789 Thread 0x00000238e5eb3800 Exception <a 'java/lang/ClassNotFoundException'{0x00000000854371e0}: ijinit10_4bcmqrb6u9mg37ko5fygv0nxdCustomizer> (0x00000000854371e0) thrown at [./src/hotspot/share/classfile/systemDictionary.cpp, line 231]
Event: 3.826 Thread 0x00000238e5eb3800 Implicit null exception at 0x00000238d51f6c63 to 0x00000238d51f7b80
Event: 3.970 Thread 0x00000238e5eb3800 Exception <a 'java/lang/OutOfMemoryError'{0x00000000866aeb88}> (0x00000000866aeb88) thrown at [./src/hotspot/share/prims/jni.cpp, line 636]
Event: 3.971 Thread 0x00000238e5eb3800 Implicit null exception at 0x00000238d52f769b to 0x00000238d52f7e5c

Events (20 events):
Event: 3.828 loading class org/gradle/api/internal/file/archive/ZipEntry
Event: 3.828 loading class org/gradle/api/internal/file/archive/ZipEntry done
Event: 3.829 Executing VM operation: RevokeBias
Event: 3.829 Executing VM operation: RevokeBias done
Event: 3.829 loading class org/gradle/api/internal/file/archive/impl/JdkZipEntry
Event: 3.829 loading class org/gradle/api/internal/file/archive/impl/JdkZipEntry done
Event: 3.829 loading class org/gradle/api/internal/file/archive/impl/FileZipInput$1$1
Event: 3.829 loading class org/gradle/api/internal/file/archive/impl/FileZipInput$1$1 done
Event: 3.829 loading class org/gradle/api/internal/changedetection/state/ZipHasher$ZipEntryRelativePath
Event: 3.829 loading class org/gradle/api/internal/changedetection/state/ZipHasher$ZipEntryRelativePath done
Event: 3.830 loading class org/gradle/api/internal/changedetection/state/ZipEntryContext
Event: 3.830 loading class org/gradle/api/internal/changedetection/state/ZipEntryContext done
Event: 3.865 Executing VM operation: G1CollectForAllocation
Event: 3.871 Executing VM operation: G1CollectForAllocation done
Event: 3.970 loading class java/util/zip/DataFormatException
Event: 3.970 loading class java/util/zip/DataFormatException done
Event: 3.970 loading class java/util/WeakHashMap$KeyIterator
Event: 3.970 loading class java/util/WeakHashMap$HashIterator
Event: 3.970 loading class java/util/WeakHashMap$HashIterator done
Event: 3.970 loading class java/util/WeakHashMap$KeyIterator done


Dynamic libraries:
0x00007ff7b22e0000 - 0x00007ff7b22ea000 	C:\Program Files\Android\Android Studio2\jre\bin\java.exe
0x00007ffa0fb90000 - 0x00007ffa0fd85000 	C:\WINDOWS\SYSTEM32\ntdll.dll
0x00007ffa0ef40000 - 0x00007ffa0effd000 	C:\WINDOWS\System32\KERNEL32.DLL
0x00007ffa0d6f0000 - 0x00007ffa0d9b9000 	C:\WINDOWS\System32\KERNELBASE.dll
0x00007ffa0d550000 - 0x00007ffa0d650000 	C:\WINDOWS\System32\ucrtbase.dll
0x00007ff9ffa70000 - 0x00007ff9ffa87000 	C:\Program Files\Android\Android Studio2\jre\bin\VCRUNTIME140.dll
0x00007ff9fbe10000 - 0x00007ff9fbe29000 	C:\Program Files\Android\Android Studio2\jre\bin\jli.dll
0x00007ffa0dcf0000 - 0x00007ffa0de90000 	C:\WINDOWS\System32\USER32.dll
0x00007ffa0d2d0000 - 0x00007ffa0d2f2000 	C:\WINDOWS\System32\win32u.dll
0x00007ffa0ea80000 - 0x00007ffa0eaaa000 	C:\WINDOWS\System32\GDI32.dll
0x00007ff9f9df0000 - 0x00007ff9fa08a000 	C:\WINDOWS\WinSxS\amd64_microsoft.windows.common-controls_6595b64144ccf1df_6.0.19041.1110_none_60b5254171f9507e\COMCTL32.dll
0x00007ffa0d360000 - 0x00007ffa0d46b000 	C:\WINDOWS\System32\gdi32full.dll
0x00007ffa0f010000 - 0x00007ffa0f0ae000 	C:\WINDOWS\System32\msvcrt.dll
0x00007ffa0d650000 - 0x00007ffa0d6ed000 	C:\WINDOWS\System32\msvcp_win.dll
0x00007ffa0ee60000 - 0x00007ffa0ee90000 	C:\WINDOWS\System32\IMM32.DLL
0x00007ff9e67f0000 - 0x00007ff9e688d000 	C:\Program Files\Android\Android Studio2\jre\bin\msvcp140.dll
0x00007ff9cb420000 - 0x00007ff9cbedc000 	C:\Program Files\Android\Android Studio2\jre\bin\server\jvm.dll
0x00007ffa0ee90000 - 0x00007ffa0ef3c000 	C:\WINDOWS\System32\ADVAPI32.dll
0x00007ffa0e7b0000 - 0x00007ffa0e84b000 	C:\WINDOWS\System32\sechost.dll
0x00007ffa0e210000 - 0x00007ffa0e33a000 	C:\WINDOWS\System32\RPCRT4.dll
0x00007ffa0ed10000 - 0x00007ffa0ed18000 	C:\WINDOWS\System32\PSAPI.DLL
0x00007ffa04a60000 - 0x00007ffa04a6a000 	C:\WINDOWS\SYSTEM32\VERSION.dll
0x00007ff9f9760000 - 0x00007ff9f9769000 	C:\WINDOWS\SYSTEM32\WSOCK32.dll
0x00007ffa02310000 - 0x00007ffa02337000 	C:\WINDOWS\SYSTEM32\WINMM.dll
0x00007ffa0e9a0000 - 0x00007ffa0ea0b000 	C:\WINDOWS\System32\WS2_32.dll
0x00007ffa0bb90000 - 0x00007ffa0bba2000 	C:\WINDOWS\SYSTEM32\kernel.appcore.dll
0x00007ffa07510000 - 0x00007ffa07521000 	C:\Program Files\Android\Android Studio2\jre\bin\verify.dll
0x00007ffa0afb0000 - 0x00007ffa0b194000 	C:\WINDOWS\SYSTEM32\DBGHELP.DLL
0x00007ff9fbe70000 - 0x00007ff9fbe9c000 	C:\WINDOWS\SYSTEM32\dbgcore.DLL
0x00007ffa0d4c0000 - 0x00007ffa0d543000 	C:\WINDOWS\System32\bcryptPrimitives.dll
0x00007ff9ffca0000 - 0x00007ff9ffcc9000 	C:\Program Files\Android\Android Studio2\jre\bin\java.dll
0x00007ffa07ae0000 - 0x00007ffa07aeb000 	C:\Program Files\Android\Android Studio2\jre\bin\jimage.dll
0x00007ff9ffb90000 - 0x00007ff9ffba8000 	C:\Program Files\Android\Android Studio2\jre\bin\zip.dll
0x00007ffa0f0b0000 - 0x00007ffa0f7ef000 	C:\WINDOWS\System32\SHELL32.dll
0x00007ffa0b3e0000 - 0x00007ffa0bb71000 	C:\WINDOWS\SYSTEM32\windows.storage.dll
0x00007ffa0f7f0000 - 0x00007ffa0fb45000 	C:\WINDOWS\System32\combase.dll
0x00007ffa0cd40000 - 0x00007ffa0cd6c000 	C:\WINDOWS\SYSTEM32\Wldp.dll
0x00007ffa0de90000 - 0x00007ffa0df3e000 	C:\WINDOWS\System32\SHCORE.dll
0x00007ffa0ea10000 - 0x00007ffa0ea65000 	C:\WINDOWS\System32\shlwapi.dll
0x00007ffa0d210000 - 0x00007ffa0d22f000 	C:\WINDOWS\SYSTEM32\profapi.dll
0x00007ff9ffb70000 - 0x00007ff9ffb8a000 	C:\Program Files\Android\Android Studio2\jre\bin\net.dll
0x00007ffa014f0000 - 0x00007ffa015fa000 	C:\WINDOWS\SYSTEM32\WINHTTP.dll
0x00007ffa0ca30000 - 0x00007ffa0ca9a000 	C:\WINDOWS\system32\mswsock.dll
0x00007ff9ffa50000 - 0x00007ff9ffa64000 	C:\Program Files\Android\Android Studio2\jre\bin\nio.dll
0x00007ff9ffce0000 - 0x00007ff9ffd07000 	C:\Users\Dark Knight\.gradle\native\fdc75f09e3144964f2cf3f50f0aa648679c211496f362492102eb8c894070792\windows-amd64\native-platform.dll
0x00007ff9d6e40000 - 0x00007ff9d6fd6000 	C:\Users\Dark Knight\.gradle\native\12488b8bf47d2d4c9fbf2f6322a914ad602e24e48041cd04a747c6da556b65c4\windows-amd64\native-platform-file-events.dll
0x00007ffa07800000 - 0x00007ffa0780a000 	C:\Program Files\Android\Android Studio2\jre\bin\management.dll
0x00007ffa05ea0000 - 0x00007ffa05eac000 	C:\Program Files\Android\Android Studio2\jre\bin\management_ext.dll
0x00007ffa0cc40000 - 0x00007ffa0cc58000 	C:\WINDOWS\SYSTEM32\CRYPTSP.dll
0x00007ffa0c370000 - 0x00007ffa0c3a4000 	C:\WINDOWS\system32\rsaenh.dll
0x00007ffa0da70000 - 0x00007ffa0da97000 	C:\WINDOWS\System32\bcrypt.dll
0x00007ffa0d1d0000 - 0x00007ffa0d1fe000 	C:\WINDOWS\SYSTEM32\USERENV.dll
0x00007ffa0cc30000 - 0x00007ffa0cc3c000 	C:\WINDOWS\SYSTEM32\CRYPTBASE.dll
0x00007ffa0c720000 - 0x00007ffa0c75b000 	C:\WINDOWS\SYSTEM32\IPHLPAPI.DLL
0x00007ffa0f000000 - 0x00007ffa0f008000 	C:\WINDOWS\System32\NSI.dll
0x00007ffa034e0000 - 0x00007ffa034f7000 	C:\WINDOWS\SYSTEM32\dhcpcsvc6.DLL
0x00007ffa03da0000 - 0x00007ffa03dbd000 	C:\WINDOWS\SYSTEM32\dhcpcsvc.DLL
0x00007ffa0c760000 - 0x00007ffa0c82c000 	C:\WINDOWS\SYSTEM32\DNSAPI.dll
0x00007ffa04a70000 - 0x00007ffa04a7b000 	C:\WINDOWS\SYSTEM32\WINNSI.DLL

dbghelp: loaded successfully - version: 4.0.5 - missing functions: none
symbol engine: initialized successfully - sym options: 0x614 - pdb path: .;C:\Program Files\Android\Android Studio2\jre\bin;C:\WINDOWS\SYSTEM32;C:\WINDOWS\WinSxS\amd64_microsoft.windows.common-controls_6595b64144ccf1df_6.0.19041.1110_none_60b5254171f9507e;C:\Program Files\Android\Android Studio2\jre\bin\server;C:\Users\Dark Knight\.gradle\native\fdc75f09e3144964f2cf3f50f0aa648679c211496f362492102eb8c894070792\windows-amd64;C:\Users\Dark Knight\.gradle\native\12488b8bf47d2d4c9fbf2f6322a914ad602e24e48041cd04a747c6da556b65c4\windows-amd64

VM Arguments:
jvm_args: --add-opens=java.base/java.util=ALL-UNNAMED --add-opens=java.base/java.lang=ALL-UNNAMED --add-opens=java.base/java.lang.invoke=ALL-UNNAMED --add-opens=java.prefs/java.util.prefs=ALL-UNNAMED -Xmx2048m -Dfile.encoding=UTF-8 -Duser.country=IN -Duser.language=en -Duser.variant 
java_command: org.gradle.launcher.daemon.bootstrap.GradleDaemon 6.7.1
java_class_path (initial): C:\Users\Dark Knight\.gradle\wrapper\dists\gradle-6.7.1-bin\bwlcbys1h7rz3272sye1xwiv6\gradle-6.7.1\lib\gradle-launcher-6.7.1.jar
Launcher Type: SUN_STANDARD

[Global flags]
     intx CICompilerCount                          = 4                                         {product} {ergonomic}
     uint ConcGCThreads                            = 2                                         {product} {ergonomic}
     uint G1ConcRefinementThreads                  = 8                                         {product} {ergonomic}
   size_t G1HeapRegionSize                         = 1048576                                   {product} {ergonomic}
    uintx GCDrainStackTargetSize                   = 64                                        {product} {ergonomic}
   size_t InitialHeapSize                          = 134217728                                 {product} {ergonomic}
   size_t MarkStackSize                            = 4194304                                   {product} {ergonomic}
   size_t MaxHeapSize                              = 2147483648                                {product} {command line}
   size_t MaxNewSize                               = 1287651328                                {product} {ergonomic}
   size_t MinHeapDeltaBytes                        = 1048576                                   {product} {ergonomic}
    uintx NonNMethodCodeHeapSize                   = 5836300                                {pd product} {ergonomic}
    uintx NonProfiledCodeHeapSize                  = 122910970                              {pd product} {ergonomic}
    uintx ProfiledCodeHeapSize                     = 122910970                              {pd product} {ergonomic}
    uintx ReservedCodeCacheSize                    = 251658240                              {pd product} {ergonomic}
     bool SegmentedCodeCache                       = true                                      {product} {ergonomic}
     bool UseCompressedClassPointers               = true                                 {lp64_product} {ergonomic}
     bool UseCompressedOops                        = true                                 {lp64_product} {ergonomic}
     bool UseG1GC                                  = true                                      {product} {ergonomic}
     bool UseLargePagesIndividualAllocation        = false                                  {pd product} {ergonomic}

Logging:
Log output configuration:
 #0: stdout all=warning uptime,level,tags
 #1: stderr all=off uptime,level,tags

Environment Variables:
PATH=C:\Windows\system32;C:\Windows;C:\Windows\System32\Wbem;C:\Windows\System32\WindowsPowerShell\v1.0\;C:\Windows\System32\OpenSSH\;C:\Program Files (x86)\NVIDIA Corporation\PhysX\Common;C:\Program Files\NVIDIA Corporation\NVIDIA NvDLISR;C:\WINDOWS\system32;C:\WINDOWS;C:\WINDOWS\System32\Wbem;C:\WINDOWS\System32\WindowsPowerShell\v1.0\;C:\WINDOWS\System32\OpenSSH\;C:\MinGW\bin;C:\Program Files\MEGA-X;C:\WINDOWS\system32;C:\WINDOWS;C:\WINDOWS\System32\Wbem;C:\WINDOWS\System32\WindowsPowerShell\v1.0\;C:\WINDOWS\System32\OpenSSH\;C:\Program Files\Git\cmd;C:\Users\Dark Knight\AppData\Local\Microsoft\WindowsApps;C:\Users\Dark Knight\AppData\Local\atom\bin;C:\MinGW\bin;C:\Program Files (x86)\Microsoft Visual Studio\2019\BuildTools\MSBuild\Current\Bin;C:\Users\Dark Knight\AppData\Local\Microsoft\WindowsApps
USERNAME=Dark Knight
OS=Windows_NT
PROCESSOR_IDENTIFIER=Intel64 Family 6 Model 158 Stepping 10, GenuineIntel



---------------  S Y S T E M  ---------------

OS: Windows 10 , 64 bit Build 19041 (10.0.19041.1023)
OS uptime: 10 days 0:47 hours

CPU:total 8 (initial active 8) (4 cores per cpu, 2 threads per core) family 6 model 158 stepping 10, cmov, cx8, fxsr, mmx, sse, sse2, sse3, ssse3, sse4.1, sse4.2, popcnt, avx, avx2, aes, clmul, erms, 3dnowpref, lzcnt, ht, tsc, tscinvbit, bmi1, bmi2, adx, fma

Memory: 4k page, system-wide physical 8112M (1099M free)
TotalPageFile size 12208M (AvailPageFile size 84M)
current process WorkingSet (physical memory assigned to process): 264M, peak: 311M
current process commit charge ("private bytes"): 332M, peak: 416M

vm_info: OpenJDK 64-Bit Server VM (11.0.8+10-b944.6842174) for windows-amd64 JRE (11.0.8+10-b944.6842174), built on Sep 19 2020 01:11:42 by "builder" with MS VC++ 14.0 (VS2015)

END.
