#
# There is insufficient memory for the Java Runtime Environment to continue.
# Native memory allocation (malloc) failed to allocate 32744 bytes for ChunkPool::allocate
# Possible reasons:
#   The system is out of physical RAM or swap space
#   The process is running with CompressedOops enabled, and the Java Heap may be blocking the growth of the native heap
# Possible solutions:
#   Reduce memory load on the system
#   Increase physical memory or swap space
#   Check if swap backing store is full
#   Decrease Java heap size (-Xmx/-Xms)
#   Decrease number of Java threads
#   Decrease Java thread stack sizes (-Xss)
#   Set larger code cache with -XX:ReservedCodeCacheSize=
#   JVM is running with Unscaled Compressed Oops mode in which the Java heap is
#     placed in the first 4GB address space. The Java Heap base address is the
#     maximum limit for the native heap growth. Please use -XX:HeapBaseMinAddress
#     to set the Java Heap base and to place the Java Heap above 4GB virtual address.
# This output file may be truncated or incomplete.
#
#  Out of Memory Error (./src/hotspot/share/memory/arena.cpp:81), pid=29776, tid=36788
#
# JRE version: OpenJDK Runtime Environment (11.0.8+10) (build 11.0.8+10-b944.6842174)
# Java VM: OpenJDK 64-Bit Server VM (11.0.8+10-b944.6842174, mixed mode, tiered, compressed oops, g1 gc, windows-amd64)
# No core dump will be written. Minidumps are not enabled by default on client versions of Windows
#

---------------  S U M M A R Y ------------

Command Line: --add-opens=java.base/java.util=ALL-UNNAMED --add-opens=java.base/java.lang=ALL-UNNAMED --add-opens=java.base/java.lang.invoke=ALL-UNNAMED --add-opens=java.prefs/java.util.prefs=ALL-UNNAMED -Xmx2048m -Dfile.encoding=UTF-8 -Duser.country=IN -Duser.language=en -Duser.variant org.gradle.launcher.daemon.bootstrap.GradleDaemon 6.7.1

Host: Intel(R) Core(TM) i5-9300H CPU @ 2.40GHz, 8 cores, 7G,  Windows 10 , 64 bit Build 19041 (10.0.19041.1023)
Time: Tue Jul 27 19:00:40 2021 India Standard Time elapsed time: 5 seconds (0d 0h 0m 5s)

---------------  T H R E A D  ---------------

Current thread (0x0000021ef5a75800):  JavaThread "C2 CompilerThread0" daemon [_thread_in_native, id=36788, stack(0x000000ea90100000,0x000000ea90200000)]


Current CompileTask:
C2:   5163 2170       4       java.net.URLClassLoader$1::run (5 bytes)

Stack: [0x000000ea90100000,0x000000ea90200000]
Native frames: (J=compiled Java code, j=interpreted, Vv=VM code, C=native code)
V  [jvm.dll+0x5de50a]
V  [jvm.dll+0x7122f5]
V  [jvm.dll+0x71384d]
V  [jvm.dll+0x713f03]
V  [jvm.dll+0x23e728]
V  [jvm.dll+0xb8beb]
V  [jvm.dll+0xb8e9c]
V  [jvm.dll+0x355b56]
V  [jvm.dll+0x3553d1]
V  [jvm.dll+0x355414]
V  [jvm.dll+0x4e5bf4]
V  [jvm.dll+0x4e6619]
V  [jvm.dll+0x31ded2]
V  [jvm.dll+0x31d39a]
V  [jvm.dll+0x1f7702]
V  [jvm.dll+0x1f68d4]
V  [jvm.dll+0x17f32c]
V  [jvm.dll+0x205047]
V  [jvm.dll+0x203891]
V  [jvm.dll+0x6dad3f]
V  [jvm.dll+0x6d3895]
V  [jvm.dll+0x5dd4a6]
C  [ucrtbase.dll+0x21bb2]
C  [KERNEL32.DLL+0x17034]
C  [ntdll.dll+0x52651]


---------------  P R O C E S S  ---------------

Threads class SMR info:
_java_thread_list=0x0000021ef851d7c0, length=26, elements={
0x0000021edaeb9800, 0x0000021ef51d2000, 0x0000021ef51d5800, 0x0000021ef5a21000,
0x0000021ef51e2000, 0x0000021ef5a75800, 0x0000021ef5a78800, 0x0000021ef5a79800,
0x0000021ef5bdb000, 0x0000021ef5bdd000, 0x0000021ef6dc1000, 0x0000021ef6a73800,
0x0000021ef79e1800, 0x0000021ef6b2a000, 0x0000021ef7b7c800, 0x0000021ef83d2800,
0x0000021ef7b41000, 0x0000021ef7b41800, 0x0000021ef766d800, 0x0000021ef7af3800,
0x0000021ef754d000, 0x0000021ef7553000, 0x0000021ef7553800, 0x0000021ef82cc800,
0x0000021ef809c000, 0x0000021ef7551000
}

Java Threads: ( => current thread )
  0x0000021edaeb9800 JavaThread "main" [_thread_blocked, id=36328, stack(0x000000ea8f600000,0x000000ea8f700000)]
  0x0000021ef51d2000 JavaThread "Reference Handler" daemon [_thread_blocked, id=19408, stack(0x000000ea8fd00000,0x000000ea8fe00000)]
  0x0000021ef51d5800 JavaThread "Finalizer" daemon [_thread_blocked, id=12724, stack(0x000000ea8fe00000,0x000000ea8ff00000)]
  0x0000021ef5a21000 JavaThread "Signal Dispatcher" daemon [_thread_blocked, id=34968, stack(0x000000ea8ff00000,0x000000ea90000000)]
  0x0000021ef51e2000 JavaThread "Attach Listener" daemon [_thread_blocked, id=25372, stack(0x000000ea90000000,0x000000ea90100000)]
=>0x0000021ef5a75800 JavaThread "C2 CompilerThread0" daemon [_thread_in_native, id=36788, stack(0x000000ea90100000,0x000000ea90200000)]
  0x0000021ef5a78800 JavaThread "C1 CompilerThread0" daemon [_thread_blocked, id=11924, stack(0x000000ea90200000,0x000000ea90300000)]
  0x0000021ef5a79800 JavaThread "Sweeper thread" daemon [_thread_blocked, id=11400, stack(0x000000ea90300000,0x000000ea90400000)]
  0x0000021ef5bdb000 JavaThread "Common-Cleaner" daemon [_thread_blocked, id=35536, stack(0x000000ea90400000,0x000000ea90500000)]
  0x0000021ef5bdd000 JavaThread "Service Thread" daemon [_thread_blocked, id=31668, stack(0x000000ea90500000,0x000000ea90600000)]
  0x0000021ef6dc1000 JavaThread "Daemon health stats" [_thread_blocked, id=29356, stack(0x000000ea90b00000,0x000000ea90c00000)]
  0x0000021ef6a73800 JavaThread "Incoming local TCP Connector on port 52564" [_thread_in_native, id=15792, stack(0x000000ea90c00000,0x000000ea90d00000)]
  0x0000021ef79e1800 JavaThread "Daemon periodic checks" [_thread_blocked, id=39760, stack(0x000000ea90d00000,0x000000ea90e00000)]
  0x0000021ef6b2a000 JavaThread "Daemon" [_thread_blocked, id=12576, stack(0x000000ea90e00000,0x000000ea90f00000)]
  0x0000021ef7b7c800 JavaThread "Handler for socket connection from /127.0.0.1:52564 to /127.0.0.1:52565" [_thread_in_native, id=12468, stack(0x000000ea90f00000,0x000000ea91000000)]
  0x0000021ef83d2800 JavaThread "Cancel handler" [_thread_blocked, id=29924, stack(0x000000ea91000000,0x000000ea91100000)]
  0x0000021ef7b41000 JavaThread "Daemon worker" [_thread_in_vm, id=24696, stack(0x000000ea91100000,0x000000ea91200000)]
  0x0000021ef7b41800 JavaThread "Asynchronous log dispatcher for DefaultDaemonConnection: socket connection from /127.0.0.1:52564 to /127.0.0.1:52565" [_thread_blocked, id=13332, stack(0x000000ea91200000,0x000000ea91300000)]
  0x0000021ef766d800 JavaThread "Stdin handler" [_thread_blocked, id=35600, stack(0x000000ea91300000,0x000000ea91400000)]
  0x0000021ef7af3800 JavaThread "Thread-8" [_thread_blocked, id=11300, stack(0x000000ea91400000,0x000000ea91500000)]
  0x0000021ef754d000 JavaThread "Cache worker for file hash cache (C:\Users\Dark Knight\.gradle\caches\6.7.1\fileHashes)" [_thread_blocked, id=32508, stack(0x000000ea91a00000,0x000000ea91b00000)]
  0x0000021ef7553000 JavaThread "File lock request listener" [_thread_in_native, id=39120, stack(0x000000ea91b00000,0x000000ea91c00000)]
  0x0000021ef7553800 JavaThread "Cache worker for journal cache (C:\Users\Dark Knight\.gradle\caches\journal-1)" [_thread_blocked, id=30252, stack(0x000000ea91d00000,0x000000ea91e00000)]
  0x0000021ef82cc800 JavaThread "C2 CompilerThread1" daemon [_thread_blocked, id=16152, stack(0x000000ea91e00000,0x000000ea91f00000)]
  0x0000021ef809c000 JavaThread "C2 CompilerThread2" daemon [_thread_in_native, id=6064, stack(0x000000ea91f00000,0x000000ea92000000)]
  0x0000021ef7551000 JavaThread "Cache worker for file hash cache (C:\Android Projects\Udemy TUTORIAL\KidsDrawingApp\.gradle\6.7.1\fileHashes)" [_thread_blocked, id=31956, stack(0x000000ea92000000,0x000000ea92100000)]

Other Threads:
  0x0000021ef5a14800 VMThread "VM Thread" [stack: 0x000000ea8fc00000,0x000000ea8fd00000] [id=20960]
  0x0000021ef5bdd800 WatcherThread [stack: 0x000000ea90600000,0x000000ea90700000] [id=38920]
  0x0000021edaed2000 GCTaskThread "GC Thread#0" [stack: 0x000000ea8f700000,0x000000ea8f800000] [id=10132]
  0x0000021ef6bca800 GCTaskThread "GC Thread#1" [stack: 0x000000ea90900000,0x000000ea90a00000] [id=25412]
  0x0000021ef6bcb800 GCTaskThread "GC Thread#2" [stack: 0x000000ea90a00000,0x000000ea90b00000] [id=23636]
  0x0000021ef7563000 GCTaskThread "GC Thread#3" [stack: 0x000000ea91500000,0x000000ea91600000] [id=33300]
  0x0000021ef75f0800 GCTaskThread "GC Thread#4" [stack: 0x000000ea91600000,0x000000ea91700000] [id=41124]
  0x0000021ef676e800 GCTaskThread "GC Thread#5" [stack: 0x000000ea91700000,0x000000ea91800000] [id=36956]
  0x0000021ef8428800 GCTaskThread "GC Thread#6" [stack: 0x000000ea91800000,0x000000ea91900000] [id=20560]
  0x0000021ef7ec7800 GCTaskThread "GC Thread#7" [stack: 0x000000ea91900000,0x000000ea91a00000] [id=23176]
  0x0000021edaf04800 ConcurrentGCThread "G1 Main Marker" [stack: 0x000000ea8f800000,0x000000ea8f900000] [id=6444]
  0x0000021edaf06000 ConcurrentGCThread "G1 Conc#0" [stack: 0x000000ea8f900000,0x000000ea8fa00000] [id=1568]
  0x0000021ef79d2800 ConcurrentGCThread "G1 Conc#1" [stack: 0x000000ea91c00000,0x000000ea91d00000] [id=41200]
  0x0000021ef503e800 ConcurrentGCThread "G1 Refine#0" [stack: 0x000000ea8fa00000,0x000000ea8fb00000] [id=12124]
  0x0000021ef503f800 ConcurrentGCThread "G1 Young RemSet Sampling" [stack: 0x000000ea8fb00000,0x000000ea8fc00000] [id=35388]

Threads with active compile tasks:
C2 CompilerThread0   5193 2170       4       java.net.URLClassLoader$1::run (5 bytes)
C2 CompilerThread2   5193 2171   !   4       java.net.URLClassLoader$1::run (63 bytes)

VM state:not at safepoint (normal execution)

VM Mutex/Monitor currently owned by a thread: None

Heap address: 0x0000000080000000, size: 2048 MB, Compressed Oops mode: 32-bit
Narrow klass base: 0x0000000000000000, Narrow klass shift: 3
Compressed class space size: 1073741824 Address: 0x0000000100000000

Heap:
 garbage-first heap   total 131072K, used 63551K [0x0000000080000000, 0x0000000100000000)
  region size 1024K, 48 young (49152K), 1 survivors (1024K)
 Metaspace       used 25956K, capacity 26521K, committed 26752K, reserved 1073152K
  class space    used 3389K, capacity 3602K, committed 3712K, reserved 1048576K
Heap Regions: E=young(eden), S=young(survivor), O=old, HS=humongous(starts), HC=humongous(continues), CS=collection set, F=free, A=archive, TAMS=top-at-mark-start (previous, next)
|   0|0x0000000080000000, 0x0000000080100000, 0x0000000080100000|100%| O|  |TAMS 0x0000000080100000, 0x0000000080000000| Untracked 
|   1|0x0000000080100000, 0x0000000080200000, 0x0000000080200000|100%| O|  |TAMS 0x0000000080200000, 0x0000000080100000| Untracked 
|   2|0x0000000080200000, 0x0000000080300000, 0x0000000080300000|100%| O|  |TAMS 0x0000000080300000, 0x0000000080200000| Untracked 
|   3|0x0000000080300000, 0x0000000080400000, 0x0000000080400000|100%|HS|  |TAMS 0x0000000080400000, 0x0000000080300000| Complete 
|   4|0x0000000080400000, 0x0000000080500000, 0x0000000080500000|100%|HC|  |TAMS 0x0000000080500000, 0x0000000080400000| Complete 
|   5|0x0000000080500000, 0x0000000080600000, 0x0000000080600000|100%|HC|  |TAMS 0x0000000080600000, 0x0000000080500000| Complete 
|   6|0x0000000080600000, 0x0000000080700000, 0x0000000080700000|100%| O|  |TAMS 0x0000000080700000, 0x0000000080600000| Untracked 
|   7|0x0000000080700000, 0x0000000080800000, 0x0000000080800000|100%| O|  |TAMS 0x0000000080800000, 0x0000000080700000| Untracked 
|   8|0x0000000080800000, 0x0000000080900000, 0x0000000080900000|100%| O|  |TAMS 0x0000000080900000, 0x0000000080800000| Untracked 
|   9|0x0000000080900000, 0x0000000080a00000, 0x0000000080a00000|100%| O|  |TAMS 0x0000000080a00000, 0x0000000080900000| Untracked 
|  10|0x0000000080a00000, 0x0000000080b00000, 0x0000000080b00000|100%| O|  |TAMS 0x0000000080b00000, 0x0000000080a00000| Untracked 
|  11|0x0000000080b00000, 0x0000000080c00000, 0x0000000080c00000|100%| O|  |TAMS 0x0000000080c00000, 0x0000000080b00000| Untracked 
|  12|0x0000000080c00000, 0x0000000080d00000, 0x0000000080d00000|100%| O|  |TAMS 0x0000000080d00000, 0x0000000080c00000| Untracked 
|  13|0x0000000080d00000, 0x0000000080e00000, 0x0000000080e00000|100%| O|  |TAMS 0x0000000080e00000, 0x0000000080d00000| Untracked 
|  14|0x0000000080e00000, 0x0000000080f00000, 0x0000000080f00000|100%| O|  |TAMS 0x0000000080f00000, 0x0000000080e00000| Untracked 
|  15|0x0000000080f00000, 0x0000000080f27c00, 0x0000000081000000| 15%| O|  |TAMS 0x0000000080f27c00, 0x0000000080f00000| Untracked 
|  16|0x0000000081000000, 0x0000000081000000, 0x0000000081100000|  0%| F|  |TAMS 0x0000000081000000, 0x0000000081000000| Untracked 
|  17|0x0000000081100000, 0x0000000081100000, 0x0000000081200000|  0%| F|  |TAMS 0x0000000081100000, 0x0000000081100000| Untracked 
|  18|0x0000000081200000, 0x0000000081200000, 0x0000000081300000|  0%| F|  |TAMS 0x0000000081200000, 0x0000000081200000| Untracked 
|  19|0x0000000081300000, 0x0000000081300000, 0x0000000081400000|  0%| F|  |TAMS 0x0000000081300000, 0x0000000081300000| Untracked 
|  20|0x0000000081400000, 0x0000000081400000, 0x0000000081500000|  0%| F|  |TAMS 0x0000000081400000, 0x0000000081400000| Untracked 
|  21|0x0000000081500000, 0x0000000081500000, 0x0000000081600000|  0%| F|  |TAMS 0x0000000081500000, 0x0000000081500000| Untracked 
|  22|0x0000000081600000, 0x0000000081600000, 0x0000000081700000|  0%| F|  |TAMS 0x0000000081600000, 0x0000000081600000| Untracked 
|  23|0x0000000081700000, 0x0000000081700000, 0x0000000081800000|  0%| F|  |TAMS 0x0000000081700000, 0x0000000081700000| Untracked 
|  24|0x0000000081800000, 0x0000000081800000, 0x0000000081900000|  0%| F|  |TAMS 0x0000000081800000, 0x0000000081800000| Untracked 
|  25|0x0000000081900000, 0x0000000081900000, 0x0000000081a00000|  0%| F|  |TAMS 0x0000000081900000, 0x0000000081900000| Untracked 
|  26|0x0000000081a00000, 0x0000000081a00000, 0x0000000081b00000|  0%| F|  |TAMS 0x0000000081a00000, 0x0000000081a00000| Untracked 
|  27|0x0000000081b00000, 0x0000000081b00000, 0x0000000081c00000|  0%| F|  |TAMS 0x0000000081b00000, 0x0000000081b00000| Untracked 
|  28|0x0000000081c00000, 0x0000000081c00000, 0x0000000081d00000|  0%| F|  |TAMS 0x0000000081c00000, 0x0000000081c00000| Untracked 
|  29|0x0000000081d00000, 0x0000000081d00000, 0x0000000081e00000|  0%| F|  |TAMS 0x0000000081d00000, 0x0000000081d00000| Untracked 
|  30|0x0000000081e00000, 0x0000000081e00000, 0x0000000081f00000|  0%| F|  |TAMS 0x0000000081e00000, 0x0000000081e00000| Untracked 
|  31|0x0000000081f00000, 0x0000000081f00000, 0x0000000082000000|  0%| F|  |TAMS 0x0000000081f00000, 0x0000000081f00000| Untracked 
|  32|0x0000000082000000, 0x0000000082000000, 0x0000000082100000|  0%| F|  |TAMS 0x0000000082000000, 0x0000000082000000| Untracked 
|  33|0x0000000082100000, 0x0000000082100000, 0x0000000082200000|  0%| F|  |TAMS 0x0000000082100000, 0x0000000082100000| Untracked 
|  34|0x0000000082200000, 0x0000000082200000, 0x0000000082300000|  0%| F|  |TAMS 0x0000000082200000, 0x0000000082200000| Untracked 
|  35|0x0000000082300000, 0x0000000082300000, 0x0000000082400000|  0%| F|  |TAMS 0x0000000082300000, 0x0000000082300000| Untracked 
|  36|0x0000000082400000, 0x0000000082400000, 0x0000000082500000|  0%| F|  |TAMS 0x0000000082400000, 0x0000000082400000| Untracked 
|  37|0x0000000082500000, 0x0000000082500000, 0x0000000082600000|  0%| F|  |TAMS 0x0000000082500000, 0x0000000082500000| Untracked 
|  38|0x0000000082600000, 0x0000000082600000, 0x0000000082700000|  0%| F|  |TAMS 0x0000000082600000, 0x0000000082600000| Untracked 
|  39|0x0000000082700000, 0x0000000082700000, 0x0000000082800000|  0%| F|  |TAMS 0x0000000082700000, 0x0000000082700000| Untracked 
|  40|0x0000000082800000, 0x0000000082800000, 0x0000000082900000|  0%| F|  |TAMS 0x0000000082800000, 0x0000000082800000| Untracked 
|  41|0x0000000082900000, 0x0000000082900000, 0x0000000082a00000|  0%| F|  |TAMS 0x0000000082900000, 0x0000000082900000| Untracked 
|  42|0x0000000082a00000, 0x0000000082a00000, 0x0000000082b00000|  0%| F|  |TAMS 0x0000000082a00000, 0x0000000082a00000| Untracked 
|  43|0x0000000082b00000, 0x0000000082b00000, 0x0000000082c00000|  0%| F|  |TAMS 0x0000000082b00000, 0x0000000082b00000| Untracked 
|  44|0x0000000082c00000, 0x0000000082c00000, 0x0000000082d00000|  0%| F|  |TAMS 0x0000000082c00000, 0x0000000082c00000| Untracked 
|  45|0x0000000082d00000, 0x0000000082d00000, 0x0000000082e00000|  0%| F|  |TAMS 0x0000000082d00000, 0x0000000082d00000| Untracked 
|  46|0x0000000082e00000, 0x0000000082e00000, 0x0000000082f00000|  0%| F|  |TAMS 0x0000000082e00000, 0x0000000082e00000| Untracked 
|  47|0x0000000082f00000, 0x0000000082f00000, 0x0000000083000000|  0%| F|  |TAMS 0x0000000082f00000, 0x0000000082f00000| Untracked 
|  48|0x0000000083000000, 0x0000000083000000, 0x0000000083100000|  0%| F|  |TAMS 0x0000000083000000, 0x0000000083000000| Untracked 
|  49|0x0000000083100000, 0x0000000083100000, 0x0000000083200000|  0%| F|  |TAMS 0x0000000083100000, 0x0000000083100000| Untracked 
|  50|0x0000000083200000, 0x0000000083200000, 0x0000000083300000|  0%| F|  |TAMS 0x0000000083200000, 0x0000000083200000| Untracked 
|  51|0x0000000083300000, 0x0000000083300000, 0x0000000083400000|  0%| F|  |TAMS 0x0000000083300000, 0x0000000083300000| Untracked 
|  52|0x0000000083400000, 0x0000000083400000, 0x0000000083500000|  0%| F|  |TAMS 0x0000000083400000, 0x0000000083400000| Untracked 
|  53|0x0000000083500000, 0x0000000083500000, 0x0000000083600000|  0%| F|  |TAMS 0x0000000083500000, 0x0000000083500000| Untracked 
|  54|0x0000000083600000, 0x0000000083600000, 0x0000000083700000|  0%| F|  |TAMS 0x0000000083600000, 0x0000000083600000| Untracked 
|  55|0x0000000083700000, 0x0000000083700000, 0x0000000083800000|  0%| F|  |TAMS 0x0000000083700000, 0x0000000083700000| Untracked 
|  56|0x0000000083800000, 0x0000000083800000, 0x0000000083900000|  0%| F|  |TAMS 0x0000000083800000, 0x0000000083800000| Untracked 
|  57|0x0000000083900000, 0x0000000083900000, 0x0000000083a00000|  0%| F|  |TAMS 0x0000000083900000, 0x0000000083900000| Untracked 
|  58|0x0000000083a00000, 0x0000000083a00000, 0x0000000083b00000|  0%| F|  |TAMS 0x0000000083a00000, 0x0000000083a00000| Untracked 
|  59|0x0000000083b00000, 0x0000000083b00000, 0x0000000083c00000|  0%| F|  |TAMS 0x0000000083b00000, 0x0000000083b00000| Untracked 
|  60|0x0000000083c00000, 0x0000000083c00000, 0x0000000083d00000|  0%| F|  |TAMS 0x0000000083c00000, 0x0000000083c00000| Untracked 
|  61|0x0000000083d00000, 0x0000000083d00000, 0x0000000083e00000|  0%| F|  |TAMS 0x0000000083d00000, 0x0000000083d00000| Untracked 
|  62|0x0000000083e00000, 0x0000000083e00000, 0x0000000083f00000|  0%| F|  |TAMS 0x0000000083e00000, 0x0000000083e00000| Untracked 
|  63|0x0000000083f00000, 0x0000000083f00000, 0x0000000084000000|  0%| F|  |TAMS 0x0000000083f00000, 0x0000000083f00000| Untracked 
|  64|0x0000000084000000, 0x0000000084000000, 0x0000000084100000|  0%| F|  |TAMS 0x0000000084000000, 0x0000000084000000| Untracked 
|  65|0x0000000084100000, 0x0000000084100000, 0x0000000084200000|  0%| F|  |TAMS 0x0000000084100000, 0x0000000084100000| Untracked 
|  66|0x0000000084200000, 0x0000000084200000, 0x0000000084300000|  0%| F|  |TAMS 0x0000000084200000, 0x0000000084200000| Untracked 
|  67|0x0000000084300000, 0x0000000084300000, 0x0000000084400000|  0%| F|  |TAMS 0x0000000084300000, 0x0000000084300000| Untracked 
|  68|0x0000000084400000, 0x0000000084400000, 0x0000000084500000|  0%| F|  |TAMS 0x0000000084400000, 0x0000000084400000| Untracked 
|  69|0x0000000084500000, 0x0000000084500000, 0x0000000084600000|  0%| F|  |TAMS 0x0000000084500000, 0x0000000084500000| Untracked 
|  70|0x0000000084600000, 0x0000000084600000, 0x0000000084700000|  0%| F|  |TAMS 0x0000000084600000, 0x0000000084600000| Untracked 
|  71|0x0000000084700000, 0x0000000084700000, 0x0000000084800000|  0%| F|  |TAMS 0x0000000084700000, 0x0000000084700000| Untracked 
|  72|0x0000000084800000, 0x0000000084800000, 0x0000000084900000|  0%| F|  |TAMS 0x0000000084800000, 0x0000000084800000| Untracked 
|  73|0x0000000084900000, 0x0000000084900000, 0x0000000084a00000|  0%| F|  |TAMS 0x0000000084900000, 0x0000000084900000| Untracked 
|  74|0x0000000084a00000, 0x0000000084a00000, 0x0000000084b00000|  0%| F|  |TAMS 0x0000000084a00000, 0x0000000084a00000| Untracked 
|  75|0x0000000084b00000, 0x0000000084b00000, 0x0000000084c00000|  0%| F|  |TAMS 0x0000000084b00000, 0x0000000084b00000| Untracked 
|  76|0x0000000084c00000, 0x0000000084c00000, 0x0000000084d00000|  0%| F|  |TAMS 0x0000000084c00000, 0x0000000084c00000| Untracked 
|  77|0x0000000084d00000, 0x0000000084d00000, 0x0000000084e00000|  0%| F|  |TAMS 0x0000000084d00000, 0x0000000084d00000| Untracked 
|  78|0x0000000084e00000, 0x0000000084e00000, 0x0000000084f00000|  0%| F|  |TAMS 0x0000000084e00000, 0x0000000084e00000| Untracked 
|  79|0x0000000084f00000, 0x0000000084f00000, 0x0000000085000000|  0%| F|  |TAMS 0x0000000084f00000, 0x0000000084f00000| Untracked 
|  80|0x0000000085000000, 0x000000008504c110, 0x0000000085100000| 29%| E|  |TAMS 0x0000000085000000, 0x0000000085000000| Complete 
|  81|0x0000000085100000, 0x0000000085200000, 0x0000000085200000|100%| E|CS|TAMS 0x0000000085100000, 0x0000000085100000| Complete 
|  82|0x0000000085200000, 0x0000000085300000, 0x0000000085300000|100%| E|CS|TAMS 0x0000000085200000, 0x0000000085200000| Complete 
|  83|0x0000000085300000, 0x0000000085400000, 0x0000000085400000|100%| E|CS|TAMS 0x0000000085300000, 0x0000000085300000| Complete 
|  84|0x0000000085400000, 0x0000000085500000, 0x0000000085500000|100%| E|CS|TAMS 0x0000000085400000, 0x0000000085400000| Complete 
|  85|0x0000000085500000, 0x0000000085600000, 0x0000000085600000|100%| E|CS|TAMS 0x0000000085500000, 0x0000000085500000| Complete 
|  86|0x0000000085600000, 0x0000000085700000, 0x0000000085700000|100%| E|CS|TAMS 0x0000000085600000, 0x0000000085600000| Complete 
|  87|0x0000000085700000, 0x0000000085800000, 0x0000000085800000|100%| E|CS|TAMS 0x0000000085700000, 0x0000000085700000| Complete 
|  88|0x0000000085800000, 0x0000000085900000, 0x0000000085900000|100%| E|CS|TAMS 0x0000000085800000, 0x0000000085800000| Complete 
|  89|0x0000000085900000, 0x0000000085a00000, 0x0000000085a00000|100%| E|CS|TAMS 0x0000000085900000, 0x0000000085900000| Complete 
|  90|0x0000000085a00000, 0x0000000085b00000, 0x0000000085b00000|100%| E|CS|TAMS 0x0000000085a00000, 0x0000000085a00000| Complete 
|  91|0x0000000085b00000, 0x0000000085c00000, 0x0000000085c00000|100%| E|CS|TAMS 0x0000000085b00000, 0x0000000085b00000| Complete 
|  92|0x0000000085c00000, 0x0000000085d00000, 0x0000000085d00000|100%| E|CS|TAMS 0x0000000085c00000, 0x0000000085c00000| Complete 
|  93|0x0000000085d00000, 0x0000000085e00000, 0x0000000085e00000|100%| E|CS|TAMS 0x0000000085d00000, 0x0000000085d00000| Complete 
|  94|0x0000000085e00000, 0x0000000085f00000, 0x0000000085f00000|100%| E|CS|TAMS 0x0000000085e00000, 0x0000000085e00000| Complete 
|  95|0x0000000085f00000, 0x0000000086000000, 0x0000000086000000|100%| E|CS|TAMS 0x0000000085f00000, 0x0000000085f00000| Complete 
|  96|0x0000000086000000, 0x0000000086100000, 0x0000000086100000|100%| E|CS|TAMS 0x0000000086000000, 0x0000000086000000| Complete 
|  97|0x0000000086100000, 0x0000000086200000, 0x0000000086200000|100%| E|CS|TAMS 0x0000000086100000, 0x0000000086100000| Complete 
|  98|0x0000000086200000, 0x0000000086300000, 0x0000000086300000|100%| E|CS|TAMS 0x0000000086200000, 0x0000000086200000| Complete 
|  99|0x0000000086300000, 0x0000000086400000, 0x0000000086400000|100%| E|CS|TAMS 0x0000000086300000, 0x0000000086300000| Complete 
| 100|0x0000000086400000, 0x0000000086500000, 0x0000000086500000|100%| E|CS|TAMS 0x0000000086400000, 0x0000000086400000| Complete 
| 101|0x0000000086500000, 0x0000000086600000, 0x0000000086600000|100%| E|CS|TAMS 0x0000000086500000, 0x0000000086500000| Complete 
| 102|0x0000000086600000, 0x0000000086700000, 0x0000000086700000|100%| E|CS|TAMS 0x0000000086600000, 0x0000000086600000| Complete 
| 103|0x0000000086700000, 0x0000000086800000, 0x0000000086800000|100%| E|CS|TAMS 0x0000000086700000, 0x0000000086700000| Complete 
| 104|0x0000000086800000, 0x0000000086900000, 0x0000000086900000|100%| E|CS|TAMS 0x0000000086800000, 0x0000000086800000| Complete 
| 105|0x0000000086900000, 0x0000000086a00000, 0x0000000086a00000|100%| E|CS|TAMS 0x0000000086900000, 0x0000000086900000| Complete 
| 106|0x0000000086a00000, 0x0000000086b00000, 0x0000000086b00000|100%| E|CS|TAMS 0x0000000086a00000, 0x0000000086a00000| Complete 
| 107|0x0000000086b00000, 0x0000000086c00000, 0x0000000086c00000|100%| E|CS|TAMS 0x0000000086b00000, 0x0000000086b00000| Complete 
| 108|0x0000000086c00000, 0x0000000086d00000, 0x0000000086d00000|100%| E|CS|TAMS 0x0000000086c00000, 0x0000000086c00000| Complete 
| 109|0x0000000086d00000, 0x0000000086e00000, 0x0000000086e00000|100%| E|CS|TAMS 0x0000000086d00000, 0x0000000086d00000| Complete 
| 110|0x0000000086e00000, 0x0000000086f00000, 0x0000000086f00000|100%| E|CS|TAMS 0x0000000086e00000, 0x0000000086e00000| Complete 
| 111|0x0000000086f00000, 0x0000000087000000, 0x0000000087000000|100%| E|CS|TAMS 0x0000000086f00000, 0x0000000086f00000| Complete 
| 112|0x0000000087000000, 0x0000000087100000, 0x0000000087100000|100%| E|CS|TAMS 0x0000000087000000, 0x0000000087000000| Complete 
| 113|0x0000000087100000, 0x00000000871e80d8, 0x0000000087200000| 90%| S|CS|TAMS 0x0000000087100000, 0x0000000087100000| Complete 
| 114|0x0000000087200000, 0x0000000087300000, 0x0000000087300000|100%| E|CS|TAMS 0x0000000087200000, 0x0000000087200000| Complete 
| 115|0x0000000087300000, 0x0000000087400000, 0x0000000087400000|100%| E|CS|TAMS 0x0000000087300000, 0x0000000087300000| Complete 
| 116|0x0000000087400000, 0x0000000087500000, 0x0000000087500000|100%| E|CS|TAMS 0x0000000087400000, 0x0000000087400000| Complete 
| 117|0x0000000087500000, 0x0000000087600000, 0x0000000087600000|100%| E|CS|TAMS 0x0000000087500000, 0x0000000087500000| Complete 
| 118|0x0000000087600000, 0x0000000087700000, 0x0000000087700000|100%| E|CS|TAMS 0x0000000087600000, 0x0000000087600000| Complete 
| 119|0x0000000087700000, 0x0000000087800000, 0x0000000087800000|100%| E|CS|TAMS 0x0000000087700000, 0x0000000087700000| Complete 
| 120|0x0000000087800000, 0x0000000087900000, 0x0000000087900000|100%| E|CS|TAMS 0x0000000087800000, 0x0000000087800000| Complete 
| 121|0x0000000087900000, 0x0000000087a00000, 0x0000000087a00000|100%| E|CS|TAMS 0x0000000087900000, 0x0000000087900000| Complete 
| 122|0x0000000087a00000, 0x0000000087b00000, 0x0000000087b00000|100%| E|CS|TAMS 0x0000000087a00000, 0x0000000087a00000| Complete 
| 123|0x0000000087b00000, 0x0000000087c00000, 0x0000000087c00000|100%| E|CS|TAMS 0x0000000087b00000, 0x0000000087b00000| Complete 
| 124|0x0000000087c00000, 0x0000000087d00000, 0x0000000087d00000|100%| E|CS|TAMS 0x0000000087c00000, 0x0000000087c00000| Complete 
| 125|0x0000000087d00000, 0x0000000087e00000, 0x0000000087e00000|100%| E|CS|TAMS 0x0000000087d00000, 0x0000000087d00000| Complete 
| 126|0x0000000087e00000, 0x0000000087f00000, 0x0000000087f00000|100%| E|CS|TAMS 0x0000000087e00000, 0x0000000087e00000| Complete 
| 127|0x0000000087f00000, 0x0000000088000000, 0x0000000088000000|100%| E|CS|TAMS 0x0000000087f00000, 0x0000000087f00000| Complete 

Card table byte_map: [0x0000021eedf60000,0x0000021eee360000] _byte_map_base: 0x0000021eedb60000

Marking Bits (Prev, Next): (CMBitMap*) 0x0000021edaefbc30, (CMBitMap*) 0x0000021edaefbbf8
 Prev Bits: [0x0000021ef0760000, 0x0000021ef2760000)
 Next Bits: [0x0000021eee760000, 0x0000021ef0760000)

Polling page: 0x0000021eda690000

Metaspace:

Usage:
  Non-class:     22.38 MB capacity,    22.04 MB ( 98%) used,   304.86 KB (  1%) free+waste,    47.19 KB ( <1%) overhead. 
      Class:      3.52 MB capacity,     3.31 MB ( 94%) used,   189.02 KB (  5%) free+waste,    23.50 KB ( <1%) overhead. 
       Both:     25.90 MB capacity,    25.35 MB ( 98%) used,   493.88 KB (  2%) free+waste,    70.69 KB ( <1%) overhead. 

Virtual space:
  Non-class space:       24.00 MB reserved,      22.50 MB ( 94%) committed 
      Class space:        1.00 GB reserved,       3.63 MB ( <1%) committed 
             Both:        1.02 GB reserved,      26.13 MB (  2%) committed 

Chunk freelists:
   Non-Class:  57.00 KB
       Class:  14.00 KB
        Both:  71.00 KB

MaxMetaspaceSize: 17179869184.00 GB
CompressedClassSpaceSize: 1.00 GB

CodeHeap 'non-profiled nmethods': size=120000Kb used=999Kb max_used=999Kb free=119000Kb
 bounds [0x0000021ee6300000, 0x0000021ee6570000, 0x0000021eed830000]
CodeHeap 'profiled nmethods': size=120000Kb used=4070Kb max_used=4070Kb free=115929Kb
 bounds [0x0000021ededd0000, 0x0000021edf1d0000, 0x0000021ee6300000]
CodeHeap 'non-nmethods': size=5760Kb used=1146Kb max_used=1191Kb free=4613Kb
 bounds [0x0000021ede830000, 0x0000021edeaa0000, 0x0000021ededd0000]
 total_blobs=2465 nmethods=1980 adapters=396
 compilation: enabled
              stopped_count=0, restarted_count=0
 full_count=0

Compilation events (20 events):
Event: 5.056 Thread 0x0000021ef5a78800 2211       3       java.util.concurrent.ConcurrentHashMap$EntryIterator::next (5 bytes)
Event: 5.056 Thread 0x0000021ef5a78800 nmethod 2211 0x0000021edf1c2410 code [0x0000021edf1c25c0, 0x0000021edf1c26e8]
Event: 5.056 Thread 0x0000021ef5a78800 2212       3       java.util.concurrent.ConcurrentHashMap$EntryIterator::next (51 bytes)
Event: 5.057 Thread 0x0000021ef5a78800 nmethod 2212 0x0000021edf1c2790 code [0x0000021edf1c2980, 0x0000021edf1c2e78]
Event: 5.077 Thread 0x0000021ef82cc800 2213       4       sun.reflect.generics.parser.SignatureParser::skipIdentifier (67 bytes)
Event: 5.080 Thread 0x0000021ef5a78800 2214   !   3       org.gradle.internal.service.DefaultServiceRegistry$FactoryService::bind (283 bytes)
Event: 5.085 Thread 0x0000021ef5a78800 nmethod 2214 0x0000021edf1c3010 code [0x0000021edf1c3700, 0x0000021edf1c7ba8]
Event: 5.085 Thread 0x0000021ef82cc800 nmethod 2213 0x0000021ee63f8f10 code [0x0000021ee63f90e0, 0x0000021ee63f9398]
Event: 5.086 Thread 0x0000021ef5a78800 2215       3       jdk.internal.reflect.ReflectionFactory::newMethodAccessor (119 bytes)
Event: 5.089 Thread 0x0000021ef5a78800 nmethod 2215 0x0000021edf1c9210 code [0x0000021edf1c9600, 0x0000021edf1cb348]
Event: 5.089 Thread 0x0000021ef5a78800 2216       3       jdk.internal.reflect.Reflection::isCallerSensitive (24 bytes)
Event: 5.091 Thread 0x0000021ef5a78800 nmethod 2216 0x0000021edf1cbc90 code [0x0000021edf1cbfc0, 0x0000021edf1cd338]
Event: 5.092 Thread 0x0000021ef5a78800 2217       3       org.gradle.internal.service.DefaultServiceRegistry$FactoryMethodService::getParameterTypes (10 bytes)
Event: 5.092 Thread 0x0000021ef5a78800 nmethod 2217 0x0000021edf1cd910 code [0x0000021edf1cdac0, 0x0000021edf1cdc98]
Event: 5.096 Thread 0x0000021ef82cc800 2218       4       java.util.ArrayDeque::pollFirst (36 bytes)
Event: 5.098 Thread 0x0000021ef82cc800 nmethod 2218 0x0000021ee63f9710 code [0x0000021ee63f98a0, 0x0000021ee63f9998]
Event: 5.101 Thread 0x0000021ef5a78800 2219       3       com.google.common.cache.LocalCache::evictsBySize (15 bytes)
Event: 5.101 Thread 0x0000021ef5a78800 nmethod 2219 0x0000021edf1cdd90 code [0x0000021edf1cdf40, 0x0000021edf1ce0b8]
Event: 5.104 Thread 0x0000021ef82cc800 2220       4       java.lang.Class::cast (27 bytes)
Event: 5.106 Thread 0x0000021ef82cc800 nmethod 2220 0x0000021ee63f9a90 code [0x0000021ee63f9c20, 0x0000021ee63f9d18]

GC Heap History (6 events):
Event: 0.861 GC heap before
{Heap before GC invocations=0 (full 0):
 garbage-first heap   total 131072K, used 29696K [0x0000000080000000, 0x0000000100000000)
  region size 1024K, 24 young (24576K), 0 survivors (0K)
 Metaspace       used 10464K, capacity 10677K, committed 11008K, reserved 1058816K
  class space    used 1097K, capacity 1195K, committed 1280K, reserved 1048576K
}
Event: 0.867 GC heap after
{Heap after GC invocations=1 (full 0):
 garbage-first heap   total 131072K, used 8708K [0x0000000080000000, 0x0000000100000000)
  region size 1024K, 3 young (3072K), 3 survivors (3072K)
 Metaspace       used 10464K, capacity 10677K, committed 11008K, reserved 1058816K
  class space    used 1097K, capacity 1195K, committed 1280K, reserved 1048576K
}
Event: 3.908 GC heap before
{Heap before GC invocations=1 (full 0):
 garbage-first heap   total 131072K, used 82436K [0x0000000080000000, 0x0000000100000000)
  region size 1024K, 76 young (77824K), 3 survivors (3072K)
 Metaspace       used 18907K, capacity 19410K, committed 19712K, reserved 1067008K
  class space    used 2285K, capacity 2458K, committed 2560K, reserved 1048576K
}
Event: 3.916 GC heap after
{Heap after GC invocations=2 (full 0):
 garbage-first heap   total 131072K, used 15617K [0x0000000080000000, 0x0000000100000000)
  region size 1024K, 10 young (10240K), 10 survivors (10240K)
 Metaspace       used 18907K, capacity 19410K, committed 19712K, reserved 1067008K
  class space    used 2285K, capacity 2458K, committed 2560K, reserved 1048576K
}
Event: 4.212 GC heap before
{Heap before GC invocations=2 (full 0):
 garbage-first heap   total 131072K, used 28929K [0x0000000080000000, 0x0000000100000000)
  region size 1024K, 24 young (24576K), 10 survivors (10240K)
 Metaspace       used 20664K, capacity 21115K, committed 21248K, reserved 1067008K
  class space    used 2538K, capacity 2712K, committed 2816K, reserved 1048576K
}
Event: 4.237 GC heap after
{Heap after GC invocations=3 (full 0):
 garbage-first heap   total 131072K, used 16447K [0x0000000080000000, 0x0000000100000000)
  region size 1024K, 1 young (1024K), 1 survivors (1024K)
 Metaspace       used 20664K, capacity 21115K, committed 21248K, reserved 1067008K
  class space    used 2538K, capacity 2712K, committed 2816K, reserved 1048576K
}

Deoptimization events (20 events):
Event: 4.641 Thread 0x0000021ef7b41000 DEOPT PACKING pc=0x0000021ee63430a0 sp=0x000000ea911fa1d0
Event: 4.641 Thread 0x0000021ef7b41000 DEOPT UNPACKING pc=0x0000021ede8574af sp=0x000000ea911fa1a0 mode 2
Event: 4.663 Thread 0x0000021ef7b41000 DEOPT PACKING pc=0x0000021edee8071b sp=0x000000ea911fae70
Event: 4.663 Thread 0x0000021ef7b41000 DEOPT UNPACKING pc=0x0000021ede8572ce sp=0x000000ea911fa3b0 mode 0
Event: 4.760 Thread 0x0000021ef7b41000 Uncommon trap: trap_request=0xffffff4d fr.pc=0x0000021ee634f57c relative=0x000000000000023c
Event: 4.760 Thread 0x0000021ef7b41000 Uncommon trap: reason=unstable_if action=reinterpret pc=0x0000021ee634f57c method=java.util.concurrent.ConcurrentHashMap.get(Ljava/lang/Object;)Ljava/lang/Object; @ 76 c2
Event: 4.760 Thread 0x0000021ef7b41000 DEOPT PACKING pc=0x0000021ee634f57c sp=0x000000ea911f8e50
Event: 4.760 Thread 0x0000021ef7b41000 DEOPT UNPACKING pc=0x0000021ede8574af sp=0x000000ea911f8db8 mode 2
Event: 5.005 Thread 0x0000021ef7b41000 Uncommon trap: trap_request=0xffffff7e fr.pc=0x0000021ee63d75b0 relative=0x0000000000000150
Event: 5.005 Thread 0x0000021ef7b41000 Uncommon trap: reason=predicate action=maybe_recompile pc=0x0000021ee63d75b0 method=com.google.common.base.CharMatcher.indexIn(Ljava/lang/CharSequence;I)I @ 19 c2
Event: 5.005 Thread 0x0000021ef7b41000 DEOPT PACKING pc=0x0000021ee63d75b0 sp=0x000000ea911fbea0
Event: 5.005 Thread 0x0000021ef7b41000 DEOPT UNPACKING pc=0x0000021ede8574af sp=0x000000ea911fbe30 mode 2
Event: 5.025 Thread 0x0000021ef7b41000 Uncommon trap: trap_request=0xffffffde fr.pc=0x0000021ee6378fa8 relative=0x00000000000002e8
Event: 5.025 Thread 0x0000021ef7b41000 Uncommon trap: reason=class_check action=maybe_recompile pc=0x0000021ee6378fa8 method=java.util.Collections$SetFromMap.remove(Ljava/lang/Object;)Z @ 5 c2
Event: 5.025 Thread 0x0000021ef7b41000 DEOPT PACKING pc=0x0000021ee6378fa8 sp=0x000000ea911fc8d0
Event: 5.025 Thread 0x0000021ef7b41000 DEOPT UNPACKING pc=0x0000021ede8574af sp=0x000000ea911fc8c8 mode 2
Event: 5.025 Thread 0x0000021ef7b41000 Uncommon trap: trap_request=0xffffffde fr.pc=0x0000021ee6378fa8 relative=0x00000000000002e8
Event: 5.025 Thread 0x0000021ef7b41000 Uncommon trap: reason=class_check action=maybe_recompile pc=0x0000021ee6378fa8 method=java.util.Collections$SetFromMap.remove(Ljava/lang/Object;)Z @ 5 c2
Event: 5.025 Thread 0x0000021ef7b41000 DEOPT PACKING pc=0x0000021ee6378fa8 sp=0x000000ea911fc850
Event: 5.025 Thread 0x0000021ef7b41000 DEOPT UNPACKING pc=0x0000021ede8574af sp=0x000000ea911fc848 mode 2

Classes redefined (0 events):
No events

Internal exceptions (20 events):
Event: 3.681 Thread 0x0000021ef7b7c800 Exception <a 'java/lang/NoSuchMethodError'{0x00000000845f89a0}: <clinit>> (0x00000000845f89a0) thrown at [./src/hotspot/share/prims/jni.cpp, line 1362]
Event: 3.734 Thread 0x0000021ef7b41000 Exception <a 'java/lang/NoSuchMethodError'{0x000000008419c598}: 'void java.lang.invoke.DelegatingMethodHandle$Holder.reinvoke_L(java.lang.Object, java.lang.Object, java.lang.Object, java.lang.Object)'> (0x000000008419c598) thrown at [./src/hotspot/share/interpreter/linkResolver.cpp, line 773]
Event: 3.740 Thread 0x0000021ef7b41000 Exception <a 'java/lang/NoSuchMethodError'{0x00000000841d3578}: 'long java.lang.invoke.DirectMethodHandle$Holder.invokeInterface(java.lang.Object, java.lang.Object)'> (0x00000000841d3578) thrown at [./src/hotspot/share/interpreter/linkResolver.cpp, line 773]
Event: 3.742 Thread 0x0000021ef7b41000 Exception <a 'java/lang/NoSuchMethodError'{0x00000000841f4fc0}: 'void java.lang.invoke.DelegatingMethodHandle$Holder.reinvoke_L(java.lang.Object, java.lang.Object, java.lang.Object, java.lang.Object, java.lang.Object, java.lang.Object, java.lang.Object)'> (0x00000000841f4fc0) thrown at [./src/hotspot/share/interpreter/linkResolver.cpp, line 773]
Event: 3.928 Thread 0x0000021ef7b41000 Exception <a 'java/lang/NoSuchMethodError'{0x0000000087e81370}: 'java.lang.Object java.lang.invoke.DirectMethodHandle$Holder.invokeVirtual(java.lang.Object, java.lang.Object, java.lang.Object)'> (0x0000000087e81370) thrown at [./src/hotspot/share/interpreter/linkResolver.cpp, line 773]
Event: 3.959 Thread 0x0000021ef7b41000 Exception <a 'java/lang/NoSuchMethodError'{0x0000000087a48560}: 'void java.lang.invoke.DirectMethodHandle$Holder.invokeStaticInit(java.lang.Object)'> (0x0000000087a48560) thrown at [./src/hotspot/share/interpreter/linkResolver.cpp, line 773]
Event: 4.165 Thread 0x0000021ef7b41000 Exception <a 'java/lang/NoSuchMethodError'{0x00000000874d5b20}: 'int java.lang.invoke.DirectMethodHandle$Holder.invokeSpecialIFC(java.lang.Object, java.lang.Object, java.lang.Object, java.lang.Object)'> (0x00000000874d5b20) thrown at [./src/hotspot/share/interpreter/linkResolver.cpp, line 773]
Event: 4.170 Thread 0x0000021ef7b41000 Exception <a 'java/lang/NoSuchMethodError'{0x00000000874e38e0}: 'java.lang.Object java.lang.invoke.DirectMethodHandle$Holder.invokeInterface(java.lang.Object, java.lang.Object, java.lang.Object)'> (0x00000000874e38e0) thrown at [./src/hotspot/share/interpreter/linkResolver.cpp, line 773]
Event: 4.171 Thread 0x0000021ef7b41000 Exception <a 'java/lang/IncompatibleClassChangeError'{0x00000000874e6db8}: Found class java.lang.Object, but interface was expected> (0x00000000874e6db8) thrown at [./src/hotspot/share/interpreter/linkResolver.cpp, line 839]
Event: 4.378 Thread 0x0000021ef7b41000 Exception <a 'java/lang/NoSuchMethodError'{0x0000000087c8c060}: 'void java.lang.invoke.DirectMethodHandle$Holder.invokeSpecial(java.lang.Object, java.lang.Object)'> (0x0000000087c8c060) thrown at [./src/hotspot/share/interpreter/linkResolver.cpp, line 773]
Event: 4.615 Thread 0x0000021ef7b41000 Exception <a 'java/lang/NoSuchMethodError'{0x000000008723bf28}: 'java.lang.Object java.lang.invoke.DirectMethodHandle$Holder.invokeVirtual(java.lang.Object, java.lang.Object, java.lang.Object, java.lang.Object)'> (0x000000008723bf28) thrown at [./src/hotspot/share/interpreter/linkResolver.cpp, line 773]
Event: 4.788 Thread 0x0000021ef7b41000 Exception <a 'java/lang/NoSuchMethodError'{0x00000000865f8048}: 'void java.lang.invoke.DirectMethodHandle$Holder.invokeSpecial(java.lang.Object, java.lang.Object, java.lang.Object, java.lang.Object, java.lang.Object, java.lang.Object)'> (0x00000000865f8048) thrown at [./src/hotspot/share/interpreter/linkResolver.cpp, line 773]
Event: 4.813 Thread 0x0000021ef7b41000 Exception <a 'java/lang/NoSuchMethodError'{0x00000000863a3ce8}: 'java.lang.Object java.lang.invoke.Invokers$Holder.invoker(java.lang.Object, java.lang.Object, java.lang.Object)'> (0x00000000863a3ce8) thrown at [./src/hotspot/share/interpreter/linkResolver.cpp, line 773]
Event: 4.833 Thread 0x0000021ef7b41000 Exception <a 'java/lang/NoSuchMethodError'{0x00000000862a4f90}: 'void java.lang.invoke.DirectMethodHandle$Holder.invokeSpecial(java.lang.Object, java.lang.Object, java.lang.Object, java.lang.Object, java.lang.Object, java.lang.Object, java.lang.Object)'> (0x00000000862a4f90) thrown at [./src/hotspot/share/interpreter/linkResolver.cpp, line 773]
Event: 4.834 Thread 0x0000021ef7b41000 Exception <a 'java/lang/NoSuchMethodError'{0x00000000862ad1d8}: 'java.lang.Object java.lang.invoke.Invokers$Holder.linkToTargetMethod(java.lang.Object, java.lang.Object, java.lang.Object, java.lang.Object, java.lang.Object, java.lang.Object)'> (0x00000000862ad1d8) thrown at [./src/hotspot/share/interpreter/linkResolver.cpp, line 773]
Event: 4.848 Thread 0x0000021ef7b41000 Exception <a 'java/lang/NoSuchMethodError'{0x00000000861d2720}: 'java.lang.Object java.lang.invoke.DirectMethodHandle$Holder.invokeVirtual(java.lang.Object, java.lang.Object, java.lang.Object, java.lang.Object, java.lang.Object, java.lang.Object, java.lang.Object, java.lang.Object, java.lang.Object, java.lang.Object, java.lang.Object, java.lang.Object, java.lang.Object, java.lang.Object, java.lang.Object, java.lang.Object, java.lang.Object)'> (0x00000000861d2720) thrown at [./src/hotspot/share/interpreter/
Event: 4.850 Thread 0x0000021ef7b41000 Exception <a 'java/lang/NoSuchMethodError'{0x00000000860035f8}: 'java.lang.Object java.lang.invoke.DirectMethodHandle$Holder.invokeSpecial(java.lang.Object, java.lang.Object, java.lang.Object, java.lang.Object, java.lang.Object, java.lang.Object, java.lang.Object, java.lang.Object, java.lang.Object)'> (0x00000000860035f8) thrown at [./src/hotspot/share/interpreter/linkResolver.cpp, line 773]
Event: 5.021 Thread 0x0000021ef7b41000 Exception <a 'java/lang/NoSuchMethodError'{0x0000000085733938}: 'java.lang.Object java.lang.invoke.DirectMethodHandle$Holder.invokeStatic(java.lang.Object, java.lang.Object, java.lang.Object, int, java.lang.Object, java.lang.Object)'> (0x0000000085733938) thrown at [./src/hotspot/share/interpreter/linkResolver.cpp, line 773]
Event: 5.022 Thread 0x0000021ef7b41000 Exception <a 'java/lang/NoSuchMethodError'{0x000000008573aca0}: 'java.lang.Object java.lang.invoke.Invokers$Holder.linkToTargetMethod(java.lang.Object, java.lang.Object, int, java.lang.Object, java.lang.Object, java.lang.Object)'> (0x000000008573aca0) thrown at [./src/hotspot/share/interpreter/linkResolver.cpp, line 773]
Event: 5.047 Thread 0x0000021ef7b41000 Exception <a 'java/lang/NoSuchMethodError'{0x00000000856c9fa8}: 'void java.lang.invoke.DirectMethodHandle$Holder.invokeSpecial(java.lang.Object, java.lang.Object, java.lang.Object, java.lang.Object)'> (0x00000000856c9fa8) thrown at [./src/hotspot/share/interpreter/linkResolver.cpp, line 773]

Events (20 events):
Event: 5.109 loading class org/gradle/model/internal/manage/schema/CollectionSchema
Event: 5.109 loading class org/gradle/model/internal/manage/schema/CollectionSchema done
Event: 5.109 loading class org/gradle/model/internal/manage/schema/ManagedImplSchema
Event: 5.109 loading class org/gradle/model/internal/manage/schema/ManagedImplSchema done
Event: 5.110 loading class org/gradle/model/internal/manage/schema/AbstractModelSchema
Event: 5.110 loading class org/gradle/model/internal/manage/schema/AbstractModelSchema done
Event: 5.110 loading class org/gradle/model/internal/manage/schema/ModelSetSchema
Event: 5.110 loading class org/gradle/model/internal/manage/schema/ModelSetSchema done
Event: 5.111 loading class org/gradle/model/internal/manage/schema/CompositeSchema
Event: 5.111 loading class org/gradle/model/internal/manage/schema/CompositeSchema done
Event: 5.111 loading class org/gradle/model/internal/type/ModelType$Simple
Event: 5.111 loading class org/gradle/model/internal/type/ModelType$Simple done
Event: 5.112 loading class org/gradle/model/internal/type/TypeWrapper
Event: 5.112 loading class org/gradle/model/internal/type/TypeWrapper done
Event: 5.112 loading class org/gradle/model/internal/type/ClassTypeWrapper
Event: 5.112 loading class org/gradle/model/internal/type/ClassTypeWrapper done
Event: 5.113 loading class org/gradle/model/internal/type/ModelType$1
Event: 5.113 loading class org/gradle/model/internal/type/ModelType$1 done
Event: 5.113 loading class com/google/common/reflect/TypeToken
Event: 5.113 loading class com/google/common/reflect/TypeToken done


Dynamic libraries:
0x00007ff62fc40000 - 0x00007ff62fc4a000 	C:\Program Files\Android\Android Studio1\jre\bin\java.exe
0x00007ffa0fb90000 - 0x00007ffa0fd85000 	C:\WINDOWS\SYSTEM32\ntdll.dll
0x00007ffa0ef40000 - 0x00007ffa0effd000 	C:\WINDOWS\System32\KERNEL32.DLL
0x00007ffa0d6f0000 - 0x00007ffa0d9b9000 	C:\WINDOWS\System32\KERNELBASE.dll
0x00007ffa0a870000 - 0x00007ffa0a900000 	C:\WINDOWS\SYSTEM32\apphelp.dll
0x00007ffa0d550000 - 0x00007ffa0d650000 	C:\WINDOWS\System32\ucrtbase.dll
0x00007ffa075b0000 - 0x00007ffa075c7000 	C:\Program Files\Android\Android Studio1\jre\bin\VCRUNTIME140.dll
0x00007ffa07590000 - 0x00007ffa075a9000 	C:\Program Files\Android\Android Studio1\jre\bin\jli.dll
0x00007ffa0dcf0000 - 0x00007ffa0de90000 	C:\WINDOWS\System32\USER32.dll
0x00007ffa0d2d0000 - 0x00007ffa0d2f2000 	C:\WINDOWS\System32\win32u.dll
0x00007ffa0ea80000 - 0x00007ffa0eaaa000 	C:\WINDOWS\System32\GDI32.dll
0x00007ff9f9df0000 - 0x00007ff9fa08a000 	C:\WINDOWS\WinSxS\amd64_microsoft.windows.common-controls_6595b64144ccf1df_6.0.19041.1110_none_60b5254171f9507e\COMCTL32.dll
0x00007ffa0f010000 - 0x00007ffa0f0ae000 	C:\WINDOWS\System32\msvcrt.dll
0x00007ffa0d360000 - 0x00007ffa0d46b000 	C:\WINDOWS\System32\gdi32full.dll
0x00007ffa0d650000 - 0x00007ffa0d6ed000 	C:\WINDOWS\System32\msvcp_win.dll
0x00007ffa0ee60000 - 0x00007ffa0ee90000 	C:\WINDOWS\System32\IMM32.DLL
0x00007ff9ffef0000 - 0x00007ff9fff8d000 	C:\Program Files\Android\Android Studio1\jre\bin\msvcp140.dll
0x00007ff9c7100000 - 0x00007ff9c7bbc000 	C:\Program Files\Android\Android Studio1\jre\bin\server\jvm.dll
0x00007ffa0ee90000 - 0x00007ffa0ef3c000 	C:\WINDOWS\System32\ADVAPI32.dll
0x00007ffa0e7b0000 - 0x00007ffa0e84b000 	C:\WINDOWS\System32\sechost.dll
0x00007ffa0e210000 - 0x00007ffa0e33a000 	C:\WINDOWS\System32\RPCRT4.dll
0x00007ffa0ed10000 - 0x00007ffa0ed18000 	C:\WINDOWS\System32\PSAPI.DLL
0x00007ffa07530000 - 0x00007ffa07539000 	C:\WINDOWS\SYSTEM32\WSOCK32.dll
0x00007ffa02310000 - 0x00007ffa02337000 	C:\WINDOWS\SYSTEM32\WINMM.dll
0x00007ffa0e9a0000 - 0x00007ffa0ea0b000 	C:\WINDOWS\System32\WS2_32.dll
0x00007ffa04a60000 - 0x00007ffa04a6a000 	C:\WINDOWS\SYSTEM32\VERSION.dll
0x00007ffa0bb90000 - 0x00007ffa0bba2000 	C:\WINDOWS\SYSTEM32\kernel.appcore.dll
0x00007ffa06580000 - 0x00007ffa06591000 	C:\Program Files\Android\Android Studio1\jre\bin\verify.dll
0x00007ffa0afb0000 - 0x00007ffa0b194000 	C:\WINDOWS\SYSTEM32\DBGHELP.DLL
0x00007ff9fbe70000 - 0x00007ff9fbe9c000 	C:\WINDOWS\SYSTEM32\dbgcore.DLL
0x00007ffa0d4c0000 - 0x00007ffa0d543000 	C:\WINDOWS\System32\bcryptPrimitives.dll
0x00007ff9ffae0000 - 0x00007ff9ffb09000 	C:\Program Files\Android\Android Studio1\jre\bin\java.dll
0x00007ffa08670000 - 0x00007ffa0867b000 	C:\Program Files\Android\Android Studio1\jre\bin\jimage.dll
0x00007ffa03e30000 - 0x00007ffa03e48000 	C:\Program Files\Android\Android Studio1\jre\bin\zip.dll
0x00007ffa0f0b0000 - 0x00007ffa0f7ef000 	C:\WINDOWS\System32\SHELL32.dll
0x00007ffa0b3e0000 - 0x00007ffa0bb71000 	C:\WINDOWS\SYSTEM32\windows.storage.dll
0x00007ffa0f7f0000 - 0x00007ffa0fb45000 	C:\WINDOWS\System32\combase.dll
0x00007ffa0cd40000 - 0x00007ffa0cd6c000 	C:\WINDOWS\SYSTEM32\Wldp.dll
0x00007ffa0de90000 - 0x00007ffa0df3e000 	C:\WINDOWS\System32\SHCORE.dll
0x00007ffa0ea10000 - 0x00007ffa0ea65000 	C:\WINDOWS\System32\shlwapi.dll
0x00007ffa0d210000 - 0x00007ffa0d22f000 	C:\WINDOWS\SYSTEM32\profapi.dll
0x00007ff9ff3f0000 - 0x00007ff9ff40a000 	C:\Program Files\Android\Android Studio1\jre\bin\net.dll
0x00007ffa014f0000 - 0x00007ffa015fa000 	C:\WINDOWS\SYSTEM32\WINHTTP.dll
0x00007ffa0ca30000 - 0x00007ffa0ca9a000 	C:\WINDOWS\system32\mswsock.dll
0x00007ff9ff3d0000 - 0x00007ff9ff3e4000 	C:\Program Files\Android\Android Studio1\jre\bin\nio.dll
0x00007ff9f0e50000 - 0x00007ff9f0e77000 	C:\Users\Dark Knight\.gradle\native\fdc75f09e3144964f2cf3f50f0aa648679c211496f362492102eb8c894070792\windows-amd64\native-platform.dll
0x00007ff9d37f0000 - 0x00007ff9d3986000 	C:\Users\Dark Knight\.gradle\native\12488b8bf47d2d4c9fbf2f6322a914ad602e24e48041cd04a747c6da556b65c4\windows-amd64\native-platform-file-events.dll
0x00007ffa05b60000 - 0x00007ffa05b6a000 	C:\Program Files\Android\Android Studio1\jre\bin\management.dll
0x00007ffa01600000 - 0x00007ffa0160c000 	C:\Program Files\Android\Android Studio1\jre\bin\management_ext.dll
0x00007ffa0cc40000 - 0x00007ffa0cc58000 	C:\WINDOWS\SYSTEM32\CRYPTSP.dll
0x00007ffa0c370000 - 0x00007ffa0c3a4000 	C:\WINDOWS\system32\rsaenh.dll
0x00007ffa0da70000 - 0x00007ffa0da97000 	C:\WINDOWS\System32\bcrypt.dll
0x00007ffa0d1d0000 - 0x00007ffa0d1fe000 	C:\WINDOWS\SYSTEM32\USERENV.dll
0x00007ffa0cc30000 - 0x00007ffa0cc3c000 	C:\WINDOWS\SYSTEM32\CRYPTBASE.dll
0x00007ffa0c720000 - 0x00007ffa0c75b000 	C:\WINDOWS\SYSTEM32\IPHLPAPI.DLL
0x00007ffa0f000000 - 0x00007ffa0f008000 	C:\WINDOWS\System32\NSI.dll
0x00007ffa034e0000 - 0x00007ffa034f7000 	C:\WINDOWS\SYSTEM32\dhcpcsvc6.DLL
0x00007ffa03da0000 - 0x00007ffa03dbd000 	C:\WINDOWS\SYSTEM32\dhcpcsvc.DLL
0x00007ffa0c760000 - 0x00007ffa0c82c000 	C:\WINDOWS\SYSTEM32\DNSAPI.dll
0x00007ffa04a70000 - 0x00007ffa04a7b000 	C:\WINDOWS\SYSTEM32\WINNSI.DLL

dbghelp: loaded successfully - version: 4.0.5 - missing functions: none
symbol engine: initialized successfully - sym options: 0x614 - pdb path: .;C:\Program Files\Android\Android Studio1\jre\bin;C:\WINDOWS\SYSTEM32;C:\WINDOWS\WinSxS\amd64_microsoft.windows.common-controls_6595b64144ccf1df_6.0.19041.1110_none_60b5254171f9507e;C:\Program Files\Android\Android Studio1\jre\bin\server;C:\Users\Dark Knight\.gradle\native\fdc75f09e3144964f2cf3f50f0aa648679c211496f362492102eb8c894070792\windows-amd64;C:\Users\Dark Knight\.gradle\native\12488b8bf47d2d4c9fbf2f6322a914ad602e24e48041cd04a747c6da556b65c4\windows-amd64

VM Arguments:
jvm_args: --add-opens=java.base/java.util=ALL-UNNAMED --add-opens=java.base/java.lang=ALL-UNNAMED --add-opens=java.base/java.lang.invoke=ALL-UNNAMED --add-opens=java.prefs/java.util.prefs=ALL-UNNAMED -Xmx2048m -Dfile.encoding=UTF-8 -Duser.country=IN -Duser.language=en -Duser.variant 
java_command: org.gradle.launcher.daemon.bootstrap.GradleDaemon 6.7.1
java_class_path (initial): C:\Users\Dark Knight\.gradle\wrapper\dists\gradle-6.7.1-bin\bwlcbys1h7rz3272sye1xwiv6\gradle-6.7.1\lib\gradle-launcher-6.7.1.jar
Launcher Type: SUN_STANDARD

[Global flags]
     intx CICompilerCount                          = 4                                         {product} {ergonomic}
     uint ConcGCThreads                            = 2                                         {product} {ergonomic}
     uint G1ConcRefinementThreads                  = 8                                         {product} {ergonomic}
   size_t G1HeapRegionSize                         = 1048576                                   {product} {ergonomic}
    uintx GCDrainStackTargetSize                   = 64                                        {product} {ergonomic}
   size_t InitialHeapSize                          = 134217728                                 {product} {ergonomic}
   size_t MarkStackSize                            = 4194304                                   {product} {ergonomic}
   size_t MaxHeapSize                              = 2147483648                                {product} {command line}
   size_t MaxNewSize                               = 1287651328                                {product} {ergonomic}
   size_t MinHeapDeltaBytes                        = 1048576                                   {product} {ergonomic}
    uintx NonNMethodCodeHeapSize                   = 5836300                                {pd product} {ergonomic}
    uintx NonProfiledCodeHeapSize                  = 122910970                              {pd product} {ergonomic}
    uintx ProfiledCodeHeapSize                     = 122910970                              {pd product} {ergonomic}
    uintx ReservedCodeCacheSize                    = 251658240                              {pd product} {ergonomic}
     bool SegmentedCodeCache                       = true                                      {product} {ergonomic}
     bool UseCompressedClassPointers               = true                                 {lp64_product} {ergonomic}
     bool UseCompressedOops                        = true                                 {lp64_product} {ergonomic}
     bool UseG1GC                                  = true                                      {product} {ergonomic}
     bool UseLargePagesIndividualAllocation        = false                                  {pd product} {ergonomic}

Logging:
Log output configuration:
 #0: stdout all=warning uptime,level,tags
 #1: stderr all=off uptime,level,tags

Environment Variables:
PATH=C:\Windows\system32;C:\Windows;C:\Windows\System32\Wbem;C:\Windows\System32\WindowsPowerShell\v1.0\;C:\Windows\System32\OpenSSH\;C:\Program Files (x86)\NVIDIA Corporation\PhysX\Common;C:\Program Files\NVIDIA Corporation\NVIDIA NvDLISR;C:\WINDOWS\system32;C:\WINDOWS;C:\WINDOWS\System32\Wbem;C:\WINDOWS\System32\WindowsPowerShell\v1.0\;C:\WINDOWS\System32\OpenSSH\;C:\MinGW\bin;C:\Program Files\MEGA-X;C:\WINDOWS\system32;C:\WINDOWS;C:\WINDOWS\System32\Wbem;C:\WINDOWS\System32\WindowsPowerShell\v1.0\;C:\WINDOWS\System32\OpenSSH\;C:\Program Files\Git\cmd;C:\Users\Dark Knight\AppData\Local\Microsoft\WindowsApps;C:\Users\Dark Knight\AppData\Local\atom\bin;C:\MinGW\bin;C:\Program Files (x86)\Microsoft Visual Studio\2019\BuildTools\MSBuild\Current\Bin;C:\Users\Dark Knight\AppData\Local\Microsoft\WindowsApps
USERNAME=Dark Knight
OS=Windows_NT
PROCESSOR_IDENTIFIER=Intel64 Family 6 Model 158 Stepping 10, GenuineIntel



---------------  S Y S T E M  ---------------

OS: Windows 10 , 64 bit Build 19041 (10.0.19041.1023)
OS uptime: 9 days 0:55 hours

CPU:total 8 (initial active 8) (4 cores per cpu, 2 threads per core) family 6 model 158 stepping 10, cmov, cx8, fxsr, mmx, sse, sse2, sse3, ssse3, sse4.1, sse4.2, popcnt, avx, avx2, aes, clmul, erms, 3dnowpref, lzcnt, ht, tsc, tscinvbit, bmi1, bmi2, adx, fma

Memory: 4k page, system-wide physical 8112M (942M free)
TotalPageFile size 12208M (AvailPageFile size 5M)
current process WorkingSet (physical memory assigned to process): 232M, peak: 232M
current process commit charge ("private bytes"): 300M, peak: 300M

vm_info: OpenJDK 64-Bit Server VM (11.0.8+10-b944.6842174) for windows-amd64 JRE (11.0.8+10-b944.6842174), built on Sep 19 2020 01:11:42 by "builder" with MS VC++ 14.0 (VS2015)

END.
