#
# There is insufficient memory for the Java Runtime Environment to continue.
# Native memory allocation (malloc) failed to allocate 565712 bytes for Chunk::new
# Possible reasons:
#   The system is out of physical RAM or swap space
#   The process is running with CompressedOops enabled, and the Java Heap may be blocking the growth of the native heap
# Possible solutions:
#   Reduce memory load on the system
#   Increase physical memory or swap space
#   Check if swap backing store is full
#   Decrease Java heap size (-Xmx/-Xms)
#   Decrease number of Java threads
#   Decrease Java thread stack sizes (-Xss)
#   Set larger code cache with -XX:ReservedCodeCacheSize=
#   JVM is running with Unscaled Compressed Oops mode in which the Java heap is
#     placed in the first 4GB address space. The Java Heap base address is the
#     maximum limit for the native heap growth. Please use -XX:HeapBaseMinAddress
#     to set the Java Heap base and to place the Java Heap above 4GB virtual address.
# This output file may be truncated or incomplete.
#
#  Out of Memory Error (./src/hotspot/share/memory/arena.cpp:197), pid=41796, tid=18616
#
# JRE version: OpenJDK Runtime Environment (11.0.8+10) (build 11.0.8+10-b944.6842174)
# Java VM: OpenJDK 64-Bit Server VM (11.0.8+10-b944.6842174, mixed mode, tiered, compressed oops, g1 gc, windows-amd64)
# No core dump will be written. Minidumps are not enabled by default on client versions of Windows
#

---------------  S U M M A R Y ------------

Command Line: --add-opens=java.base/java.util=ALL-UNNAMED --add-opens=java.base/java.lang=ALL-UNNAMED --add-opens=java.base/java.lang.invoke=ALL-UNNAMED --add-opens=java.prefs/java.util.prefs=ALL-UNNAMED -Xmx2048m -Dfile.encoding=UTF-8 -Duser.country=IN -Duser.language=en -Duser.variant org.gradle.launcher.daemon.bootstrap.GradleDaemon 6.7.1

Host: Intel(R) Core(TM) i5-9300H CPU @ 2.40GHz, 8 cores, 7G,  Windows 10 , 64 bit Build 19041 (10.0.19041.1023)
Time: Wed Jul 28 18:52:22 2021 India Standard Time elapsed time: 11 seconds (0d 0h 0m 11s)

---------------  T H R E A D  ---------------

Current thread (0x0000021a5db7e800):  JavaThread "C2 CompilerThread2" daemon [_thread_in_native, id=18616, stack(0x000000b12c900000,0x000000b12ca00000)]


Current CompileTask:
C2:  11898 3727       4       groovy.lang.MetaClassImpl$1MOPIter::methodNameAction (325 bytes)

Stack: [0x000000b12c900000,0x000000b12ca00000]
Native frames: (J=compiled Java code, j=interpreted, Vv=VM code, C=native code)
V  [jvm.dll+0x5de50a]
V  [jvm.dll+0x7122f5]
V  [jvm.dll+0x71384d]
V  [jvm.dll+0x713f03]
V  [jvm.dll+0x23e728]
V  [jvm.dll+0xb899c]
V  [jvm.dll+0xb8e9c]
V  [jvm.dll+0x1f6f41]
V  [jvm.dll+0x576955]
V  [jvm.dll+0x5756ee]
V  [jvm.dll+0x1f75a2]
V  [jvm.dll+0x1f68d4]
V  [jvm.dll+0x17f32c]
V  [jvm.dll+0x205047]
V  [jvm.dll+0x203891]
V  [jvm.dll+0x6dad3f]
V  [jvm.dll+0x6d3895]
V  [jvm.dll+0x5dd4a6]
C  [ucrtbase.dll+0x21bb2]
C  [KERNEL32.DLL+0x17034]
C  [ntdll.dll+0x52651]


---------------  P R O C E S S  ---------------

Threads class SMR info:
_java_thread_list=0x0000021a50b4a590, length=52, elements={
0x0000021a349eb000, 0x0000021a4f4d2000, 0x0000021a4f4dd800, 0x0000021a4fe62800,
0x0000021a4fe65800, 0x0000021a4fe67800, 0x0000021a4fe70800, 0x0000021a4fe73000,
0x0000021a4ffa8800, 0x0000021a4ffda800, 0x0000021a519ee800, 0x0000021a5162e000,
0x0000021a51388000, 0x0000021a510cb000, 0x0000021a519d1800, 0x0000021a51fc0800,
0x0000021a51fc2000, 0x0000021a51fc1000, 0x0000021a51fc3800, 0x0000021a51fc4800,
0x0000021a51fc5800, 0x0000021a51fbf800, 0x0000021a51fc6000, 0x0000021a53fe3800,
0x0000021a53fe2000, 0x0000021a53fe5800, 0x0000021a53fe4800, 0x0000021a53fe6000,
0x0000021a53fe3000, 0x0000021a53feb000, 0x0000021a53fe8800, 0x0000021a53fe9800,
0x0000021a53fea000, 0x0000021a53fec000, 0x0000021a53fec800, 0x0000021a53fe7000,
0x0000021a53fe8000, 0x0000021a53ff0000, 0x0000021a53fed800, 0x0000021a53fd3800,
0x0000021a53fd2000, 0x0000021a53fd5800, 0x0000021a53fd8800, 0x0000021a53fd6000,
0x0000021a53fd3000, 0x0000021a53fd9800, 0x0000021a53fda000, 0x0000021a5225f800,
0x0000021a53fd7000, 0x0000021a53fd4800, 0x0000021a53fe0000, 0x0000021a5db7e800
}

Java Threads: ( => current thread )
  0x0000021a349eb000 JavaThread "main" [_thread_blocked, id=24264, stack(0x000000b128700000,0x000000b128800000)]
  0x0000021a4f4d2000 JavaThread "Reference Handler" daemon [_thread_blocked, id=10156, stack(0x000000b128e00000,0x000000b128f00000)]
  0x0000021a4f4dd800 JavaThread "Finalizer" daemon [_thread_blocked, id=20256, stack(0x000000b128f00000,0x000000b129000000)]
  0x0000021a4fe62800 JavaThread "Signal Dispatcher" daemon [_thread_blocked, id=27780, stack(0x000000b129000000,0x000000b129100000)]
  0x0000021a4fe65800 JavaThread "Attach Listener" daemon [_thread_blocked, id=39872, stack(0x000000b129100000,0x000000b129200000)]
  0x0000021a4fe67800 JavaThread "C2 CompilerThread0" daemon [_thread_blocked, id=18000, stack(0x000000b129200000,0x000000b129300000)]
  0x0000021a4fe70800 JavaThread "C1 CompilerThread0" daemon [_thread_in_native, id=41316, stack(0x000000b129300000,0x000000b129400000)]
  0x0000021a4fe73000 JavaThread "Sweeper thread" daemon [_thread_blocked, id=26536, stack(0x000000b129400000,0x000000b129500000)]
  0x0000021a4ffa8800 JavaThread "Common-Cleaner" daemon [_thread_blocked, id=39460, stack(0x000000b129500000,0x000000b129600000)]
  0x0000021a4ffda800 JavaThread "Service Thread" daemon [_thread_blocked, id=25692, stack(0x000000b129600000,0x000000b129700000)]
  0x0000021a519ee800 JavaThread "Daemon health stats" [_thread_blocked, id=21784, stack(0x000000b129c00000,0x000000b129d00000)]
  0x0000021a5162e000 JavaThread "Incoming local TCP Connector on port 54382" [_thread_in_native, id=12824, stack(0x000000b129d00000,0x000000b129e00000)]
  0x0000021a51388000 JavaThread "Daemon periodic checks" [_thread_blocked, id=24040, stack(0x000000b129e00000,0x000000b129f00000)]
  0x0000021a510cb000 JavaThread "Daemon" [_thread_blocked, id=38204, stack(0x000000b129f00000,0x000000b12a000000)]
  0x0000021a519d1800 JavaThread "Daemon worker" [_thread_in_Java, id=8188, stack(0x000000b12a200000,0x000000b12a300000)]
  0x0000021a51fc0800 JavaThread "Cache worker for file hash cache (C:\Users\Dark Knight\.gradle\caches\6.7.1\fileHashes)" [_thread_blocked, id=17856, stack(0x000000b12ab00000,0x000000b12ac00000)]
  0x0000021a51fc2000 JavaThread "File lock request listener" [_thread_in_native, id=19264, stack(0x000000b12ac00000,0x000000b12ad00000)]
  0x0000021a51fc1000 JavaThread "Cache worker for journal cache (C:\Users\Dark Knight\.gradle\caches\journal-1)" [_thread_blocked, id=6028, stack(0x000000b12ae00000,0x000000b12af00000)]
  0x0000021a51fc3800 JavaThread "jar transforms" [_thread_blocked, id=2068, stack(0x000000b12b200000,0x000000b12b300000)]
  0x0000021a51fc4800 JavaThread "jar transforms Thread 2" [_thread_blocked, id=25268, stack(0x000000b12b300000,0x000000b12b400000)]
  0x0000021a51fc5800 JavaThread "jar transforms Thread 3" [_thread_blocked, id=33332, stack(0x000000b12b400000,0x000000b12b500000)]
  0x0000021a51fbf800 JavaThread "jar transforms Thread 4" [_thread_blocked, id=32468, stack(0x000000b12b500000,0x000000b12b600000)]
  0x0000021a51fc6000 JavaThread "jar transforms Thread 5" [_thread_blocked, id=39648, stack(0x000000b12b600000,0x000000b12b700000)]
  0x0000021a53fe3800 JavaThread "jar transforms Thread 6" [_thread_blocked, id=39512, stack(0x000000b12b700000,0x000000b12b800000)]
  0x0000021a53fe2000 JavaThread "jar transforms Thread 7" [_thread_blocked, id=34768, stack(0x000000b12b800000,0x000000b12b900000)]
  0x0000021a53fe5800 JavaThread "jar transforms Thread 8" [_thread_blocked, id=7684, stack(0x000000b12b900000,0x000000b12ba00000)]
  0x0000021a53fe4800 JavaThread "jar transforms Thread 9" [_thread_blocked, id=34068, stack(0x000000b12ba00000,0x000000b12bb00000)]
  0x0000021a53fe6000 JavaThread "jar transforms Thread 10" [_thread_blocked, id=32756, stack(0x000000b12bb00000,0x000000b12bc00000)]
  0x0000021a53fe3000 JavaThread "jar transforms Thread 11" [_thread_blocked, id=40360, stack(0x000000b12bc00000,0x000000b12bd00000)]
  0x0000021a53feb000 JavaThread "jar transforms Thread 12" [_thread_blocked, id=34308, stack(0x000000b12bd00000,0x000000b12be00000)]
  0x0000021a53fe8800 JavaThread "jar transforms Thread 13" [_thread_blocked, id=39844, stack(0x000000b12be00000,0x000000b12bf00000)]
  0x0000021a53fe9800 JavaThread "jar transforms Thread 14" [_thread_blocked, id=31512, stack(0x000000b12bf00000,0x000000b12c000000)]
  0x0000021a53fea000 JavaThread "jar transforms Thread 15" [_thread_blocked, id=39868, stack(0x000000b12c000000,0x000000b12c100000)]
  0x0000021a53fec000 JavaThread "jar transforms Thread 16" [_thread_blocked, id=37068, stack(0x000000b12c100000,0x000000b12c200000)]
  0x0000021a53fec800 JavaThread "jar transforms Thread 17" [_thread_blocked, id=41116, stack(0x000000b12c200000,0x000000b12c300000)]
  0x0000021a53fe7000 JavaThread "jar transforms Thread 18" [_thread_blocked, id=31548, stack(0x000000b12c300000,0x000000b12c400000)]
  0x0000021a53fe8000 JavaThread "jar transforms Thread 19" [_thread_blocked, id=36044, stack(0x000000b12c400000,0x000000b12c500000)]
  0x0000021a53ff0000 JavaThread "jar transforms Thread 20" [_thread_blocked, id=35576, stack(0x000000b12c500000,0x000000b12c600000)]
  0x0000021a53fed800 JavaThread "jar transforms Thread 21" [_thread_blocked, id=8876, stack(0x000000b12c600000,0x000000b12c700000)]
  0x0000021a53fd3800 JavaThread "Cache worker for execution history cache (C:\Users\Dark Knight\.gradle\caches\6.7.1\executionHistory)" [_thread_blocked, id=24580, stack(0x000000b12ca00000,0x000000b12cb00000)]
  0x0000021a53fd2000 JavaThread "Cache worker for file content cache (C:\Users\Dark Knight\.gradle\caches\6.7.1\fileContent)" [_thread_blocked, id=39016, stack(0x000000b12cb00000,0x000000b12cc00000)]
  0x0000021a53fd5800 JavaThread "Handler for socket connection from /127.0.0.1:54382 to /127.0.0.1:54414" [_thread_in_native, id=11872, stack(0x000000b12a000000,0x000000b12a100000)]
  0x0000021a53fd8800 JavaThread "Cancel handler" [_thread_blocked, id=34624, stack(0x000000b12a100000,0x000000b12a200000)]
  0x0000021a53fd6000 JavaThread "Asynchronous log dispatcher for DefaultDaemonConnection: socket connection from /127.0.0.1:54382 to /127.0.0.1:54414" [_thread_blocked, id=35260, stack(0x000000b12a300000,0x000000b12a400000)]
  0x0000021a53fd3000 JavaThread "Stdin handler" [_thread_blocked, id=23920, stack(0x000000b12a400000,0x000000b12a500000)]
  0x0000021a53fd9800 JavaThread "Thread-42" [_thread_blocked, id=24732, stack(0x000000b12a500000,0x000000b12a600000)]
  0x0000021a53fda000 JavaThread "Cache worker for file hash cache (C:\Android Projects\Udemy TUTORIAL\KidsDrawingApp\.gradle\6.7.1\fileHashes)" [_thread_blocked, id=28020, stack(0x000000b12af00000,0x000000b12b000000)]
  0x0000021a5225f800 JavaThread "C2 CompilerThread1" daemon [_thread_in_native, id=39420, stack(0x000000b12b000000,0x000000b12b100000)]
  0x0000021a53fd7000 JavaThread "Cache worker for checksums cache (C:\Android Projects\Udemy TUTORIAL\KidsDrawingApp\.gradle\checksums)" [_thread_blocked, id=39852, stack(0x000000b12b100000,0x000000b12b200000)]
  0x0000021a53fd4800 JavaThread "Cache worker for cache directory md-supplier (C:\Users\Dark Knight\.gradle\caches\6.7.1\md-supplier)" [_thread_blocked, id=33912, stack(0x000000b12c700000,0x000000b12c800000)]
  0x0000021a53fe0000 JavaThread "Cache worker for cache directory md-rule (C:\Users\Dark Knight\.gradle\caches\6.7.1\md-rule)" [_thread_blocked, id=27832, stack(0x000000b12c800000,0x000000b12c900000)]
=>0x0000021a5db7e800 JavaThread "C2 CompilerThread2" daemon [_thread_in_native, id=18616, stack(0x000000b12c900000,0x000000b12ca00000)]

Other Threads:
  0x0000021a4f4cb800 VMThread "VM Thread" [stack: 0x000000b128d00000,0x000000b128e00000] [id=26104]
  0x0000021a4ffdd000 WatcherThread [stack: 0x000000b129700000,0x000000b129800000] [id=23160]
  0x0000021a34a02800 GCTaskThread "GC Thread#0" [stack: 0x000000b128800000,0x000000b128900000] [id=39220]
  0x0000021a50fb9800 GCTaskThread "GC Thread#1" [stack: 0x000000b129a00000,0x000000b129b00000] [id=14396]
  0x0000021a5099c000 GCTaskThread "GC Thread#2" [stack: 0x000000b129b00000,0x000000b129c00000] [id=10292]
  0x0000021a5033c800 GCTaskThread "GC Thread#3" [stack: 0x000000b12a600000,0x000000b12a700000] [id=35440]
  0x0000021a5242a000 GCTaskThread "GC Thread#4" [stack: 0x000000b12a700000,0x000000b12a800000] [id=30500]
  0x0000021a518df000 GCTaskThread "GC Thread#5" [stack: 0x000000b12a800000,0x000000b12a900000] [id=17108]
  0x0000021a518d2000 GCTaskThread "GC Thread#6" [stack: 0x000000b12a900000,0x000000b12aa00000] [id=10340]
  0x0000021a51118000 GCTaskThread "GC Thread#7" [stack: 0x000000b12aa00000,0x000000b12ab00000] [id=33004]
  0x0000021a34a34000 ConcurrentGCThread "G1 Main Marker" [stack: 0x000000b128900000,0x000000b128a00000] [id=36248]
  0x0000021a34a36000 ConcurrentGCThread "G1 Conc#0" [stack: 0x000000b128a00000,0x000000b128b00000] [id=34464]
  0x0000021a51efd800 ConcurrentGCThread "G1 Conc#1" [stack: 0x000000b12ad00000,0x000000b12ae00000] [id=29444]
  0x0000021a34ac5000 ConcurrentGCThread "G1 Refine#0" [stack: 0x000000b128b00000,0x000000b128c00000] [id=36480]
  0x0000021a57194800 ConcurrentGCThread "G1 Refine#1" [stack: 0x000000b12cc00000,0x000000b12cd00000] [id=38076]
  0x0000021a4f320800 ConcurrentGCThread "G1 Young RemSet Sampling" [stack: 0x000000b128c00000,0x000000b128d00000] [id=2392]

Threads with active compile tasks:
C1 CompilerThread0  11933 3820       3       java.text.DecimalFormat::subformat (1238 bytes)
C2 CompilerThread1  11934 3801       4       java.util.zip.ZipFile$InflaterCleanupAction::run (12 bytes)
C2 CompilerThread2  11934 3727       4       groovy.lang.MetaClassImpl$1MOPIter::methodNameAction (325 bytes)

VM state:not at safepoint (normal execution)

VM Mutex/Monitor currently owned by a thread: None

OutOfMemory and StackOverflow Exception counts:
OutOfMemoryError java_heap_errors=2
LinkageErrors=105

Heap address: 0x0000000080000000, size: 2048 MB, Compressed Oops mode: 32-bit
Narrow klass base: 0x0000000000000000, Narrow klass shift: 3
Compressed class space size: 1073741824 Address: 0x0000000100000000

Heap:
 garbage-first heap   total 157696K, used 107139K [0x0000000080000000, 0x0000000100000000)
  region size 1024K, 40 young (40960K), 6 survivors (6144K)
 Metaspace       used 41032K, capacity 42043K, committed 42316K, reserved 1091584K
  class space    used 5240K, capacity 5624K, committed 5708K, reserved 1048576K
Heap Regions: E=young(eden), S=young(survivor), O=old, HS=humongous(starts), HC=humongous(continues), CS=collection set, F=free, A=archive, TAMS=top-at-mark-start (previous, next)
|   0|0x0000000080000000, 0x0000000080100000, 0x0000000080100000|100%| O|  |TAMS 0x0000000080100000, 0x0000000080000000| Untracked 
|   1|0x0000000080100000, 0x0000000080200000, 0x0000000080200000|100%| O|  |TAMS 0x0000000080200000, 0x0000000080100000| Untracked 
|   2|0x0000000080200000, 0x0000000080300000, 0x0000000080300000|100%| O|  |TAMS 0x0000000080300000, 0x0000000080200000| Untracked 
|   3|0x0000000080300000, 0x0000000080400000, 0x0000000080400000|100%|HS|  |TAMS 0x0000000080400000, 0x0000000080300000| Complete 
|   4|0x0000000080400000, 0x0000000080500000, 0x0000000080500000|100%|HC|  |TAMS 0x0000000080500000, 0x0000000080400000| Complete 
|   5|0x0000000080500000, 0x0000000080600000, 0x0000000080600000|100%|HC|  |TAMS 0x0000000080600000, 0x0000000080500000| Complete 
|   6|0x0000000080600000, 0x0000000080700000, 0x0000000080700000|100%| O|  |TAMS 0x0000000080700000, 0x0000000080600000| Untracked 
|   7|0x0000000080700000, 0x0000000080800000, 0x0000000080800000|100%| O|  |TAMS 0x0000000080800000, 0x0000000080700000| Untracked 
|   8|0x0000000080800000, 0x0000000080900000, 0x0000000080900000|100%| O|  |TAMS 0x0000000080900000, 0x0000000080800000| Untracked 
|   9|0x0000000080900000, 0x0000000080a00000, 0x0000000080a00000|100%| O|  |TAMS 0x0000000080a00000, 0x0000000080900000| Untracked 
|  10|0x0000000080a00000, 0x0000000080b00000, 0x0000000080b00000|100%| O|  |TAMS 0x0000000080b00000, 0x0000000080a00000| Untracked 
|  11|0x0000000080b00000, 0x0000000080c00000, 0x0000000080c00000|100%| O|  |TAMS 0x0000000080c00000, 0x0000000080b00000| Complete 
|  12|0x0000000080c00000, 0x0000000080d00000, 0x0000000080d00000|100%| O|  |TAMS 0x0000000080d00000, 0x0000000080c00000| Complete 
|  13|0x0000000080d00000, 0x0000000080e00000, 0x0000000080e00000|100%| O|  |TAMS 0x0000000080e00000, 0x0000000080d00000| Complete 
|  14|0x0000000080e00000, 0x0000000080f00000, 0x0000000080f00000|100%| O|  |TAMS 0x0000000080f00000, 0x0000000080e00000| Untracked 
|  15|0x0000000080f00000, 0x0000000081000000, 0x0000000081000000|100%| O|  |TAMS 0x0000000081000000, 0x0000000080f00000| Untracked 
|  16|0x0000000081000000, 0x0000000081100000, 0x0000000081100000|100%|HS|  |TAMS 0x0000000081100000, 0x0000000081000000| Complete 
|  17|0x0000000081100000, 0x0000000081200000, 0x0000000081200000|100%|HC|  |TAMS 0x0000000081200000, 0x0000000081100000| Complete 
|  18|0x0000000081200000, 0x0000000081300000, 0x0000000081300000|100%|HS|  |TAMS 0x0000000081300000, 0x0000000081200000| Complete 
|  19|0x0000000081300000, 0x0000000081400000, 0x0000000081400000|100%|HC|  |TAMS 0x0000000081400000, 0x0000000081300000| Complete 
|  20|0x0000000081400000, 0x0000000081500000, 0x0000000081500000|100%|HC|  |TAMS 0x0000000081500000, 0x0000000081400000| Complete 
|  21|0x0000000081500000, 0x0000000081600000, 0x0000000081600000|100%|HS|  |TAMS 0x0000000081600000, 0x0000000081500000| Complete 
|  22|0x0000000081600000, 0x0000000081700000, 0x0000000081700000|100%|HC|  |TAMS 0x0000000081700000, 0x0000000081600000| Complete 
|  23|0x0000000081700000, 0x0000000081800000, 0x0000000081800000|100%|HC|  |TAMS 0x0000000081800000, 0x0000000081700000| Complete 
|  24|0x0000000081800000, 0x0000000081900000, 0x0000000081900000|100%|HC|  |TAMS 0x0000000081900000, 0x0000000081800000| Complete 
|  25|0x0000000081900000, 0x0000000081a00000, 0x0000000081a00000|100%| O|  |TAMS 0x0000000081a00000, 0x0000000081900000| Untracked 
|  26|0x0000000081a00000, 0x0000000081b00000, 0x0000000081b00000|100%| O|  |TAMS 0x0000000081b00000, 0x0000000081a00000| Complete 
|  27|0x0000000081b00000, 0x0000000081c00000, 0x0000000081c00000|100%| O|  |TAMS 0x0000000081c00000, 0x0000000081b00000| Untracked 
|  28|0x0000000081c00000, 0x0000000081d00000, 0x0000000081d00000|100%| O|  |TAMS 0x0000000081d00000, 0x0000000081c00000| Untracked 
|  29|0x0000000081d00000, 0x0000000081dffff8, 0x0000000081e00000| 99%| O|  |TAMS 0x0000000081dffff8, 0x0000000081d00000| Untracked 
|  30|0x0000000081e00000, 0x0000000081f00000, 0x0000000081f00000|100%| O|  |TAMS 0x0000000081f00000, 0x0000000081e00000| Untracked 
|  31|0x0000000081f00000, 0x0000000082000000, 0x0000000082000000|100%| O|  |TAMS 0x0000000082000000, 0x0000000081f00000| Complete 
|  32|0x0000000082000000, 0x0000000082100000, 0x0000000082100000|100%|HS|  |TAMS 0x0000000082100000, 0x0000000082000000| Complete 
|  33|0x0000000082100000, 0x0000000082200000, 0x0000000082200000|100%|HC|  |TAMS 0x0000000082200000, 0x0000000082100000| Complete 
|  34|0x0000000082200000, 0x0000000082300000, 0x0000000082300000|100%|HC|  |TAMS 0x0000000082300000, 0x0000000082200000| Complete 
|  35|0x0000000082300000, 0x0000000082400000, 0x0000000082400000|100%|HC|  |TAMS 0x0000000082400000, 0x0000000082300000| Complete 
|  36|0x0000000082400000, 0x0000000082500000, 0x0000000082500000|100%|HS|  |TAMS 0x0000000082500000, 0x0000000082400000| Complete 
|  37|0x0000000082500000, 0x0000000082600000, 0x0000000082600000|100%|HC|  |TAMS 0x0000000082600000, 0x0000000082500000| Complete 
|  38|0x0000000082600000, 0x0000000082700000, 0x0000000082700000|100%|HC|  |TAMS 0x0000000082700000, 0x0000000082600000| Complete 
|  39|0x0000000082700000, 0x0000000082800000, 0x0000000082800000|100%| O|  |TAMS 0x0000000082800000, 0x0000000082700000| Complete 
|  40|0x0000000082800000, 0x0000000082900000, 0x0000000082900000|100%| O|  |TAMS 0x0000000082900000, 0x0000000082800000| Complete 
|  41|0x0000000082900000, 0x0000000082a00000, 0x0000000082a00000|100%| O|  |TAMS 0x0000000082a00000, 0x0000000082900000| Untracked 
|  42|0x0000000082a00000, 0x0000000082b00000, 0x0000000082b00000|100%| O|  |TAMS 0x0000000082b00000, 0x0000000082a00000| Untracked 
|  43|0x0000000082b00000, 0x0000000082c00000, 0x0000000082c00000|100%| O|  |TAMS 0x0000000082c00000, 0x0000000082b00000| Complete 
|  44|0x0000000082c00000, 0x0000000082d00000, 0x0000000082d00000|100%| O|  |TAMS 0x0000000082d00000, 0x0000000082c00000| Complete 
|  45|0x0000000082d00000, 0x0000000082e00000, 0x0000000082e00000|100%| O|  |TAMS 0x0000000082e00000, 0x0000000082d00000| Complete 
|  46|0x0000000082e00000, 0x0000000082f00000, 0x0000000082f00000|100%| O|  |TAMS 0x0000000082f00000, 0x0000000082e00000| Complete 
|  47|0x0000000082f00000, 0x0000000083000000, 0x0000000083000000|100%| O|  |TAMS 0x0000000083000000, 0x0000000082f00000| Untracked 
|  48|0x0000000083000000, 0x0000000083100000, 0x0000000083100000|100%| O|  |TAMS 0x0000000083100000, 0x0000000083000000| Untracked 
|  49|0x0000000083100000, 0x0000000083200000, 0x0000000083200000|100%| O|  |TAMS 0x0000000083200000, 0x0000000083100000| Untracked 
|  50|0x0000000083200000, 0x0000000083300000, 0x0000000083300000|100%| O|  |TAMS 0x0000000083300000, 0x0000000083200000| Complete 
|  51|0x0000000083300000, 0x0000000083400000, 0x0000000083400000|100%| O|  |TAMS 0x0000000083400000, 0x0000000083300000| Complete 
|  52|0x0000000083400000, 0x0000000083500000, 0x0000000083500000|100%| O|  |TAMS 0x0000000083500000, 0x0000000083400000| Complete 
|  53|0x0000000083500000, 0x0000000083600000, 0x0000000083600000|100%| O|  |TAMS 0x0000000083600000, 0x0000000083500000| Complete 
|  54|0x0000000083600000, 0x0000000083700000, 0x0000000083700000|100%| O|  |TAMS 0x0000000083700000, 0x0000000083600000| Complete 
|  55|0x0000000083700000, 0x0000000083800000, 0x0000000083800000|100%| O|  |TAMS 0x0000000083800000, 0x0000000083700000| Complete 
|  56|0x0000000083800000, 0x0000000083900000, 0x0000000083900000|100%| O|  |TAMS 0x0000000083900000, 0x0000000083800000| Complete 
|  57|0x0000000083900000, 0x0000000083a00000, 0x0000000083a00000|100%| O|  |TAMS 0x0000000083a00000, 0x0000000083900000| Complete 
|  58|0x0000000083a00000, 0x0000000083b00000, 0x0000000083b00000|100%| O|  |TAMS 0x0000000083b00000, 0x0000000083a00000| Complete 
|  59|0x0000000083b00000, 0x0000000083c00000, 0x0000000083c00000|100%| O|  |TAMS 0x0000000083c00000, 0x0000000083b00000| Untracked 
|  60|0x0000000083c00000, 0x0000000083d00000, 0x0000000083d00000|100%| O|  |TAMS 0x0000000083d00000, 0x0000000083c00000| Complete 
|  61|0x0000000083d00000, 0x0000000083e00000, 0x0000000083e00000|100%| O|  |TAMS 0x0000000083e00000, 0x0000000083d00000| Complete 
|  62|0x0000000083e00000, 0x0000000083ea0e00, 0x0000000083f00000| 62%| O|  |TAMS 0x0000000083ea0e00, 0x0000000083e00000| Untracked 
|  63|0x0000000083f00000, 0x0000000084000000, 0x0000000084000000|100%|HS|  |TAMS 0x0000000083f00000, 0x0000000083f00000| Complete 
|  64|0x0000000084000000, 0x0000000084100000, 0x0000000084100000|100%|HC|  |TAMS 0x0000000084000000, 0x0000000084000000| Complete 
|  65|0x0000000084100000, 0x0000000084200000, 0x0000000084200000|100%|HC|  |TAMS 0x0000000084100000, 0x0000000084100000| Complete 
|  66|0x0000000084200000, 0x0000000084200000, 0x0000000084300000|  0%| F|  |TAMS 0x0000000084200000, 0x0000000084200000| Untracked 
|  67|0x0000000084300000, 0x0000000084300000, 0x0000000084400000|  0%| F|  |TAMS 0x0000000084300000, 0x0000000084300000| Untracked 
|  68|0x0000000084400000, 0x0000000084400000, 0x0000000084500000|  0%| F|  |TAMS 0x0000000084400000, 0x0000000084400000| Untracked 
|  69|0x0000000084500000, 0x0000000084500000, 0x0000000084600000|  0%| F|  |TAMS 0x0000000084500000, 0x0000000084500000| Untracked 
|  70|0x0000000084600000, 0x0000000084600000, 0x0000000084700000|  0%| F|  |TAMS 0x0000000084600000, 0x0000000084600000| Untracked 
|  71|0x0000000084700000, 0x0000000084700000, 0x0000000084800000|  0%| F|  |TAMS 0x0000000084700000, 0x0000000084700000| Untracked 
|  72|0x0000000084800000, 0x0000000084800000, 0x0000000084900000|  0%| F|  |TAMS 0x0000000084800000, 0x0000000084800000| Untracked 
|  73|0x0000000084900000, 0x0000000084900000, 0x0000000084a00000|  0%| F|  |TAMS 0x0000000084900000, 0x0000000084900000| Untracked 
|  74|0x0000000084a00000, 0x0000000084a00000, 0x0000000084b00000|  0%| F|  |TAMS 0x0000000084a00000, 0x0000000084a00000| Untracked 
|  75|0x0000000084b00000, 0x0000000084b00000, 0x0000000084c00000|  0%| F|  |TAMS 0x0000000084b00000, 0x0000000084b00000| Untracked 
|  76|0x0000000084c00000, 0x0000000084c00000, 0x0000000084d00000|  0%| F|  |TAMS 0x0000000084c00000, 0x0000000084c00000| Untracked 
|  77|0x0000000084d00000, 0x0000000084d00000, 0x0000000084e00000|  0%| F|  |TAMS 0x0000000084d00000, 0x0000000084d00000| Untracked 
|  78|0x0000000084e00000, 0x0000000084e00000, 0x0000000084f00000|  0%| F|  |TAMS 0x0000000084e00000, 0x0000000084e00000| Untracked 
|  79|0x0000000084f00000, 0x0000000084f00000, 0x0000000085000000|  0%| F|  |TAMS 0x0000000084f00000, 0x0000000084f00000| Untracked 
|  80|0x0000000085000000, 0x0000000085000000, 0x0000000085100000|  0%| F|  |TAMS 0x0000000085000000, 0x0000000085000000| Untracked 
|  81|0x0000000085100000, 0x0000000085100000, 0x0000000085200000|  0%| F|  |TAMS 0x0000000085100000, 0x0000000085100000| Untracked 
|  82|0x0000000085200000, 0x0000000085200000, 0x0000000085300000|  0%| F|  |TAMS 0x0000000085200000, 0x0000000085200000| Untracked 
|  83|0x0000000085300000, 0x0000000085300000, 0x0000000085400000|  0%| F|  |TAMS 0x0000000085300000, 0x0000000085300000| Untracked 
|  84|0x0000000085400000, 0x0000000085400000, 0x0000000085500000|  0%| F|  |TAMS 0x0000000085400000, 0x0000000085400000| Untracked 
|  85|0x0000000085500000, 0x0000000085500000, 0x0000000085600000|  0%| F|  |TAMS 0x0000000085500000, 0x0000000085500000| Untracked 
|  86|0x0000000085600000, 0x0000000085600000, 0x0000000085700000|  0%| F|  |TAMS 0x0000000085600000, 0x0000000085600000| Untracked 
|  87|0x0000000085700000, 0x0000000085700000, 0x0000000085800000|  0%| F|  |TAMS 0x0000000085700000, 0x0000000085700000| Untracked 
|  88|0x0000000085800000, 0x0000000085800000, 0x0000000085900000|  0%| F|  |TAMS 0x0000000085800000, 0x0000000085800000| Untracked 
|  89|0x0000000085900000, 0x0000000085900000, 0x0000000085a00000|  0%| F|  |TAMS 0x0000000085900000, 0x0000000085900000| Untracked 
|  90|0x0000000085a00000, 0x0000000085a00000, 0x0000000085b00000|  0%| F|  |TAMS 0x0000000085a00000, 0x0000000085a00000| Untracked 
|  91|0x0000000085b00000, 0x0000000085b00000, 0x0000000085c00000|  0%| F|  |TAMS 0x0000000085b00000, 0x0000000085b00000| Untracked 
|  92|0x0000000085c00000, 0x0000000085c00000, 0x0000000085d00000|  0%| F|  |TAMS 0x0000000085c00000, 0x0000000085c00000| Untracked 
|  93|0x0000000085d00000, 0x0000000085d00000, 0x0000000085e00000|  0%| F|  |TAMS 0x0000000085d00000, 0x0000000085d00000| Untracked 
|  94|0x0000000085e00000, 0x0000000085e00000, 0x0000000085f00000|  0%| F|  |TAMS 0x0000000085e00000, 0x0000000085e00000| Untracked 
|  95|0x0000000085f00000, 0x0000000085f00000, 0x0000000086000000|  0%| F|  |TAMS 0x0000000085f00000, 0x0000000085f00000| Untracked 
|  96|0x0000000086000000, 0x0000000086000000, 0x0000000086100000|  0%| F|  |TAMS 0x0000000086000000, 0x0000000086000000| Untracked 
|  97|0x0000000086100000, 0x0000000086100000, 0x0000000086200000|  0%| F|  |TAMS 0x0000000086100000, 0x0000000086100000| Untracked 
|  98|0x0000000086200000, 0x0000000086200000, 0x0000000086300000|  0%| F|  |TAMS 0x0000000086200000, 0x0000000086200000| Untracked 
|  99|0x0000000086300000, 0x0000000086300000, 0x0000000086400000|  0%| F|  |TAMS 0x0000000086300000, 0x0000000086300000| Untracked 
| 100|0x0000000086400000, 0x0000000086400000, 0x0000000086500000|  0%| F|  |TAMS 0x0000000086400000, 0x0000000086400000| Untracked 
| 101|0x0000000086500000, 0x0000000086500000, 0x0000000086600000|  0%| F|  |TAMS 0x0000000086500000, 0x0000000086500000| Untracked 
| 102|0x0000000086600000, 0x0000000086600000, 0x0000000086700000|  0%| F|  |TAMS 0x0000000086600000, 0x0000000086600000| Untracked 
| 103|0x0000000086700000, 0x0000000086700000, 0x0000000086800000|  0%| F|  |TAMS 0x0000000086700000, 0x0000000086700000| Untracked 
| 104|0x0000000086800000, 0x0000000086800000, 0x0000000086900000|  0%| F|  |TAMS 0x0000000086800000, 0x0000000086800000| Untracked 
| 105|0x0000000086900000, 0x0000000086900000, 0x0000000086a00000|  0%| F|  |TAMS 0x0000000086900000, 0x0000000086900000| Untracked 
| 106|0x0000000086a00000, 0x0000000086a00000, 0x0000000086b00000|  0%| F|  |TAMS 0x0000000086a00000, 0x0000000086a00000| Untracked 
| 107|0x0000000086b00000, 0x0000000086b00000, 0x0000000086c00000|  0%| F|  |TAMS 0x0000000086b00000, 0x0000000086b00000| Untracked 
| 108|0x0000000086c00000, 0x0000000086c00000, 0x0000000086d00000|  0%| F|  |TAMS 0x0000000086c00000, 0x0000000086c00000| Untracked 
| 109|0x0000000086d00000, 0x0000000086d00000, 0x0000000086e00000|  0%| F|  |TAMS 0x0000000086d00000, 0x0000000086d00000| Untracked 
| 110|0x0000000086e00000, 0x0000000086e00000, 0x0000000086f00000|  0%| F|  |TAMS 0x0000000086e00000, 0x0000000086e00000| Untracked 
| 111|0x0000000086f00000, 0x0000000086f00000, 0x0000000087000000|  0%| F|  |TAMS 0x0000000086f00000, 0x0000000086f00000| Untracked 
| 112|0x0000000087000000, 0x0000000087000000, 0x0000000087100000|  0%| F|  |TAMS 0x0000000087000000, 0x0000000087000000| Untracked 
| 113|0x0000000087100000, 0x0000000087100000, 0x0000000087200000|  0%| F|  |TAMS 0x0000000087100000, 0x0000000087100000| Untracked 
| 114|0x0000000087200000, 0x0000000087280800, 0x0000000087300000| 50%| E|  |TAMS 0x0000000087200000, 0x0000000087200000| Complete 
| 115|0x0000000087300000, 0x0000000087400000, 0x0000000087400000|100%| E|CS|TAMS 0x0000000087300000, 0x0000000087300000| Complete 
| 116|0x0000000087400000, 0x0000000087500000, 0x0000000087500000|100%| S|CS|TAMS 0x0000000087400000, 0x0000000087400000| Complete 
| 117|0x0000000087500000, 0x0000000087600000, 0x0000000087600000|100%| S|CS|TAMS 0x0000000087500000, 0x0000000087500000| Complete 
| 118|0x0000000087600000, 0x0000000087700000, 0x0000000087700000|100%| S|CS|TAMS 0x0000000087600000, 0x0000000087600000| Complete 
| 119|0x0000000087700000, 0x0000000087800000, 0x0000000087800000|100%| S|CS|TAMS 0x0000000087700000, 0x0000000087700000| Complete 
| 120|0x0000000087800000, 0x0000000087900000, 0x0000000087900000|100%| S|CS|TAMS 0x0000000087800000, 0x0000000087800000| Complete 
| 121|0x0000000087900000, 0x0000000087a00000, 0x0000000087a00000|100%| S|CS|TAMS 0x0000000087900000, 0x0000000087900000| Complete 
| 122|0x0000000087a00000, 0x0000000087b00000, 0x0000000087b00000|100%| E|CS|TAMS 0x0000000087a00000, 0x0000000087a00000| Complete 
| 123|0x0000000087b00000, 0x0000000087c00000, 0x0000000087c00000|100%| E|CS|TAMS 0x0000000087b00000, 0x0000000087b00000| Complete 
| 124|0x0000000087c00000, 0x0000000087d00000, 0x0000000087d00000|100%| E|CS|TAMS 0x0000000087c00000, 0x0000000087c00000| Complete 
| 125|0x0000000087d00000, 0x0000000087e00000, 0x0000000087e00000|100%| E|CS|TAMS 0x0000000087d00000, 0x0000000087d00000| Complete 
| 126|0x0000000087e00000, 0x0000000087f00000, 0x0000000087f00000|100%| E|CS|TAMS 0x0000000087e00000, 0x0000000087e00000| Complete 
| 127|0x0000000087f00000, 0x0000000088000000, 0x0000000088000000|100%| E|CS|TAMS 0x0000000087f00000, 0x0000000087f00000| Complete 
| 128|0x0000000088000000, 0x0000000088100000, 0x0000000088100000|100%| E|CS|TAMS 0x0000000088000000, 0x0000000088000000| Complete 
| 129|0x0000000088100000, 0x0000000088200000, 0x0000000088200000|100%| E|CS|TAMS 0x0000000088100000, 0x0000000088100000| Complete 
| 130|0x0000000088200000, 0x0000000088300000, 0x0000000088300000|100%| E|CS|TAMS 0x0000000088200000, 0x0000000088200000| Complete 
| 131|0x0000000088300000, 0x0000000088400000, 0x0000000088400000|100%| E|CS|TAMS 0x0000000088300000, 0x0000000088300000| Complete 
| 132|0x0000000088400000, 0x0000000088500000, 0x0000000088500000|100%| E|CS|TAMS 0x0000000088400000, 0x0000000088400000| Complete 
| 133|0x0000000088500000, 0x0000000088600000, 0x0000000088600000|100%| E|CS|TAMS 0x0000000088500000, 0x0000000088500000| Complete 
| 134|0x0000000088600000, 0x0000000088700000, 0x0000000088700000|100%| E|CS|TAMS 0x0000000088600000, 0x0000000088600000| Complete 
| 135|0x0000000088700000, 0x0000000088800000, 0x0000000088800000|100%| E|CS|TAMS 0x0000000088700000, 0x0000000088700000| Complete 
| 136|0x0000000088800000, 0x0000000088900000, 0x0000000088900000|100%| E|CS|TAMS 0x0000000088800000, 0x0000000088800000| Complete 
| 137|0x0000000088900000, 0x0000000088a00000, 0x0000000088a00000|100%| E|CS|TAMS 0x0000000088900000, 0x0000000088900000| Complete 
| 138|0x0000000088a00000, 0x0000000088b00000, 0x0000000088b00000|100%| E|CS|TAMS 0x0000000088a00000, 0x0000000088a00000| Complete 
| 139|0x0000000088b00000, 0x0000000088c00000, 0x0000000088c00000|100%| E|CS|TAMS 0x0000000088b00000, 0x0000000088b00000| Complete 
| 140|0x0000000088c00000, 0x0000000088d00000, 0x0000000088d00000|100%| E|CS|TAMS 0x0000000088c00000, 0x0000000088c00000| Complete 
| 141|0x0000000088d00000, 0x0000000088e00000, 0x0000000088e00000|100%| E|CS|TAMS 0x0000000088d00000, 0x0000000088d00000| Complete 
| 142|0x0000000088e00000, 0x0000000088f00000, 0x0000000088f00000|100%| E|CS|TAMS 0x0000000088e00000, 0x0000000088e00000| Complete 
| 143|0x0000000088f00000, 0x0000000089000000, 0x0000000089000000|100%| E|CS|TAMS 0x0000000088f00000, 0x0000000088f00000| Complete 
| 144|0x0000000089000000, 0x0000000089100000, 0x0000000089100000|100%| E|CS|TAMS 0x0000000089000000, 0x0000000089000000| Complete 
| 145|0x0000000089100000, 0x0000000089200000, 0x0000000089200000|100%| E|CS|TAMS 0x0000000089100000, 0x0000000089100000| Complete 
| 146|0x0000000089200000, 0x0000000089300000, 0x0000000089300000|100%| E|CS|TAMS 0x0000000089200000, 0x0000000089200000| Complete 
| 147|0x0000000089300000, 0x0000000089400000, 0x0000000089400000|100%| E|CS|TAMS 0x0000000089300000, 0x0000000089300000| Complete 
| 148|0x0000000089400000, 0x0000000089500000, 0x0000000089500000|100%| E|CS|TAMS 0x0000000089400000, 0x0000000089400000| Complete 
| 149|0x0000000089500000, 0x0000000089600000, 0x0000000089600000|100%| E|CS|TAMS 0x0000000089500000, 0x0000000089500000| Complete 
| 150|0x0000000089600000, 0x0000000089700000, 0x0000000089700000|100%| E|CS|TAMS 0x0000000089600000, 0x0000000089600000| Complete 
| 151|0x0000000089700000, 0x0000000089800000, 0x0000000089800000|100%| E|CS|TAMS 0x0000000089700000, 0x0000000089700000| Complete 
| 152|0x0000000089800000, 0x0000000089900000, 0x0000000089900000|100%| E|CS|TAMS 0x0000000089800000, 0x0000000089800000| Complete 
| 153|0x0000000089900000, 0x0000000089a00000, 0x0000000089a00000|100%| E|CS|TAMS 0x0000000089900000, 0x0000000089900000| Complete 

Card table byte_map: [0x0000021a481f0000,0x0000021a485f0000] _byte_map_base: 0x0000021a47df0000

Marking Bits (Prev, Next): (CMBitMap*) 0x0000021a34a2b0a0, (CMBitMap*) 0x0000021a34a2b068
 Prev Bits: [0x0000021a4a9f0000, 0x0000021a4c9f0000)
 Next Bits: [0x0000021a489f0000, 0x0000021a4a9f0000)

Polling page: 0x0000021a33210000

Metaspace:

Usage:
  Non-class:     35.57 MB capacity,    34.96 MB ( 98%) used,   525.89 KB (  1%) free+waste,    90.31 KB ( <1%) overhead. 
      Class:      5.49 MB capacity,     5.12 MB ( 93%) used,   339.29 KB (  6%) free+waste,    44.00 KB ( <1%) overhead. 
       Both:     41.06 MB capacity,    40.08 MB ( 98%) used,   865.18 KB (  2%) free+waste,   134.31 KB ( <1%) overhead. 

Virtual space:
  Non-class space:       42.00 MB reserved,      35.75 MB ( 85%) committed 
      Class space:        1.00 GB reserved,       5.57 MB ( <1%) committed 
             Both:        1.04 GB reserved,      41.32 MB (  4%) committed 

Chunk freelists:
   Non-Class:  1.00 KB
       Class:  8.00 KB
        Both:  9.00 KB

MaxMetaspaceSize: 17179869184.00 GB
CompressedClassSpaceSize: 1.00 GB

CodeHeap 'non-profiled nmethods': size=120000Kb used=2075Kb max_used=2075Kb free=117925Kb
 bounds [0x0000021a3fe50000, 0x0000021a400c0000, 0x0000021a47380000]
CodeHeap 'profiled nmethods': size=120000Kb used=7481Kb max_used=7481Kb free=112518Kb
 bounds [0x0000021a38920000, 0x0000021a39080000, 0x0000021a3fe50000]
CodeHeap 'non-nmethods': size=5760Kb used=2192Kb max_used=2230Kb free=3568Kb
 bounds [0x0000021a38380000, 0x0000021a385f0000, 0x0000021a38920000]
 total_blobs=4342 nmethods=3586 adapters=667
 compilation: enabled
              stopped_count=0, restarted_count=0
 full_count=0

Compilation events (20 events):
Event: 11.792 Thread 0x0000021a5225f800 nmethod 3651 0x0000021a4004cd90 code [0x0000021a4004cf20, 0x0000021a4004cf78]
Event: 11.792 Thread 0x0000021a5225f800 3790       4       java.nio.HeapByteBuffer::byteOffset (7 bytes)
Event: 11.793 Thread 0x0000021a5225f800 nmethod 3790 0x0000021a4004d010 code [0x0000021a4004d1a0, 0x0000021a4004d218]
Event: 11.793 Thread 0x0000021a5225f800 3791       4       org.gradle.api.internal.file.archive.impl.JdkZipEntry::getName (8 bytes)
Event: 11.794 Thread 0x0000021a5225f800 nmethod 3791 0x0000021a4004d290 code [0x0000021a4004d420, 0x0000021a4004d4b8]
Event: 11.794 Thread 0x0000021a5225f800 3792       4       sun.security.provider.DigestBase::engineDigest (112 bytes)
Event: 11.796 Thread 0x0000021a5225f800 nmethod 3792 0x0000021a4004d590 code [0x0000021a4004d740, 0x0000021a4004d8e8]
Event: 11.796 Thread 0x0000021a5225f800 3793       4       com.google.common.collect.AbstractIterator::hasNext (65 bytes)
Event: 11.799 Thread 0x0000021a4fe67800 nmethod 3726 0x0000021a4004da90 code [0x0000021a4004dc60, 0x0000021a4004e878]
Event: 11.799 Thread 0x0000021a4fe67800 3794       4       org.gradle.internal.fingerprint.impl.DefaultFileSystemLocationFingerprint::<init> (19 bytes)
Event: 11.802 Thread 0x0000021a4fe67800 nmethod 3794 0x0000021a4004ed10 code [0x0000021a4004eea0, 0x0000021a4004f118]
Event: 11.816 Thread 0x0000021a4fe67800 3795       4       java.security.MessageDigestSpi::<init> (5 bytes)
Event: 11.817 Thread 0x0000021a4fe67800 nmethod 3795 0x0000021a4004f290 code [0x0000021a4004f420, 0x0000021a4004f478]
Event: 11.822 Thread 0x0000021a4fe67800 3796       4       com.google.common.base.Preconditions::checkState (13 bytes)
Event: 11.823 Thread 0x0000021a4fe67800 nmethod 3796 0x0000021a4004f510 code [0x0000021a4004f6a0, 0x0000021a4004f6f8]
Event: 11.837 Thread 0x0000021a5225f800 nmethod 3793 0x0000021a4004f790 code [0x0000021a4004fa20, 0x0000021a40051050]
Event: 11.843 Thread 0x0000021a4fe67800 3797   !   4       java.util.zip.Inflater$InflaterZStreamRef::get (52 bytes)
Event: 11.848 Thread 0x0000021a4fe67800 nmethod 3797 0x0000021a40051e10 code [0x0000021a40051fc0, 0x0000021a400522e8]
Event: 11.886 Thread 0x0000021a4fe70800 3798       3       java.util.concurrent.locks.AbstractQueuedSynchronizer$ConditionObject::awaitNanos (181 bytes)
Event: 11.888 Thread 0x0000021a4fe70800 nmethod 3798 0x0000021a39050c10 code [0x0000021a39051020, 0x0000021a39052bd8]

GC Heap History (20 events):
Event: 0.607 GC heap before
{Heap before GC invocations=0 (full 0):
 garbage-first heap   total 131072K, used 29696K [0x0000000080000000, 0x0000000100000000)
  region size 1024K, 24 young (24576K), 0 survivors (0K)
 Metaspace       used 10455K, capacity 10677K, committed 11008K, reserved 1058816K
  class space    used 1097K, capacity 1195K, committed 1280K, reserved 1048576K
}
Event: 0.611 GC heap after
{Heap after GC invocations=1 (full 0):
 garbage-first heap   total 131072K, used 9020K [0x0000000080000000, 0x0000000100000000)
  region size 1024K, 3 young (3072K), 3 survivors (3072K)
 Metaspace       used 10455K, capacity 10677K, committed 11008K, reserved 1058816K
  class space    used 1097K, capacity 1195K, committed 1280K, reserved 1048576K
}
Event: 1.905 GC heap before
{Heap before GC invocations=1 (full 0):
 garbage-first heap   total 131072K, used 82748K [0x0000000080000000, 0x0000000100000000)
  region size 1024K, 76 young (77824K), 3 survivors (3072K)
 Metaspace       used 18962K, capacity 19473K, committed 19712K, reserved 1067008K
  class space    used 2292K, capacity 2469K, committed 2560K, reserved 1048576K
}
Event: 1.911 GC heap after
{Heap after GC invocations=2 (full 0):
 garbage-first heap   total 131072K, used 16105K [0x0000000080000000, 0x0000000100000000)
  region size 1024K, 10 young (10240K), 10 survivors (10240K)
 Metaspace       used 18962K, capacity 19473K, committed 19712K, reserved 1067008K
  class space    used 2292K, capacity 2469K, committed 2560K, reserved 1048576K
}
Event: 2.005 GC heap before
{Heap before GC invocations=2 (full 0):
 garbage-first heap   total 131072K, used 27369K [0x0000000080000000, 0x0000000100000000)
  region size 1024K, 23 young (23552K), 10 survivors (10240K)
 Metaspace       used 20630K, capacity 21114K, committed 21248K, reserved 1067008K
  class space    used 2532K, capacity 2723K, committed 2816K, reserved 1048576K
}
Event: 2.011 GC heap after
{Heap after GC invocations=3 (full 0):
 garbage-first heap   total 131072K, used 16590K [0x0000000080000000, 0x0000000100000000)
  region size 1024K, 1 young (1024K), 1 survivors (1024K)
 Metaspace       used 20630K, capacity 21114K, committed 21248K, reserved 1067008K
  class space    used 2532K, capacity 2723K, committed 2816K, reserved 1048576K
}
Event: 2.412 GC heap before
{Heap before GC invocations=4 (full 0):
 garbage-first heap   total 131072K, used 66766K [0x0000000080000000, 0x0000000100000000)
  region size 1024K, 48 young (49152K), 1 survivors (1024K)
 Metaspace       used 25879K, capacity 26548K, committed 26752K, reserved 1073152K
  class space    used 3373K, capacity 3599K, committed 3712K, reserved 1048576K
}
Event: 2.415 GC heap after
{Heap after GC invocations=5 (full 0):
 garbage-first heap   total 131072K, used 20587K [0x0000000080000000, 0x0000000100000000)
  region size 1024K, 3 young (3072K), 3 survivors (3072K)
 Metaspace       used 25879K, capacity 26548K, committed 26752K, reserved 1073152K
  class space    used 3373K, capacity 3599K, committed 3712K, reserved 1048576K
}
Event: 2.990 GC heap before
{Heap before GC invocations=5 (full 0):
 garbage-first heap   total 131072K, used 79979K [0x0000000080000000, 0x0000000100000000)
  region size 1024K, 54 young (55296K), 3 survivors (3072K)
 Metaspace       used 32811K, capacity 33549K, committed 33792K, reserved 1079296K
  class space    used 4311K, capacity 4569K, committed 4608K, reserved 1048576K
}
Event: 2.993 GC heap after
{Heap after GC invocations=6 (full 0):
 garbage-first heap   total 131072K, used 32413K [0x0000000080000000, 0x0000000100000000)
  region size 1024K, 7 young (7168K), 7 survivors (7168K)
 Metaspace       used 32811K, capacity 33549K, committed 33792K, reserved 1079296K
  class space    used 4311K, capacity 4569K, committed 4608K, reserved 1048576K
}
Event: 3.078 GC heap before
{Heap before GC invocations=6 (full 0):
 garbage-first heap   total 131072K, used 36509K [0x0000000080000000, 0x0000000100000000)
  region size 1024K, 12 young (12288K), 7 survivors (7168K)
 Metaspace       used 35074K, capacity 35797K, committed 35840K, reserved 1081344K
  class space    used 4557K, capacity 4829K, committed 4864K, reserved 1048576K
}
Event: 3.084 GC heap after
{Heap after GC invocations=7 (full 0):
 garbage-first heap   total 131072K, used 33442K [0x0000000080000000, 0x0000000100000000)
  region size 1024K, 2 young (2048K), 2 survivors (2048K)
 Metaspace       used 35074K, capacity 35797K, committed 35840K, reserved 1081344K
  class space    used 4557K, capacity 4829K, committed 4864K, reserved 1048576K
}
Event: 3.495 GC heap before
{Heap before GC invocations=8 (full 0):
 garbage-first heap   total 131072K, used 73378K [0x0000000080000000, 0x0000000100000000)
  region size 1024K, 39 young (39936K), 2 survivors (2048K)
 Metaspace       used 39714K, capacity 40584K, committed 40780K, reserved 1085440K
  class space    used 5098K, capacity 5427K, committed 5452K, reserved 1048576K
}
Event: 3.497 GC heap after
{Heap after GC invocations=9 (full 0):
 garbage-first heap   total 131072K, used 34999K [0x0000000080000000, 0x0000000100000000)
  region size 1024K, 3 young (3072K), 3 survivors (3072K)
 Metaspace       used 39714K, capacity 40584K, committed 40780K, reserved 1085440K
  class space    used 5098K, capacity 5427K, committed 5452K, reserved 1048576K
}
Event: 3.757 GC heap before
{Heap before GC invocations=9 (full 0):
 garbage-first heap   total 131072K, used 84151K [0x0000000080000000, 0x0000000100000000)
  region size 1024K, 44 young (45056K), 3 survivors (3072K)
 Metaspace       used 40162K, capacity 41039K, committed 41164K, reserved 1085440K
  class space    used 5156K, capacity 5512K, committed 5580K, reserved 1048576K
}
Event: 3.763 GC heap after
{Heap after GC invocations=10 (full 0):
 garbage-first heap   total 131072K, used 53878K [0x0000000080000000, 0x0000000100000000)
  region size 1024K, 6 young (6144K), 6 survivors (6144K)
 Metaspace       used 40162K, capacity 41039K, committed 41164K, reserved 1085440K
  class space    used 5156K, capacity 5512K, committed 5580K, reserved 1048576K
}
Event: 3.863 GC heap before
{Heap before GC invocations=10 (full 0):
 garbage-first heap   total 131072K, used 87670K [0x0000000080000000, 0x0000000100000000)
  region size 1024K, 39 young (39936K), 6 survivors (6144K)
 Metaspace       used 40162K, capacity 41039K, committed 41164K, reserved 1085440K
  class space    used 5156K, capacity 5512K, committed 5580K, reserved 1048576K
}
Event: 3.870 GC heap after
{Heap after GC invocations=11 (full 0):
 garbage-first heap   total 157696K, used 64618K [0x0000000080000000, 0x0000000100000000)
  region size 1024K, 5 young (5120K), 5 survivors (5120K)
 Metaspace       used 40162K, capacity 41039K, committed 41164K, reserved 1085440K
  class space    used 5156K, capacity 5512K, committed 5580K, reserved 1048576K
}
Event: 3.970 GC heap before
{Heap before GC invocations=11 (full 0):
 garbage-first heap   total 157696K, used 96362K [0x0000000080000000, 0x0000000100000000)
  region size 1024K, 37 young (37888K), 5 survivors (5120K)
 Metaspace       used 40171K, capacity 41039K, committed 41164K, reserved 1091584K
  class space    used 5159K, capacity 5512K, committed 5580K, reserved 1048576K
}
Event: 3.973 GC heap after
{Heap after GC invocations=12 (full 0):
 garbage-first heap   total 157696K, used 70275K [0x0000000080000000, 0x0000000100000000)
  region size 1024K, 6 young (6144K), 6 survivors (6144K)
 Metaspace       used 40171K, capacity 41039K, committed 41164K, reserved 1091584K
  class space    used 5159K, capacity 5512K, committed 5580K, reserved 1048576K
}

Deoptimization events (20 events):
Event: 11.633 Thread 0x0000021a519d1800 Uncommon trap: trap_request=0xffffffde fr.pc=0x0000021a400125ec relative=0x0000000000000fcc
Event: 11.633 Thread 0x0000021a519d1800 Uncommon trap: reason=class_check action=maybe_recompile pc=0x0000021a400125ec method=com.google.common.collect.AbstractIterator.tryToComputeNext()Z @ 9 c2
Event: 11.633 Thread 0x0000021a519d1800 DEOPT PACKING pc=0x0000021a400125ec sp=0x000000b12a2fe790
Event: 11.633 Thread 0x0000021a519d1800 DEOPT UNPACKING pc=0x0000021a383a74af sp=0x000000b12a2fe760 mode 2
Event: 11.712 Thread 0x0000021a519d1800 Uncommon trap: trap_request=0xffffffde fr.pc=0x0000021a400125ec relative=0x0000000000000fcc
Event: 11.712 Thread 0x0000021a519d1800 Uncommon trap: reason=class_check action=maybe_recompile pc=0x0000021a400125ec method=com.google.common.collect.AbstractIterator.tryToComputeNext()Z @ 9 c2
Event: 11.712 Thread 0x0000021a519d1800 DEOPT PACKING pc=0x0000021a400125ec sp=0x000000b12a2f9970
Event: 11.712 Thread 0x0000021a519d1800 DEOPT UNPACKING pc=0x0000021a383a74af sp=0x000000b12a2f9948 mode 2
Event: 11.723 Thread 0x0000021a53fe4800 Uncommon trap: trap_request=0xffffff4d fr.pc=0x0000021a3ff4f800 relative=0x0000000000000060
Event: 11.723 Thread 0x0000021a53fe4800 Uncommon trap: reason=unstable_if action=reinterpret pc=0x0000021a3ff4f800 method=java.util.concurrent.SynchronousQueue$TransferStack.shouldSpin(Ljava/util/concurrent/SynchronousQueue$TransferStack$SNode;)Z @ 7 c2
Event: 11.723 Thread 0x0000021a53fe4800 DEOPT PACKING pc=0x0000021a3ff4f800 sp=0x000000b12bafeca0
Event: 11.723 Thread 0x0000021a53fe4800 DEOPT UNPACKING pc=0x0000021a383a74af sp=0x000000b12bafec30 mode 2
Event: 11.749 Thread 0x0000021a519d1800 DEOPT PACKING pc=0x0000021a389d5d1b sp=0x000000b12a2f9dd0
Event: 11.749 Thread 0x0000021a519d1800 DEOPT UNPACKING pc=0x0000021a383a72ce sp=0x000000b12a2f9310 mode 0
Event: 11.754 Thread 0x0000021a519d1800 Uncommon trap: trap_request=0xffffffde fr.pc=0x0000021a400125ec relative=0x0000000000000fcc
Event: 11.754 Thread 0x0000021a519d1800 Uncommon trap: reason=class_check action=maybe_recompile pc=0x0000021a400125ec method=com.google.common.collect.AbstractIterator.tryToComputeNext()Z @ 9 c2
Event: 11.754 Thread 0x0000021a519d1800 DEOPT PACKING pc=0x0000021a400125ec sp=0x000000b12a2f9970
Event: 11.754 Thread 0x0000021a519d1800 DEOPT UNPACKING pc=0x0000021a383a74af sp=0x000000b12a2f9948 mode 2
Event: 11.758 Thread 0x0000021a519d1800 DEOPT PACKING pc=0x0000021a38c4f1e8 sp=0x000000b12a2f9b60
Event: 11.758 Thread 0x0000021a519d1800 DEOPT UNPACKING pc=0x0000021a383a72ce sp=0x000000b12a2f9068 mode 0

Classes redefined (0 events):
No events

Internal exceptions (20 events):
Event: 3.569 Thread 0x0000021a519d1800 Exception <a 'java/lang/ClassNotFoundException'{0x0000000087a12c00}: org/gradle/api/internal/project/AbstractPluginAwareBeanInfo> (0x0000000087a12c00) thrown at [./src/hotspot/share/classfile/systemDictionary.cpp, line 231]
Event: 3.570 Thread 0x0000021a519d1800 Exception <a 'java/lang/ClassNotFoundException'{0x0000000087a33a18}: org/gradle/api/internal/project/AbstractPluginAwareCustomizer> (0x0000000087a33a18) thrown at [./src/hotspot/share/classfile/systemDictionary.cpp, line 231]
Event: 3.571 Thread 0x0000021a519d1800 Exception <a 'java/lang/ClassNotFoundException'{0x0000000087a57588}: org/gradle/invocation/DefaultGradleCustomizer> (0x0000000087a57588) thrown at [./src/hotspot/share/classfile/systemDictionary.cpp, line 231]
Event: 3.574 Thread 0x0000021a519d1800 Exception <a 'java/lang/ClassNotFoundException'{0x0000000087aa5728}: org/gradle/invocation/DefaultGradle_DecoratedCustomizer> (0x0000000087aa5728) thrown at [./src/hotspot/share/classfile/systemDictionary.cpp, line 231]
Event: 3.589 Thread 0x0000021a519d1800 Exception <a 'java/lang/ClassNotFoundException'{0x0000000087994398}: ijinit10_4bcmqrb6u9mg37ko5fygv0nxdBeanInfo> (0x0000000087994398) thrown at [./src/hotspot/share/classfile/systemDictionary.cpp, line 231]
Event: 3.589 Thread 0x0000021a519d1800 Exception <a 'java/lang/ClassNotFoundException'{0x000000008799d808}: ijinit10_4bcmqrb6u9mg37ko5fygv0nxdCustomizer> (0x000000008799d808) thrown at [./src/hotspot/share/classfile/systemDictionary.cpp, line 231]
Event: 3.622 Thread 0x0000021a519d1800 Implicit null exception at 0x0000021a3fec7b4a to 0x0000021a3fec89e8
Event: 3.969 Thread 0x0000021a519d1800 Exception <a 'java/lang/OutOfMemoryError'{0x0000000087a48fc0}> (0x0000000087a48fc0) thrown at [./src/hotspot/share/prims/jni.cpp, line 636]
Event: 3.973 Thread 0x0000021a4ffa8800 Implicit null exception at 0x0000021a3ffc571b to 0x0000021a3ffc5edc
Event: 4.057 Thread 0x0000021a519d1800 Exception <a 'java/lang/NoSuchMethodError'{0x00000000899fa048}: 'java.lang.Object java.lang.invoke.Invokers$Holder.linkToTargetMethod(java.lang.Object, java.lang.Object, int, int, java.lang.Object, java.lang.Object)'> (0x00000000899fa048) thrown at [./src/hotspot/share/interpreter/linkResolver.cpp, line 773]
Event: 4.127 Thread 0x0000021a510cb000 Exception <a 'java/lang/NoSuchMethodError'{0x00000000896e3568}: <clinit>> (0x00000000896e3568) thrown at [./src/hotspot/share/prims/jni.cpp, line 1362]
Event: 4.128 Thread 0x0000021a510cb000 Exception <a 'java/lang/NoSuchMethodError'{0x00000000896ef928}: <clinit>> (0x00000000896ef928) thrown at [./src/hotspot/share/prims/jni.cpp, line 1362]
Event: 11.694 Thread 0x0000021a53fe4800 Exception <a 'sun/nio/fs/WindowsException'{0x00000000893bce48}> (0x00000000893bce48) thrown at [./src/hotspot/share/prims/jni.cpp, line 615]
Event: 11.695 Thread 0x0000021a53fe4800 Exception <a 'sun/nio/fs/WindowsException'{0x00000000893bd040}> (0x00000000893bd040) thrown at [./src/hotspot/share/prims/jni.cpp, line 615]
Event: 11.703 Thread 0x0000021a519d1800 Exception <a 'java/lang/ClassNotFoundException'{0x000000008923bd00}: sync_studio_tooling2006_85vdpmf9ymzpz37u639essseyBeanInfo> (0x000000008923bd00) thrown at [./src/hotspot/share/classfile/systemDictionary.cpp, line 231]
Event: 11.703 Thread 0x0000021a519d1800 Exception <a 'java/lang/ClassNotFoundException'{0x0000000089245e80}: sync_studio_tooling2006_85vdpmf9ymzpz37u639essseyCustomizer> (0x0000000089245e80) thrown at [./src/hotspot/share/classfile/systemDictionary.cpp, line 231]
Event: 11.734 Thread 0x0000021a53fe6000 Exception <a 'sun/nio/fs/WindowsException'{0x000000008918edb8}> (0x000000008918edb8) thrown at [./src/hotspot/share/prims/jni.cpp, line 615]
Event: 11.736 Thread 0x0000021a53fe6000 Exception <a 'sun/nio/fs/WindowsException'{0x000000008918efa0}> (0x000000008918efa0) thrown at [./src/hotspot/share/prims/jni.cpp, line 615]
Event: 11.742 Thread 0x0000021a519d1800 Exception <a 'java/lang/ClassNotFoundException'{0x00000000891b8888}: sync_studio_tooling2006_85vdpmf9ymzpz37u639essseyBeanInfo> (0x00000000891b8888) thrown at [./src/hotspot/share/classfile/systemDictionary.cpp, line 231]
Event: 11.743 Thread 0x0000021a519d1800 Exception <a 'java/lang/ClassNotFoundException'{0x00000000891c29a8}: sync_studio_tooling2006_85vdpmf9ymzpz37u639essseyCustomizer> (0x00000000891c29a8) thrown at [./src/hotspot/share/classfile/systemDictionary.cpp, line 231]

Events (20 events):
Event: 11.721 loading class org/gradle/launcher/daemon/server/DaemonRegistryUnavailableExpirationStrategy$1 done
Event: 11.721 loading class com/google/common/collect/Lists$TransformingSequentialList$1
Event: 11.721 loading class com/google/common/collect/Lists$TransformingSequentialList$1 done
Event: 11.721 loading class com/google/common/collect/TransformedListIterator
Event: 11.721 loading class com/google/common/collect/TransformedListIterator done
Event: 11.722 loading class com/google/common/collect/TransformedIterator
Event: 11.722 loading class com/google/common/collect/TransformedIterator done
Event: 11.740 loading class groovy/runtime/metaclass/sync_studio_tooling2006_85vdpmf9ymzpz37u639essseyMetaClass
Event: 11.740 loading class groovy/runtime/metaclass/sync_studio_tooling2006_85vdpmf9ymzpz37u639essseyMetaClass done
Event: 11.742 loading class sync_studio_tooling2006_85vdpmf9ymzpz37u639essseyBeanInfo
Event: 11.742 loading class sync_studio_tooling2006_85vdpmf9ymzpz37u639essseyBeanInfo done
Event: 11.742 Thread 0x0000021a5db7e800 Thread added: 0x0000021a5db7e800
Event: 11.742 loading class sync_studio_tooling2006_85vdpmf9ymzpz37u639essseyBeanInfo
Event: 11.742 loading class sync_studio_tooling2006_85vdpmf9ymzpz37u639essseyBeanInfo done
Event: 11.742 loading class sync_studio_tooling2006_85vdpmf9ymzpz37u639essseyCustomizer
Event: 11.742 loading class sync_studio_tooling2006_85vdpmf9ymzpz37u639essseyCustomizer done
Event: 11.743 loading class sync_studio_tooling2006_85vdpmf9ymzpz37u639essseyCustomizer
Event: 11.743 loading class sync_studio_tooling2006_85vdpmf9ymzpz37u639essseyCustomizer done
Event: 11.745 loading class groovy/runtime/metaclass/sync_studio_tooling2006_85vdpmf9ymzpz37u639esssey$_run_closure1MetaClass
Event: 11.745 loading class groovy/runtime/metaclass/sync_studio_tooling2006_85vdpmf9ymzpz37u639esssey$_run_closure1MetaClass done


Dynamic libraries:
0x00007ff7b22e0000 - 0x00007ff7b22ea000 	C:\Program Files\Android\Android Studio2\jre\bin\java.exe
0x00007ffa0fb90000 - 0x00007ffa0fd85000 	C:\WINDOWS\SYSTEM32\ntdll.dll
0x00007ffa0ef40000 - 0x00007ffa0effd000 	C:\WINDOWS\System32\KERNEL32.DLL
0x00007ffa0d6f0000 - 0x00007ffa0d9b9000 	C:\WINDOWS\System32\KERNELBASE.dll
0x00007ffa0d550000 - 0x00007ffa0d650000 	C:\WINDOWS\System32\ucrtbase.dll
0x00007ff9fbe10000 - 0x00007ff9fbe29000 	C:\Program Files\Android\Android Studio2\jre\bin\jli.dll
0x00007ff9ffa70000 - 0x00007ff9ffa87000 	C:\Program Files\Android\Android Studio2\jre\bin\VCRUNTIME140.dll
0x00007ffa0dcf0000 - 0x00007ffa0de90000 	C:\WINDOWS\System32\USER32.dll
0x00007ffa0d2d0000 - 0x00007ffa0d2f2000 	C:\WINDOWS\System32\win32u.dll
0x00007ff9f9df0000 - 0x00007ff9fa08a000 	C:\WINDOWS\WinSxS\amd64_microsoft.windows.common-controls_6595b64144ccf1df_6.0.19041.1110_none_60b5254171f9507e\COMCTL32.dll
0x00007ffa0ea80000 - 0x00007ffa0eaaa000 	C:\WINDOWS\System32\GDI32.dll
0x00007ffa0f010000 - 0x00007ffa0f0ae000 	C:\WINDOWS\System32\msvcrt.dll
0x00007ffa0d360000 - 0x00007ffa0d46b000 	C:\WINDOWS\System32\gdi32full.dll
0x00007ffa0d650000 - 0x00007ffa0d6ed000 	C:\WINDOWS\System32\msvcp_win.dll
0x00007ffa0ee60000 - 0x00007ffa0ee90000 	C:\WINDOWS\System32\IMM32.DLL
0x00007ff9e67f0000 - 0x00007ff9e688d000 	C:\Program Files\Android\Android Studio2\jre\bin\msvcp140.dll
0x00007ff9cb420000 - 0x00007ff9cbedc000 	C:\Program Files\Android\Android Studio2\jre\bin\server\jvm.dll
0x00007ffa0ee90000 - 0x00007ffa0ef3c000 	C:\WINDOWS\System32\ADVAPI32.dll
0x00007ffa0e7b0000 - 0x00007ffa0e84b000 	C:\WINDOWS\System32\sechost.dll
0x00007ffa0e210000 - 0x00007ffa0e33a000 	C:\WINDOWS\System32\RPCRT4.dll
0x00007ffa0ed10000 - 0x00007ffa0ed18000 	C:\WINDOWS\System32\PSAPI.DLL
0x00007ff9f9760000 - 0x00007ff9f9769000 	C:\WINDOWS\SYSTEM32\WSOCK32.dll
0x00007ffa0e9a0000 - 0x00007ffa0ea0b000 	C:\WINDOWS\System32\WS2_32.dll
0x00007ffa04a60000 - 0x00007ffa04a6a000 	C:\WINDOWS\SYSTEM32\VERSION.dll
0x00007ffa02310000 - 0x00007ffa02337000 	C:\WINDOWS\SYSTEM32\WINMM.dll
0x00007ffa0bb90000 - 0x00007ffa0bba2000 	C:\WINDOWS\SYSTEM32\kernel.appcore.dll
0x00007ffa07510000 - 0x00007ffa07521000 	C:\Program Files\Android\Android Studio2\jre\bin\verify.dll
0x00007ffa0afb0000 - 0x00007ffa0b194000 	C:\WINDOWS\SYSTEM32\DBGHELP.DLL
0x00007ff9fbe70000 - 0x00007ff9fbe9c000 	C:\WINDOWS\SYSTEM32\dbgcore.DLL
0x00007ffa0d4c0000 - 0x00007ffa0d543000 	C:\WINDOWS\System32\bcryptPrimitives.dll
0x00007ff9ffca0000 - 0x00007ff9ffcc9000 	C:\Program Files\Android\Android Studio2\jre\bin\java.dll
0x00007ffa07ae0000 - 0x00007ffa07aeb000 	C:\Program Files\Android\Android Studio2\jre\bin\jimage.dll
0x00007ff9ffb90000 - 0x00007ff9ffba8000 	C:\Program Files\Android\Android Studio2\jre\bin\zip.dll
0x00007ffa0f0b0000 - 0x00007ffa0f7ef000 	C:\WINDOWS\System32\SHELL32.dll
0x00007ffa0b3e0000 - 0x00007ffa0bb71000 	C:\WINDOWS\SYSTEM32\windows.storage.dll
0x00007ffa0f7f0000 - 0x00007ffa0fb45000 	C:\WINDOWS\System32\combase.dll
0x00007ffa0cd40000 - 0x00007ffa0cd6c000 	C:\WINDOWS\SYSTEM32\Wldp.dll
0x00007ffa0de90000 - 0x00007ffa0df3e000 	C:\WINDOWS\System32\SHCORE.dll
0x00007ffa0ea10000 - 0x00007ffa0ea65000 	C:\WINDOWS\System32\shlwapi.dll
0x00007ffa0d210000 - 0x00007ffa0d22f000 	C:\WINDOWS\SYSTEM32\profapi.dll
0x00007ff9ffb70000 - 0x00007ff9ffb8a000 	C:\Program Files\Android\Android Studio2\jre\bin\net.dll
0x00007ffa014f0000 - 0x00007ffa015fa000 	C:\WINDOWS\SYSTEM32\WINHTTP.dll
0x00007ffa0ca30000 - 0x00007ffa0ca9a000 	C:\WINDOWS\system32\mswsock.dll
0x00007ff9ffa50000 - 0x00007ff9ffa64000 	C:\Program Files\Android\Android Studio2\jre\bin\nio.dll
0x00007ff9ffce0000 - 0x00007ff9ffd07000 	C:\Users\Dark Knight\.gradle\native\fdc75f09e3144964f2cf3f50f0aa648679c211496f362492102eb8c894070792\windows-amd64\native-platform.dll
0x00007ff9d6e40000 - 0x00007ff9d6fd6000 	C:\Users\Dark Knight\.gradle\native\12488b8bf47d2d4c9fbf2f6322a914ad602e24e48041cd04a747c6da556b65c4\windows-amd64\native-platform-file-events.dll
0x00007ffa07800000 - 0x00007ffa0780a000 	C:\Program Files\Android\Android Studio2\jre\bin\management.dll
0x00007ffa05ea0000 - 0x00007ffa05eac000 	C:\Program Files\Android\Android Studio2\jre\bin\management_ext.dll
0x00007ffa0cc40000 - 0x00007ffa0cc58000 	C:\WINDOWS\SYSTEM32\CRYPTSP.dll
0x00007ffa0c370000 - 0x00007ffa0c3a4000 	C:\WINDOWS\system32\rsaenh.dll
0x00007ffa0da70000 - 0x00007ffa0da97000 	C:\WINDOWS\System32\bcrypt.dll
0x00007ffa0d1d0000 - 0x00007ffa0d1fe000 	C:\WINDOWS\SYSTEM32\USERENV.dll
0x00007ffa0cc30000 - 0x00007ffa0cc3c000 	C:\WINDOWS\SYSTEM32\CRYPTBASE.dll
0x00007ffa0c720000 - 0x00007ffa0c75b000 	C:\WINDOWS\SYSTEM32\IPHLPAPI.DLL
0x00007ffa0f000000 - 0x00007ffa0f008000 	C:\WINDOWS\System32\NSI.dll
0x00007ffa034e0000 - 0x00007ffa034f7000 	C:\WINDOWS\SYSTEM32\dhcpcsvc6.DLL
0x00007ffa03da0000 - 0x00007ffa03dbd000 	C:\WINDOWS\SYSTEM32\dhcpcsvc.DLL
0x00007ffa0c760000 - 0x00007ffa0c82c000 	C:\WINDOWS\SYSTEM32\DNSAPI.dll
0x00007ffa04a70000 - 0x00007ffa04a7b000 	C:\WINDOWS\SYSTEM32\WINNSI.DLL

dbghelp: loaded successfully - version: 4.0.5 - missing functions: none
symbol engine: initialized successfully - sym options: 0x614 - pdb path: .;C:\Program Files\Android\Android Studio2\jre\bin;C:\WINDOWS\SYSTEM32;C:\WINDOWS\WinSxS\amd64_microsoft.windows.common-controls_6595b64144ccf1df_6.0.19041.1110_none_60b5254171f9507e;C:\Program Files\Android\Android Studio2\jre\bin\server;C:\Users\Dark Knight\.gradle\native\fdc75f09e3144964f2cf3f50f0aa648679c211496f362492102eb8c894070792\windows-amd64;C:\Users\Dark Knight\.gradle\native\12488b8bf47d2d4c9fbf2f6322a914ad602e24e48041cd04a747c6da556b65c4\windows-amd64

VM Arguments:
jvm_args: --add-opens=java.base/java.util=ALL-UNNAMED --add-opens=java.base/java.lang=ALL-UNNAMED --add-opens=java.base/java.lang.invoke=ALL-UNNAMED --add-opens=java.prefs/java.util.prefs=ALL-UNNAMED -Xmx2048m -Dfile.encoding=UTF-8 -Duser.country=IN -Duser.language=en -Duser.variant 
java_command: org.gradle.launcher.daemon.bootstrap.GradleDaemon 6.7.1
java_class_path (initial): C:\Users\Dark Knight\.gradle\wrapper\dists\gradle-6.7.1-bin\bwlcbys1h7rz3272sye1xwiv6\gradle-6.7.1\lib\gradle-launcher-6.7.1.jar
Launcher Type: SUN_STANDARD

[Global flags]
     intx CICompilerCount                          = 4                                         {product} {ergonomic}
     uint ConcGCThreads                            = 2                                         {product} {ergonomic}
     uint G1ConcRefinementThreads                  = 8                                         {product} {ergonomic}
   size_t G1HeapRegionSize                         = 1048576                                   {product} {ergonomic}
    uintx GCDrainStackTargetSize                   = 64                                        {product} {ergonomic}
   size_t InitialHeapSize                          = 134217728                                 {product} {ergonomic}
   size_t MarkStackSize                            = 4194304                                   {product} {ergonomic}
   size_t MaxHeapSize                              = 2147483648                                {product} {command line}
   size_t MaxNewSize                               = 1287651328                                {product} {ergonomic}
   size_t MinHeapDeltaBytes                        = 1048576                                   {product} {ergonomic}
    uintx NonNMethodCodeHeapSize                   = 5836300                                {pd product} {ergonomic}
    uintx NonProfiledCodeHeapSize                  = 122910970                              {pd product} {ergonomic}
    uintx ProfiledCodeHeapSize                     = 122910970                              {pd product} {ergonomic}
    uintx ReservedCodeCacheSize                    = 251658240                              {pd product} {ergonomic}
     bool SegmentedCodeCache                       = true                                      {product} {ergonomic}
     bool UseCompressedClassPointers               = true                                 {lp64_product} {ergonomic}
     bool UseCompressedOops                        = true                                 {lp64_product} {ergonomic}
     bool UseG1GC                                  = true                                      {product} {ergonomic}
     bool UseLargePagesIndividualAllocation        = false                                  {pd product} {ergonomic}

Logging:
Log output configuration:
 #0: stdout all=warning uptime,level,tags
 #1: stderr all=off uptime,level,tags

Environment Variables:
PATH=C:\Windows\system32;C:\Windows;C:\Windows\System32\Wbem;C:\Windows\System32\WindowsPowerShell\v1.0\;C:\Windows\System32\OpenSSH\;C:\Program Files (x86)\NVIDIA Corporation\PhysX\Common;C:\Program Files\NVIDIA Corporation\NVIDIA NvDLISR;C:\WINDOWS\system32;C:\WINDOWS;C:\WINDOWS\System32\Wbem;C:\WINDOWS\System32\WindowsPowerShell\v1.0\;C:\WINDOWS\System32\OpenSSH\;C:\MinGW\bin;C:\Program Files\MEGA-X;C:\WINDOWS\system32;C:\WINDOWS;C:\WINDOWS\System32\Wbem;C:\WINDOWS\System32\WindowsPowerShell\v1.0\;C:\WINDOWS\System32\OpenSSH\;C:\Program Files\Git\cmd;C:\Users\Dark Knight\AppData\Local\Microsoft\WindowsApps;C:\Users\Dark Knight\AppData\Local\atom\bin;C:\MinGW\bin;C:\Program Files (x86)\Microsoft Visual Studio\2019\BuildTools\MSBuild\Current\Bin;C:\Users\Dark Knight\AppData\Local\Microsoft\WindowsApps
USERNAME=Dark Knight
OS=Windows_NT
PROCESSOR_IDENTIFIER=Intel64 Family 6 Model 158 Stepping 10, GenuineIntel



---------------  S Y S T E M  ---------------

OS: Windows 10 , 64 bit Build 19041 (10.0.19041.1023)
OS uptime: 10 days 0:47 hours

CPU:total 8 (initial active 8) (4 cores per cpu, 2 threads per core) family 6 model 158 stepping 10, cmov, cx8, fxsr, mmx, sse, sse2, sse3, ssse3, sse4.1, sse4.2, popcnt, avx, avx2, aes, clmul, erms, 3dnowpref, lzcnt, ht, tsc, tscinvbit, bmi1, bmi2, adx, fma

Memory: 4k page, system-wide physical 8112M (1062M free)
TotalPageFile size 12208M (AvailPageFile size 68M)
current process WorkingSet (physical memory assigned to process): 290M, peak: 377M
current process commit charge ("private bytes"): 329M, peak: 494M

vm_info: OpenJDK 64-Bit Server VM (11.0.8+10-b944.6842174) for windows-amd64 JRE (11.0.8+10-b944.6842174), built on Sep 19 2020 01:11:42 by "builder" with MS VC++ 14.0 (VS2015)

END.
