#
# There is insufficient memory for the Java Runtime Environment to continue.
# Native memory allocation (malloc) failed to allocate 1840656 bytes for Chunk::new
# Possible reasons:
#   The system is out of physical RAM or swap space
#   The process is running with CompressedOops enabled, and the Java Heap may be blocking the growth of the native heap
# Possible solutions:
#   Reduce memory load on the system
#   Increase physical memory or swap space
#   Check if swap backing store is full
#   Decrease Java heap size (-Xmx/-Xms)
#   Decrease number of Java threads
#   Decrease Java thread stack sizes (-Xss)
#   Set larger code cache with -XX:ReservedCodeCacheSize=
#   JVM is running with Unscaled Compressed Oops mode in which the Java heap is
#     placed in the first 4GB address space. The Java Heap base address is the
#     maximum limit for the native heap growth. Please use -XX:HeapBaseMinAddress
#     to set the Java Heap base and to place the Java Heap above 4GB virtual address.
# This output file may be truncated or incomplete.
#
#  Out of Memory Error (./src/hotspot/share/memory/arena.cpp:197), pid=27220, tid=11336
#
# JRE version: OpenJDK Runtime Environment (11.0.8+10) (build 11.0.8+10-b944.6842174)
# Java VM: OpenJDK 64-Bit Server VM (11.0.8+10-b944.6842174, mixed mode, tiered, compressed oops, g1 gc, windows-amd64)
# No core dump will be written. Minidumps are not enabled by default on client versions of Windows
#

---------------  S U M M A R Y ------------

Command Line: --add-opens=java.base/java.util=ALL-UNNAMED --add-opens=java.base/java.lang=ALL-UNNAMED --add-opens=java.base/java.lang.invoke=ALL-UNNAMED --add-opens=java.prefs/java.util.prefs=ALL-UNNAMED -Xmx2048m -Dfile.encoding=UTF-8 -Duser.country=IN -Duser.language=en -Duser.variant org.gradle.launcher.daemon.bootstrap.GradleDaemon 6.7.1

Host: Intel(R) Core(TM) i5-9300H CPU @ 2.40GHz, 8 cores, 7G,  Windows 10 , 64 bit Build 19041 (10.0.19041.1023)
Time: Mon Jul 26 21:19:40 2021 India Standard Time elapsed time: 18 seconds (0d 0h 0m 18s)

---------------  T H R E A D  ---------------

Current thread (0x00000244729c8800):  JavaThread "C2 CompilerThread2" daemon [_thread_in_native, id=11336, stack(0x000000c757b00000,0x000000c757c00000)]


Current CompileTask:
C2:  18484 11056   !   4       java.net.URLClassLoader$1::run (63 bytes)

Stack: [0x000000c757b00000,0x000000c757c00000]
Native frames: (J=compiled Java code, j=interpreted, Vv=VM code, C=native code)
V  [jvm.dll+0x5de50a]
V  [jvm.dll+0x7122f5]
V  [jvm.dll+0x71384d]
V  [jvm.dll+0x713f03]
V  [jvm.dll+0x23e728]
V  [jvm.dll+0xb899c]
V  [jvm.dll+0xb8e9c]
V  [jvm.dll+0x35024d]
V  [jvm.dll+0x31dea3]
V  [jvm.dll+0x31d39a]
V  [jvm.dll+0x1f7702]
V  [jvm.dll+0x1f68d4]
V  [jvm.dll+0x17f32c]
V  [jvm.dll+0x205047]
V  [jvm.dll+0x203891]
V  [jvm.dll+0x6dad3f]
V  [jvm.dll+0x6d3895]
V  [jvm.dll+0x5dd4a6]
C  [ucrtbase.dll+0x21bb2]
C  [KERNEL32.DLL+0x17034]
C  [ntdll.dll+0x52651]


---------------  P R O C E S S  ---------------

Threads class SMR info:
_java_thread_list=0x00000244766df010, length=179, elements={
0x000002445271e000, 0x000002446ea53000, 0x000002446ea5c000, 0x000002446f3d2800,
0x000002446ea6a800, 0x000002446ea6c000, 0x000002446ea77000, 0x000002446ea7b800,
0x000002446f521000, 0x000002446f522000, 0x00000244713f6000, 0x0000024470340800,
0x00000244708e7000, 0x000002446f760000, 0x000002447087d800, 0x000002447135d800,
0x0000024471417000, 0x0000024471fb9000, 0x0000024472902800, 0x00000244713a6000,
0x0000024471aa4000, 0x0000024471aa3000, 0x0000024471a9f000, 0x0000024471aa1800,
0x0000024471aa2800, 0x0000024471a9e800, 0x0000024471aa5000, 0x0000024471aa0800,
0x0000024471aa0000, 0x000002447497b800, 0x000002447497e000, 0x000002447497f000,
0x0000024474979000, 0x0000024474980000, 0x000002447497a000, 0x0000024474980800,
0x000002447497b000, 0x0000024474985800, 0x0000024474984000, 0x0000024474984800,
0x0000024474981800, 0x0000024474982000, 0x0000024474986800, 0x0000024474987000,
0x0000024474988000, 0x0000024474983000, 0x0000024472e7f000, 0x0000024472e7c800,
0x0000024472e7e800, 0x0000024472e83000, 0x0000024472e80000, 0x0000024472e7d800,
0x0000024472e84000, 0x0000024472e82800, 0x0000024472e85000, 0x0000024472e85800,
0x0000024472e86800, 0x0000024472e80800, 0x0000024472e87800, 0x0000024472e81800,
0x0000024472e8b800, 0x0000024472e88000, 0x0000024472e89000, 0x0000024472e89800,
0x0000024472e8a800, 0x0000024474a1e800, 0x0000024474a23000, 0x0000024474a23800,
0x0000024474a1f800, 0x0000024474a25000, 0x0000024474a26000, 0x0000024474a22000,
0x0000024474a24800, 0x0000024474a20800, 0x0000024474a27000, 0x0000024474a21000,
0x0000024474a2d800, 0x0000024474a27800, 0x0000024474a29800, 0x0000024474a2b000,
0x0000024474a28800, 0x0000024474a2b800, 0x0000024474a2a000, 0x0000024474a2c800,
0x0000024472f8c800, 0x0000024472f87000, 0x0000024472f89800, 0x0000024472f8a000,
0x0000024472f8d800, 0x0000024472f8b000, 0x0000024472f88000, 0x0000024472f8c000,
0x0000024472f8e800, 0x0000024472f88800, 0x0000024472f93000, 0x0000024472f94000,
0x0000024472f8f000, 0x0000024472f91000, 0x0000024472f95000, 0x0000024472f91800,
0x0000024472f92800, 0x0000024472f95800, 0x0000024472f90000, 0x00000244749a0000,
0x000002447499c800, 0x000002447499e800, 0x000002447499b000, 0x000002447499d800,
0x000002447499c000, 0x000002447499f000, 0x000002447499a800, 0x00000244749a1800,
0x00000244749a4000, 0x00000244749a5000, 0x00000244749a1000, 0x00000244749a2800,
0x00000244749a6800, 0x00000244749a5800, 0x00000244749a9000, 0x00000244749a3800,
0x00000244749a7800, 0x00000244749a8000, 0x0000024474667800, 0x000002447466a800,
0x000002447466a000, 0x0000024474668000, 0x000002447466b800, 0x0000024474665800,
0x0000024474669000, 0x0000024474666800, 0x0000024474671000, 0x000002447466e800,
0x0000024474672000, 0x000002447466c000, 0x000002447466e000, 0x000002447466f800,
0x0000024474670800, 0x0000024474673000, 0x000002447466d000, 0x0000024474673800,
0x0000024474674800, 0x00000244762a5000, 0x00000244762a4000, 0x00000244762a5800,
0x00000244762a8000, 0x00000244762ac800, 0x00000244762a7800, 0x00000244762aa800,
0x00000244762a9000, 0x00000244762aa000, 0x00000244762ab800, 0x00000244762a6800,
0x00000244762b3000, 0x00000244762af800, 0x00000244762b1000, 0x00000244762b2000,
0x00000244762b0800, 0x00000244762ad000, 0x00000244762ae800, 0x000002447643b000,
0x0000024476435800, 0x000002447643a000, 0x000002447643c000, 0x0000024476436000,
0x000002447643c800, 0x0000024476437000, 0x000002447643d800, 0x0000024476437800,
0x0000024476439800, 0x0000024472c33800, 0x00000244729c8800, 0x0000024476438800,
0x0000024476440000, 0x000002447643f000, 0x0000024476444000, 0x0000024476440800,
0x0000024476441800, 0x0000024476442800, 0x0000024476443000
}

Java Threads: ( => current thread )
  0x000002445271e000 JavaThread "main" [_thread_blocked, id=34004, stack(0x000000c754f00000,0x000000c755000000)]
  0x000002446ea53000 JavaThread "Reference Handler" daemon [_thread_blocked, id=9604, stack(0x000000c755600000,0x000000c755700000)]
  0x000002446ea5c000 JavaThread "Finalizer" daemon [_thread_blocked, id=38600, stack(0x000000c755700000,0x000000c755800000)]
  0x000002446f3d2800 JavaThread "Signal Dispatcher" daemon [_thread_blocked, id=6336, stack(0x000000c755800000,0x000000c755900000)]
  0x000002446ea6a800 JavaThread "Attach Listener" daemon [_thread_blocked, id=29508, stack(0x000000c755900000,0x000000c755a00000)]
  0x000002446ea6c000 JavaThread "C2 CompilerThread0" daemon [_thread_in_native, id=35576, stack(0x000000c755a00000,0x000000c755b00000)]
  0x000002446ea77000 JavaThread "C1 CompilerThread0" daemon [_thread_in_native, id=22860, stack(0x000000c755b00000,0x000000c755c00000)]
  0x000002446ea7b800 JavaThread "Sweeper thread" daemon [_thread_blocked, id=37364, stack(0x000000c755c00000,0x000000c755d00000)]
  0x000002446f521000 JavaThread "Common-Cleaner" daemon [_thread_blocked, id=25500, stack(0x000000c755d00000,0x000000c755e00000)]
  0x000002446f522000 JavaThread "Service Thread" daemon [_thread_blocked, id=21096, stack(0x000000c755e00000,0x000000c755f00000)]
  0x00000244713f6000 JavaThread "Daemon health stats" [_thread_blocked, id=36556, stack(0x000000c756400000,0x000000c756500000)]
  0x0000024470340800 JavaThread "Incoming local TCP Connector on port 53680" [_thread_in_native, id=21244, stack(0x000000c756500000,0x000000c756600000)]
  0x00000244708e7000 JavaThread "Daemon periodic checks" [_thread_blocked, id=10168, stack(0x000000c756600000,0x000000c756700000)]
  0x000002446f760000 JavaThread "Daemon" [_thread_blocked, id=28640, stack(0x000000c756700000,0x000000c756800000)]
  0x000002447087d800 JavaThread "Handler for socket connection from /127.0.0.1:53680 to /127.0.0.1:53681" [_thread_in_native, id=13796, stack(0x000000c756800000,0x000000c756900000)]
  0x000002447135d800 JavaThread "Cancel handler" [_thread_blocked, id=32212, stack(0x000000c756900000,0x000000c756a00000)]
  0x0000024471417000 JavaThread "Daemon worker" [_thread_blocked, id=35860, stack(0x000000c756a00000,0x000000c756b00000)]
  0x0000024471fb9000 JavaThread "Asynchronous log dispatcher for DefaultDaemonConnection: socket connection from /127.0.0.1:53680 to /127.0.0.1:53681" [_thread_blocked, id=9460, stack(0x000000c756b00000,0x000000c756c00000)]
  0x0000024472902800 JavaThread "Stdin handler" [_thread_blocked, id=3532, stack(0x000000c756c00000,0x000000c756d00000)]
  0x00000244713a6000 JavaThread "Thread-8" [_thread_blocked, id=20956, stack(0x000000c756d00000,0x000000c756e00000)]
  0x0000024471aa4000 JavaThread "Cache worker for file hash cache (C:\Users\Dark Knight\.gradle\caches\6.7.1\fileHashes)" [_thread_blocked, id=2388, stack(0x000000c757300000,0x000000c757400000)]
  0x0000024471aa3000 JavaThread "File lock request listener" [_thread_in_native, id=35664, stack(0x000000c757400000,0x000000c757500000)]
  0x0000024471a9f000 JavaThread "Cache worker for journal cache (C:\Users\Dark Knight\.gradle\caches\journal-1)" [_thread_blocked, id=14448, stack(0x000000c757600000,0x000000c757700000)]
  0x0000024471aa1800 JavaThread "Cache worker for file hash cache (C:\Android Projects\Udemy TUTORIAL\KidsDrawingApp\.gradle\6.7.1\fileHashes)" [_thread_blocked, id=36196, stack(0x000000c757800000,0x000000c757900000)]
  0x0000024471aa2800 JavaThread "Cache worker for checksums cache (C:\Android Projects\Udemy TUTORIAL\KidsDrawingApp\.gradle\checksums)" [_thread_blocked, id=32524, stack(0x000000c757900000,0x000000c757a00000)]
  0x0000024471a9e800 JavaThread "Cache worker for cache directory md-supplier (C:\Users\Dark Knight\.gradle\caches\6.7.1\md-supplier)" [_thread_blocked, id=22020, stack(0x000000c757a00000,0x000000c757b00000)]
  0x0000024471aa5000 JavaThread "Cache worker for cache directory md-rule (C:\Users\Dark Knight\.gradle\caches\6.7.1\md-rule)" [_thread_blocked, id=29360, stack(0x000000c757c00000,0x000000c757d00000)]
  0x0000024471aa0800 JavaThread "Cache worker for execution history cache (C:\Users\Dark Knight\.gradle\caches\6.7.1\executionHistory)" [_thread_blocked, id=36512, stack(0x000000c757d00000,0x000000c757e00000)]
  0x0000024471aa0000 JavaThread "jar transforms" [_thread_blocked, id=22008, stack(0x000000c757e00000,0x000000c757f00000)]
  0x000002447497b800 JavaThread "Cache worker for file content cache (C:\Users\Dark Knight\.gradle\caches\6.7.1\fileContent)" [_thread_blocked, id=30640, stack(0x000000c757f00000,0x000000c758000000)]
  0x000002447497e000 JavaThread "Cache worker for Build Output Cleanup Cache (C:\Android Projects\Udemy TUTORIAL\KidsDrawingApp\.gradle\buildOutputCleanup)" [_thread_blocked, id=32464, stack(0x000000c758000000,0x000000c758100000)]
  0x000002447497f000 JavaThread "Build operations" [_thread_blocked, id=38192, stack(0x000000c758100000,0x000000c758200000)]
  0x0000024474979000 JavaThread "Build operations Thread 2" [_thread_blocked, id=19116, stack(0x000000c758200000,0x000000c758300000)]
  0x0000024474980000 JavaThread "Build operations Thread 3" [_thread_blocked, id=4068, stack(0x000000c758300000,0x000000c758400000)]
  0x000002447497a000 JavaThread "Build operations Thread 4" [_thread_blocked, id=38848, stack(0x000000c758400000,0x000000c758500000)]
  0x0000024474980800 JavaThread "Build operations Thread 5" [_thread_blocked, id=15732, stack(0x000000c758500000,0x000000c758600000)]
  0x000002447497b000 JavaThread "Build operations Thread 6" [_thread_blocked, id=25300, stack(0x000000c758600000,0x000000c758700000)]
  0x0000024474985800 JavaThread "Build operations Thread 7" [_thread_blocked, id=35820, stack(0x000000c758700000,0x000000c758800000)]
  0x0000024474984000 JavaThread "Build operations Thread 8" [_thread_blocked, id=33152, stack(0x000000c758800000,0x000000c758900000)]
  0x0000024474984800 JavaThread "jar transforms Thread 2" [_thread_blocked, id=32468, stack(0x000000c758900000,0x000000c758a00000)]
  0x0000024474981800 JavaThread "jar transforms Thread 3" [_thread_blocked, id=27184, stack(0x000000c758a00000,0x000000c758b00000)]
  0x0000024474982000 JavaThread "jar transforms Thread 4" [_thread_blocked, id=34476, stack(0x000000c758b00000,0x000000c758c00000)]
  0x0000024474986800 JavaThread "jar transforms Thread 5" [_thread_blocked, id=23588, stack(0x000000c758c00000,0x000000c758d00000)]
  0x0000024474987000 JavaThread "jar transforms Thread 6" [_thread_blocked, id=25168, stack(0x000000c758d00000,0x000000c758e00000)]
  0x0000024474988000 JavaThread "jar transforms Thread 7" [_thread_blocked, id=34964, stack(0x000000c758e00000,0x000000c758f00000)]
  0x0000024474983000 JavaThread "jar transforms Thread 8" [_thread_blocked, id=37748, stack(0x000000c758f00000,0x000000c759000000)]
  0x0000024472e7f000 JavaThread "jar transforms Thread 9" [_thread_blocked, id=2820, stack(0x000000c759000000,0x000000c759100000)]
  0x0000024472e7c800 JavaThread "jar transforms Thread 10" [_thread_blocked, id=17308, stack(0x000000c759100000,0x000000c759200000)]
  0x0000024472e7e800 JavaThread "jar transforms Thread 11" [_thread_blocked, id=19828, stack(0x000000c759200000,0x000000c759300000)]
  0x0000024472e83000 JavaThread "jar transforms Thread 12" [_thread_blocked, id=6200, stack(0x000000c759300000,0x000000c759400000)]
  0x0000024472e80000 JavaThread "jar transforms Thread 13" [_thread_blocked, id=37716, stack(0x000000c759400000,0x000000c759500000)]
  0x0000024472e7d800 JavaThread "jar transforms Thread 14" [_thread_blocked, id=31772, stack(0x000000c759500000,0x000000c759600000)]
  0x0000024472e84000 JavaThread "jar transforms Thread 15" [_thread_blocked, id=31260, stack(0x000000c759600000,0x000000c759700000)]
  0x0000024472e82800 JavaThread "jar transforms Thread 16" [_thread_blocked, id=33140, stack(0x000000c759700000,0x000000c759800000)]
  0x0000024472e85000 JavaThread "jar transforms Thread 17" [_thread_blocked, id=35420, stack(0x000000c759800000,0x000000c759900000)]
  0x0000024472e85800 JavaThread "jar transforms Thread 18" [_thread_blocked, id=33496, stack(0x000000c759900000,0x000000c759a00000)]
  0x0000024472e86800 JavaThread "jar transforms Thread 19" [_thread_blocked, id=23772, stack(0x000000c759a00000,0x000000c759b00000)]
  0x0000024472e80800 JavaThread "jar transforms Thread 20" [_thread_blocked, id=29816, stack(0x000000c759b00000,0x000000c759c00000)]
  0x0000024472e87800 JavaThread "jar transforms Thread 21" [_thread_blocked, id=24608, stack(0x000000c759c00000,0x000000c759d00000)]
  0x0000024472e81800 JavaThread "jar transforms Thread 22" [_thread_blocked, id=21328, stack(0x000000c759d00000,0x000000c759e00000)]
  0x0000024472e8b800 JavaThread "jar transforms Thread 23" [_thread_blocked, id=30144, stack(0x000000c759e00000,0x000000c759f00000)]
  0x0000024472e88000 JavaThread "jar transforms Thread 24" [_thread_blocked, id=35344, stack(0x000000c759f00000,0x000000c75a000000)]
  0x0000024472e89000 JavaThread "jar transforms Thread 25" [_thread_blocked, id=29152, stack(0x000000c75a000000,0x000000c75a100000)]
  0x0000024472e89800 JavaThread "jar transforms Thread 26" [_thread_blocked, id=10340, stack(0x000000c75a100000,0x000000c75a200000)]
  0x0000024472e8a800 JavaThread "jar transforms Thread 27" [_thread_blocked, id=33004, stack(0x000000c75a200000,0x000000c75a300000)]
  0x0000024474a1e800 JavaThread "jar transforms Thread 28" [_thread_blocked, id=11900, stack(0x000000c75a300000,0x000000c75a400000)]
  0x0000024474a23000 JavaThread "jar transforms Thread 29" [_thread_blocked, id=11060, stack(0x000000c75a400000,0x000000c75a500000)]
  0x0000024474a23800 JavaThread "jar transforms Thread 30" [_thread_blocked, id=35208, stack(0x000000c75a500000,0x000000c75a600000)]
  0x0000024474a1f800 JavaThread "jar transforms Thread 31" [_thread_blocked, id=16868, stack(0x000000c75a600000,0x000000c75a700000)]
  0x0000024474a25000 JavaThread "jar transforms Thread 32" [_thread_blocked, id=30296, stack(0x000000c75a700000,0x000000c75a800000)]
  0x0000024474a26000 JavaThread "jar transforms Thread 33" [_thread_blocked, id=16532, stack(0x000000c75a800000,0x000000c75a900000)]
  0x0000024474a22000 JavaThread "jar transforms Thread 34" [_thread_blocked, id=38292, stack(0x000000c75a900000,0x000000c75aa00000)]
  0x0000024474a24800 JavaThread "jar transforms Thread 35" [_thread_blocked, id=36344, stack(0x000000c75aa00000,0x000000c75ab00000)]
  0x0000024474a20800 JavaThread "jar transforms Thread 36" [_thread_blocked, id=23056, stack(0x000000c75ab00000,0x000000c75ac00000)]
  0x0000024474a27000 JavaThread "jar transforms Thread 37" [_thread_blocked, id=36816, stack(0x000000c75ac00000,0x000000c75ad00000)]
  0x0000024474a21000 JavaThread "jar transforms Thread 38" [_thread_blocked, id=36256, stack(0x000000c75ad00000,0x000000c75ae00000)]
  0x0000024474a2d800 JavaThread "jar transforms Thread 39" [_thread_blocked, id=10460, stack(0x000000c75ae00000,0x000000c75af00000)]
  0x0000024474a27800 JavaThread "jar transforms Thread 40" [_thread_blocked, id=24276, stack(0x000000c75af00000,0x000000c75b000000)]
  0x0000024474a29800 JavaThread "jar transforms Thread 41" [_thread_blocked, id=31336, stack(0x000000c75b000000,0x000000c75b100000)]
  0x0000024474a2b000 JavaThread "jar transforms Thread 42" [_thread_blocked, id=33300, stack(0x000000c75b100000,0x000000c75b200000)]
  0x0000024474a28800 JavaThread "jar transforms Thread 43" [_thread_blocked, id=37484, stack(0x000000c75b200000,0x000000c75b300000)]
  0x0000024474a2b800 JavaThread "jar transforms Thread 44" [_thread_blocked, id=30028, stack(0x000000c75b300000,0x000000c75b400000)]
  0x0000024474a2a000 JavaThread "jar transforms Thread 45" [_thread_blocked, id=35116, stack(0x000000c75b400000,0x000000c75b500000)]
  0x0000024474a2c800 JavaThread "jar transforms Thread 46" [_thread_blocked, id=36260, stack(0x000000c75b500000,0x000000c75b600000)]
  0x0000024472f8c800 JavaThread "jar transforms Thread 47" [_thread_blocked, id=19084, stack(0x000000c75b600000,0x000000c75b700000)]
  0x0000024472f87000 JavaThread "jar transforms Thread 48" [_thread_blocked, id=19108, stack(0x000000c75b700000,0x000000c75b800000)]
  0x0000024472f89800 JavaThread "jar transforms Thread 49" [_thread_blocked, id=36820, stack(0x000000c75b800000,0x000000c75b900000)]
  0x0000024472f8a000 JavaThread "jar transforms Thread 50" [_thread_blocked, id=16892, stack(0x000000c75b900000,0x000000c75ba00000)]
  0x0000024472f8d800 JavaThread "jar transforms Thread 51" [_thread_blocked, id=31396, stack(0x000000c75ba00000,0x000000c75bb00000)]
  0x0000024472f8b000 JavaThread "jar transforms Thread 52" [_thread_blocked, id=31568, stack(0x000000c75bb00000,0x000000c75bc00000)]
  0x0000024472f88000 JavaThread "jar transforms Thread 53" [_thread_blocked, id=28336, stack(0x000000c75bc00000,0x000000c75bd00000)]
  0x0000024472f8c000 JavaThread "jar transforms Thread 54" [_thread_blocked, id=16016, stack(0x000000c75bd00000,0x000000c75be00000)]
  0x0000024472f8e800 JavaThread "jar transforms Thread 55" [_thread_blocked, id=13156, stack(0x000000c75be00000,0x000000c75bf00000)]
  0x0000024472f88800 JavaThread "jar transforms Thread 56" [_thread_blocked, id=1424, stack(0x000000c75bf00000,0x000000c75c000000)]
  0x0000024472f93000 JavaThread "jar transforms Thread 57" [_thread_blocked, id=20496, stack(0x000000c75c000000,0x000000c75c100000)]
  0x0000024472f94000 JavaThread "jar transforms Thread 58" [_thread_blocked, id=27468, stack(0x000000c75c100000,0x000000c75c200000)]
  0x0000024472f8f000 JavaThread "jar transforms Thread 59" [_thread_blocked, id=37828, stack(0x000000c75c200000,0x000000c75c300000)]
  0x0000024472f91000 JavaThread "jar transforms Thread 60" [_thread_blocked, id=3692, stack(0x000000c75c300000,0x000000c75c400000)]
  0x0000024472f95000 JavaThread "jar transforms Thread 61" [_thread_blocked, id=30348, stack(0x000000c75c400000,0x000000c75c500000)]
  0x0000024472f91800 JavaThread "jar transforms Thread 62" [_thread_blocked, id=33996, stack(0x000000c75c500000,0x000000c75c600000)]
  0x0000024472f92800 JavaThread "jar transforms Thread 63" [_thread_blocked, id=10904, stack(0x000000c75c600000,0x000000c75c700000)]
  0x0000024472f95800 JavaThread "jar transforms Thread 64" [_thread_blocked, id=32124, stack(0x000000c75c700000,0x000000c75c800000)]
  0x0000024472f90000 JavaThread "jar transforms Thread 65" [_thread_blocked, id=33872, stack(0x000000c75c800000,0x000000c75c900000)]
  0x00000244749a0000 JavaThread "jar transforms Thread 66" [_thread_blocked, id=34420, stack(0x000000c75c900000,0x000000c75ca00000)]
  0x000002447499c800 JavaThread "jar transforms Thread 67" [_thread_blocked, id=33980, stack(0x000000c75ca00000,0x000000c75cb00000)]
  0x000002447499e800 JavaThread "jar transforms Thread 68" [_thread_blocked, id=28732, stack(0x000000c75cb00000,0x000000c75cc00000)]
  0x000002447499b000 JavaThread "jar transforms Thread 69" [_thread_blocked, id=30040, stack(0x000000c75cc00000,0x000000c75cd00000)]
  0x000002447499d800 JavaThread "jar transforms Thread 70" [_thread_blocked, id=16144, stack(0x000000c75cd00000,0x000000c75ce00000)]
  0x000002447499c000 JavaThread "jar transforms Thread 71" [_thread_blocked, id=12524, stack(0x000000c75ce00000,0x000000c75cf00000)]
  0x000002447499f000 JavaThread "jar transforms Thread 72" [_thread_blocked, id=31668, stack(0x000000c75cf00000,0x000000c75d000000)]
  0x000002447499a800 JavaThread "jar transforms Thread 73" [_thread_blocked, id=21956, stack(0x000000c75d000000,0x000000c75d100000)]
  0x00000244749a1800 JavaThread "jar transforms Thread 74" [_thread_blocked, id=27356, stack(0x000000c75d100000,0x000000c75d200000)]
  0x00000244749a4000 JavaThread "jar transforms Thread 75" [_thread_blocked, id=13268, stack(0x000000c75d200000,0x000000c75d300000)]
  0x00000244749a5000 JavaThread "jar transforms Thread 76" [_thread_blocked, id=27856, stack(0x000000c75d300000,0x000000c75d400000)]
  0x00000244749a1000 JavaThread "jar transforms Thread 77" [_thread_blocked, id=20744, stack(0x000000c75d400000,0x000000c75d500000)]
  0x00000244749a2800 JavaThread "jar transforms Thread 78" [_thread_blocked, id=36124, stack(0x000000c75d500000,0x000000c75d600000)]
  0x00000244749a6800 JavaThread "jar transforms Thread 79" [_thread_blocked, id=5784, stack(0x000000c75d600000,0x000000c75d700000)]
  0x00000244749a5800 JavaThread "jar transforms Thread 80" [_thread_blocked, id=2224, stack(0x000000c75d700000,0x000000c75d800000)]
  0x00000244749a9000 JavaThread "jar transforms Thread 81" [_thread_blocked, id=36920, stack(0x000000c75d800000,0x000000c75d900000)]
  0x00000244749a3800 JavaThread "jar transforms Thread 82" [_thread_blocked, id=16648, stack(0x000000c75d900000,0x000000c75da00000)]
  0x00000244749a7800 JavaThread "jar transforms Thread 83" [_thread_blocked, id=12512, stack(0x000000c75da00000,0x000000c75db00000)]
  0x00000244749a8000 JavaThread "jar transforms Thread 84" [_thread_blocked, id=30384, stack(0x000000c75db00000,0x000000c75dc00000)]
  0x0000024474667800 JavaThread "jar transforms Thread 85" [_thread_blocked, id=23860, stack(0x000000c75dc00000,0x000000c75dd00000)]
  0x000002447466a800 JavaThread "jar transforms Thread 86" [_thread_blocked, id=31760, stack(0x000000c75dd00000,0x000000c75de00000)]
  0x000002447466a000 JavaThread "jar transforms Thread 87" [_thread_blocked, id=32184, stack(0x000000c75de00000,0x000000c75df00000)]
  0x0000024474668000 JavaThread "jar transforms Thread 88" [_thread_blocked, id=36152, stack(0x000000c75df00000,0x000000c75e000000)]
  0x000002447466b800 JavaThread "jar transforms Thread 89" [_thread_blocked, id=33316, stack(0x000000c75e000000,0x000000c75e100000)]
  0x0000024474665800 JavaThread "jar transforms Thread 90" [_thread_blocked, id=30980, stack(0x000000c75e100000,0x000000c75e200000)]
  0x0000024474669000 JavaThread "jar transforms Thread 91" [_thread_blocked, id=14596, stack(0x000000c75e200000,0x000000c75e300000)]
  0x0000024474666800 JavaThread "jar transforms Thread 92" [_thread_blocked, id=14424, stack(0x000000c75e300000,0x000000c75e400000)]
  0x0000024474671000 JavaThread "jar transforms Thread 93" [_thread_blocked, id=24160, stack(0x000000c75e400000,0x000000c75e500000)]
  0x000002447466e800 JavaThread "jar transforms Thread 94" [_thread_blocked, id=24696, stack(0x000000c75e500000,0x000000c75e600000)]
  0x0000024474672000 JavaThread "jar transforms Thread 95" [_thread_blocked, id=25668, stack(0x000000c75e600000,0x000000c75e700000)]
  0x000002447466c000 JavaThread "jar transforms Thread 96" [_thread_blocked, id=19628, stack(0x000000c75e700000,0x000000c75e800000)]
  0x000002447466e000 JavaThread "jar transforms Thread 97" [_thread_blocked, id=22664, stack(0x000000c75e800000,0x000000c75e900000)]
  0x000002447466f800 JavaThread "jar transforms Thread 98" [_thread_blocked, id=27920, stack(0x000000c75e900000,0x000000c75ea00000)]
  0x0000024474670800 JavaThread "jar transforms Thread 99" [_thread_blocked, id=5088, stack(0x000000c75ea00000,0x000000c75eb00000)]
  0x0000024474673000 JavaThread "jar transforms Thread 100" [_thread_blocked, id=18104, stack(0x000000c75eb00000,0x000000c75ec00000)]
  0x000002447466d000 JavaThread "jar transforms Thread 101" [_thread_blocked, id=25260, stack(0x000000c75ec00000,0x000000c75ed00000)]
  0x0000024474673800 JavaThread "jar transforms Thread 102" [_thread_blocked, id=17456, stack(0x000000c75ed00000,0x000000c75ee00000)]
  0x0000024474674800 JavaThread "jar transforms Thread 103" [_thread_blocked, id=7664, stack(0x000000c75ee00000,0x000000c75ef00000)]
  0x00000244762a5000 JavaThread "jar transforms Thread 104" [_thread_blocked, id=8680, stack(0x000000c75ef00000,0x000000c75f000000)]
  0x00000244762a4000 JavaThread "jar transforms Thread 105" [_thread_blocked, id=3552, stack(0x000000c75f000000,0x000000c75f100000)]
  0x00000244762a5800 JavaThread "jar transforms Thread 106" [_thread_blocked, id=33888, stack(0x000000c75f100000,0x000000c75f200000)]
  0x00000244762a8000 JavaThread "jar transforms Thread 107" [_thread_blocked, id=24848, stack(0x000000c75f200000,0x000000c75f300000)]
  0x00000244762ac800 JavaThread "jar transforms Thread 108" [_thread_blocked, id=13664, stack(0x000000c75f300000,0x000000c75f400000)]
  0x00000244762a7800 JavaThread "jar transforms Thread 109" [_thread_blocked, id=12300, stack(0x000000c75f400000,0x000000c75f500000)]
  0x00000244762aa800 JavaThread "jar transforms Thread 110" [_thread_blocked, id=13852, stack(0x000000c75f500000,0x000000c75f600000)]
  0x00000244762a9000 JavaThread "jar transforms Thread 111" [_thread_blocked, id=13868, stack(0x000000c75f600000,0x000000c75f700000)]
  0x00000244762aa000 JavaThread "jar transforms Thread 112" [_thread_blocked, id=37180, stack(0x000000c75f700000,0x000000c75f800000)]
  0x00000244762ab800 JavaThread "jar transforms Thread 113" [_thread_blocked, id=20152, stack(0x000000c75f800000,0x000000c75f900000)]
  0x00000244762a6800 JavaThread "jar transforms Thread 114" [_thread_blocked, id=22452, stack(0x000000c75f900000,0x000000c75fa00000)]
  0x00000244762b3000 JavaThread "jar transforms Thread 115" [_thread_blocked, id=33328, stack(0x000000c75fa00000,0x000000c75fb00000)]
  0x00000244762af800 JavaThread "jar transforms Thread 116" [_thread_blocked, id=35156, stack(0x000000c75fb00000,0x000000c75fc00000)]
  0x00000244762b1000 JavaThread "jar transforms Thread 117" [_thread_blocked, id=37036, stack(0x000000c75fc00000,0x000000c75fd00000)]
  0x00000244762b2000 JavaThread "jar transforms Thread 118" [_thread_blocked, id=36060, stack(0x000000c75fd00000,0x000000c75fe00000)]
  0x00000244762b0800 JavaThread "jar transforms Thread 119" [_thread_blocked, id=15484, stack(0x000000c75fe00000,0x000000c75ff00000)]
  0x00000244762ad000 JavaThread "Memory manager" [_thread_blocked, id=35328, stack(0x000000c75ff00000,0x000000c760000000)]
  0x00000244762ae800 JavaThread "build event listener" [_thread_blocked, id=31436, stack(0x000000c760000000,0x000000c760100000)]
  0x000002447643b000 JavaThread "pool-3-thread-1" [_thread_blocked, id=32620, stack(0x000000c760100000,0x000000c760200000)]
  0x0000024476435800 JavaThread "build event listener" [_thread_blocked, id=29616, stack(0x000000c760200000,0x000000c760300000)]
  0x000002447643a000 JavaThread "Execution worker for ':'" [_thread_blocked, id=35980, stack(0x000000c760300000,0x000000c760400000)]
  0x000002447643c000 JavaThread "Execution worker for ':' Thread 2" [_thread_blocked, id=22796, stack(0x000000c760400000,0x000000c760500000)]
  0x0000024476436000 JavaThread "Execution worker for ':' Thread 3" [_thread_blocked, id=12412, stack(0x000000c760500000,0x000000c760600000)]
  0x000002447643c800 JavaThread "Execution worker for ':' Thread 4" [_thread_blocked, id=31052, stack(0x000000c760600000,0x000000c760700000)]
  0x0000024476437000 JavaThread "Execution worker for ':' Thread 5" [_thread_blocked, id=9508, stack(0x000000c760700000,0x000000c760800000)]
  0x000002447643d800 JavaThread "Execution worker for ':' Thread 6" [_thread_in_vm_trans, id=28424, stack(0x000000c760800000,0x000000c760900000)]
  0x0000024476437800 JavaThread "Execution worker for ':' Thread 7" [_thread_blocked, id=23260, stack(0x000000c760900000,0x000000c760a00000)]
  0x0000024476439800 JavaThread "Cache worker for execution history cache (C:\Android Projects\Udemy TUTORIAL\KidsDrawingApp\.gradle\6.7.1\executionHistory)" [_thread_blocked, id=12144, stack(0x000000c760a00000,0x000000c760b00000)]
  0x0000024472c33800 JavaThread "C2 CompilerThread1" daemon [_thread_in_native, id=15576, stack(0x000000c757700000,0x000000c757800000)]
=>0x00000244729c8800 JavaThread "C2 CompilerThread2" daemon [_thread_in_native, id=11336, stack(0x000000c757b00000,0x000000c757c00000)]
  0x0000024476438800 JavaThread "WorkerExecutor Queue" [_thread_blocked, id=10100, stack(0x000000c760b00000,0x000000c760c00000)]
  0x0000024476440000 JavaThread "WorkerExecutor Queue Thread 2" [_thread_blocked, id=8156, stack(0x000000c760e00000,0x000000c760f00000)]
  0x000002447643f000 JavaThread "WorkerExecutor Queue Thread 3" [_thread_blocked, id=9232, stack(0x000000c760f00000,0x000000c761000000)]
  0x0000024476444000 JavaThread "WorkerExecutor Queue Thread 4" [_thread_blocked, id=32824, stack(0x000000c761000000,0x000000c761100000)]
  0x0000024476440800 JavaThread "WorkerExecutor Queue Thread 5" [_thread_blocked, id=34472, stack(0x000000c761100000,0x000000c761200000)]
  0x0000024476441800 JavaThread "WorkerExecutor Queue Thread 6" [_thread_blocked, id=5988, stack(0x000000c761200000,0x000000c761300000)]
  0x0000024476442800 JavaThread "WorkerExecutor Queue Thread 7" [_thread_blocked, id=4896, stack(0x000000c761300000,0x000000c761400000)]
  0x0000024476443000 JavaThread "WorkerExecutor Queue Thread 8" [_thread_blocked, id=10092, stack(0x000000c761400000,0x000000c761500000)]

Other Threads:
  0x000002446ea4f000 VMThread "VM Thread" [stack: 0x000000c755500000,0x000000c755600000] [id=13744]
  0x000002446f523000 WatcherThread [stack: 0x000000c755f00000,0x000000c756000000] [id=1948]
  0x00000244527a5000 GCTaskThread "GC Thread#0" [stack: 0x000000c755000000,0x000000c755100000] [id=36584]
  0x000002447005c800 GCTaskThread "GC Thread#1" [stack: 0x000000c756100000,0x000000c756200000] [id=9680]
  0x000002446fefc800 GCTaskThread "GC Thread#2" [stack: 0x000000c756200000,0x000000c756300000] [id=29248]
  0x00000244717fd000 GCTaskThread "GC Thread#3" [stack: 0x000000c756e00000,0x000000c756f00000] [id=38272]
  0x0000024471f69800 GCTaskThread "GC Thread#4" [stack: 0x000000c756f00000,0x000000c757000000] [id=24560]
  0x0000024471b3c800 GCTaskThread "GC Thread#5" [stack: 0x000000c757000000,0x000000c757100000] [id=26132]
  0x0000024471fa1800 GCTaskThread "GC Thread#6" [stack: 0x000000c757100000,0x000000c757200000] [id=38280]
  0x000002447166f000 GCTaskThread "GC Thread#7" [stack: 0x000000c757200000,0x000000c757300000] [id=34264]
  0x00000244527d5800 ConcurrentGCThread "G1 Main Marker" [stack: 0x000000c755100000,0x000000c755200000] [id=22012]
  0x00000244527d7800 ConcurrentGCThread "G1 Conc#0" [stack: 0x000000c755200000,0x000000c755300000] [id=8564]
  0x00000244728db800 ConcurrentGCThread "G1 Conc#1" [stack: 0x000000c757500000,0x000000c757600000] [id=10420]
  0x000002446e8a0800 ConcurrentGCThread "G1 Refine#0" [stack: 0x000000c755300000,0x000000c755400000] [id=9776]
  0x00000244745cd800 ConcurrentGCThread "G1 Refine#1" [stack: 0x000000c760c00000,0x000000c760d00000] [id=10540]
  0x0000024475249800 ConcurrentGCThread "G1 Refine#2" [stack: 0x000000c760d00000,0x000000c760e00000] [id=18616]
  0x000002446e8a1000 ConcurrentGCThread "G1 Young RemSet Sampling" [stack: 0x000000c755400000,0x000000c755500000] [id=27848]

Threads with active compile tasks:
C2 CompilerThread0  18531 11069       4       java.net.URLClassLoader::isSealed (70 bytes)
C2 CompilerThread1  18531 9454   !   4       java.io.ObjectOutputStream::writeObject0 (619 bytes)
C2 CompilerThread2  18531 11056   !   4       java.net.URLClassLoader$1::run (63 bytes)

VM state:not at safepoint (normal execution)

VM Mutex/Monitor currently owned by a thread: None

Heap address: 0x0000000080000000, size: 2048 MB, Compressed Oops mode: 32-bit
Narrow klass base: 0x0000000000000000, Narrow klass shift: 3
Compressed class space size: 1073741824 Address: 0x0000000100000000

Heap:
 garbage-first heap   total 227328K, used 88274K [0x0000000080000000, 0x0000000100000000)
  region size 1024K, 11 young (11264K), 2 survivors (2048K)
 Metaspace       used 89107K, capacity 91162K, committed 91392K, reserved 1128448K
  class space    used 11244K, capacity 11956K, committed 12032K, reserved 1048576K
Heap Regions: E=young(eden), S=young(survivor), O=old, HS=humongous(starts), HC=humongous(continues), CS=collection set, F=free, A=archive, TAMS=top-at-mark-start (previous, next)
|   0|0x0000000080000000, 0x0000000080100000, 0x0000000080100000|100%| O|  |TAMS 0x0000000080100000, 0x0000000080000000| Untracked 
|   1|0x0000000080100000, 0x0000000080200000, 0x0000000080200000|100%| O|  |TAMS 0x0000000080200000, 0x0000000080100000| Untracked 
|   2|0x0000000080200000, 0x0000000080300000, 0x0000000080300000|100%| O|  |TAMS 0x0000000080300000, 0x0000000080200000| Untracked 
|   3|0x0000000080300000, 0x0000000080400000, 0x0000000080400000|100%|HS|  |TAMS 0x0000000080400000, 0x0000000080300000| Complete 
|   4|0x0000000080400000, 0x0000000080500000, 0x0000000080500000|100%|HC|  |TAMS 0x0000000080500000, 0x0000000080400000| Complete 
|   5|0x0000000080500000, 0x0000000080600000, 0x0000000080600000|100%|HC|  |TAMS 0x0000000080600000, 0x0000000080500000| Complete 
|   6|0x0000000080600000, 0x0000000080700000, 0x0000000080700000|100%| O|  |TAMS 0x0000000080700000, 0x0000000080600000| Untracked 
|   7|0x0000000080700000, 0x0000000080800000, 0x0000000080800000|100%| O|  |TAMS 0x0000000080800000, 0x0000000080700000| Untracked 
|   8|0x0000000080800000, 0x0000000080900000, 0x0000000080900000|100%| O|  |TAMS 0x0000000080900000, 0x0000000080800000| Untracked 
|   9|0x0000000080900000, 0x0000000080a00000, 0x0000000080a00000|100%| O|  |TAMS 0x0000000080a00000, 0x0000000080900000| Untracked 
|  10|0x0000000080a00000, 0x0000000080b00000, 0x0000000080b00000|100%| O|  |TAMS 0x0000000080b00000, 0x0000000080a00000| Untracked 
|  11|0x0000000080b00000, 0x0000000080c00000, 0x0000000080c00000|100%| O|  |TAMS 0x0000000080c00000, 0x0000000080b00000| Untracked 
|  12|0x0000000080c00000, 0x0000000080d00000, 0x0000000080d00000|100%| O|  |TAMS 0x0000000080d00000, 0x0000000080c00000| Untracked 
|  13|0x0000000080d00000, 0x0000000080e00000, 0x0000000080e00000|100%| O|  |TAMS 0x0000000080e00000, 0x0000000080d00000| Untracked 
|  14|0x0000000080e00000, 0x0000000080f00000, 0x0000000080f00000|100%| O|  |TAMS 0x0000000080f00000, 0x0000000080e00000| Untracked 
|  15|0x0000000080f00000, 0x0000000081000000, 0x0000000081000000|100%| O|  |TAMS 0x0000000081000000, 0x0000000080f00000| Untracked 
|  16|0x0000000081000000, 0x0000000081100000, 0x0000000081100000|100%| O|  |TAMS 0x0000000081100000, 0x0000000081000000| Untracked 
|  17|0x0000000081100000, 0x0000000081200000, 0x0000000081200000|100%| O|  |TAMS 0x0000000081200000, 0x0000000081100000| Untracked 
|  18|0x0000000081200000, 0x0000000081300000, 0x0000000081300000|100%| O|  |TAMS 0x0000000081300000, 0x0000000081200000| Untracked 
|  19|0x0000000081300000, 0x0000000081400000, 0x0000000081400000|100%|HS|  |TAMS 0x0000000081400000, 0x0000000081300000| Complete 
|  20|0x0000000081400000, 0x0000000081500000, 0x0000000081500000|100%| O|  |TAMS 0x0000000081500000, 0x0000000081400000| Untracked 
|  21|0x0000000081500000, 0x0000000081600000, 0x0000000081600000|100%| O|  |TAMS 0x0000000081600000, 0x0000000081500000| Untracked 
|  22|0x0000000081600000, 0x0000000081700000, 0x0000000081700000|100%| O|  |TAMS 0x0000000081700000, 0x0000000081600000| Untracked 
|  23|0x0000000081700000, 0x0000000081800000, 0x0000000081800000|100%|HS|  |TAMS 0x0000000081800000, 0x0000000081700000| Complete 
|  24|0x0000000081800000, 0x0000000081900000, 0x0000000081900000|100%|HS|  |TAMS 0x0000000081900000, 0x0000000081800000| Complete 
|  25|0x0000000081900000, 0x0000000081a00000, 0x0000000081a00000|100%|HC|  |TAMS 0x0000000081a00000, 0x0000000081900000| Complete 
|  26|0x0000000081a00000, 0x0000000081b00000, 0x0000000081b00000|100%|HC|  |TAMS 0x0000000081b00000, 0x0000000081a00000| Complete 
|  27|0x0000000081b00000, 0x0000000081c00000, 0x0000000081c00000|100%|HS|  |TAMS 0x0000000081c00000, 0x0000000081b00000| Complete 
|  28|0x0000000081c00000, 0x0000000081d00000, 0x0000000081d00000|100%|HC|  |TAMS 0x0000000081d00000, 0x0000000081c00000| Complete 
|  29|0x0000000081d00000, 0x0000000081e00000, 0x0000000081e00000|100%| O|  |TAMS 0x0000000081e00000, 0x0000000081d00000| Untracked 
|  30|0x0000000081e00000, 0x0000000081f00000, 0x0000000081f00000|100%| O|  |TAMS 0x0000000081f00000, 0x0000000081e00000| Untracked 
|  31|0x0000000081f00000, 0x0000000082000000, 0x0000000082000000|100%| O|  |TAMS 0x0000000082000000, 0x0000000081f00000| Untracked 
|  32|0x0000000082000000, 0x0000000082100000, 0x0000000082100000|100%| O|  |TAMS 0x0000000082100000, 0x0000000082000000| Untracked 
|  33|0x0000000082100000, 0x0000000082200000, 0x0000000082200000|100%| O|  |TAMS 0x0000000082200000, 0x0000000082100000| Untracked 
|  34|0x0000000082200000, 0x0000000082300000, 0x0000000082300000|100%| O|  |TAMS 0x0000000082300000, 0x0000000082200000| Untracked 
|  35|0x0000000082300000, 0x0000000082400000, 0x0000000082400000|100%| O|  |TAMS 0x0000000082400000, 0x0000000082300000| Untracked 
|  36|0x0000000082400000, 0x0000000082500000, 0x0000000082500000|100%| O|  |TAMS 0x0000000082500000, 0x0000000082400000| Untracked 
|  37|0x0000000082500000, 0x0000000082600000, 0x0000000082600000|100%| O|  |TAMS 0x0000000082600000, 0x0000000082500000| Untracked 
|  38|0x0000000082600000, 0x0000000082700000, 0x0000000082700000|100%| O|  |TAMS 0x0000000082700000, 0x0000000082600000| Untracked 
|  39|0x0000000082700000, 0x0000000082800000, 0x0000000082800000|100%| O|  |TAMS 0x0000000082800000, 0x0000000082700000| Untracked 
|  40|0x0000000082800000, 0x0000000082900000, 0x0000000082900000|100%| O|  |TAMS 0x0000000082900000, 0x0000000082800000| Untracked 
|  41|0x0000000082900000, 0x0000000082a00000, 0x0000000082a00000|100%| O|  |TAMS 0x0000000082a00000, 0x0000000082900000| Untracked 
|  42|0x0000000082a00000, 0x0000000082b00000, 0x0000000082b00000|100%| O|  |TAMS 0x0000000082b00000, 0x0000000082a00000| Untracked 
|  43|0x0000000082b00000, 0x0000000082c00000, 0x0000000082c00000|100%| O|  |TAMS 0x0000000082c00000, 0x0000000082b00000| Untracked 
|  44|0x0000000082c00000, 0x0000000082d00000, 0x0000000082d00000|100%| O|  |TAMS 0x0000000082d00000, 0x0000000082c00000| Untracked 
|  45|0x0000000082d00000, 0x0000000082e00000, 0x0000000082e00000|100%| O|  |TAMS 0x0000000082e00000, 0x0000000082d00000| Untracked 
|  46|0x0000000082e00000, 0x0000000082f00000, 0x0000000082f00000|100%| O|  |TAMS 0x0000000082f00000, 0x0000000082e00000| Untracked 
|  47|0x0000000082f00000, 0x0000000083000000, 0x0000000083000000|100%| O|  |TAMS 0x0000000083000000, 0x0000000082f00000| Untracked 
|  48|0x0000000083000000, 0x0000000083100000, 0x0000000083100000|100%| O|  |TAMS 0x0000000083100000, 0x0000000083000000| Untracked 
|  49|0x0000000083100000, 0x0000000083200000, 0x0000000083200000|100%| O|  |TAMS 0x0000000083200000, 0x0000000083100000| Untracked 
|  50|0x0000000083200000, 0x0000000083300000, 0x0000000083300000|100%| O|  |TAMS 0x0000000083300000, 0x0000000083200000| Untracked 
|  51|0x0000000083300000, 0x0000000083400000, 0x0000000083400000|100%| O|  |TAMS 0x0000000083400000, 0x0000000083300000| Untracked 
|  52|0x0000000083400000, 0x0000000083500000, 0x0000000083500000|100%| O|  |TAMS 0x0000000083500000, 0x0000000083400000| Untracked 
|  53|0x0000000083500000, 0x0000000083600000, 0x0000000083600000|100%| O|  |TAMS 0x0000000083600000, 0x0000000083500000| Untracked 
|  54|0x0000000083600000, 0x0000000083700000, 0x0000000083700000|100%| O|  |TAMS 0x0000000083700000, 0x0000000083600000| Untracked 
|  55|0x0000000083700000, 0x0000000083800000, 0x0000000083800000|100%| O|  |TAMS 0x0000000083800000, 0x0000000083700000| Untracked 
|  56|0x0000000083800000, 0x0000000083900000, 0x0000000083900000|100%| O|  |TAMS 0x0000000083900000, 0x0000000083800000| Untracked 
|  57|0x0000000083900000, 0x0000000083a00000, 0x0000000083a00000|100%| O|  |TAMS 0x0000000083a00000, 0x0000000083900000| Untracked 
|  58|0x0000000083a00000, 0x0000000083b00000, 0x0000000083b00000|100%| O|  |TAMS 0x0000000083b00000, 0x0000000083a00000| Untracked 
|  59|0x0000000083b00000, 0x0000000083c00000, 0x0000000083c00000|100%| O|  |TAMS 0x0000000083c00000, 0x0000000083b00000| Untracked 
|  60|0x0000000083c00000, 0x0000000083d00000, 0x0000000083d00000|100%| O|  |TAMS 0x0000000083d00000, 0x0000000083c00000| Untracked 
|  61|0x0000000083d00000, 0x0000000083e00000, 0x0000000083e00000|100%| O|  |TAMS 0x0000000083e00000, 0x0000000083d00000| Untracked 
|  62|0x0000000083e00000, 0x0000000083f00000, 0x0000000083f00000|100%| O|  |TAMS 0x0000000083f00000, 0x0000000083e00000| Untracked 
|  63|0x0000000083f00000, 0x0000000084000000, 0x0000000084000000|100%| O|  |TAMS 0x0000000084000000, 0x0000000083f00000| Untracked 
|  64|0x0000000084000000, 0x0000000084100000, 0x0000000084100000|100%| O|  |TAMS 0x0000000084000000, 0x0000000084000000| Untracked 
|  65|0x0000000084100000, 0x0000000084200000, 0x0000000084200000|100%| O|  |TAMS 0x0000000084200000, 0x0000000084100000| Untracked 
|  66|0x0000000084200000, 0x0000000084300000, 0x0000000084300000|100%| O|  |TAMS 0x0000000084300000, 0x0000000084200000| Untracked 
|  67|0x0000000084300000, 0x0000000084400000, 0x0000000084400000|100%| O|  |TAMS 0x0000000084400000, 0x0000000084300000| Untracked 
|  68|0x0000000084400000, 0x0000000084500000, 0x0000000084500000|100%| O|  |TAMS 0x0000000084500000, 0x0000000084400000| Untracked 
|  69|0x0000000084500000, 0x0000000084600000, 0x0000000084600000|100%| O|  |TAMS 0x0000000084600000, 0x0000000084500000| Untracked 
|  70|0x0000000084600000, 0x0000000084700000, 0x0000000084700000|100%| O|  |TAMS 0x0000000084600000, 0x0000000084600000| Untracked 
|  71|0x0000000084700000, 0x0000000084800000, 0x0000000084800000|100%| O|  |TAMS 0x0000000084800000, 0x0000000084700000| Untracked 
|  72|0x0000000084800000, 0x0000000084900000, 0x0000000084900000|100%| O|  |TAMS 0x0000000084900000, 0x0000000084800000| Untracked 
|  73|0x0000000084900000, 0x0000000084a00000, 0x0000000084a00000|100%| O|  |TAMS 0x0000000084a00000, 0x0000000084900000| Untracked 
|  74|0x0000000084a00000, 0x0000000084ab4a00, 0x0000000084b00000| 70%| O|  |TAMS 0x0000000084a00000, 0x0000000084a00000| Untracked 
|  75|0x0000000084b00000, 0x0000000084b00000, 0x0000000084c00000|  0%| F|  |TAMS 0x0000000084b00000, 0x0000000084b00000| Untracked 
|  76|0x0000000084c00000, 0x0000000084c00000, 0x0000000084d00000|  0%| F|  |TAMS 0x0000000084c00000, 0x0000000084c00000| Untracked 
|  77|0x0000000084d00000, 0x0000000084e00000, 0x0000000084e00000|100%| O|  |TAMS 0x0000000084df9000, 0x0000000084d00000| Untracked 
|  78|0x0000000084e00000, 0x0000000084e00000, 0x0000000084f00000|  0%| F|  |TAMS 0x0000000084e00000, 0x0000000084e00000| Untracked 
|  79|0x0000000084f00000, 0x0000000084f00000, 0x0000000085000000|  0%| F|  |TAMS 0x0000000084f00000, 0x0000000084f00000| Untracked 
|  80|0x0000000085000000, 0x0000000085000000, 0x0000000085100000|  0%| F|  |TAMS 0x0000000085000000, 0x0000000085000000| Untracked 
|  81|0x0000000085100000, 0x0000000085100000, 0x0000000085200000|  0%| F|  |TAMS 0x0000000085100000, 0x0000000085100000| Untracked 
|  82|0x0000000085200000, 0x0000000085200000, 0x0000000085300000|  0%| F|  |TAMS 0x0000000085200000, 0x0000000085200000| Untracked 
|  83|0x0000000085300000, 0x0000000085300000, 0x0000000085400000|  0%| F|  |TAMS 0x0000000085300000, 0x0000000085300000| Untracked 
|  84|0x0000000085400000, 0x0000000085400000, 0x0000000085500000|  0%| F|  |TAMS 0x0000000085400000, 0x0000000085400000| Untracked 
|  85|0x0000000085500000, 0x0000000085500000, 0x0000000085600000|  0%| F|  |TAMS 0x0000000085500000, 0x0000000085500000| Untracked 
|  86|0x0000000085600000, 0x0000000085600000, 0x0000000085700000|  0%| F|  |TAMS 0x0000000085600000, 0x0000000085600000| Untracked 
|  87|0x0000000085700000, 0x0000000085700000, 0x0000000085800000|  0%| F|  |TAMS 0x0000000085700000, 0x0000000085700000| Untracked 
|  88|0x0000000085800000, 0x0000000085800000, 0x0000000085900000|  0%| F|  |TAMS 0x0000000085800000, 0x0000000085800000| Untracked 
|  89|0x0000000085900000, 0x0000000085900000, 0x0000000085a00000|  0%| F|  |TAMS 0x0000000085900000, 0x0000000085900000| Untracked 
|  90|0x0000000085a00000, 0x0000000085a00000, 0x0000000085b00000|  0%| F|  |TAMS 0x0000000085a00000, 0x0000000085a00000| Untracked 
|  91|0x0000000085b00000, 0x0000000085b00000, 0x0000000085c00000|  0%| F|  |TAMS 0x0000000085b00000, 0x0000000085b00000| Untracked 
|  92|0x0000000085c00000, 0x0000000085c00000, 0x0000000085d00000|  0%| F|  |TAMS 0x0000000085c00000, 0x0000000085c00000| Untracked 
|  93|0x0000000085d00000, 0x0000000085d00000, 0x0000000085e00000|  0%| F|  |TAMS 0x0000000085d00000, 0x0000000085d00000| Untracked 
|  94|0x0000000085e00000, 0x0000000085e00000, 0x0000000085f00000|  0%| F|  |TAMS 0x0000000085e00000, 0x0000000085e00000| Untracked 
|  95|0x0000000085f00000, 0x0000000085f00000, 0x0000000086000000|  0%| F|  |TAMS 0x0000000085f00000, 0x0000000085f00000| Untracked 
|  96|0x0000000086000000, 0x0000000086000000, 0x0000000086100000|  0%| F|  |TAMS 0x0000000086000000, 0x0000000086000000| Untracked 
|  97|0x0000000086100000, 0x0000000086100000, 0x0000000086200000|  0%| F|  |TAMS 0x0000000086100000, 0x0000000086100000| Untracked 
|  98|0x0000000086200000, 0x0000000086200000, 0x0000000086300000|  0%| F|  |TAMS 0x0000000086200000, 0x0000000086200000| Untracked 
|  99|0x0000000086300000, 0x0000000086300000, 0x0000000086400000|  0%| F|  |TAMS 0x0000000086300000, 0x0000000086300000| Untracked 
| 100|0x0000000086400000, 0x0000000086400000, 0x0000000086500000|  0%| F|  |TAMS 0x0000000086400000, 0x0000000086400000| Untracked 
| 101|0x0000000086500000, 0x0000000086500000, 0x0000000086600000|  0%| F|  |TAMS 0x0000000086500000, 0x0000000086500000| Untracked 
| 102|0x0000000086600000, 0x0000000086700000, 0x0000000086700000|100%| O|  |TAMS 0x0000000086700000, 0x0000000086600000| Untracked 
| 103|0x0000000086700000, 0x0000000086700000, 0x0000000086800000|  0%| F|  |TAMS 0x0000000086700000, 0x0000000086700000| Untracked 
| 104|0x0000000086800000, 0x0000000086800000, 0x0000000086900000|  0%| F|  |TAMS 0x0000000086800000, 0x0000000086800000| Untracked 
| 105|0x0000000086900000, 0x0000000086900000, 0x0000000086a00000|  0%| F|  |TAMS 0x0000000086900000, 0x0000000086900000| Untracked 
| 106|0x0000000086a00000, 0x0000000086a00000, 0x0000000086b00000|  0%| F|  |TAMS 0x0000000086a00000, 0x0000000086a00000| Untracked 
| 107|0x0000000086b00000, 0x0000000086b00000, 0x0000000086c00000|  0%| F|  |TAMS 0x0000000086b00000, 0x0000000086b00000| Untracked 
| 108|0x0000000086c00000, 0x0000000086c00000, 0x0000000086d00000|  0%| F|  |TAMS 0x0000000086c00000, 0x0000000086c00000| Untracked 
| 109|0x0000000086d00000, 0x0000000086d00000, 0x0000000086e00000|  0%| F|  |TAMS 0x0000000086d00000, 0x0000000086d00000| Untracked 
| 110|0x0000000086e00000, 0x0000000086e00000, 0x0000000086f00000|  0%| F|  |TAMS 0x0000000086e00000, 0x0000000086e00000| Untracked 
| 111|0x0000000086f00000, 0x0000000086f00000, 0x0000000087000000|  0%| F|  |TAMS 0x0000000086f00000, 0x0000000086f00000| Untracked 
| 112|0x0000000087000000, 0x0000000087000000, 0x0000000087100000|  0%| F|  |TAMS 0x0000000087000000, 0x0000000087000000| Untracked 
| 113|0x0000000087100000, 0x0000000087100000, 0x0000000087200000|  0%| F|  |TAMS 0x0000000087100000, 0x0000000087100000| Untracked 
| 114|0x0000000087200000, 0x0000000087200000, 0x0000000087300000|  0%| F|  |TAMS 0x0000000087200000, 0x0000000087200000| Untracked 
| 115|0x0000000087300000, 0x0000000087300000, 0x0000000087400000|  0%| F|  |TAMS 0x0000000087300000, 0x0000000087300000| Untracked 
| 116|0x0000000087400000, 0x0000000087400000, 0x0000000087500000|  0%| F|  |TAMS 0x0000000087400000, 0x0000000087400000| Untracked 
| 117|0x0000000087500000, 0x0000000087500000, 0x0000000087600000|  0%| F|  |TAMS 0x0000000087500000, 0x0000000087500000| Untracked 
| 118|0x0000000087600000, 0x0000000087600000, 0x0000000087700000|  0%| F|  |TAMS 0x0000000087600000, 0x0000000087600000| Untracked 
| 119|0x0000000087700000, 0x0000000087700000, 0x0000000087800000|  0%| F|  |TAMS 0x0000000087700000, 0x0000000087700000| Untracked 
| 120|0x0000000087800000, 0x0000000087800000, 0x0000000087900000|  0%| F|  |TAMS 0x0000000087800000, 0x0000000087800000| Untracked 
| 121|0x0000000087900000, 0x0000000087900000, 0x0000000087a00000|  0%| F|  |TAMS 0x0000000087900000, 0x0000000087900000| Untracked 
| 122|0x0000000087a00000, 0x0000000087a00000, 0x0000000087b00000|  0%| F|  |TAMS 0x0000000087a00000, 0x0000000087a00000| Untracked 
| 123|0x0000000087b00000, 0x0000000087b00000, 0x0000000087c00000|  0%| F|  |TAMS 0x0000000087b00000, 0x0000000087b00000| Untracked 
| 124|0x0000000087c00000, 0x0000000087c00000, 0x0000000087d00000|  0%| F|  |TAMS 0x0000000087c00000, 0x0000000087c00000| Untracked 
| 125|0x0000000087d00000, 0x0000000087d00000, 0x0000000087e00000|  0%| F|  |TAMS 0x0000000087d00000, 0x0000000087d00000| Untracked 
| 126|0x0000000087e00000, 0x0000000087e00000, 0x0000000087f00000|  0%| F|  |TAMS 0x0000000087e00000, 0x0000000087e00000| Untracked 
| 127|0x0000000087f00000, 0x0000000087f00000, 0x0000000088000000|  0%| F|  |TAMS 0x0000000087f00000, 0x0000000087f00000| Untracked 
| 128|0x0000000088000000, 0x0000000088000000, 0x0000000088100000|  0%| F|  |TAMS 0x0000000088000000, 0x0000000088000000| Untracked 
| 129|0x0000000088100000, 0x0000000088100000, 0x0000000088200000|  0%| F|  |TAMS 0x0000000088100000, 0x0000000088100000| Untracked 
| 130|0x0000000088200000, 0x0000000088200000, 0x0000000088300000|  0%| F|  |TAMS 0x0000000088200000, 0x0000000088200000| Untracked 
| 131|0x0000000088300000, 0x0000000088300000, 0x0000000088400000|  0%| F|  |TAMS 0x0000000088300000, 0x0000000088300000| Untracked 
| 132|0x0000000088400000, 0x0000000088400000, 0x0000000088500000|  0%| F|  |TAMS 0x0000000088400000, 0x0000000088400000| Untracked 
| 133|0x0000000088500000, 0x0000000088500000, 0x0000000088600000|  0%| F|  |TAMS 0x0000000088500000, 0x0000000088500000| Untracked 
| 134|0x0000000088600000, 0x0000000088600000, 0x0000000088700000|  0%| F|  |TAMS 0x0000000088600000, 0x0000000088600000| Untracked 
| 135|0x0000000088700000, 0x0000000088700000, 0x0000000088800000|  0%| F|  |TAMS 0x0000000088700000, 0x0000000088700000| Untracked 
| 136|0x0000000088800000, 0x0000000088800000, 0x0000000088900000|  0%| F|  |TAMS 0x0000000088800000, 0x0000000088800000| Untracked 
| 137|0x0000000088900000, 0x0000000088900000, 0x0000000088a00000|  0%| F|  |TAMS 0x0000000088900000, 0x0000000088900000| Untracked 
| 138|0x0000000088a00000, 0x0000000088a00000, 0x0000000088b00000|  0%| F|  |TAMS 0x0000000088a00000, 0x0000000088a00000| Untracked 
| 139|0x0000000088b00000, 0x0000000088b00000, 0x0000000088c00000|  0%| F|  |TAMS 0x0000000088b00000, 0x0000000088b00000| Untracked 
| 140|0x0000000088c00000, 0x0000000088c00000, 0x0000000088d00000|  0%| F|  |TAMS 0x0000000088c00000, 0x0000000088c00000| Untracked 
| 141|0x0000000088d00000, 0x0000000088d00000, 0x0000000088e00000|  0%| F|  |TAMS 0x0000000088d00000, 0x0000000088d00000| Untracked 
| 142|0x0000000088e00000, 0x0000000088e00000, 0x0000000088f00000|  0%| F|  |TAMS 0x0000000088e00000, 0x0000000088e00000| Untracked 
| 143|0x0000000088f00000, 0x0000000088f00000, 0x0000000089000000|  0%| F|  |TAMS 0x0000000088f00000, 0x0000000088f00000| Untracked 
| 144|0x0000000089000000, 0x0000000089000000, 0x0000000089100000|  0%| F|  |TAMS 0x0000000089000000, 0x0000000089000000| Untracked 
| 145|0x0000000089100000, 0x0000000089100000, 0x0000000089200000|  0%| F|  |TAMS 0x0000000089100000, 0x0000000089100000| Untracked 
| 146|0x0000000089200000, 0x0000000089200000, 0x0000000089300000|  0%| F|  |TAMS 0x0000000089200000, 0x0000000089200000| Untracked 
| 147|0x0000000089300000, 0x0000000089300000, 0x0000000089400000|  0%| F|  |TAMS 0x0000000089300000, 0x0000000089300000| Untracked 
| 148|0x0000000089400000, 0x0000000089400000, 0x0000000089500000|  0%| F|  |TAMS 0x0000000089400000, 0x0000000089400000| Untracked 
| 149|0x0000000089500000, 0x0000000089500000, 0x0000000089600000|  0%| F|  |TAMS 0x0000000089500000, 0x0000000089500000| Untracked 
| 150|0x0000000089600000, 0x0000000089600000, 0x0000000089700000|  0%| F|  |TAMS 0x0000000089600000, 0x0000000089600000| Untracked 
| 151|0x0000000089700000, 0x0000000089700000, 0x0000000089800000|  0%| F|  |TAMS 0x0000000089700000, 0x0000000089700000| Untracked 
| 152|0x0000000089800000, 0x0000000089800000, 0x0000000089900000|  0%| F|  |TAMS 0x0000000089800000, 0x0000000089800000| Untracked 
| 153|0x0000000089900000, 0x0000000089900000, 0x0000000089a00000|  0%| F|  |TAMS 0x0000000089900000, 0x0000000089900000| Untracked 
| 154|0x0000000089a00000, 0x0000000089a00000, 0x0000000089b00000|  0%| F|  |TAMS 0x0000000089a00000, 0x0000000089a00000| Untracked 
| 155|0x0000000089b00000, 0x0000000089b00000, 0x0000000089c00000|  0%| F|  |TAMS 0x0000000089b00000, 0x0000000089b00000| Untracked 
| 156|0x0000000089c00000, 0x0000000089c00000, 0x0000000089d00000|  0%| F|  |TAMS 0x0000000089c00000, 0x0000000089c00000| Untracked 
| 157|0x0000000089d00000, 0x0000000089d00000, 0x0000000089e00000|  0%| F|  |TAMS 0x0000000089d00000, 0x0000000089d00000| Untracked 
| 158|0x0000000089e00000, 0x0000000089e00000, 0x0000000089f00000|  0%| F|  |TAMS 0x0000000089e00000, 0x0000000089e00000| Untracked 
| 159|0x0000000089f00000, 0x0000000089f00000, 0x000000008a000000|  0%| F|  |TAMS 0x0000000089f00000, 0x0000000089f00000| Untracked 
| 160|0x000000008a000000, 0x000000008a000000, 0x000000008a100000|  0%| F|  |TAMS 0x000000008a000000, 0x000000008a000000| Untracked 
| 161|0x000000008a100000, 0x000000008a100000, 0x000000008a200000|  0%| F|  |TAMS 0x000000008a100000, 0x000000008a100000| Untracked 
| 162|0x000000008a200000, 0x000000008a200000, 0x000000008a300000|  0%| F|  |TAMS 0x000000008a200000, 0x000000008a200000| Untracked 
| 163|0x000000008a300000, 0x000000008a300000, 0x000000008a400000|  0%| F|  |TAMS 0x000000008a300000, 0x000000008a300000| Untracked 
| 164|0x000000008a400000, 0x000000008a400000, 0x000000008a500000|  0%| F|  |TAMS 0x000000008a400000, 0x000000008a400000| Untracked 
| 165|0x000000008a500000, 0x000000008a500000, 0x000000008a600000|  0%| F|  |TAMS 0x000000008a500000, 0x000000008a500000| Untracked 
| 166|0x000000008a600000, 0x000000008a600000, 0x000000008a700000|  0%| F|  |TAMS 0x000000008a600000, 0x000000008a600000| Untracked 
| 167|0x000000008a700000, 0x000000008a700000, 0x000000008a800000|  0%| F|  |TAMS 0x000000008a700000, 0x000000008a700000| Untracked 
| 168|0x000000008a800000, 0x000000008a800000, 0x000000008a900000|  0%| F|  |TAMS 0x000000008a800000, 0x000000008a800000| Untracked 
| 169|0x000000008a900000, 0x000000008a900000, 0x000000008aa00000|  0%| F|  |TAMS 0x000000008a900000, 0x000000008a900000| Untracked 
| 170|0x000000008aa00000, 0x000000008aa00000, 0x000000008ab00000|  0%| F|  |TAMS 0x000000008aa00000, 0x000000008aa00000| Untracked 
| 171|0x000000008ab00000, 0x000000008ab00000, 0x000000008ac00000|  0%| F|  |TAMS 0x000000008ab00000, 0x000000008ab00000| Untracked 
| 172|0x000000008ac00000, 0x000000008ac00000, 0x000000008ad00000|  0%| F|  |TAMS 0x000000008ac00000, 0x000000008ac00000| Untracked 
| 173|0x000000008ad00000, 0x000000008ad00000, 0x000000008ae00000|  0%| F|  |TAMS 0x000000008ad00000, 0x000000008ad00000| Untracked 
| 174|0x000000008ae00000, 0x000000008ae00000, 0x000000008af00000|  0%| F|  |TAMS 0x000000008ae00000, 0x000000008ae00000| Untracked 
| 175|0x000000008af00000, 0x000000008af00000, 0x000000008b000000|  0%| F|  |TAMS 0x000000008af00000, 0x000000008af00000| Untracked 
| 176|0x000000008b000000, 0x000000008b000000, 0x000000008b100000|  0%| F|  |TAMS 0x000000008b000000, 0x000000008b000000| Untracked 
| 177|0x000000008b100000, 0x000000008b100000, 0x000000008b200000|  0%| F|  |TAMS 0x000000008b100000, 0x000000008b100000| Untracked 
| 178|0x000000008b200000, 0x000000008b200000, 0x000000008b300000|  0%| F|  |TAMS 0x000000008b200000, 0x000000008b200000| Untracked 
| 179|0x000000008b300000, 0x000000008b300000, 0x000000008b400000|  0%| F|  |TAMS 0x000000008b300000, 0x000000008b300000| Untracked 
| 180|0x000000008b400000, 0x000000008b400000, 0x000000008b500000|  0%| F|  |TAMS 0x000000008b400000, 0x000000008b400000| Untracked 
| 181|0x000000008b500000, 0x000000008b500000, 0x000000008b600000|  0%| F|  |TAMS 0x000000008b500000, 0x000000008b500000| Untracked 
| 182|0x000000008b600000, 0x000000008b600000, 0x000000008b700000|  0%| F|  |TAMS 0x000000008b600000, 0x000000008b600000| Untracked 
| 183|0x000000008b700000, 0x000000008b700000, 0x000000008b800000|  0%| F|  |TAMS 0x000000008b700000, 0x000000008b700000| Untracked 
| 184|0x000000008b800000, 0x000000008b800000, 0x000000008b900000|  0%| F|  |TAMS 0x000000008b800000, 0x000000008b800000| Untracked 
| 185|0x000000008b900000, 0x000000008b900000, 0x000000008ba00000|  0%| F|  |TAMS 0x000000008b900000, 0x000000008b900000| Untracked 
| 186|0x000000008ba00000, 0x000000008ba00000, 0x000000008bb00000|  0%| F|  |TAMS 0x000000008ba00000, 0x000000008ba00000| Untracked 
| 187|0x000000008bb00000, 0x000000008bb00000, 0x000000008bc00000|  0%| F|  |TAMS 0x000000008bb00000, 0x000000008bb00000| Untracked 
| 188|0x000000008bc00000, 0x000000008bc00000, 0x000000008bd00000|  0%| F|  |TAMS 0x000000008bc00000, 0x000000008bc00000| Untracked 
| 189|0x000000008bd00000, 0x000000008bd00000, 0x000000008be00000|  0%| F|  |TAMS 0x000000008bd00000, 0x000000008bd00000| Untracked 
| 190|0x000000008be00000, 0x000000008be00000, 0x000000008bf00000|  0%| F|  |TAMS 0x000000008be00000, 0x000000008be00000| Untracked 
| 191|0x000000008bf00000, 0x000000008bf00000, 0x000000008c000000|  0%| F|  |TAMS 0x000000008bf00000, 0x000000008bf00000| Untracked 
| 192|0x000000008c000000, 0x000000008c000000, 0x000000008c100000|  0%| F|  |TAMS 0x000000008c000000, 0x000000008c000000| Untracked 
| 193|0x000000008c100000, 0x000000008c100000, 0x000000008c200000|  0%| F|  |TAMS 0x000000008c100000, 0x000000008c100000| Untracked 
| 194|0x000000008c200000, 0x000000008c200000, 0x000000008c300000|  0%| F|  |TAMS 0x000000008c200000, 0x000000008c200000| Untracked 
| 195|0x000000008c300000, 0x000000008c300000, 0x000000008c400000|  0%| F|  |TAMS 0x000000008c300000, 0x000000008c300000| Untracked 
| 196|0x000000008c400000, 0x000000008c400000, 0x000000008c500000|  0%| F|  |TAMS 0x000000008c400000, 0x000000008c400000| Untracked 
| 197|0x000000008c500000, 0x000000008c500000, 0x000000008c600000|  0%| F|  |TAMS 0x000000008c500000, 0x000000008c500000| Untracked 
| 198|0x000000008c600000, 0x000000008c600000, 0x000000008c700000|  0%| F|  |TAMS 0x000000008c600000, 0x000000008c600000| Untracked 
| 199|0x000000008c700000, 0x000000008c700000, 0x000000008c800000|  0%| F|  |TAMS 0x000000008c700000, 0x000000008c700000| Untracked 
| 200|0x000000008c800000, 0x000000008c800000, 0x000000008c900000|  0%| F|  |TAMS 0x000000008c800000, 0x000000008c800000| Untracked 
| 201|0x000000008c900000, 0x000000008c900000, 0x000000008ca00000|  0%| F|  |TAMS 0x000000008c900000, 0x000000008c900000| Untracked 
| 202|0x000000008ca00000, 0x000000008ca00000, 0x000000008cb00000|  0%| F|  |TAMS 0x000000008ca00000, 0x000000008ca00000| Untracked 
| 203|0x000000008cb00000, 0x000000008cb00000, 0x000000008cc00000|  0%| F|  |TAMS 0x000000008cb00000, 0x000000008cb00000| Untracked 
| 204|0x000000008cc00000, 0x000000008cc00000, 0x000000008cd00000|  0%| F|  |TAMS 0x000000008cc00000, 0x000000008cc00000| Untracked 
| 205|0x000000008cd00000, 0x000000008cd00000, 0x000000008ce00000|  0%| F|  |TAMS 0x000000008cd00000, 0x000000008cd00000| Untracked 
| 206|0x000000008ce00000, 0x000000008ce00000, 0x000000008cf00000|  0%| F|  |TAMS 0x000000008ce00000, 0x000000008ce00000| Untracked 
| 207|0x000000008cf00000, 0x000000008cf00000, 0x000000008d000000|  0%| F|  |TAMS 0x000000008cf00000, 0x000000008cf00000| Untracked 
| 208|0x000000008d000000, 0x000000008d000000, 0x000000008d100000|  0%| F|  |TAMS 0x000000008d000000, 0x000000008d000000| Untracked 
| 209|0x000000008d100000, 0x000000008d100000, 0x000000008d200000|  0%| F|  |TAMS 0x000000008d100000, 0x000000008d100000| Untracked 
| 210|0x000000008d200000, 0x000000008d300000, 0x000000008d300000|100%| E|  |TAMS 0x000000008d200000, 0x000000008d200000| Complete 
| 211|0x000000008d300000, 0x000000008d37ff60, 0x000000008d400000| 49%| S|CS|TAMS 0x000000008d300000, 0x000000008d300000| Complete 
| 212|0x000000008d400000, 0x000000008d500000, 0x000000008d500000|100%| S|CS|TAMS 0x000000008d400000, 0x000000008d400000| Complete 
| 213|0x000000008d500000, 0x000000008d600000, 0x000000008d600000|100%| E|CS|TAMS 0x000000008d500000, 0x000000008d500000| Complete 
| 214|0x000000008d600000, 0x000000008d700000, 0x000000008d700000|100%| E|CS|TAMS 0x000000008d600000, 0x000000008d600000| Complete 
| 215|0x000000008d700000, 0x000000008d800000, 0x000000008d800000|100%| E|CS|TAMS 0x000000008d700000, 0x000000008d700000| Complete 
| 216|0x000000008d800000, 0x000000008d900000, 0x000000008d900000|100%| E|CS|TAMS 0x000000008d800000, 0x000000008d800000| Complete 
| 217|0x000000008d900000, 0x000000008da00000, 0x000000008da00000|100%| E|CS|TAMS 0x000000008d900000, 0x000000008d900000| Complete 
| 218|0x000000008da00000, 0x000000008db00000, 0x000000008db00000|100%| E|CS|TAMS 0x000000008da00000, 0x000000008da00000| Complete 
| 219|0x000000008db00000, 0x000000008dc00000, 0x000000008dc00000|100%| E|CS|TAMS 0x000000008db00000, 0x000000008db00000| Complete 
| 220|0x000000008dc00000, 0x000000008dd00000, 0x000000008dd00000|100%| E|CS|TAMS 0x000000008dc00000, 0x000000008dc00000| Complete 
| 221|0x000000008dd00000, 0x000000008de00000, 0x000000008de00000|100%| E|CS|TAMS 0x000000008dd00000, 0x000000008dd00000| Complete 

Card table byte_map: [0x0000024467780000,0x0000024467b80000] _byte_map_base: 0x0000024467380000

Marking Bits (Prev, Next): (CMBitMap*) 0x00000244527cc9d8, (CMBitMap*) 0x00000244527cca10
 Prev Bits: [0x0000024467f80000, 0x0000024469f80000)
 Next Bits: [0x0000024469f80000, 0x000002446bf80000)

Polling page: 0x0000024452870000

Metaspace:

Usage:
  Non-class:     77.35 MB capacity,    76.05 MB ( 98%) used,     1.09 MB (  1%) free+waste,   210.75 KB ( <1%) overhead. 
      Class:     11.68 MB capacity,    10.98 MB ( 94%) used,   617.30 KB (  5%) free+waste,    94.63 KB ( <1%) overhead. 
       Both:     89.03 MB capacity,    87.03 MB ( 98%) used,     1.70 MB (  2%) free+waste,   305.38 KB ( <1%) overhead. 

Virtual space:
  Non-class space:       78.00 MB reserved,      77.50 MB (>99%) committed 
      Class space:        1.00 GB reserved,      11.75 MB (  1%) committed 
             Both:        1.08 GB reserved,      89.25 MB (  8%) committed 

Chunk freelists:
   Non-Class:  26.00 KB
       Class:  44.00 KB
        Both:  70.00 KB

MaxMetaspaceSize: 17179869184.00 GB
CompressedClassSpaceSize: 1.00 GB

CodeHeap 'non-profiled nmethods': size=120000Kb used=6884Kb max_used=6884Kb free=113115Kb
 bounds [0x000002445f3f0000, 0x000002445fab0000, 0x0000024466920000]
CodeHeap 'profiled nmethods': size=120000Kb used=22791Kb max_used=22791Kb free=97208Kb
 bounds [0x0000024457ec0000, 0x0000024459510000, 0x000002445f3f0000]
CodeHeap 'non-nmethods': size=5760Kb used=2263Kb max_used=2325Kb free=3496Kb
 bounds [0x0000024457920000, 0x0000024457b90000, 0x0000024457ec0000]
 total_blobs=11604 nmethods=10745 adapters=770
 compilation: enabled
              stopped_count=0, restarted_count=0
 full_count=0

Compilation events (20 events):
Event: 18.243 Thread 0x00000244729c8800 11056   !   4       java.net.URLClassLoader$1::run (63 bytes)
Event: 18.259 Thread 0x000002446ea77000 11057       1       kotlin.reflect.jvm.internal.pcollections.ConsPStack::size (5 bytes)
Event: 18.259 Thread 0x000002446ea77000 nmethod 11057 0x000002445fa95890 code [0x000002445fa95a40, 0x000002445fa95af8]
Event: 18.404 Thread 0x000002446ea77000 11062       3       kotlin.reflect.jvm.internal.impl.name.FqNameUnsafe::hashCode (8 bytes)
Event: 18.404 Thread 0x000002446ea77000 nmethod 11062 0x00000244594ddb10 code [0x00000244594ddcc0, 0x00000244594ddde8]
Event: 18.408 Thread 0x000002446ea6c000 nmethod 9548 0x000002445fa95b90 code [0x000002445fa962e0, 0x000002445fa9cb38]
Event: 18.408 Thread 0x000002446ea6c000 11058       4       jdk.internal.loader.URLClassPath::getResource (74 bytes)
Event: 18.410 Thread 0x000002446ea6c000 nmethod 11058 0x000002445faa1210 code [0x000002445faa13c0, 0x000002445faa14e8]
Event: 18.410 Thread 0x000002446ea6c000 11060       4       sun.net.www.protocol.jar.Handler::indexOfBangSlash (52 bytes)
Event: 18.411 Thread 0x000002446ea77000 11063       3       kotlin.reflect.jvm.internal.ReflectProperties::lazySoft (18 bytes)
Event: 18.412 Thread 0x000002446ea77000 nmethod 11063 0x00000244594dde90 code [0x00000244594de060, 0x00000244594de258]
Event: 18.412 Thread 0x000002446ea77000 11064       3       kotlin.reflect.jvm.internal.ReflectProperties$LazySoftVal::<init> (43 bytes)
Event: 18.414 Thread 0x000002446ea77000 nmethod 11064 0x00000244594de390 code [0x00000244594de6a0, 0x00000244594dfb48]
Event: 18.422 Thread 0x000002446ea6c000 nmethod 11060 0x000002445faa1610 code [0x000002445faa17c0, 0x000002445faa1b58]
Event: 18.422 Thread 0x000002446ea6c000 11061       4       java.net.URLStreamHandler::setURL (159 bytes)
Event: 18.429 Thread 0x000002446ea77000 11065       3       kotlin.reflect.jvm.internal.impl.name.FqNameUnsafe::<init> (28 bytes)
Event: 18.429 Thread 0x000002446ea77000 nmethod 11065 0x00000244594e0110 code [0x00000244594e02e0, 0x00000244594e05e8]
Event: 18.430 Thread 0x000002446ea6c000 nmethod 11061 0x000002445faa1d90 code [0x000002445faa1f40, 0x000002445faa2388]
Event: 18.430 Thread 0x000002446ea6c000 11059       4       java.util.concurrent.TimeUnit::toNanos (45 bytes)
Event: 18.431 Thread 0x000002446ea6c000 nmethod 11059 0x000002445faa2690 code [0x000002445faa2820, 0x000002445faa28f8]

GC Heap History (20 events):
Event: 11.573 GC heap before
{Heap before GC invocations=14 (full 0):
 garbage-first heap   total 157696K, used 116879K [0x0000000080000000, 0x0000000100000000)
  region size 1024K, 70 young (71680K), 9 survivors (9216K)
 Metaspace       used 69374K, capacity 70843K, committed 71040K, reserved 1110016K
  class space    used 9041K, capacity 9579K, committed 9600K, reserved 1048576K
}
Event: 11.585 GC heap after
{Heap after GC invocations=15 (full 0):
 garbage-first heap   total 157696K, used 58742K [0x0000000080000000, 0x0000000100000000)
  region size 1024K, 9 young (9216K), 9 survivors (9216K)
 Metaspace       used 69374K, capacity 70843K, committed 71040K, reserved 1110016K
  class space    used 9041K, capacity 9579K, committed 9600K, reserved 1048576K
}
Event: 12.588 GC heap before
{Heap before GC invocations=15 (full 0):
 garbage-first heap   total 157696K, used 119158K [0x0000000080000000, 0x0000000100000000)
  region size 1024K, 69 young (70656K), 9 survivors (9216K)
 Metaspace       used 76522K, capacity 78238K, committed 78464K, reserved 1118208K
  class space    used 9970K, capacity 10572K, committed 10624K, reserved 1048576K
}
Event: 12.599 GC heap after
{Heap after GC invocations=16 (full 0):
 garbage-first heap   total 157696K, used 62261K [0x0000000080000000, 0x0000000100000000)
  region size 1024K, 8 young (8192K), 8 survivors (8192K)
 Metaspace       used 76522K, capacity 78238K, committed 78464K, reserved 1118208K
  class space    used 9970K, capacity 10572K, committed 10624K, reserved 1048576K
}
Event: 14.269 GC heap before
{Heap before GC invocations=16 (full 0):
 garbage-first heap   total 157696K, used 121653K [0x0000000080000000, 0x0000000100000000)
  region size 1024K, 67 young (68608K), 8 survivors (8192K)
 Metaspace       used 79264K, capacity 81270K, committed 81536K, reserved 1120256K
  class space    used 10349K, capacity 11056K, committed 11136K, reserved 1048576K
}
Event: 14.279 GC heap after
{Heap after GC invocations=17 (full 0):
 garbage-first heap   total 157696K, used 66942K [0x0000000080000000, 0x0000000100000000)
  region size 1024K, 8 young (8192K), 8 survivors (8192K)
 Metaspace       used 79264K, capacity 81270K, committed 81536K, reserved 1120256K
  class space    used 10349K, capacity 11056K, committed 11136K, reserved 1048576K
}
Event: 15.135 GC heap before
{Heap before GC invocations=17 (full 0):
 garbage-first heap   total 157696K, used 125310K [0x0000000080000000, 0x0000000100000000)
  region size 1024K, 66 young (67584K), 8 survivors (8192K)
 Metaspace       used 79747K, capacity 81744K, committed 82048K, reserved 1120256K
  class space    used 10353K, capacity 11060K, committed 11136K, reserved 1048576K
}
Event: 15.147 GC heap after
{Heap after GC invocations=18 (full 0):
 garbage-first heap   total 157696K, used 72560K [0x0000000080000000, 0x0000000100000000)
  region size 1024K, 9 young (9216K), 9 survivors (9216K)
 Metaspace       used 79747K, capacity 81744K, committed 82048K, reserved 1120256K
  class space    used 10353K, capacity 11060K, committed 11136K, reserved 1048576K
}
Event: 15.642 GC heap before
{Heap before GC invocations=18 (full 0):
 garbage-first heap   total 157696K, used 128880K [0x0000000080000000, 0x0000000100000000)
  region size 1024K, 62 young (63488K), 9 survivors (9216K)
 Metaspace       used 79873K, capacity 81819K, committed 82048K, reserved 1120256K
  class space    used 10353K, capacity 11060K, committed 11136K, reserved 1048576K
}
Event: 15.660 GC heap after
{Heap after GC invocations=19 (full 0):
 garbage-first heap   total 189440K, used 84259K [0x0000000080000000, 0x0000000100000000)
  region size 1024K, 8 young (8192K), 8 survivors (8192K)
 Metaspace       used 79873K, capacity 81819K, committed 82048K, reserved 1120256K
  class space    used 10353K, capacity 11060K, committed 11136K, reserved 1048576K
}
Event: 16.582 GC heap before
{Heap before GC invocations=19 (full 0):
 garbage-first heap   total 189440K, used 140579K [0x0000000080000000, 0x0000000100000000)
  region size 1024K, 56 young (57344K), 8 survivors (8192K)
 Metaspace       used 80793K, capacity 82835K, committed 82944K, reserved 1120256K
  class space    used 10449K, capacity 11187K, committed 11264K, reserved 1048576K
}
Event: 16.602 GC heap after
{Heap after GC invocations=20 (full 0):
 garbage-first heap   total 189440K, used 93996K [0x0000000080000000, 0x0000000100000000)
  region size 1024K, 9 young (9216K), 9 survivors (9216K)
 Metaspace       used 80793K, capacity 82835K, committed 82944K, reserved 1120256K
  class space    used 10449K, capacity 11187K, committed 11264K, reserved 1048576K
}
Event: 17.262 GC heap before
{Heap before GC invocations=21 (full 0):
 garbage-first heap   total 189440K, used 159532K [0x0000000080000000, 0x0000000100000000)
  region size 1024K, 59 young (60416K), 9 survivors (9216K)
 Metaspace       used 84094K, capacity 86143K, committed 86528K, reserved 1124352K
  class space    used 10680K, capacity 11383K, committed 11520K, reserved 1048576K
}
Event: 17.277 GC heap after
{Heap after GC invocations=22 (full 0):
 garbage-first heap   total 189440K, used 94836K [0x0000000080000000, 0x0000000100000000)
  region size 1024K, 5 young (5120K), 5 survivors (5120K)
 Metaspace       used 84094K, capacity 86143K, committed 86528K, reserved 1124352K
  class space    used 10680K, capacity 11383K, committed 11520K, reserved 1048576K
}
Event: 17.608 GC heap before
{Heap before GC invocations=22 (full 0):
 garbage-first heap   total 189440K, used 146036K [0x0000000080000000, 0x0000000100000000)
  region size 1024K, 56 young (57344K), 5 survivors (5120K)
 Metaspace       used 85056K, capacity 87002K, committed 87296K, reserved 1124352K
  class space    used 10746K, capacity 11451K, committed 11520K, reserved 1048576K
}
Event: 17.638 GC heap after
{Heap after GC invocations=23 (full 0):
 garbage-first heap   total 189440K, used 97516K [0x0000000080000000, 0x0000000100000000)
  region size 1024K, 6 young (6144K), 6 survivors (6144K)
 Metaspace       used 85056K, capacity 87002K, committed 87296K, reserved 1124352K
  class space    used 10746K, capacity 11451K, committed 11520K, reserved 1048576K
}
Event: 18.290 GC heap before
{Heap before GC invocations=24 (full 0):
 garbage-first heap   total 189440K, used 138476K [0x0000000080000000, 0x0000000100000000)
  region size 1024K, 56 young (57344K), 6 survivors (6144K)
 Metaspace       used 87356K, capacity 89402K, committed 89600K, reserved 1126400K
  class space    used 11030K, capacity 11732K, committed 11776K, reserved 1048576K
}
Event: 18.297 GC heap after
{Heap after GC invocations=25 (full 0):
 garbage-first heap   total 227328K, used 86710K [0x0000000080000000, 0x0000000100000000)
  region size 1024K, 2 young (2048K), 2 survivors (2048K)
 Metaspace       used 87356K, capacity 89402K, committed 89600K, reserved 1126400K
  class space    used 11030K, capacity 11732K, committed 11776K, reserved 1048576K
}
Event: 18.414 GC heap before
{Heap before GC invocations=25 (full 0):
 garbage-first heap   total 227328K, used 95926K [0x0000000080000000, 0x0000000100000000)
  region size 1024K, 11 young (11264K), 2 survivors (2048K)
 Metaspace       used 88311K, capacity 90362K, committed 90496K, reserved 1128448K
  class space    used 11152K, capacity 11860K, committed 11904K, reserved 1048576K
}
Event: 18.419 GC heap after
{Heap after GC invocations=26 (full 0):
 garbage-first heap   total 227328K, used 80082K [0x0000000080000000, 0x0000000100000000)
  region size 1024K, 2 young (2048K), 2 survivors (2048K)
 Metaspace       used 88311K, capacity 90362K, committed 90496K, reserved 1128448K
  class space    used 11152K, capacity 11860K, committed 11904K, reserved 1048576K
}

Deoptimization events (20 events):
Event: 18.048 Thread 0x0000024471aa1800 DEOPT PACKING pc=0x00000244594a2066 sp=0x000000c7578fe2d0
Event: 18.048 Thread 0x0000024471aa1800 DEOPT UNPACKING pc=0x00000244579472ce sp=0x000000c7578fd788 mode 0
Event: 18.080 Thread 0x000002447643d800 Uncommon trap: trap_request=0xffffffde fr.pc=0x000002445f8d3700 relative=0x0000000000000b80
Event: 18.080 Thread 0x000002447643d800 Uncommon trap: reason=class_check action=maybe_recompile pc=0x000002445f8d3700 method=java.util.HashMap.removeNode(ILjava/lang/Object;Ljava/lang/Object;ZZ)Ljava/util/HashMap$Node; @ 68 c2
Event: 18.080 Thread 0x000002447643d800 DEOPT PACKING pc=0x000002445f8d3700 sp=0x000000c7608fac60
Event: 18.080 Thread 0x000002447643d800 DEOPT UNPACKING pc=0x00000244579474af sp=0x000000c7608fabf8 mode 2
Event: 18.088 Thread 0x000002447643d800 Uncommon trap: trap_request=0xffffff4d fr.pc=0x000002445f9ef2a0 relative=0x0000000000000920
Event: 18.088 Thread 0x000002447643d800 Uncommon trap: reason=unstable_if action=reinterpret pc=0x000002445f9ef2a0 method=org.apache.xerces.dom.ParentNode.internalInsertBefore(Lorg/w3c/dom/Node;Lorg/w3c/dom/Node;Z)Lorg/w3c/dom/Node; @ 562 c2
Event: 18.088 Thread 0x000002447643d800 DEOPT PACKING pc=0x000002445f9ef2a0 sp=0x000000c7608faff0
Event: 18.088 Thread 0x000002447643d800 DEOPT UNPACKING pc=0x00000244579474af sp=0x000000c7608faf98 mode 2
Event: 18.100 Thread 0x0000024476439800 Uncommon trap: trap_request=0xffffff4d fr.pc=0x000002445f6202ac relative=0x000000000000022c
Event: 18.100 Thread 0x0000024476439800 Uncommon trap: reason=unstable_if action=reinterpret pc=0x000002445f6202ac method=com.esotericsoftware.kryo.io.Output.writeString(Ljava/lang/CharSequence;)V @ 50 c2
Event: 18.100 Thread 0x0000024476439800 DEOPT PACKING pc=0x000002445f6202ac sp=0x000000c760afe120
Event: 18.100 Thread 0x0000024476439800 DEOPT UNPACKING pc=0x00000244579474af sp=0x000000c760afe0a0 mode 2
Event: 18.129 Thread 0x000002447643d800 DEOPT PACKING pc=0x0000024458b8d28e sp=0x000000c7608fd620
Event: 18.129 Thread 0x000002447643d800 DEOPT UNPACKING pc=0x00000244579472ce sp=0x000000c7608fcb80 mode 0
Event: 18.273 Thread 0x000002447643d800 DEOPT PACKING pc=0x0000024459258daf sp=0x000000c7608f2c30
Event: 18.273 Thread 0x000002447643d800 DEOPT UNPACKING pc=0x00000244579472ce sp=0x000000c7608f20b8 mode 0
Event: 18.389 Thread 0x000002447643d800 DEOPT PACKING pc=0x0000024459258daf sp=0x000000c7608f5b00
Event: 18.389 Thread 0x000002447643d800 DEOPT UNPACKING pc=0x00000244579472ce sp=0x000000c7608f4f88 mode 0

Classes redefined (0 events):
No events

Internal exceptions (20 events):
Event: 15.808 Thread 0x0000024476437800 Exception <a 'java/lang/NoSuchMethodError'{0x000000008aed3c70}: <clinit>> (0x000000008aed3c70) thrown at [./src/hotspot/share/prims/jni.cpp, line 1362]
Event: 15.810 Thread 0x0000024476437800 Exception <a 'java/lang/NoSuchMethodError'{0x000000008aeeb308}: <clinit>> (0x000000008aeeb308) thrown at [./src/hotspot/share/prims/jni.cpp, line 1362]
Event: 15.811 Thread 0x0000024476437800 Exception <a 'java/lang/NoSuchMethodError'{0x000000008aeffd70}: <clinit>> (0x000000008aeffd70) thrown at [./src/hotspot/share/prims/jni.cpp, line 1362]
Event: 15.814 Thread 0x0000024476437800 Exception <a 'java/lang/NoSuchMethodError'{0x000000008ad1ff88}: <clinit>> (0x000000008ad1ff88) thrown at [./src/hotspot/share/prims/jni.cpp, line 1362]
Event: 15.816 Thread 0x0000024476437800 Exception <a 'java/lang/NoSuchMethodError'{0x000000008ad41b20}: <clinit>> (0x000000008ad41b20) thrown at [./src/hotspot/share/prims/jni.cpp, line 1362]
Event: 15.817 Thread 0x0000024476437800 Exception <a 'java/lang/NoSuchMethodError'{0x000000008ad54668}: <clinit>> (0x000000008ad54668) thrown at [./src/hotspot/share/prims/jni.cpp, line 1362]
Event: 16.753 Thread 0x0000024476437800 Exception <a 'java/lang/NoSuchMethodError'{0x000000008b7f2f80}: <clinit>> (0x000000008b7f2f80) thrown at [./src/hotspot/share/prims/jni.cpp, line 1362]
Event: 16.790 Thread 0x0000024476437800 Exception <a 'java/lang/NoSuchMethodError'{0x000000008b431e40}: <clinit>> (0x000000008b431e40) thrown at [./src/hotspot/share/prims/jni.cpp, line 1362]
Event: 17.426 Thread 0x0000024476438800 Implicit null exception at 0x000002445fa2556f to 0x000002445fa26010
Event: 17.426 Thread 0x0000024476438800 Implicit null exception at 0x000002445fa2556f to 0x000002445fa26010
Event: 17.426 Thread 0x0000024476438800 Implicit null exception at 0x000002445fa2556f to 0x000002445fa26010
Event: 17.426 Thread 0x0000024476438800 Implicit null exception at 0x000002445fa2556f to 0x000002445fa26010
Event: 17.428 Thread 0x000002447643d800 Exception <a 'java/lang/NoSuchMethodError'{0x000000008a47c0a8}: <clinit>> (0x000000008a47c0a8) thrown at [./src/hotspot/share/prims/jni.cpp, line 1362]
Event: 17.753 Thread 0x000002447643d800 Exception <a 'sun/nio/fs/WindowsException'{0x000000008b0491b8}> (0x000000008b0491b8) thrown at [./src/hotspot/share/prims/jni.cpp, line 615]
Event: 17.753 Thread 0x000002447643d800 Exception <a 'sun/nio/fs/WindowsException'{0x000000008b049de8}> (0x000000008b049de8) thrown at [./src/hotspot/share/prims/jni.cpp, line 615]
Event: 17.754 Thread 0x000002447643d800 Exception <a 'sun/nio/fs/WindowsException'{0x000000008b04a108}> (0x000000008b04a108) thrown at [./src/hotspot/share/prims/jni.cpp, line 615]
Event: 17.754 Thread 0x000002447643d800 Exception <a 'sun/nio/fs/WindowsException'{0x000000008b04ad00}> (0x000000008b04ad00) thrown at [./src/hotspot/share/prims/jni.cpp, line 615]
Event: 17.754 Thread 0x000002447643d800 Exception <a 'sun/nio/fs/WindowsException'{0x000000008b04b000}> (0x000000008b04b000) thrown at [./src/hotspot/share/prims/jni.cpp, line 615]
Event: 17.754 Thread 0x000002447643d800 Exception <a 'sun/nio/fs/WindowsException'{0x000000008b07ad00}> (0x000000008b07ad00) thrown at [./src/hotspot/share/prims/jni.cpp, line 615]
Event: 17.884 Thread 0x000002447643d800 Implicit null exception at 0x000002445f966bde to 0x000002445f966d24

Events (20 events):
Event: 18.428 loading class kotlin/reflect/jvm/internal/impl/load/java/lazy/descriptors/LazyJavaPackageScope$FindClassRequest
Event: 18.428 loading class kotlin/reflect/jvm/internal/impl/load/java/lazy/descriptors/LazyJavaPackageScope$FindClassRequest done
Event: 18.429 loading class kotlin/reflect/jvm/internal/impl/descriptors/runtime/components/ReflectKotlinClassFinderKt
Event: 18.429 loading class kotlin/reflect/jvm/internal/impl/descriptors/runtime/components/ReflectKotlinClassFinderKt done
Event: 18.429 loading class kotlin/reflect/jvm/internal/impl/descriptors/runtime/components/ReflectJavaClassFinderKt
Event: 18.429 loading class kotlin/reflect/jvm/internal/impl/descriptors/runtime/components/ReflectJavaClassFinderKt done
Event: 18.430 loading class kotlin/reflect/jvm/internal/impl/descriptors/runtime/components/ReflectKotlinClass
Event: 18.430 loading class kotlin/reflect/jvm/internal/impl/descriptors/runtime/components/ReflectKotlinClass done
Event: 18.430 loading class kotlin/reflect/jvm/internal/impl/load/kotlin/KotlinJvmBinaryClass
Event: 18.430 loading class kotlin/reflect/jvm/internal/impl/load/kotlin/KotlinJvmBinaryClass done
Event: 18.431 loading class kotlin/reflect/jvm/internal/impl/descriptors/runtime/components/ReflectKotlinClass$Factory
Event: 18.431 loading class kotlin/reflect/jvm/internal/impl/descriptors/runtime/components/ReflectKotlinClass$Factory done
Event: 18.431 loading class kotlin/reflect/jvm/internal/impl/load/kotlin/header/ReadKotlinClassHeaderAnnotationVisitor
Event: 18.431 loading class kotlin/reflect/jvm/internal/impl/load/kotlin/header/ReadKotlinClassHeaderAnnotationVisitor done
Event: 18.432 loading class kotlin/reflect/jvm/internal/impl/load/kotlin/KotlinJvmBinaryClass$AnnotationVisitor
Event: 18.432 loading class kotlin/reflect/jvm/internal/impl/load/kotlin/KotlinJvmBinaryClass$AnnotationVisitor done
Event: 18.433 loading class kotlin/reflect/jvm/internal/impl/load/kotlin/KotlinJvmBinaryClass$AnnotationArgumentVisitor
Event: 18.433 loading class kotlin/reflect/jvm/internal/impl/load/kotlin/KotlinJvmBinaryClass$AnnotationArgumentVisitor done
Event: 18.433 loading class kotlin/reflect/jvm/internal/impl/descriptors/runtime/components/ReflectClassStructure
Event: 18.433 loading class kotlin/reflect/jvm/internal/impl/descriptors/runtime/components/ReflectClassStructure done


Dynamic libraries:
0x00007ff7357d0000 - 0x00007ff7357da000 	C:\Program Files\Android\Android Studio\jre\bin\java.exe
0x00007ffa0fb90000 - 0x00007ffa0fd85000 	C:\WINDOWS\SYSTEM32\ntdll.dll
0x00007ffa0ef40000 - 0x00007ffa0effd000 	C:\WINDOWS\System32\KERNEL32.DLL
0x00007ffa0d6f0000 - 0x00007ffa0d9b9000 	C:\WINDOWS\System32\KERNELBASE.dll
0x00007ffa0d550000 - 0x00007ffa0d650000 	C:\WINDOWS\System32\ucrtbase.dll
0x00007ffa06710000 - 0x00007ffa06729000 	C:\Program Files\Android\Android Studio\jre\bin\jli.dll
0x00007ffa066f0000 - 0x00007ffa06707000 	C:\Program Files\Android\Android Studio\jre\bin\VCRUNTIME140.dll
0x00007ffa0dcf0000 - 0x00007ffa0de90000 	C:\WINDOWS\System32\USER32.dll
0x00007ffa0d2d0000 - 0x00007ffa0d2f2000 	C:\WINDOWS\System32\win32u.dll
0x00007ffa0ea80000 - 0x00007ffa0eaaa000 	C:\WINDOWS\System32\GDI32.dll
0x00007ff9f9df0000 - 0x00007ff9fa08a000 	C:\WINDOWS\WinSxS\amd64_microsoft.windows.common-controls_6595b64144ccf1df_6.0.19041.1110_none_60b5254171f9507e\COMCTL32.dll
0x00007ffa0d360000 - 0x00007ffa0d46b000 	C:\WINDOWS\System32\gdi32full.dll
0x00007ffa0f010000 - 0x00007ffa0f0ae000 	C:\WINDOWS\System32\msvcrt.dll
0x00007ffa0d650000 - 0x00007ffa0d6ed000 	C:\WINDOWS\System32\msvcp_win.dll
0x00007ffa0ee60000 - 0x00007ffa0ee90000 	C:\WINDOWS\System32\IMM32.DLL
0x00007ffa06650000 - 0x00007ffa066ed000 	C:\Program Files\Android\Android Studio\jre\bin\msvcp140.dll
0x00007ff9ae2c0000 - 0x00007ff9aed7c000 	C:\Program Files\Android\Android Studio\jre\bin\server\jvm.dll
0x00007ffa0ee90000 - 0x00007ffa0ef3c000 	C:\WINDOWS\System32\ADVAPI32.dll
0x00007ffa0e7b0000 - 0x00007ffa0e84b000 	C:\WINDOWS\System32\sechost.dll
0x00007ffa0e210000 - 0x00007ffa0e33a000 	C:\WINDOWS\System32\RPCRT4.dll
0x00007ffa0ed10000 - 0x00007ffa0ed18000 	C:\WINDOWS\System32\PSAPI.DLL
0x00007ffa07ad0000 - 0x00007ffa07ad9000 	C:\WINDOWS\SYSTEM32\WSOCK32.dll
0x00007ffa04a60000 - 0x00007ffa04a6a000 	C:\WINDOWS\SYSTEM32\VERSION.dll
0x00007ffa02310000 - 0x00007ffa02337000 	C:\WINDOWS\SYSTEM32\WINMM.dll
0x00007ffa0e9a0000 - 0x00007ffa0ea0b000 	C:\WINDOWS\System32\WS2_32.dll
0x00007ffa0bb90000 - 0x00007ffa0bba2000 	C:\WINDOWS\SYSTEM32\kernel.appcore.dll
0x00007ffa07840000 - 0x00007ffa07851000 	C:\Program Files\Android\Android Studio\jre\bin\verify.dll
0x00007ffa0afb0000 - 0x00007ffa0b194000 	C:\WINDOWS\SYSTEM32\DBGHELP.DLL
0x00007ff9fbe70000 - 0x00007ff9fbe9c000 	C:\WINDOWS\SYSTEM32\dbgcore.DLL
0x00007ffa0d4c0000 - 0x00007ffa0d543000 	C:\WINDOWS\System32\bcryptPrimitives.dll
0x00007ffa073d0000 - 0x00007ffa073f9000 	C:\Program Files\Android\Android Studio\jre\bin\java.dll
0x00007ffa088a0000 - 0x00007ffa088ab000 	C:\Program Files\Android\Android Studio\jre\bin\jimage.dll
0x00007ffa058e0000 - 0x00007ffa058f8000 	C:\Program Files\Android\Android Studio\jre\bin\zip.dll
0x00007ffa0f0b0000 - 0x00007ffa0f7ef000 	C:\WINDOWS\System32\SHELL32.dll
0x00007ffa0b3e0000 - 0x00007ffa0bb71000 	C:\WINDOWS\SYSTEM32\windows.storage.dll
0x00007ffa0f7f0000 - 0x00007ffa0fb45000 	C:\WINDOWS\System32\combase.dll
0x00007ffa0cd40000 - 0x00007ffa0cd6c000 	C:\WINDOWS\SYSTEM32\Wldp.dll
0x00007ffa0de90000 - 0x00007ffa0df3e000 	C:\WINDOWS\System32\SHCORE.dll
0x00007ffa0ea10000 - 0x00007ffa0ea65000 	C:\WINDOWS\System32\shlwapi.dll
0x00007ffa0d210000 - 0x00007ffa0d22f000 	C:\WINDOWS\SYSTEM32\profapi.dll
0x00007ffa058c0000 - 0x00007ffa058da000 	C:\Program Files\Android\Android Studio\jre\bin\net.dll
0x00007ffa014f0000 - 0x00007ffa015fa000 	C:\WINDOWS\SYSTEM32\WINHTTP.dll
0x00007ffa0ca30000 - 0x00007ffa0ca9a000 	C:\WINDOWS\system32\mswsock.dll
0x00007ffa01600000 - 0x00007ffa01614000 	C:\Program Files\Android\Android Studio\jre\bin\nio.dll
0x00007ffa07920000 - 0x00007ffa07947000 	C:\Users\Dark Knight\.gradle\native\fdc75f09e3144964f2cf3f50f0aa648679c211496f362492102eb8c894070792\windows-amd64\native-platform.dll
0x00007ff9e1140000 - 0x00007ff9e12d6000 	C:\Users\Dark Knight\.gradle\native\12488b8bf47d2d4c9fbf2f6322a914ad602e24e48041cd04a747c6da556b65c4\windows-amd64\native-platform-file-events.dll
0x00007ffa08670000 - 0x00007ffa0867a000 	C:\Program Files\Android\Android Studio\jre\bin\management.dll
0x00007ffa073c0000 - 0x00007ffa073cc000 	C:\Program Files\Android\Android Studio\jre\bin\management_ext.dll
0x00007ffa0cc40000 - 0x00007ffa0cc58000 	C:\WINDOWS\SYSTEM32\CRYPTSP.dll
0x00007ffa0c370000 - 0x00007ffa0c3a4000 	C:\WINDOWS\system32\rsaenh.dll
0x00007ffa0da70000 - 0x00007ffa0da97000 	C:\WINDOWS\System32\bcrypt.dll
0x00007ffa0d1d0000 - 0x00007ffa0d1fe000 	C:\WINDOWS\SYSTEM32\USERENV.dll
0x00007ffa0cc30000 - 0x00007ffa0cc3c000 	C:\WINDOWS\SYSTEM32\CRYPTBASE.dll
0x00007ffa0c720000 - 0x00007ffa0c75b000 	C:\WINDOWS\SYSTEM32\IPHLPAPI.DLL
0x00007ffa0f000000 - 0x00007ffa0f008000 	C:\WINDOWS\System32\NSI.dll
0x00007ffa034e0000 - 0x00007ffa034f7000 	C:\WINDOWS\SYSTEM32\dhcpcsvc6.DLL
0x00007ffa03da0000 - 0x00007ffa03dbd000 	C:\WINDOWS\SYSTEM32\dhcpcsvc.DLL
0x00007ffa0c760000 - 0x00007ffa0c82c000 	C:\WINDOWS\SYSTEM32\DNSAPI.dll
0x00007ffa04a70000 - 0x00007ffa04a7b000 	C:\WINDOWS\SYSTEM32\WINNSI.DLL

dbghelp: loaded successfully - version: 4.0.5 - missing functions: none
symbol engine: initialized successfully - sym options: 0x614 - pdb path: .;C:\Program Files\Android\Android Studio\jre\bin;C:\WINDOWS\SYSTEM32;C:\WINDOWS\WinSxS\amd64_microsoft.windows.common-controls_6595b64144ccf1df_6.0.19041.1110_none_60b5254171f9507e;C:\Program Files\Android\Android Studio\jre\bin\server;C:\Users\Dark Knight\.gradle\native\fdc75f09e3144964f2cf3f50f0aa648679c211496f362492102eb8c894070792\windows-amd64;C:\Users\Dark Knight\.gradle\native\12488b8bf47d2d4c9fbf2f6322a914ad602e24e48041cd04a747c6da556b65c4\windows-amd64

VM Arguments:
jvm_args: --add-opens=java.base/java.util=ALL-UNNAMED --add-opens=java.base/java.lang=ALL-UNNAMED --add-opens=java.base/java.lang.invoke=ALL-UNNAMED --add-opens=java.prefs/java.util.prefs=ALL-UNNAMED -Xmx2048m -Dfile.encoding=UTF-8 -Duser.country=IN -Duser.language=en -Duser.variant 
java_command: org.gradle.launcher.daemon.bootstrap.GradleDaemon 6.7.1
java_class_path (initial): C:\Users\Dark Knight\.gradle\wrapper\dists\gradle-6.7.1-bin\bwlcbys1h7rz3272sye1xwiv6\gradle-6.7.1\lib\gradle-launcher-6.7.1.jar
Launcher Type: SUN_STANDARD

[Global flags]
     intx CICompilerCount                          = 4                                         {product} {ergonomic}
     uint ConcGCThreads                            = 2                                         {product} {ergonomic}
     uint G1ConcRefinementThreads                  = 8                                         {product} {ergonomic}
   size_t G1HeapRegionSize                         = 1048576                                   {product} {ergonomic}
    uintx GCDrainStackTargetSize                   = 64                                        {product} {ergonomic}
   size_t InitialHeapSize                          = 134217728                                 {product} {ergonomic}
   size_t MarkStackSize                            = 4194304                                   {product} {ergonomic}
   size_t MaxHeapSize                              = 2147483648                                {product} {command line}
   size_t MaxNewSize                               = 1287651328                                {product} {ergonomic}
   size_t MinHeapDeltaBytes                        = 1048576                                   {product} {ergonomic}
    uintx NonNMethodCodeHeapSize                   = 5836300                                {pd product} {ergonomic}
    uintx NonProfiledCodeHeapSize                  = 122910970                              {pd product} {ergonomic}
    uintx ProfiledCodeHeapSize                     = 122910970                              {pd product} {ergonomic}
    uintx ReservedCodeCacheSize                    = 251658240                              {pd product} {ergonomic}
     bool SegmentedCodeCache                       = true                                      {product} {ergonomic}
     bool UseCompressedClassPointers               = true                                 {lp64_product} {ergonomic}
     bool UseCompressedOops                        = true                                 {lp64_product} {ergonomic}
     bool UseG1GC                                  = true                                      {product} {ergonomic}
     bool UseLargePagesIndividualAllocation        = false                                  {pd product} {ergonomic}

Logging:
Log output configuration:
 #0: stdout all=warning uptime,level,tags
 #1: stderr all=off uptime,level,tags

Environment Variables:
PATH=C:\Windows\system32;C:\Windows;C:\Windows\System32\Wbem;C:\Windows\System32\WindowsPowerShell\v1.0\;C:\Windows\System32\OpenSSH\;C:\Program Files (x86)\NVIDIA Corporation\PhysX\Common;C:\Program Files\NVIDIA Corporation\NVIDIA NvDLISR;C:\WINDOWS\system32;C:\WINDOWS;C:\WINDOWS\System32\Wbem;C:\WINDOWS\System32\WindowsPowerShell\v1.0\;C:\WINDOWS\System32\OpenSSH\;C:\MinGW\bin;C:\Program Files\MEGA-X;C:\WINDOWS\system32;C:\WINDOWS;C:\WINDOWS\System32\Wbem;C:\WINDOWS\System32\WindowsPowerShell\v1.0\;C:\WINDOWS\System32\OpenSSH\;C:\Program Files\Git\cmd;C:\Users\Dark Knight\AppData\Local\Microsoft\WindowsApps;C:\Users\Dark Knight\AppData\Local\GitHubDesktop\bin;C:\Users\Dark Knight\AppData\Local\atom\bin;C:\ProgramData\Dark Knight\atom\bin;C:\MinGW\bin;C:\Program Files (x86)\Microsoft Visual Studio\2019\BuildTools\MSBuild\Current\Bin;C:\Users\Dark Knight\AppData\Local\Programs\Microsoft VS Code\bin;C:\Users\Dark Knight\AppData\Local\Microsoft\WindowsApps;
USERNAME=Dark Knight
OS=Windows_NT
PROCESSOR_IDENTIFIER=Intel64 Family 6 Model 158 Stepping 10, GenuineIntel



---------------  S Y S T E M  ---------------

OS: Windows 10 , 64 bit Build 19041 (10.0.19041.1023)
OS uptime: 8 days 3:14 hours

CPU:total 8 (initial active 8) (4 cores per cpu, 2 threads per core) family 6 model 158 stepping 10, cmov, cx8, fxsr, mmx, sse, sse2, sse3, ssse3, sse4.1, sse4.2, popcnt, avx, avx2, aes, clmul, erms, 3dnowpref, lzcnt, ht, tsc, tscinvbit, bmi1, bmi2, adx, fma

Memory: 4k page, system-wide physical 8112M (781M free)
TotalPageFile size 12208M (AvailPageFile size 5M)
current process WorkingSet (physical memory assigned to process): 480M, peak: 480M
current process commit charge ("private bytes"): 549M, peak: 550M

vm_info: OpenJDK 64-Bit Server VM (11.0.8+10-b944.6842174) for windows-amd64 JRE (11.0.8+10-b944.6842174), built on Sep 19 2020 01:11:42 by "builder" with MS VC++ 14.0 (VS2015)

END.
