#
# There is insufficient memory for the Java Runtime Environment to continue.
# Native memory allocation (malloc) failed to allocate 32744 bytes for ChunkPool::allocate
# Possible reasons:
#   The system is out of physical RAM or swap space
#   The process is running with CompressedOops enabled, and the Java Heap may be blocking the growth of the native heap
# Possible solutions:
#   Reduce memory load on the system
#   Increase physical memory or swap space
#   Check if swap backing store is full
#   Decrease Java heap size (-Xmx/-Xms)
#   Decrease number of Java threads
#   Decrease Java thread stack sizes (-Xss)
#   Set larger code cache with -XX:ReservedCodeCacheSize=
#   JVM is running with Unscaled Compressed Oops mode in which the Java heap is
#     placed in the first 4GB address space. The Java Heap base address is the
#     maximum limit for the native heap growth. Please use -XX:HeapBaseMinAddress
#     to set the Java Heap base and to place the Java Heap above 4GB virtual address.
# This output file may be truncated or incomplete.
#
#  Out of Memory Error (./src/hotspot/share/memory/arena.cpp:81), pid=39032, tid=15816
#
# JRE version: OpenJDK Runtime Environment (11.0.8+10) (build 11.0.8+10-b944.6842174)
# Java VM: OpenJDK 64-Bit Server VM (11.0.8+10-b944.6842174, mixed mode, tiered, compressed oops, g1 gc, windows-amd64)
# No core dump will be written. Minidumps are not enabled by default on client versions of Windows
#

---------------  S U M M A R Y ------------

Command Line: --add-opens=java.base/java.util=ALL-UNNAMED --add-opens=java.base/java.lang=ALL-UNNAMED --add-opens=java.base/java.lang.invoke=ALL-UNNAMED --add-opens=java.prefs/java.util.prefs=ALL-UNNAMED -Xmx2048m -Dfile.encoding=UTF-8 -Duser.country=IN -Duser.language=en -Duser.variant org.gradle.launcher.daemon.bootstrap.GradleDaemon 6.7.1

Host: Intel(R) Core(TM) i5-9300H CPU @ 2.40GHz, 8 cores, 7G,  Windows 10 , 64 bit Build 19041 (10.0.19041.1023)
Time: Wed Jul 28 17:11:25 2021 India Standard Time elapsed time: 4 seconds (0d 0h 0m 4s)

---------------  T H R E A D  ---------------

Current thread (0x00000185f0f0b000):  JavaThread "C1 CompilerThread0" daemon [_thread_in_native, id=15816, stack(0x0000006a59000000,0x0000006a59100000)]


Current CompileTask:
C1:   4483 2245       3       java.lang.invoke.MethodHandles$Lookup::in (168 bytes)

Stack: [0x0000006a59000000,0x0000006a59100000]
Native frames: (J=compiled Java code, j=interpreted, Vv=VM code, C=native code)
V  [jvm.dll+0x5de50a]
V  [jvm.dll+0x7122f5]
V  [jvm.dll+0x71384d]
V  [jvm.dll+0x713f03]
V  [jvm.dll+0x23e728]
V  [jvm.dll+0xb8beb]
V  [jvm.dll+0xb8e9c]
V  [jvm.dll+0x5a3783]
V  [jvm.dll+0x5a4396]
V  [jvm.dll+0x5a3e5c]
V  [jvm.dll+0x1a1f5d]
V  [jvm.dll+0x12f647]
V  [jvm.dll+0x12268b]
V  [jvm.dll+0x12f082]
V  [jvm.dll+0x1321e2]
V  [jvm.dll+0x131c5d]
V  [jvm.dll+0x129127]
V  [jvm.dll+0x12b563]
V  [jvm.dll+0x129b72]
V  [jvm.dll+0x1325a3]
V  [jvm.dll+0x131c5d]
V  [jvm.dll+0x129127]
V  [jvm.dll+0x12b563]
V  [jvm.dll+0x129b72]
V  [jvm.dll+0x122dc5]
V  [jvm.dll+0x133816]
V  [jvm.dll+0x1336c9]
V  [jvm.dll+0x11ea19]
V  [jvm.dll+0x11ed6a]
V  [jvm.dll+0x11ef63]
V  [jvm.dll+0x11e277]
V  [jvm.dll+0x11fe47]
V  [jvm.dll+0x205047]
V  [jvm.dll+0x203891]
V  [jvm.dll+0x6dad3f]
V  [jvm.dll+0x6d3895]
V  [jvm.dll+0x5dd4a6]
C  [ucrtbase.dll+0x21bb2]
C  [KERNEL32.DLL+0x17034]
C  [ntdll.dll+0x52651]


---------------  P R O C E S S  ---------------

Threads class SMR info:
_java_thread_list=0x00000185f36dd900, length=27, elements={
0x00000185d42cb000, 0x00000185f0570800, 0x00000185f0572000, 0x00000185f057c800,
0x00000185f057d800, 0x00000185f0f03800, 0x00000185f0f0b000, 0x00000185f0f0c800,
0x00000185f104b800, 0x00000185f1079000, 0x00000185f30f0000, 0x00000185f12a8800,
0x00000185f1c42800, 0x00000185f214e800, 0x00000185f2e8f000, 0x00000185f3579000,
0x00000185f25a0800, 0x00000185f1f03000, 0x00000185f2273800, 0x00000185f260a000,
0x00000185f263a800, 0x00000185f2639000, 0x00000185f263d000, 0x00000185f369b800,
0x00000185f2638000, 0x00000185f57ed800, 0x00000185f263a000
}

Java Threads: ( => current thread )
  0x00000185d42cb000 JavaThread "main" [_thread_blocked, id=21916, stack(0x0000006a58400000,0x0000006a58500000)]
  0x00000185f0570800 JavaThread "Reference Handler" daemon [_thread_blocked, id=19136, stack(0x0000006a58b00000,0x0000006a58c00000)]
  0x00000185f0572000 JavaThread "Finalizer" daemon [_thread_blocked, id=31248, stack(0x0000006a58c00000,0x0000006a58d00000)]
  0x00000185f057c800 JavaThread "Signal Dispatcher" daemon [_thread_blocked, id=40808, stack(0x0000006a58d00000,0x0000006a58e00000)]
  0x00000185f057d800 JavaThread "Attach Listener" daemon [_thread_blocked, id=31812, stack(0x0000006a58e00000,0x0000006a58f00000)]
  0x00000185f0f03800 JavaThread "C2 CompilerThread0" daemon [_thread_in_native, id=9460, stack(0x0000006a58f00000,0x0000006a59000000)]
=>0x00000185f0f0b000 JavaThread "C1 CompilerThread0" daemon [_thread_in_native, id=15816, stack(0x0000006a59000000,0x0000006a59100000)]
  0x00000185f0f0c800 JavaThread "Sweeper thread" daemon [_thread_blocked, id=37932, stack(0x0000006a59100000,0x0000006a59200000)]
  0x00000185f104b800 JavaThread "Common-Cleaner" daemon [_thread_blocked, id=15672, stack(0x0000006a59200000,0x0000006a59300000)]
  0x00000185f1079000 JavaThread "Service Thread" daemon [_thread_blocked, id=33312, stack(0x0000006a59300000,0x0000006a59400000)]
  0x00000185f30f0000 JavaThread "Daemon health stats" [_thread_blocked, id=24784, stack(0x0000006a59900000,0x0000006a59a00000)]
  0x00000185f12a8800 JavaThread "Incoming local TCP Connector on port 53882" [_thread_in_native, id=36412, stack(0x0000006a59a00000,0x0000006a59b00000)]
  0x00000185f1c42800 JavaThread "Daemon periodic checks" [_thread_blocked, id=38412, stack(0x0000006a59b00000,0x0000006a59c00000)]
  0x00000185f214e800 JavaThread "Daemon" [_thread_blocked, id=14344, stack(0x0000006a59c00000,0x0000006a59d00000)]
  0x00000185f2e8f000 JavaThread "Handler for socket connection from /127.0.0.1:53882 to /127.0.0.1:53883" [_thread_in_native, id=33036, stack(0x0000006a59d00000,0x0000006a59e00000)]
  0x00000185f3579000 JavaThread "Cancel handler" [_thread_blocked, id=31080, stack(0x0000006a59e00000,0x0000006a59f00000)]
  0x00000185f25a0800 JavaThread "Daemon worker" [_thread_in_vm, id=37076, stack(0x0000006a59f00000,0x0000006a5a000000)]
  0x00000185f1f03000 JavaThread "Asynchronous log dispatcher for DefaultDaemonConnection: socket connection from /127.0.0.1:53882 to /127.0.0.1:53883" [_thread_blocked, id=39392, stack(0x0000006a5a000000,0x0000006a5a100000)]
  0x00000185f2273800 JavaThread "Stdin handler" [_thread_blocked, id=32808, stack(0x0000006a5a100000,0x0000006a5a200000)]
  0x00000185f260a000 JavaThread "Thread-8" [_thread_blocked, id=40384, stack(0x0000006a5a200000,0x0000006a5a300000)]
  0x00000185f263a800 JavaThread "Cache worker for file hash cache (C:\Users\Dark Knight\.gradle\caches\6.7.1\fileHashes)" [_thread_blocked, id=36780, stack(0x0000006a5a800000,0x0000006a5a900000)]
  0x00000185f2639000 JavaThread "File lock request listener" [_thread_in_native, id=37000, stack(0x0000006a5a900000,0x0000006a5aa00000)]
  0x00000185f263d000 JavaThread "Cache worker for journal cache (C:\Users\Dark Knight\.gradle\caches\journal-1)" [_thread_blocked, id=17420, stack(0x0000006a5ab00000,0x0000006a5ac00000)]
  0x00000185f369b800 JavaThread "C2 CompilerThread1" daemon [_thread_in_native, id=21612, stack(0x0000006a5ac00000,0x0000006a5ad00000)]
  0x00000185f2638000 JavaThread "Cache worker for file hash cache (C:\Android Projects\Udemy TUTORIAL\KidsDrawingApp\.gradle\6.7.1\fileHashes)" [_thread_blocked, id=23920, stack(0x0000006a5ad00000,0x0000006a5ae00000)]
  0x00000185f57ed800 JavaThread "C2 CompilerThread2" daemon [_thread_in_native, id=29268, stack(0x0000006a5ae00000,0x0000006a5af00000)]
  0x00000185f263a000 JavaThread "jar transforms" [_thread_blocked, id=23584, stack(0x0000006a5af00000,0x0000006a5b000000)]

Other Threads:
  0x00000185f056c000 VMThread "VM Thread" [stack: 0x0000006a58a00000,0x0000006a58b00000] [id=36376]
  0x00000185f1092000 WatcherThread [stack: 0x0000006a59400000,0x0000006a59500000] [id=33476]
  0x00000185d42e3000 GCTaskThread "GC Thread#0" [stack: 0x0000006a58500000,0x0000006a58600000] [id=11984]
  0x00000185f1db7800 GCTaskThread "GC Thread#1" [stack: 0x0000006a59600000,0x0000006a59700000] [id=26712]
  0x00000185f1d28800 GCTaskThread "GC Thread#2" [stack: 0x0000006a59700000,0x0000006a59800000] [id=26300]
  0x00000185f2ea4800 GCTaskThread "GC Thread#3" [stack: 0x0000006a5a300000,0x0000006a5a400000] [id=22076]
  0x00000185f2505800 GCTaskThread "GC Thread#4" [stack: 0x0000006a5a400000,0x0000006a5a500000] [id=39112]
  0x00000185f2efd000 GCTaskThread "GC Thread#5" [stack: 0x0000006a5a500000,0x0000006a5a600000] [id=38172]
  0x00000185f2dec800 GCTaskThread "GC Thread#6" [stack: 0x0000006a5a600000,0x0000006a5a700000] [id=31560]
  0x00000185f34ae000 GCTaskThread "GC Thread#7" [stack: 0x0000006a5a700000,0x0000006a5a800000] [id=31184]
  0x00000185d4313000 ConcurrentGCThread "G1 Main Marker" [stack: 0x0000006a58600000,0x0000006a58700000] [id=18248]
  0x00000185d4316000 ConcurrentGCThread "G1 Conc#0" [stack: 0x0000006a58700000,0x0000006a58800000] [id=36840]
  0x00000185f30e1000 ConcurrentGCThread "G1 Conc#1" [stack: 0x0000006a5aa00000,0x0000006a5ab00000] [id=12512]
  0x00000185d43a7800 ConcurrentGCThread "G1 Refine#0" [stack: 0x0000006a58800000,0x0000006a58900000] [id=28716]
  0x00000185f03c0800 ConcurrentGCThread "G1 Young RemSet Sampling" [stack: 0x0000006a58900000,0x0000006a58a00000] [id=30076]

Threads with active compile tasks:
C2 CompilerThread0   4532 2065       4       java.net.URLClassLoader$1::run (5 bytes)
C1 CompilerThread0   4532 2245       3       java.lang.invoke.MethodHandles$Lookup::in (168 bytes)
C2 CompilerThread1   4532 2177   !   4       java.lang.ClassLoader::loadClass (122 bytes)
C2 CompilerThread2   4532 2192       4       java.lang.reflect.ProxyGenerator$ConstantPool::getValue (87 bytes)

VM state:not at safepoint (normal execution)

VM Mutex/Monitor currently owned by a thread: None

Heap address: 0x0000000080000000, size: 2048 MB, Compressed Oops mode: 32-bit
Narrow klass base: 0x0000000000000000, Narrow klass shift: 3
Compressed class space size: 1073741824 Address: 0x0000000100000000

Heap:
 garbage-first heap   total 131072K, used 59307K [0x0000000080000000, 0x0000000100000000)
  region size 1024K, 44 young (45056K), 1 survivors (1024K)
 Metaspace       used 25762K, capacity 26387K, committed 26752K, reserved 1073152K
  class space    used 3358K, capacity 3590K, committed 3712K, reserved 1048576K
Heap Regions: E=young(eden), S=young(survivor), O=old, HS=humongous(starts), HC=humongous(continues), CS=collection set, F=free, A=archive, TAMS=top-at-mark-start (previous, next)
|   0|0x0000000080000000, 0x0000000080100000, 0x0000000080100000|100%| O|  |TAMS 0x0000000080100000, 0x0000000080000000| Untracked 
|   1|0x0000000080100000, 0x0000000080200000, 0x0000000080200000|100%| O|  |TAMS 0x0000000080200000, 0x0000000080100000| Untracked 
|   2|0x0000000080200000, 0x0000000080300000, 0x0000000080300000|100%| O|  |TAMS 0x0000000080300000, 0x0000000080200000| Untracked 
|   3|0x0000000080300000, 0x0000000080400000, 0x0000000080400000|100%|HS|  |TAMS 0x0000000080400000, 0x0000000080300000| Complete 
|   4|0x0000000080400000, 0x0000000080500000, 0x0000000080500000|100%|HC|  |TAMS 0x0000000080500000, 0x0000000080400000| Complete 
|   5|0x0000000080500000, 0x0000000080600000, 0x0000000080600000|100%|HC|  |TAMS 0x0000000080600000, 0x0000000080500000| Complete 
|   6|0x0000000080600000, 0x0000000080700000, 0x0000000080700000|100%| O|  |TAMS 0x0000000080700000, 0x0000000080600000| Untracked 
|   7|0x0000000080700000, 0x0000000080800000, 0x0000000080800000|100%| O|  |TAMS 0x0000000080800000, 0x0000000080700000| Untracked 
|   8|0x0000000080800000, 0x0000000080900000, 0x0000000080900000|100%| O|  |TAMS 0x0000000080900000, 0x0000000080800000| Untracked 
|   9|0x0000000080900000, 0x0000000080a00000, 0x0000000080a00000|100%| O|  |TAMS 0x0000000080a00000, 0x0000000080900000| Untracked 
|  10|0x0000000080a00000, 0x0000000080b00000, 0x0000000080b00000|100%| O|  |TAMS 0x0000000080b00000, 0x0000000080a00000| Untracked 
|  11|0x0000000080b00000, 0x0000000080c00000, 0x0000000080c00000|100%| O|  |TAMS 0x0000000080c00000, 0x0000000080b00000| Untracked 
|  12|0x0000000080c00000, 0x0000000080d00000, 0x0000000080d00000|100%| O|  |TAMS 0x0000000080d00000, 0x0000000080c00000| Untracked 
|  13|0x0000000080d00000, 0x0000000080e00000, 0x0000000080e00000|100%| O|  |TAMS 0x0000000080e00000, 0x0000000080d00000| Untracked 
|  14|0x0000000080e00000, 0x0000000080f00000, 0x0000000080f00000|100%| O|  |TAMS 0x0000000080f00000, 0x0000000080e00000| Untracked 
|  15|0x0000000080f00000, 0x0000000080f4b400, 0x0000000081000000| 29%| O|  |TAMS 0x0000000080f4b400, 0x0000000080f00000| Untracked 
|  16|0x0000000081000000, 0x0000000081000000, 0x0000000081100000|  0%| F|  |TAMS 0x0000000081000000, 0x0000000081000000| Untracked 
|  17|0x0000000081100000, 0x0000000081100000, 0x0000000081200000|  0%| F|  |TAMS 0x0000000081100000, 0x0000000081100000| Untracked 
|  18|0x0000000081200000, 0x0000000081200000, 0x0000000081300000|  0%| F|  |TAMS 0x0000000081200000, 0x0000000081200000| Untracked 
|  19|0x0000000081300000, 0x0000000081300000, 0x0000000081400000|  0%| F|  |TAMS 0x0000000081300000, 0x0000000081300000| Untracked 
|  20|0x0000000081400000, 0x0000000081400000, 0x0000000081500000|  0%| F|  |TAMS 0x0000000081400000, 0x0000000081400000| Untracked 
|  21|0x0000000081500000, 0x0000000081500000, 0x0000000081600000|  0%| F|  |TAMS 0x0000000081500000, 0x0000000081500000| Untracked 
|  22|0x0000000081600000, 0x0000000081600000, 0x0000000081700000|  0%| F|  |TAMS 0x0000000081600000, 0x0000000081600000| Untracked 
|  23|0x0000000081700000, 0x0000000081700000, 0x0000000081800000|  0%| F|  |TAMS 0x0000000081700000, 0x0000000081700000| Untracked 
|  24|0x0000000081800000, 0x0000000081800000, 0x0000000081900000|  0%| F|  |TAMS 0x0000000081800000, 0x0000000081800000| Untracked 
|  25|0x0000000081900000, 0x0000000081900000, 0x0000000081a00000|  0%| F|  |TAMS 0x0000000081900000, 0x0000000081900000| Untracked 
|  26|0x0000000081a00000, 0x0000000081a00000, 0x0000000081b00000|  0%| F|  |TAMS 0x0000000081a00000, 0x0000000081a00000| Untracked 
|  27|0x0000000081b00000, 0x0000000081b00000, 0x0000000081c00000|  0%| F|  |TAMS 0x0000000081b00000, 0x0000000081b00000| Untracked 
|  28|0x0000000081c00000, 0x0000000081c00000, 0x0000000081d00000|  0%| F|  |TAMS 0x0000000081c00000, 0x0000000081c00000| Untracked 
|  29|0x0000000081d00000, 0x0000000081d00000, 0x0000000081e00000|  0%| F|  |TAMS 0x0000000081d00000, 0x0000000081d00000| Untracked 
|  30|0x0000000081e00000, 0x0000000081e00000, 0x0000000081f00000|  0%| F|  |TAMS 0x0000000081e00000, 0x0000000081e00000| Untracked 
|  31|0x0000000081f00000, 0x0000000081f00000, 0x0000000082000000|  0%| F|  |TAMS 0x0000000081f00000, 0x0000000081f00000| Untracked 
|  32|0x0000000082000000, 0x0000000082000000, 0x0000000082100000|  0%| F|  |TAMS 0x0000000082000000, 0x0000000082000000| Untracked 
|  33|0x0000000082100000, 0x0000000082100000, 0x0000000082200000|  0%| F|  |TAMS 0x0000000082100000, 0x0000000082100000| Untracked 
|  34|0x0000000082200000, 0x0000000082200000, 0x0000000082300000|  0%| F|  |TAMS 0x0000000082200000, 0x0000000082200000| Untracked 
|  35|0x0000000082300000, 0x0000000082300000, 0x0000000082400000|  0%| F|  |TAMS 0x0000000082300000, 0x0000000082300000| Untracked 
|  36|0x0000000082400000, 0x0000000082400000, 0x0000000082500000|  0%| F|  |TAMS 0x0000000082400000, 0x0000000082400000| Untracked 
|  37|0x0000000082500000, 0x0000000082500000, 0x0000000082600000|  0%| F|  |TAMS 0x0000000082500000, 0x0000000082500000| Untracked 
|  38|0x0000000082600000, 0x0000000082600000, 0x0000000082700000|  0%| F|  |TAMS 0x0000000082600000, 0x0000000082600000| Untracked 
|  39|0x0000000082700000, 0x0000000082700000, 0x0000000082800000|  0%| F|  |TAMS 0x0000000082700000, 0x0000000082700000| Untracked 
|  40|0x0000000082800000, 0x0000000082800000, 0x0000000082900000|  0%| F|  |TAMS 0x0000000082800000, 0x0000000082800000| Untracked 
|  41|0x0000000082900000, 0x0000000082900000, 0x0000000082a00000|  0%| F|  |TAMS 0x0000000082900000, 0x0000000082900000| Untracked 
|  42|0x0000000082a00000, 0x0000000082a00000, 0x0000000082b00000|  0%| F|  |TAMS 0x0000000082a00000, 0x0000000082a00000| Untracked 
|  43|0x0000000082b00000, 0x0000000082b00000, 0x0000000082c00000|  0%| F|  |TAMS 0x0000000082b00000, 0x0000000082b00000| Untracked 
|  44|0x0000000082c00000, 0x0000000082c00000, 0x0000000082d00000|  0%| F|  |TAMS 0x0000000082c00000, 0x0000000082c00000| Untracked 
|  45|0x0000000082d00000, 0x0000000082d00000, 0x0000000082e00000|  0%| F|  |TAMS 0x0000000082d00000, 0x0000000082d00000| Untracked 
|  46|0x0000000082e00000, 0x0000000082e00000, 0x0000000082f00000|  0%| F|  |TAMS 0x0000000082e00000, 0x0000000082e00000| Untracked 
|  47|0x0000000082f00000, 0x0000000082f00000, 0x0000000083000000|  0%| F|  |TAMS 0x0000000082f00000, 0x0000000082f00000| Untracked 
|  48|0x0000000083000000, 0x0000000083000000, 0x0000000083100000|  0%| F|  |TAMS 0x0000000083000000, 0x0000000083000000| Untracked 
|  49|0x0000000083100000, 0x0000000083100000, 0x0000000083200000|  0%| F|  |TAMS 0x0000000083100000, 0x0000000083100000| Untracked 
|  50|0x0000000083200000, 0x0000000083200000, 0x0000000083300000|  0%| F|  |TAMS 0x0000000083200000, 0x0000000083200000| Untracked 
|  51|0x0000000083300000, 0x0000000083300000, 0x0000000083400000|  0%| F|  |TAMS 0x0000000083300000, 0x0000000083300000| Untracked 
|  52|0x0000000083400000, 0x0000000083400000, 0x0000000083500000|  0%| F|  |TAMS 0x0000000083400000, 0x0000000083400000| Untracked 
|  53|0x0000000083500000, 0x0000000083500000, 0x0000000083600000|  0%| F|  |TAMS 0x0000000083500000, 0x0000000083500000| Untracked 
|  54|0x0000000083600000, 0x0000000083600000, 0x0000000083700000|  0%| F|  |TAMS 0x0000000083600000, 0x0000000083600000| Untracked 
|  55|0x0000000083700000, 0x0000000083700000, 0x0000000083800000|  0%| F|  |TAMS 0x0000000083700000, 0x0000000083700000| Untracked 
|  56|0x0000000083800000, 0x0000000083800000, 0x0000000083900000|  0%| F|  |TAMS 0x0000000083800000, 0x0000000083800000| Untracked 
|  57|0x0000000083900000, 0x0000000083900000, 0x0000000083a00000|  0%| F|  |TAMS 0x0000000083900000, 0x0000000083900000| Untracked 
|  58|0x0000000083a00000, 0x0000000083a00000, 0x0000000083b00000|  0%| F|  |TAMS 0x0000000083a00000, 0x0000000083a00000| Untracked 
|  59|0x0000000083b00000, 0x0000000083b00000, 0x0000000083c00000|  0%| F|  |TAMS 0x0000000083b00000, 0x0000000083b00000| Untracked 
|  60|0x0000000083c00000, 0x0000000083c00000, 0x0000000083d00000|  0%| F|  |TAMS 0x0000000083c00000, 0x0000000083c00000| Untracked 
|  61|0x0000000083d00000, 0x0000000083d00000, 0x0000000083e00000|  0%| F|  |TAMS 0x0000000083d00000, 0x0000000083d00000| Untracked 
|  62|0x0000000083e00000, 0x0000000083e00000, 0x0000000083f00000|  0%| F|  |TAMS 0x0000000083e00000, 0x0000000083e00000| Untracked 
|  63|0x0000000083f00000, 0x0000000083f00000, 0x0000000084000000|  0%| F|  |TAMS 0x0000000083f00000, 0x0000000083f00000| Untracked 
|  64|0x0000000084000000, 0x0000000084000000, 0x0000000084100000|  0%| F|  |TAMS 0x0000000084000000, 0x0000000084000000| Untracked 
|  65|0x0000000084100000, 0x0000000084100000, 0x0000000084200000|  0%| F|  |TAMS 0x0000000084100000, 0x0000000084100000| Untracked 
|  66|0x0000000084200000, 0x0000000084200000, 0x0000000084300000|  0%| F|  |TAMS 0x0000000084200000, 0x0000000084200000| Untracked 
|  67|0x0000000084300000, 0x0000000084300000, 0x0000000084400000|  0%| F|  |TAMS 0x0000000084300000, 0x0000000084300000| Untracked 
|  68|0x0000000084400000, 0x0000000084400000, 0x0000000084500000|  0%| F|  |TAMS 0x0000000084400000, 0x0000000084400000| Untracked 
|  69|0x0000000084500000, 0x0000000084500000, 0x0000000084600000|  0%| F|  |TAMS 0x0000000084500000, 0x0000000084500000| Untracked 
|  70|0x0000000084600000, 0x0000000084600000, 0x0000000084700000|  0%| F|  |TAMS 0x0000000084600000, 0x0000000084600000| Untracked 
|  71|0x0000000084700000, 0x0000000084700000, 0x0000000084800000|  0%| F|  |TAMS 0x0000000084700000, 0x0000000084700000| Untracked 
|  72|0x0000000084800000, 0x0000000084800000, 0x0000000084900000|  0%| F|  |TAMS 0x0000000084800000, 0x0000000084800000| Untracked 
|  73|0x0000000084900000, 0x0000000084900000, 0x0000000084a00000|  0%| F|  |TAMS 0x0000000084900000, 0x0000000084900000| Untracked 
|  74|0x0000000084a00000, 0x0000000084a00000, 0x0000000084b00000|  0%| F|  |TAMS 0x0000000084a00000, 0x0000000084a00000| Untracked 
|  75|0x0000000084b00000, 0x0000000084b00000, 0x0000000084c00000|  0%| F|  |TAMS 0x0000000084b00000, 0x0000000084b00000| Untracked 
|  76|0x0000000084c00000, 0x0000000084c00000, 0x0000000084d00000|  0%| F|  |TAMS 0x0000000084c00000, 0x0000000084c00000| Untracked 
|  77|0x0000000084d00000, 0x0000000084d00000, 0x0000000084e00000|  0%| F|  |TAMS 0x0000000084d00000, 0x0000000084d00000| Untracked 
|  78|0x0000000084e00000, 0x0000000084e00000, 0x0000000084f00000|  0%| F|  |TAMS 0x0000000084e00000, 0x0000000084e00000| Untracked 
|  79|0x0000000084f00000, 0x0000000084f00000, 0x0000000085000000|  0%| F|  |TAMS 0x0000000084f00000, 0x0000000084f00000| Untracked 
|  80|0x0000000085000000, 0x0000000085000000, 0x0000000085100000|  0%| F|  |TAMS 0x0000000085000000, 0x0000000085000000| Untracked 
|  81|0x0000000085100000, 0x0000000085100000, 0x0000000085200000|  0%| F|  |TAMS 0x0000000085100000, 0x0000000085100000| Untracked 
|  82|0x0000000085200000, 0x0000000085200000, 0x0000000085300000|  0%| F|  |TAMS 0x0000000085200000, 0x0000000085200000| Untracked 
|  83|0x0000000085300000, 0x0000000085300000, 0x0000000085400000|  0%| F|  |TAMS 0x0000000085300000, 0x0000000085300000| Untracked 
|  84|0x0000000085400000, 0x0000000085481120, 0x0000000085500000| 50%| E|  |TAMS 0x0000000085400000, 0x0000000085400000| Complete 
|  85|0x0000000085500000, 0x0000000085600000, 0x0000000085600000|100%| E|CS|TAMS 0x0000000085500000, 0x0000000085500000| Complete 
|  86|0x0000000085600000, 0x0000000085700000, 0x0000000085700000|100%| E|CS|TAMS 0x0000000085600000, 0x0000000085600000| Complete 
|  87|0x0000000085700000, 0x0000000085800000, 0x0000000085800000|100%| E|CS|TAMS 0x0000000085700000, 0x0000000085700000| Complete 
|  88|0x0000000085800000, 0x0000000085900000, 0x0000000085900000|100%| E|CS|TAMS 0x0000000085800000, 0x0000000085800000| Complete 
|  89|0x0000000085900000, 0x0000000085a00000, 0x0000000085a00000|100%| E|CS|TAMS 0x0000000085900000, 0x0000000085900000| Complete 
|  90|0x0000000085a00000, 0x0000000085b00000, 0x0000000085b00000|100%| E|CS|TAMS 0x0000000085a00000, 0x0000000085a00000| Complete 
|  91|0x0000000085b00000, 0x0000000085c00000, 0x0000000085c00000|100%| E|CS|TAMS 0x0000000085b00000, 0x0000000085b00000| Complete 
|  92|0x0000000085c00000, 0x0000000085d00000, 0x0000000085d00000|100%| E|CS|TAMS 0x0000000085c00000, 0x0000000085c00000| Complete 
|  93|0x0000000085d00000, 0x0000000085e00000, 0x0000000085e00000|100%| E|CS|TAMS 0x0000000085d00000, 0x0000000085d00000| Complete 
|  94|0x0000000085e00000, 0x0000000085f00000, 0x0000000085f00000|100%| E|CS|TAMS 0x0000000085e00000, 0x0000000085e00000| Complete 
|  95|0x0000000085f00000, 0x0000000086000000, 0x0000000086000000|100%| E|CS|TAMS 0x0000000085f00000, 0x0000000085f00000| Complete 
|  96|0x0000000086000000, 0x0000000086100000, 0x0000000086100000|100%| E|CS|TAMS 0x0000000086000000, 0x0000000086000000| Complete 
|  97|0x0000000086100000, 0x0000000086200000, 0x0000000086200000|100%| E|CS|TAMS 0x0000000086100000, 0x0000000086100000| Complete 
|  98|0x0000000086200000, 0x0000000086300000, 0x0000000086300000|100%| E|CS|TAMS 0x0000000086200000, 0x0000000086200000| Complete 
|  99|0x0000000086300000, 0x0000000086400000, 0x0000000086400000|100%| E|CS|TAMS 0x0000000086300000, 0x0000000086300000| Complete 
| 100|0x0000000086400000, 0x0000000086500000, 0x0000000086500000|100%| E|CS|TAMS 0x0000000086400000, 0x0000000086400000| Complete 
| 101|0x0000000086500000, 0x0000000086600000, 0x0000000086600000|100%| E|CS|TAMS 0x0000000086500000, 0x0000000086500000| Complete 
| 102|0x0000000086600000, 0x0000000086700000, 0x0000000086700000|100%| E|CS|TAMS 0x0000000086600000, 0x0000000086600000| Complete 
| 103|0x0000000086700000, 0x0000000086800000, 0x0000000086800000|100%| E|CS|TAMS 0x0000000086700000, 0x0000000086700000| Complete 
| 104|0x0000000086800000, 0x0000000086900000, 0x0000000086900000|100%| E|CS|TAMS 0x0000000086800000, 0x0000000086800000| Complete 
| 105|0x0000000086900000, 0x0000000086a00000, 0x0000000086a00000|100%| E|CS|TAMS 0x0000000086900000, 0x0000000086900000| Complete 
| 106|0x0000000086a00000, 0x0000000086b00000, 0x0000000086b00000|100%| E|CS|TAMS 0x0000000086a00000, 0x0000000086a00000| Complete 
| 107|0x0000000086b00000, 0x0000000086c00000, 0x0000000086c00000|100%| E|CS|TAMS 0x0000000086b00000, 0x0000000086b00000| Complete 
| 108|0x0000000086c00000, 0x0000000086d00000, 0x0000000086d00000|100%| E|CS|TAMS 0x0000000086c00000, 0x0000000086c00000| Complete 
| 109|0x0000000086d00000, 0x0000000086e00000, 0x0000000086e00000|100%| E|CS|TAMS 0x0000000086d00000, 0x0000000086d00000| Complete 
| 110|0x0000000086e00000, 0x0000000086f00000, 0x0000000086f00000|100%| E|CS|TAMS 0x0000000086e00000, 0x0000000086e00000| Complete 
| 111|0x0000000086f00000, 0x0000000087000000, 0x0000000087000000|100%| E|CS|TAMS 0x0000000086f00000, 0x0000000086f00000| Complete 
| 112|0x0000000087000000, 0x0000000087100000, 0x0000000087100000|100%| E|CS|TAMS 0x0000000087000000, 0x0000000087000000| Complete 
| 113|0x0000000087100000, 0x0000000087200000, 0x0000000087200000|100%| E|CS|TAMS 0x0000000087100000, 0x0000000087100000| Complete 
| 114|0x0000000087200000, 0x000000008729fba0, 0x0000000087300000| 62%| S|CS|TAMS 0x0000000087200000, 0x0000000087200000| Complete 
| 115|0x0000000087300000, 0x0000000087400000, 0x0000000087400000|100%| E|CS|TAMS 0x0000000087300000, 0x0000000087300000| Complete 
| 116|0x0000000087400000, 0x0000000087500000, 0x0000000087500000|100%| E|CS|TAMS 0x0000000087400000, 0x0000000087400000| Complete 
| 117|0x0000000087500000, 0x0000000087600000, 0x0000000087600000|100%| E|CS|TAMS 0x0000000087500000, 0x0000000087500000| Complete 
| 118|0x0000000087600000, 0x0000000087700000, 0x0000000087700000|100%| E|CS|TAMS 0x0000000087600000, 0x0000000087600000| Complete 
| 119|0x0000000087700000, 0x0000000087800000, 0x0000000087800000|100%| E|CS|TAMS 0x0000000087700000, 0x0000000087700000| Complete 
| 120|0x0000000087800000, 0x0000000087900000, 0x0000000087900000|100%| E|CS|TAMS 0x0000000087800000, 0x0000000087800000| Complete 
| 121|0x0000000087900000, 0x0000000087a00000, 0x0000000087a00000|100%| E|CS|TAMS 0x0000000087900000, 0x0000000087900000| Complete 
| 122|0x0000000087a00000, 0x0000000087b00000, 0x0000000087b00000|100%| E|CS|TAMS 0x0000000087a00000, 0x0000000087a00000| Complete 
| 123|0x0000000087b00000, 0x0000000087c00000, 0x0000000087c00000|100%| E|CS|TAMS 0x0000000087b00000, 0x0000000087b00000| Complete 
| 124|0x0000000087c00000, 0x0000000087d00000, 0x0000000087d00000|100%| E|CS|TAMS 0x0000000087c00000, 0x0000000087c00000| Complete 
| 125|0x0000000087d00000, 0x0000000087e00000, 0x0000000087e00000|100%| E|CS|TAMS 0x0000000087d00000, 0x0000000087d00000| Complete 
| 126|0x0000000087e00000, 0x0000000087f00000, 0x0000000087f00000|100%| E|CS|TAMS 0x0000000087e00000, 0x0000000087e00000| Complete 
| 127|0x0000000087f00000, 0x0000000088000000, 0x0000000088000000|100%| E|CS|TAMS 0x0000000087f00000, 0x0000000087f00000| Complete 

Card table byte_map: [0x00000185e9290000,0x00000185e9690000] _byte_map_base: 0x00000185e8e90000

Marking Bits (Prev, Next): (CMBitMap*) 0x00000185d4309f80, (CMBitMap*) 0x00000185d4309f48
 Prev Bits: [0x00000185eba90000, 0x00000185eda90000)
 Next Bits: [0x00000185e9a90000, 0x00000185eba90000)

Polling page: 0x00000185d43b0000

Metaspace:

Usage:
  Non-class:     22.26 MB capacity,    21.88 MB ( 98%) used,   343.63 KB (  2%) free+waste,    49.50 KB ( <1%) overhead. 
      Class:      3.51 MB capacity,     3.28 MB ( 94%) used,   206.55 KB (  6%) free+waste,    24.69 KB ( <1%) overhead. 
       Both:     25.77 MB capacity,    25.16 MB ( 98%) used,   550.19 KB (  2%) free+waste,    74.19 KB ( <1%) overhead. 

Virtual space:
  Non-class space:       24.00 MB reserved,      22.50 MB ( 94%) committed 
      Class space:        1.00 GB reserved,       3.63 MB ( <1%) committed 
             Both:        1.02 GB reserved,      26.13 MB (  2%) committed 

Chunk freelists:
   Non-Class:  51.00 KB
       Class:  0 bytes
        Both:  51.00 KB

MaxMetaspaceSize: 17179869184.00 GB
CompressedClassSpaceSize: 1.00 GB

CodeHeap 'non-profiled nmethods': size=120000Kb used=916Kb max_used=916Kb free=119083Kb
 bounds [0x00000185e0f00000, 0x00000185e1170000, 0x00000185e8430000]
CodeHeap 'profiled nmethods': size=120000Kb used=4124Kb max_used=4124Kb free=115875Kb
 bounds [0x00000185d99d0000, 0x00000185d9de0000, 0x00000185e0f00000]
CodeHeap 'non-nmethods': size=5760Kb used=1145Kb max_used=1160Kb free=4614Kb
 bounds [0x00000185d9430000, 0x00000185d96a0000, 0x00000185d99d0000]
 total_blobs=2493 nmethods=2008 adapters=396
 compilation: enabled
              stopped_count=0, restarted_count=0
 full_count=0

Compilation events (20 events):
Event: 4.419 Thread 0x00000185f0f0b000 2234       3       java.util.Arrays::rangeCheck (74 bytes)
Event: 4.420 Thread 0x00000185f0f0b000 nmethod 2234 0x00000185d9dd5290 code [0x00000185d9dd5560, 0x00000185d9dd6128]
Event: 4.427 Thread 0x00000185f0f0b000 2236  s    3       java.io.BufferedInputStream::read (113 bytes)
Event: 4.428 Thread 0x00000185f0f0b000 nmethod 2236 0x00000185d9dd6590 code [0x00000185d9dd67c0, 0x00000185d9dd7118]
Event: 4.428 Thread 0x00000185f0f0b000 2235       3       java.io.BufferedInputStream::read1 (108 bytes)
Event: 4.428 Thread 0x00000185f0f0b000 nmethod 2235 0x00000185d9dd7390 code [0x00000185d9dd75e0, 0x00000185d9dd7e98]
Event: 4.428 Thread 0x00000185f0f0b000 2238       3       java.io.DataInputStream::readLong (128 bytes)
Event: 4.429 Thread 0x00000185f57ed800 2221       4       com.google.common.base.CharMatcher::indexIn (48 bytes)
Event: 4.429 Thread 0x00000185f0f0b000 nmethod 2238 0x00000185d9dd8190 code [0x00000185d9dd8360, 0x00000185d9dd8668]
Event: 4.429 Thread 0x00000185f0f0b000 2237       3       com.google.common.io.CountingInputStream::read (33 bytes)
Event: 4.429 Thread 0x00000185f0f0b000 nmethod 2237 0x00000185d9dd8810 code [0x00000185d9dd89c0, 0x00000185d9dd8bc8]
Event: 4.429 Thread 0x00000185f0f0b000 2240       3       org.gradle.cache.internal.btree.BlockPointer::pos (56 bytes)
Event: 4.430 Thread 0x00000185f0f0b000 nmethod 2240 0x00000185d9dd8c90 code [0x00000185d9dd8f00, 0x00000185d9dd98f8]
Event: 4.430 Thread 0x00000185f0f0b000 2243  s    2       java.io.BufferedInputStream::read (49 bytes)
Event: 4.430 Thread 0x00000185f0f0b000 nmethod 2243 0x00000185d9dd9c90 code [0x00000185d9dd9e60, 0x00000185d9dda258]
Event: 4.430 Thread 0x00000185f0f0b000 2241       3       org.gradle.cache.internal.btree.BlockPointer::<init> (10 bytes)
Event: 4.430 Thread 0x00000185f0f0b000 nmethod 2241 0x00000185d9dda390 code [0x00000185d9dda540, 0x00000185d9dda698]
Event: 4.431 Thread 0x00000185f0f0b000 2244       3       java.lang.invoke.MethodHandleNatives::findMethodHandleType (7 bytes)
Event: 4.431 Thread 0x00000185f0f0b000 nmethod 2244 0x00000185d9dda790 code [0x00000185d9dda940, 0x00000185d9ddaa48]
Event: 4.433 Thread 0x00000185f0f0b000 2245       3       java.lang.invoke.MethodHandles$Lookup::in (168 bytes)

GC Heap History (6 events):
Event: 0.837 GC heap before
{Heap before GC invocations=0 (full 0):
 garbage-first heap   total 131072K, used 29696K [0x0000000080000000, 0x0000000100000000)
  region size 1024K, 24 young (24576K), 0 survivors (0K)
 Metaspace       used 10462K, capacity 10677K, committed 11008K, reserved 1058816K
  class space    used 1097K, capacity 1195K, committed 1280K, reserved 1048576K
}
Event: 0.844 GC heap after
{Heap after GC invocations=1 (full 0):
 garbage-first heap   total 131072K, used 9405K [0x0000000080000000, 0x0000000100000000)
  region size 1024K, 3 young (3072K), 3 survivors (3072K)
 Metaspace       used 10462K, capacity 10677K, committed 11008K, reserved 1058816K
  class space    used 1097K, capacity 1195K, committed 1280K, reserved 1048576K
}
Event: 3.708 GC heap before
{Heap before GC invocations=1 (full 0):
 garbage-first heap   total 131072K, used 83133K [0x0000000080000000, 0x0000000100000000)
  region size 1024K, 76 young (77824K), 3 survivors (3072K)
 Metaspace       used 18970K, capacity 19473K, committed 19712K, reserved 1067008K
  class space    used 2294K, capacity 2469K, committed 2560K, reserved 1048576K
}
Event: 3.716 GC heap after
{Heap after GC invocations=2 (full 0):
 garbage-first heap   total 131072K, used 16087K [0x0000000080000000, 0x0000000100000000)
  region size 1024K, 10 young (10240K), 10 survivors (10240K)
 Metaspace       used 18970K, capacity 19473K, committed 19712K, reserved 1067008K
  class space    used 2294K, capacity 2469K, committed 2560K, reserved 1048576K
}
Event: 3.891 GC heap before
{Heap before GC invocations=2 (full 0):
 garbage-first heap   total 131072K, used 28375K [0x0000000080000000, 0x0000000100000000)
  region size 1024K, 23 young (23552K), 10 survivors (10240K)
 Metaspace       used 20646K, capacity 21114K, committed 21248K, reserved 1067008K
  class space    used 2535K, capacity 2723K, committed 2816K, reserved 1048576K
}
Event: 3.902 GC heap after
{Heap after GC invocations=3 (full 0):
 garbage-first heap   total 131072K, used 16299K [0x0000000080000000, 0x0000000100000000)
  region size 1024K, 1 young (1024K), 1 survivors (1024K)
 Metaspace       used 20646K, capacity 21114K, committed 21248K, reserved 1067008K
  class space    used 2535K, capacity 2723K, committed 2816K, reserved 1048576K
}

Deoptimization events (20 events):
Event: 4.189 Thread 0x00000185f25a0800 Uncommon trap: trap_request=0xffffff4d fr.pc=0x00000185e0f97784 relative=0x0000000000000244
Event: 4.189 Thread 0x00000185f25a0800 Uncommon trap: reason=unstable_if action=reinterpret pc=0x00000185e0f97784 method=java.util.concurrent.ConcurrentHashMap.get(Ljava/lang/Object;)Ljava/lang/Object; @ 76 c2
Event: 4.189 Thread 0x00000185f25a0800 DEOPT PACKING pc=0x00000185e0f97784 sp=0x0000006a59ff8cd0
Event: 4.189 Thread 0x00000185f25a0800 DEOPT UNPACKING pc=0x00000185d94574af sp=0x0000006a59ff8c38 mode 2
Event: 4.253 Thread 0x00000185f25a0800 Uncommon trap: trap_request=0xffffff4d fr.pc=0x00000185e0fc4654 relative=0x0000000000000194
Event: 4.253 Thread 0x00000185f25a0800 Uncommon trap: reason=unstable_if action=reinterpret pc=0x00000185e0fc4654 method=java.util.HashMap.getNode(ILjava/lang/Object;)Ljava/util/HashMap$Node; @ 129 c2
Event: 4.253 Thread 0x00000185f25a0800 DEOPT PACKING pc=0x00000185e0fc4654 sp=0x0000006a59ffd040
Event: 4.253 Thread 0x00000185f25a0800 DEOPT UNPACKING pc=0x00000185d94574af sp=0x0000006a59ffcf50 mode 2
Event: 4.380 Thread 0x00000185f25a0800 Uncommon trap: trap_request=0xffffff7e fr.pc=0x00000185e0fd3854 relative=0x0000000000000174
Event: 4.380 Thread 0x00000185f25a0800 Uncommon trap: reason=predicate action=maybe_recompile pc=0x00000185e0fd3854 method=com.google.common.base.CharMatcher.indexIn(Ljava/lang/CharSequence;I)I @ 19 c2
Event: 4.380 Thread 0x00000185f25a0800 DEOPT PACKING pc=0x00000185e0fd3854 sp=0x0000006a59ffbd70
Event: 4.381 Thread 0x00000185f25a0800 DEOPT UNPACKING pc=0x00000185d94574af sp=0x0000006a59ffbd00 mode 2
Event: 4.398 Thread 0x00000185f25a0800 Uncommon trap: trap_request=0xffffffde fr.pc=0x00000185e0f79028 relative=0x00000000000002e8
Event: 4.398 Thread 0x00000185f25a0800 Uncommon trap: reason=class_check action=maybe_recompile pc=0x00000185e0f79028 method=java.util.Collections$SetFromMap.remove(Ljava/lang/Object;)Z @ 5 c2
Event: 4.398 Thread 0x00000185f25a0800 DEOPT PACKING pc=0x00000185e0f79028 sp=0x0000006a59ffc7a0
Event: 4.398 Thread 0x00000185f25a0800 DEOPT UNPACKING pc=0x00000185d94574af sp=0x0000006a59ffc798 mode 2
Event: 4.398 Thread 0x00000185f25a0800 Uncommon trap: trap_request=0xffffffde fr.pc=0x00000185e0f79028 relative=0x00000000000002e8
Event: 4.398 Thread 0x00000185f25a0800 Uncommon trap: reason=class_check action=maybe_recompile pc=0x00000185e0f79028 method=java.util.Collections$SetFromMap.remove(Ljava/lang/Object;)Z @ 5 c2
Event: 4.398 Thread 0x00000185f25a0800 DEOPT PACKING pc=0x00000185e0f79028 sp=0x0000006a59ffc720
Event: 4.398 Thread 0x00000185f25a0800 DEOPT UNPACKING pc=0x00000185d94574af sp=0x0000006a59ffc718 mode 2

Classes redefined (0 events):
No events

Internal exceptions (20 events):
Event: 3.482 Thread 0x00000185f2e8f000 Exception <a 'java/lang/NoSuchMethodError'{0x00000000844622f8}: <clinit>> (0x00000000844622f8) thrown at [./src/hotspot/share/prims/jni.cpp, line 1362]
Event: 3.538 Thread 0x00000185f25a0800 Exception <a 'java/lang/NoSuchMethodError'{0x000000008419cd90}: 'void java.lang.invoke.DelegatingMethodHandle$Holder.reinvoke_L(java.lang.Object, java.lang.Object, java.lang.Object, java.lang.Object)'> (0x000000008419cd90) thrown at [./src/hotspot/share/interpreter/linkResolver.cpp, line 773]
Event: 3.544 Thread 0x00000185f25a0800 Exception <a 'java/lang/NoSuchMethodError'{0x00000000841d3d70}: 'long java.lang.invoke.DirectMethodHandle$Holder.invokeInterface(java.lang.Object, java.lang.Object)'> (0x00000000841d3d70) thrown at [./src/hotspot/share/interpreter/linkResolver.cpp, line 773]
Event: 3.546 Thread 0x00000185f25a0800 Exception <a 'java/lang/NoSuchMethodError'{0x00000000841f57b8}: 'void java.lang.invoke.DelegatingMethodHandle$Holder.reinvoke_L(java.lang.Object, java.lang.Object, java.lang.Object, java.lang.Object, java.lang.Object, java.lang.Object, java.lang.Object)'> (0x00000000841f57b8) thrown at [./src/hotspot/share/interpreter/linkResolver.cpp, line 773]
Event: 3.733 Thread 0x00000185f25a0800 Exception <a 'java/lang/NoSuchMethodError'{0x0000000087e805b0}: 'java.lang.Object java.lang.invoke.DirectMethodHandle$Holder.invokeVirtual(java.lang.Object, java.lang.Object, java.lang.Object)'> (0x0000000087e805b0) thrown at [./src/hotspot/share/interpreter/linkResolver.cpp, line 773]
Event: 3.778 Thread 0x00000185f25a0800 Exception <a 'java/lang/NoSuchMethodError'{0x0000000087a45f68}: 'void java.lang.invoke.DirectMethodHandle$Holder.invokeStaticInit(java.lang.Object)'> (0x0000000087a45f68) thrown at [./src/hotspot/share/interpreter/linkResolver.cpp, line 773]
Event: 3.878 Thread 0x00000185f25a0800 Exception <a 'java/lang/NoSuchMethodError'{0x00000000874d0928}: 'int java.lang.invoke.DirectMethodHandle$Holder.invokeSpecialIFC(java.lang.Object, java.lang.Object, java.lang.Object, java.lang.Object)'> (0x00000000874d0928) thrown at [./src/hotspot/share/interpreter/linkResolver.cpp, line 773]
Event: 3.881 Thread 0x00000185f25a0800 Exception <a 'java/lang/NoSuchMethodError'{0x00000000874de6e8}: 'java.lang.Object java.lang.invoke.DirectMethodHandle$Holder.invokeInterface(java.lang.Object, java.lang.Object, java.lang.Object)'> (0x00000000874de6e8) thrown at [./src/hotspot/share/interpreter/linkResolver.cpp, line 773]
Event: 3.881 Thread 0x00000185f25a0800 Exception <a 'java/lang/IncompatibleClassChangeError'{0x00000000874e1bc0}: Found class java.lang.Object, but interface was expected> (0x00000000874e1bc0) thrown at [./src/hotspot/share/interpreter/linkResolver.cpp, line 839]
Event: 3.981 Thread 0x00000185f25a0800 Exception <a 'java/lang/NoSuchMethodError'{0x0000000087ce54d0}: 'void java.lang.invoke.DirectMethodHandle$Holder.invokeSpecial(java.lang.Object, java.lang.Object)'> (0x0000000087ce54d0) thrown at [./src/hotspot/share/interpreter/linkResolver.cpp, line 773]
Event: 4.060 Thread 0x00000185f25a0800 Exception <a 'java/lang/NoSuchMethodError'{0x00000000871986b0}: 'java.lang.Object java.lang.invoke.DirectMethodHandle$Holder.invokeVirtual(java.lang.Object, java.lang.Object, java.lang.Object, java.lang.Object)'> (0x00000000871986b0) thrown at [./src/hotspot/share/interpreter/linkResolver.cpp, line 773]
Event: 4.218 Thread 0x00000185f25a0800 Exception <a 'java/lang/NoSuchMethodError'{0x0000000086429528}: 'void java.lang.invoke.DirectMethodHandle$Holder.invokeSpecial(java.lang.Object, java.lang.Object, java.lang.Object, java.lang.Object, java.lang.Object, java.lang.Object)'> (0x0000000086429528) thrown at [./src/hotspot/share/interpreter/linkResolver.cpp, line 773]
Event: 4.246 Thread 0x00000185f25a0800 Exception <a 'java/lang/NoSuchMethodError'{0x00000000863d5808}: 'java.lang.Object java.lang.invoke.Invokers$Holder.invoker(java.lang.Object, java.lang.Object, java.lang.Object)'> (0x00000000863d5808) thrown at [./src/hotspot/share/interpreter/linkResolver.cpp, line 773]
Event: 4.269 Thread 0x00000185f25a0800 Exception <a 'java/lang/NoSuchMethodError'{0x00000000862d6100}: 'void java.lang.invoke.DirectMethodHandle$Holder.invokeSpecial(java.lang.Object, java.lang.Object, java.lang.Object, java.lang.Object, java.lang.Object, java.lang.Object, java.lang.Object)'> (0x00000000862d6100) thrown at [./src/hotspot/share/interpreter/linkResolver.cpp, line 773]
Event: 4.270 Thread 0x00000185f25a0800 Exception <a 'java/lang/NoSuchMethodError'{0x00000000862de348}: 'java.lang.Object java.lang.invoke.Invokers$Holder.linkToTargetMethod(java.lang.Object, java.lang.Object, java.lang.Object, java.lang.Object, java.lang.Object, java.lang.Object)'> (0x00000000862de348) thrown at [./src/hotspot/share/interpreter/linkResolver.cpp, line 773]
Event: 4.285 Thread 0x00000185f25a0800 Exception <a 'java/lang/NoSuchMethodError'{0x0000000086002ef0}: 'java.lang.Object java.lang.invoke.DirectMethodHandle$Holder.invokeVirtual(java.lang.Object, java.lang.Object, java.lang.Object, java.lang.Object, java.lang.Object, java.lang.Object, java.lang.Object, java.lang.Object, java.lang.Object, java.lang.Object, java.lang.Object, java.lang.Object, java.lang.Object, java.lang.Object, java.lang.Object, java.lang.Object, java.lang.Object)'> (0x0000000086002ef0) thrown at [./src/hotspot/share/interpreter/
Event: 4.287 Thread 0x00000185f25a0800 Exception <a 'java/lang/NoSuchMethodError'{0x0000000086033770}: 'java.lang.Object java.lang.invoke.DirectMethodHandle$Holder.invokeSpecial(java.lang.Object, java.lang.Object, java.lang.Object, java.lang.Object, java.lang.Object, java.lang.Object, java.lang.Object, java.lang.Object, java.lang.Object)'> (0x0000000086033770) thrown at [./src/hotspot/share/interpreter/linkResolver.cpp, line 773]
Event: 4.395 Thread 0x00000185f25a0800 Exception <a 'java/lang/NoSuchMethodError'{0x000000008579ae40}: 'java.lang.Object java.lang.invoke.DirectMethodHandle$Holder.invokeStatic(java.lang.Object, java.lang.Object, java.lang.Object, int, java.lang.Object, java.lang.Object)'> (0x000000008579ae40) thrown at [./src/hotspot/share/interpreter/linkResolver.cpp, line 773]
Event: 4.395 Thread 0x00000185f25a0800 Exception <a 'java/lang/NoSuchMethodError'{0x00000000857a21a8}: 'java.lang.Object java.lang.invoke.Invokers$Holder.linkToTargetMethod(java.lang.Object, java.lang.Object, int, java.lang.Object, java.lang.Object, java.lang.Object)'> (0x00000000857a21a8) thrown at [./src/hotspot/share/interpreter/linkResolver.cpp, line 773]
Event: 4.433 Thread 0x00000185f25a0800 Exception <a 'java/lang/NoSuchMethodError'{0x00000000855fb770}: 'int java.lang.invoke.DirectMethodHandle$Holder.invokeStaticInit(java.lang.Object, java.lang.Object, java.lang.Object)'> (0x00000000855fb770) thrown at [./src/hotspot/share/interpreter/linkResolver.cpp, line 773]

Events (20 events):
Event: 4.431 loading class org/gradle/internal/snapshot/SnapshotHierarchy
Event: 4.431 loading class org/gradle/internal/snapshot/SnapshotHierarchy done
Event: 4.431 loading class org/gradle/internal/snapshot/RegularFileSnapshot
Event: 4.431 loading class org/gradle/internal/snapshot/RegularFileSnapshot done
Event: 4.431 loading class org/gradle/internal/snapshot/RegularFileSnapshot
Event: 4.431 loading class org/gradle/internal/snapshot/RegularFileSnapshot done
Event: 4.431 loading class org/gradle/internal/vfs/VirtualFileSystem$UpdateFunction
Event: 4.431 loading class org/gradle/internal/vfs/VirtualFileSystem$UpdateFunction done
Event: 4.431 loading class org/gradle/internal/vfs/VirtualFileSystem$UpdateFunction
Event: 4.431 loading class org/gradle/internal/vfs/VirtualFileSystem$UpdateFunction done
Event: 4.431 loading class org/gradle/internal/watch/vfs/impl/WatchingVirtualFileSystem
Event: 4.431 loading class org/gradle/internal/watch/vfs/impl/WatchingVirtualFileSystem done
Event: 4.432 loading class org/gradle/internal/snapshot/SnapshotHierarchy$NodeDiffListener$1
Event: 4.432 loading class org/gradle/internal/snapshot/SnapshotHierarchy$NodeDiffListener$1 done
Event: 4.432 loading class org/gradle/internal/snapshot/VfsRelativePath
Event: 4.432 loading class org/gradle/internal/snapshot/VfsRelativePath done
Event: 4.432 loading class org/gradle/internal/snapshot/PathUtil
Event: 4.432 loading class org/gradle/internal/snapshot/PathUtil done
Event: 4.433 Executing VM operation: RevokeBias
Event: 4.433 Executing VM operation: RevokeBias done


Dynamic libraries:
0x00007ff636f50000 - 0x00007ff636f5a000 	C:\Program Files\Android\Android Studio1\jre\bin\java.exe
0x00007ffa0fb90000 - 0x00007ffa0fd85000 	C:\WINDOWS\SYSTEM32\ntdll.dll
0x00007ffa0ef40000 - 0x00007ffa0effd000 	C:\WINDOWS\System32\KERNEL32.DLL
0x00007ffa0d6f0000 - 0x00007ffa0d9b9000 	C:\WINDOWS\System32\KERNELBASE.dll
0x00007ffa0d550000 - 0x00007ffa0d650000 	C:\WINDOWS\System32\ucrtbase.dll
0x00007ffa06670000 - 0x00007ffa06689000 	C:\Program Files\Android\Android Studio1\jre\bin\jli.dll
0x00007ffa06650000 - 0x00007ffa06667000 	C:\Program Files\Android\Android Studio1\jre\bin\VCRUNTIME140.dll
0x00007ffa0dcf0000 - 0x00007ffa0de90000 	C:\WINDOWS\System32\USER32.dll
0x00007ffa0d2d0000 - 0x00007ffa0d2f2000 	C:\WINDOWS\System32\win32u.dll
0x00007ffa0ea80000 - 0x00007ffa0eaaa000 	C:\WINDOWS\System32\GDI32.dll
0x00007ff9f9df0000 - 0x00007ff9fa08a000 	C:\WINDOWS\WinSxS\amd64_microsoft.windows.common-controls_6595b64144ccf1df_6.0.19041.1110_none_60b5254171f9507e\COMCTL32.dll
0x00007ffa0d360000 - 0x00007ffa0d46b000 	C:\WINDOWS\System32\gdi32full.dll
0x00007ffa0f010000 - 0x00007ffa0f0ae000 	C:\WINDOWS\System32\msvcrt.dll
0x00007ffa0d650000 - 0x00007ffa0d6ed000 	C:\WINDOWS\System32\msvcp_win.dll
0x00007ffa0ee60000 - 0x00007ffa0ee90000 	C:\WINDOWS\System32\IMM32.DLL
0x00007ffa065b0000 - 0x00007ffa0664d000 	C:\Program Files\Android\Android Studio1\jre\bin\msvcp140.dll
0x00007ff9ba910000 - 0x00007ff9bb3cc000 	C:\Program Files\Android\Android Studio1\jre\bin\server\jvm.dll
0x00007ffa0ee90000 - 0x00007ffa0ef3c000 	C:\WINDOWS\System32\ADVAPI32.dll
0x00007ffa0e7b0000 - 0x00007ffa0e84b000 	C:\WINDOWS\System32\sechost.dll
0x00007ffa0e210000 - 0x00007ffa0e33a000 	C:\WINDOWS\System32\RPCRT4.dll
0x00007ffa0ed10000 - 0x00007ffa0ed18000 	C:\WINDOWS\System32\PSAPI.DLL
0x00007ffa05b70000 - 0x00007ffa05b79000 	C:\WINDOWS\SYSTEM32\WSOCK32.dll
0x00007ffa04a60000 - 0x00007ffa04a6a000 	C:\WINDOWS\SYSTEM32\VERSION.dll
0x00007ffa0e9a0000 - 0x00007ffa0ea0b000 	C:\WINDOWS\System32\WS2_32.dll
0x00007ffa02310000 - 0x00007ffa02337000 	C:\WINDOWS\SYSTEM32\WINMM.dll
0x00007ffa0bb90000 - 0x00007ffa0bba2000 	C:\WINDOWS\SYSTEM32\kernel.appcore.dll
0x00007ffa058b0000 - 0x00007ffa058c1000 	C:\Program Files\Android\Android Studio1\jre\bin\verify.dll
0x00007ffa0afb0000 - 0x00007ffa0b194000 	C:\WINDOWS\SYSTEM32\DBGHELP.DLL
0x00007ff9fbe70000 - 0x00007ff9fbe9c000 	C:\WINDOWS\SYSTEM32\dbgcore.DLL
0x00007ffa0d4c0000 - 0x00007ffa0d543000 	C:\WINDOWS\System32\bcryptPrimitives.dll
0x00007ffa05880000 - 0x00007ffa058a9000 	C:\Program Files\Android\Android Studio1\jre\bin\java.dll
0x00007ffa07860000 - 0x00007ffa0786b000 	C:\Program Files\Android\Android Studio1\jre\bin\jimage.dll
0x00007ffa01800000 - 0x00007ffa01818000 	C:\Program Files\Android\Android Studio1\jre\bin\zip.dll
0x00007ffa0f0b0000 - 0x00007ffa0f7ef000 	C:\WINDOWS\System32\SHELL32.dll
0x00007ffa0b3e0000 - 0x00007ffa0bb71000 	C:\WINDOWS\SYSTEM32\windows.storage.dll
0x00007ffa0f7f0000 - 0x00007ffa0fb45000 	C:\WINDOWS\System32\combase.dll
0x00007ffa0cd40000 - 0x00007ffa0cd6c000 	C:\WINDOWS\SYSTEM32\Wldp.dll
0x00007ffa0de90000 - 0x00007ffa0df3e000 	C:\WINDOWS\System32\SHCORE.dll
0x00007ffa0ea10000 - 0x00007ffa0ea65000 	C:\WINDOWS\System32\shlwapi.dll
0x00007ffa0d210000 - 0x00007ffa0d22f000 	C:\WINDOWS\SYSTEM32\profapi.dll
0x00007ffa017e0000 - 0x00007ffa017fa000 	C:\Program Files\Android\Android Studio1\jre\bin\net.dll
0x00007ffa014f0000 - 0x00007ffa015fa000 	C:\WINDOWS\SYSTEM32\WINHTTP.dll
0x00007ffa0ca30000 - 0x00007ffa0ca9a000 	C:\WINDOWS\system32\mswsock.dll
0x00007ffa00c50000 - 0x00007ffa00c64000 	C:\Program Files\Android\Android Studio1\jre\bin\nio.dll
0x00007ff9fb720000 - 0x00007ff9fb747000 	C:\Users\Dark Knight\.gradle\native\fdc75f09e3144964f2cf3f50f0aa648679c211496f362492102eb8c894070792\windows-amd64\native-platform.dll
0x00007ff9c1c60000 - 0x00007ff9c1df6000 	C:\Users\Dark Knight\.gradle\native\12488b8bf47d2d4c9fbf2f6322a914ad602e24e48041cd04a747c6da556b65c4\windows-amd64\native-platform-file-events.dll
0x00007ffa07580000 - 0x00007ffa0758a000 	C:\Program Files\Android\Android Studio1\jre\bin\management.dll
0x00007ffa06840000 - 0x00007ffa0684c000 	C:\Program Files\Android\Android Studio1\jre\bin\management_ext.dll
0x00007ffa0cc40000 - 0x00007ffa0cc58000 	C:\WINDOWS\SYSTEM32\CRYPTSP.dll
0x00007ffa0c370000 - 0x00007ffa0c3a4000 	C:\WINDOWS\system32\rsaenh.dll
0x00007ffa0da70000 - 0x00007ffa0da97000 	C:\WINDOWS\System32\bcrypt.dll
0x00007ffa0d1d0000 - 0x00007ffa0d1fe000 	C:\WINDOWS\SYSTEM32\USERENV.dll
0x00007ffa0cc30000 - 0x00007ffa0cc3c000 	C:\WINDOWS\SYSTEM32\CRYPTBASE.dll
0x00007ffa0c720000 - 0x00007ffa0c75b000 	C:\WINDOWS\SYSTEM32\IPHLPAPI.DLL
0x00007ffa0f000000 - 0x00007ffa0f008000 	C:\WINDOWS\System32\NSI.dll
0x00007ffa034e0000 - 0x00007ffa034f7000 	C:\WINDOWS\SYSTEM32\dhcpcsvc6.DLL
0x00007ffa03da0000 - 0x00007ffa03dbd000 	C:\WINDOWS\SYSTEM32\dhcpcsvc.DLL
0x00007ffa0c760000 - 0x00007ffa0c82c000 	C:\WINDOWS\SYSTEM32\DNSAPI.dll
0x00007ffa04a70000 - 0x00007ffa04a7b000 	C:\WINDOWS\SYSTEM32\WINNSI.DLL

dbghelp: loaded successfully - version: 4.0.5 - missing functions: none
symbol engine: initialized successfully - sym options: 0x614 - pdb path: .;C:\Program Files\Android\Android Studio1\jre\bin;C:\WINDOWS\SYSTEM32;C:\WINDOWS\WinSxS\amd64_microsoft.windows.common-controls_6595b64144ccf1df_6.0.19041.1110_none_60b5254171f9507e;C:\Program Files\Android\Android Studio1\jre\bin\server;C:\Users\Dark Knight\.gradle\native\fdc75f09e3144964f2cf3f50f0aa648679c211496f362492102eb8c894070792\windows-amd64;C:\Users\Dark Knight\.gradle\native\12488b8bf47d2d4c9fbf2f6322a914ad602e24e48041cd04a747c6da556b65c4\windows-amd64

VM Arguments:
jvm_args: --add-opens=java.base/java.util=ALL-UNNAMED --add-opens=java.base/java.lang=ALL-UNNAMED --add-opens=java.base/java.lang.invoke=ALL-UNNAMED --add-opens=java.prefs/java.util.prefs=ALL-UNNAMED -Xmx2048m -Dfile.encoding=UTF-8 -Duser.country=IN -Duser.language=en -Duser.variant 
java_command: org.gradle.launcher.daemon.bootstrap.GradleDaemon 6.7.1
java_class_path (initial): C:\Users\Dark Knight\.gradle\wrapper\dists\gradle-6.7.1-bin\bwlcbys1h7rz3272sye1xwiv6\gradle-6.7.1\lib\gradle-launcher-6.7.1.jar
Launcher Type: SUN_STANDARD

[Global flags]
     intx CICompilerCount                          = 4                                         {product} {ergonomic}
     uint ConcGCThreads                            = 2                                         {product} {ergonomic}
     uint G1ConcRefinementThreads                  = 8                                         {product} {ergonomic}
   size_t G1HeapRegionSize                         = 1048576                                   {product} {ergonomic}
    uintx GCDrainStackTargetSize                   = 64                                        {product} {ergonomic}
   size_t InitialHeapSize                          = 134217728                                 {product} {ergonomic}
   size_t MarkStackSize                            = 4194304                                   {product} {ergonomic}
   size_t MaxHeapSize                              = 2147483648                                {product} {command line}
   size_t MaxNewSize                               = 1287651328                                {product} {ergonomic}
   size_t MinHeapDeltaBytes                        = 1048576                                   {product} {ergonomic}
    uintx NonNMethodCodeHeapSize                   = 5836300                                {pd product} {ergonomic}
    uintx NonProfiledCodeHeapSize                  = 122910970                              {pd product} {ergonomic}
    uintx ProfiledCodeHeapSize                     = 122910970                              {pd product} {ergonomic}
    uintx ReservedCodeCacheSize                    = 251658240                              {pd product} {ergonomic}
     bool SegmentedCodeCache                       = true                                      {product} {ergonomic}
     bool UseCompressedClassPointers               = true                                 {lp64_product} {ergonomic}
     bool UseCompressedOops                        = true                                 {lp64_product} {ergonomic}
     bool UseG1GC                                  = true                                      {product} {ergonomic}
     bool UseLargePagesIndividualAllocation        = false                                  {pd product} {ergonomic}

Logging:
Log output configuration:
 #0: stdout all=warning uptime,level,tags
 #1: stderr all=off uptime,level,tags

Environment Variables:
PATH=C:\Windows\system32;C:\Windows;C:\Windows\System32\Wbem;C:\Windows\System32\WindowsPowerShell\v1.0\;C:\Windows\System32\OpenSSH\;C:\Program Files (x86)\NVIDIA Corporation\PhysX\Common;C:\Program Files\NVIDIA Corporation\NVIDIA NvDLISR;C:\WINDOWS\system32;C:\WINDOWS;C:\WINDOWS\System32\Wbem;C:\WINDOWS\System32\WindowsPowerShell\v1.0\;C:\WINDOWS\System32\OpenSSH\;C:\MinGW\bin;C:\Program Files\MEGA-X;C:\WINDOWS\system32;C:\WINDOWS;C:\WINDOWS\System32\Wbem;C:\WINDOWS\System32\WindowsPowerShell\v1.0\;C:\WINDOWS\System32\OpenSSH\;C:\Program Files\Git\cmd;C:\Users\Dark Knight\AppData\Local\Microsoft\WindowsApps;C:\Users\Dark Knight\AppData\Local\atom\bin;C:\Program Files (x86)\Microsoft Visual Studio\2019\BuildTools\MSBuild\Current\Bin;C:\Users\Dark Knight\AppData\Local\Microsoft\WindowsApps
USERNAME=Dark Knight
OS=Windows_NT
PROCESSOR_IDENTIFIER=Intel64 Family 6 Model 158 Stepping 10, GenuineIntel



---------------  S Y S T E M  ---------------

OS: Windows 10 , 64 bit Build 19041 (10.0.19041.1023)
OS uptime: 9 days 23:06 hours

CPU:total 8 (initial active 8) (4 cores per cpu, 2 threads per core) family 6 model 158 stepping 10, cmov, cx8, fxsr, mmx, sse, sse2, sse3, ssse3, sse4.1, sse4.2, popcnt, avx, avx2, aes, clmul, erms, 3dnowpref, lzcnt, ht, tsc, tscinvbit, bmi1, bmi2, adx, fma

Memory: 4k page, system-wide physical 8112M (817M free)
TotalPageFile size 12208M (AvailPageFile size 5M)
current process WorkingSet (physical memory assigned to process): 220M, peak: 223M
current process commit charge ("private bytes"): 291M, peak: 292M

vm_info: OpenJDK 64-Bit Server VM (11.0.8+10-b944.6842174) for windows-amd64 JRE (11.0.8+10-b944.6842174), built on Sep 19 2020 01:11:42 by "builder" with MS VC++ 14.0 (VS2015)

END.
