#
# There is insufficient memory for the Java Runtime Environment to continue.
# Native memory allocation (malloc) failed to allocate 1529456 bytes for Chunk::new
# Possible reasons:
#   The system is out of physical RAM or swap space
#   The process is running with CompressedOops enabled, and the Java Heap may be blocking the growth of the native heap
# Possible solutions:
#   Reduce memory load on the system
#   Increase physical memory or swap space
#   Check if swap backing store is full
#   Decrease Java heap size (-Xmx/-Xms)
#   Decrease number of Java threads
#   Decrease Java thread stack sizes (-Xss)
#   Set larger code cache with -XX:ReservedCodeCacheSize=
#   JVM is running with Unscaled Compressed Oops mode in which the Java heap is
#     placed in the first 4GB address space. The Java Heap base address is the
#     maximum limit for the native heap growth. Please use -XX:HeapBaseMinAddress
#     to set the Java Heap base and to place the Java Heap above 4GB virtual address.
# This output file may be truncated or incomplete.
#
#  Out of Memory Error (./src/hotspot/share/memory/arena.cpp:197), pid=32100, tid=27920
#
# JRE version: OpenJDK Runtime Environment (11.0.8+10) (build 11.0.8+10-b944.6842174)
# Java VM: OpenJDK 64-Bit Server VM (11.0.8+10-b944.6842174, mixed mode, tiered, compressed oops, g1 gc, windows-amd64)
# No core dump will be written. Minidumps are not enabled by default on client versions of Windows
#

---------------  S U M M A R Y ------------

Command Line: --add-opens=java.base/java.util=ALL-UNNAMED --add-opens=java.base/java.lang=ALL-UNNAMED --add-opens=java.base/java.lang.invoke=ALL-UNNAMED --add-opens=java.prefs/java.util.prefs=ALL-UNNAMED -Xmx2048m -Dfile.encoding=UTF-8 -Duser.country=IN -Duser.language=en -Duser.variant org.gradle.launcher.daemon.bootstrap.GradleDaemon 6.7.1

Host: Intel(R) Core(TM) i5-9300H CPU @ 2.40GHz, 8 cores, 7G,  Windows 10 , 64 bit Build 19041 (10.0.19041.1023)
Time: Mon Jul 26 21:16:18 2021 India Standard Time elapsed time: 80 seconds (0d 0h 1m 20s)

---------------  T H R E A D  ---------------

Current thread (0x00000165fb199000):  JavaThread "C2 CompilerThread0" daemon [_thread_in_native, id=27920, stack(0x0000004803e00000,0x0000004803f00000)]


Current CompileTask:
C2:  80516 10716       4       org.gradle.internal.service.DefaultServiceRegistry$OwnServices$ProviderAnalyser::analyseType (114 bytes)

Stack: [0x0000004803e00000,0x0000004803f00000]
Native frames: (J=compiled Java code, j=interpreted, Vv=VM code, C=native code)
V  [jvm.dll+0x5de50a]
V  [jvm.dll+0x7122f5]
V  [jvm.dll+0x71384d]
V  [jvm.dll+0x713f03]
V  [jvm.dll+0x23e728]
V  [jvm.dll+0xb899c]
V  [jvm.dll+0xb8e9c]
V  [jvm.dll+0x35024d]
V  [jvm.dll+0x193ebc]
V  [jvm.dll+0x1f780e]
V  [jvm.dll+0x1f68d4]
V  [jvm.dll+0x17f32c]
V  [jvm.dll+0x205047]
V  [jvm.dll+0x203891]
V  [jvm.dll+0x6dad3f]
V  [jvm.dll+0x6d3895]
V  [jvm.dll+0x5dd4a6]
C  [ucrtbase.dll+0x21bb2]
C  [KERNEL32.DLL+0x17034]
C  [ntdll.dll+0x52651]


---------------  P R O C E S S  ---------------

Threads class SMR info:
_java_thread_list=0x0000016591201b00, length=161, elements={
0x00000165ef50c000, 0x00000165fa814800, 0x00000165fa81e800, 0x00000165fb193800,
0x00000165fb195800, 0x00000165fb199000, 0x00000165fb19c800, 0x00000165fb1a3800,
0x00000165fb2de000, 0x00000165fb2e9800, 0x00000165fd550800, 0x00000165fd17d000,
0x00000165fc649000, 0x00000165fc988000, 0x00000165fc495800, 0x00000165fbbe6000,
0x00000165fbbe6800, 0x00000165fbbe7800, 0x00000165fd5dc800, 0x00000165fd5de000,
0x00000165ff422800, 0x00000165ff41f000, 0x00000165ff41e000, 0x00000165ff421800,
0x00000165ff425800, 0x00000165ff424800, 0x00000165ff426800, 0x00000165ff420800,
0x00000165ff429000, 0x00000165ff427000, 0x00000165ff429800, 0x00000165ff42b800,
0x00000165ff42a800, 0x00000165ff42c000, 0x00000165ff42d000, 0x00000165fd5db000,
0x00000165fd5e6800, 0x00000165fd5e4800, 0x00000165fd5e1800, 0x00000165fd5e7000,
0x00000165fd5e2800, 0x00000165fd5e9000, 0x00000165fd5e4000, 0x00000165fd5e5800,
0x00000165fd5e8000, 0x00000165fd5e3000, 0x00000165fd5e9800, 0x00000165fbbe1800,
0x00000165fbbe5000, 0x00000165fbbe8000, 0x00000165fbbe2800, 0x00000165fbbe4000,
0x00000165fbbe3800, 0x00000165fb4dd000, 0x00000165fb4df000, 0x00000165fb4df800,
0x00000165fb4e1800, 0x00000165fb4e0800, 0x00000165fb4e2000, 0x00000165fb4de000,
0x00000165fb4dc800, 0x00000165fb4e8800, 0x00000165fb4e5800, 0x00000165fb4e4800,
0x00000165fb4e8000, 0x00000165fb4e3000, 0x00000165fb4e6000, 0x00000165fb4e9800,
0x00000165fb4e4000, 0x00000165fb4ea800, 0x00000165fb4eb000, 0x00000165fb4e7000,
0x000001658fa39800, 0x000001658fa38800, 0x000001658fa3a800, 0x000001658fa3b000,
0x000001658fa3c000, 0x000001658fa3d800, 0x000001658fa3d000, 0x000001658fa38000,
0x000001658fa3e800, 0x000001658fa3f000, 0x000001658fa41000, 0x000001658fa41800,
0x000001658fa42800, 0x000001658fa45800, 0x000001658fa44000, 0x000001658fa43800,
0x000001658fa40000, 0x000001658fa46800, 0x000001658fa45000, 0x00000165fb695800,
0x00000165fb696800, 0x00000165fb697000, 0x00000165fb699000, 0x00000165fb698000,
0x00000165fb699800, 0x00000165fb69a800, 0x00000165fb695000, 0x00000165fb69e800,
0x00000165fb69f800, 0x00000165fb69d000, 0x00000165fb6a0000, 0x00000165fb6a1000,
0x00000165fb69b800, 0x00000165fb69e000, 0x00000165fb6a2000, 0x00000165fb69c000,
0x00000165fb6a2800, 0x00000165fb6a3800, 0x00000165fd3d3800, 0x00000165fd3d8000,
0x00000165fd3d5000, 0x00000165fd3d7800, 0x00000165fd3d9000, 0x00000165fd3d4000,
0x00000165fd3d6000, 0x00000165fd3da000, 0x00000165fd3da800, 0x00000165fd3db800,
0x00000165fd3dc800, 0x00000165fd3d6800, 0x00000165fd3de000, 0x00000165fd3dd000,
0x00000165fd3e2000, 0x00000165fd3df000, 0x00000165fd3df800, 0x00000165fd3e0800,
0x00000165fd3e1000, 0x000001658ff43800, 0x000001658ff42000, 0x000001658ff44800,
0x000001658ff3e800, 0x000001658ff3f800, 0x000001658ff45000, 0x000001658ff46000,
0x000001658ff40000, 0x000001658ff46800, 0x000001658ff41000, 0x000001658ff48800,
0x000001658ff42800, 0x000001658ff4d000, 0x000001658ff4c800, 0x000001658ff49000,
0x000001658ff4b000, 0x000001658ff4b800, 0x000001658ff47800, 0x000001658ff4a000,
0x00000165ff4d0000, 0x00000165ff4d1800, 0x00000165ff4d2000, 0x00000165ff4d3000,
0x00000165ff4d0800, 0x00000165ff4cd800, 0x00000165ff4d4000, 0x00000165ff4ce000,
0x00000165ff4d4800, 0x00000165ff4cf000, 0x00000165ff4db000, 0x00000165ff4d9800,
0x00000165ff4d9000
}

Java Threads: ( => current thread )
  0x00000165ef50c000 JavaThread "main" [_thread_blocked, id=21096, stack(0x0000004803300000,0x0000004803400000)]
  0x00000165fa814800 JavaThread "Reference Handler" daemon [_thread_blocked, id=36584, stack(0x0000004803a00000,0x0000004803b00000)]
  0x00000165fa81e800 JavaThread "Finalizer" daemon [_thread_blocked, id=22012, stack(0x0000004803b00000,0x0000004803c00000)]
  0x00000165fb193800 JavaThread "Signal Dispatcher" daemon [_thread_blocked, id=8564, stack(0x0000004803c00000,0x0000004803d00000)]
  0x00000165fb195800 JavaThread "Attach Listener" daemon [_thread_blocked, id=9776, stack(0x0000004803d00000,0x0000004803e00000)]
=>0x00000165fb199000 JavaThread "C2 CompilerThread0" daemon [_thread_in_native, id=27920, stack(0x0000004803e00000,0x0000004803f00000)]
  0x00000165fb19c800 JavaThread "C1 CompilerThread0" daemon [_thread_blocked, id=27848, stack(0x0000004803f00000,0x0000004804000000)]
  0x00000165fb1a3800 JavaThread "Sweeper thread" daemon [_thread_blocked, id=13744, stack(0x0000004804000000,0x0000004804100000)]
  0x00000165fb2de000 JavaThread "Common-Cleaner" daemon [_thread_blocked, id=9604, stack(0x0000004804100000,0x0000004804200000)]
  0x00000165fb2e9800 JavaThread "Service Thread" daemon [_thread_blocked, id=38600, stack(0x0000004804200000,0x0000004804300000)]
  0x00000165fd550800 JavaThread "Daemon health stats" [_thread_blocked, id=37364, stack(0x0000004804800000,0x0000004804900000)]
  0x00000165fd17d000 JavaThread "Incoming local TCP Connector on port 64998" [_thread_in_native, id=3532, stack(0x0000004804900000,0x0000004804a00000)]
  0x00000165fc649000 JavaThread "Daemon periodic checks" [_thread_blocked, id=1948, stack(0x0000004804a00000,0x0000004804b00000)]
  0x00000165fc988000 JavaThread "Daemon" [_thread_blocked, id=22020, stack(0x0000004804b00000,0x0000004804c00000)]
  0x00000165fc495800 JavaThread "Daemon worker" [_thread_in_Java, id=29248, stack(0x0000004804e00000,0x0000004804f00000)]
  0x00000165fbbe6000 JavaThread "Cache worker for file hash cache (C:\Users\Dark Knight\.gradle\caches\6.7.1\fileHashes)" [_thread_blocked, id=21244, stack(0x0000004805700000,0x0000004805800000)]
  0x00000165fbbe6800 JavaThread "File lock request listener" [_thread_in_native, id=38896, stack(0x0000004805800000,0x0000004805900000)]
  0x00000165fbbe7800 JavaThread "Cache worker for journal cache (C:\Users\Dark Knight\.gradle\caches\journal-1)" [_thread_blocked, id=13796, stack(0x0000004805a00000,0x0000004805b00000)]
  0x00000165fd5dc800 JavaThread "Cache worker for execution history cache (C:\Users\Dark Knight\.gradle\caches\6.7.1\executionHistory)" [_thread_blocked, id=25704, stack(0x0000004807600000,0x0000004807700000)]
  0x00000165fd5de000 JavaThread "Cache worker for file content cache (C:\Users\Dark Knight\.gradle\caches\6.7.1\fileContent)" [_thread_blocked, id=32212, stack(0x0000004805c00000,0x0000004805d00000)]
  0x00000165ff422800 JavaThread "Memory manager" [_thread_blocked, id=3692, stack(0x000000480e300000,0x000000480e400000)]
  0x00000165ff41f000 JavaThread "pool-3-thread-1" [_thread_blocked, id=33996, stack(0x000000480e400000,0x000000480e500000)]
  0x00000165ff41e000 JavaThread "Handler for socket connection from /127.0.0.1:64998 to /127.0.0.1:65037" [_thread_in_native, id=16532, stack(0x0000004803000000,0x0000004803100000)]
  0x00000165ff421800 JavaThread "Cancel handler" [_thread_blocked, id=10460, stack(0x0000004803100000,0x0000004803200000)]
  0x00000165ff425800 JavaThread "Asynchronous log dispatcher for DefaultDaemonConnection: socket connection from /127.0.0.1:64998 to /127.0.0.1:65037" [_thread_blocked, id=35344, stack(0x0000004803200000,0x0000004803300000)]
  0x00000165ff424800 JavaThread "Stdin handler" [_thread_blocked, id=1424, stack(0x0000004804c00000,0x0000004804d00000)]
  0x00000165ff426800 JavaThread "Thread-157" [_thread_blocked, id=30144, stack(0x0000004804d00000,0x0000004804e00000)]
  0x00000165ff420800 JavaThread "Cache worker for file hash cache (C:\Android Projects\Udemy TUTORIAL\KidsDrawingApp\.gradle\6.7.1\fileHashes)" [_thread_blocked, id=33496, stack(0x0000004804f00000,0x0000004805000000)]
  0x00000165ff429000 JavaThread "Cache worker for checksums cache (C:\Android Projects\Udemy TUTORIAL\KidsDrawingApp\.gradle\checksums)" [_thread_blocked, id=12248, stack(0x0000004805000000,0x0000004805100000)]
  0x00000165ff427000 JavaThread "Cache worker for cache directory md-supplier (C:\Users\Dark Knight\.gradle\caches\6.7.1\md-supplier)" [_thread_blocked, id=31772, stack(0x0000004805100000,0x0000004805200000)]
  0x00000165ff429800 JavaThread "Cache worker for cache directory md-rule (C:\Users\Dark Knight\.gradle\caches\6.7.1\md-rule)" [_thread_blocked, id=37716, stack(0x0000004805b00000,0x0000004805c00000)]
  0x00000165ff42b800 JavaThread "C2 CompilerThread1" daemon [_thread_in_native, id=23772, stack(0x0000004805d00000,0x0000004805e00000)]
  0x00000165ff42a800 JavaThread "Cache worker for Build Output Cleanup Cache (C:\Android Projects\Udemy TUTORIAL\KidsDrawingApp\.gradle\buildOutputCleanup)" [_thread_blocked, id=4068, stack(0x0000004805e00000,0x0000004805f00000)]
  0x00000165ff42c000 JavaThread "C2 CompilerThread2" daemon [_thread_in_native, id=31464, stack(0x0000004805f00000,0x0000004806000000)]
  0x00000165ff42d000 JavaThread "Build operations" [_thread_blocked, id=27468, stack(0x0000004806000000,0x0000004806100000)]
  0x00000165fd5db000 JavaThread "Build operations Thread 2" [_thread_blocked, id=37484, stack(0x0000004806100000,0x0000004806200000)]
  0x00000165fd5e6800 JavaThread "Build operations Thread 3" [_thread_blocked, id=19084, stack(0x0000004806200000,0x0000004806300000)]
  0x00000165fd5e4800 JavaThread "Build operations Thread 4" [_thread_blocked, id=19828, stack(0x0000004806300000,0x0000004806400000)]
  0x00000165fd5e1800 JavaThread "Build operations Thread 5" [_thread_blocked, id=33140, stack(0x0000004806400000,0x0000004806500000)]
  0x00000165fd5e7000 JavaThread "Build operations Thread 6" [_thread_blocked, id=21328, stack(0x0000004806500000,0x0000004806600000)]
  0x00000165fd5e2800 JavaThread "Build operations Thread 7" [_thread_blocked, id=29152, stack(0x0000004806600000,0x0000004806700000)]
  0x00000165fd5e9000 JavaThread "Build operations Thread 8" [_thread_blocked, id=11060, stack(0x0000004806700000,0x0000004806800000)]
  0x00000165fd5e4000 JavaThread "jar transforms Thread 120" [_thread_blocked, id=30296, stack(0x0000004806800000,0x0000004806900000)]
  0x00000165fd5e5800 JavaThread "jar transforms Thread 121" [_thread_blocked, id=36344, stack(0x0000004806900000,0x0000004806a00000)]
  0x00000165fd5e8000 JavaThread "jar transforms Thread 122" [_thread_blocked, id=36256, stack(0x0000004806a00000,0x0000004806b00000)]
  0x00000165fd5e3000 JavaThread "jar transforms Thread 123" [_thread_blocked, id=31336, stack(0x0000004806b00000,0x0000004806c00000)]
  0x00000165fd5e9800 JavaThread "jar transforms Thread 124" [_thread_blocked, id=19680, stack(0x0000004806c00000,0x0000004806d00000)]
  0x00000165fbbe1800 JavaThread "jar transforms Thread 125" [_thread_blocked, id=30040, stack(0x0000004806d00000,0x0000004806e00000)]
  0x00000165fbbe5000 JavaThread "jar transforms Thread 126" [_thread_blocked, id=9680, stack(0x0000004806e00000,0x0000004806f00000)]
  0x00000165fbbe8000 JavaThread "jar transforms Thread 127" [_thread_blocked, id=35116, stack(0x0000004806f00000,0x0000004807000000)]
  0x00000165fbbe2800 JavaThread "jar transforms Thread 128" [_thread_blocked, id=19108, stack(0x0000004807000000,0x0000004807100000)]
  0x00000165fbbe4000 JavaThread "jar transforms Thread 129" [_thread_blocked, id=31396, stack(0x0000004807100000,0x0000004807200000)]
  0x00000165fbbe3800 JavaThread "jar transforms Thread 130" [_thread_blocked, id=13156, stack(0x0000004807200000,0x0000004807300000)]
  0x00000165fb4dd000 JavaThread "jar transforms Thread 131" [_thread_blocked, id=20496, stack(0x0000004807300000,0x0000004807400000)]
  0x00000165fb4df000 JavaThread "jar transforms Thread 132" [_thread_blocked, id=20956, stack(0x0000004807400000,0x0000004807500000)]
  0x00000165fb4df800 JavaThread "jar transforms Thread 133" [_thread_blocked, id=25300, stack(0x0000004807500000,0x0000004807600000)]
  0x00000165fb4e1800 JavaThread "jar transforms Thread 134" [_thread_blocked, id=35420, stack(0x0000004807700000,0x0000004807800000)]
  0x00000165fb4e0800 JavaThread "jar transforms Thread 135" [_thread_blocked, id=29816, stack(0x0000004807800000,0x0000004807900000)]
  0x00000165fb4e2000 JavaThread "jar transforms Thread 136" [_thread_blocked, id=30028, stack(0x0000004807900000,0x0000004807a00000)]
  0x00000165fb4de000 JavaThread "jar transforms Thread 137" [_thread_blocked, id=36820, stack(0x0000004807a00000,0x0000004807b00000)]
  0x00000165fb4dc800 JavaThread "jar transforms Thread 138" [_thread_blocked, id=28336, stack(0x0000004807b00000,0x0000004807c00000)]
  0x00000165fb4e8800 JavaThread "jar transforms Thread 139" [_thread_blocked, id=35664, stack(0x0000004807c00000,0x0000004807d00000)]
  0x00000165fb4e5800 JavaThread "jar transforms Thread 140" [_thread_blocked, id=38280, stack(0x0000004807d00000,0x0000004807e00000)]
  0x00000165fb4e4800 JavaThread "jar transforms Thread 141" [_thread_blocked, id=37100, stack(0x0000004807e00000,0x0000004807f00000)]
  0x00000165fb4e8000 JavaThread "jar transforms Thread 142" [_thread_blocked, id=21956, stack(0x0000004807f00000,0x0000004808000000)]
  0x00000165fb4e3000 JavaThread "jar transforms Thread 143" [_thread_blocked, id=20744, stack(0x0000004808000000,0x0000004808100000)]
  0x00000165fb4e6000 JavaThread "jar transforms Thread 144" [_thread_blocked, id=10904, stack(0x0000004808100000,0x0000004808200000)]
  0x00000165fb4e9800 JavaThread "jar transforms Thread 145" [_thread_blocked, id=19116, stack(0x0000004808200000,0x0000004808300000)]
  0x00000165fb4e4000 JavaThread "jar transforms Thread 146" [_thread_blocked, id=22008, stack(0x0000004808300000,0x0000004808400000)]
  0x00000165fb4ea800 JavaThread "jar transforms Thread 147" [_thread_blocked, id=32464, stack(0x0000004808400000,0x0000004808500000)]
  0x00000165fb4eb000 JavaThread "jar transforms Thread 148" [_thread_blocked, id=30640, stack(0x0000004808500000,0x0000004808600000)]
  0x00000165fb4e7000 JavaThread "jar transforms Thread 149" [_thread_blocked, id=34264, stack(0x0000004808600000,0x0000004808700000)]
  0x000001658fa39800 JavaThread "jar transforms Thread 150" [_thread_blocked, id=33152, stack(0x0000004808700000,0x0000004808800000)]
  0x000001658fa38800 JavaThread "jar transforms Thread 151" [_thread_blocked, id=2820, stack(0x0000004808800000,0x0000004808900000)]
  0x000001658fa3a800 JavaThread "jar transforms Thread 152" [_thread_blocked, id=36456, stack(0x0000004808900000,0x0000004808a00000)]
  0x000001658fa3b000 JavaThread "jar transforms Thread 153" [_thread_blocked, id=10420, stack(0x0000004808a00000,0x0000004808b00000)]
  0x000001658fa3c000 JavaThread "jar transforms Thread 154" [_thread_blocked, id=38908, stack(0x0000004808b00000,0x0000004808c00000)]
  0x000001658fa3d800 JavaThread "jar transforms Thread 155" [_thread_blocked, id=32124, stack(0x0000004808c00000,0x0000004808d00000)]
  0x000001658fa3d000 JavaThread "jar transforms Thread 156" [_thread_blocked, id=11900, stack(0x0000004808d00000,0x0000004808e00000)]
  0x000001658fa38000 JavaThread "jar transforms Thread 157" [_thread_blocked, id=16868, stack(0x0000004808e00000,0x0000004808f00000)]
  0x000001658fa3e800 JavaThread "jar transforms Thread 158" [_thread_blocked, id=38292, stack(0x0000004808f00000,0x0000004809000000)]
  0x000001658fa3f000 JavaThread "jar transforms Thread 159" [_thread_blocked, id=36816, stack(0x0000004809000000,0x0000004809100000)]
  0x000001658fa41000 JavaThread "jar transforms Thread 160" [_thread_blocked, id=33300, stack(0x0000004809100000,0x0000004809200000)]
  0x000001658fa41800 JavaThread "jar transforms Thread 161" [_thread_blocked, id=11076, stack(0x0000004809200000,0x0000004809300000)]
  0x000001658fa42800 JavaThread "jar transforms Thread 162" [_thread_blocked, id=35364, stack(0x0000004809300000,0x0000004809400000)]
  0x000001658fa45800 JavaThread "jar transforms Thread 163" [_thread_blocked, id=12920, stack(0x0000004809400000,0x0000004809500000)]
  0x000001658fa44000 JavaThread "jar transforms Thread 164" [_thread_blocked, id=23588, stack(0x0000004809500000,0x0000004809600000)]
  0x000001658fa43800 JavaThread "jar transforms Thread 165" [_thread_blocked, id=38272, stack(0x0000004809600000,0x0000004809700000)]
  0x000001658fa40000 JavaThread "jar transforms Thread 166" [_thread_blocked, id=35820, stack(0x0000004809700000,0x0000004809800000)]
  0x000001658fa46800 JavaThread "jar transforms Thread 167" [_thread_blocked, id=24560, stack(0x0000004809800000,0x0000004809900000)]
  0x000001658fa45000 JavaThread "jar transforms Thread 168" [_thread_blocked, id=27108, stack(0x0000004809900000,0x0000004809a00000)]
  0x00000165fb695800 JavaThread "jar transforms Thread 169" [_thread_blocked, id=38612, stack(0x0000004809a00000,0x0000004809b00000)]
  0x00000165fb696800 JavaThread "jar transforms Thread 170" [_thread_blocked, id=17308, stack(0x0000004809b00000,0x0000004809c00000)]
  0x00000165fb697000 JavaThread "jar transforms Thread 171" [_thread_blocked, id=6200, stack(0x0000004809c00000,0x0000004809d00000)]
  0x00000165fb699000 JavaThread "jar transforms Thread 172" [_thread_blocked, id=31260, stack(0x0000004809d00000,0x0000004809e00000)]
  0x00000165fb698000 JavaThread "jar transforms Thread 173" [_thread_blocked, id=24608, stack(0x0000004809e00000,0x0000004809f00000)]
  0x00000165fb699800 JavaThread "jar transforms Thread 174" [_thread_blocked, id=10340, stack(0x0000004809f00000,0x000000480a000000)]
  0x00000165fb69a800 JavaThread "jar transforms Thread 175" [_thread_blocked, id=33004, stack(0x000000480a000000,0x000000480a100000)]
  0x00000165fb695000 JavaThread "jar transforms Thread 176" [_thread_blocked, id=35208, stack(0x000000480a100000,0x000000480a200000)]
  0x00000165fb69e800 JavaThread "jar transforms Thread 177" [_thread_blocked, id=23056, stack(0x000000480a200000,0x000000480a300000)]
  0x00000165fb69f800 JavaThread "jar transforms Thread 178" [_thread_blocked, id=36260, stack(0x000000480a300000,0x000000480a400000)]
  0x00000165fb69d000 JavaThread "jar transforms Thread 179" [_thread_blocked, id=24276, stack(0x000000480a400000,0x000000480a500000)]
  0x00000165fb6a0000 JavaThread "jar transforms Thread 180" [_thread_blocked, id=16016, stack(0x000000480a500000,0x000000480a600000)]
  0x00000165fb6a1000 JavaThread "jar transforms Thread 181" [_thread_blocked, id=16892, stack(0x000000480a600000,0x000000480a700000)]
  0x00000165fb69b800 JavaThread "jar transforms Thread 182" [_thread_blocked, id=25168, stack(0x000000480a700000,0x000000480a800000)]
  0x00000165fb69e000 JavaThread "jar transforms Thread 183" [_thread_blocked, id=9460, stack(0x000000480a800000,0x000000480a900000)]
  0x00000165fb6a2000 JavaThread "jar transforms Thread 184" [_thread_blocked, id=27184, stack(0x000000480a900000,0x000000480aa00000)]
  0x00000165fb69c000 JavaThread "jar transforms Thread 185" [_thread_blocked, id=2388, stack(0x000000480aa00000,0x000000480ab00000)]
  0x00000165fb6a2800 JavaThread "jar transforms Thread 186" [_thread_blocked, id=15732, stack(0x000000480ab00000,0x000000480ac00000)]
  0x00000165fb6a3800 JavaThread "jar transforms Thread 187" [_thread_blocked, id=34476, stack(0x000000480ac00000,0x000000480ad00000)]
  0x00000165fd3d3800 JavaThread "jar transforms Thread 188" [_thread_blocked, id=38192, stack(0x000000480ad00000,0x000000480ae00000)]
  0x00000165fd3d8000 JavaThread "jar transforms Thread 189" [_thread_blocked, id=26132, stack(0x000000480ae00000,0x000000480af00000)]
  0x00000165fd3d5000 JavaThread "jar transforms Thread 190" [_thread_blocked, id=37748, stack(0x000000480af00000,0x000000480b000000)]
  0x00000165fd3d7800 JavaThread "jar transforms Thread 191" [_thread_blocked, id=32468, stack(0x000000480b000000,0x000000480b100000)]
  0x00000165fd3d9000 JavaThread "jar transforms Thread 192" [_thread_blocked, id=37828, stack(0x000000480b100000,0x000000480b200000)]
  0x00000165fd3d4000 JavaThread "jar transforms Thread 193" [_thread_blocked, id=32524, stack(0x000000480b200000,0x000000480b300000)]
  0x00000165fd3d6000 JavaThread "jar transforms Thread 194" [_thread_blocked, id=36512, stack(0x000000480b300000,0x000000480b400000)]
  0x00000165fd3da000 JavaThread "jar transforms Thread 195" [_thread_blocked, id=21628, stack(0x000000480b400000,0x000000480b500000)]
  0x00000165fd3da800 JavaThread "jar transforms Thread 196" [_thread_blocked, id=36196, stack(0x000000480b500000,0x000000480b600000)]
  0x00000165fd3db800 JavaThread "jar transforms Thread 197" [_thread_blocked, id=33872, stack(0x000000480b600000,0x000000480b700000)]
  0x00000165fd3dc800 JavaThread "jar transforms Thread 198" [_thread_blocked, id=33980, stack(0x000000480b700000,0x000000480b800000)]
  0x00000165fd3d6800 JavaThread "jar transforms Thread 199" [_thread_blocked, id=36124, stack(0x000000480b800000,0x000000480b900000)]
  0x00000165fd3de000 JavaThread "jar transforms Thread 200" [_thread_blocked, id=27356, stack(0x000000480b900000,0x000000480ba00000)]
  0x00000165fd3dd000 JavaThread "jar transforms Thread 201" [_thread_blocked, id=31668, stack(0x000000480ba00000,0x000000480bb00000)]
  0x00000165fd3e2000 JavaThread "jar transforms Thread 202" [_thread_blocked, id=32848, stack(0x000000480bb00000,0x000000480bc00000)]
  0x00000165fd3df000 JavaThread "jar transforms Thread 203" [_thread_blocked, id=29360, stack(0x000000480bc00000,0x000000480bd00000)]
  0x00000165fd3df800 JavaThread "jar transforms Thread 204" [_thread_blocked, id=35860, stack(0x000000480bd00000,0x000000480be00000)]
  0x00000165fd3e0800 JavaThread "jar transforms Thread 205" [_thread_blocked, id=32832, stack(0x000000480be00000,0x000000480bf00000)]
  0x00000165fd3e1000 JavaThread "jar transforms Thread 206" [_thread_blocked, id=14448, stack(0x000000480bf00000,0x000000480c000000)]
  0x000001658ff43800 JavaThread "jar transforms Thread 207" [_thread_blocked, id=27856, stack(0x000000480c000000,0x000000480c100000)]
  0x000001658ff42000 JavaThread "jar transforms Thread 208" [_thread_blocked, id=30348, stack(0x000000480c100000,0x000000480c200000)]
  0x000001658ff44800 JavaThread "jar transforms Thread 209" [_thread_blocked, id=36556, stack(0x000000480c200000,0x000000480c300000)]
  0x000001658ff3e800 JavaThread "jar transforms Thread 210" [_thread_blocked, id=28712, stack(0x000000480c300000,0x000000480c400000)]
  0x000001658ff3f800 JavaThread "jar transforms Thread 211" [_thread_blocked, id=16648, stack(0x000000480c400000,0x000000480c500000)]
  0x000001658ff45000 JavaThread "jar transforms Thread 212" [_thread_blocked, id=36920, stack(0x000000480c500000,0x000000480c600000)]
  0x000001658ff46000 JavaThread "jar transforms Thread 213" [_thread_blocked, id=31568, stack(0x000000480c600000,0x000000480c700000)]
  0x000001658ff40000 JavaThread "jar transforms Thread 214" [_thread_blocked, id=28748, stack(0x000000480c700000,0x000000480c800000)]
  0x000001658ff46800 JavaThread "jar transforms Thread 215" [_thread_blocked, id=38848, stack(0x000000480c800000,0x000000480c900000)]
  0x000001658ff41000 JavaThread "jar transforms Thread 216" [_thread_blocked, id=13268, stack(0x000000480c900000,0x000000480ca00000)]
  0x000001658ff48800 JavaThread "jar transforms Thread 217" [_thread_blocked, id=12524, stack(0x000000480ca00000,0x000000480cb00000)]
  0x000001658ff42800 JavaThread "jar transforms Thread 218" [_thread_blocked, id=34420, stack(0x000000480cb00000,0x000000480cc00000)]
  0x000001658ff4d000 JavaThread "jar transforms Thread 219" [_thread_blocked, id=16144, stack(0x000000480cc00000,0x000000480cd00000)]
  0x000001658ff4c800 JavaThread "jar transforms Thread 220" [_thread_blocked, id=28732, stack(0x000000480cd00000,0x000000480ce00000)]
  0x000001658ff49000 JavaThread "jar transforms Thread 221" [_thread_blocked, id=34964, stack(0x000000480ce00000,0x000000480cf00000)]
  0x000001658ff4b000 JavaThread "jar transforms Thread 222" [_thread_blocked, id=10168, stack(0x000000480cf00000,0x000000480d000000)]
  0x000001658ff4b800 JavaThread "jar transforms Thread 223" [_thread_blocked, id=8224, stack(0x000000480d000000,0x000000480d100000)]
  0x000001658ff47800 JavaThread "jar transforms Thread 224" [_thread_blocked, id=5784, stack(0x000000480d100000,0x000000480d200000)]
  0x000001658ff4a000 JavaThread "jar transforms Thread 225" [_thread_blocked, id=2224, stack(0x000000480d200000,0x000000480d300000)]
  0x00000165ff4d0000 JavaThread "jar transforms Thread 226" [_thread_blocked, id=12512, stack(0x000000480d300000,0x000000480d400000)]
  0x00000165ff4d1800 JavaThread "jar transforms Thread 227" [_thread_blocked, id=30384, stack(0x000000480d400000,0x000000480d500000)]
  0x00000165ff4d2000 JavaThread "jar transforms Thread 228" [_thread_blocked, id=23860, stack(0x000000480d500000,0x000000480d600000)]
  0x00000165ff4d3000 JavaThread "jar transforms Thread 229" [_thread_blocked, id=31760, stack(0x000000480d600000,0x000000480d700000)]
  0x00000165ff4d0800 JavaThread "jar transforms Thread 230" [_thread_blocked, id=32184, stack(0x000000480d700000,0x000000480d800000)]
  0x00000165ff4cd800 JavaThread "jar transforms Thread 231" [_thread_blocked, id=36152, stack(0x000000480d800000,0x000000480d900000)]
  0x00000165ff4d4000 JavaThread "jar transforms Thread 232" [_thread_blocked, id=33316, stack(0x000000480d900000,0x000000480da00000)]
  0x00000165ff4ce000 JavaThread "jar transforms Thread 233" [_thread_blocked, id=30980, stack(0x000000480da00000,0x000000480db00000)]
  0x00000165ff4d4800 JavaThread "jar transforms Thread 234" [_thread_blocked, id=14596, stack(0x000000480db00000,0x000000480dc00000)]
  0x00000165ff4cf000 JavaThread "jar transforms Thread 235" [_thread_blocked, id=14424, stack(0x000000480dc00000,0x000000480dd00000)]
  0x00000165ff4db000 JavaThread "jar transforms Thread 236" [_thread_blocked, id=24160, stack(0x000000480dd00000,0x000000480de00000)]
  0x00000165ff4d9800 JavaThread "jar transforms Thread 237" [_thread_blocked, id=24696, stack(0x000000480de00000,0x000000480df00000)]
  0x00000165ff4d9000 JavaThread "jar transforms Thread 238" [_thread_blocked, id=25668, stack(0x000000480df00000,0x000000480e000000)]

Other Threads:
  0x00000165fa809800 VMThread "VM Thread" [stack: 0x0000004803900000,0x0000004803a00000] [id=34004]
  0x00000165fb2eb800 WatcherThread [stack: 0x0000004804300000,0x0000004804400000] [id=6336]
  0x00000165ef523000 GCTaskThread "GC Thread#0" [stack: 0x0000004803400000,0x0000004803500000] [id=16720]
  0x00000165fbe02800 GCTaskThread "GC Thread#1" [stack: 0x0000004804600000,0x0000004804700000] [id=35576]
  0x00000165fbb52000 GCTaskThread "GC Thread#2" [stack: 0x0000004804700000,0x0000004804800000] [id=22860]
  0x00000165fc161800 GCTaskThread "GC Thread#3" [stack: 0x0000004805200000,0x0000004805300000] [id=36696]
  0x00000165fbe44800 GCTaskThread "GC Thread#4" [stack: 0x0000004805300000,0x0000004805400000] [id=23508]
  0x00000165fc74e800 GCTaskThread "GC Thread#5" [stack: 0x0000004805400000,0x0000004805500000] [id=31068]
  0x00000165fd261800 GCTaskThread "GC Thread#6" [stack: 0x0000004805500000,0x0000004805600000] [id=1384]
  0x00000165fcc6e800 GCTaskThread "GC Thread#7" [stack: 0x0000004805600000,0x0000004805700000] [id=13892]
  0x00000165ef554800 ConcurrentGCThread "G1 Main Marker" [stack: 0x0000004803500000,0x0000004803600000] [id=37284]
  0x00000165ef556800 ConcurrentGCThread "G1 Conc#0" [stack: 0x0000004803600000,0x0000004803700000] [id=16772]
  0x00000165fd1ef000 ConcurrentGCThread "G1 Conc#1" [stack: 0x0000004805900000,0x0000004805a00000] [id=28640]
  0x00000165fa660800 ConcurrentGCThread "G1 Refine#0" [stack: 0x0000004803700000,0x0000004803800000] [id=21512]
  0x00000165fa661800 ConcurrentGCThread "G1 Young RemSet Sampling" [stack: 0x0000004803800000,0x0000004803900000] [id=14396]

Threads with active compile tasks:
C2 CompilerThread0  80566 10716       4       org.gradle.internal.service.DefaultServiceRegistry$OwnServices$ProviderAnalyser::analyseType (114 bytes)
C2 CompilerThread1  80566 10987   !   4       org.gradle.internal.instantiation.generator.DependencyInjectingInstantiator::doCreate (64 bytes)
C2 CompilerThread2  80566 11246       4       java.lang.reflect.Constructor::newInstance (76 bytes)

VM state:not at safepoint (normal execution)

VM Mutex/Monitor currently owned by a thread: None

Heap address: 0x0000000080000000, size: 2048 MB, Compressed Oops mode: 32-bit
Narrow klass base: 0x0000000000000000, Narrow klass shift: 3
Compressed class space size: 1073741824 Address: 0x0000000100000000

Heap:
 garbage-first heap   total 189440K, used 141981K [0x0000000080000000, 0x0000000100000000)
  region size 1024K, 45 young (46080K), 6 survivors (6144K)
 Metaspace       used 101931K, capacity 104654K, committed 104780K, reserved 1140736K
  class space    used 12900K, capacity 13867K, committed 13900K, reserved 1048576K
Heap Regions: E=young(eden), S=young(survivor), O=old, HS=humongous(starts), HC=humongous(continues), CS=collection set, F=free, A=archive, TAMS=top-at-mark-start (previous, next)
|   0|0x0000000080000000, 0x0000000080100000, 0x0000000080100000|100%| O|  |TAMS 0x0000000080100000, 0x0000000080000000| Untracked 
|   1|0x0000000080100000, 0x0000000080200000, 0x0000000080200000|100%| O|  |TAMS 0x0000000080200000, 0x0000000080100000| Untracked 
|   2|0x0000000080200000, 0x0000000080300000, 0x0000000080300000|100%| O|  |TAMS 0x0000000080300000, 0x0000000080200000| Untracked 
|   3|0x0000000080300000, 0x0000000080400000, 0x0000000080400000|100%|HS|  |TAMS 0x0000000080400000, 0x0000000080300000| Complete 
|   4|0x0000000080400000, 0x0000000080500000, 0x0000000080500000|100%|HC|  |TAMS 0x0000000080500000, 0x0000000080400000| Complete 
|   5|0x0000000080500000, 0x0000000080600000, 0x0000000080600000|100%|HC|  |TAMS 0x0000000080600000, 0x0000000080500000| Complete 
|   6|0x0000000080600000, 0x0000000080700000, 0x0000000080700000|100%| O|  |TAMS 0x0000000080700000, 0x0000000080600000| Untracked 
|   7|0x0000000080700000, 0x0000000080800000, 0x0000000080800000|100%| O|  |TAMS 0x0000000080800000, 0x0000000080700000| Untracked 
|   8|0x0000000080800000, 0x0000000080900000, 0x0000000080900000|100%| O|  |TAMS 0x0000000080900000, 0x0000000080800000| Untracked 
|   9|0x0000000080900000, 0x0000000080a00000, 0x0000000080a00000|100%| O|  |TAMS 0x0000000080a00000, 0x0000000080900000| Untracked 
|  10|0x0000000080a00000, 0x0000000080b00000, 0x0000000080b00000|100%| O|  |TAMS 0x0000000080b00000, 0x0000000080a00000| Untracked 
|  11|0x0000000080b00000, 0x0000000080c00000, 0x0000000080c00000|100%| O|  |TAMS 0x0000000080c00000, 0x0000000080b00000| Untracked 
|  12|0x0000000080c00000, 0x0000000080d00000, 0x0000000080d00000|100%| O|  |TAMS 0x0000000080d00000, 0x0000000080c00000| Untracked 
|  13|0x0000000080d00000, 0x0000000080e00000, 0x0000000080e00000|100%| O|  |TAMS 0x0000000080e00000, 0x0000000080d00000| Untracked 
|  14|0x0000000080e00000, 0x0000000080f00000, 0x0000000080f00000|100%| O|  |TAMS 0x0000000080f00000, 0x0000000080e00000| Untracked 
|  15|0x0000000080f00000, 0x0000000081000000, 0x0000000081000000|100%| O|  |TAMS 0x0000000081000000, 0x0000000080f00000| Untracked 
|  16|0x0000000081000000, 0x0000000081100000, 0x0000000081100000|100%|HS|  |TAMS 0x0000000081100000, 0x0000000081000000| Complete 
|  17|0x0000000081100000, 0x0000000081200000, 0x0000000081200000|100%|HC|  |TAMS 0x0000000081200000, 0x0000000081100000| Complete 
|  18|0x0000000081200000, 0x0000000081300000, 0x0000000081300000|100%|HS|  |TAMS 0x0000000081300000, 0x0000000081200000| Complete 
|  19|0x0000000081300000, 0x0000000081400000, 0x0000000081400000|100%|HC|  |TAMS 0x0000000081400000, 0x0000000081300000| Complete 
|  20|0x0000000081400000, 0x0000000081500000, 0x0000000081500000|100%|HC|  |TAMS 0x0000000081500000, 0x0000000081400000| Complete 
|  21|0x0000000081500000, 0x0000000081600000, 0x0000000081600000|100%|HS|  |TAMS 0x0000000081600000, 0x0000000081500000| Complete 
|  22|0x0000000081600000, 0x0000000081700000, 0x0000000081700000|100%|HC|  |TAMS 0x0000000081700000, 0x0000000081600000| Complete 
|  23|0x0000000081700000, 0x0000000081800000, 0x0000000081800000|100%|HC|  |TAMS 0x0000000081800000, 0x0000000081700000| Complete 
|  24|0x0000000081800000, 0x0000000081900000, 0x0000000081900000|100%|HC|  |TAMS 0x0000000081900000, 0x0000000081800000| Complete 
|  25|0x0000000081900000, 0x0000000081a00000, 0x0000000081a00000|100%| O|  |TAMS 0x0000000081a00000, 0x0000000081900000| Untracked 
|  26|0x0000000081a00000, 0x0000000081b00000, 0x0000000081b00000|100%| O|  |TAMS 0x0000000081b00000, 0x0000000081a00000| Untracked 
|  27|0x0000000081b00000, 0x0000000081c00000, 0x0000000081c00000|100%| O|  |TAMS 0x0000000081c00000, 0x0000000081b00000| Untracked 
|  28|0x0000000081c00000, 0x0000000081d00000, 0x0000000081d00000|100%| O|  |TAMS 0x0000000081d00000, 0x0000000081c00000| Untracked 
|  29|0x0000000081d00000, 0x0000000081e00000, 0x0000000081e00000|100%| O|  |TAMS 0x0000000081e00000, 0x0000000081d00000| Untracked 
|  30|0x0000000081e00000, 0x0000000081f00000, 0x0000000081f00000|100%| O|  |TAMS 0x0000000081f00000, 0x0000000081e00000| Untracked 
|  31|0x0000000081f00000, 0x0000000082000000, 0x0000000082000000|100%| O|  |TAMS 0x0000000082000000, 0x0000000081f00000| Untracked 
|  32|0x0000000082000000, 0x0000000082100000, 0x0000000082100000|100%| O|  |TAMS 0x0000000082100000, 0x0000000082000000| Untracked 
|  33|0x0000000082100000, 0x0000000082200000, 0x0000000082200000|100%|HS|  |TAMS 0x0000000082200000, 0x0000000082100000| Complete 
|  34|0x0000000082200000, 0x0000000082300000, 0x0000000082300000|100%|HC|  |TAMS 0x0000000082300000, 0x0000000082200000| Complete 
|  35|0x0000000082300000, 0x0000000082400000, 0x0000000082400000|100%|HC|  |TAMS 0x0000000082400000, 0x0000000082300000| Complete 
|  36|0x0000000082400000, 0x0000000082500000, 0x0000000082500000|100%|HC|  |TAMS 0x0000000082500000, 0x0000000082400000| Complete 
|  37|0x0000000082500000, 0x0000000082600000, 0x0000000082600000|100%|HS|  |TAMS 0x0000000082600000, 0x0000000082500000| Complete 
|  38|0x0000000082600000, 0x0000000082700000, 0x0000000082700000|100%|HC|  |TAMS 0x0000000082700000, 0x0000000082600000| Complete 
|  39|0x0000000082700000, 0x0000000082800000, 0x0000000082800000|100%|HC|  |TAMS 0x0000000082800000, 0x0000000082700000| Complete 
|  40|0x0000000082800000, 0x0000000082900000, 0x0000000082900000|100%| O|  |TAMS 0x0000000082900000, 0x0000000082800000| Untracked 
|  41|0x0000000082900000, 0x0000000082a00000, 0x0000000082a00000|100%| O|  |TAMS 0x0000000082a00000, 0x0000000082900000| Untracked 
|  42|0x0000000082a00000, 0x0000000082b00000, 0x0000000082b00000|100%| O|  |TAMS 0x0000000082b00000, 0x0000000082a00000| Untracked 
|  43|0x0000000082b00000, 0x0000000082c00000, 0x0000000082c00000|100%| O|  |TAMS 0x0000000082c00000, 0x0000000082b00000| Untracked 
|  44|0x0000000082c00000, 0x0000000082d00000, 0x0000000082d00000|100%| O|  |TAMS 0x0000000082d00000, 0x0000000082c00000| Untracked 
|  45|0x0000000082d00000, 0x0000000082e00000, 0x0000000082e00000|100%| O|  |TAMS 0x0000000082e00000, 0x0000000082d00000| Untracked 
|  46|0x0000000082e00000, 0x0000000082f00000, 0x0000000082f00000|100%| O|  |TAMS 0x0000000082f00000, 0x0000000082e00000| Untracked 
|  47|0x0000000082f00000, 0x0000000083000000, 0x0000000083000000|100%| O|  |TAMS 0x0000000083000000, 0x0000000082f00000| Untracked 
|  48|0x0000000083000000, 0x0000000083100000, 0x0000000083100000|100%|HS|  |TAMS 0x0000000083100000, 0x0000000083000000| Complete 
|  49|0x0000000083100000, 0x0000000083200000, 0x0000000083200000|100%|HS|  |TAMS 0x0000000083200000, 0x0000000083100000| Complete 
|  50|0x0000000083200000, 0x0000000083300000, 0x0000000083300000|100%|HS|  |TAMS 0x0000000083300000, 0x0000000083200000| Complete 
|  51|0x0000000083300000, 0x0000000083400000, 0x0000000083400000|100%|HC|  |TAMS 0x0000000083400000, 0x0000000083300000| Complete 
|  52|0x0000000083400000, 0x0000000083500000, 0x0000000083500000|100%|HC|  |TAMS 0x0000000083500000, 0x0000000083400000| Complete 
|  53|0x0000000083500000, 0x0000000083600000, 0x0000000083600000|100%|HS|  |TAMS 0x0000000083600000, 0x0000000083500000| Complete 
|  54|0x0000000083600000, 0x0000000083700000, 0x0000000083700000|100%|HC|  |TAMS 0x0000000083700000, 0x0000000083600000| Complete 
|  55|0x0000000083700000, 0x0000000083800000, 0x0000000083800000|100%| O|  |TAMS 0x0000000083800000, 0x0000000083700000| Untracked 
|  56|0x0000000083800000, 0x0000000083900000, 0x0000000083900000|100%| O|  |TAMS 0x0000000083900000, 0x0000000083800000| Untracked 
|  57|0x0000000083900000, 0x0000000083a00000, 0x0000000083a00000|100%| O|  |TAMS 0x0000000083a00000, 0x0000000083900000| Untracked 
|  58|0x0000000083a00000, 0x0000000083b00000, 0x0000000083b00000|100%| O|  |TAMS 0x0000000083b00000, 0x0000000083a00000| Untracked 
|  59|0x0000000083b00000, 0x0000000083c00000, 0x0000000083c00000|100%| O|  |TAMS 0x0000000083c00000, 0x0000000083b00000| Untracked 
|  60|0x0000000083c00000, 0x0000000083d00000, 0x0000000083d00000|100%| O|  |TAMS 0x0000000083d00000, 0x0000000083c00000| Untracked 
|  61|0x0000000083d00000, 0x0000000083e00000, 0x0000000083e00000|100%| O|  |TAMS 0x0000000083e00000, 0x0000000083d00000| Untracked 
|  62|0x0000000083e00000, 0x0000000083f00000, 0x0000000083f00000|100%| O|  |TAMS 0x0000000083f00000, 0x0000000083e00000| Untracked 
|  63|0x0000000083f00000, 0x0000000084000000, 0x0000000084000000|100%| O|  |TAMS 0x0000000084000000, 0x0000000083f00000| Untracked 
|  64|0x0000000084000000, 0x0000000084100000, 0x0000000084100000|100%| O|  |TAMS 0x0000000084100000, 0x0000000084000000| Untracked 
|  65|0x0000000084100000, 0x0000000084200000, 0x0000000084200000|100%| O|  |TAMS 0x0000000084200000, 0x0000000084100000| Untracked 
|  66|0x0000000084200000, 0x0000000084300000, 0x0000000084300000|100%| O|  |TAMS 0x0000000084300000, 0x0000000084200000| Untracked 
|  67|0x0000000084300000, 0x0000000084400000, 0x0000000084400000|100%| O|  |TAMS 0x0000000084400000, 0x0000000084300000| Untracked 
|  68|0x0000000084400000, 0x0000000084500000, 0x0000000084500000|100%| O|  |TAMS 0x0000000084500000, 0x0000000084400000| Untracked 
|  69|0x0000000084500000, 0x0000000084600000, 0x0000000084600000|100%| O|  |TAMS 0x0000000084600000, 0x0000000084500000| Untracked 
|  70|0x0000000084600000, 0x0000000084700000, 0x0000000084700000|100%| O|  |TAMS 0x0000000084700000, 0x0000000084600000| Untracked 
|  71|0x0000000084700000, 0x0000000084800000, 0x0000000084800000|100%| O|  |TAMS 0x0000000084800000, 0x0000000084700000| Untracked 
|  72|0x0000000084800000, 0x0000000084900000, 0x0000000084900000|100%| O|  |TAMS 0x0000000084900000, 0x0000000084800000| Untracked 
|  73|0x0000000084900000, 0x0000000084a00000, 0x0000000084a00000|100%| O|  |TAMS 0x0000000084a00000, 0x0000000084900000| Untracked 
|  74|0x0000000084a00000, 0x0000000084b00000, 0x0000000084b00000|100%| O|  |TAMS 0x0000000084b00000, 0x0000000084a00000| Untracked 
|  75|0x0000000084b00000, 0x0000000084c00000, 0x0000000084c00000|100%| O|  |TAMS 0x0000000084c00000, 0x0000000084b00000| Untracked 
|  76|0x0000000084c00000, 0x0000000084d00000, 0x0000000084d00000|100%| O|  |TAMS 0x0000000084d00000, 0x0000000084c00000| Untracked 
|  77|0x0000000084d00000, 0x0000000084e00000, 0x0000000084e00000|100%| O|  |TAMS 0x0000000084e00000, 0x0000000084d00000| Untracked 
|  78|0x0000000084e00000, 0x0000000084f00000, 0x0000000084f00000|100%| O|  |TAMS 0x0000000084f00000, 0x0000000084e00000| Untracked 
|  79|0x0000000084f00000, 0x0000000085000000, 0x0000000085000000|100%| O|  |TAMS 0x0000000085000000, 0x0000000084f00000| Untracked 
|  80|0x0000000085000000, 0x0000000085100000, 0x0000000085100000|100%| O|  |TAMS 0x0000000085100000, 0x0000000085000000| Untracked 
|  81|0x0000000085100000, 0x0000000085200000, 0x0000000085200000|100%| O|  |TAMS 0x0000000085200000, 0x0000000085100000| Untracked 
|  82|0x0000000085200000, 0x0000000085300000, 0x0000000085300000|100%| O|  |TAMS 0x0000000085300000, 0x0000000085200000| Untracked 
|  83|0x0000000085300000, 0x0000000085400000, 0x0000000085400000|100%| O|  |TAMS 0x0000000085400000, 0x0000000085300000| Untracked 
|  84|0x0000000085400000, 0x0000000085500000, 0x0000000085500000|100%| O|  |TAMS 0x0000000085500000, 0x0000000085400000| Untracked 
|  85|0x0000000085500000, 0x0000000085600000, 0x0000000085600000|100%| O|  |TAMS 0x0000000085600000, 0x0000000085500000| Untracked 
|  86|0x0000000085600000, 0x0000000085700000, 0x0000000085700000|100%| O|  |TAMS 0x0000000085700000, 0x0000000085600000| Untracked 
|  87|0x0000000085700000, 0x0000000085800000, 0x0000000085800000|100%| O|  |TAMS 0x0000000085800000, 0x0000000085700000| Untracked 
|  88|0x0000000085800000, 0x0000000085900000, 0x0000000085900000|100%| O|  |TAMS 0x0000000085900000, 0x0000000085800000| Untracked 
|  89|0x0000000085900000, 0x0000000085a00000, 0x0000000085a00000|100%| O|  |TAMS 0x0000000085a00000, 0x0000000085900000| Untracked 
|  90|0x0000000085a00000, 0x0000000085b00000, 0x0000000085b00000|100%| O|  |TAMS 0x0000000085b00000, 0x0000000085a00000| Untracked 
|  91|0x0000000085b00000, 0x0000000085c00000, 0x0000000085c00000|100%| O|  |TAMS 0x0000000085c00000, 0x0000000085b00000| Untracked 
|  92|0x0000000085c00000, 0x0000000085d00000, 0x0000000085d00000|100%| O|  |TAMS 0x0000000085ced600, 0x0000000085c00000| Untracked 
|  93|0x0000000085d00000, 0x0000000085d00000, 0x0000000085e00000|  0%| F|  |TAMS 0x0000000085d00000, 0x0000000085d00000| Untracked 
|  94|0x0000000085e00000, 0x0000000085f00000, 0x0000000085f00000|100%| O|  |TAMS 0x0000000085e00000, 0x0000000085e00000| Untracked 
|  95|0x0000000085f00000, 0x0000000086000000, 0x0000000086000000|100%| O|  |TAMS 0x0000000085f00000, 0x0000000085f00000| Untracked 
|  96|0x0000000086000000, 0x000000008605d200, 0x0000000086100000| 36%| O|  |TAMS 0x0000000086000000, 0x0000000086000000| Untracked 
|  97|0x0000000086100000, 0x0000000086100000, 0x0000000086200000|  0%| F|  |TAMS 0x0000000086100000, 0x0000000086100000| Untracked 
|  98|0x0000000086200000, 0x0000000086200000, 0x0000000086300000|  0%| F|  |TAMS 0x0000000086200000, 0x0000000086200000| Untracked 
|  99|0x0000000086300000, 0x0000000086300000, 0x0000000086400000|  0%| F|  |TAMS 0x0000000086300000, 0x0000000086300000| Untracked 
| 100|0x0000000086400000, 0x0000000086400000, 0x0000000086500000|  0%| F|  |TAMS 0x0000000086400000, 0x0000000086400000| Untracked 
| 101|0x0000000086500000, 0x0000000086500000, 0x0000000086600000|  0%| F|  |TAMS 0x0000000086500000, 0x0000000086500000| Untracked 
| 102|0x0000000086600000, 0x0000000086600000, 0x0000000086700000|  0%| F|  |TAMS 0x0000000086600000, 0x0000000086600000| Untracked 
| 103|0x0000000086700000, 0x0000000086700000, 0x0000000086800000|  0%| F|  |TAMS 0x0000000086700000, 0x0000000086700000| Untracked 
| 104|0x0000000086800000, 0x0000000086800000, 0x0000000086900000|  0%| F|  |TAMS 0x0000000086800000, 0x0000000086800000| Untracked 
| 105|0x0000000086900000, 0x0000000086900000, 0x0000000086a00000|  0%| F|  |TAMS 0x0000000086900000, 0x0000000086900000| Untracked 
| 106|0x0000000086a00000, 0x0000000086a00000, 0x0000000086b00000|  0%| F|  |TAMS 0x0000000086a00000, 0x0000000086a00000| Untracked 
| 107|0x0000000086b00000, 0x0000000086b00000, 0x0000000086c00000|  0%| F|  |TAMS 0x0000000086b00000, 0x0000000086b00000| Untracked 
| 108|0x0000000086c00000, 0x0000000086c00000, 0x0000000086d00000|  0%| F|  |TAMS 0x0000000086c00000, 0x0000000086c00000| Untracked 
| 109|0x0000000086d00000, 0x0000000086d00000, 0x0000000086e00000|  0%| F|  |TAMS 0x0000000086d00000, 0x0000000086d00000| Untracked 
| 110|0x0000000086e00000, 0x0000000086e00000, 0x0000000086f00000|  0%| F|  |TAMS 0x0000000086e00000, 0x0000000086e00000| Untracked 
| 111|0x0000000086f00000, 0x0000000086f00000, 0x0000000087000000|  0%| F|  |TAMS 0x0000000086f00000, 0x0000000086f00000| Untracked 
| 112|0x0000000087000000, 0x0000000087000000, 0x0000000087100000|  0%| F|  |TAMS 0x0000000087000000, 0x0000000087000000| Untracked 
| 113|0x0000000087100000, 0x0000000087100000, 0x0000000087200000|  0%| F|  |TAMS 0x0000000087100000, 0x0000000087100000| Untracked 
| 114|0x0000000087200000, 0x0000000087200000, 0x0000000087300000|  0%| F|  |TAMS 0x0000000087200000, 0x0000000087200000| Untracked 
| 115|0x0000000087300000, 0x0000000087300000, 0x0000000087400000|  0%| F|  |TAMS 0x0000000087300000, 0x0000000087300000| Untracked 
| 116|0x0000000087400000, 0x0000000087400000, 0x0000000087500000|  0%| F|  |TAMS 0x0000000087400000, 0x0000000087400000| Untracked 
| 117|0x0000000087500000, 0x0000000087500000, 0x0000000087600000|  0%| F|  |TAMS 0x0000000087500000, 0x0000000087500000| Untracked 
| 118|0x0000000087600000, 0x0000000087600000, 0x0000000087700000|  0%| F|  |TAMS 0x0000000087600000, 0x0000000087600000| Untracked 
| 119|0x0000000087700000, 0x0000000087700000, 0x0000000087800000|  0%| F|  |TAMS 0x0000000087700000, 0x0000000087700000| Untracked 
| 120|0x0000000087800000, 0x0000000087800000, 0x0000000087900000|  0%| F|  |TAMS 0x0000000087800000, 0x0000000087800000| Untracked 
| 121|0x0000000087900000, 0x000000008794a3d0, 0x0000000087a00000| 28%| S|CS|TAMS 0x0000000087900000, 0x0000000087900000| Complete 
| 122|0x0000000087a00000, 0x0000000087b00000, 0x0000000087b00000|100%| S|CS|TAMS 0x0000000087a00000, 0x0000000087a00000| Complete 
| 123|0x0000000087b00000, 0x0000000087c00000, 0x0000000087c00000|100%| S|CS|TAMS 0x0000000087b00000, 0x0000000087b00000| Complete 
| 124|0x0000000087c00000, 0x0000000087d00000, 0x0000000087d00000|100%| S|CS|TAMS 0x0000000087c00000, 0x0000000087c00000| Complete 
| 125|0x0000000087d00000, 0x0000000087e00000, 0x0000000087e00000|100%| S|CS|TAMS 0x0000000087d00000, 0x0000000087d00000| Complete 
| 126|0x0000000087e00000, 0x0000000087f00000, 0x0000000087f00000|100%| S|CS|TAMS 0x0000000087e00000, 0x0000000087e00000| Complete 
| 127|0x0000000087f00000, 0x0000000087f00000, 0x0000000088000000|  0%| F|  |TAMS 0x0000000087f00000, 0x0000000087f00000| Untracked 
| 128|0x0000000088000000, 0x0000000088000000, 0x0000000088100000|  0%| F|  |TAMS 0x0000000088000000, 0x0000000088000000| Untracked 
| 129|0x0000000088100000, 0x0000000088100000, 0x0000000088200000|  0%| F|  |TAMS 0x0000000088100000, 0x0000000088100000| Untracked 
| 130|0x0000000088200000, 0x0000000088200000, 0x0000000088300000|  0%| F|  |TAMS 0x0000000088200000, 0x0000000088200000| Untracked 
| 131|0x0000000088300000, 0x0000000088300000, 0x0000000088400000|  0%| F|  |TAMS 0x0000000088300000, 0x0000000088300000| Untracked 
| 132|0x0000000088400000, 0x0000000088400000, 0x0000000088500000|  0%| F|  |TAMS 0x0000000088400000, 0x0000000088400000| Untracked 
| 133|0x0000000088500000, 0x0000000088500000, 0x0000000088600000|  0%| F|  |TAMS 0x0000000088500000, 0x0000000088500000| Untracked 
| 134|0x0000000088600000, 0x0000000088600000, 0x0000000088700000|  0%| F|  |TAMS 0x0000000088600000, 0x0000000088600000| Untracked 
| 135|0x0000000088700000, 0x0000000088700000, 0x0000000088800000|  0%| F|  |TAMS 0x0000000088700000, 0x0000000088700000| Untracked 
| 136|0x0000000088800000, 0x0000000088800000, 0x0000000088900000|  0%| F|  |TAMS 0x0000000088800000, 0x0000000088800000| Untracked 
| 137|0x0000000088900000, 0x0000000088900000, 0x0000000088a00000|  0%| F|  |TAMS 0x0000000088900000, 0x0000000088900000| Untracked 
| 138|0x0000000088a00000, 0x0000000088a00000, 0x0000000088b00000|  0%| F|  |TAMS 0x0000000088a00000, 0x0000000088a00000| Untracked 
| 139|0x0000000088b00000, 0x0000000088b00000, 0x0000000088c00000|  0%| F|  |TAMS 0x0000000088b00000, 0x0000000088b00000| Untracked 
| 140|0x0000000088c00000, 0x0000000088c00000, 0x0000000088d00000|  0%| F|  |TAMS 0x0000000088c00000, 0x0000000088c00000| Untracked 
| 141|0x0000000088d00000, 0x0000000088d00000, 0x0000000088e00000|  0%| F|  |TAMS 0x0000000088d00000, 0x0000000088d00000| Untracked 
| 142|0x0000000088e00000, 0x0000000088e00000, 0x0000000088f00000|  0%| F|  |TAMS 0x0000000088e00000, 0x0000000088e00000| Untracked 
| 143|0x0000000088f00000, 0x0000000088f00000, 0x0000000089000000|  0%| F|  |TAMS 0x0000000088f00000, 0x0000000088f00000| Untracked 
| 144|0x0000000089000000, 0x0000000089000000, 0x0000000089100000|  0%| F|  |TAMS 0x0000000089000000, 0x0000000089000000| Untracked 
| 145|0x0000000089100000, 0x0000000089180800, 0x0000000089200000| 50%| E|  |TAMS 0x0000000089100000, 0x0000000089100000| Complete 
| 146|0x0000000089200000, 0x0000000089300000, 0x0000000089300000|100%| E|CS|TAMS 0x0000000089200000, 0x0000000089200000| Complete 
| 147|0x0000000089300000, 0x0000000089400000, 0x0000000089400000|100%| E|CS|TAMS 0x0000000089300000, 0x0000000089300000| Complete 
| 148|0x0000000089400000, 0x0000000089500000, 0x0000000089500000|100%| E|CS|TAMS 0x0000000089400000, 0x0000000089400000| Complete 
| 149|0x0000000089500000, 0x0000000089600000, 0x0000000089600000|100%| E|CS|TAMS 0x0000000089500000, 0x0000000089500000| Complete 
| 150|0x0000000089600000, 0x0000000089700000, 0x0000000089700000|100%| E|CS|TAMS 0x0000000089600000, 0x0000000089600000| Complete 
| 151|0x0000000089700000, 0x0000000089800000, 0x0000000089800000|100%| E|CS|TAMS 0x0000000089700000, 0x0000000089700000| Complete 
| 152|0x0000000089800000, 0x0000000089900000, 0x0000000089900000|100%| E|CS|TAMS 0x0000000089800000, 0x0000000089800000| Complete 
| 153|0x0000000089900000, 0x0000000089a00000, 0x0000000089a00000|100%| E|CS|TAMS 0x0000000089900000, 0x0000000089900000| Complete 
| 154|0x0000000089a00000, 0x0000000089b00000, 0x0000000089b00000|100%| E|CS|TAMS 0x0000000089a00000, 0x0000000089a00000| Complete 
| 155|0x0000000089b00000, 0x0000000089c00000, 0x0000000089c00000|100%| E|CS|TAMS 0x0000000089b00000, 0x0000000089b00000| Complete 
| 156|0x0000000089c00000, 0x0000000089d00000, 0x0000000089d00000|100%| E|CS|TAMS 0x0000000089c00000, 0x0000000089c00000| Complete 
| 157|0x0000000089d00000, 0x0000000089e00000, 0x0000000089e00000|100%| E|CS|TAMS 0x0000000089d00000, 0x0000000089d00000| Complete 
| 158|0x0000000089e00000, 0x0000000089f00000, 0x0000000089f00000|100%| E|CS|TAMS 0x0000000089e00000, 0x0000000089e00000| Complete 
| 159|0x0000000089f00000, 0x000000008a000000, 0x000000008a000000|100%| E|CS|TAMS 0x0000000089f00000, 0x0000000089f00000| Complete 
| 160|0x000000008a000000, 0x000000008a100000, 0x000000008a100000|100%| E|CS|TAMS 0x000000008a000000, 0x000000008a000000| Complete 
| 161|0x000000008a100000, 0x000000008a200000, 0x000000008a200000|100%| E|CS|TAMS 0x000000008a100000, 0x000000008a100000| Complete 
| 162|0x000000008a200000, 0x000000008a300000, 0x000000008a300000|100%| E|CS|TAMS 0x000000008a200000, 0x000000008a200000| Complete 
| 163|0x000000008a300000, 0x000000008a400000, 0x000000008a400000|100%| E|CS|TAMS 0x000000008a300000, 0x000000008a300000| Complete 
| 164|0x000000008a400000, 0x000000008a500000, 0x000000008a500000|100%| E|CS|TAMS 0x000000008a400000, 0x000000008a400000| Complete 
| 165|0x000000008a500000, 0x000000008a600000, 0x000000008a600000|100%| E|CS|TAMS 0x000000008a500000, 0x000000008a500000| Complete 
| 166|0x000000008a600000, 0x000000008a700000, 0x000000008a700000|100%| E|CS|TAMS 0x000000008a600000, 0x000000008a600000| Complete 
| 167|0x000000008a700000, 0x000000008a800000, 0x000000008a800000|100%| E|CS|TAMS 0x000000008a700000, 0x000000008a700000| Complete 
| 168|0x000000008a800000, 0x000000008a900000, 0x000000008a900000|100%| E|CS|TAMS 0x000000008a800000, 0x000000008a800000| Complete 
| 169|0x000000008a900000, 0x000000008aa00000, 0x000000008aa00000|100%| E|CS|TAMS 0x000000008a900000, 0x000000008a900000| Complete 
| 170|0x000000008aa00000, 0x000000008ab00000, 0x000000008ab00000|100%| E|CS|TAMS 0x000000008aa00000, 0x000000008aa00000| Complete 
| 171|0x000000008ab00000, 0x000000008ac00000, 0x000000008ac00000|100%| E|CS|TAMS 0x000000008ab00000, 0x000000008ab00000| Complete 
| 172|0x000000008ac00000, 0x000000008ad00000, 0x000000008ad00000|100%| E|CS|TAMS 0x000000008ac00000, 0x000000008ac00000| Complete 
| 173|0x000000008ad00000, 0x000000008ae00000, 0x000000008ae00000|100%| E|CS|TAMS 0x000000008ad00000, 0x000000008ad00000| Complete 
| 174|0x000000008ae00000, 0x000000008af00000, 0x000000008af00000|100%| E|CS|TAMS 0x000000008ae00000, 0x000000008ae00000| Complete 
| 175|0x000000008af00000, 0x000000008b000000, 0x000000008b000000|100%| E|CS|TAMS 0x000000008af00000, 0x000000008af00000| Complete 
| 176|0x000000008b000000, 0x000000008b100000, 0x000000008b100000|100%| E|CS|TAMS 0x000000008b000000, 0x000000008b000000| Complete 
| 177|0x000000008b100000, 0x000000008b200000, 0x000000008b200000|100%| E|CS|TAMS 0x000000008b100000, 0x000000008b100000| Complete 
| 178|0x000000008b200000, 0x000000008b300000, 0x000000008b300000|100%| E|CS|TAMS 0x000000008b200000, 0x000000008b200000| Complete 
| 179|0x000000008b300000, 0x000000008b400000, 0x000000008b400000|100%| E|CS|TAMS 0x000000008b300000, 0x000000008b300000| Complete 
| 180|0x000000008b400000, 0x000000008b500000, 0x000000008b500000|100%| E|CS|TAMS 0x000000008b400000, 0x000000008b400000| Complete 
| 181|0x000000008b500000, 0x000000008b600000, 0x000000008b600000|100%| E|CS|TAMS 0x000000008b500000, 0x000000008b500000| Complete 
| 182|0x000000008b600000, 0x000000008b700000, 0x000000008b700000|100%| E|CS|TAMS 0x000000008b600000, 0x000000008b600000| Complete 
| 183|0x000000008b700000, 0x000000008b800000, 0x000000008b800000|100%| E|CS|TAMS 0x000000008b700000, 0x000000008b700000| Complete 
| 184|0x000000008b800000, 0x000000008b900000, 0x000000008b900000|100%| E|CS|TAMS 0x000000008b800000, 0x000000008b800000| Complete 

Card table byte_map: [0x00000165f35c0000,0x00000165f39c0000] _byte_map_base: 0x00000165f31c0000

Marking Bits (Prev, Next): (CMBitMap*) 0x00000165ef54b8c8, (CMBitMap*) 0x00000165ef54b900
 Prev Bits: [0x00000165f3dc0000, 0x00000165f5dc0000)
 Next Bits: [0x00000165f5dc0000, 0x00000165f7dc0000)

Polling page: 0x00000165ed400000

Metaspace:

Usage:
  Non-class:     88.72 MB capacity,    86.99 MB ( 98%) used,     1.47 MB (  2%) free+waste,   271.63 KB ( <1%) overhead. 
      Class:     13.54 MB capacity,    12.61 MB ( 93%) used,   832.46 KB (  6%) free+waste,   126.13 KB ( <1%) overhead. 
       Both:    102.26 MB capacity,    99.59 MB ( 97%) used,     2.28 MB (  2%) free+waste,   397.75 KB ( <1%) overhead. 

Virtual space:
  Non-class space:       90.00 MB reserved,      88.75 MB ( 99%) committed 
      Class space:        1.00 GB reserved,      13.57 MB (  1%) committed 
             Both:        1.09 GB reserved,     102.32 MB (  9%) committed 

Chunk freelists:
   Non-Class:  29.00 KB
       Class:  21.00 KB
        Both:  50.00 KB

MaxMetaspaceSize: 17179869184.00 GB
CompressedClassSpaceSize: 1.00 GB

CodeHeap 'non-profiled nmethods': size=120000Kb used=6792Kb max_used=6792Kb free=113207Kb
 bounds [0x0000016587ad0000, 0x0000016588180000, 0x000001658f000000]
CodeHeap 'profiled nmethods': size=120000Kb used=24579Kb max_used=24579Kb free=95420Kb
 bounds [0x00000165805a0000, 0x0000016581db0000, 0x0000016587ad0000]
CodeHeap 'non-nmethods': size=5760Kb used=2308Kb max_used=2377Kb free=3451Kb
 bounds [0x0000016580000000, 0x0000016580270000, 0x00000165805a0000]
 total_blobs=11923 nmethods=11006 adapters=828
 compilation: enabled
              stopped_count=0, restarted_count=0
 full_count=0

Compilation events (20 events):
Event: 80.505 Thread 0x00000165fb19c800 11358       3       com.google.common.collect.HashMultimapGwtSerializationDependencies::<init> (6 bytes)
Event: 80.505 Thread 0x00000165fb19c800 nmethod 11358 0x0000016581d7fd90 code [0x0000016581d7ffa0, 0x0000016581d80498]
Event: 80.505 Thread 0x00000165fb19c800 11353       3       com.google.common.collect.Platform::newHashSetWithExpectedSize (5 bytes)
Event: 80.505 Thread 0x00000165fb19c800 nmethod 11353 0x0000016581d80690 code [0x0000016581d808a0, 0x0000016581d80c08]
Event: 80.505 Thread 0x00000165fb19c800 11354       3       com.google.common.collect.CompactHashSet::createWithExpectedSize (9 bytes)
Event: 80.505 Thread 0x00000165fb19c800 nmethod 11354 0x0000016581d80d90 code [0x0000016581d80f80, 0x0000016581d81288]
Event: 80.505 Thread 0x00000165fb19c800 11355       3       com.google.common.collect.CompactHashSet::<init> (11 bytes)
Event: 80.506 Thread 0x00000165fb19c800 nmethod 11355 0x0000016581d81410 code [0x0000016581d81600, 0x0000016581d81848]
Event: 80.506 Thread 0x00000165fb19c800 11356       3       com.google.common.collect.CompactHashSet::init (80 bytes)
Event: 80.506 Thread 0x00000165fb19c800 nmethod 11356 0x0000016581d81990 code [0x0000016581d81c20, 0x0000016581d828b8]
Event: 80.506 Thread 0x00000165fb19c800 11361       3       org.gradle.internal.reflect.annotations.impl.DefaultTypeAnnotationMetadataStore::validateNotAnnotated (55 bytes)
Event: 80.507 Thread 0x00000165fb19c800 nmethod 11361 0x0000016581d82c90 code [0x0000016581d82fc0, 0x0000016581d843c8]
Event: 80.507 Thread 0x00000165fb19c800 11359       3       com.google.common.collect.AbstractMapBasedMultimap$KeySet$1::next (26 bytes)
Event: 80.507 Thread 0x00000165fb19c800 nmethod 11359 0x0000016581d84990 code [0x0000016581d84b60, 0x0000016581d84f38]
Event: 80.507 Thread 0x00000165fb19c800 11360       3       org.gradle.internal.reflect.annotations.impl.DefaultTypeAnnotationMetadataStore$PropertyAnnotationMetadataBuilder::resolveAnnotation (94 bytes)
Event: 80.509 Thread 0x00000165fb19c800 nmethod 11360 0x0000016581d85090 code [0x0000016581d85480, 0x0000016581d871a8]
Event: 80.509 Thread 0x00000165fb19c800 11363       3       java.util.ArrayDeque::clear (26 bytes)
Event: 80.509 Thread 0x00000165fb19c800 nmethod 11363 0x0000016581d87a90 code [0x0000016581d87c40, 0x0000016581d87da8]
Event: 80.509 Thread 0x00000165fb19c800 11362       3       org.gradle.api.internal.tasks.properties.DefaultTypeMetadataStore$DefaultPropertyMetadata::getGetterMethod (10 bytes)
Event: 80.509 Thread 0x00000165fb19c800 nmethod 11362 0x0000016581d87e90 code [0x0000016581d88040, 0x0000016581d88198]

GC Heap History (20 events):
Event: 14.920 GC heap before
{Heap before GC invocations=16 (full 0):
 garbage-first heap   total 157696K, used 118698K [0x0000000080000000, 0x0000000100000000)
  region size 1024K, 49 young (50176K), 5 survivors (5120K)
 Metaspace       used 65773K, capacity 67486K, committed 67660K, reserved 1107968K
  class space    used 8390K, capacity 8963K, committed 9036K, reserved 1048576K
}
Event: 14.927 GC heap after
{Heap after GC invocations=17 (full 0):
 garbage-first heap   total 157696K, used 77818K [0x0000000080000000, 0x0000000100000000)
  region size 1024K, 7 young (7168K), 7 survivors (7168K)
 Metaspace       used 65773K, capacity 67486K, committed 67660K, reserved 1107968K
  class space    used 8390K, capacity 8963K, committed 9036K, reserved 1048576K
}
Event: 15.588 GC heap before
{Heap before GC invocations=17 (full 0):
 garbage-first heap   total 157696K, used 121850K [0x0000000080000000, 0x0000000100000000)
  region size 1024K, 50 young (51200K), 7 survivors (7168K)
 Metaspace       used 70290K, capacity 72014K, committed 72268K, reserved 1112064K
  class space    used 9126K, capacity 9679K, committed 9804K, reserved 1048576K
}
Event: 15.600 GC heap after
{Heap after GC invocations=18 (full 0):
 garbage-first heap   total 157696K, used 80651K [0x0000000080000000, 0x0000000100000000)
  region size 1024K, 4 young (4096K), 4 survivors (4096K)
 Metaspace       used 70290K, capacity 72014K, committed 72268K, reserved 1112064K
  class space    used 9126K, capacity 9679K, committed 9804K, reserved 1048576K
}
Event: 16.366 GC heap before
{Heap before GC invocations=19 (full 0):
 garbage-first heap   total 157696K, used 122635K [0x0000000080000000, 0x0000000100000000)
  region size 1024K, 46 young (47104K), 4 survivors (4096K)
 Metaspace       used 74574K, capacity 76366K, committed 76620K, reserved 1116160K
  class space    used 9624K, capacity 10223K, committed 10316K, reserved 1048576K
}
Event: 16.372 GC heap after
{Heap after GC invocations=20 (full 0):
 garbage-first heap   total 157696K, used 82810K [0x0000000080000000, 0x0000000100000000)
  region size 1024K, 6 young (6144K), 6 survivors (6144K)
 Metaspace       used 74574K, capacity 76366K, committed 76620K, reserved 1116160K
  class space    used 9624K, capacity 10223K, committed 10316K, reserved 1048576K
}
Event: 17.040 GC heap before
{Heap before GC invocations=20 (full 0):
 garbage-first heap   total 157696K, used 125818K [0x0000000080000000, 0x0000000100000000)
  region size 1024K, 48 young (49152K), 6 survivors (6144K)
 Metaspace       used 77129K, capacity 79054K, committed 79308K, reserved 1118208K
  class space    used 9965K, capacity 10589K, committed 10700K, reserved 1048576K
}
Event: 17.054 GC heap after
{Heap after GC invocations=21 (full 0):
 garbage-first heap   total 157696K, used 86336K [0x0000000080000000, 0x0000000100000000)
  region size 1024K, 6 young (6144K), 6 survivors (6144K)
 Metaspace       used 77129K, capacity 79054K, committed 79308K, reserved 1118208K
  class space    used 9965K, capacity 10589K, committed 10700K, reserved 1048576K
}
Event: 17.789 GC heap before
{Heap before GC invocations=22 (full 0):
 garbage-first heap   total 157696K, used 128320K [0x0000000080000000, 0x0000000100000000)
  region size 1024K, 47 young (48128K), 6 survivors (6144K)
 Metaspace       used 80075K, capacity 82116K, committed 82380K, reserved 1120256K
  class space    used 10460K, capacity 11177K, committed 11212K, reserved 1048576K
}
Event: 17.806 GC heap after
{Heap after GC invocations=23 (full 0):
 garbage-first heap   total 189440K, used 88391K [0x0000000080000000, 0x0000000100000000)
  region size 1024K, 2 young (2048K), 2 survivors (2048K)
 Metaspace       used 80075K, capacity 82116K, committed 82380K, reserved 1120256K
  class space    used 10460K, capacity 11177K, committed 11212K, reserved 1048576K
}
Event: 18.921 GC heap before
{Heap before GC invocations=23 (full 0):
 garbage-first heap   total 189440K, used 142663K [0x0000000080000000, 0x0000000100000000)
  region size 1024K, 55 young (56320K), 2 survivors (2048K)
 Metaspace       used 85840K, capacity 87892K, committed 88012K, reserved 1126400K
  class space    used 11171K, capacity 11860K, committed 11980K, reserved 1048576K
}
Event: 18.932 GC heap after
{Heap after GC invocations=24 (full 0):
 garbage-first heap   total 189440K, used 90771K [0x0000000080000000, 0x0000000100000000)
  region size 1024K, 5 young (5120K), 5 survivors (5120K)
 Metaspace       used 85840K, capacity 87892K, committed 88012K, reserved 1126400K
  class space    used 11171K, capacity 11860K, committed 11980K, reserved 1048576K
}
Event: 19.765 GC heap before
{Heap before GC invocations=25 (full 0):
 garbage-first heap   total 189440K, used 145043K [0x0000000080000000, 0x0000000100000000)
  region size 1024K, 58 young (59392K), 5 survivors (5120K)
 Metaspace       used 89028K, capacity 91406K, committed 91724K, reserved 1128448K
  class space    used 11546K, capacity 12292K, committed 12364K, reserved 1048576K
}
Event: 19.776 GC heap after
{Heap after GC invocations=26 (full 0):
 garbage-first heap   total 189440K, used 95595K [0x0000000080000000, 0x0000000100000000)
  region size 1024K, 8 young (8192K), 8 survivors (8192K)
 Metaspace       used 89028K, capacity 91406K, committed 91724K, reserved 1128448K
  class space    used 11546K, capacity 12292K, committed 12364K, reserved 1048576K
}
Event: 20.384 GC heap before
{Heap before GC invocations=26 (full 0):
 garbage-first heap   total 189440K, used 148843K [0x0000000080000000, 0x0000000100000000)
  region size 1024K, 61 young (62464K), 8 survivors (8192K)
 Metaspace       used 91543K, capacity 93879K, committed 94028K, reserved 1130496K
  class space    used 11789K, capacity 12560K, committed 12620K, reserved 1048576K
}
Event: 20.399 GC heap after
{Heap after GC invocations=27 (full 0):
 garbage-first heap   total 189440K, used 98381K [0x0000000080000000, 0x0000000100000000)
  region size 1024K, 4 young (4096K), 4 survivors (4096K)
 Metaspace       used 91543K, capacity 93879K, committed 94028K, reserved 1130496K
  class space    used 11789K, capacity 12560K, committed 12620K, reserved 1048576K
}
Event: 20.971 GC heap before
{Heap before GC invocations=28 (full 0):
 garbage-first heap   total 189440K, used 132173K [0x0000000080000000, 0x0000000100000000)
  region size 1024K, 39 young (39936K), 4 survivors (4096K)
 Metaspace       used 95136K, capacity 97634K, committed 97996K, reserved 1134592K
  class space    used 12286K, capacity 13142K, committed 13260K, reserved 1048576K
}
Event: 20.979 GC heap after
{Heap after GC invocations=29 (full 0):
 garbage-first heap   total 189440K, used 100056K [0x0000000080000000, 0x0000000100000000)
  region size 1024K, 5 young (5120K), 5 survivors (5120K)
 Metaspace       used 95136K, capacity 97634K, committed 97996K, reserved 1134592K
  class space    used 12286K, capacity 13142K, committed 13260K, reserved 1048576K
}
Event: 80.061 GC heap before
{Heap before GC invocations=30 (full 0):
 garbage-first heap   total 189440K, used 154328K [0x0000000080000000, 0x0000000100000000)
  region size 1024K, 58 young (59392K), 5 survivors (5120K)
 Metaspace       used 100954K, capacity 103691K, committed 103884K, reserved 1138688K
  class space    used 12807K, capacity 13765K, committed 13772K, reserved 1048576K
}
Event: 80.071 GC heap after
{Heap after GC invocations=31 (full 0):
 garbage-first heap   total 189440K, used 103069K [0x0000000080000000, 0x0000000100000000)
  region size 1024K, 6 young (6144K), 6 survivors (6144K)
 Metaspace       used 100954K, capacity 103691K, committed 103884K, reserved 1138688K
  class space    used 12807K, capacity 13765K, committed 13772K, reserved 1048576K
}

Deoptimization events (20 events):
Event: 80.304 Thread 0x00000165fc495800 DEOPT PACKING pc=0x00000165811545a4 sp=0x0000004804ef90c0
Event: 80.304 Thread 0x00000165fc495800 DEOPT UNPACKING pc=0x00000165800272ce sp=0x0000004804ef85e0 mode 0
Event: 80.311 Thread 0x00000165fc495800 DEOPT PACKING pc=0x00000165811545a4 sp=0x0000004804ef90a0
Event: 80.311 Thread 0x00000165fc495800 DEOPT UNPACKING pc=0x00000165800272ce sp=0x0000004804ef85c0 mode 0
Event: 80.389 Thread 0x00000165fc495800 Uncommon trap: trap_request=0xffffffd6 fr.pc=0x0000016588143ec8 relative=0x0000000000000b28
Event: 80.389 Thread 0x00000165fc495800 Uncommon trap: reason=array_check action=maybe_recompile pc=0x0000016588143ec8 method=com.google.common.collect.ImmutableSet.construct(I[Ljava/lang/Object;)Lcom/google/common/collect/ImmutableSet; @ 122 c2
Event: 80.389 Thread 0x00000165fc495800 DEOPT PACKING pc=0x0000016588143ec8 sp=0x0000004804ef9bc0
Event: 80.389 Thread 0x00000165fc495800 DEOPT UNPACKING pc=0x00000165800274af sp=0x0000004804ef9b48 mode 2
Event: 80.389 Thread 0x00000165fc495800 Uncommon trap: trap_request=0xffffffd6 fr.pc=0x0000016588143ec8 relative=0x0000000000000b28
Event: 80.389 Thread 0x00000165fc495800 Uncommon trap: reason=array_check action=maybe_recompile pc=0x0000016588143ec8 method=com.google.common.collect.ImmutableSet.construct(I[Ljava/lang/Object;)Lcom/google/common/collect/ImmutableSet; @ 122 c2
Event: 80.389 Thread 0x00000165fc495800 DEOPT PACKING pc=0x0000016588143ec8 sp=0x0000004804ef9bc0
Event: 80.389 Thread 0x00000165fc495800 DEOPT UNPACKING pc=0x00000165800274af sp=0x0000004804ef9b48 mode 2
Event: 80.390 Thread 0x00000165fc495800 Uncommon trap: trap_request=0xffffffd6 fr.pc=0x0000016588143ec8 relative=0x0000000000000b28
Event: 80.390 Thread 0x00000165fc495800 Uncommon trap: reason=array_check action=maybe_recompile pc=0x0000016588143ec8 method=com.google.common.collect.ImmutableSet.construct(I[Ljava/lang/Object;)Lcom/google/common/collect/ImmutableSet; @ 122 c2
Event: 80.390 Thread 0x00000165fc495800 DEOPT PACKING pc=0x0000016588143ec8 sp=0x0000004804ef9bc0
Event: 80.390 Thread 0x00000165fc495800 DEOPT UNPACKING pc=0x00000165800274af sp=0x0000004804ef9b48 mode 2
Event: 80.391 Thread 0x00000165fc495800 Uncommon trap: trap_request=0xffffffd6 fr.pc=0x0000016588143ec8 relative=0x0000000000000b28
Event: 80.391 Thread 0x00000165fc495800 Uncommon trap: reason=array_check action=maybe_recompile pc=0x0000016588143ec8 method=com.google.common.collect.ImmutableSet.construct(I[Ljava/lang/Object;)Lcom/google/common/collect/ImmutableSet; @ 122 c2
Event: 80.391 Thread 0x00000165fc495800 DEOPT PACKING pc=0x0000016588143ec8 sp=0x0000004804ef9bc0
Event: 80.391 Thread 0x00000165fc495800 DEOPT UNPACKING pc=0x00000165800274af sp=0x0000004804ef9b48 mode 2

Classes redefined (0 events):
No events

Internal exceptions (20 events):
Event: 21.518 Thread 0x00000165fc495800 Exception <a 'java/lang/NoSuchMethodError'{0x00000000899c30b8}: 'java.lang.Object java.lang.invoke.DirectMethodHandle$Holder.invokeSpecial(java.lang.Object, java.lang.Object, java.lang.Object, int, int, java.lang.Object, java.lang.Object)'> (0x00000000899c30b8) thrown at [./src/hotspot/share/interpreter/linkResolver.cpp, line 773]
Event: 21.519 Thread 0x00000165fc495800 Exception <a 'java/lang/NoSuchMethodError'{0x00000000899cc220}: 'java.lang.Object java.lang.invoke.DirectMethodHandle$Holder.invokeStatic(java.lang.Object, java.lang.Object, java.lang.Object, int, int, java.lang.Object)'> (0x00000000899cc220) thrown at [./src/hotspot/share/interpreter/linkResolver.cpp, line 773]
Event: 21.520 Thread 0x00000165fc495800 Exception <a 'java/lang/NoSuchMethodError'{0x00000000899cff40}: 'java.lang.Object java.lang.invoke.DirectMethodHandle$Holder.invokeSpecial(java.lang.Object, java.lang.Object, java.lang.Object, java.lang.Object, int, int, java.lang.Object)'> (0x00000000899cff40) thrown at [./src/hotspot/share/interpreter/linkResolver.cpp, line 773]
Event: 21.520 Thread 0x00000165fc495800 Exception <a 'java/lang/NoSuchMethodError'{0x00000000899d3460}: 'java.lang.Object java.lang.invoke.Invokers$Holder.linkToTargetMethod(java.lang.Object, java.lang.Object, int, int, java.lang.Object, java.lang.Object)'> (0x00000000899d3460) thrown at [./src/hotspot/share/interpreter/linkResolver.cpp, line 773]
Event: 79.894 Thread 0x00000165ff41e000 Exception <a 'java/lang/NoSuchMethodError'{0x00000000886c0480}: <clinit>> (0x00000000886c0480) thrown at [./src/hotspot/share/prims/jni.cpp, line 1362]
Event: 79.944 Thread 0x00000165ff426800 Exception <a 'java/lang/NoSuchMethodError'{0x000000008848d5c0}: <clinit>> (0x000000008848d5c0) thrown at [./src/hotspot/share/prims/jni.cpp, line 1362]
Event: 79.945 Thread 0x00000165ff426800 Exception <a 'java/lang/NoSuchMethodError'{0x000000008848ebb0}: <clinit>> (0x000000008848ebb0) thrown at [./src/hotspot/share/prims/jni.cpp, line 1362]
Event: 79.946 Thread 0x00000165ff426800 Exception <a 'java/lang/NoSuchMethodError'{0x000000008830a760}: <clinit>> (0x000000008830a760) thrown at [./src/hotspot/share/prims/jni.cpp, line 1362]
Event: 79.946 Thread 0x00000165ff426800 Exception <a 'java/lang/NoSuchMethodError'{0x000000008830c5b0}: <clinit>> (0x000000008830c5b0) thrown at [./src/hotspot/share/prims/jni.cpp, line 1362]
Event: 79.947 Thread 0x00000165ff426800 Exception <a 'java/lang/NoSuchMethodError'{0x0000000088313b88}: <clinit>> (0x0000000088313b88) thrown at [./src/hotspot/share/prims/jni.cpp, line 1362]
Event: 80.218 Thread 0x00000165fc495800 Exception <a 'java/lang/NoSuchMethodError'{0x000000008aae7780}: 'long java.lang.invoke.DirectMethodHandle$Holder.invokeVirtual(java.lang.Object, java.lang.Object)'> (0x000000008aae7780) thrown at [./src/hotspot/share/interpreter/linkResolver.cpp, line 773]
Event: 80.221 Thread 0x00000165ff426800 Exception <a 'java/lang/NoSuchMethodError'{0x000000008b888e80}: <clinit>> (0x000000008b888e80) thrown at [./src/hotspot/share/prims/jni.cpp, line 1362]
Event: 80.223 Thread 0x00000165ff426800 Exception <a 'java/lang/NoSuchMethodError'{0x000000008a8b3a18}: <clinit>> (0x000000008a8b3a18) thrown at [./src/hotspot/share/prims/jni.cpp, line 1362]
Event: 80.223 Thread 0x00000165ff426800 Exception <a 'java/lang/NoSuchMethodError'{0x000000008a8b4b28}: <clinit>> (0x000000008a8b4b28) thrown at [./src/hotspot/share/prims/jni.cpp, line 1362]
Event: 80.224 Thread 0x00000165ff426800 Exception <a 'java/lang/NoSuchMethodError'{0x000000008a8b6070}: <clinit>> (0x000000008a8b6070) thrown at [./src/hotspot/share/prims/jni.cpp, line 1362]
Event: 80.224 Thread 0x00000165ff426800 Exception <a 'java/lang/NoSuchMethodError'{0x000000008a8b70a8}: <clinit>> (0x000000008a8b70a8) thrown at [./src/hotspot/share/prims/jni.cpp, line 1362]
Event: 80.225 Thread 0x00000165ff426800 Exception <a 'java/lang/NoSuchMethodError'{0x000000008a8c0e08}: <clinit>> (0x000000008a8c0e08) thrown at [./src/hotspot/share/prims/jni.cpp, line 1362]
Event: 80.225 Thread 0x00000165ff426800 Exception <a 'java/lang/NoSuchMethodError'{0x000000008a8cb298}: <clinit>> (0x000000008a8cb298) thrown at [./src/hotspot/share/prims/jni.cpp, line 1362]
Event: 80.228 Thread 0x00000165ff426800 Exception <a 'java/lang/NoSuchMethodError'{0x000000008a8dee50}: <clinit>> (0x000000008a8dee50) thrown at [./src/hotspot/share/prims/jni.cpp, line 1362]
Event: 80.445 Thread 0x00000165fc495800 Exception <a 'sun/nio/fs/WindowsException'{0x0000000089cde630}> (0x0000000089cde630) thrown at [./src/hotspot/share/prims/jni.cpp, line 615]

Events (20 events):
Event: 80.497 loading class com/android/build/gradle/internal/BuildToolsExecutableInput$sdkLoader$1
Event: 80.497 loading class com/android/build/gradle/internal/BuildToolsExecutableInput$sdkLoader$1 done
Event: 80.497 loading class com/android/build/gradle/internal/BuildToolsExecutableInput$aidlFrameworkProvider$1
Event: 80.497 loading class com/android/build/gradle/internal/BuildToolsExecutableInput$aidlFrameworkProvider$1 done
Event: 80.506 loading class org/gradle/internal/reflect/TypeValidationContext$Severity
Event: 80.506 loading class org/gradle/internal/reflect/TypeValidationContext$Severity done
Event: 80.506 loading class org/gradle/internal/reflect/TypeValidationContext
Event: 80.506 loading class org/gradle/internal/reflect/TypeValidationContext done
Event: 80.506 loading class org/gradle/internal/reflect/TypeValidationContext$Severity
Event: 80.506 loading class org/gradle/internal/reflect/TypeValidationContext$Severity done
Event: 80.507 loading class com/android/build/api/variant/impl/VariantOutputImpl$SerializedForm
Event: 80.507 loading class com/android/build/api/variant/impl/VariantOutputImpl$SerializedForm done
Event: 80.508 loading class com/android/build/api/variant/FilterConfiguration$FilterType
Event: 80.508 loading class com/android/build/api/variant/FilterConfiguration$FilterType done
Event: 80.509 loading class com/android/build/gradle/internal/AndroidJarInput$sdkLoader$1
Event: 80.509 loading class com/android/build/gradle/internal/AndroidJarInput$sdkLoader$1 done
Event: 80.509 loading class com/android/build/gradle/internal/AndroidJarInput$getAndroidJar$1
Event: 80.509 loading class com/android/build/gradle/internal/AndroidJarInput$getAndroidJar$1 done
Event: 80.510 loading class com/android/manifmerger/MergingReport
Event: 80.510 loading class com/android/manifmerger/MergingReport done


Dynamic libraries:
0x00007ff7357d0000 - 0x00007ff7357da000 	C:\Program Files\Android\Android Studio\jre\bin\java.exe
0x00007ffa0fb90000 - 0x00007ffa0fd85000 	C:\WINDOWS\SYSTEM32\ntdll.dll
0x00007ffa0ef40000 - 0x00007ffa0effd000 	C:\WINDOWS\System32\KERNEL32.DLL
0x00007ffa0d6f0000 - 0x00007ffa0d9b9000 	C:\WINDOWS\System32\KERNELBASE.dll
0x00007ffa0d550000 - 0x00007ffa0d650000 	C:\WINDOWS\System32\ucrtbase.dll
0x00007ffa06710000 - 0x00007ffa06729000 	C:\Program Files\Android\Android Studio\jre\bin\jli.dll
0x00007ffa066f0000 - 0x00007ffa06707000 	C:\Program Files\Android\Android Studio\jre\bin\VCRUNTIME140.dll
0x00007ffa0dcf0000 - 0x00007ffa0de90000 	C:\WINDOWS\System32\USER32.dll
0x00007ffa0d2d0000 - 0x00007ffa0d2f2000 	C:\WINDOWS\System32\win32u.dll
0x00007ffa0ea80000 - 0x00007ffa0eaaa000 	C:\WINDOWS\System32\GDI32.dll
0x00007ff9f9df0000 - 0x00007ff9fa08a000 	C:\WINDOWS\WinSxS\amd64_microsoft.windows.common-controls_6595b64144ccf1df_6.0.19041.1110_none_60b5254171f9507e\COMCTL32.dll
0x00007ffa0d360000 - 0x00007ffa0d46b000 	C:\WINDOWS\System32\gdi32full.dll
0x00007ffa0f010000 - 0x00007ffa0f0ae000 	C:\WINDOWS\System32\msvcrt.dll
0x00007ffa0d650000 - 0x00007ffa0d6ed000 	C:\WINDOWS\System32\msvcp_win.dll
0x00007ffa0ee60000 - 0x00007ffa0ee90000 	C:\WINDOWS\System32\IMM32.DLL
0x00007ffa06650000 - 0x00007ffa066ed000 	C:\Program Files\Android\Android Studio\jre\bin\msvcp140.dll
0x00007ff9ae2c0000 - 0x00007ff9aed7c000 	C:\Program Files\Android\Android Studio\jre\bin\server\jvm.dll
0x00007ffa0ee90000 - 0x00007ffa0ef3c000 	C:\WINDOWS\System32\ADVAPI32.dll
0x00007ffa0e7b0000 - 0x00007ffa0e84b000 	C:\WINDOWS\System32\sechost.dll
0x00007ffa0e210000 - 0x00007ffa0e33a000 	C:\WINDOWS\System32\RPCRT4.dll
0x00007ffa0ed10000 - 0x00007ffa0ed18000 	C:\WINDOWS\System32\PSAPI.DLL
0x00007ffa07ad0000 - 0x00007ffa07ad9000 	C:\WINDOWS\SYSTEM32\WSOCK32.dll
0x00007ffa02310000 - 0x00007ffa02337000 	C:\WINDOWS\SYSTEM32\WINMM.dll
0x00007ffa04a60000 - 0x00007ffa04a6a000 	C:\WINDOWS\SYSTEM32\VERSION.dll
0x00007ffa0e9a0000 - 0x00007ffa0ea0b000 	C:\WINDOWS\System32\WS2_32.dll
0x00007ffa0bb90000 - 0x00007ffa0bba2000 	C:\WINDOWS\SYSTEM32\kernel.appcore.dll
0x00007ffa07840000 - 0x00007ffa07851000 	C:\Program Files\Android\Android Studio\jre\bin\verify.dll
0x00007ffa0afb0000 - 0x00007ffa0b194000 	C:\WINDOWS\SYSTEM32\DBGHELP.DLL
0x00007ff9fbe70000 - 0x00007ff9fbe9c000 	C:\WINDOWS\SYSTEM32\dbgcore.DLL
0x00007ffa0d4c0000 - 0x00007ffa0d543000 	C:\WINDOWS\System32\bcryptPrimitives.dll
0x00007ffa073d0000 - 0x00007ffa073f9000 	C:\Program Files\Android\Android Studio\jre\bin\java.dll
0x00007ffa088a0000 - 0x00007ffa088ab000 	C:\Program Files\Android\Android Studio\jre\bin\jimage.dll
0x00007ffa058e0000 - 0x00007ffa058f8000 	C:\Program Files\Android\Android Studio\jre\bin\zip.dll
0x00007ffa0f0b0000 - 0x00007ffa0f7ef000 	C:\WINDOWS\System32\SHELL32.dll
0x00007ffa0b3e0000 - 0x00007ffa0bb71000 	C:\WINDOWS\SYSTEM32\windows.storage.dll
0x00007ffa0f7f0000 - 0x00007ffa0fb45000 	C:\WINDOWS\System32\combase.dll
0x00007ffa0cd40000 - 0x00007ffa0cd6c000 	C:\WINDOWS\SYSTEM32\Wldp.dll
0x00007ffa0de90000 - 0x00007ffa0df3e000 	C:\WINDOWS\System32\SHCORE.dll
0x00007ffa0ea10000 - 0x00007ffa0ea65000 	C:\WINDOWS\System32\shlwapi.dll
0x00007ffa0d210000 - 0x00007ffa0d22f000 	C:\WINDOWS\SYSTEM32\profapi.dll
0x00007ffa058c0000 - 0x00007ffa058da000 	C:\Program Files\Android\Android Studio\jre\bin\net.dll
0x00007ffa014f0000 - 0x00007ffa015fa000 	C:\WINDOWS\SYSTEM32\WINHTTP.dll
0x00007ffa0ca30000 - 0x00007ffa0ca9a000 	C:\WINDOWS\system32\mswsock.dll
0x00007ffa01600000 - 0x00007ffa01614000 	C:\Program Files\Android\Android Studio\jre\bin\nio.dll
0x00007ffa07920000 - 0x00007ffa07947000 	C:\Users\Dark Knight\.gradle\native\fdc75f09e3144964f2cf3f50f0aa648679c211496f362492102eb8c894070792\windows-amd64\native-platform.dll
0x00007ff9e1140000 - 0x00007ff9e12d6000 	C:\Users\Dark Knight\.gradle\native\12488b8bf47d2d4c9fbf2f6322a914ad602e24e48041cd04a747c6da556b65c4\windows-amd64\native-platform-file-events.dll
0x00007ffa08670000 - 0x00007ffa0867a000 	C:\Program Files\Android\Android Studio\jre\bin\management.dll
0x00007ffa073c0000 - 0x00007ffa073cc000 	C:\Program Files\Android\Android Studio\jre\bin\management_ext.dll
0x00007ffa0cc40000 - 0x00007ffa0cc58000 	C:\WINDOWS\SYSTEM32\CRYPTSP.dll
0x00007ffa0c370000 - 0x00007ffa0c3a4000 	C:\WINDOWS\system32\rsaenh.dll
0x00007ffa0da70000 - 0x00007ffa0da97000 	C:\WINDOWS\System32\bcrypt.dll
0x00007ffa0d1d0000 - 0x00007ffa0d1fe000 	C:\WINDOWS\SYSTEM32\USERENV.dll
0x00007ffa0cc30000 - 0x00007ffa0cc3c000 	C:\WINDOWS\SYSTEM32\CRYPTBASE.dll
0x00007ffa0c720000 - 0x00007ffa0c75b000 	C:\WINDOWS\SYSTEM32\IPHLPAPI.DLL
0x00007ffa0f000000 - 0x00007ffa0f008000 	C:\WINDOWS\System32\NSI.dll
0x00007ffa034e0000 - 0x00007ffa034f7000 	C:\WINDOWS\SYSTEM32\dhcpcsvc6.DLL
0x00007ffa03da0000 - 0x00007ffa03dbd000 	C:\WINDOWS\SYSTEM32\dhcpcsvc.DLL
0x00007ffa0c760000 - 0x00007ffa0c82c000 	C:\WINDOWS\SYSTEM32\DNSAPI.dll
0x00007ffa04a70000 - 0x00007ffa04a7b000 	C:\WINDOWS\SYSTEM32\WINNSI.DLL

dbghelp: loaded successfully - version: 4.0.5 - missing functions: none
symbol engine: initialized successfully - sym options: 0x614 - pdb path: .;C:\Program Files\Android\Android Studio\jre\bin;C:\WINDOWS\SYSTEM32;C:\WINDOWS\WinSxS\amd64_microsoft.windows.common-controls_6595b64144ccf1df_6.0.19041.1110_none_60b5254171f9507e;C:\Program Files\Android\Android Studio\jre\bin\server;C:\Users\Dark Knight\.gradle\native\fdc75f09e3144964f2cf3f50f0aa648679c211496f362492102eb8c894070792\windows-amd64;C:\Users\Dark Knight\.gradle\native\12488b8bf47d2d4c9fbf2f6322a914ad602e24e48041cd04a747c6da556b65c4\windows-amd64

VM Arguments:
jvm_args: --add-opens=java.base/java.util=ALL-UNNAMED --add-opens=java.base/java.lang=ALL-UNNAMED --add-opens=java.base/java.lang.invoke=ALL-UNNAMED --add-opens=java.prefs/java.util.prefs=ALL-UNNAMED -Xmx2048m -Dfile.encoding=UTF-8 -Duser.country=IN -Duser.language=en -Duser.variant 
java_command: org.gradle.launcher.daemon.bootstrap.GradleDaemon 6.7.1
java_class_path (initial): C:\Users\Dark Knight\.gradle\wrapper\dists\gradle-6.7.1-bin\bwlcbys1h7rz3272sye1xwiv6\gradle-6.7.1\lib\gradle-launcher-6.7.1.jar
Launcher Type: SUN_STANDARD

[Global flags]
     intx CICompilerCount                          = 4                                         {product} {ergonomic}
     uint ConcGCThreads                            = 2                                         {product} {ergonomic}
     uint G1ConcRefinementThreads                  = 8                                         {product} {ergonomic}
   size_t G1HeapRegionSize                         = 1048576                                   {product} {ergonomic}
    uintx GCDrainStackTargetSize                   = 64                                        {product} {ergonomic}
   size_t InitialHeapSize                          = 134217728                                 {product} {ergonomic}
   size_t MarkStackSize                            = 4194304                                   {product} {ergonomic}
   size_t MaxHeapSize                              = 2147483648                                {product} {command line}
   size_t MaxNewSize                               = 1287651328                                {product} {ergonomic}
   size_t MinHeapDeltaBytes                        = 1048576                                   {product} {ergonomic}
    uintx NonNMethodCodeHeapSize                   = 5836300                                {pd product} {ergonomic}
    uintx NonProfiledCodeHeapSize                  = 122910970                              {pd product} {ergonomic}
    uintx ProfiledCodeHeapSize                     = 122910970                              {pd product} {ergonomic}
    uintx ReservedCodeCacheSize                    = 251658240                              {pd product} {ergonomic}
     bool SegmentedCodeCache                       = true                                      {product} {ergonomic}
     bool UseCompressedClassPointers               = true                                 {lp64_product} {ergonomic}
     bool UseCompressedOops                        = true                                 {lp64_product} {ergonomic}
     bool UseG1GC                                  = true                                      {product} {ergonomic}
     bool UseLargePagesIndividualAllocation        = false                                  {pd product} {ergonomic}

Logging:
Log output configuration:
 #0: stdout all=warning uptime,level,tags
 #1: stderr all=off uptime,level,tags

Environment Variables:
PATH=C:\Windows\system32;C:\Windows;C:\Windows\System32\Wbem;C:\Windows\System32\WindowsPowerShell\v1.0\;C:\Windows\System32\OpenSSH\;C:\Program Files (x86)\NVIDIA Corporation\PhysX\Common;C:\Program Files\NVIDIA Corporation\NVIDIA NvDLISR;C:\WINDOWS\system32;C:\WINDOWS;C:\WINDOWS\System32\Wbem;C:\WINDOWS\System32\WindowsPowerShell\v1.0\;C:\WINDOWS\System32\OpenSSH\;C:\MinGW\bin;C:\Program Files\MEGA-X;C:\WINDOWS\system32;C:\WINDOWS;C:\WINDOWS\System32\Wbem;C:\WINDOWS\System32\WindowsPowerShell\v1.0\;C:\WINDOWS\System32\OpenSSH\;C:\Program Files\Git\cmd;C:\Users\Dark Knight\AppData\Local\Microsoft\WindowsApps;C:\Users\Dark Knight\AppData\Local\GitHubDesktop\bin;C:\Users\Dark Knight\AppData\Local\atom\bin;C:\ProgramData\Dark Knight\atom\bin;C:\MinGW\bin;C:\Program Files (x86)\Microsoft Visual Studio\2019\BuildTools\MSBuild\Current\Bin;C:\Users\Dark Knight\AppData\Local\Programs\Microsoft VS Code\bin;C:\Users\Dark Knight\AppData\Local\Microsoft\WindowsApps;
USERNAME=Dark Knight
OS=Windows_NT
PROCESSOR_IDENTIFIER=Intel64 Family 6 Model 158 Stepping 10, GenuineIntel



---------------  S Y S T E M  ---------------

OS: Windows 10 , 64 bit Build 19041 (10.0.19041.1023)
OS uptime: 8 days 3:11 hours

CPU:total 8 (initial active 8) (4 cores per cpu, 2 threads per core) family 6 model 158 stepping 10, cmov, cx8, fxsr, mmx, sse, sse2, sse3, ssse3, sse4.1, sse4.2, popcnt, avx, avx2, aes, clmul, erms, 3dnowpref, lzcnt, ht, tsc, tscinvbit, bmi1, bmi2, adx, fma

Memory: 4k page, system-wide physical 8112M (712M free)
TotalPageFile size 12208M (AvailPageFile size 5M)
current process WorkingSet (physical memory assigned to process): 470M, peak: 480M
current process commit charge ("private bytes"): 515M, peak: 520M

vm_info: OpenJDK 64-Bit Server VM (11.0.8+10-b944.6842174) for windows-amd64 JRE (11.0.8+10-b944.6842174), built on Sep 19 2020 01:11:42 by "builder" with MS VC++ 14.0 (VS2015)

END.
