#
# There is insufficient memory for the Java Runtime Environment to continue.
# Native memory allocation (malloc) failed to allocate 1885616 bytes for Chunk::new
# Possible reasons:
#   The system is out of physical RAM or swap space
#   The process is running with CompressedOops enabled, and the Java Heap may be blocking the growth of the native heap
# Possible solutions:
#   Reduce memory load on the system
#   Increase physical memory or swap space
#   Check if swap backing store is full
#   Decrease Java heap size (-Xmx/-Xms)
#   Decrease number of Java threads
#   Decrease Java thread stack sizes (-Xss)
#   Set larger code cache with -XX:ReservedCodeCacheSize=
#   JVM is running with Unscaled Compressed Oops mode in which the Java heap is
#     placed in the first 4GB address space. The Java Heap base address is the
#     maximum limit for the native heap growth. Please use -XX:HeapBaseMinAddress
#     to set the Java Heap base and to place the Java Heap above 4GB virtual address.
# This output file may be truncated or incomplete.
#
#  Out of Memory Error (./src/hotspot/share/memory/arena.cpp:197), pid=40580, tid=20728
#
# JRE version: OpenJDK Runtime Environment (11.0.8+10) (build 11.0.8+10-b944.6842174)
# Java VM: OpenJDK 64-Bit Server VM (11.0.8+10-b944.6842174, mixed mode, tiered, compressed oops, g1 gc, windows-amd64)
# No core dump will be written. Minidumps are not enabled by default on client versions of Windows
#

---------------  S U M M A R Y ------------

Command Line: --add-opens=java.base/java.util=ALL-UNNAMED --add-opens=java.base/java.lang=ALL-UNNAMED --add-opens=java.base/java.lang.invoke=ALL-UNNAMED --add-opens=java.prefs/java.util.prefs=ALL-UNNAMED -Xmx2048m -Dfile.encoding=UTF-8 -Duser.country=IN -Duser.language=en -Duser.variant org.gradle.launcher.daemon.bootstrap.GradleDaemon 6.7.1

Host: Intel(R) Core(TM) i5-9300H CPU @ 2.40GHz, 8 cores, 7G,  Windows 10 , 64 bit Build 19041 (10.0.19041.1023)
Time: Wed Jul 28 17:12:39 2021 India Standard Time elapsed time: 4 seconds (0d 0h 0m 4s)

---------------  T H R E A D  ---------------

Current thread (0x000001b722771800):  JavaThread "C2 CompilerThread1" daemon [_thread_in_native, id=20728, stack(0x0000008944800000,0x0000008944900000)]


Current CompileTask:
C2:   4812 2203       4       java.net.URLClassLoader$1::run (5 bytes)

Stack: [0x0000008944800000,0x0000008944900000]
Native frames: (J=compiled Java code, j=interpreted, Vv=VM code, C=native code)
V  [jvm.dll+0x5de50a]
V  [jvm.dll+0x7122f5]
V  [jvm.dll+0x71384d]
V  [jvm.dll+0x713f03]
V  [jvm.dll+0x23e728]
V  [jvm.dll+0xb899c]
V  [jvm.dll+0xb8e9c]
V  [jvm.dll+0x35024d]
V  [jvm.dll+0x31dea3]
V  [jvm.dll+0x31d39a]
V  [jvm.dll+0x1f7702]
V  [jvm.dll+0x1f68d4]
V  [jvm.dll+0x17f32c]
V  [jvm.dll+0x205047]
V  [jvm.dll+0x203891]
V  [jvm.dll+0x6dad3f]
V  [jvm.dll+0x6d3895]
V  [jvm.dll+0x5dd4a6]
C  [ucrtbase.dll+0x21bb2]
C  [KERNEL32.DLL+0x17034]
C  [ntdll.dll+0x52651]


---------------  P R O C E S S  ---------------

Threads class SMR info:
_java_thread_list=0x000001b7214e8940, length=47, elements={
0x000001b704a6c000, 0x000001b71f56c000, 0x000001b71f56d000, 0x000001b71fd76000,
0x000001b71fd89800, 0x000001b71fd8a800, 0x000001b71fd91800, 0x000001b71fd96800,
0x000001b71ff37800, 0x000001b71ff6e000, 0x000001b72206f000, 0x000001b720073000,
0x000001b721fbf000, 0x000001b720ef0800, 0x000001b722186000, 0x000001b721d11000,
0x000001b721e2a000, 0x000001b7215ec800, 0x000001b7215ed000, 0x000001b721caa800,
0x000001b7216ef000, 0x000001b7216ef800, 0x000001b7216ea000, 0x000001b722771800,
0x000001b7216ed000, 0x000001b7216ee000, 0x000001b7216f0800, 0x000001b7216ea800,
0x000001b7216ec800, 0x000001b7216eb800, 0x000001b7240d2000, 0x000001b723cde800,
0x000001b7240d3000, 0x000001b7240d7000, 0x000001b7240d4000, 0x000001b7240d1800,
0x000001b7240d5800, 0x000001b7240d6800, 0x000001b7240d8000, 0x000001b7240d4800,
0x000001b7240dd000, 0x000001b7240d9800, 0x000001b7240dd800, 0x000001b7240d9000,
0x000001b7240df800, 0x000001b7240da800, 0x000001b7240dc000
}

Java Threads: ( => current thread )
  0x000001b704a6c000 JavaThread "main" [_thread_blocked, id=39556, stack(0x0000008941f00000,0x0000008942000000)]
  0x000001b71f56c000 JavaThread "Reference Handler" daemon [_thread_blocked, id=39216, stack(0x0000008942600000,0x0000008942700000)]
  0x000001b71f56d000 JavaThread "Finalizer" daemon [_thread_blocked, id=38164, stack(0x0000008942700000,0x0000008942800000)]
  0x000001b71fd76000 JavaThread "Signal Dispatcher" daemon [_thread_blocked, id=24184, stack(0x0000008942800000,0x0000008942900000)]
  0x000001b71fd89800 JavaThread "Attach Listener" daemon [_thread_blocked, id=27928, stack(0x0000008942900000,0x0000008942a00000)]
  0x000001b71fd8a800 JavaThread "C2 CompilerThread0" daemon [_thread_in_native, id=2576, stack(0x0000008942a00000,0x0000008942b00000)]
  0x000001b71fd91800 JavaThread "C1 CompilerThread0" daemon [_thread_in_vm, id=14196, stack(0x0000008942b00000,0x0000008942c00000)]
  0x000001b71fd96800 JavaThread "Sweeper thread" daemon [_thread_blocked, id=9180, stack(0x0000008942c00000,0x0000008942d00000)]
  0x000001b71ff37800 JavaThread "Common-Cleaner" daemon [_thread_blocked, id=16512, stack(0x0000008942d00000,0x0000008942e00000)]
  0x000001b71ff6e000 JavaThread "Service Thread" daemon [_thread_blocked, id=1440, stack(0x0000008942e00000,0x0000008942f00000)]
  0x000001b72206f000 JavaThread "Daemon health stats" [_thread_blocked, id=34420, stack(0x0000008943400000,0x0000008943500000)]
  0x000001b720073000 JavaThread "Incoming local TCP Connector on port 59167" [_thread_in_native, id=36364, stack(0x0000008943500000,0x0000008943600000)]
  0x000001b721fbf000 JavaThread "Daemon periodic checks" [_thread_blocked, id=41600, stack(0x0000008943600000,0x0000008943700000)]
  0x000001b720ef0800 JavaThread "Daemon" [_thread_blocked, id=36436, stack(0x0000008943700000,0x0000008943800000)]
  0x000001b722186000 JavaThread "Handler for socket connection from /127.0.0.1:59167 to /127.0.0.1:59168" [_thread_in_native, id=14116, stack(0x0000008943800000,0x0000008943900000)]
  0x000001b721d11000 JavaThread "Cancel handler" [_thread_blocked, id=36728, stack(0x0000008943900000,0x0000008943a00000)]
  0x000001b721e2a000 JavaThread "Daemon worker" [_thread_in_vm, id=25612, stack(0x0000008943a00000,0x0000008943b00000)]
  0x000001b7215ec800 JavaThread "Asynchronous log dispatcher for DefaultDaemonConnection: socket connection from /127.0.0.1:59167 to /127.0.0.1:59168" [_thread_blocked, id=40636, stack(0x0000008943b00000,0x0000008943c00000)]
  0x000001b7215ed000 JavaThread "Stdin handler" [_thread_blocked, id=13432, stack(0x0000008943c00000,0x0000008943d00000)]
  0x000001b721caa800 JavaThread "Thread-8" [_thread_blocked, id=38996, stack(0x0000008943d00000,0x0000008943e00000)]
  0x000001b7216ef000 JavaThread "Cache worker for file hash cache (C:\Users\Dark Knight\.gradle\caches\6.7.1\fileHashes)" [_thread_blocked, id=39780, stack(0x0000008944500000,0x0000008944600000)]
  0x000001b7216ef800 JavaThread "File lock request listener" [_thread_in_native, id=9432, stack(0x0000008944600000,0x0000008944700000)]
  0x000001b7216ea000 JavaThread "Cache worker for journal cache (C:\Users\Dark Knight\.gradle\caches\journal-1)" [_thread_blocked, id=9320, stack(0x0000008944700000,0x0000008944800000)]
=>0x000001b722771800 JavaThread "C2 CompilerThread1" daemon [_thread_in_native, id=20728, stack(0x0000008944800000,0x0000008944900000)]
  0x000001b7216ed000 JavaThread "Cache worker for file hash cache (C:\Android Projects\Udemy TUTORIAL\KidsDrawingApp\.gradle\6.7.1\fileHashes)" [_thread_blocked, id=33508, stack(0x0000008944900000,0x0000008944a00000)]
  0x000001b7216ee000 JavaThread "jar transforms" [_thread_blocked, id=28872, stack(0x0000008944a00000,0x0000008944b00000)]
  0x000001b7216f0800 JavaThread "jar transforms Thread 2" [_thread_blocked, id=40928, stack(0x0000008944b00000,0x0000008944c00000)]
  0x000001b7216ea800 JavaThread "jar transforms Thread 3" [_thread_blocked, id=22036, stack(0x0000008944c00000,0x0000008944d00000)]
  0x000001b7216ec800 JavaThread "jar transforms Thread 4" [_thread_blocked, id=6112, stack(0x0000008944d00000,0x0000008944e00000)]
  0x000001b7216eb800 JavaThread "jar transforms Thread 5" [_thread_blocked, id=4696, stack(0x0000008944e00000,0x0000008944f00000)]
  0x000001b7240d2000 JavaThread "jar transforms Thread 6" [_thread_blocked, id=16776, stack(0x0000008944f00000,0x0000008945000000)]
  0x000001b723cde800 JavaThread "C2 CompilerThread2" daemon [_thread_in_native, id=6308, stack(0x0000008945000000,0x0000008945100000)]
  0x000001b7240d3000 JavaThread "jar transforms Thread 7" [_thread_blocked, id=28368, stack(0x0000008945100000,0x0000008945200000)]
  0x000001b7240d7000 JavaThread "jar transforms Thread 8" [_thread_blocked, id=38616, stack(0x0000008945200000,0x0000008945300000)]
  0x000001b7240d4000 JavaThread "jar transforms Thread 9" [_thread_blocked, id=40092, stack(0x0000008945300000,0x0000008945400000)]
  0x000001b7240d1800 JavaThread "jar transforms Thread 10" [_thread_blocked, id=37604, stack(0x0000008945400000,0x0000008945500000)]
  0x000001b7240d5800 JavaThread "jar transforms Thread 11" [_thread_blocked, id=28836, stack(0x0000008945500000,0x0000008945600000)]
  0x000001b7240d6800 JavaThread "jar transforms Thread 12" [_thread_blocked, id=27772, stack(0x0000008945600000,0x0000008945700000)]
  0x000001b7240d8000 JavaThread "jar transforms Thread 13" [_thread_blocked, id=27120, stack(0x0000008945700000,0x0000008945800000)]
  0x000001b7240d4800 JavaThread "jar transforms Thread 14" [_thread_blocked, id=23592, stack(0x0000008945800000,0x0000008945900000)]
  0x000001b7240dd000 JavaThread "jar transforms Thread 15" [_thread_blocked, id=19672, stack(0x0000008945900000,0x0000008945a00000)]
  0x000001b7240d9800 JavaThread "jar transforms Thread 16" [_thread_blocked, id=28656, stack(0x0000008945a00000,0x0000008945b00000)]
  0x000001b7240dd800 JavaThread "jar transforms Thread 17" [_thread_blocked, id=36108, stack(0x0000008945b00000,0x0000008945c00000)]
  0x000001b7240d9000 JavaThread "jar transforms Thread 18" [_thread_blocked, id=14312, stack(0x0000008945c00000,0x0000008945d00000)]
  0x000001b7240df800 JavaThread "jar transforms Thread 19" [_thread_blocked, id=29196, stack(0x0000008945d00000,0x0000008945e00000)]
  0x000001b7240da800 JavaThread "jar transforms Thread 20" [_thread_blocked, id=28864, stack(0x0000008945e00000,0x0000008945f00000)]
  0x000001b7240dc000 JavaThread "jar transforms Thread 21" [_thread_blocked, id=34792, stack(0x0000008945f00000,0x0000008946000000)]

Other Threads:
  0x000001b71fd70800 VMThread "VM Thread" [stack: 0x0000008942500000,0x0000008942600000] [id=40596]
  0x000001b71ff6f000 WatcherThread [stack: 0x0000008942f00000,0x0000008943000000] [id=2668]
  0x000001b704a83000 GCTaskThread "GC Thread#0" [stack: 0x0000008942000000,0x0000008942100000] [id=27760]
  0x000001b720bc7800 GCTaskThread "GC Thread#1" [stack: 0x0000008943200000,0x0000008943300000] [id=21280]
  0x000001b720f13000 GCTaskThread "GC Thread#2" [stack: 0x0000008943300000,0x0000008943400000] [id=35964]
  0x000001b720e1d800 GCTaskThread "GC Thread#3" [stack: 0x0000008943f00000,0x0000008944000000] [id=14752]
  0x000001b722798000 GCTaskThread "GC Thread#4" [stack: 0x0000008944000000,0x0000008944100000] [id=31044]
  0x000001b722485000 GCTaskThread "GC Thread#5" [stack: 0x0000008944100000,0x0000008944200000] [id=20584]
  0x000001b721f63800 GCTaskThread "GC Thread#6" [stack: 0x0000008944200000,0x0000008944300000] [id=4240]
  0x000001b721513800 GCTaskThread "GC Thread#7" [stack: 0x0000008944300000,0x0000008944400000] [id=13504]
  0x000001b704ab3000 ConcurrentGCThread "G1 Main Marker" [stack: 0x0000008942100000,0x0000008942200000] [id=16320]
  0x000001b704ab6800 ConcurrentGCThread "G1 Conc#0" [stack: 0x0000008942200000,0x0000008942300000] [id=25652]
  0x000001b721690800 ConcurrentGCThread "G1 Conc#1" [stack: 0x0000008943e00000,0x0000008943f00000] [id=36004]
  0x000001b704b47000 ConcurrentGCThread "G1 Refine#0" [stack: 0x0000008942300000,0x0000008942400000] [id=39100]
  0x000001b720ee5000 ConcurrentGCThread "G1 Refine#1" [stack: 0x0000008944400000,0x0000008944500000] [id=4988]
  0x000001b71f380800 ConcurrentGCThread "G1 Young RemSet Sampling" [stack: 0x0000008942400000,0x0000008942500000] [id=7752]

Threads with active compile tasks:
C2 CompilerThread0   4830 2204   !   4       java.net.URLClassLoader$1::run (63 bytes)
C2 CompilerThread1   4830 2203       4       java.net.URLClassLoader$1::run (5 bytes)
C2 CompilerThread2   4830 2341 % !   4       sun.net.www.ParseUtil::decode @ 69 (316 bytes)

VM state:not at safepoint (normal execution)

VM Mutex/Monitor currently owned by a thread: None

Heap address: 0x0000000080000000, size: 2048 MB, Compressed Oops mode: 32-bit
Narrow klass base: 0x0000000000000000, Narrow klass shift: 3
Compressed class space size: 1073741824 Address: 0x0000000100000000

Heap:
 garbage-first heap   total 131072K, used 31778K [0x0000000080000000, 0x0000000100000000)
  region size 1024K, 8 young (8192K), 5 survivors (5120K)
 Metaspace       used 26222K, capacity 26989K, committed 27184K, reserved 1073152K
  class space    used 3427K, capacity 3687K, committed 3712K, reserved 1048576K
Heap Regions: E=young(eden), S=young(survivor), O=old, HS=humongous(starts), HC=humongous(continues), CS=collection set, F=free, A=archive, TAMS=top-at-mark-start (previous, next)
|   0|0x0000000080000000, 0x0000000080100000, 0x0000000080100000|100%| O|  |TAMS 0x0000000080100000, 0x0000000080000000| Untracked 
|   1|0x0000000080100000, 0x0000000080200000, 0x0000000080200000|100%| O|  |TAMS 0x0000000080200000, 0x0000000080100000| Untracked 
|   2|0x0000000080200000, 0x0000000080300000, 0x0000000080300000|100%| O|  |TAMS 0x0000000080300000, 0x0000000080200000| Untracked 
|   3|0x0000000080300000, 0x0000000080400000, 0x0000000080400000|100%|HS|  |TAMS 0x0000000080400000, 0x0000000080300000| Complete 
|   4|0x0000000080400000, 0x0000000080500000, 0x0000000080500000|100%|HC|  |TAMS 0x0000000080500000, 0x0000000080400000| Complete 
|   5|0x0000000080500000, 0x0000000080600000, 0x0000000080600000|100%|HC|  |TAMS 0x0000000080600000, 0x0000000080500000| Complete 
|   6|0x0000000080600000, 0x0000000080700000, 0x0000000080700000|100%| O|  |TAMS 0x0000000080700000, 0x0000000080600000| Untracked 
|   7|0x0000000080700000, 0x0000000080800000, 0x0000000080800000|100%| O|  |TAMS 0x0000000080800000, 0x0000000080700000| Untracked 
|   8|0x0000000080800000, 0x0000000080900000, 0x0000000080900000|100%| O|  |TAMS 0x0000000080900000, 0x0000000080800000| Untracked 
|   9|0x0000000080900000, 0x0000000080a00000, 0x0000000080a00000|100%| O|  |TAMS 0x0000000080a00000, 0x0000000080900000| Untracked 
|  10|0x0000000080a00000, 0x0000000080b00000, 0x0000000080b00000|100%| O|  |TAMS 0x0000000080b00000, 0x0000000080a00000| Untracked 
|  11|0x0000000080b00000, 0x0000000080c00000, 0x0000000080c00000|100%| O|  |TAMS 0x0000000080c00000, 0x0000000080b00000| Untracked 
|  12|0x0000000080c00000, 0x0000000080d00000, 0x0000000080d00000|100%| O|  |TAMS 0x0000000080d00000, 0x0000000080c00000| Untracked 
|  13|0x0000000080d00000, 0x0000000080e00000, 0x0000000080e00000|100%| O|  |TAMS 0x0000000080e00000, 0x0000000080d00000| Untracked 
|  14|0x0000000080e00000, 0x0000000080f00000, 0x0000000080f00000|100%| O|  |TAMS 0x0000000080f00000, 0x0000000080e00000| Untracked 
|  15|0x0000000080f00000, 0x0000000080f39600, 0x0000000081000000| 22%| O|  |TAMS 0x0000000080f39600, 0x0000000080f00000| Untracked 
|  16|0x0000000081000000, 0x0000000081100000, 0x0000000081100000|100%|HS|  |TAMS 0x0000000081000000, 0x0000000081000000| Complete 
|  17|0x0000000081100000, 0x0000000081200000, 0x0000000081200000|100%|HC|  |TAMS 0x0000000081100000, 0x0000000081100000| Complete 
|  18|0x0000000081200000, 0x0000000081300000, 0x0000000081300000|100%|HS|  |TAMS 0x0000000081200000, 0x0000000081200000| Complete 
|  19|0x0000000081300000, 0x0000000081400000, 0x0000000081400000|100%|HC|  |TAMS 0x0000000081300000, 0x0000000081300000| Complete 
|  20|0x0000000081400000, 0x0000000081500000, 0x0000000081500000|100%|HC|  |TAMS 0x0000000081400000, 0x0000000081400000| Complete 
|  21|0x0000000081500000, 0x0000000081600000, 0x0000000081600000|100%|HS|  |TAMS 0x0000000081500000, 0x0000000081500000| Complete 
|  22|0x0000000081600000, 0x0000000081700000, 0x0000000081700000|100%|HC|  |TAMS 0x0000000081600000, 0x0000000081600000| Complete 
|  23|0x0000000081700000, 0x0000000081800000, 0x0000000081800000|100%|HC|  |TAMS 0x0000000081700000, 0x0000000081700000| Complete 
|  24|0x0000000081800000, 0x0000000081900000, 0x0000000081900000|100%|HC|  |TAMS 0x0000000081800000, 0x0000000081800000| Complete 
|  25|0x0000000081900000, 0x0000000081900000, 0x0000000081a00000|  0%| F|  |TAMS 0x0000000081900000, 0x0000000081900000| Untracked 
|  26|0x0000000081a00000, 0x0000000081a00000, 0x0000000081b00000|  0%| F|  |TAMS 0x0000000081a00000, 0x0000000081a00000| Untracked 
|  27|0x0000000081b00000, 0x0000000081b00000, 0x0000000081c00000|  0%| F|  |TAMS 0x0000000081b00000, 0x0000000081b00000| Untracked 
|  28|0x0000000081c00000, 0x0000000081c00000, 0x0000000081d00000|  0%| F|  |TAMS 0x0000000081c00000, 0x0000000081c00000| Untracked 
|  29|0x0000000081d00000, 0x0000000081d00000, 0x0000000081e00000|  0%| F|  |TAMS 0x0000000081d00000, 0x0000000081d00000| Untracked 
|  30|0x0000000081e00000, 0x0000000081e00000, 0x0000000081f00000|  0%| F|  |TAMS 0x0000000081e00000, 0x0000000081e00000| Untracked 
|  31|0x0000000081f00000, 0x0000000081f00000, 0x0000000082000000|  0%| F|  |TAMS 0x0000000081f00000, 0x0000000081f00000| Untracked 
|  32|0x0000000082000000, 0x0000000082000000, 0x0000000082100000|  0%| F|  |TAMS 0x0000000082000000, 0x0000000082000000| Untracked 
|  33|0x0000000082100000, 0x0000000082100000, 0x0000000082200000|  0%| F|  |TAMS 0x0000000082100000, 0x0000000082100000| Untracked 
|  34|0x0000000082200000, 0x0000000082200000, 0x0000000082300000|  0%| F|  |TAMS 0x0000000082200000, 0x0000000082200000| Untracked 
|  35|0x0000000082300000, 0x0000000082300000, 0x0000000082400000|  0%| F|  |TAMS 0x0000000082300000, 0x0000000082300000| Untracked 
|  36|0x0000000082400000, 0x0000000082400000, 0x0000000082500000|  0%| F|  |TAMS 0x0000000082400000, 0x0000000082400000| Untracked 
|  37|0x0000000082500000, 0x0000000082500000, 0x0000000082600000|  0%| F|  |TAMS 0x0000000082500000, 0x0000000082500000| Untracked 
|  38|0x0000000082600000, 0x0000000082600000, 0x0000000082700000|  0%| F|  |TAMS 0x0000000082600000, 0x0000000082600000| Untracked 
|  39|0x0000000082700000, 0x0000000082700000, 0x0000000082800000|  0%| F|  |TAMS 0x0000000082700000, 0x0000000082700000| Untracked 
|  40|0x0000000082800000, 0x0000000082800000, 0x0000000082900000|  0%| F|  |TAMS 0x0000000082800000, 0x0000000082800000| Untracked 
|  41|0x0000000082900000, 0x0000000082900000, 0x0000000082a00000|  0%| F|  |TAMS 0x0000000082900000, 0x0000000082900000| Untracked 
|  42|0x0000000082a00000, 0x0000000082a00000, 0x0000000082b00000|  0%| F|  |TAMS 0x0000000082a00000, 0x0000000082a00000| Untracked 
|  43|0x0000000082b00000, 0x0000000082b00000, 0x0000000082c00000|  0%| F|  |TAMS 0x0000000082b00000, 0x0000000082b00000| Untracked 
|  44|0x0000000082c00000, 0x0000000082c00000, 0x0000000082d00000|  0%| F|  |TAMS 0x0000000082c00000, 0x0000000082c00000| Untracked 
|  45|0x0000000082d00000, 0x0000000082d00000, 0x0000000082e00000|  0%| F|  |TAMS 0x0000000082d00000, 0x0000000082d00000| Untracked 
|  46|0x0000000082e00000, 0x0000000082e00000, 0x0000000082f00000|  0%| F|  |TAMS 0x0000000082e00000, 0x0000000082e00000| Untracked 
|  47|0x0000000082f00000, 0x0000000082f00000, 0x0000000083000000|  0%| F|  |TAMS 0x0000000082f00000, 0x0000000082f00000| Untracked 
|  48|0x0000000083000000, 0x0000000083000000, 0x0000000083100000|  0%| F|  |TAMS 0x0000000083000000, 0x0000000083000000| Untracked 
|  49|0x0000000083100000, 0x0000000083100000, 0x0000000083200000|  0%| F|  |TAMS 0x0000000083100000, 0x0000000083100000| Untracked 
|  50|0x0000000083200000, 0x0000000083200000, 0x0000000083300000|  0%| F|  |TAMS 0x0000000083200000, 0x0000000083200000| Untracked 
|  51|0x0000000083300000, 0x0000000083300000, 0x0000000083400000|  0%| F|  |TAMS 0x0000000083300000, 0x0000000083300000| Untracked 
|  52|0x0000000083400000, 0x0000000083400000, 0x0000000083500000|  0%| F|  |TAMS 0x0000000083400000, 0x0000000083400000| Untracked 
|  53|0x0000000083500000, 0x0000000083500000, 0x0000000083600000|  0%| F|  |TAMS 0x0000000083500000, 0x0000000083500000| Untracked 
|  54|0x0000000083600000, 0x0000000083600000, 0x0000000083700000|  0%| F|  |TAMS 0x0000000083600000, 0x0000000083600000| Untracked 
|  55|0x0000000083700000, 0x0000000083700000, 0x0000000083800000|  0%| F|  |TAMS 0x0000000083700000, 0x0000000083700000| Untracked 
|  56|0x0000000083800000, 0x0000000083800000, 0x0000000083900000|  0%| F|  |TAMS 0x0000000083800000, 0x0000000083800000| Untracked 
|  57|0x0000000083900000, 0x0000000083900000, 0x0000000083a00000|  0%| F|  |TAMS 0x0000000083900000, 0x0000000083900000| Untracked 
|  58|0x0000000083a00000, 0x0000000083a00000, 0x0000000083b00000|  0%| F|  |TAMS 0x0000000083a00000, 0x0000000083a00000| Untracked 
|  59|0x0000000083b00000, 0x0000000083b00000, 0x0000000083c00000|  0%| F|  |TAMS 0x0000000083b00000, 0x0000000083b00000| Untracked 
|  60|0x0000000083c00000, 0x0000000083c00000, 0x0000000083d00000|  0%| F|  |TAMS 0x0000000083c00000, 0x0000000083c00000| Untracked 
|  61|0x0000000083d00000, 0x0000000083d00000, 0x0000000083e00000|  0%| F|  |TAMS 0x0000000083d00000, 0x0000000083d00000| Untracked 
|  62|0x0000000083e00000, 0x0000000083e00000, 0x0000000083f00000|  0%| F|  |TAMS 0x0000000083e00000, 0x0000000083e00000| Untracked 
|  63|0x0000000083f00000, 0x0000000083f00000, 0x0000000084000000|  0%| F|  |TAMS 0x0000000083f00000, 0x0000000083f00000| Untracked 
|  64|0x0000000084000000, 0x0000000084000000, 0x0000000084100000|  0%| F|  |TAMS 0x0000000084000000, 0x0000000084000000| Untracked 
|  65|0x0000000084100000, 0x0000000084100000, 0x0000000084200000|  0%| F|  |TAMS 0x0000000084100000, 0x0000000084100000| Untracked 
|  66|0x0000000084200000, 0x0000000084200000, 0x0000000084300000|  0%| F|  |TAMS 0x0000000084200000, 0x0000000084200000| Untracked 
|  67|0x0000000084300000, 0x0000000084300000, 0x0000000084400000|  0%| F|  |TAMS 0x0000000084300000, 0x0000000084300000| Untracked 
|  68|0x0000000084400000, 0x0000000084400000, 0x0000000084500000|  0%| F|  |TAMS 0x0000000084400000, 0x0000000084400000| Untracked 
|  69|0x0000000084500000, 0x0000000084500000, 0x0000000084600000|  0%| F|  |TAMS 0x0000000084500000, 0x0000000084500000| Untracked 
|  70|0x0000000084600000, 0x00000000846cf320, 0x0000000084700000| 80%| S|CS|TAMS 0x0000000084600000, 0x0000000084600000| Complete 
|  71|0x0000000084700000, 0x0000000084800000, 0x0000000084800000|100%| S|CS|TAMS 0x0000000084700000, 0x0000000084700000| Complete 
|  72|0x0000000084800000, 0x0000000084900000, 0x0000000084900000|100%| S|CS|TAMS 0x0000000084800000, 0x0000000084800000| Complete 
|  73|0x0000000084900000, 0x0000000084a00000, 0x0000000084a00000|100%| S|CS|TAMS 0x0000000084900000, 0x0000000084900000| Complete 
|  74|0x0000000084a00000, 0x0000000084b00000, 0x0000000084b00000|100%| S|CS|TAMS 0x0000000084a00000, 0x0000000084a00000| Complete 
|  75|0x0000000084b00000, 0x0000000084b00000, 0x0000000084c00000|  0%| F|  |TAMS 0x0000000084b00000, 0x0000000084b00000| Untracked 
|  76|0x0000000084c00000, 0x0000000084c00000, 0x0000000084d00000|  0%| F|  |TAMS 0x0000000084c00000, 0x0000000084c00000| Untracked 
|  77|0x0000000084d00000, 0x0000000084d00000, 0x0000000084e00000|  0%| F|  |TAMS 0x0000000084d00000, 0x0000000084d00000| Untracked 
|  78|0x0000000084e00000, 0x0000000084e00000, 0x0000000084f00000|  0%| F|  |TAMS 0x0000000084e00000, 0x0000000084e00000| Untracked 
|  79|0x0000000084f00000, 0x0000000084f00000, 0x0000000085000000|  0%| F|  |TAMS 0x0000000084f00000, 0x0000000084f00000| Untracked 
|  80|0x0000000085000000, 0x0000000085000000, 0x0000000085100000|  0%| F|  |TAMS 0x0000000085000000, 0x0000000085000000| Untracked 
|  81|0x0000000085100000, 0x0000000085100000, 0x0000000085200000|  0%| F|  |TAMS 0x0000000085100000, 0x0000000085100000| Untracked 
|  82|0x0000000085200000, 0x0000000085200000, 0x0000000085300000|  0%| F|  |TAMS 0x0000000085200000, 0x0000000085200000| Untracked 
|  83|0x0000000085300000, 0x0000000085300000, 0x0000000085400000|  0%| F|  |TAMS 0x0000000085300000, 0x0000000085300000| Untracked 
|  84|0x0000000085400000, 0x0000000085400000, 0x0000000085500000|  0%| F|  |TAMS 0x0000000085400000, 0x0000000085400000| Untracked 
|  85|0x0000000085500000, 0x0000000085500000, 0x0000000085600000|  0%| F|  |TAMS 0x0000000085500000, 0x0000000085500000| Untracked 
|  86|0x0000000085600000, 0x0000000085600000, 0x0000000085700000|  0%| F|  |TAMS 0x0000000085600000, 0x0000000085600000| Untracked 
|  87|0x0000000085700000, 0x0000000085700000, 0x0000000085800000|  0%| F|  |TAMS 0x0000000085700000, 0x0000000085700000| Untracked 
|  88|0x0000000085800000, 0x0000000085800000, 0x0000000085900000|  0%| F|  |TAMS 0x0000000085800000, 0x0000000085800000| Untracked 
|  89|0x0000000085900000, 0x0000000085900000, 0x0000000085a00000|  0%| F|  |TAMS 0x0000000085900000, 0x0000000085900000| Untracked 
|  90|0x0000000085a00000, 0x0000000085a00000, 0x0000000085b00000|  0%| F|  |TAMS 0x0000000085a00000, 0x0000000085a00000| Untracked 
|  91|0x0000000085b00000, 0x0000000085b00000, 0x0000000085c00000|  0%| F|  |TAMS 0x0000000085b00000, 0x0000000085b00000| Untracked 
|  92|0x0000000085c00000, 0x0000000085c00000, 0x0000000085d00000|  0%| F|  |TAMS 0x0000000085c00000, 0x0000000085c00000| Untracked 
|  93|0x0000000085d00000, 0x0000000085d00000, 0x0000000085e00000|  0%| F|  |TAMS 0x0000000085d00000, 0x0000000085d00000| Untracked 
|  94|0x0000000085e00000, 0x0000000085e00000, 0x0000000085f00000|  0%| F|  |TAMS 0x0000000085e00000, 0x0000000085e00000| Untracked 
|  95|0x0000000085f00000, 0x0000000085f00000, 0x0000000086000000|  0%| F|  |TAMS 0x0000000085f00000, 0x0000000085f00000| Untracked 
|  96|0x0000000086000000, 0x0000000086000000, 0x0000000086100000|  0%| F|  |TAMS 0x0000000086000000, 0x0000000086000000| Untracked 
|  97|0x0000000086100000, 0x0000000086100000, 0x0000000086200000|  0%| F|  |TAMS 0x0000000086100000, 0x0000000086100000| Untracked 
|  98|0x0000000086200000, 0x0000000086200000, 0x0000000086300000|  0%| F|  |TAMS 0x0000000086200000, 0x0000000086200000| Untracked 
|  99|0x0000000086300000, 0x0000000086300000, 0x0000000086400000|  0%| F|  |TAMS 0x0000000086300000, 0x0000000086300000| Untracked 
| 100|0x0000000086400000, 0x0000000086400000, 0x0000000086500000|  0%| F|  |TAMS 0x0000000086400000, 0x0000000086400000| Untracked 
| 101|0x0000000086500000, 0x0000000086500000, 0x0000000086600000|  0%| F|  |TAMS 0x0000000086500000, 0x0000000086500000| Untracked 
| 102|0x0000000086600000, 0x0000000086600000, 0x0000000086700000|  0%| F|  |TAMS 0x0000000086600000, 0x0000000086600000| Untracked 
| 103|0x0000000086700000, 0x0000000086700000, 0x0000000086800000|  0%| F|  |TAMS 0x0000000086700000, 0x0000000086700000| Untracked 
| 104|0x0000000086800000, 0x0000000086800000, 0x0000000086900000|  0%| F|  |TAMS 0x0000000086800000, 0x0000000086800000| Untracked 
| 105|0x0000000086900000, 0x0000000086900000, 0x0000000086a00000|  0%| F|  |TAMS 0x0000000086900000, 0x0000000086900000| Untracked 
| 106|0x0000000086a00000, 0x0000000086a00000, 0x0000000086b00000|  0%| F|  |TAMS 0x0000000086a00000, 0x0000000086a00000| Untracked 
| 107|0x0000000086b00000, 0x0000000086b00000, 0x0000000086c00000|  0%| F|  |TAMS 0x0000000086b00000, 0x0000000086b00000| Untracked 
| 108|0x0000000086c00000, 0x0000000086c00000, 0x0000000086d00000|  0%| F|  |TAMS 0x0000000086c00000, 0x0000000086c00000| Untracked 
| 109|0x0000000086d00000, 0x0000000086d00000, 0x0000000086e00000|  0%| F|  |TAMS 0x0000000086d00000, 0x0000000086d00000| Untracked 
| 110|0x0000000086e00000, 0x0000000086e00000, 0x0000000086f00000|  0%| F|  |TAMS 0x0000000086e00000, 0x0000000086e00000| Untracked 
| 111|0x0000000086f00000, 0x0000000086f00000, 0x0000000087000000|  0%| F|  |TAMS 0x0000000086f00000, 0x0000000086f00000| Untracked 
| 112|0x0000000087000000, 0x0000000087000000, 0x0000000087100000|  0%| F|  |TAMS 0x0000000087000000, 0x0000000087000000| Untracked 
| 113|0x0000000087100000, 0x0000000087100000, 0x0000000087200000|  0%| F|  |TAMS 0x0000000087100000, 0x0000000087100000| Untracked 
| 114|0x0000000087200000, 0x0000000087200000, 0x0000000087300000|  0%| F|  |TAMS 0x0000000087200000, 0x0000000087200000| Untracked 
| 115|0x0000000087300000, 0x0000000087300000, 0x0000000087400000|  0%| F|  |TAMS 0x0000000087300000, 0x0000000087300000| Untracked 
| 116|0x0000000087400000, 0x0000000087400000, 0x0000000087500000|  0%| F|  |TAMS 0x0000000087400000, 0x0000000087400000| Untracked 
| 117|0x0000000087500000, 0x0000000087500000, 0x0000000087600000|  0%| F|  |TAMS 0x0000000087500000, 0x0000000087500000| Untracked 
| 118|0x0000000087600000, 0x0000000087600000, 0x0000000087700000|  0%| F|  |TAMS 0x0000000087600000, 0x0000000087600000| Untracked 
| 119|0x0000000087700000, 0x0000000087700000, 0x0000000087800000|  0%| F|  |TAMS 0x0000000087700000, 0x0000000087700000| Untracked 
| 120|0x0000000087800000, 0x0000000087800000, 0x0000000087900000|  0%| F|  |TAMS 0x0000000087800000, 0x0000000087800000| Untracked 
| 121|0x0000000087900000, 0x0000000087900000, 0x0000000087a00000|  0%| F|  |TAMS 0x0000000087900000, 0x0000000087900000| Untracked 
| 122|0x0000000087a00000, 0x0000000087a00000, 0x0000000087b00000|  0%| F|  |TAMS 0x0000000087a00000, 0x0000000087a00000| Untracked 
| 123|0x0000000087b00000, 0x0000000087b00000, 0x0000000087c00000|  0%| F|  |TAMS 0x0000000087b00000, 0x0000000087b00000| Untracked 
| 124|0x0000000087c00000, 0x0000000087c00000, 0x0000000087d00000|  0%| F|  |TAMS 0x0000000087c00000, 0x0000000087c00000| Untracked 
| 125|0x0000000087d00000, 0x0000000087e00000, 0x0000000087e00000|100%| E|  |TAMS 0x0000000087d00000, 0x0000000087d00000| Complete 
| 126|0x0000000087e00000, 0x0000000087f00000, 0x0000000087f00000|100%| E|CS|TAMS 0x0000000087e00000, 0x0000000087e00000| Complete 
| 127|0x0000000087f00000, 0x0000000088000000, 0x0000000088000000|100%| E|CS|TAMS 0x0000000087f00000, 0x0000000087f00000| Complete 

Card table byte_map: [0x000001b718250000,0x000001b718650000] _byte_map_base: 0x000001b717e50000

Marking Bits (Prev, Next): (CMBitMap*) 0x000001b704aaa5b0, (CMBitMap*) 0x000001b704aaa578
 Prev Bits: [0x000001b71aa50000, 0x000001b71ca50000)
 Next Bits: [0x000001b718a50000, 0x000001b71aa50000)

Polling page: 0x000001b703230000

Metaspace:

Usage:
  Non-class:     22.77 MB capacity,    22.28 MB ( 98%) used,   444.65 KB (  2%) free+waste,    53.50 KB ( <1%) overhead. 
      Class:      3.60 MB capacity,     3.35 MB ( 93%) used,   229.73 KB (  6%) free+waste,    26.75 KB ( <1%) overhead. 
       Both:     26.37 MB capacity,    25.64 MB ( 97%) used,   674.38 KB (  2%) free+waste,    80.25 KB ( <1%) overhead. 

Virtual space:
  Non-class space:       24.00 MB reserved,      22.92 MB ( 96%) committed 
      Class space:        1.00 GB reserved,       3.63 MB ( <1%) committed 
             Both:        1.02 GB reserved,      26.55 MB (  3%) committed 

Chunk freelists:
   Non-Class:  22.00 KB
       Class:  21.00 KB
        Both:  43.00 KB

MaxMetaspaceSize: 17179869184.00 GB
CompressedClassSpaceSize: 1.00 GB

CodeHeap 'non-profiled nmethods': size=120000Kb used=1046Kb max_used=1046Kb free=118953Kb
 bounds [0x000001b70fec0000, 0x000001b710130000, 0x000001b7173f0000]
CodeHeap 'profiled nmethods': size=120000Kb used=4373Kb max_used=4373Kb free=115626Kb
 bounds [0x000001b708990000, 0x000001b708de0000, 0x000001b70fec0000]
CodeHeap 'non-nmethods': size=5760Kb used=1145Kb max_used=1178Kb free=4614Kb
 bounds [0x000001b7083f0000, 0x000001b708660000, 0x000001b708990000]
 total_blobs=2640 nmethods=2154 adapters=397
 compilation: enabled
              stopped_count=0, restarted_count=0
 full_count=0

Compilation events (20 events):
Event: 4.756 Thread 0x000001b71fd91800 2343       3       jdk.internal.reflect.ReflectionFactory::copyField (10 bytes)
Event: 4.756 Thread 0x000001b71fd91800 nmethod 2343 0x000001b708cb7e90 code [0x000001b708cb8080, 0x000001b708cb8388]
Event: 4.756 Thread 0x000001b71fd91800 2344       3       java.lang.reflect.ReflectAccess::copyField (5 bytes)
Event: 4.756 Thread 0x000001b71fd91800 nmethod 2344 0x000001b708cb1590 code [0x000001b708cb1740, 0x000001b708cb1868]
Event: 4.756 Thread 0x000001b71fd91800 2345       3       java.lang.reflect.Field::copy (76 bytes)
Event: 4.757 Thread 0x000001b71fd91800 nmethod 2345 0x000001b708cb7790 code [0x000001b708cb7980, 0x000001b708cb7d78]
Event: 4.757 Thread 0x000001b71fd91800 2346       3       java.lang.reflect.Field::<init> (44 bytes)
Event: 4.757 Thread 0x000001b71fd91800 nmethod 2346 0x000001b708cb7110 code [0x000001b708cb72e0, 0x000001b708cb7698]
Event: 4.757 Thread 0x000001b71fd91800 2347       3       java.io.ObjectStreamField::getPrimitiveSignature (98 bytes)
Event: 4.757 Thread 0x000001b71fd91800 nmethod 2347 0x000001b708cb6910 code [0x000001b708cb6b20, 0x000001b708cb7008]
Event: 4.758 Thread 0x000001b71fd91800 2348       3       java.util.concurrent.ConcurrentHashMap::<init> (9 bytes)
Event: 4.758 Thread 0x000001b71fd91800 nmethod 2348 0x000001b708cb6510 code [0x000001b708cb66e0, 0x000001b708cb6828]
Event: 4.760 Thread 0x000001b71fd91800 2349       3       java.lang.ReflectiveOperationException::<init> (6 bytes)
Event: 4.760 Thread 0x000001b71fd91800 nmethod 2349 0x000001b708cb6110 code [0x000001b708cb62e0, 0x000001b708cb6468]
Event: 4.761 Thread 0x000001b71fd91800 2350       1       java.io.ObjectStreamClass$FieldReflectorKey::hashCode (5 bytes)
Event: 4.761 Thread 0x000001b71fd91800 nmethod 2350 0x000001b70ffbf090 code [0x000001b70ffbf240, 0x000001b70ffbf2f8]
Event: 4.762 Thread 0x000001b71fd91800 2351  s    3       java.net.URL::hashCode (30 bytes)
Event: 4.762 Thread 0x000001b71fd91800 nmethod 2351 0x000001b708cb5a90 code [0x000001b708cb5c60, 0x000001b708cb6028]
Event: 4.763 Thread 0x000001b723cde800 nmethod 2335 0x000001b70ffbf390 code [0x000001b70ffbf620, 0x000001b70ffc08a0]
Event: 4.763 Thread 0x000001b723cde800 2338       4       java.lang.StringLatin1::toUpperCase (180 bytes)

GC Heap History (6 events):
Event: 0.865 GC heap before
{Heap before GC invocations=0 (full 0):
 garbage-first heap   total 131072K, used 29696K [0x0000000080000000, 0x0000000100000000)
  region size 1024K, 24 young (24576K), 0 survivors (0K)
 Metaspace       used 10452K, capacity 10645K, committed 11008K, reserved 1058816K
  class space    used 1094K, capacity 1163K, committed 1280K, reserved 1048576K
}
Event: 0.871 GC heap after
{Heap after GC invocations=1 (full 0):
 garbage-first heap   total 131072K, used 9013K [0x0000000080000000, 0x0000000100000000)
  region size 1024K, 3 young (3072K), 3 survivors (3072K)
 Metaspace       used 10452K, capacity 10645K, committed 11008K, reserved 1058816K
  class space    used 1094K, capacity 1163K, committed 1280K, reserved 1048576K
}
Event: 3.836 GC heap before
{Heap before GC invocations=1 (full 0):
 garbage-first heap   total 131072K, used 82741K [0x0000000080000000, 0x0000000100000000)
  region size 1024K, 76 young (77824K), 3 survivors (3072K)
 Metaspace       used 18991K, capacity 19473K, committed 19712K, reserved 1067008K
  class space    used 2295K, capacity 2469K, committed 2560K, reserved 1048576K
}
Event: 3.843 GC heap after
{Heap after GC invocations=2 (full 0):
 garbage-first heap   total 131072K, used 15777K [0x0000000080000000, 0x0000000100000000)
  region size 1024K, 10 young (10240K), 10 survivors (10240K)
 Metaspace       used 18991K, capacity 19473K, committed 19712K, reserved 1067008K
  class space    used 2295K, capacity 2469K, committed 2560K, reserved 1048576K
}
Event: 3.988 GC heap before
{Heap before GC invocations=2 (full 0):
 garbage-first heap   total 131072K, used 27041K [0x0000000080000000, 0x0000000100000000)
  region size 1024K, 22 young (22528K), 10 survivors (10240K)
 Metaspace       used 20592K, capacity 21139K, committed 21296K, reserved 1069056K
  class space    used 2518K, capacity 2688K, committed 2688K, reserved 1048576K
}
Event: 3.998 GC heap after
{Heap after GC invocations=3 (full 0):
 garbage-first heap   total 131072K, used 16217K [0x0000000080000000, 0x0000000100000000)
  region size 1024K, 1 young (1024K), 1 survivors (1024K)
 Metaspace       used 20592K, capacity 21139K, committed 21296K, reserved 1069056K
  class space    used 2518K, capacity 2688K, committed 2688K, reserved 1048576K
}

Deoptimization events (20 events):
Event: 4.729 Thread 0x000001b721e2a000 DEOPT PACKING pc=0x000001b70ffad2b8 sp=0x0000008943af8720
Event: 4.729 Thread 0x000001b721e2a000 DEOPT UNPACKING pc=0x000001b7084174af sp=0x0000008943af8770 mode 2
Event: 4.729 Thread 0x000001b721e2a000 Uncommon trap: trap_request=0xffffffc6 fr.pc=0x000001b70ffad2b8 relative=0x0000000000003ad8
Event: 4.729 Thread 0x000001b721e2a000 Uncommon trap: reason=bimorphic_or_optimized_type_check action=maybe_recompile pc=0x000001b70ffad2b8 method=java.lang.ClassLoader.loadClass(Ljava/lang/String;Z)Ljava/lang/Class; @ 38 c2
Event: 4.730 Thread 0x000001b721e2a000 DEOPT PACKING pc=0x000001b70ffad2b8 sp=0x0000008943af89b0
Event: 4.730 Thread 0x000001b721e2a000 DEOPT UNPACKING pc=0x000001b7084174af sp=0x0000008943af8a00 mode 2
Event: 4.730 Thread 0x000001b721e2a000 Uncommon trap: trap_request=0xffffffc6 fr.pc=0x000001b70ffad2b8 relative=0x0000000000003ad8
Event: 4.730 Thread 0x000001b721e2a000 Uncommon trap: reason=bimorphic_or_optimized_type_check action=maybe_recompile pc=0x000001b70ffad2b8 method=java.lang.ClassLoader.loadClass(Ljava/lang/String;Z)Ljava/lang/Class; @ 38 c2
Event: 4.730 Thread 0x000001b721e2a000 DEOPT PACKING pc=0x000001b70ffad2b8 sp=0x0000008943afa020
Event: 4.730 Thread 0x000001b721e2a000 DEOPT UNPACKING pc=0x000001b7084174af sp=0x0000008943afa070 mode 2
Event: 4.748 Thread 0x000001b721e2a000 Uncommon trap: trap_request=0xffffff4d fr.pc=0x000001b70ff4aaf8 relative=0x0000000000001f78
Event: 4.748 Thread 0x000001b721e2a000 Uncommon trap: reason=unstable_if action=reinterpret pc=0x000001b70ff4aaf8 method=java.util.zip.ZipFile$Source.initCEN(ILjava/util/zip/ZipCoder;)V @ 582 c2
Event: 4.748 Thread 0x000001b721e2a000 DEOPT PACKING pc=0x000001b70ff4aaf8 sp=0x0000008943af6090
Event: 4.748 Thread 0x000001b721e2a000 DEOPT UNPACKING pc=0x000001b7084174af sp=0x0000008943af6068 mode 2
Event: 4.748 Thread 0x000001b721e2a000 DEOPT PACKING pc=0x000001b708cee39b sp=0x0000008943af63a0
Event: 4.749 Thread 0x000001b721e2a000 DEOPT UNPACKING pc=0x000001b7084172ce sp=0x0000008943af58e0 mode 0
Event: 4.752 Thread 0x000001b721e2a000 Uncommon trap: trap_request=0xffffff4d fr.pc=0x000001b70ff36dec relative=0x000000000000166c
Event: 4.752 Thread 0x000001b721e2a000 Uncommon trap: reason=unstable_if action=reinterpret pc=0x000001b70ff36dec method=java.util.zip.ZipFile$Source.isMetaName([BII)Z @ 57 c2
Event: 4.752 Thread 0x000001b721e2a000 DEOPT PACKING pc=0x000001b70ff36dec sp=0x0000008943af33e0
Event: 4.752 Thread 0x000001b721e2a000 DEOPT UNPACKING pc=0x000001b7084174af sp=0x0000008943af3350 mode 2

Classes redefined (0 events):
No events

Internal exceptions (20 events):
Event: 3.854 Thread 0x000001b721e2a000 Exception <a 'java/lang/NoSuchMethodError'{0x0000000087e813e8}: 'java.lang.Object java.lang.invoke.DirectMethodHandle$Holder.invokeVirtual(java.lang.Object, java.lang.Object, java.lang.Object)'> (0x0000000087e813e8) thrown at [./src/hotspot/share/interpreter/linkResolver.cpp, line 773]
Event: 3.884 Thread 0x000001b721e2a000 Exception <a 'java/lang/NoSuchMethodError'{0x0000000087a2a978}: 'void java.lang.invoke.DirectMethodHandle$Holder.invokeStaticInit(java.lang.Object)'> (0x0000000087a2a978) thrown at [./src/hotspot/share/interpreter/linkResolver.cpp, line 773]
Event: 3.986 Thread 0x000001b721e2a000 Exception <a 'java/lang/NoSuchMethodError'{0x00000000874b5130}: 'int java.lang.invoke.DirectMethodHandle$Holder.invokeSpecialIFC(java.lang.Object, java.lang.Object, java.lang.Object, java.lang.Object)'> (0x00000000874b5130) thrown at [./src/hotspot/share/interpreter/linkResolver.cpp, line 773]
Event: 3.988 Thread 0x000001b721e2a000 Exception <a 'java/lang/NoSuchMethodError'{0x00000000874c3148}: 'java.lang.Object java.lang.invoke.DirectMethodHandle$Holder.invokeInterface(java.lang.Object, java.lang.Object, java.lang.Object)'> (0x00000000874c3148) thrown at [./src/hotspot/share/interpreter/linkResolver.cpp, line 773]
Event: 3.998 Thread 0x000001b721e2a000 Exception <a 'java/lang/IncompatibleClassChangeError'{0x0000000087f00220}: Found class java.lang.Object, but interface was expected> (0x0000000087f00220) thrown at [./src/hotspot/share/interpreter/linkResolver.cpp, line 839]
Event: 4.068 Thread 0x000001b721e2a000 Exception <a 'java/lang/NoSuchMethodError'{0x0000000087be6f70}: 'void java.lang.invoke.DirectMethodHandle$Holder.invokeSpecial(java.lang.Object, java.lang.Object)'> (0x0000000087be6f70) thrown at [./src/hotspot/share/interpreter/linkResolver.cpp, line 773]
Event: 4.147 Thread 0x000001b721e2a000 Exception <a 'java/lang/NoSuchMethodError'{0x0000000087097a58}: 'java.lang.Object java.lang.invoke.DirectMethodHandle$Holder.invokeVirtual(java.lang.Object, java.lang.Object, java.lang.Object, java.lang.Object)'> (0x0000000087097a58) thrown at [./src/hotspot/share/interpreter/linkResolver.cpp, line 773]
Event: 4.373 Thread 0x000001b721e2a000 Exception <a 'java/lang/NoSuchMethodError'{0x0000000086327a50}: 'void java.lang.invoke.DirectMethodHandle$Holder.invokeSpecial(java.lang.Object, java.lang.Object, java.lang.Object, java.lang.Object, java.lang.Object, java.lang.Object)'> (0x0000000086327a50) thrown at [./src/hotspot/share/interpreter/linkResolver.cpp, line 773]
Event: 4.417 Thread 0x000001b721e2a000 Exception <a 'java/lang/NoSuchMethodError'{0x00000000862d38c8}: 'java.lang.Object java.lang.invoke.Invokers$Holder.invoker(java.lang.Object, java.lang.Object, java.lang.Object)'> (0x00000000862d38c8) thrown at [./src/hotspot/share/interpreter/linkResolver.cpp, line 773]
Event: 4.450 Thread 0x000001b721e2a000 Exception <a 'java/lang/NoSuchMethodError'{0x00000000861d3e48}: 'void java.lang.invoke.DirectMethodHandle$Holder.invokeSpecial(java.lang.Object, java.lang.Object, java.lang.Object, java.lang.Object, java.lang.Object, java.lang.Object, java.lang.Object)'> (0x00000000861d3e48) thrown at [./src/hotspot/share/interpreter/linkResolver.cpp, line 773]
Event: 4.451 Thread 0x000001b721e2a000 Exception <a 'java/lang/NoSuchMethodError'{0x00000000861dc090}: 'java.lang.Object java.lang.invoke.Invokers$Holder.linkToTargetMethod(java.lang.Object, java.lang.Object, java.lang.Object, java.lang.Object, java.lang.Object, java.lang.Object)'> (0x00000000861dc090) thrown at [./src/hotspot/share/interpreter/linkResolver.cpp, line 773]
Event: 4.474 Thread 0x000001b721e2a000 Exception <a 'java/lang/NoSuchMethodError'{0x0000000085f00f70}: 'java.lang.Object java.lang.invoke.DirectMethodHandle$Holder.invokeVirtual(java.lang.Object, java.lang.Object, java.lang.Object, java.lang.Object, java.lang.Object, java.lang.Object, java.lang.Object, java.lang.Object, java.lang.Object, java.lang.Object, java.lang.Object, java.lang.Object, java.lang.Object, java.lang.Object, java.lang.Object, java.lang.Object, java.lang.Object)'> (0x0000000085f00f70) thrown at [./src/hotspot/share/interpreter/
Event: 4.476 Thread 0x000001b721e2a000 Exception <a 'java/lang/NoSuchMethodError'{0x0000000085f2fd48}: 'java.lang.Object java.lang.invoke.DirectMethodHandle$Holder.invokeSpecial(java.lang.Object, java.lang.Object, java.lang.Object, java.lang.Object, java.lang.Object, java.lang.Object, java.lang.Object, java.lang.Object, java.lang.Object)'> (0x0000000085f2fd48) thrown at [./src/hotspot/share/interpreter/linkResolver.cpp, line 773]
Event: 4.632 Thread 0x000001b721e2a000 Exception <a 'java/lang/NoSuchMethodError'{0x00000000856956a8}: 'java.lang.Object java.lang.invoke.DirectMethodHandle$Holder.invokeStatic(java.lang.Object, java.lang.Object, java.lang.Object, int, java.lang.Object, java.lang.Object)'> (0x00000000856956a8) thrown at [./src/hotspot/share/interpreter/linkResolver.cpp, line 773]
Event: 4.632 Thread 0x000001b721e2a000 Exception <a 'java/lang/NoSuchMethodError'{0x000000008569ca10}: 'java.lang.Object java.lang.invoke.Invokers$Holder.linkToTargetMethod(java.lang.Object, java.lang.Object, int, java.lang.Object, java.lang.Object, java.lang.Object)'> (0x000000008569ca10) thrown at [./src/hotspot/share/interpreter/linkResolver.cpp, line 773]
Event: 4.669 Thread 0x000001b721e2a000 Exception <a 'java/lang/NoSuchMethodError'{0x00000000854f51d8}: 'int java.lang.invoke.DirectMethodHandle$Holder.invokeStaticInit(java.lang.Object, java.lang.Object, java.lang.Object)'> (0x00000000854f51d8) thrown at [./src/hotspot/share/interpreter/linkResolver.cpp, line 773]
Event: 4.731 Thread 0x000001b721e2a000 Exception <a 'java/lang/NoSuchMethodError'{0x0000000084ecfe60}: <clinit>> (0x0000000084ecfe60) thrown at [./src/hotspot/share/prims/jni.cpp, line 1362]
Event: 4.736 Thread 0x000001b721e2a000 Exception <a 'java/lang/NoSuchMethodError'{0x0000000084d2cbb0}: <clinit>> (0x0000000084d2cbb0) thrown at [./src/hotspot/share/prims/jni.cpp, line 1362]
Event: 4.748 Thread 0x000001b721e2a000 Implicit null exception at 0x000001b70ff49bf7 to 0x000001b70ff4aad8
Event: 4.762 Thread 0x000001b721e2a000 Exception <a 'java/lang/NoSuchMethodError'{0x0000000084c818e8}: <clinit>> (0x0000000084c818e8) thrown at [./src/hotspot/share/prims/jni.cpp, line 1362]

Events (20 events):
Event: 4.757 loading class org/jetbrains/plugins/gradle/model/ProjectImportModelProvider
Event: 4.757 loading class org/jetbrains/plugins/gradle/model/ProjectImportModelProvider done
Event: 4.757 loading class gnu/trove/THashSet
Event: 4.757 loading class gnu/trove/THashSet done
Event: 4.758 loading class gnu/trove/TObjectHash
Event: 4.758 loading class gnu/trove/TObjectHash done
Event: 4.758 loading class gnu/trove/TObjectHashingStrategy
Event: 4.758 loading class gnu/trove/TObjectHashingStrategy done
Event: 4.759 loading class gnu/trove/Equality
Event: 4.759 loading class gnu/trove/Equality done
Event: 4.759 loading class gnu/trove/THash
Event: 4.759 loading class gnu/trove/THash done
Event: 4.760 loading class gnu/trove/TObjectHash$NULL
Event: 4.760 loading class gnu/trove/TObjectHash$NULL done
Event: 4.760 loading class gnu/trove/TObjectProcedure
Event: 4.760 loading class gnu/trove/TObjectProcedure done
Event: 4.762 loading class gnu/trove/PrimeFinder
Event: 4.762 loading class gnu/trove/PrimeFinder done
Event: 4.763 loading class org/jetbrains/plugins/gradle/model/ClassSetProjectImportModelProvider
Event: 4.763 loading class org/jetbrains/plugins/gradle/model/ClassSetProjectImportModelProvider done


Dynamic libraries:
0x00007ff636f50000 - 0x00007ff636f5a000 	C:\Program Files\Android\Android Studio1\jre\bin\java.exe
0x00007ffa0fb90000 - 0x00007ffa0fd85000 	C:\WINDOWS\SYSTEM32\ntdll.dll
0x00007ffa0ef40000 - 0x00007ffa0effd000 	C:\WINDOWS\System32\KERNEL32.DLL
0x00007ffa0d6f0000 - 0x00007ffa0d9b9000 	C:\WINDOWS\System32\KERNELBASE.dll
0x00007ffa0d550000 - 0x00007ffa0d650000 	C:\WINDOWS\System32\ucrtbase.dll
0x00007ffa06670000 - 0x00007ffa06689000 	C:\Program Files\Android\Android Studio1\jre\bin\jli.dll
0x00007ffa06650000 - 0x00007ffa06667000 	C:\Program Files\Android\Android Studio1\jre\bin\VCRUNTIME140.dll
0x00007ffa0dcf0000 - 0x00007ffa0de90000 	C:\WINDOWS\System32\USER32.dll
0x00007ffa0d2d0000 - 0x00007ffa0d2f2000 	C:\WINDOWS\System32\win32u.dll
0x00007ffa0ea80000 - 0x00007ffa0eaaa000 	C:\WINDOWS\System32\GDI32.dll
0x00007ff9f9df0000 - 0x00007ff9fa08a000 	C:\WINDOWS\WinSxS\amd64_microsoft.windows.common-controls_6595b64144ccf1df_6.0.19041.1110_none_60b5254171f9507e\COMCTL32.dll
0x00007ffa0d360000 - 0x00007ffa0d46b000 	C:\WINDOWS\System32\gdi32full.dll
0x00007ffa0d650000 - 0x00007ffa0d6ed000 	C:\WINDOWS\System32\msvcp_win.dll
0x00007ffa0f010000 - 0x00007ffa0f0ae000 	C:\WINDOWS\System32\msvcrt.dll
0x00007ffa0ee60000 - 0x00007ffa0ee90000 	C:\WINDOWS\System32\IMM32.DLL
0x00007ffa065b0000 - 0x00007ffa0664d000 	C:\Program Files\Android\Android Studio1\jre\bin\msvcp140.dll
0x00007ff9ba910000 - 0x00007ff9bb3cc000 	C:\Program Files\Android\Android Studio1\jre\bin\server\jvm.dll
0x00007ffa0ee90000 - 0x00007ffa0ef3c000 	C:\WINDOWS\System32\ADVAPI32.dll
0x00007ffa0e7b0000 - 0x00007ffa0e84b000 	C:\WINDOWS\System32\sechost.dll
0x00007ffa0e210000 - 0x00007ffa0e33a000 	C:\WINDOWS\System32\RPCRT4.dll
0x00007ffa0ed10000 - 0x00007ffa0ed18000 	C:\WINDOWS\System32\PSAPI.DLL
0x00007ffa05b70000 - 0x00007ffa05b79000 	C:\WINDOWS\SYSTEM32\WSOCK32.dll
0x00007ffa02310000 - 0x00007ffa02337000 	C:\WINDOWS\SYSTEM32\WINMM.dll
0x00007ffa04a60000 - 0x00007ffa04a6a000 	C:\WINDOWS\SYSTEM32\VERSION.dll
0x00007ffa0e9a0000 - 0x00007ffa0ea0b000 	C:\WINDOWS\System32\WS2_32.dll
0x00007ffa0bb90000 - 0x00007ffa0bba2000 	C:\WINDOWS\SYSTEM32\kernel.appcore.dll
0x00007ffa058b0000 - 0x00007ffa058c1000 	C:\Program Files\Android\Android Studio1\jre\bin\verify.dll
0x00007ffa0afb0000 - 0x00007ffa0b194000 	C:\WINDOWS\SYSTEM32\DBGHELP.DLL
0x00007ff9fbe70000 - 0x00007ff9fbe9c000 	C:\WINDOWS\SYSTEM32\dbgcore.DLL
0x00007ffa0d4c0000 - 0x00007ffa0d543000 	C:\WINDOWS\System32\bcryptPrimitives.dll
0x00007ffa05880000 - 0x00007ffa058a9000 	C:\Program Files\Android\Android Studio1\jre\bin\java.dll
0x00007ffa07860000 - 0x00007ffa0786b000 	C:\Program Files\Android\Android Studio1\jre\bin\jimage.dll
0x00007ffa01800000 - 0x00007ffa01818000 	C:\Program Files\Android\Android Studio1\jre\bin\zip.dll
0x00007ffa0f0b0000 - 0x00007ffa0f7ef000 	C:\WINDOWS\System32\SHELL32.dll
0x00007ffa0b3e0000 - 0x00007ffa0bb71000 	C:\WINDOWS\SYSTEM32\windows.storage.dll
0x00007ffa0f7f0000 - 0x00007ffa0fb45000 	C:\WINDOWS\System32\combase.dll
0x00007ffa0cd40000 - 0x00007ffa0cd6c000 	C:\WINDOWS\SYSTEM32\Wldp.dll
0x00007ffa0de90000 - 0x00007ffa0df3e000 	C:\WINDOWS\System32\SHCORE.dll
0x00007ffa0ea10000 - 0x00007ffa0ea65000 	C:\WINDOWS\System32\shlwapi.dll
0x00007ffa0d210000 - 0x00007ffa0d22f000 	C:\WINDOWS\SYSTEM32\profapi.dll
0x00007ffa017e0000 - 0x00007ffa017fa000 	C:\Program Files\Android\Android Studio1\jre\bin\net.dll
0x00007ffa014f0000 - 0x00007ffa015fa000 	C:\WINDOWS\SYSTEM32\WINHTTP.dll
0x00007ffa0ca30000 - 0x00007ffa0ca9a000 	C:\WINDOWS\system32\mswsock.dll
0x00007ffa00c50000 - 0x00007ffa00c64000 	C:\Program Files\Android\Android Studio1\jre\bin\nio.dll
0x00007ff9fb720000 - 0x00007ff9fb747000 	C:\Users\Dark Knight\.gradle\native\fdc75f09e3144964f2cf3f50f0aa648679c211496f362492102eb8c894070792\windows-amd64\native-platform.dll
0x00007ff9c1c60000 - 0x00007ff9c1df6000 	C:\Users\Dark Knight\.gradle\native\12488b8bf47d2d4c9fbf2f6322a914ad602e24e48041cd04a747c6da556b65c4\windows-amd64\native-platform-file-events.dll
0x00007ffa07580000 - 0x00007ffa0758a000 	C:\Program Files\Android\Android Studio1\jre\bin\management.dll
0x00007ffa06840000 - 0x00007ffa0684c000 	C:\Program Files\Android\Android Studio1\jre\bin\management_ext.dll
0x00007ffa0cc40000 - 0x00007ffa0cc58000 	C:\WINDOWS\SYSTEM32\CRYPTSP.dll
0x00007ffa0c370000 - 0x00007ffa0c3a4000 	C:\WINDOWS\system32\rsaenh.dll
0x00007ffa0da70000 - 0x00007ffa0da97000 	C:\WINDOWS\System32\bcrypt.dll
0x00007ffa0d1d0000 - 0x00007ffa0d1fe000 	C:\WINDOWS\SYSTEM32\USERENV.dll
0x00007ffa0cc30000 - 0x00007ffa0cc3c000 	C:\WINDOWS\SYSTEM32\CRYPTBASE.dll
0x00007ffa0c720000 - 0x00007ffa0c75b000 	C:\WINDOWS\SYSTEM32\IPHLPAPI.DLL
0x00007ffa0f000000 - 0x00007ffa0f008000 	C:\WINDOWS\System32\NSI.dll
0x00007ffa034e0000 - 0x00007ffa034f7000 	C:\WINDOWS\SYSTEM32\dhcpcsvc6.DLL
0x00007ffa03da0000 - 0x00007ffa03dbd000 	C:\WINDOWS\SYSTEM32\dhcpcsvc.DLL
0x00007ffa0c760000 - 0x00007ffa0c82c000 	C:\WINDOWS\SYSTEM32\DNSAPI.dll
0x00007ffa04a70000 - 0x00007ffa04a7b000 	C:\WINDOWS\SYSTEM32\WINNSI.DLL

dbghelp: loaded successfully - version: 4.0.5 - missing functions: none
symbol engine: initialized successfully - sym options: 0x614 - pdb path: .;C:\Program Files\Android\Android Studio1\jre\bin;C:\WINDOWS\SYSTEM32;C:\WINDOWS\WinSxS\amd64_microsoft.windows.common-controls_6595b64144ccf1df_6.0.19041.1110_none_60b5254171f9507e;C:\Program Files\Android\Android Studio1\jre\bin\server;C:\Users\Dark Knight\.gradle\native\fdc75f09e3144964f2cf3f50f0aa648679c211496f362492102eb8c894070792\windows-amd64;C:\Users\Dark Knight\.gradle\native\12488b8bf47d2d4c9fbf2f6322a914ad602e24e48041cd04a747c6da556b65c4\windows-amd64

VM Arguments:
jvm_args: --add-opens=java.base/java.util=ALL-UNNAMED --add-opens=java.base/java.lang=ALL-UNNAMED --add-opens=java.base/java.lang.invoke=ALL-UNNAMED --add-opens=java.prefs/java.util.prefs=ALL-UNNAMED -Xmx2048m -Dfile.encoding=UTF-8 -Duser.country=IN -Duser.language=en -Duser.variant 
java_command: org.gradle.launcher.daemon.bootstrap.GradleDaemon 6.7.1
java_class_path (initial): C:\Users\Dark Knight\.gradle\wrapper\dists\gradle-6.7.1-bin\bwlcbys1h7rz3272sye1xwiv6\gradle-6.7.1\lib\gradle-launcher-6.7.1.jar
Launcher Type: SUN_STANDARD

[Global flags]
     intx CICompilerCount                          = 4                                         {product} {ergonomic}
     uint ConcGCThreads                            = 2                                         {product} {ergonomic}
     uint G1ConcRefinementThreads                  = 8                                         {product} {ergonomic}
   size_t G1HeapRegionSize                         = 1048576                                   {product} {ergonomic}
    uintx GCDrainStackTargetSize                   = 64                                        {product} {ergonomic}
   size_t InitialHeapSize                          = 134217728                                 {product} {ergonomic}
   size_t MarkStackSize                            = 4194304                                   {product} {ergonomic}
   size_t MaxHeapSize                              = 2147483648                                {product} {command line}
   size_t MaxNewSize                               = 1287651328                                {product} {ergonomic}
   size_t MinHeapDeltaBytes                        = 1048576                                   {product} {ergonomic}
    uintx NonNMethodCodeHeapSize                   = 5836300                                {pd product} {ergonomic}
    uintx NonProfiledCodeHeapSize                  = 122910970                              {pd product} {ergonomic}
    uintx ProfiledCodeHeapSize                     = 122910970                              {pd product} {ergonomic}
    uintx ReservedCodeCacheSize                    = 251658240                              {pd product} {ergonomic}
     bool SegmentedCodeCache                       = true                                      {product} {ergonomic}
     bool UseCompressedClassPointers               = true                                 {lp64_product} {ergonomic}
     bool UseCompressedOops                        = true                                 {lp64_product} {ergonomic}
     bool UseG1GC                                  = true                                      {product} {ergonomic}
     bool UseLargePagesIndividualAllocation        = false                                  {pd product} {ergonomic}

Logging:
Log output configuration:
 #0: stdout all=warning uptime,level,tags
 #1: stderr all=off uptime,level,tags

Environment Variables:
PATH=C:\Windows\system32;C:\Windows;C:\Windows\System32\Wbem;C:\Windows\System32\WindowsPowerShell\v1.0\;C:\Windows\System32\OpenSSH\;C:\Program Files (x86)\NVIDIA Corporation\PhysX\Common;C:\Program Files\NVIDIA Corporation\NVIDIA NvDLISR;C:\WINDOWS\system32;C:\WINDOWS;C:\WINDOWS\System32\Wbem;C:\WINDOWS\System32\WindowsPowerShell\v1.0\;C:\WINDOWS\System32\OpenSSH\;C:\MinGW\bin;C:\Program Files\MEGA-X;C:\WINDOWS\system32;C:\WINDOWS;C:\WINDOWS\System32\Wbem;C:\WINDOWS\System32\WindowsPowerShell\v1.0\;C:\WINDOWS\System32\OpenSSH\;C:\Program Files\Git\cmd;C:\Users\Dark Knight\AppData\Local\Microsoft\WindowsApps;C:\Users\Dark Knight\AppData\Local\atom\bin;C:\Program Files (x86)\Microsoft Visual Studio\2019\BuildTools\MSBuild\Current\Bin;C:\Users\Dark Knight\AppData\Local\Microsoft\WindowsApps
USERNAME=Dark Knight
OS=Windows_NT
PROCESSOR_IDENTIFIER=Intel64 Family 6 Model 158 Stepping 10, GenuineIntel



---------------  S Y S T E M  ---------------

OS: Windows 10 , 64 bit Build 19041 (10.0.19041.1023)
OS uptime: 9 days 23:07 hours

CPU:total 8 (initial active 8) (4 cores per cpu, 2 threads per core) family 6 model 158 stepping 10, cmov, cx8, fxsr, mmx, sse, sse2, sse3, ssse3, sse4.1, sse4.2, popcnt, avx, avx2, aes, clmul, erms, 3dnowpref, lzcnt, ht, tsc, tscinvbit, bmi1, bmi2, adx, fma

Memory: 4k page, system-wide physical 8112M (796M free)
TotalPageFile size 12208M (AvailPageFile size 6M)
current process WorkingSet (physical memory assigned to process): 228M, peak: 228M
current process commit charge ("private bytes"): 290M, peak: 291M

vm_info: OpenJDK 64-Bit Server VM (11.0.8+10-b944.6842174) for windows-amd64 JRE (11.0.8+10-b944.6842174), built on Sep 19 2020 01:11:42 by "builder" with MS VC++ 14.0 (VS2015)

END.
