#
# There is insufficient memory for the Java Runtime Environment to continue.
# Native memory allocation (malloc) failed to allocate 2262416 bytes for Chunk::new
# Possible reasons:
#   The system is out of physical RAM or swap space
#   The process is running with CompressedOops enabled, and the Java Heap may be blocking the growth of the native heap
# Possible solutions:
#   Reduce memory load on the system
#   Increase physical memory or swap space
#   Check if swap backing store is full
#   Decrease Java heap size (-Xmx/-Xms)
#   Decrease number of Java threads
#   Decrease Java thread stack sizes (-Xss)
#   Set larger code cache with -XX:ReservedCodeCacheSize=
#   JVM is running with Unscaled Compressed Oops mode in which the Java heap is
#     placed in the first 4GB address space. The Java Heap base address is the
#     maximum limit for the native heap growth. Please use -XX:HeapBaseMinAddress
#     to set the Java Heap base and to place the Java Heap above 4GB virtual address.
# This output file may be truncated or incomplete.
#
#  Out of Memory Error (./src/hotspot/share/memory/arena.cpp:197), pid=28624, tid=38016
#
# JRE version: OpenJDK Runtime Environment (11.0.8+10) (build 11.0.8+10-b944.6842174)
# Java VM: OpenJDK 64-Bit Server VM (11.0.8+10-b944.6842174, mixed mode, tiered, compressed oops, g1 gc, windows-amd64)
# No core dump will be written. Minidumps are not enabled by default on client versions of Windows
#

---------------  S U M M A R Y ------------

Command Line: --add-opens=java.base/java.util=ALL-UNNAMED --add-opens=java.base/java.lang=ALL-UNNAMED --add-opens=java.base/java.lang.invoke=ALL-UNNAMED --add-opens=java.prefs/java.util.prefs=ALL-UNNAMED -Xmx2048m -Dfile.encoding=UTF-8 -Duser.country=IN -Duser.language=en -Duser.variant org.gradle.launcher.daemon.bootstrap.GradleDaemon 6.7.1

Host: Intel(R) Core(TM) i5-9300H CPU @ 2.40GHz, 8 cores, 7G,  Windows 10 , 64 bit Build 19041 (10.0.19041.1023)
Time: Wed Jul 28 17:11:35 2021 India Standard Time elapsed time: 6 seconds (0d 0h 0m 6s)

---------------  T H R E A D  ---------------

Current thread (0x00000182363d6000):  JavaThread "C2 CompilerThread1" daemon [_thread_in_native, id=38016, stack(0x00000055bd600000,0x00000055bd700000)]


Current CompileTask:
C2:   6713 3250       4       org.codehaus.groovy.runtime.metaclass.MetaMethodIndex::addMethodToList (298 bytes)

Stack: [0x00000055bd600000,0x00000055bd700000]
Native frames: (J=compiled Java code, j=interpreted, Vv=VM code, C=native code)
V  [jvm.dll+0x5de50a]
V  [jvm.dll+0x7122f5]
V  [jvm.dll+0x71384d]
V  [jvm.dll+0x713f03]
V  [jvm.dll+0x23e728]
V  [jvm.dll+0xb899c]
V  [jvm.dll+0xb8e9c]
V  [jvm.dll+0x35020b]
V  [jvm.dll+0x31dea3]
V  [jvm.dll+0x31d39a]
V  [jvm.dll+0x1f7702]
V  [jvm.dll+0x1f68d4]
V  [jvm.dll+0x17f32c]
V  [jvm.dll+0x205047]
V  [jvm.dll+0x203891]
V  [jvm.dll+0x6dad3f]
V  [jvm.dll+0x6d3895]
V  [jvm.dll+0x5dd4a6]
C  [ucrtbase.dll+0x21bb2]
C  [KERNEL32.DLL+0x17034]
C  [ntdll.dll+0x52651]


---------------  P R O C E S S  ---------------

Threads class SMR info:
_java_thread_list=0x0000018238906ba0, length=52, elements={
0x000001821710a800, 0x00000182333d2800, 0x00000182333db800, 0x0000018233d52800,
0x00000182333e9000, 0x00000182333e9800, 0x00000182333f1000, 0x00000182333f2000,
0x0000018233ea4000, 0x0000018233ea8800, 0x0000018235e61000, 0x0000018235ca1000,
0x0000018235779000, 0x0000018235d22000, 0x00000182351b4800, 0x0000018235c0d800,
0x0000018235328800, 0x00000182365e6800, 0x00000182365e7800, 0x0000018236072800,
0x0000018236020800, 0x0000018236020000, 0x000001823601c000, 0x00000182363d6000,
0x0000018236488800, 0x0000018236021800, 0x0000018236022800, 0x000001823601c800,
0x000001823601d800, 0x000001823601e800, 0x000001823601f000, 0x000001823838b800,
0x0000018238385800, 0x000001823838a800, 0x0000018238389800, 0x000001823838c000,
0x0000018238388000, 0x0000018238386800, 0x0000018238389000, 0x000001823838d000,
0x0000018238387800, 0x000001823838f800, 0x0000018238393800, 0x000001823838e000,
0x0000018238392000, 0x000001823838e800, 0x0000018238394800, 0x0000018238392800,
0x0000018238390000, 0x0000018238391000, 0x0000018237d9a000, 0x0000018237d9a800
}

Java Threads: ( => current thread )
  0x000001821710a800 JavaThread "main" [_thread_blocked, id=20560, stack(0x00000055bae00000,0x00000055baf00000)]
  0x00000182333d2800 JavaThread "Reference Handler" daemon [_thread_blocked, id=37588, stack(0x00000055bb500000,0x00000055bb600000)]
  0x00000182333db800 JavaThread "Finalizer" daemon [_thread_blocked, id=39432, stack(0x00000055bb600000,0x00000055bb700000)]
  0x0000018233d52800 JavaThread "Signal Dispatcher" daemon [_thread_blocked, id=29288, stack(0x00000055bb700000,0x00000055bb800000)]
  0x00000182333e9000 JavaThread "Attach Listener" daemon [_thread_blocked, id=34824, stack(0x00000055bb800000,0x00000055bb900000)]
  0x00000182333e9800 JavaThread "C2 CompilerThread0" daemon [_thread_in_native, id=15164, stack(0x00000055bb900000,0x00000055bba00000)]
  0x00000182333f1000 JavaThread "C1 CompilerThread0" daemon [_thread_blocked, id=37984, stack(0x00000055bba00000,0x00000055bbb00000)]
  0x00000182333f2000 JavaThread "Sweeper thread" daemon [_thread_blocked, id=32228, stack(0x00000055bbb00000,0x00000055bbc00000)]
  0x0000018233ea4000 JavaThread "Common-Cleaner" daemon [_thread_blocked, id=30352, stack(0x00000055bbc00000,0x00000055bbd00000)]
  0x0000018233ea8800 JavaThread "Service Thread" daemon [_thread_blocked, id=27368, stack(0x00000055bbd00000,0x00000055bbe00000)]
  0x0000018235e61000 JavaThread "Daemon health stats" [_thread_blocked, id=32036, stack(0x00000055bc300000,0x00000055bc400000)]
  0x0000018235ca1000 JavaThread "Incoming local TCP Connector on port 53890" [_thread_in_native, id=21736, stack(0x00000055bc400000,0x00000055bc500000)]
  0x0000018235779000 JavaThread "Daemon periodic checks" [_thread_blocked, id=40296, stack(0x00000055bc500000,0x00000055bc600000)]
  0x0000018235d22000 JavaThread "Daemon" [_thread_blocked, id=40832, stack(0x00000055bc600000,0x00000055bc700000)]
  0x00000182351b4800 JavaThread "Handler for socket connection from /127.0.0.1:53890 to /127.0.0.1:53891" [_thread_in_native, id=34620, stack(0x00000055bc700000,0x00000055bc800000)]
  0x0000018235c0d800 JavaThread "Cancel handler" [_thread_blocked, id=41852, stack(0x00000055bc800000,0x00000055bc900000)]
  0x0000018235328800 JavaThread "Daemon worker" [_thread_in_vm, id=1920, stack(0x00000055bc900000,0x00000055bca00000)]
  0x00000182365e6800 JavaThread "Asynchronous log dispatcher for DefaultDaemonConnection: socket connection from /127.0.0.1:53890 to /127.0.0.1:53891" [_thread_blocked, id=21968, stack(0x00000055bca00000,0x00000055bcb00000)]
  0x00000182365e7800 JavaThread "Stdin handler" [_thread_blocked, id=39652, stack(0x00000055bcb00000,0x00000055bcc00000)]
  0x0000018236072800 JavaThread "Thread-8" [_thread_blocked, id=33692, stack(0x00000055bcc00000,0x00000055bcd00000)]
  0x0000018236020800 JavaThread "Cache worker for file hash cache (C:\Users\Dark Knight\.gradle\caches\6.7.1\fileHashes)" [_thread_blocked, id=5488, stack(0x00000055bd300000,0x00000055bd400000)]
  0x0000018236020000 JavaThread "File lock request listener" [_thread_in_native, id=25488, stack(0x00000055bd400000,0x00000055bd500000)]
  0x000001823601c000 JavaThread "Cache worker for journal cache (C:\Users\Dark Knight\.gradle\caches\journal-1)" [_thread_blocked, id=34680, stack(0x00000055bd500000,0x00000055bd600000)]
=>0x00000182363d6000 JavaThread "C2 CompilerThread1" daemon [_thread_in_native, id=38016, stack(0x00000055bd600000,0x00000055bd700000)]
  0x0000018236488800 JavaThread "C2 CompilerThread2" daemon [_thread_in_native, id=26976, stack(0x00000055bd700000,0x00000055bd800000)]
  0x0000018236021800 JavaThread "Cache worker for file hash cache (C:\Android Projects\Udemy TUTORIAL\KidsDrawingApp\.gradle\6.7.1\fileHashes)" [_thread_blocked, id=36948, stack(0x00000055bd800000,0x00000055bd900000)]
  0x0000018236022800 JavaThread "jar transforms" [_thread_blocked, id=37596, stack(0x00000055bd900000,0x00000055bda00000)]
  0x000001823601c800 JavaThread "jar transforms Thread 2" [_thread_blocked, id=23792, stack(0x00000055bda00000,0x00000055bdb00000)]
  0x000001823601d800 JavaThread "jar transforms Thread 3" [_thread_blocked, id=10460, stack(0x00000055bdb00000,0x00000055bdc00000)]
  0x000001823601e800 JavaThread "jar transforms Thread 4" [_thread_blocked, id=21228, stack(0x00000055bdc00000,0x00000055bdd00000)]
  0x000001823601f000 JavaThread "jar transforms Thread 5" [_thread_blocked, id=37160, stack(0x00000055bdd00000,0x00000055bde00000)]
  0x000001823838b800 JavaThread "jar transforms Thread 6" [_thread_blocked, id=35532, stack(0x00000055bde00000,0x00000055bdf00000)]
  0x0000018238385800 JavaThread "jar transforms Thread 7" [_thread_blocked, id=40008, stack(0x00000055bdf00000,0x00000055be000000)]
  0x000001823838a800 JavaThread "jar transforms Thread 8" [_thread_blocked, id=33568, stack(0x00000055be000000,0x00000055be100000)]
  0x0000018238389800 JavaThread "jar transforms Thread 9" [_thread_blocked, id=15640, stack(0x00000055be100000,0x00000055be200000)]
  0x000001823838c000 JavaThread "jar transforms Thread 10" [_thread_blocked, id=24496, stack(0x00000055be200000,0x00000055be300000)]
  0x0000018238388000 JavaThread "jar transforms Thread 11" [_thread_blocked, id=30724, stack(0x00000055be300000,0x00000055be400000)]
  0x0000018238386800 JavaThread "jar transforms Thread 12" [_thread_blocked, id=35336, stack(0x00000055be400000,0x00000055be500000)]
  0x0000018238389000 JavaThread "jar transforms Thread 13" [_thread_blocked, id=23660, stack(0x00000055be500000,0x00000055be600000)]
  0x000001823838d000 JavaThread "jar transforms Thread 14" [_thread_blocked, id=6096, stack(0x00000055be600000,0x00000055be700000)]
  0x0000018238387800 JavaThread "jar transforms Thread 15" [_thread_blocked, id=37280, stack(0x00000055be700000,0x00000055be800000)]
  0x000001823838f800 JavaThread "jar transforms Thread 16" [_thread_blocked, id=9412, stack(0x00000055be800000,0x00000055be900000)]
  0x0000018238393800 JavaThread "jar transforms Thread 17" [_thread_blocked, id=32716, stack(0x00000055be900000,0x00000055bea00000)]
  0x000001823838e000 JavaThread "jar transforms Thread 18" [_thread_blocked, id=28304, stack(0x00000055bea00000,0x00000055beb00000)]
  0x0000018238392000 JavaThread "jar transforms Thread 19" [_thread_blocked, id=23884, stack(0x00000055beb00000,0x00000055bec00000)]
  0x000001823838e800 JavaThread "jar transforms Thread 20" [_thread_blocked, id=22408, stack(0x00000055bec00000,0x00000055bed00000)]
  0x0000018238394800 JavaThread "jar transforms Thread 21" [_thread_blocked, id=35288, stack(0x00000055bed00000,0x00000055bee00000)]
  0x0000018238392800 JavaThread "Cache worker for checksums cache (C:\Android Projects\Udemy TUTORIAL\KidsDrawingApp\.gradle\checksums)" [_thread_blocked, id=33352, stack(0x00000055bee00000,0x00000055bef00000)]
  0x0000018238390000 JavaThread "Cache worker for cache directory md-supplier (C:\Users\Dark Knight\.gradle\caches\6.7.1\md-supplier)" [_thread_blocked, id=7720, stack(0x00000055bef00000,0x00000055bf000000)]
  0x0000018238391000 JavaThread "Cache worker for cache directory md-rule (C:\Users\Dark Knight\.gradle\caches\6.7.1\md-rule)" [_thread_blocked, id=25248, stack(0x00000055bf000000,0x00000055bf100000)]
  0x0000018237d9a000 JavaThread "Cache worker for execution history cache (C:\Users\Dark Knight\.gradle\caches\6.7.1\executionHistory)" [_thread_blocked, id=33176, stack(0x00000055bf100000,0x00000055bf200000)]
  0x0000018237d9a800 JavaThread "Cache worker for file content cache (C:\Users\Dark Knight\.gradle\caches\6.7.1\fileContent)" [_thread_blocked, id=26656, stack(0x00000055bf200000,0x00000055bf300000)]

Other Threads:
  0x00000182333ce800 VMThread "VM Thread" [stack: 0x00000055bb400000,0x00000055bb500000] [id=41160]
  0x0000018233ea9800 WatcherThread [stack: 0x00000055bbe00000,0x00000055bbf00000] [id=8308]
  0x0000018217122000 GCTaskThread "GC Thread#0" [stack: 0x00000055baf00000,0x00000055bb000000] [id=17600]
  0x0000018234be2800 GCTaskThread "GC Thread#1" [stack: 0x00000055bc000000,0x00000055bc100000] [id=41632]
  0x0000018234cf6800 GCTaskThread "GC Thread#2" [stack: 0x00000055bc100000,0x00000055bc200000] [id=37492]
  0x0000018235db9000 GCTaskThread "GC Thread#3" [stack: 0x00000055bce00000,0x00000055bcf00000] [id=10848]
  0x0000018235b26800 GCTaskThread "GC Thread#4" [stack: 0x00000055bcf00000,0x00000055bd000000] [id=22140]
  0x0000018235b3a800 GCTaskThread "GC Thread#5" [stack: 0x00000055bd000000,0x00000055bd100000] [id=41480]
  0x0000018236225800 GCTaskThread "GC Thread#6" [stack: 0x00000055bd100000,0x00000055bd200000] [id=25132]
  0x0000018234823000 GCTaskThread "GC Thread#7" [stack: 0x00000055bd200000,0x00000055bd300000] [id=22088]
  0x0000018217152000 ConcurrentGCThread "G1 Main Marker" [stack: 0x00000055bb000000,0x00000055bb100000] [id=38004]
  0x0000018217154000 ConcurrentGCThread "G1 Conc#0" [stack: 0x00000055bb100000,0x00000055bb200000] [id=32452]
  0x0000018235eb4800 ConcurrentGCThread "G1 Conc#1" [stack: 0x00000055bcd00000,0x00000055bce00000] [id=23904]
  0x00000182171e3800 ConcurrentGCThread "G1 Refine#0" [stack: 0x00000055bb200000,0x00000055bb300000] [id=33364]
  0x0000018233220800 ConcurrentGCThread "G1 Young RemSet Sampling" [stack: 0x00000055bb300000,0x00000055bb400000] [id=18472]

Threads with active compile tasks:
C2 CompilerThread0   6731 3252       4       groovy.lang.MetaClassImpl$1MOPIter::methodNameAction (325 bytes)
C2 CompilerThread1   6731 3250       4       org.codehaus.groovy.runtime.metaclass.MetaMethodIndex::addMethodToList (298 bytes)
C2 CompilerThread2   6731 3251       4       org.codehaus.groovy.runtime.metaclass.MetaMethodIndex::isMatchingMethod (65 bytes)

VM state:not at safepoint (normal execution)

VM Mutex/Monitor currently owned by a thread: None

Heap address: 0x0000000080000000, size: 2048 MB, Compressed Oops mode: 32-bit
Narrow klass base: 0x0000000000000000, Narrow klass shift: 3
Compressed class space size: 1073741824 Address: 0x0000000100000000

Heap:
 garbage-first heap   total 131072K, used 96757K [0x0000000080000000, 0x0000000100000000)
  region size 1024K, 57 young (58368K), 4 survivors (4096K)
 Metaspace       used 40376K, capacity 41418K, committed 41548K, reserved 1085440K
  class space    used 5194K, capacity 5592K, committed 5708K, reserved 1048576K
Heap Regions: E=young(eden), S=young(survivor), O=old, HS=humongous(starts), HC=humongous(continues), CS=collection set, F=free, A=archive, TAMS=top-at-mark-start (previous, next)
|   0|0x0000000080000000, 0x0000000080100000, 0x0000000080100000|100%| O|  |TAMS 0x0000000080100000, 0x0000000080000000| Untracked 
|   1|0x0000000080100000, 0x0000000080200000, 0x0000000080200000|100%| O|  |TAMS 0x0000000080200000, 0x0000000080100000| Untracked 
|   2|0x0000000080200000, 0x0000000080300000, 0x0000000080300000|100%| O|  |TAMS 0x0000000080300000, 0x0000000080200000| Untracked 
|   3|0x0000000080300000, 0x0000000080400000, 0x0000000080400000|100%|HS|  |TAMS 0x0000000080400000, 0x0000000080300000| Complete 
|   4|0x0000000080400000, 0x0000000080500000, 0x0000000080500000|100%|HC|  |TAMS 0x0000000080500000, 0x0000000080400000| Complete 
|   5|0x0000000080500000, 0x0000000080600000, 0x0000000080600000|100%|HC|  |TAMS 0x0000000080600000, 0x0000000080500000| Complete 
|   6|0x0000000080600000, 0x0000000080700000, 0x0000000080700000|100%| O|  |TAMS 0x0000000080700000, 0x0000000080600000| Untracked 
|   7|0x0000000080700000, 0x0000000080800000, 0x0000000080800000|100%| O|  |TAMS 0x0000000080800000, 0x0000000080700000| Untracked 
|   8|0x0000000080800000, 0x0000000080900000, 0x0000000080900000|100%| O|  |TAMS 0x0000000080900000, 0x0000000080800000| Untracked 
|   9|0x0000000080900000, 0x0000000080a00000, 0x0000000080a00000|100%| O|  |TAMS 0x0000000080a00000, 0x0000000080900000| Untracked 
|  10|0x0000000080a00000, 0x0000000080b00000, 0x0000000080b00000|100%| O|  |TAMS 0x0000000080b00000, 0x0000000080a00000| Untracked 
|  11|0x0000000080b00000, 0x0000000080c00000, 0x0000000080c00000|100%| O|  |TAMS 0x0000000080c00000, 0x0000000080b00000| Untracked 
|  12|0x0000000080c00000, 0x0000000080d00000, 0x0000000080d00000|100%| O|  |TAMS 0x0000000080d00000, 0x0000000080c00000| Untracked 
|  13|0x0000000080d00000, 0x0000000080e00000, 0x0000000080e00000|100%| O|  |TAMS 0x0000000080e00000, 0x0000000080d00000| Untracked 
|  14|0x0000000080e00000, 0x0000000080f00000, 0x0000000080f00000|100%| O|  |TAMS 0x0000000080f00000, 0x0000000080e00000| Untracked 
|  15|0x0000000080f00000, 0x0000000081000000, 0x0000000081000000|100%| O|  |TAMS 0x0000000081000000, 0x0000000080f00000| Untracked 
|  16|0x0000000081000000, 0x0000000081100000, 0x0000000081100000|100%|HS|  |TAMS 0x0000000081100000, 0x0000000081000000| Complete 
|  17|0x0000000081100000, 0x0000000081200000, 0x0000000081200000|100%|HC|  |TAMS 0x0000000081200000, 0x0000000081100000| Complete 
|  18|0x0000000081200000, 0x0000000081300000, 0x0000000081300000|100%|HS|  |TAMS 0x0000000081300000, 0x0000000081200000| Complete 
|  19|0x0000000081300000, 0x0000000081400000, 0x0000000081400000|100%|HC|  |TAMS 0x0000000081400000, 0x0000000081300000| Complete 
|  20|0x0000000081400000, 0x0000000081500000, 0x0000000081500000|100%|HC|  |TAMS 0x0000000081500000, 0x0000000081400000| Complete 
|  21|0x0000000081500000, 0x0000000081600000, 0x0000000081600000|100%|HS|  |TAMS 0x0000000081600000, 0x0000000081500000| Complete 
|  22|0x0000000081600000, 0x0000000081700000, 0x0000000081700000|100%|HC|  |TAMS 0x0000000081700000, 0x0000000081600000| Complete 
|  23|0x0000000081700000, 0x0000000081800000, 0x0000000081800000|100%|HC|  |TAMS 0x0000000081800000, 0x0000000081700000| Complete 
|  24|0x0000000081800000, 0x0000000081900000, 0x0000000081900000|100%|HC|  |TAMS 0x0000000081900000, 0x0000000081800000| Complete 
|  25|0x0000000081900000, 0x0000000081a00000, 0x0000000081a00000|100%| O|  |TAMS 0x0000000081a00000, 0x0000000081900000| Untracked 
|  26|0x0000000081a00000, 0x0000000081b00000, 0x0000000081b00000|100%| O|  |TAMS 0x0000000081b00000, 0x0000000081a00000| Untracked 
|  27|0x0000000081b00000, 0x0000000081c00000, 0x0000000081c00000|100%| O|  |TAMS 0x0000000081c00000, 0x0000000081b00000| Untracked 
|  28|0x0000000081c00000, 0x0000000081d00000, 0x0000000081d00000|100%| O|  |TAMS 0x0000000081d00000, 0x0000000081c00000| Untracked 
|  29|0x0000000081d00000, 0x0000000081df6c00, 0x0000000081e00000| 96%| O|  |TAMS 0x0000000081df6c00, 0x0000000081d00000| Untracked 
|  30|0x0000000081e00000, 0x0000000081f00000, 0x0000000081f00000|100%|HS|  |TAMS 0x0000000081e00000, 0x0000000081e00000| Complete 
|  31|0x0000000081f00000, 0x0000000082000000, 0x0000000082000000|100%|HS|  |TAMS 0x0000000081f00000, 0x0000000081f00000| Complete 
|  32|0x0000000082000000, 0x0000000082100000, 0x0000000082100000|100%|HC|  |TAMS 0x0000000082000000, 0x0000000082000000| Complete 
|  33|0x0000000082100000, 0x0000000082200000, 0x0000000082200000|100%|HS|  |TAMS 0x0000000082100000, 0x0000000082100000| Complete 
|  34|0x0000000082200000, 0x0000000082300000, 0x0000000082300000|100%|HC|  |TAMS 0x0000000082200000, 0x0000000082200000| Complete 
|  35|0x0000000082300000, 0x0000000082400000, 0x0000000082400000|100%|HC|  |TAMS 0x0000000082300000, 0x0000000082300000| Complete 
|  36|0x0000000082400000, 0x0000000082500000, 0x0000000082500000|100%|HC|  |TAMS 0x0000000082400000, 0x0000000082400000| Complete 
|  37|0x0000000082500000, 0x0000000082600000, 0x0000000082600000|100%|HS|  |TAMS 0x0000000082500000, 0x0000000082500000| Complete 
|  38|0x0000000082600000, 0x0000000082700000, 0x0000000082700000|100%|HC|  |TAMS 0x0000000082600000, 0x0000000082600000| Complete 
|  39|0x0000000082700000, 0x0000000082800000, 0x0000000082800000|100%|HC|  |TAMS 0x0000000082700000, 0x0000000082700000| Complete 
|  40|0x0000000082800000, 0x0000000082800000, 0x0000000082900000|  0%| F|  |TAMS 0x0000000082800000, 0x0000000082800000| Untracked 
|  41|0x0000000082900000, 0x0000000082900000, 0x0000000082a00000|  0%| F|  |TAMS 0x0000000082900000, 0x0000000082900000| Untracked 
|  42|0x0000000082a00000, 0x0000000082a00000, 0x0000000082b00000|  0%| F|  |TAMS 0x0000000082a00000, 0x0000000082a00000| Untracked 
|  43|0x0000000082b00000, 0x0000000082b00000, 0x0000000082c00000|  0%| F|  |TAMS 0x0000000082b00000, 0x0000000082b00000| Untracked 
|  44|0x0000000082c00000, 0x0000000082c00000, 0x0000000082d00000|  0%| F|  |TAMS 0x0000000082c00000, 0x0000000082c00000| Untracked 
|  45|0x0000000082d00000, 0x0000000082d00000, 0x0000000082e00000|  0%| F|  |TAMS 0x0000000082d00000, 0x0000000082d00000| Untracked 
|  46|0x0000000082e00000, 0x0000000082e00000, 0x0000000082f00000|  0%| F|  |TAMS 0x0000000082e00000, 0x0000000082e00000| Untracked 
|  47|0x0000000082f00000, 0x0000000082f00000, 0x0000000083000000|  0%| F|  |TAMS 0x0000000082f00000, 0x0000000082f00000| Untracked 
|  48|0x0000000083000000, 0x0000000083000000, 0x0000000083100000|  0%| F|  |TAMS 0x0000000083000000, 0x0000000083000000| Untracked 
|  49|0x0000000083100000, 0x0000000083100000, 0x0000000083200000|  0%| F|  |TAMS 0x0000000083100000, 0x0000000083100000| Untracked 
|  50|0x0000000083200000, 0x0000000083200000, 0x0000000083300000|  0%| F|  |TAMS 0x0000000083200000, 0x0000000083200000| Untracked 
|  51|0x0000000083300000, 0x0000000083300000, 0x0000000083400000|  0%| F|  |TAMS 0x0000000083300000, 0x0000000083300000| Untracked 
|  52|0x0000000083400000, 0x0000000083400000, 0x0000000083500000|  0%| F|  |TAMS 0x0000000083400000, 0x0000000083400000| Untracked 
|  53|0x0000000083500000, 0x0000000083500000, 0x0000000083600000|  0%| F|  |TAMS 0x0000000083500000, 0x0000000083500000| Untracked 
|  54|0x0000000083600000, 0x0000000083600000, 0x0000000083700000|  0%| F|  |TAMS 0x0000000083600000, 0x0000000083600000| Untracked 
|  55|0x0000000083700000, 0x0000000083700000, 0x0000000083800000|  0%| F|  |TAMS 0x0000000083700000, 0x0000000083700000| Untracked 
|  56|0x0000000083800000, 0x0000000083800000, 0x0000000083900000|  0%| F|  |TAMS 0x0000000083800000, 0x0000000083800000| Untracked 
|  57|0x0000000083900000, 0x0000000083900000, 0x0000000083a00000|  0%| F|  |TAMS 0x0000000083900000, 0x0000000083900000| Untracked 
|  58|0x0000000083a00000, 0x0000000083a00000, 0x0000000083b00000|  0%| F|  |TAMS 0x0000000083a00000, 0x0000000083a00000| Untracked 
|  59|0x0000000083b00000, 0x0000000083b00000, 0x0000000083c00000|  0%| F|  |TAMS 0x0000000083b00000, 0x0000000083b00000| Untracked 
|  60|0x0000000083c00000, 0x0000000083c00000, 0x0000000083d00000|  0%| F|  |TAMS 0x0000000083c00000, 0x0000000083c00000| Untracked 
|  61|0x0000000083d00000, 0x0000000083d00000, 0x0000000083e00000|  0%| F|  |TAMS 0x0000000083d00000, 0x0000000083d00000| Untracked 
|  62|0x0000000083e00000, 0x0000000083e00000, 0x0000000083f00000|  0%| F|  |TAMS 0x0000000083e00000, 0x0000000083e00000| Untracked 
|  63|0x0000000083f00000, 0x0000000083f00000, 0x0000000084000000|  0%| F|  |TAMS 0x0000000083f00000, 0x0000000083f00000| Untracked 
|  64|0x0000000084000000, 0x0000000084000000, 0x0000000084100000|  0%| F|  |TAMS 0x0000000084000000, 0x0000000084000000| Untracked 
|  65|0x0000000084100000, 0x0000000084100000, 0x0000000084200000|  0%| F|  |TAMS 0x0000000084100000, 0x0000000084100000| Untracked 
|  66|0x0000000084200000, 0x0000000084200000, 0x0000000084300000|  0%| F|  |TAMS 0x0000000084200000, 0x0000000084200000| Untracked 
|  67|0x0000000084300000, 0x0000000084300000, 0x0000000084400000|  0%| F|  |TAMS 0x0000000084300000, 0x0000000084300000| Untracked 
|  68|0x0000000084400000, 0x0000000084400000, 0x0000000084500000|  0%| F|  |TAMS 0x0000000084400000, 0x0000000084400000| Untracked 
|  69|0x0000000084500000, 0x0000000084500000, 0x0000000084600000|  0%| F|  |TAMS 0x0000000084500000, 0x0000000084500000| Untracked 
|  70|0x0000000084600000, 0x0000000084600000, 0x0000000084700000|  0%| F|  |TAMS 0x0000000084600000, 0x0000000084600000| Untracked 
|  71|0x0000000084700000, 0x0000000084780800, 0x0000000084800000| 50%| E|  |TAMS 0x0000000084700000, 0x0000000084700000| Complete 
|  72|0x0000000084800000, 0x0000000084900000, 0x0000000084900000|100%| E|CS|TAMS 0x0000000084800000, 0x0000000084800000| Complete 
|  73|0x0000000084900000, 0x0000000084a00000, 0x0000000084a00000|100%| E|CS|TAMS 0x0000000084900000, 0x0000000084900000| Complete 
|  74|0x0000000084a00000, 0x0000000084b00000, 0x0000000084b00000|100%| E|CS|TAMS 0x0000000084a00000, 0x0000000084a00000| Complete 
|  75|0x0000000084b00000, 0x0000000084c00000, 0x0000000084c00000|100%| E|CS|TAMS 0x0000000084b00000, 0x0000000084b00000| Complete 
|  76|0x0000000084c00000, 0x0000000084d00000, 0x0000000084d00000|100%| E|CS|TAMS 0x0000000084c00000, 0x0000000084c00000| Complete 
|  77|0x0000000084d00000, 0x0000000084e00000, 0x0000000084e00000|100%| E|CS|TAMS 0x0000000084d00000, 0x0000000084d00000| Complete 
|  78|0x0000000084e00000, 0x0000000084f00000, 0x0000000084f00000|100%| E|CS|TAMS 0x0000000084e00000, 0x0000000084e00000| Complete 
|  79|0x0000000084f00000, 0x0000000085000000, 0x0000000085000000|100%| E|CS|TAMS 0x0000000084f00000, 0x0000000084f00000| Complete 
|  80|0x0000000085000000, 0x0000000085100000, 0x0000000085100000|100%| E|CS|TAMS 0x0000000085000000, 0x0000000085000000| Complete 
|  81|0x0000000085100000, 0x00000000851868f8, 0x0000000085200000| 52%| S|CS|TAMS 0x0000000085100000, 0x0000000085100000| Complete 
|  82|0x0000000085200000, 0x0000000085300000, 0x0000000085300000|100%| S|CS|TAMS 0x0000000085200000, 0x0000000085200000| Complete 
|  83|0x0000000085300000, 0x0000000085400000, 0x0000000085400000|100%| S|CS|TAMS 0x0000000085300000, 0x0000000085300000| Complete 
|  84|0x0000000085400000, 0x0000000085500000, 0x0000000085500000|100%| S|CS|TAMS 0x0000000085400000, 0x0000000085400000| Complete 
|  85|0x0000000085500000, 0x0000000085600000, 0x0000000085600000|100%| E|CS|TAMS 0x0000000085500000, 0x0000000085500000| Complete 
|  86|0x0000000085600000, 0x0000000085700000, 0x0000000085700000|100%| E|CS|TAMS 0x0000000085600000, 0x0000000085600000| Complete 
|  87|0x0000000085700000, 0x0000000085800000, 0x0000000085800000|100%| E|CS|TAMS 0x0000000085700000, 0x0000000085700000| Complete 
|  88|0x0000000085800000, 0x0000000085900000, 0x0000000085900000|100%| E|CS|TAMS 0x0000000085800000, 0x0000000085800000| Complete 
|  89|0x0000000085900000, 0x0000000085a00000, 0x0000000085a00000|100%| E|CS|TAMS 0x0000000085900000, 0x0000000085900000| Complete 
|  90|0x0000000085a00000, 0x0000000085b00000, 0x0000000085b00000|100%| E|CS|TAMS 0x0000000085a00000, 0x0000000085a00000| Complete 
|  91|0x0000000085b00000, 0x0000000085c00000, 0x0000000085c00000|100%| E|CS|TAMS 0x0000000085b00000, 0x0000000085b00000| Complete 
|  92|0x0000000085c00000, 0x0000000085d00000, 0x0000000085d00000|100%| E|CS|TAMS 0x0000000085c00000, 0x0000000085c00000| Complete 
|  93|0x0000000085d00000, 0x0000000085e00000, 0x0000000085e00000|100%| E|CS|TAMS 0x0000000085d00000, 0x0000000085d00000| Complete 
|  94|0x0000000085e00000, 0x0000000085f00000, 0x0000000085f00000|100%| E|CS|TAMS 0x0000000085e00000, 0x0000000085e00000| Complete 
|  95|0x0000000085f00000, 0x0000000086000000, 0x0000000086000000|100%| E|CS|TAMS 0x0000000085f00000, 0x0000000085f00000| Complete 
|  96|0x0000000086000000, 0x0000000086100000, 0x0000000086100000|100%| E|CS|TAMS 0x0000000086000000, 0x0000000086000000| Complete 
|  97|0x0000000086100000, 0x0000000086200000, 0x0000000086200000|100%| E|CS|TAMS 0x0000000086100000, 0x0000000086100000| Complete 
|  98|0x0000000086200000, 0x0000000086300000, 0x0000000086300000|100%| E|CS|TAMS 0x0000000086200000, 0x0000000086200000| Complete 
|  99|0x0000000086300000, 0x0000000086400000, 0x0000000086400000|100%| E|CS|TAMS 0x0000000086300000, 0x0000000086300000| Complete 
| 100|0x0000000086400000, 0x0000000086500000, 0x0000000086500000|100%| E|CS|TAMS 0x0000000086400000, 0x0000000086400000| Complete 
| 101|0x0000000086500000, 0x0000000086600000, 0x0000000086600000|100%| E|CS|TAMS 0x0000000086500000, 0x0000000086500000| Complete 
| 102|0x0000000086600000, 0x0000000086700000, 0x0000000086700000|100%| E|CS|TAMS 0x0000000086600000, 0x0000000086600000| Complete 
| 103|0x0000000086700000, 0x0000000086800000, 0x0000000086800000|100%| E|CS|TAMS 0x0000000086700000, 0x0000000086700000| Complete 
| 104|0x0000000086800000, 0x0000000086900000, 0x0000000086900000|100%| E|CS|TAMS 0x0000000086800000, 0x0000000086800000| Complete 
| 105|0x0000000086900000, 0x0000000086a00000, 0x0000000086a00000|100%| E|CS|TAMS 0x0000000086900000, 0x0000000086900000| Complete 
| 106|0x0000000086a00000, 0x0000000086b00000, 0x0000000086b00000|100%| E|CS|TAMS 0x0000000086a00000, 0x0000000086a00000| Complete 
| 107|0x0000000086b00000, 0x0000000086c00000, 0x0000000086c00000|100%| E|CS|TAMS 0x0000000086b00000, 0x0000000086b00000| Complete 
| 108|0x0000000086c00000, 0x0000000086d00000, 0x0000000086d00000|100%| E|CS|TAMS 0x0000000086c00000, 0x0000000086c00000| Complete 
| 109|0x0000000086d00000, 0x0000000086e00000, 0x0000000086e00000|100%| E|CS|TAMS 0x0000000086d00000, 0x0000000086d00000| Complete 
| 110|0x0000000086e00000, 0x0000000086f00000, 0x0000000086f00000|100%| E|CS|TAMS 0x0000000086e00000, 0x0000000086e00000| Complete 
| 111|0x0000000086f00000, 0x0000000087000000, 0x0000000087000000|100%| E|CS|TAMS 0x0000000086f00000, 0x0000000086f00000| Complete 
| 112|0x0000000087000000, 0x0000000087100000, 0x0000000087100000|100%| E|CS|TAMS 0x0000000087000000, 0x0000000087000000| Complete 
| 113|0x0000000087100000, 0x0000000087200000, 0x0000000087200000|100%| E|CS|TAMS 0x0000000087100000, 0x0000000087100000| Complete 
| 114|0x0000000087200000, 0x0000000087300000, 0x0000000087300000|100%| E|CS|TAMS 0x0000000087200000, 0x0000000087200000| Complete 
| 115|0x0000000087300000, 0x0000000087400000, 0x0000000087400000|100%| E|CS|TAMS 0x0000000087300000, 0x0000000087300000| Complete 
| 116|0x0000000087400000, 0x0000000087500000, 0x0000000087500000|100%| E|CS|TAMS 0x0000000087400000, 0x0000000087400000| Complete 
| 117|0x0000000087500000, 0x0000000087600000, 0x0000000087600000|100%| E|  |TAMS 0x0000000087500000, 0x0000000087500000| Complete 
| 118|0x0000000087600000, 0x0000000087700000, 0x0000000087700000|100%| E|CS|TAMS 0x0000000087600000, 0x0000000087600000| Complete 
| 119|0x0000000087700000, 0x0000000087800000, 0x0000000087800000|100%| E|CS|TAMS 0x0000000087700000, 0x0000000087700000| Complete 
| 120|0x0000000087800000, 0x0000000087900000, 0x0000000087900000|100%| E|CS|TAMS 0x0000000087800000, 0x0000000087800000| Complete 
| 121|0x0000000087900000, 0x0000000087a00000, 0x0000000087a00000|100%| E|CS|TAMS 0x0000000087900000, 0x0000000087900000| Complete 
| 122|0x0000000087a00000, 0x0000000087b00000, 0x0000000087b00000|100%| E|CS|TAMS 0x0000000087a00000, 0x0000000087a00000| Complete 
| 123|0x0000000087b00000, 0x0000000087c00000, 0x0000000087c00000|100%| E|CS|TAMS 0x0000000087b00000, 0x0000000087b00000| Complete 
| 124|0x0000000087c00000, 0x0000000087d00000, 0x0000000087d00000|100%| E|CS|TAMS 0x0000000087c00000, 0x0000000087c00000| Complete 
| 125|0x0000000087d00000, 0x0000000087e00000, 0x0000000087e00000|100%| E|CS|TAMS 0x0000000087d00000, 0x0000000087d00000| Complete 
| 126|0x0000000087e00000, 0x0000000087f00000, 0x0000000087f00000|100%| E|CS|TAMS 0x0000000087e00000, 0x0000000087e00000| Complete 
| 127|0x0000000087f00000, 0x0000000088000000, 0x0000000088000000|100%| E|CS|TAMS 0x0000000087f00000, 0x0000000087f00000| Complete 

Card table byte_map: [0x000001822c0f0000,0x000001822c4f0000] _byte_map_base: 0x000001822bcf0000

Marking Bits (Prev, Next): (CMBitMap*) 0x00000182171491f8, (CMBitMap*) 0x0000018217149230
 Prev Bits: [0x000001822c8f0000, 0x000001822e8f0000)
 Next Bits: [0x000001822e8f0000, 0x00000182308f0000)

Polling page: 0x00000182171f0000

Metaspace:

Usage:
  Non-class:     35.05 MB capacity,    34.38 MB ( 98%) used,   602.27 KB (  2%) free+waste,    85.56 KB ( <1%) overhead. 
      Class:      5.46 MB capacity,     5.08 MB ( 93%) used,   352.79 KB (  6%) free+waste,    41.88 KB ( <1%) overhead. 
       Both:     40.51 MB capacity,    39.45 MB ( 97%) used,   955.05 KB (  2%) free+waste,   127.44 KB ( <1%) overhead. 

Virtual space:
  Non-class space:       36.00 MB reserved,      35.25 MB ( 98%) committed 
      Class space:        1.00 GB reserved,       5.57 MB ( <1%) committed 
             Both:        1.04 GB reserved,      40.82 MB (  4%) committed 

Chunk freelists:
   Non-Class:  14.00 KB
       Class:  8.00 KB
        Both:  22.00 KB

MaxMetaspaceSize: 17179869184.00 GB
CompressedClassSpaceSize: 1.00 GB

CodeHeap 'non-profiled nmethods': size=120000Kb used=1694Kb max_used=1694Kb free=118305Kb
 bounds [0x0000018223d60000, 0x0000018223fd0000, 0x000001822b290000]
CodeHeap 'profiled nmethods': size=120000Kb used=6426Kb max_used=6426Kb free=113573Kb
 bounds [0x000001821c830000, 0x000001821ce80000, 0x0000018223d60000]
CodeHeap 'non-nmethods': size=5760Kb used=2220Kb max_used=2237Kb free=3539Kb
 bounds [0x000001821c290000, 0x000001821c500000, 0x000001821c830000]
 total_blobs=3869 nmethods=3115 adapters=663
 compilation: enabled
              stopped_count=0, restarted_count=0
 full_count=0

Compilation events (20 events):
Event: 6.702 Thread 0x00000182333f1000 3332       3       java.lang.System$2::getAnnotationType (5 bytes)
Event: 6.702 Thread 0x00000182333f1000 nmethod 3332 0x000001821ce6e510 code [0x000001821ce6e6c0, 0x000001821ce6e7d8]
Event: 6.702 Thread 0x00000182333f1000 3333       3       org.codehaus.groovy.runtime.metaclass.MetaMethodIndex::getHeader (38 bytes)
Event: 6.703 Thread 0x00000182333f1000 nmethod 3333 0x000001821ce6e890 code [0x000001821ce6ea80, 0x000001821ce6f078]
Event: 6.704 Thread 0x00000182333f1000 3334       3       com.sun.beans.util.Cache::index (7 bytes)
Event: 6.704 Thread 0x00000182333f1000 nmethod 3334 0x000001821ce6f290 code [0x000001821ce6f440, 0x000001821ce6f538]
Event: 6.704 Thread 0x00000182333f1000 3335       3       groovy.lang.MetaClassImpl::getMethods (173 bytes)
Event: 6.706 Thread 0x00000182333f1000 nmethod 3335 0x000001821ce6f610 code [0x000001821ce6f960, 0x000001821ce70f98]
Event: 6.706 Thread 0x00000182333f1000 3337  s!   3       java.beans.PropertyDescriptor::getPropertyType (33 bytes)
Event: 6.707 Thread 0x00000182333f1000 nmethod 3337 0x000001821ce71610 code [0x000001821ce71860, 0x000001821ce722c8]
Event: 6.707 Thread 0x00000182333f1000 3336       3       org.codehaus.groovy.runtime.GroovyCategorySupport::getCategoryMethods (21 bytes)
Event: 6.707 Thread 0x00000182333f1000 nmethod 3336 0x000001821ce72610 code [0x000001821ce72820, 0x000001821ce72de8]
Event: 6.707 Thread 0x00000182333f1000 3338       3       java.lang.ClassValue$ClassValueMap::probeBackupLocations (151 bytes)
Event: 6.709 Thread 0x00000182333f1000 nmethod 3338 0x000001821ce72f90 code [0x000001821ce73240, 0x000001821ce74798]
Event: 6.709 Thread 0x00000182333f1000 3339       3       jdk.internal.loader.AbstractClassLoaderValue::sub (10 bytes)
Event: 6.709 Thread 0x00000182333f1000 nmethod 3339 0x000001821ce74c90 code [0x000001821ce74e60, 0x000001821ce75198]
Event: 6.709 Thread 0x00000182333f1000 3340       1       groovy.lang.MetaClassImpl$MethodIndexAction::skipClass (2 bytes)
Event: 6.709 Thread 0x00000182333f1000 nmethod 3340 0x0000018223f06d90 code [0x0000018223f06f40, 0x0000018223f06ff8]
Event: 6.709 Thread 0x00000182333f1000 3341   !   3       java.lang.ClassValue::getFromHashMap (70 bytes)
Event: 6.710 Thread 0x00000182333f1000 nmethod 3341 0x000001821ce75310 code [0x000001821ce755a0, 0x000001821ce761f8]

GC Heap History (12 events):
Event: 1.109 GC heap before
{Heap before GC invocations=0 (full 0):
 garbage-first heap   total 131072K, used 29696K [0x0000000080000000, 0x0000000100000000)
  region size 1024K, 24 young (24576K), 0 survivors (0K)
 Metaspace       used 10456K, capacity 10677K, committed 11008K, reserved 1058816K
  class space    used 1097K, capacity 1195K, committed 1280K, reserved 1048576K
}
Event: 1.115 GC heap after
{Heap after GC invocations=1 (full 0):
 garbage-first heap   total 131072K, used 8627K [0x0000000080000000, 0x0000000100000000)
  region size 1024K, 3 young (3072K), 3 survivors (3072K)
 Metaspace       used 10456K, capacity 10677K, committed 11008K, reserved 1058816K
  class space    used 1097K, capacity 1195K, committed 1280K, reserved 1048576K
}
Event: 1.415 GC heap before
{Heap before GC invocations=1 (full 0):
 garbage-first heap   total 131072K, used 31155K [0x0000000080000000, 0x0000000100000000)
  region size 1024K, 25 young (25600K), 3 survivors (3072K)
 Metaspace       used 11000K, capacity 11150K, committed 11264K, reserved 1058816K
  class space    used 1146K, capacity 1203K, committed 1280K, reserved 1048576K
}
Event: 1.419 GC heap after
{Heap after GC invocations=2 (full 0):
 garbage-first heap   total 131072K, used 11154K [0x0000000080000000, 0x0000000100000000)
  region size 1024K, 3 young (3072K), 3 survivors (3072K)
 Metaspace       used 11000K, capacity 11150K, committed 11264K, reserved 1058816K
  class space    used 1146K, capacity 1203K, committed 1280K, reserved 1048576K
}
Event: 3.915 GC heap before
{Heap before GC invocations=2 (full 0):
 garbage-first heap   total 131072K, used 66450K [0x0000000080000000, 0x0000000100000000)
  region size 1024K, 58 young (59392K), 3 survivors (3072K)
 Metaspace       used 19257K, capacity 19705K, committed 19968K, reserved 1067008K
  class space    used 2349K, capacity 2504K, committed 2560K, reserved 1048576K
}
Event: 3.923 GC heap after
{Heap after GC invocations=3 (full 0):
 garbage-first heap   total 131072K, used 16127K [0x0000000080000000, 0x0000000100000000)
  region size 1024K, 8 young (8192K), 8 survivors (8192K)
 Metaspace       used 19257K, capacity 19705K, committed 19968K, reserved 1067008K
  class space    used 2349K, capacity 2504K, committed 2560K, reserved 1048576K
}
Event: 4.092 GC heap before
{Heap before GC invocations=3 (full 0):
 garbage-first heap   total 131072K, used 23295K [0x0000000080000000, 0x0000000100000000)
  region size 1024K, 16 young (16384K), 8 survivors (8192K)
 Metaspace       used 20573K, capacity 21079K, committed 21248K, reserved 1067008K
  class space    used 2520K, capacity 2690K, committed 2816K, reserved 1048576K
}
Event: 4.104 GC heap after
{Heap after GC invocations=4 (full 0):
 garbage-first heap   total 131072K, used 16512K [0x0000000080000000, 0x0000000100000000)
  region size 1024K, 1 young (1024K), 1 survivors (1024K)
 Metaspace       used 20573K, capacity 21079K, committed 21248K, reserved 1067008K
  class space    used 2520K, capacity 2690K, committed 2816K, reserved 1048576K
}
Event: 4.895 GC heap before
{Heap before GC invocations=5 (full 0):
 garbage-first heap   total 131072K, used 88192K [0x0000000080000000, 0x0000000100000000)
  region size 1024K, 63 young (64512K), 1 survivors (1024K)
 Metaspace       used 27037K, capacity 27809K, committed 27904K, reserved 1073152K
  class space    used 3558K, capacity 3825K, committed 3840K, reserved 1048576K
}
Event: 4.900 GC heap after
{Heap after GC invocations=6 (full 0):
 garbage-first heap   total 131072K, used 30937K [0x0000000080000000, 0x0000000100000000)
  region size 1024K, 6 young (6144K), 6 survivors (6144K)
 Metaspace       used 27037K, capacity 27809K, committed 27904K, reserved 1073152K
  class space    used 3558K, capacity 3825K, committed 3840K, reserved 1048576K
}
Event: 5.885 GC heap before
{Heap before GC invocations=6 (full 0):
 garbage-first heap   total 131072K, used 72921K [0x0000000080000000, 0x0000000100000000)
  region size 1024K, 49 young (50176K), 6 survivors (6144K)
 Metaspace       used 35092K, capacity 35803K, committed 35840K, reserved 1081344K
  class space    used 4566K, capacity 4830K, committed 4864K, reserved 1048576K
}
Event: 5.899 GC heap after
{Heap after GC invocations=7 (full 0):
 garbage-first heap   total 131072K, used 34293K [0x0000000080000000, 0x0000000100000000)
  region size 1024K, 4 young (4096K), 4 survivors (4096K)
 Metaspace       used 35092K, capacity 35803K, committed 35840K, reserved 1081344K
  class space    used 4566K, capacity 4830K, committed 4864K, reserved 1048576K
}

Deoptimization events (20 events):
Event: 6.572 Thread 0x0000018235328800 Uncommon trap: trap_request=0xffffffbe fr.pc=0x0000018223ef0cb0 relative=0x0000000000003d30
Event: 6.572 Thread 0x0000018235328800 Uncommon trap: reason=profile_predicate action=maybe_recompile pc=0x0000018223ef0cb0 method=java.util.AbstractCollection.addAll(Ljava/util/Collection;)Z @ 15 c2
Event: 6.572 Thread 0x0000018235328800 DEOPT PACKING pc=0x0000018223ef0cb0 sp=0x00000055bc9f9b00
Event: 6.572 Thread 0x0000018235328800 DEOPT UNPACKING pc=0x000001821c2b74af sp=0x00000055bc9f9b18 mode 2
Event: 6.623 Thread 0x0000018235328800 DEOPT PACKING pc=0x000001821c8e3f1b sp=0x00000055bc9f9830
Event: 6.623 Thread 0x0000018235328800 DEOPT UNPACKING pc=0x000001821c2b72ce sp=0x00000055bc9f8d70 mode 0
Event: 6.635 Thread 0x0000018235328800 DEOPT PACKING pc=0x000001821cb54fe8 sp=0x00000055bc9fa6d0
Event: 6.635 Thread 0x0000018235328800 DEOPT UNPACKING pc=0x000001821c2b72ce sp=0x00000055bc9f9bd8 mode 0
Event: 6.666 Thread 0x0000018235328800 DEOPT PACKING pc=0x000001821ce2deaa sp=0x00000055bc9f4fd0
Event: 6.666 Thread 0x0000018235328800 DEOPT UNPACKING pc=0x000001821c2b72ce sp=0x00000055bc9f45c0 mode 0
Event: 6.674 Thread 0x0000018235328800 DEOPT PACKING pc=0x000001821ce2deaa sp=0x00000055bc9f4fd0
Event: 6.674 Thread 0x0000018235328800 DEOPT UNPACKING pc=0x000001821c2b72ce sp=0x00000055bc9f45c0 mode 0
Event: 6.678 Thread 0x0000018235328800 Uncommon trap: trap_request=0xffffff4d fr.pc=0x0000018223dd2394 relative=0x00000000000018b4
Event: 6.678 Thread 0x0000018235328800 Uncommon trap: reason=unstable_if action=reinterpret pc=0x0000018223dd2394 method=java.util.zip.ZipFile$Source.initCEN(ILjava/util/zip/ZipCoder;)V @ 582 c2
Event: 6.678 Thread 0x0000018235328800 DEOPT PACKING pc=0x0000018223dd2394 sp=0x00000055bc9f50e0
Event: 6.678 Thread 0x0000018235328800 DEOPT UNPACKING pc=0x000001821c2b74af sp=0x00000055bc9f50c8 mode 2
Event: 6.683 Thread 0x0000018235328800 Uncommon trap: trap_request=0xffffff4d fr.pc=0x0000018223e8d8e0 relative=0x0000000000004d20
Event: 6.683 Thread 0x0000018235328800 Uncommon trap: reason=unstable_if action=reinterpret pc=0x0000018223e8d8e0 method=java.lang.StringLatin1.regionMatchesCI([BI[BII)Z @ 66 c2
Event: 6.683 Thread 0x0000018235328800 DEOPT PACKING pc=0x0000018223e8d8e0 sp=0x00000055bc9f8b50
Event: 6.683 Thread 0x0000018235328800 DEOPT UNPACKING pc=0x000001821c2b74af sp=0x00000055bc9f8900 mode 2

Classes redefined (0 events):
No events

Internal exceptions (20 events):
Event: 6.514 Thread 0x0000018235328800 Exception <a 'java/lang/ClassNotFoundException'{0x00000000858edd48}: sync_studio_tooling3604_cjax7y6fbfhbeapqv9npyddj0Customizer> (0x00000000858edd48) thrown at [./src/hotspot/share/classfile/systemDictionary.cpp, line 231]
Event: 6.548 Thread 0x0000018235328800 Exception <a 'java/lang/ClassNotFoundException'{0x000000008567ef10}: org/gradle/invocation/DefaultGradle_DecoratedBeanInfo> (0x000000008567ef10) thrown at [./src/hotspot/share/classfile/systemDictionary.cpp, line 231]
Event: 6.549 Thread 0x0000018235328800 Exception <a 'java/lang/ClassNotFoundException'{0x00000000856c08e8}: org/gradle/invocation/DefaultGradleBeanInfo> (0x00000000856c08e8) thrown at [./src/hotspot/share/classfile/systemDictionary.cpp, line 231]
Event: 6.550 Thread 0x0000018235328800 Exception <a 'java/lang/ClassNotFoundException'{0x00000000856e16d8}: org/gradle/api/internal/project/AbstractPluginAwareBeanInfo> (0x00000000856e16d8) thrown at [./src/hotspot/share/classfile/systemDictionary.cpp, line 231]
Event: 6.551 Thread 0x0000018235328800 Exception <a 'java/lang/ClassNotFoundException'{0x00000000855029b8}: org/gradle/api/internal/project/AbstractPluginAwareCustomizer> (0x00000000855029b8) thrown at [./src/hotspot/share/classfile/systemDictionary.cpp, line 231]
Event: 6.552 Thread 0x0000018235328800 Exception <a 'java/lang/ClassNotFoundException'{0x0000000085526528}: org/gradle/invocation/DefaultGradleCustomizer> (0x0000000085526528) thrown at [./src/hotspot/share/classfile/systemDictionary.cpp, line 231]
Event: 6.554 Thread 0x0000018235328800 Exception <a 'java/lang/ClassNotFoundException'{0x00000000855744a0}: org/gradle/invocation/DefaultGradle_DecoratedCustomizer> (0x00000000855744a0) thrown at [./src/hotspot/share/classfile/systemDictionary.cpp, line 231]
Event: 6.568 Thread 0x0000018235328800 Exception <a 'java/lang/ClassNotFoundException'{0x0000000085074680}: ijinit9_7fi1g6u4ky316n9rpyee8gyw6BeanInfo> (0x0000000085074680) thrown at [./src/hotspot/share/classfile/systemDictionary.cpp, line 231]
Event: 6.569 Thread 0x0000018235328800 Exception <a 'java/lang/ClassNotFoundException'{0x000000008507daf0}: ijinit9_7fi1g6u4ky316n9rpyee8gyw6Customizer> (0x000000008507daf0) thrown at [./src/hotspot/share/classfile/systemDictionary.cpp, line 231]
Event: 6.663 Thread 0x0000018235328800 Exception <a 'java/lang/ClassNotFoundException'{0x0000000084d49e88}: ijinit9_7fi1g6u4ky316n9rpyee8gyw6BeanInfo> (0x0000000084d49e88) thrown at [./src/hotspot/share/classfile/systemDictionary.cpp, line 231]
Event: 6.663 Thread 0x0000018235328800 Exception <a 'java/lang/ClassNotFoundException'{0x0000000084d53298}: ijinit9_7fi1g6u4ky316n9rpyee8gyw6Customizer> (0x0000000084d53298) thrown at [./src/hotspot/share/classfile/systemDictionary.cpp, line 231]
Event: 6.678 Thread 0x0000018235328800 Implicit null exception at 0x0000018223dd149e to 0x0000018223dd237c
Event: 6.687 Thread 0x0000018235328800 Exception <a 'java/lang/ClassNotFoundException'{0x0000000084c72668}: org/gradle/api/internal/plugins/DefaultObjectConfigurationActionBeanInfo> (0x0000000084c72668) thrown at [./src/hotspot/share/classfile/systemDictionary.cpp, line 231]
Event: 6.687 Thread 0x0000018235328800 Exception <a 'java/lang/ClassNotFoundException'{0x0000000084c95588}: org/gradle/api/internal/plugins/DefaultObjectConfigurationActionCustomizer> (0x0000000084c95588) thrown at [./src/hotspot/share/classfile/systemDictionary.cpp, line 231]
Event: 6.700 Thread 0x0000018235328800 Exception <a 'java/lang/ClassNotFoundException'{0x0000000084b50340}: JetGradlePluginBeanInfo> (0x0000000084b50340) thrown at [./src/hotspot/share/classfile/systemDictionary.cpp, line 231]
Event: 6.700 Thread 0x0000018235328800 Exception <a 'java/lang/ClassNotFoundException'{0x0000000084b5afe0}: JetGradlePluginCustomizer> (0x0000000084b5afe0) thrown at [./src/hotspot/share/classfile/systemDictionary.cpp, line 231]
Event: 6.703 Thread 0x0000018235328800 Exception <a 'java/lang/ClassNotFoundException'{0x0000000084b94670}: groovy/lang/ReferenceBeanInfo> (0x0000000084b94670) thrown at [./src/hotspot/share/classfile/systemDictionary.cpp, line 231]
Event: 6.704 Thread 0x0000018235328800 Exception <a 'java/lang/ClassNotFoundException'{0x0000000084bb0768}: groovy/lang/ReferenceCustomizer> (0x0000000084bb0768) thrown at [./src/hotspot/share/classfile/systemDictionary.cpp, line 231]
Event: 6.708 Thread 0x0000018235328800 Exception <a 'java/lang/ClassNotFoundException'{0x0000000084bec028}: RegistryProcessorBeanInfo> (0x0000000084bec028) thrown at [./src/hotspot/share/classfile/systemDictionary.cpp, line 231]
Event: 6.708 Thread 0x0000018235328800 Exception <a 'java/lang/ClassNotFoundException'{0x0000000084bf6ea8}: RegistryProcessorCustomizer> (0x0000000084bf6ea8) thrown at [./src/hotspot/share/classfile/systemDictionary.cpp, line 231]

Events (20 events):
Event: 6.708 loading class RegistryProcessorBeanInfo
Event: 6.708 loading class RegistryProcessorBeanInfo done
Event: 6.708 loading class RegistryProcessorCustomizer
Event: 6.708 loading class RegistryProcessorCustomizer done
Event: 6.708 loading class RegistryProcessorCustomizer
Event: 6.708 loading class RegistryProcessorCustomizer done
Event: 6.709 loading class org/codehaus/groovy/runtime/callsite/ConstructorSite
Event: 6.709 loading class org/codehaus/groovy/runtime/callsite/ConstructorSite done
Event: 6.709 loading class org/codehaus/groovy/runtime/callsite/ConstructorSite$ConstructorSiteNoUnwrap
Event: 6.709 loading class org/codehaus/groovy/runtime/callsite/ConstructorSite$ConstructorSiteNoUnwrap done
Event: 6.710 loading class org/codehaus/groovy/runtime/callsite/ConstructorSite$ConstructorSiteNoUnwrapNoCoerce
Event: 6.710 loading class org/codehaus/groovy/runtime/callsite/ConstructorSite$ConstructorSiteNoUnwrapNoCoerce done
Event: 6.710 loading class org/jetbrains/plugins/gradle/tooling/internal/ExtraModelBuilder
Event: 6.710 loading class org/jetbrains/plugins/gradle/tooling/internal/ExtraModelBuilder done
Event: 6.711 loading class org/gradle/tooling/provider/model/ToolingModelBuilder
Event: 6.711 loading class org/gradle/tooling/provider/model/ToolingModelBuilder done
Event: 6.711 loading class groovy/runtime/metaclass/org/jetbrains/plugins/gradle/tooling/internal/ExtraModelBuilderMetaClass
Event: 6.711 loading class groovy/runtime/metaclass/org/jetbrains/plugins/gradle/tooling/internal/ExtraModelBuilderMetaClass done
Event: 6.711 loading class org/jetbrains/plugins/gradle/tooling/ModelBuilderContext
Event: 6.711 loading class org/jetbrains/plugins/gradle/tooling/ModelBuilderContext done


Dynamic libraries:
0x00007ff636f50000 - 0x00007ff636f5a000 	C:\Program Files\Android\Android Studio1\jre\bin\java.exe
0x00007ffa0fb90000 - 0x00007ffa0fd85000 	C:\WINDOWS\SYSTEM32\ntdll.dll
0x00007ffa0ef40000 - 0x00007ffa0effd000 	C:\WINDOWS\System32\KERNEL32.DLL
0x00007ffa0d6f0000 - 0x00007ffa0d9b9000 	C:\WINDOWS\System32\KERNELBASE.dll
0x00007ffa0d550000 - 0x00007ffa0d650000 	C:\WINDOWS\System32\ucrtbase.dll
0x00007ffa06670000 - 0x00007ffa06689000 	C:\Program Files\Android\Android Studio1\jre\bin\jli.dll
0x00007ffa06650000 - 0x00007ffa06667000 	C:\Program Files\Android\Android Studio1\jre\bin\VCRUNTIME140.dll
0x00007ffa0dcf0000 - 0x00007ffa0de90000 	C:\WINDOWS\System32\USER32.dll
0x00007ffa0d2d0000 - 0x00007ffa0d2f2000 	C:\WINDOWS\System32\win32u.dll
0x00007ffa0ea80000 - 0x00007ffa0eaaa000 	C:\WINDOWS\System32\GDI32.dll
0x00007ff9f9df0000 - 0x00007ff9fa08a000 	C:\WINDOWS\WinSxS\amd64_microsoft.windows.common-controls_6595b64144ccf1df_6.0.19041.1110_none_60b5254171f9507e\COMCTL32.dll
0x00007ffa0d360000 - 0x00007ffa0d46b000 	C:\WINDOWS\System32\gdi32full.dll
0x00007ffa0f010000 - 0x00007ffa0f0ae000 	C:\WINDOWS\System32\msvcrt.dll
0x00007ffa0d650000 - 0x00007ffa0d6ed000 	C:\WINDOWS\System32\msvcp_win.dll
0x00007ffa0ee60000 - 0x00007ffa0ee90000 	C:\WINDOWS\System32\IMM32.DLL
0x00007ffa065b0000 - 0x00007ffa0664d000 	C:\Program Files\Android\Android Studio1\jre\bin\msvcp140.dll
0x00007ff9ba910000 - 0x00007ff9bb3cc000 	C:\Program Files\Android\Android Studio1\jre\bin\server\jvm.dll
0x00007ffa0ee90000 - 0x00007ffa0ef3c000 	C:\WINDOWS\System32\ADVAPI32.dll
0x00007ffa0e7b0000 - 0x00007ffa0e84b000 	C:\WINDOWS\System32\sechost.dll
0x00007ffa0e210000 - 0x00007ffa0e33a000 	C:\WINDOWS\System32\RPCRT4.dll
0x00007ffa0ed10000 - 0x00007ffa0ed18000 	C:\WINDOWS\System32\PSAPI.DLL
0x00007ffa02310000 - 0x00007ffa02337000 	C:\WINDOWS\SYSTEM32\WINMM.dll
0x00007ffa05b70000 - 0x00007ffa05b79000 	C:\WINDOWS\SYSTEM32\WSOCK32.dll
0x00007ffa04a60000 - 0x00007ffa04a6a000 	C:\WINDOWS\SYSTEM32\VERSION.dll
0x00007ffa0e9a0000 - 0x00007ffa0ea0b000 	C:\WINDOWS\System32\WS2_32.dll
0x00007ffa0bb90000 - 0x00007ffa0bba2000 	C:\WINDOWS\SYSTEM32\kernel.appcore.dll
0x00007ffa058b0000 - 0x00007ffa058c1000 	C:\Program Files\Android\Android Studio1\jre\bin\verify.dll
0x00007ffa0afb0000 - 0x00007ffa0b194000 	C:\WINDOWS\SYSTEM32\DBGHELP.DLL
0x00007ff9fbe70000 - 0x00007ff9fbe9c000 	C:\WINDOWS\SYSTEM32\dbgcore.DLL
0x00007ffa0d4c0000 - 0x00007ffa0d543000 	C:\WINDOWS\System32\bcryptPrimitives.dll
0x00007ffa05880000 - 0x00007ffa058a9000 	C:\Program Files\Android\Android Studio1\jre\bin\java.dll
0x00007ffa07860000 - 0x00007ffa0786b000 	C:\Program Files\Android\Android Studio1\jre\bin\jimage.dll
0x00007ffa01800000 - 0x00007ffa01818000 	C:\Program Files\Android\Android Studio1\jre\bin\zip.dll
0x00007ffa0f0b0000 - 0x00007ffa0f7ef000 	C:\WINDOWS\System32\SHELL32.dll
0x00007ffa0b3e0000 - 0x00007ffa0bb71000 	C:\WINDOWS\SYSTEM32\windows.storage.dll
0x00007ffa0f7f0000 - 0x00007ffa0fb45000 	C:\WINDOWS\System32\combase.dll
0x00007ffa0cd40000 - 0x00007ffa0cd6c000 	C:\WINDOWS\SYSTEM32\Wldp.dll
0x00007ffa0de90000 - 0x00007ffa0df3e000 	C:\WINDOWS\System32\SHCORE.dll
0x00007ffa0ea10000 - 0x00007ffa0ea65000 	C:\WINDOWS\System32\shlwapi.dll
0x00007ffa0d210000 - 0x00007ffa0d22f000 	C:\WINDOWS\SYSTEM32\profapi.dll
0x00007ffa017e0000 - 0x00007ffa017fa000 	C:\Program Files\Android\Android Studio1\jre\bin\net.dll
0x00007ffa014f0000 - 0x00007ffa015fa000 	C:\WINDOWS\SYSTEM32\WINHTTP.dll
0x00007ffa0ca30000 - 0x00007ffa0ca9a000 	C:\WINDOWS\system32\mswsock.dll
0x00007ffa00c50000 - 0x00007ffa00c64000 	C:\Program Files\Android\Android Studio1\jre\bin\nio.dll
0x00007ff9fb720000 - 0x00007ff9fb747000 	C:\Users\Dark Knight\.gradle\native\fdc75f09e3144964f2cf3f50f0aa648679c211496f362492102eb8c894070792\windows-amd64\native-platform.dll
0x00007ff9c1c60000 - 0x00007ff9c1df6000 	C:\Users\Dark Knight\.gradle\native\12488b8bf47d2d4c9fbf2f6322a914ad602e24e48041cd04a747c6da556b65c4\windows-amd64\native-platform-file-events.dll
0x00007ffa07580000 - 0x00007ffa0758a000 	C:\Program Files\Android\Android Studio1\jre\bin\management.dll
0x00007ffa06840000 - 0x00007ffa0684c000 	C:\Program Files\Android\Android Studio1\jre\bin\management_ext.dll
0x00007ffa0cc40000 - 0x00007ffa0cc58000 	C:\WINDOWS\SYSTEM32\CRYPTSP.dll
0x00007ffa0c370000 - 0x00007ffa0c3a4000 	C:\WINDOWS\system32\rsaenh.dll
0x00007ffa0da70000 - 0x00007ffa0da97000 	C:\WINDOWS\System32\bcrypt.dll
0x00007ffa0d1d0000 - 0x00007ffa0d1fe000 	C:\WINDOWS\SYSTEM32\USERENV.dll
0x00007ffa0cc30000 - 0x00007ffa0cc3c000 	C:\WINDOWS\SYSTEM32\CRYPTBASE.dll
0x00007ffa0c720000 - 0x00007ffa0c75b000 	C:\WINDOWS\SYSTEM32\IPHLPAPI.DLL
0x00007ffa0f000000 - 0x00007ffa0f008000 	C:\WINDOWS\System32\NSI.dll
0x00007ffa034e0000 - 0x00007ffa034f7000 	C:\WINDOWS\SYSTEM32\dhcpcsvc6.DLL
0x00007ffa03da0000 - 0x00007ffa03dbd000 	C:\WINDOWS\SYSTEM32\dhcpcsvc.DLL
0x00007ffa0c760000 - 0x00007ffa0c82c000 	C:\WINDOWS\SYSTEM32\DNSAPI.dll
0x00007ffa04a70000 - 0x00007ffa04a7b000 	C:\WINDOWS\SYSTEM32\WINNSI.DLL

dbghelp: loaded successfully - version: 4.0.5 - missing functions: none
symbol engine: initialized successfully - sym options: 0x614 - pdb path: .;C:\Program Files\Android\Android Studio1\jre\bin;C:\WINDOWS\SYSTEM32;C:\WINDOWS\WinSxS\amd64_microsoft.windows.common-controls_6595b64144ccf1df_6.0.19041.1110_none_60b5254171f9507e;C:\Program Files\Android\Android Studio1\jre\bin\server;C:\Users\Dark Knight\.gradle\native\fdc75f09e3144964f2cf3f50f0aa648679c211496f362492102eb8c894070792\windows-amd64;C:\Users\Dark Knight\.gradle\native\12488b8bf47d2d4c9fbf2f6322a914ad602e24e48041cd04a747c6da556b65c4\windows-amd64

VM Arguments:
jvm_args: --add-opens=java.base/java.util=ALL-UNNAMED --add-opens=java.base/java.lang=ALL-UNNAMED --add-opens=java.base/java.lang.invoke=ALL-UNNAMED --add-opens=java.prefs/java.util.prefs=ALL-UNNAMED -Xmx2048m -Dfile.encoding=UTF-8 -Duser.country=IN -Duser.language=en -Duser.variant 
java_command: org.gradle.launcher.daemon.bootstrap.GradleDaemon 6.7.1
java_class_path (initial): C:\Users\Dark Knight\.gradle\wrapper\dists\gradle-6.7.1-bin\bwlcbys1h7rz3272sye1xwiv6\gradle-6.7.1\lib\gradle-launcher-6.7.1.jar
Launcher Type: SUN_STANDARD

[Global flags]
     intx CICompilerCount                          = 4                                         {product} {ergonomic}
     uint ConcGCThreads                            = 2                                         {product} {ergonomic}
     uint G1ConcRefinementThreads                  = 8                                         {product} {ergonomic}
   size_t G1HeapRegionSize                         = 1048576                                   {product} {ergonomic}
    uintx GCDrainStackTargetSize                   = 64                                        {product} {ergonomic}
   size_t InitialHeapSize                          = 134217728                                 {product} {ergonomic}
   size_t MarkStackSize                            = 4194304                                   {product} {ergonomic}
   size_t MaxHeapSize                              = 2147483648                                {product} {command line}
   size_t MaxNewSize                               = 1287651328                                {product} {ergonomic}
   size_t MinHeapDeltaBytes                        = 1048576                                   {product} {ergonomic}
    uintx NonNMethodCodeHeapSize                   = 5836300                                {pd product} {ergonomic}
    uintx NonProfiledCodeHeapSize                  = 122910970                              {pd product} {ergonomic}
    uintx ProfiledCodeHeapSize                     = 122910970                              {pd product} {ergonomic}
    uintx ReservedCodeCacheSize                    = 251658240                              {pd product} {ergonomic}
     bool SegmentedCodeCache                       = true                                      {product} {ergonomic}
     bool UseCompressedClassPointers               = true                                 {lp64_product} {ergonomic}
     bool UseCompressedOops                        = true                                 {lp64_product} {ergonomic}
     bool UseG1GC                                  = true                                      {product} {ergonomic}
     bool UseLargePagesIndividualAllocation        = false                                  {pd product} {ergonomic}

Logging:
Log output configuration:
 #0: stdout all=warning uptime,level,tags
 #1: stderr all=off uptime,level,tags

Environment Variables:
PATH=C:\Windows\system32;C:\Windows;C:\Windows\System32\Wbem;C:\Windows\System32\WindowsPowerShell\v1.0\;C:\Windows\System32\OpenSSH\;C:\Program Files (x86)\NVIDIA Corporation\PhysX\Common;C:\Program Files\NVIDIA Corporation\NVIDIA NvDLISR;C:\WINDOWS\system32;C:\WINDOWS;C:\WINDOWS\System32\Wbem;C:\WINDOWS\System32\WindowsPowerShell\v1.0\;C:\WINDOWS\System32\OpenSSH\;C:\MinGW\bin;C:\Program Files\MEGA-X;C:\WINDOWS\system32;C:\WINDOWS;C:\WINDOWS\System32\Wbem;C:\WINDOWS\System32\WindowsPowerShell\v1.0\;C:\WINDOWS\System32\OpenSSH\;C:\Program Files\Git\cmd;C:\Users\Dark Knight\AppData\Local\Microsoft\WindowsApps;C:\Users\Dark Knight\AppData\Local\atom\bin;C:\Program Files (x86)\Microsoft Visual Studio\2019\BuildTools\MSBuild\Current\Bin;C:\Users\Dark Knight\AppData\Local\Microsoft\WindowsApps
USERNAME=Dark Knight
OS=Windows_NT
PROCESSOR_IDENTIFIER=Intel64 Family 6 Model 158 Stepping 10, GenuineIntel



---------------  S Y S T E M  ---------------

OS: Windows 10 , 64 bit Build 19041 (10.0.19041.1023)
OS uptime: 9 days 23:06 hours

CPU:total 8 (initial active 8) (4 cores per cpu, 2 threads per core) family 6 model 158 stepping 10, cmov, cx8, fxsr, mmx, sse, sse2, sse3, ssse3, sse4.1, sse4.2, popcnt, avx, avx2, aes, clmul, erms, 3dnowpref, lzcnt, ht, tsc, tscinvbit, bmi1, bmi2, adx, fma

Memory: 4k page, system-wide physical 8112M (787M free)
TotalPageFile size 12208M (AvailPageFile size 5M)
current process WorkingSet (physical memory assigned to process): 255M, peak: 255M
current process commit charge ("private bytes"): 315M, peak: 316M

vm_info: OpenJDK 64-Bit Server VM (11.0.8+10-b944.6842174) for windows-amd64 JRE (11.0.8+10-b944.6842174), built on Sep 19 2020 01:11:42 by "builder" with MS VC++ 14.0 (VS2015)

END.
