#
# There is insufficient memory for the Java Runtime Environment to continue.
# Native memory allocation (malloc) failed to allocate 1303296 bytes for Chunk::new
# Possible reasons:
#   The system is out of physical RAM or swap space
#   The process is running with CompressedOops enabled, and the Java Heap may be blocking the growth of the native heap
# Possible solutions:
#   Reduce memory load on the system
#   Increase physical memory or swap space
#   Check if swap backing store is full
#   Decrease Java heap size (-Xmx/-Xms)
#   Decrease number of Java threads
#   Decrease Java thread stack sizes (-Xss)
#   Set larger code cache with -XX:ReservedCodeCacheSize=
#   JVM is running with Unscaled Compressed Oops mode in which the Java heap is
#     placed in the first 4GB address space. The Java Heap base address is the
#     maximum limit for the native heap growth. Please use -XX:HeapBaseMinAddress
#     to set the Java Heap base and to place the Java Heap above 4GB virtual address.
# This output file may be truncated or incomplete.
#
#  Out of Memory Error (./src/hotspot/share/memory/arena.cpp:197), pid=41124, tid=18784
#
# JRE version: OpenJDK Runtime Environment (11.0.8+10) (build 11.0.8+10-b944.6842174)
# Java VM: OpenJDK 64-Bit Server VM (11.0.8+10-b944.6842174, mixed mode, tiered, compressed oops, g1 gc, windows-amd64)
# No core dump will be written. Minidumps are not enabled by default on client versions of Windows
#

---------------  S U M M A R Y ------------

Command Line: --add-opens=java.base/java.util=ALL-UNNAMED --add-opens=java.base/java.lang=ALL-UNNAMED --add-opens=java.base/java.lang.invoke=ALL-UNNAMED --add-opens=java.prefs/java.util.prefs=ALL-UNNAMED -Xmx2048m -Dfile.encoding=UTF-8 -Duser.country=IN -Duser.language=en -Duser.variant org.gradle.launcher.daemon.bootstrap.GradleDaemon 6.7.1

Host: Intel(R) Core(TM) i5-9300H CPU @ 2.40GHz, 8 cores, 7G,  Windows 10 , 64 bit Build 19041 (10.0.19041.1023)
Time: Wed Jul 28 17:07:32 2021 India Standard Time elapsed time: 12 seconds (0d 0h 0m 12s)

---------------  T H R E A D  ---------------

Current thread (0x0000028128d59800):  JavaThread "C2 CompilerThread0" daemon [_thread_in_native, id=18784, stack(0x000000c1af900000,0x000000c1afa00000)]


Current CompileTask:
C2:  12092 6312 %     4       org.gradle.internal.instantiation.generator.AbstractClassGenerator::inspectType @ 77 (560 bytes)

Stack: [0x000000c1af900000,0x000000c1afa00000]
Native frames: (J=compiled Java code, j=interpreted, Vv=VM code, C=native code)
V  [jvm.dll+0x5de50a]
V  [jvm.dll+0x7122f5]
V  [jvm.dll+0x71384d]
V  [jvm.dll+0x713f03]
V  [jvm.dll+0x23e728]
V  [jvm.dll+0xb899c]
V  [jvm.dll+0xb8e9c]
V  [jvm.dll+0x2b20e4]
V  [jvm.dll+0x502098]
V  [jvm.dll+0x1ff393]
V  [jvm.dll+0x1f917c]
V  [jvm.dll+0x1f685f]
V  [jvm.dll+0x17f32c]
V  [jvm.dll+0x205047]
V  [jvm.dll+0x203891]
V  [jvm.dll+0x6dad3f]
V  [jvm.dll+0x6d3895]
V  [jvm.dll+0x5dd4a6]
C  [ucrtbase.dll+0x21bb2]
C  [KERNEL32.DLL+0x17034]
C  [ntdll.dll+0x52651]


---------------  P R O C E S S  ---------------

Threads class SMR info:
_java_thread_list=0x000002812bd3e790, length=160, elements={
0x000002810ea3b000, 0x0000028128d41800, 0x0000028128d4c800, 0x00000281296c2800,
0x0000028128d58800, 0x0000028128d59800, 0x0000028128d5f800, 0x0000028128d69800,
0x0000028129814800, 0x0000028129826000, 0x000002812ba19000, 0x000002812a758800,
0x000002812ad11000, 0x000002812b110000, 0x000002812aa5f000, 0x000002812a0c8800,
0x000002812a5c5000, 0x000002812ab28800, 0x000002812b96c800, 0x000002812abb9800,
0x000002812b4c1800, 0x000002812b4be800, 0x000002812b4bf800, 0x000002812bd73000,
0x000002812b4bd800, 0x000002812b4bc000, 0x000002812b4bd000, 0x000002812b4c0000,
0x000002812b4c1000, 0x000002812b4c2800, 0x000002812dc30000, 0x000002812c41e800,
0x000002812dc31800, 0x000002812dc2f000, 0x000002812dc32800, 0x000002812dc33000,
0x000002812dc30800, 0x000002812dc34000, 0x000002812dc2e800, 0x000002812dc38000,
0x000002812dc37800, 0x000002812dc39800, 0x000002812dc3a800, 0x000002812dc35000,
0x000002812dc35800, 0x000002812dc39000, 0x000002812dc3b800, 0x000002812dc3c000,
0x000002812dc36800, 0x000002812dc3d000, 0x000002812bf3b000, 0x000002812bf39800,
0x000002812bf3a800, 0x000002812bf3c000, 0x000002812bf37000, 0x000002812bf3d800,
0x000002812bf38000, 0x000002812bf3e800, 0x000002812bf38800, 0x000002812bf3f800,
0x000002812bf44000, 0x000002812bf41800, 0x000002812bf41000, 0x000002812bf40000,
0x000002812bf42800, 0x000002812bf43800, 0x000002812bf45000, 0x000002812bf46000,
0x000002812d7af000, 0x000002812d7b1000, 0x000002812d7b5000, 0x000002812d7b6000,
0x000002812d7b1800, 0x000002812d7b0000, 0x000002812d7b3800, 0x000002812d7b4000,
0x000002812d7b6800, 0x000002812d7b7800, 0x000002812d7b2800, 0x000002812d7b8000,
0x000002812d7be000, 0x000002812d7b9000, 0x000002812d7ba000, 0x000002812d7bb800,
0x000002812d7bc800, 0x000002812d7bd000, 0x000002812d7ba800, 0x0000028130824000,
0x0000028130822800, 0x0000028130826000, 0x0000028130823800, 0x0000028130825000,
0x0000028130826800, 0x0000028130821000, 0x0000028130827800, 0x0000028130821800,
0x000002813082d000, 0x000002813082b800, 0x000002813082a000, 0x000002813082a800,
0x0000028130828000, 0x000002813082e000, 0x000002813082c800, 0x000002813082f000,
0x0000028130829000, 0x000002813082f800, 0x000002812dd78000, 0x000002812dd74800,
0x000002812dd76000, 0x000002812dd79800, 0x000002812dd77000, 0x000002812dd75800,
0x000002812dd7a800, 0x000002812dd7d800, 0x000002812dd78800, 0x000002812dd81000,
0x000002812dd7e800, 0x000002812dd7c800, 0x000002812dd7b000, 0x000002812dd80000,
0x000002812dd81800, 0x000002812dd7f000, 0x000002812dd7c000, 0x000002812dd82800,
0x000002812dd83800, 0x000002812e1d8000, 0x000002812e1d3800, 0x000002812e1d8800,
0x000002812e1d3000, 0x000002812e1d9800, 0x000002812e1d7000, 0x000002812e1da000,
0x000002812e1d5800, 0x000002812e1d4800, 0x000002812e1db000, 0x000002812e1dc000,
0x000002812e1d6000, 0x000002812e1dc800, 0x000002812e1df000, 0x000002812e1e0800,
0x000002812e1e1800, 0x000002812e1dd800, 0x000002812e1e0000, 0x000002812e1de800,
0x0000028130ce3800, 0x0000028130cea000, 0x0000028130ce5800, 0x0000028130ce8000,
0x0000028130ce8800, 0x0000028130ce4800, 0x0000028130cec000, 0x0000028130ce9800,
0x0000028130ce6000, 0x0000028130ceb000, 0x0000028130cec800, 0x0000028130ce7000,
0x0000028130cef000, 0x0000028130cf1000, 0x0000028130cf1800, 0x0000028130cf2800
}

Java Threads: ( => current thread )
  0x000002810ea3b000 JavaThread "main" [_thread_blocked, id=18232, stack(0x000000c1aee00000,0x000000c1aef00000)]
  0x0000028128d41800 JavaThread "Reference Handler" daemon [_thread_blocked, id=29168, stack(0x000000c1af500000,0x000000c1af600000)]
  0x0000028128d4c800 JavaThread "Finalizer" daemon [_thread_blocked, id=20688, stack(0x000000c1af600000,0x000000c1af700000)]
  0x00000281296c2800 JavaThread "Signal Dispatcher" daemon [_thread_blocked, id=21016, stack(0x000000c1af700000,0x000000c1af800000)]
  0x0000028128d58800 JavaThread "Attach Listener" daemon [_thread_blocked, id=32464, stack(0x000000c1af800000,0x000000c1af900000)]
=>0x0000028128d59800 JavaThread "C2 CompilerThread0" daemon [_thread_in_native, id=18784, stack(0x000000c1af900000,0x000000c1afa00000)]
  0x0000028128d5f800 JavaThread "C1 CompilerThread0" daemon [_thread_blocked, id=21736, stack(0x000000c1afa00000,0x000000c1afb00000)]
  0x0000028128d69800 JavaThread "Sweeper thread" daemon [_thread_blocked, id=13152, stack(0x000000c1afb00000,0x000000c1afc00000)]
  0x0000028129814800 JavaThread "Common-Cleaner" daemon [_thread_blocked, id=40296, stack(0x000000c1afc00000,0x000000c1afd00000)]
  0x0000028129826000 JavaThread "Service Thread" daemon [_thread_blocked, id=40832, stack(0x000000c1afd00000,0x000000c1afe00000)]
  0x000002812ba19000 JavaThread "Daemon health stats" [_thread_blocked, id=25516, stack(0x000000c1b0300000,0x000000c1b0400000)]
  0x000002812a758800 JavaThread "Incoming local TCP Connector on port 63354" [_thread_in_native, id=21968, stack(0x000000c1b0400000,0x000000c1b0500000)]
  0x000002812ad11000 JavaThread "Daemon periodic checks" [_thread_blocked, id=41192, stack(0x000000c1b0500000,0x000000c1b0600000)]
  0x000002812b110000 JavaThread "Daemon" [_thread_blocked, id=10848, stack(0x000000c1b0600000,0x000000c1b0700000)]
  0x000002812aa5f000 JavaThread "Handler for socket connection from /127.0.0.1:63354 to /127.0.0.1:63355" [_thread_in_native, id=22140, stack(0x000000c1b0700000,0x000000c1b0800000)]
  0x000002812a0c8800 JavaThread "Cancel handler" [_thread_blocked, id=41480, stack(0x000000c1b0800000,0x000000c1b0900000)]
  0x000002812a5c5000 JavaThread "Daemon worker" [_thread_in_Java, id=25132, stack(0x000000c1b0900000,0x000000c1b0a00000)]
  0x000002812ab28800 JavaThread "Asynchronous log dispatcher for DefaultDaemonConnection: socket connection from /127.0.0.1:63354 to /127.0.0.1:63355" [_thread_blocked, id=37160, stack(0x000000c1b0a00000,0x000000c1b0b00000)]
  0x000002812b96c800 JavaThread "Stdin handler" [_thread_blocked, id=22088, stack(0x000000c1b0b00000,0x000000c1b0c00000)]
  0x000002812abb9800 JavaThread "Thread-8" [_thread_blocked, id=5488, stack(0x000000c1b0c00000,0x000000c1b0d00000)]
  0x000002812b4c1800 JavaThread "Cache worker for file hash cache (C:\Users\Dark Knight\.gradle\caches\6.7.1\fileHashes)" [_thread_blocked, id=14356, stack(0x000000c1b1200000,0x000000c1b1300000)]
  0x000002812b4be800 JavaThread "File lock request listener" [_thread_in_native, id=36948, stack(0x000000c1b1300000,0x000000c1b1400000)]
  0x000002812b4bf800 JavaThread "Cache worker for journal cache (C:\Users\Dark Knight\.gradle\caches\journal-1)" [_thread_blocked, id=23792, stack(0x000000c1b1500000,0x000000c1b1600000)]
  0x000002812bd73000 JavaThread "C2 CompilerThread1" daemon [_thread_in_native, id=10460, stack(0x000000c1b1600000,0x000000c1b1700000)]
  0x000002812b4bd800 JavaThread "Cache worker for file hash cache (C:\Android Projects\Udemy TUTORIAL\KidsDrawingApp\.gradle\6.7.1\fileHashes)" [_thread_blocked, id=21228, stack(0x000000c1b1700000,0x000000c1b1800000)]
  0x000002812b4bc000 JavaThread "jar transforms" [_thread_blocked, id=35532, stack(0x000000c1b1800000,0x000000c1b1900000)]
  0x000002812b4bd000 JavaThread "jar transforms Thread 2" [_thread_blocked, id=40008, stack(0x000000c1b1900000,0x000000c1b1a00000)]
  0x000002812b4c0000 JavaThread "jar transforms Thread 3" [_thread_blocked, id=33568, stack(0x000000c1b1a00000,0x000000c1b1b00000)]
  0x000002812b4c1000 JavaThread "jar transforms Thread 4" [_thread_blocked, id=15640, stack(0x000000c1b1b00000,0x000000c1b1c00000)]
  0x000002812b4c2800 JavaThread "jar transforms Thread 5" [_thread_blocked, id=24496, stack(0x000000c1b1c00000,0x000000c1b1d00000)]
  0x000002812dc30000 JavaThread "jar transforms Thread 6" [_thread_blocked, id=30724, stack(0x000000c1b1d00000,0x000000c1b1e00000)]
  0x000002812c41e800 JavaThread "C2 CompilerThread2" daemon [_thread_in_native, id=35336, stack(0x000000c1b1e00000,0x000000c1b1f00000)]
  0x000002812dc31800 JavaThread "jar transforms Thread 7" [_thread_blocked, id=23660, stack(0x000000c1b1f00000,0x000000c1b2000000)]
  0x000002812dc2f000 JavaThread "jar transforms Thread 8" [_thread_blocked, id=6096, stack(0x000000c1b2000000,0x000000c1b2100000)]
  0x000002812dc32800 JavaThread "jar transforms Thread 9" [_thread_blocked, id=37280, stack(0x000000c1b2100000,0x000000c1b2200000)]
  0x000002812dc33000 JavaThread "jar transforms Thread 10" [_thread_blocked, id=9412, stack(0x000000c1b2200000,0x000000c1b2300000)]
  0x000002812dc30800 JavaThread "jar transforms Thread 11" [_thread_blocked, id=32716, stack(0x000000c1b2300000,0x000000c1b2400000)]
  0x000002812dc34000 JavaThread "jar transforms Thread 12" [_thread_blocked, id=28304, stack(0x000000c1b2400000,0x000000c1b2500000)]
  0x000002812dc2e800 JavaThread "jar transforms Thread 13" [_thread_blocked, id=23884, stack(0x000000c1b2500000,0x000000c1b2600000)]
  0x000002812dc38000 JavaThread "jar transforms Thread 14" [_thread_blocked, id=22408, stack(0x000000c1b2600000,0x000000c1b2700000)]
  0x000002812dc37800 JavaThread "jar transforms Thread 15" [_thread_blocked, id=35288, stack(0x000000c1b2700000,0x000000c1b2800000)]
  0x000002812dc39800 JavaThread "jar transforms Thread 16" [_thread_blocked, id=33352, stack(0x000000c1b2800000,0x000000c1b2900000)]
  0x000002812dc3a800 JavaThread "jar transforms Thread 17" [_thread_blocked, id=7720, stack(0x000000c1b2900000,0x000000c1b2a00000)]
  0x000002812dc35000 JavaThread "jar transforms Thread 18" [_thread_blocked, id=25248, stack(0x000000c1b2a00000,0x000000c1b2b00000)]
  0x000002812dc35800 JavaThread "jar transforms Thread 19" [_thread_blocked, id=33176, stack(0x000000c1b2b00000,0x000000c1b2c00000)]
  0x000002812dc39000 JavaThread "jar transforms Thread 20" [_thread_blocked, id=17924, stack(0x000000c1b2c00000,0x000000c1b2d00000)]
  0x000002812dc3b800 JavaThread "jar transforms Thread 21" [_thread_blocked, id=10236, stack(0x000000c1b2d00000,0x000000c1b2e00000)]
  0x000002812dc3c000 JavaThread "Cache worker for checksums cache (C:\Android Projects\Udemy TUTORIAL\KidsDrawingApp\.gradle\checksums)" [_thread_blocked, id=26656, stack(0x000000c1b2e00000,0x000000c1b2f00000)]
  0x000002812dc36800 JavaThread "Cache worker for cache directory md-supplier (C:\Users\Dark Knight\.gradle\caches\6.7.1\md-supplier)" [_thread_blocked, id=37556, stack(0x000000c1b2f00000,0x000000c1b3000000)]
  0x000002812dc3d000 JavaThread "Cache worker for cache directory md-rule (C:\Users\Dark Knight\.gradle\caches\6.7.1\md-rule)" [_thread_blocked, id=11368, stack(0x000000c1b3000000,0x000000c1b3100000)]
  0x000002812bf3b000 JavaThread "Cache worker for execution history cache (C:\Users\Dark Knight\.gradle\caches\6.7.1\executionHistory)" [_thread_blocked, id=31636, stack(0x000000c1b3100000,0x000000c1b3200000)]
  0x000002812bf39800 JavaThread "Cache worker for file content cache (C:\Users\Dark Knight\.gradle\caches\6.7.1\fileContent)" [_thread_blocked, id=28736, stack(0x000000c1b3200000,0x000000c1b3300000)]
  0x000002812bf3a800 JavaThread "Cache worker for Build Output Cleanup Cache (C:\Android Projects\Udemy TUTORIAL\KidsDrawingApp\.gradle\buildOutputCleanup)" [_thread_blocked, id=21000, stack(0x000000c1b3300000,0x000000c1b3400000)]
  0x000002812bf3c000 JavaThread "Build operations" [_thread_blocked, id=21108, stack(0x000000c1b3400000,0x000000c1b3500000)]
  0x000002812bf37000 JavaThread "Build operations Thread 2" [_thread_blocked, id=37860, stack(0x000000c1b3500000,0x000000c1b3600000)]
  0x000002812bf3d800 JavaThread "Build operations Thread 3" [_thread_blocked, id=37052, stack(0x000000c1b3600000,0x000000c1b3700000)]
  0x000002812bf38000 JavaThread "Build operations Thread 4" [_thread_blocked, id=30292, stack(0x000000c1b3700000,0x000000c1b3800000)]
  0x000002812bf3e800 JavaThread "Build operations Thread 5" [_thread_blocked, id=26380, stack(0x000000c1b3800000,0x000000c1b3900000)]
  0x000002812bf38800 JavaThread "Build operations Thread 6" [_thread_blocked, id=31068, stack(0x000000c1b3900000,0x000000c1b3a00000)]
  0x000002812bf3f800 JavaThread "Build operations Thread 7" [_thread_blocked, id=36584, stack(0x000000c1b3a00000,0x000000c1b3b00000)]
  0x000002812bf44000 JavaThread "Build operations Thread 8" [_thread_blocked, id=260, stack(0x000000c1b3b00000,0x000000c1b3c00000)]
  0x000002812bf41800 JavaThread "jar transforms Thread 22" [_thread_blocked, id=27384, stack(0x000000c1b3c00000,0x000000c1b3d00000)]
  0x000002812bf41000 JavaThread "jar transforms Thread 23" [_thread_blocked, id=33560, stack(0x000000c1b3d00000,0x000000c1b3e00000)]
  0x000002812bf40000 JavaThread "jar transforms Thread 24" [_thread_blocked, id=17308, stack(0x000000c1b3e00000,0x000000c1b3f00000)]
  0x000002812bf42800 JavaThread "jar transforms Thread 25" [_thread_blocked, id=5544, stack(0x000000c1b3f00000,0x000000c1b4000000)]
  0x000002812bf43800 JavaThread "jar transforms Thread 26" [_thread_blocked, id=34412, stack(0x000000c1b4000000,0x000000c1b4100000)]
  0x000002812bf45000 JavaThread "jar transforms Thread 27" [_thread_blocked, id=40164, stack(0x000000c1b4100000,0x000000c1b4200000)]
  0x000002812bf46000 JavaThread "jar transforms Thread 28" [_thread_blocked, id=11152, stack(0x000000c1b4200000,0x000000c1b4300000)]
  0x000002812d7af000 JavaThread "jar transforms Thread 29" [_thread_blocked, id=30904, stack(0x000000c1b4300000,0x000000c1b4400000)]
  0x000002812d7b1000 JavaThread "jar transforms Thread 30" [_thread_blocked, id=41264, stack(0x000000c1b4400000,0x000000c1b4500000)]
  0x000002812d7b5000 JavaThread "jar transforms Thread 31" [_thread_blocked, id=38676, stack(0x000000c1b4500000,0x000000c1b4600000)]
  0x000002812d7b6000 JavaThread "jar transforms Thread 32" [_thread_blocked, id=29352, stack(0x000000c1b4600000,0x000000c1b4700000)]
  0x000002812d7b1800 JavaThread "jar transforms Thread 33" [_thread_blocked, id=27956, stack(0x000000c1b4700000,0x000000c1b4800000)]
  0x000002812d7b0000 JavaThread "jar transforms Thread 34" [_thread_blocked, id=30508, stack(0x000000c1b4800000,0x000000c1b4900000)]
  0x000002812d7b3800 JavaThread "jar transforms Thread 35" [_thread_blocked, id=35268, stack(0x000000c1b4900000,0x000000c1b4a00000)]
  0x000002812d7b4000 JavaThread "jar transforms Thread 36" [_thread_blocked, id=12260, stack(0x000000c1b4a00000,0x000000c1b4b00000)]
  0x000002812d7b6800 JavaThread "jar transforms Thread 37" [_thread_blocked, id=39352, stack(0x000000c1b4b00000,0x000000c1b4c00000)]
  0x000002812d7b7800 JavaThread "jar transforms Thread 38" [_thread_blocked, id=20992, stack(0x000000c1b4c00000,0x000000c1b4d00000)]
  0x000002812d7b2800 JavaThread "jar transforms Thread 39" [_thread_blocked, id=21044, stack(0x000000c1b4d00000,0x000000c1b4e00000)]
  0x000002812d7b8000 JavaThread "jar transforms Thread 40" [_thread_blocked, id=33492, stack(0x000000c1b4e00000,0x000000c1b4f00000)]
  0x000002812d7be000 JavaThread "jar transforms Thread 41" [_thread_blocked, id=3252, stack(0x000000c1b4f00000,0x000000c1b5000000)]
  0x000002812d7b9000 JavaThread "jar transforms Thread 42" [_thread_blocked, id=18292, stack(0x000000c1b5000000,0x000000c1b5100000)]
  0x000002812d7ba000 JavaThread "jar transforms Thread 43" [_thread_blocked, id=38792, stack(0x000000c1b5100000,0x000000c1b5200000)]
  0x000002812d7bb800 JavaThread "jar transforms Thread 44" [_thread_blocked, id=33500, stack(0x000000c1b5200000,0x000000c1b5300000)]
  0x000002812d7bc800 JavaThread "jar transforms Thread 45" [_thread_blocked, id=9776, stack(0x000000c1b5300000,0x000000c1b5400000)]
  0x000002812d7bd000 JavaThread "jar transforms Thread 46" [_thread_blocked, id=31776, stack(0x000000c1b5400000,0x000000c1b5500000)]
  0x000002812d7ba800 JavaThread "jar transforms Thread 47" [_thread_blocked, id=29700, stack(0x000000c1b5500000,0x000000c1b5600000)]
  0x0000028130824000 JavaThread "jar transforms Thread 48" [_thread_blocked, id=4040, stack(0x000000c1b5600000,0x000000c1b5700000)]
  0x0000028130822800 JavaThread "jar transforms Thread 49" [_thread_blocked, id=39212, stack(0x000000c1b5700000,0x000000c1b5800000)]
  0x0000028130826000 JavaThread "jar transforms Thread 50" [_thread_blocked, id=14928, stack(0x000000c1b5800000,0x000000c1b5900000)]
  0x0000028130823800 JavaThread "jar transforms Thread 51" [_thread_blocked, id=33272, stack(0x000000c1b5900000,0x000000c1b5a00000)]
  0x0000028130825000 JavaThread "jar transforms Thread 52" [_thread_blocked, id=10760, stack(0x000000c1b5a00000,0x000000c1b5b00000)]
  0x0000028130826800 JavaThread "jar transforms Thread 53" [_thread_blocked, id=15472, stack(0x000000c1b5b00000,0x000000c1b5c00000)]
  0x0000028130821000 JavaThread "jar transforms Thread 54" [_thread_blocked, id=11936, stack(0x000000c1b5c00000,0x000000c1b5d00000)]
  0x0000028130827800 JavaThread "jar transforms Thread 55" [_thread_blocked, id=36556, stack(0x000000c1b5d00000,0x000000c1b5e00000)]
  0x0000028130821800 JavaThread "jar transforms Thread 56" [_thread_blocked, id=30596, stack(0x000000c1b5e00000,0x000000c1b5f00000)]
  0x000002813082d000 JavaThread "jar transforms Thread 57" [_thread_blocked, id=15200, stack(0x000000c1b5f00000,0x000000c1b6000000)]
  0x000002813082b800 JavaThread "jar transforms Thread 58" [_thread_blocked, id=27720, stack(0x000000c1b6000000,0x000000c1b6100000)]
  0x000002813082a000 JavaThread "jar transforms Thread 59" [_thread_blocked, id=3992, stack(0x000000c1b6100000,0x000000c1b6200000)]
  0x000002813082a800 JavaThread "jar transforms Thread 60" [_thread_blocked, id=40720, stack(0x000000c1b6200000,0x000000c1b6300000)]
  0x0000028130828000 JavaThread "jar transforms Thread 61" [_thread_blocked, id=4548, stack(0x000000c1b6300000,0x000000c1b6400000)]
  0x000002813082e000 JavaThread "jar transforms Thread 62" [_thread_blocked, id=4732, stack(0x000000c1b6400000,0x000000c1b6500000)]
  0x000002813082c800 JavaThread "jar transforms Thread 63" [_thread_blocked, id=19860, stack(0x000000c1b6500000,0x000000c1b6600000)]
  0x000002813082f000 JavaThread "jar transforms Thread 64" [_thread_blocked, id=38720, stack(0x000000c1b6600000,0x000000c1b6700000)]
  0x0000028130829000 JavaThread "jar transforms Thread 65" [_thread_blocked, id=26276, stack(0x000000c1b6700000,0x000000c1b6800000)]
  0x000002813082f800 JavaThread "jar transforms Thread 66" [_thread_blocked, id=30536, stack(0x000000c1b6800000,0x000000c1b6900000)]
  0x000002812dd78000 JavaThread "jar transforms Thread 67" [_thread_blocked, id=25804, stack(0x000000c1b6900000,0x000000c1b6a00000)]
  0x000002812dd74800 JavaThread "jar transforms Thread 68" [_thread_blocked, id=23448, stack(0x000000c1b6a00000,0x000000c1b6b00000)]
  0x000002812dd76000 JavaThread "jar transforms Thread 69" [_thread_blocked, id=4924, stack(0x000000c1b6b00000,0x000000c1b6c00000)]
  0x000002812dd79800 JavaThread "jar transforms Thread 70" [_thread_blocked, id=39968, stack(0x000000c1b6c00000,0x000000c1b6d00000)]
  0x000002812dd77000 JavaThread "jar transforms Thread 71" [_thread_blocked, id=40056, stack(0x000000c1b6d00000,0x000000c1b6e00000)]
  0x000002812dd75800 JavaThread "jar transforms Thread 72" [_thread_blocked, id=1384, stack(0x000000c1b6e00000,0x000000c1b6f00000)]
  0x000002812dd7a800 JavaThread "jar transforms Thread 73" [_thread_blocked, id=10120, stack(0x000000c1b6f00000,0x000000c1b7000000)]
  0x000002812dd7d800 JavaThread "jar transforms Thread 74" [_thread_blocked, id=41872, stack(0x000000c1b7000000,0x000000c1b7100000)]
  0x000002812dd78800 JavaThread "jar transforms Thread 75" [_thread_blocked, id=33968, stack(0x000000c1b7100000,0x000000c1b7200000)]
  0x000002812dd81000 JavaThread "jar transforms Thread 76" [_thread_blocked, id=14236, stack(0x000000c1b7200000,0x000000c1b7300000)]
  0x000002812dd7e800 JavaThread "jar transforms Thread 77" [_thread_blocked, id=22416, stack(0x000000c1b7300000,0x000000c1b7400000)]
  0x000002812dd7c800 JavaThread "jar transforms Thread 78" [_thread_blocked, id=36988, stack(0x000000c1b7400000,0x000000c1b7500000)]
  0x000002812dd7b000 JavaThread "jar transforms Thread 79" [_thread_blocked, id=40900, stack(0x000000c1b7500000,0x000000c1b7600000)]
  0x000002812dd80000 JavaThread "jar transforms Thread 80" [_thread_blocked, id=17172, stack(0x000000c1b7600000,0x000000c1b7700000)]
  0x000002812dd81800 JavaThread "jar transforms Thread 81" [_thread_blocked, id=40952, stack(0x000000c1b7700000,0x000000c1b7800000)]
  0x000002812dd7f000 JavaThread "jar transforms Thread 82" [_thread_blocked, id=21272, stack(0x000000c1b7800000,0x000000c1b7900000)]
  0x000002812dd7c000 JavaThread "jar transforms Thread 83" [_thread_blocked, id=34868, stack(0x000000c1b7900000,0x000000c1b7a00000)]
  0x000002812dd82800 JavaThread "jar transforms Thread 84" [_thread_blocked, id=22880, stack(0x000000c1b7a00000,0x000000c1b7b00000)]
  0x000002812dd83800 JavaThread "jar transforms Thread 85" [_thread_blocked, id=2552, stack(0x000000c1b7b00000,0x000000c1b7c00000)]
  0x000002812e1d8000 JavaThread "jar transforms Thread 86" [_thread_blocked, id=16968, stack(0x000000c1b7c00000,0x000000c1b7d00000)]
  0x000002812e1d3800 JavaThread "jar transforms Thread 87" [_thread_blocked, id=41136, stack(0x000000c1b7d00000,0x000000c1b7e00000)]
  0x000002812e1d8800 JavaThread "jar transforms Thread 88" [_thread_blocked, id=35600, stack(0x000000c1b7e00000,0x000000c1b7f00000)]
  0x000002812e1d3000 JavaThread "jar transforms Thread 89" [_thread_blocked, id=38456, stack(0x000000c1b7f00000,0x000000c1b8000000)]
  0x000002812e1d9800 JavaThread "jar transforms Thread 90" [_thread_blocked, id=41620, stack(0x000000c1b8000000,0x000000c1b8100000)]
  0x000002812e1d7000 JavaThread "jar transforms Thread 91" [_thread_blocked, id=25104, stack(0x000000c1b8100000,0x000000c1b8200000)]
  0x000002812e1da000 JavaThread "jar transforms Thread 92" [_thread_blocked, id=21908, stack(0x000000c1b8200000,0x000000c1b8300000)]
  0x000002812e1d5800 JavaThread "jar transforms Thread 93" [_thread_blocked, id=35572, stack(0x000000c1b8300000,0x000000c1b8400000)]
  0x000002812e1d4800 JavaThread "jar transforms Thread 94" [_thread_blocked, id=32152, stack(0x000000c1b8400000,0x000000c1b8500000)]
  0x000002812e1db000 JavaThread "jar transforms Thread 95" [_thread_blocked, id=33544, stack(0x000000c1b8500000,0x000000c1b8600000)]
  0x000002812e1dc000 JavaThread "jar transforms Thread 96" [_thread_blocked, id=26368, stack(0x000000c1b8600000,0x000000c1b8700000)]
  0x000002812e1d6000 JavaThread "jar transforms Thread 97" [_thread_blocked, id=19216, stack(0x000000c1b8700000,0x000000c1b8800000)]
  0x000002812e1dc800 JavaThread "jar transforms Thread 98" [_thread_blocked, id=17632, stack(0x000000c1b8800000,0x000000c1b8900000)]
  0x000002812e1df000 JavaThread "jar transforms Thread 99" [_thread_blocked, id=9004, stack(0x000000c1b8900000,0x000000c1b8a00000)]
  0x000002812e1e0800 JavaThread "jar transforms Thread 100" [_thread_blocked, id=25168, stack(0x000000c1b8a00000,0x000000c1b8b00000)]
  0x000002812e1e1800 JavaThread "jar transforms Thread 101" [_thread_blocked, id=684, stack(0x000000c1b8b00000,0x000000c1b8c00000)]
  0x000002812e1dd800 JavaThread "jar transforms Thread 102" [_thread_blocked, id=35796, stack(0x000000c1b8c00000,0x000000c1b8d00000)]
  0x000002812e1e0000 JavaThread "jar transforms Thread 103" [_thread_blocked, id=26036, stack(0x000000c1b8d00000,0x000000c1b8e00000)]
  0x000002812e1de800 JavaThread "jar transforms Thread 104" [_thread_blocked, id=37284, stack(0x000000c1b8e00000,0x000000c1b8f00000)]
  0x0000028130ce3800 JavaThread "jar transforms Thread 105" [_thread_blocked, id=10304, stack(0x000000c1b8f00000,0x000000c1b9000000)]
  0x0000028130cea000 JavaThread "jar transforms Thread 106" [_thread_blocked, id=20600, stack(0x000000c1b9000000,0x000000c1b9100000)]
  0x0000028130ce5800 JavaThread "jar transforms Thread 107" [_thread_blocked, id=23880, stack(0x000000c1b9100000,0x000000c1b9200000)]
  0x0000028130ce8000 JavaThread "jar transforms Thread 108" [_thread_blocked, id=15368, stack(0x000000c1b9200000,0x000000c1b9300000)]
  0x0000028130ce8800 JavaThread "jar transforms Thread 109" [_thread_blocked, id=27872, stack(0x000000c1b9300000,0x000000c1b9400000)]
  0x0000028130ce4800 JavaThread "jar transforms Thread 110" [_thread_blocked, id=31684, stack(0x000000c1b9400000,0x000000c1b9500000)]
  0x0000028130cec000 JavaThread "jar transforms Thread 111" [_thread_blocked, id=36496, stack(0x000000c1b9500000,0x000000c1b9600000)]
  0x0000028130ce9800 JavaThread "jar transforms Thread 112" [_thread_blocked, id=11848, stack(0x000000c1b9600000,0x000000c1b9700000)]
  0x0000028130ce6000 JavaThread "jar transforms Thread 113" [_thread_blocked, id=2608, stack(0x000000c1b9700000,0x000000c1b9800000)]
  0x0000028130ceb000 JavaThread "jar transforms Thread 114" [_thread_blocked, id=41112, stack(0x000000c1b9800000,0x000000c1b9900000)]
  0x0000028130cec800 JavaThread "jar transforms Thread 115" [_thread_blocked, id=39500, stack(0x000000c1b9900000,0x000000c1b9a00000)]
  0x0000028130ce7000 JavaThread "jar transforms Thread 116" [_thread_blocked, id=35460, stack(0x000000c1b9a00000,0x000000c1b9b00000)]
  0x0000028130cef000 JavaThread "jar transforms Thread 117" [_thread_blocked, id=33596, stack(0x000000c1b9b00000,0x000000c1b9c00000)]
  0x0000028130cf1000 JavaThread "jar transforms Thread 118" [_thread_blocked, id=9104, stack(0x000000c1b9c00000,0x000000c1b9d00000)]
  0x0000028130cf1800 JavaThread "jar transforms Thread 119" [_thread_blocked, id=41072, stack(0x000000c1b9d00000,0x000000c1b9e00000)]
  0x0000028130cf2800 JavaThread "Memory manager" [_thread_blocked, id=16580, stack(0x000000c1b9e00000,0x000000c1b9f00000)]

Other Threads:
  0x0000028128d3d800 VMThread "VM Thread" [stack: 0x000000c1af400000,0x000000c1af500000] [id=32036]
  0x0000028129827000 WatcherThread [stack: 0x000000c1afe00000,0x000000c1aff00000] [id=34620]
  0x000002810ea53000 GCTaskThread "GC Thread#0" [stack: 0x000000c1aef00000,0x000000c1af000000] [id=41916]
  0x000002812a61f000 GCTaskThread "GC Thread#1" [stack: 0x000000c1b0100000,0x000000c1b0200000] [id=41852]
  0x000002812a5ae800 GCTaskThread "GC Thread#2" [stack: 0x000000c1b0200000,0x000000c1b0300000] [id=1920]
  0x000002812b4ab000 GCTaskThread "GC Thread#3" [stack: 0x000000c1b0d00000,0x000000c1b0e00000] [id=25488]
  0x000002812af39000 GCTaskThread "GC Thread#4" [stack: 0x000000c1b0e00000,0x000000c1b0f00000] [id=23904]
  0x000002812b4a8000 GCTaskThread "GC Thread#5" [stack: 0x000000c1b0f00000,0x000000c1b1000000] [id=34680]
  0x000002812b97c800 GCTaskThread "GC Thread#6" [stack: 0x000000c1b1000000,0x000000c1b1100000] [id=38016]
  0x000002812b978800 GCTaskThread "GC Thread#7" [stack: 0x000000c1b1100000,0x000000c1b1200000] [id=26976]
  0x000002810ea83000 ConcurrentGCThread "G1 Main Marker" [stack: 0x000000c1af000000,0x000000c1af100000] [id=41632]
  0x000002810ea86000 ConcurrentGCThread "G1 Conc#0" [stack: 0x000000c1af100000,0x000000c1af200000] [id=37492]
  0x000002812b97a800 ConcurrentGCThread "G1 Conc#1" [stack: 0x000000c1b1400000,0x000000c1b1500000] [id=37596]
  0x0000028128b90800 ConcurrentGCThread "G1 Refine#0" [stack: 0x000000c1af200000,0x000000c1af300000] [id=10432]
  0x0000028128b91800 ConcurrentGCThread "G1 Young RemSet Sampling" [stack: 0x000000c1af300000,0x000000c1af400000] [id=7076]

Threads with active compile tasks:
C2 CompilerThread0  12127 6312 %     4       org.gradle.internal.instantiation.generator.AbstractClassGenerator::inspectType @ 77 (560 bytes)
C2 CompilerThread1  12127 6317       4       java.beans.MethodRef::set (58 bytes)
C2 CompilerThread2  12127 6448       4       sun.reflect.generics.parser.SignatureParser::parseFieldTypeSignature (73 bytes)

VM state:not at safepoint (normal execution)

VM Mutex/Monitor currently owned by a thread: None

Heap address: 0x0000000080000000, size: 2048 MB, Compressed Oops mode: 32-bit
Narrow klass base: 0x0000000000000000, Narrow klass shift: 3
Compressed class space size: 1073741824 Address: 0x0000000100000000

Heap:
 garbage-first heap   total 157696K, used 80759K [0x0000000080000000, 0x0000000100000000)
  region size 1024K, 7 young (7168K), 6 survivors (6144K)
 Metaspace       used 72230K, capacity 73930K, committed 73984K, reserved 1114112K
  class space    used 9373K, capacity 9975K, committed 9984K, reserved 1048576K
Heap Regions: E=young(eden), S=young(survivor), O=old, HS=humongous(starts), HC=humongous(continues), CS=collection set, F=free, A=archive, TAMS=top-at-mark-start (previous, next)
|   0|0x0000000080000000, 0x0000000080100000, 0x0000000080100000|100%| O|  |TAMS 0x0000000080100000, 0x0000000080000000| Untracked 
|   1|0x0000000080100000, 0x0000000080200000, 0x0000000080200000|100%| O|  |TAMS 0x0000000080200000, 0x0000000080100000| Untracked 
|   2|0x0000000080200000, 0x0000000080300000, 0x0000000080300000|100%| O|  |TAMS 0x0000000080300000, 0x0000000080200000| Untracked 
|   3|0x0000000080300000, 0x0000000080400000, 0x0000000080400000|100%|HS|  |TAMS 0x0000000080400000, 0x0000000080300000| Complete 
|   4|0x0000000080400000, 0x0000000080500000, 0x0000000080500000|100%|HC|  |TAMS 0x0000000080500000, 0x0000000080400000| Complete 
|   5|0x0000000080500000, 0x0000000080600000, 0x0000000080600000|100%|HC|  |TAMS 0x0000000080600000, 0x0000000080500000| Complete 
|   6|0x0000000080600000, 0x0000000080700000, 0x0000000080700000|100%| O|  |TAMS 0x0000000080700000, 0x0000000080600000| Untracked 
|   7|0x0000000080700000, 0x0000000080800000, 0x0000000080800000|100%| O|  |TAMS 0x0000000080800000, 0x0000000080700000| Untracked 
|   8|0x0000000080800000, 0x0000000080900000, 0x0000000080900000|100%| O|  |TAMS 0x0000000080900000, 0x0000000080800000| Untracked 
|   9|0x0000000080900000, 0x0000000080a00000, 0x0000000080a00000|100%| O|  |TAMS 0x0000000080a00000, 0x0000000080900000| Untracked 
|  10|0x0000000080a00000, 0x0000000080b00000, 0x0000000080b00000|100%| O|  |TAMS 0x0000000080b00000, 0x0000000080a00000| Untracked 
|  11|0x0000000080b00000, 0x0000000080c00000, 0x0000000080c00000|100%| O|  |TAMS 0x0000000080c00000, 0x0000000080b00000| Untracked 
|  12|0x0000000080c00000, 0x0000000080d00000, 0x0000000080d00000|100%| O|  |TAMS 0x0000000080d00000, 0x0000000080c00000| Untracked 
|  13|0x0000000080d00000, 0x0000000080e00000, 0x0000000080e00000|100%| O|  |TAMS 0x0000000080e00000, 0x0000000080d00000| Untracked 
|  14|0x0000000080e00000, 0x0000000080f00000, 0x0000000080f00000|100%| O|  |TAMS 0x0000000080f00000, 0x0000000080e00000| Untracked 
|  15|0x0000000080f00000, 0x0000000081000000, 0x0000000081000000|100%| O|  |TAMS 0x0000000081000000, 0x0000000080f00000| Untracked 
|  16|0x0000000081000000, 0x0000000081100000, 0x0000000081100000|100%|HS|  |TAMS 0x0000000081100000, 0x0000000081000000| Complete 
|  17|0x0000000081100000, 0x0000000081200000, 0x0000000081200000|100%|HC|  |TAMS 0x0000000081200000, 0x0000000081100000| Complete 
|  18|0x0000000081200000, 0x0000000081300000, 0x0000000081300000|100%|HS|  |TAMS 0x0000000081300000, 0x0000000081200000| Complete 
|  19|0x0000000081300000, 0x0000000081400000, 0x0000000081400000|100%|HC|  |TAMS 0x0000000081400000, 0x0000000081300000| Complete 
|  20|0x0000000081400000, 0x0000000081500000, 0x0000000081500000|100%|HC|  |TAMS 0x0000000081500000, 0x0000000081400000| Complete 
|  21|0x0000000081500000, 0x0000000081600000, 0x0000000081600000|100%|HS|  |TAMS 0x0000000081600000, 0x0000000081500000| Complete 
|  22|0x0000000081600000, 0x0000000081700000, 0x0000000081700000|100%|HC|  |TAMS 0x0000000081700000, 0x0000000081600000| Complete 
|  23|0x0000000081700000, 0x0000000081800000, 0x0000000081800000|100%|HC|  |TAMS 0x0000000081800000, 0x0000000081700000| Complete 
|  24|0x0000000081800000, 0x0000000081900000, 0x0000000081900000|100%|HC|  |TAMS 0x0000000081900000, 0x0000000081800000| Complete 
|  25|0x0000000081900000, 0x0000000081a00000, 0x0000000081a00000|100%| O|  |TAMS 0x0000000081a00000, 0x0000000081900000| Untracked 
|  26|0x0000000081a00000, 0x0000000081b00000, 0x0000000081b00000|100%| O|  |TAMS 0x0000000081b00000, 0x0000000081a00000| Untracked 
|  27|0x0000000081b00000, 0x0000000081c00000, 0x0000000081c00000|100%| O|  |TAMS 0x0000000081c00000, 0x0000000081b00000| Untracked 
|  28|0x0000000081c00000, 0x0000000081d00000, 0x0000000081d00000|100%| O|  |TAMS 0x0000000081d00000, 0x0000000081c00000| Untracked 
|  29|0x0000000081d00000, 0x0000000081e00000, 0x0000000081e00000|100%| O|  |TAMS 0x0000000081e00000, 0x0000000081d00000| Untracked 
|  30|0x0000000081e00000, 0x0000000081f00000, 0x0000000081f00000|100%| O|  |TAMS 0x0000000081f00000, 0x0000000081e00000| Untracked 
|  31|0x0000000081f00000, 0x0000000082000000, 0x0000000082000000|100%| O|  |TAMS 0x0000000082000000, 0x0000000081f00000| Untracked 
|  32|0x0000000082000000, 0x0000000082100000, 0x0000000082100000|100%| O|  |TAMS 0x0000000082100000, 0x0000000082000000| Untracked 
|  33|0x0000000082100000, 0x0000000082200000, 0x0000000082200000|100%|HS|  |TAMS 0x0000000082200000, 0x0000000082100000| Complete 
|  34|0x0000000082200000, 0x0000000082300000, 0x0000000082300000|100%|HC|  |TAMS 0x0000000082300000, 0x0000000082200000| Complete 
|  35|0x0000000082300000, 0x0000000082400000, 0x0000000082400000|100%|HC|  |TAMS 0x0000000082400000, 0x0000000082300000| Complete 
|  36|0x0000000082400000, 0x0000000082500000, 0x0000000082500000|100%|HC|  |TAMS 0x0000000082500000, 0x0000000082400000| Complete 
|  37|0x0000000082500000, 0x0000000082600000, 0x0000000082600000|100%|HS|  |TAMS 0x0000000082600000, 0x0000000082500000| Complete 
|  38|0x0000000082600000, 0x0000000082700000, 0x0000000082700000|100%|HC|  |TAMS 0x0000000082700000, 0x0000000082600000| Complete 
|  39|0x0000000082700000, 0x0000000082800000, 0x0000000082800000|100%|HC|  |TAMS 0x0000000082800000, 0x0000000082700000| Complete 
|  40|0x0000000082800000, 0x0000000082900000, 0x0000000082900000|100%| O|  |TAMS 0x0000000082900000, 0x0000000082800000| Untracked 
|  41|0x0000000082900000, 0x0000000082a00000, 0x0000000082a00000|100%| O|  |TAMS 0x0000000082a00000, 0x0000000082900000| Untracked 
|  42|0x0000000082a00000, 0x0000000082b00000, 0x0000000082b00000|100%| O|  |TAMS 0x0000000082b00000, 0x0000000082a00000| Untracked 
|  43|0x0000000082b00000, 0x0000000082c00000, 0x0000000082c00000|100%| O|  |TAMS 0x0000000082c00000, 0x0000000082b00000| Untracked 
|  44|0x0000000082c00000, 0x0000000082d00000, 0x0000000082d00000|100%| O|  |TAMS 0x0000000082d00000, 0x0000000082c00000| Untracked 
|  45|0x0000000082d00000, 0x0000000082e00000, 0x0000000082e00000|100%| O|  |TAMS 0x0000000082e00000, 0x0000000082d00000| Untracked 
|  46|0x0000000082e00000, 0x0000000082f00000, 0x0000000082f00000|100%| O|  |TAMS 0x0000000082f00000, 0x0000000082e00000| Untracked 
|  47|0x0000000082f00000, 0x0000000083000000, 0x0000000083000000|100%| O|  |TAMS 0x0000000083000000, 0x0000000082f00000| Untracked 
|  48|0x0000000083000000, 0x0000000083100000, 0x0000000083100000|100%|HS|  |TAMS 0x0000000083100000, 0x0000000083000000| Complete 
|  49|0x0000000083100000, 0x0000000083200000, 0x0000000083200000|100%|HS|  |TAMS 0x0000000083200000, 0x0000000083100000| Complete 
|  50|0x0000000083200000, 0x0000000083300000, 0x0000000083300000|100%|HS|  |TAMS 0x0000000083300000, 0x0000000083200000| Complete 
|  51|0x0000000083300000, 0x0000000083400000, 0x0000000083400000|100%|HC|  |TAMS 0x0000000083400000, 0x0000000083300000| Complete 
|  52|0x0000000083400000, 0x0000000083500000, 0x0000000083500000|100%|HC|  |TAMS 0x0000000083500000, 0x0000000083400000| Complete 
|  53|0x0000000083500000, 0x0000000083600000, 0x0000000083600000|100%|HS|  |TAMS 0x0000000083600000, 0x0000000083500000| Complete 
|  54|0x0000000083600000, 0x0000000083700000, 0x0000000083700000|100%|HC|  |TAMS 0x0000000083700000, 0x0000000083600000| Complete 
|  55|0x0000000083700000, 0x0000000083800000, 0x0000000083800000|100%| O|  |TAMS 0x0000000083800000, 0x0000000083700000| Untracked 
|  56|0x0000000083800000, 0x0000000083900000, 0x0000000083900000|100%| O|  |TAMS 0x0000000083900000, 0x0000000083800000| Untracked 
|  57|0x0000000083900000, 0x0000000083a00000, 0x0000000083a00000|100%| O|  |TAMS 0x0000000083a00000, 0x0000000083900000| Untracked 
|  58|0x0000000083a00000, 0x0000000083b00000, 0x0000000083b00000|100%| O|  |TAMS 0x0000000083b00000, 0x0000000083a00000| Untracked 
|  59|0x0000000083b00000, 0x0000000083c00000, 0x0000000083c00000|100%| O|  |TAMS 0x0000000083c00000, 0x0000000083b00000| Untracked 
|  60|0x0000000083c00000, 0x0000000083d00000, 0x0000000083d00000|100%| O|  |TAMS 0x0000000083d00000, 0x0000000083c00000| Untracked 
|  61|0x0000000083d00000, 0x0000000083e00000, 0x0000000083e00000|100%| O|  |TAMS 0x0000000083e00000, 0x0000000083d00000| Untracked 
|  62|0x0000000083e00000, 0x0000000083f00000, 0x0000000083f00000|100%| O|  |TAMS 0x0000000083f00000, 0x0000000083e00000| Untracked 
|  63|0x0000000083f00000, 0x0000000084000000, 0x0000000084000000|100%| O|  |TAMS 0x0000000084000000, 0x0000000083f00000| Untracked 
|  64|0x0000000084000000, 0x0000000084100000, 0x0000000084100000|100%| O|  |TAMS 0x0000000084100000, 0x0000000084000000| Untracked 
|  65|0x0000000084100000, 0x0000000084200000, 0x0000000084200000|100%| O|  |TAMS 0x0000000084200000, 0x0000000084100000| Untracked 
|  66|0x0000000084200000, 0x0000000084300000, 0x0000000084300000|100%| O|  |TAMS 0x0000000084200000, 0x0000000084200000| Untracked 
|  67|0x0000000084300000, 0x0000000084400000, 0x0000000084400000|100%| O|  |TAMS 0x0000000084400000, 0x0000000084300000| Untracked 
|  68|0x0000000084400000, 0x0000000084500000, 0x0000000084500000|100%| O|  |TAMS 0x0000000084500000, 0x0000000084400000| Untracked 
|  69|0x0000000084500000, 0x0000000084600000, 0x0000000084600000|100%| O|  |TAMS 0x0000000084600000, 0x0000000084500000| Untracked 
|  70|0x0000000084600000, 0x0000000084700000, 0x0000000084700000|100%| O|  |TAMS 0x0000000084700000, 0x0000000084600000| Untracked 
|  71|0x0000000084700000, 0x0000000084800000, 0x0000000084800000|100%| O|  |TAMS 0x000000008474c600, 0x0000000084700000| Untracked 
|  72|0x0000000084800000, 0x0000000084900000, 0x0000000084900000|100%| O|  |TAMS 0x0000000084800000, 0x0000000084800000| Untracked 
|  73|0x0000000084900000, 0x0000000084921400, 0x0000000084a00000| 12%| O|  |TAMS 0x0000000084900000, 0x0000000084900000| Untracked 
|  74|0x0000000084a00000, 0x0000000084a00000, 0x0000000084b00000|  0%| F|  |TAMS 0x0000000084a00000, 0x0000000084a00000| Untracked 
|  75|0x0000000084b00000, 0x0000000084b00000, 0x0000000084c00000|  0%| F|  |TAMS 0x0000000084b00000, 0x0000000084b00000| Untracked 
|  76|0x0000000084c00000, 0x0000000084c00000, 0x0000000084d00000|  0%| F|  |TAMS 0x0000000084c00000, 0x0000000084c00000| Untracked 
|  77|0x0000000084d00000, 0x0000000084d00000, 0x0000000084e00000|  0%| F|  |TAMS 0x0000000084d00000, 0x0000000084d00000| Untracked 
|  78|0x0000000084e00000, 0x0000000084e00000, 0x0000000084f00000|  0%| F|  |TAMS 0x0000000084e00000, 0x0000000084e00000| Untracked 
|  79|0x0000000084f00000, 0x0000000084f00000, 0x0000000085000000|  0%| F|  |TAMS 0x0000000084f00000, 0x0000000084f00000| Untracked 
|  80|0x0000000085000000, 0x0000000085000000, 0x0000000085100000|  0%| F|  |TAMS 0x0000000085000000, 0x0000000085000000| Untracked 
|  81|0x0000000085100000, 0x0000000085100000, 0x0000000085200000|  0%| F|  |TAMS 0x0000000085100000, 0x0000000085100000| Untracked 
|  82|0x0000000085200000, 0x0000000085200000, 0x0000000085300000|  0%| F|  |TAMS 0x0000000085200000, 0x0000000085200000| Untracked 
|  83|0x0000000085300000, 0x0000000085300000, 0x0000000085400000|  0%| F|  |TAMS 0x0000000085300000, 0x0000000085300000| Untracked 
|  84|0x0000000085400000, 0x0000000085400000, 0x0000000085500000|  0%| F|  |TAMS 0x0000000085400000, 0x0000000085400000| Untracked 
|  85|0x0000000085500000, 0x0000000085500000, 0x0000000085600000|  0%| F|  |TAMS 0x0000000085500000, 0x0000000085500000| Untracked 
|  86|0x0000000085600000, 0x0000000085600000, 0x0000000085700000|  0%| F|  |TAMS 0x0000000085600000, 0x0000000085600000| Untracked 
|  87|0x0000000085700000, 0x0000000085700000, 0x0000000085800000|  0%| F|  |TAMS 0x0000000085700000, 0x0000000085700000| Untracked 
|  88|0x0000000085800000, 0x0000000085800000, 0x0000000085900000|  0%| F|  |TAMS 0x0000000085800000, 0x0000000085800000| Untracked 
|  89|0x0000000085900000, 0x0000000085900000, 0x0000000085a00000|  0%| F|  |TAMS 0x0000000085900000, 0x0000000085900000| Untracked 
|  90|0x0000000085a00000, 0x0000000085a00000, 0x0000000085b00000|  0%| F|  |TAMS 0x0000000085a00000, 0x0000000085a00000| Untracked 
|  91|0x0000000085b00000, 0x0000000085b00000, 0x0000000085c00000|  0%| F|  |TAMS 0x0000000085b00000, 0x0000000085b00000| Untracked 
|  92|0x0000000085c00000, 0x0000000085c00000, 0x0000000085d00000|  0%| F|  |TAMS 0x0000000085c00000, 0x0000000085c00000| Untracked 
|  93|0x0000000085d00000, 0x0000000085d00000, 0x0000000085e00000|  0%| F|  |TAMS 0x0000000085d00000, 0x0000000085d00000| Untracked 
|  94|0x0000000085e00000, 0x0000000085e00000, 0x0000000085f00000|  0%| F|  |TAMS 0x0000000085e00000, 0x0000000085e00000| Untracked 
|  95|0x0000000085f00000, 0x0000000085f00000, 0x0000000086000000|  0%| F|  |TAMS 0x0000000085f00000, 0x0000000085f00000| Untracked 
|  96|0x0000000086000000, 0x0000000086000000, 0x0000000086100000|  0%| F|  |TAMS 0x0000000086000000, 0x0000000086000000| Untracked 
|  97|0x0000000086100000, 0x0000000086100000, 0x0000000086200000|  0%| F|  |TAMS 0x0000000086100000, 0x0000000086100000| Untracked 
|  98|0x0000000086200000, 0x0000000086200000, 0x0000000086300000|  0%| F|  |TAMS 0x0000000086200000, 0x0000000086200000| Untracked 
|  99|0x0000000086300000, 0x0000000086300000, 0x0000000086400000|  0%| F|  |TAMS 0x0000000086300000, 0x0000000086300000| Untracked 
| 100|0x0000000086400000, 0x00000000864bc8b0, 0x0000000086500000| 73%| S|CS|TAMS 0x0000000086400000, 0x0000000086400000| Complete 
| 101|0x0000000086500000, 0x0000000086600000, 0x0000000086600000|100%| S|CS|TAMS 0x0000000086500000, 0x0000000086500000| Complete 
| 102|0x0000000086600000, 0x0000000086700000, 0x0000000086700000|100%| S|CS|TAMS 0x0000000086600000, 0x0000000086600000| Complete 
| 103|0x0000000086700000, 0x0000000086800000, 0x0000000086800000|100%| S|CS|TAMS 0x0000000086700000, 0x0000000086700000| Complete 
| 104|0x0000000086800000, 0x0000000086900000, 0x0000000086900000|100%| S|CS|TAMS 0x0000000086800000, 0x0000000086800000| Complete 
| 105|0x0000000086900000, 0x0000000086a00000, 0x0000000086a00000|100%| S|CS|TAMS 0x0000000086900000, 0x0000000086900000| Complete 
| 106|0x0000000086a00000, 0x0000000086a00000, 0x0000000086b00000|  0%| F|  |TAMS 0x0000000086a00000, 0x0000000086a00000| Untracked 
| 107|0x0000000086b00000, 0x0000000086b00000, 0x0000000086c00000|  0%| F|  |TAMS 0x0000000086b00000, 0x0000000086b00000| Untracked 
| 108|0x0000000086c00000, 0x0000000086c00000, 0x0000000086d00000|  0%| F|  |TAMS 0x0000000086c00000, 0x0000000086c00000| Untracked 
| 109|0x0000000086d00000, 0x0000000086d00000, 0x0000000086e00000|  0%| F|  |TAMS 0x0000000086d00000, 0x0000000086d00000| Untracked 
| 110|0x0000000086e00000, 0x0000000086e00000, 0x0000000086f00000|  0%| F|  |TAMS 0x0000000086e00000, 0x0000000086e00000| Untracked 
| 111|0x0000000086f00000, 0x0000000086f00000, 0x0000000087000000|  0%| F|  |TAMS 0x0000000086f00000, 0x0000000086f00000| Untracked 
| 112|0x0000000087000000, 0x0000000087000000, 0x0000000087100000|  0%| F|  |TAMS 0x0000000087000000, 0x0000000087000000| Untracked 
| 113|0x0000000087100000, 0x0000000087100000, 0x0000000087200000|  0%| F|  |TAMS 0x0000000087100000, 0x0000000087100000| Untracked 
| 114|0x0000000087200000, 0x0000000087200000, 0x0000000087300000|  0%| F|  |TAMS 0x0000000087200000, 0x0000000087200000| Untracked 
| 115|0x0000000087300000, 0x0000000087300000, 0x0000000087400000|  0%| F|  |TAMS 0x0000000087300000, 0x0000000087300000| Untracked 
| 116|0x0000000087400000, 0x0000000087400000, 0x0000000087500000|  0%| F|  |TAMS 0x0000000087400000, 0x0000000087400000| Untracked 
| 117|0x0000000087500000, 0x0000000087500000, 0x0000000087600000|  0%| F|  |TAMS 0x0000000087500000, 0x0000000087500000| Untracked 
| 118|0x0000000087600000, 0x0000000087600000, 0x0000000087700000|  0%| F|  |TAMS 0x0000000087600000, 0x0000000087600000| Untracked 
| 119|0x0000000087700000, 0x0000000087700000, 0x0000000087800000|  0%| F|  |TAMS 0x0000000087700000, 0x0000000087700000| Untracked 
| 120|0x0000000087800000, 0x0000000087800000, 0x0000000087900000|  0%| F|  |TAMS 0x0000000087800000, 0x0000000087800000| Untracked 
| 121|0x0000000087900000, 0x0000000087900000, 0x0000000087a00000|  0%| F|  |TAMS 0x0000000087900000, 0x0000000087900000| Untracked 
| 122|0x0000000087a00000, 0x0000000087a00000, 0x0000000087b00000|  0%| F|  |TAMS 0x0000000087a00000, 0x0000000087a00000| Untracked 
| 123|0x0000000087b00000, 0x0000000087b00000, 0x0000000087c00000|  0%| F|  |TAMS 0x0000000087b00000, 0x0000000087b00000| Untracked 
| 124|0x0000000087c00000, 0x0000000087c00000, 0x0000000087d00000|  0%| F|  |TAMS 0x0000000087c00000, 0x0000000087c00000| Untracked 
| 125|0x0000000087d00000, 0x0000000087d00000, 0x0000000087e00000|  0%| F|  |TAMS 0x0000000087d00000, 0x0000000087d00000| Untracked 
| 126|0x0000000087e00000, 0x0000000087e00000, 0x0000000087f00000|  0%| F|  |TAMS 0x0000000087e00000, 0x0000000087e00000| Untracked 
| 127|0x0000000087f00000, 0x0000000087f00000, 0x0000000088000000|  0%| F|  |TAMS 0x0000000087f00000, 0x0000000087f00000| Untracked 
| 128|0x0000000088000000, 0x0000000088000000, 0x0000000088100000|  0%| F|  |TAMS 0x0000000088000000, 0x0000000088000000| Untracked 
| 129|0x0000000088100000, 0x0000000088100000, 0x0000000088200000|  0%| F|  |TAMS 0x0000000088100000, 0x0000000088100000| Untracked 
| 130|0x0000000088200000, 0x0000000088200000, 0x0000000088300000|  0%| F|  |TAMS 0x0000000088200000, 0x0000000088200000| Untracked 
| 131|0x0000000088300000, 0x0000000088300000, 0x0000000088400000|  0%| F|  |TAMS 0x0000000088300000, 0x0000000088300000| Untracked 
| 132|0x0000000088400000, 0x0000000088400000, 0x0000000088500000|  0%| F|  |TAMS 0x0000000088400000, 0x0000000088400000| Untracked 
| 133|0x0000000088500000, 0x0000000088500000, 0x0000000088600000|  0%| F|  |TAMS 0x0000000088500000, 0x0000000088500000| Untracked 
| 134|0x0000000088600000, 0x0000000088600000, 0x0000000088700000|  0%| F|  |TAMS 0x0000000088600000, 0x0000000088600000| Untracked 
| 135|0x0000000088700000, 0x0000000088700000, 0x0000000088800000|  0%| F|  |TAMS 0x0000000088700000, 0x0000000088700000| Untracked 
| 136|0x0000000088800000, 0x0000000088800000, 0x0000000088900000|  0%| F|  |TAMS 0x0000000088800000, 0x0000000088800000| Untracked 
| 137|0x0000000088900000, 0x0000000088900000, 0x0000000088a00000|  0%| F|  |TAMS 0x0000000088900000, 0x0000000088900000| Untracked 
| 138|0x0000000088a00000, 0x0000000088a00000, 0x0000000088b00000|  0%| F|  |TAMS 0x0000000088a00000, 0x0000000088a00000| Untracked 
| 139|0x0000000088b00000, 0x0000000088b00000, 0x0000000088c00000|  0%| F|  |TAMS 0x0000000088b00000, 0x0000000088b00000| Untracked 
| 140|0x0000000088c00000, 0x0000000088c00000, 0x0000000088d00000|  0%| F|  |TAMS 0x0000000088c00000, 0x0000000088c00000| Untracked 
| 141|0x0000000088d00000, 0x0000000088d00000, 0x0000000088e00000|  0%| F|  |TAMS 0x0000000088d00000, 0x0000000088d00000| Untracked 
| 142|0x0000000088e00000, 0x0000000088e00000, 0x0000000088f00000|  0%| F|  |TAMS 0x0000000088e00000, 0x0000000088e00000| Untracked 
| 143|0x0000000088f00000, 0x0000000088f00000, 0x0000000089000000|  0%| F|  |TAMS 0x0000000088f00000, 0x0000000088f00000| Untracked 
| 144|0x0000000089000000, 0x0000000089000000, 0x0000000089100000|  0%| F|  |TAMS 0x0000000089000000, 0x0000000089000000| Untracked 
| 145|0x0000000089100000, 0x0000000089100000, 0x0000000089200000|  0%| F|  |TAMS 0x0000000089100000, 0x0000000089100000| Untracked 
| 146|0x0000000089200000, 0x0000000089200000, 0x0000000089300000|  0%| F|  |TAMS 0x0000000089200000, 0x0000000089200000| Untracked 
| 147|0x0000000089300000, 0x0000000089300000, 0x0000000089400000|  0%| F|  |TAMS 0x0000000089300000, 0x0000000089300000| Untracked 
| 148|0x0000000089400000, 0x0000000089400000, 0x0000000089500000|  0%| F|  |TAMS 0x0000000089400000, 0x0000000089400000| Untracked 
| 149|0x0000000089500000, 0x0000000089500000, 0x0000000089600000|  0%| F|  |TAMS 0x0000000089500000, 0x0000000089500000| Untracked 
| 150|0x0000000089600000, 0x0000000089600000, 0x0000000089700000|  0%| F|  |TAMS 0x0000000089600000, 0x0000000089600000| Untracked 
| 151|0x0000000089700000, 0x0000000089700000, 0x0000000089800000|  0%| F|  |TAMS 0x0000000089700000, 0x0000000089700000| Untracked 
| 152|0x0000000089800000, 0x0000000089800000, 0x0000000089900000|  0%| F|  |TAMS 0x0000000089800000, 0x0000000089800000| Untracked 
| 153|0x0000000089900000, 0x0000000089a00000, 0x0000000089a00000|100%| E|  |TAMS 0x0000000089900000, 0x0000000089900000| Complete 

Card table byte_map: [0x0000028121af0000,0x0000028121ef0000] _byte_map_base: 0x00000281216f0000

Marking Bits (Prev, Next): (CMBitMap*) 0x000002810ea79fa8, (CMBitMap*) 0x000002810ea79fe0
 Prev Bits: [0x00000281222f0000, 0x00000281242f0000)
 Next Bits: [0x00000281242f0000, 0x00000281262f0000)

Polling page: 0x000002810e220000

Metaspace:

Usage:
  Non-class:     62.52 MB capacity,    61.43 MB ( 98%) used,   951.63 KB (  1%) free+waste,   160.25 KB ( <1%) overhead. 
      Class:      9.74 MB capacity,     9.16 MB ( 94%) used,   519.52 KB (  5%) free+waste,    75.38 KB ( <1%) overhead. 
       Both:     72.26 MB capacity,    70.59 MB ( 98%) used,     1.44 MB (  2%) free+waste,   235.63 KB ( <1%) overhead. 

Virtual space:
  Non-class space:       64.00 MB reserved,      62.75 MB ( 98%) committed 
      Class space:        1.00 GB reserved,       9.75 MB ( <1%) committed 
             Both:        1.06 GB reserved,      72.50 MB (  7%) committed 

Chunk freelists:
   Non-Class:  45.00 KB
       Class:  9.00 KB
        Both:  54.00 KB

MaxMetaspaceSize: 17179869184.00 GB
CompressedClassSpaceSize: 1.00 GB

CodeHeap 'non-profiled nmethods': size=120000Kb used=3923Kb max_used=3923Kb free=116076Kb
 bounds [0x0000028119e90000, 0x000002811a270000, 0x00000281213c0000]
CodeHeap 'profiled nmethods': size=120000Kb used=13598Kb max_used=13598Kb free=106401Kb
 bounds [0x0000028112960000, 0x00000281136b0000, 0x0000028119e90000]
CodeHeap 'non-nmethods': size=5760Kb used=2284Kb max_used=2305Kb free=3475Kb
 bounds [0x00000281123c0000, 0x0000028112630000, 0x0000028112960000]
 total_blobs=7060 nmethods=6226 adapters=743
 compilation: enabled
              stopped_count=0, restarted_count=0
 full_count=0

Compilation events (20 events):
Event: 12.011 Thread 0x0000028128d5f800 6475       3       sun.nio.fs.WindowsPath::compareTo (118 bytes)
Event: 12.013 Thread 0x0000028128d5f800 nmethod 6475 0x000002811368ca90 code [0x000002811368cde0, 0x000002811368e2a8]
Event: 12.013 Thread 0x0000028128d5f800 6476       3       org.objectweb.asm.ClassReader::readConst (276 bytes)
Event: 12.017 Thread 0x0000028128d5f800 nmethod 6476 0x000002811368ec90 code [0x000002811368f1a0, 0x0000028113691b98]
Event: 12.017 Thread 0x0000028128d5f800 6474       3       sun.nio.fs.WindowsPath::equals (30 bytes)
Event: 12.017 Thread 0x0000028128d5f800 nmethod 6474 0x0000028113692c10 code [0x0000028113692de0, 0x0000028113693268]
Event: 12.018 Thread 0x0000028128d5f800 6478       3       org.objectweb.asm.MethodWriter::visitFrame (811 bytes)
Event: 12.021 Thread 0x0000028128d5f800 nmethod 6478 0x0000028113693310 code [0x0000028113693820, 0x0000028113695908]
Event: 12.023 Thread 0x0000028128d5f800 6479   !   3       jdk.internal.reflect.GeneratedConstructorAccessor12::newInstance (77 bytes)
Event: 12.024 Thread 0x0000028128d5f800 nmethod 6479 0x0000028113696810 code [0x0000028113696aa0, 0x0000028113697718]
Event: 12.026 Thread 0x0000028128d5f800 6482       3       org.objectweb.asm.Handler::putExceptionTable (63 bytes)
Event: 12.027 Thread 0x0000028128d5f800 nmethod 6482 0x0000028113697c90 code [0x0000028113697ec0, 0x00000281136982e8]
Event: 12.027 Thread 0x0000028128d5f800 6481       3       org.objectweb.asm.MethodWriter::putMethodInfo (1274 bytes)
Event: 12.031 Thread 0x0000028128d5f800 nmethod 6481 0x0000028113698590 code [0x0000028113698c40, 0x000002811369b308]
Event: 12.031 Thread 0x0000028128d5f800 6484       3       org.objectweb.asm.ClassReader::readStackMapFrame (535 bytes)
Event: 12.032 Thread 0x0000028128d5f800 nmethod 6484 0x000002811369c610 code [0x000002811369c8e0, 0x000002811369da98]
Event: 12.032 Thread 0x0000028128d5f800 6483       3       org.objectweb.asm.MethodWriter::canCopyMethodAttributes (163 bytes)
Event: 12.033 Thread 0x0000028128d5f800 nmethod 6483 0x000002811369e190 code [0x000002811369e3a0, 0x000002811369ead8]
Event: 12.034 Thread 0x0000028128d5f800 6485       3       org.objectweb.asm.ClassVisitor::<init> (82 bytes)
Event: 12.035 Thread 0x0000028128d5f800 nmethod 6485 0x000002811369ed90 code [0x000002811369f020, 0x000002811369fac8]

GC Heap History (20 events):
Event: 6.284 GC heap before
{Heap before GC invocations=6 (full 0):
 garbage-first heap   total 131072K, used 39991K [0x0000000080000000, 0x0000000100000000)
  region size 1024K, 15 young (15360K), 7 survivors (7168K)
 Metaspace       used 35016K, capacity 35803K, committed 35840K, reserved 1081344K
  class space    used 4549K, capacity 4830K, committed 4864K, reserved 1048576K
}
Event: 6.308 GC heap after
{Heap after GC invocations=7 (full 0):
 garbage-first heap   total 131072K, used 34829K [0x0000000080000000, 0x0000000100000000)
  region size 1024K, 2 young (2048K), 2 survivors (2048K)
 Metaspace       used 35016K, capacity 35803K, committed 35840K, reserved 1081344K
  class space    used 4549K, capacity 4830K, committed 4864K, reserved 1048576K
}
Event: 6.987 GC heap before
{Heap before GC invocations=8 (full 0):
 garbage-first heap   total 131072K, used 74765K [0x0000000080000000, 0x0000000100000000)
  region size 1024K, 39 young (39936K), 2 survivors (2048K)
 Metaspace       used 39723K, capacity 40593K, committed 40832K, reserved 1085440K
  class space    used 5099K, capacity 5429K, committed 5504K, reserved 1048576K
}
Event: 6.992 GC heap after
{Heap after GC invocations=9 (full 0):
 garbage-first heap   total 131072K, used 36205K [0x0000000080000000, 0x0000000100000000)
  region size 1024K, 4 young (4096K), 4 survivors (4096K)
 Metaspace       used 39723K, capacity 40593K, committed 40832K, reserved 1085440K
  class space    used 5099K, capacity 5429K, committed 5504K, reserved 1048576K
}
Event: 7.550 GC heap before
{Heap before GC invocations=9 (full 0):
 garbage-first heap   total 131072K, used 83309K [0x0000000080000000, 0x0000000100000000)
  region size 1024K, 43 young (44032K), 4 survivors (4096K)
 Metaspace       used 42850K, capacity 44032K, committed 44288K, reserved 1087488K
  class space    used 5449K, capacity 5840K, committed 5888K, reserved 1048576K
}
Event: 7.556 GC heap after
{Heap after GC invocations=10 (full 0):
 garbage-first heap   total 131072K, used 48173K [0x0000000080000000, 0x0000000100000000)
  region size 1024K, 6 young (6144K), 6 survivors (6144K)
 Metaspace       used 42850K, capacity 44032K, committed 44288K, reserved 1087488K
  class space    used 5449K, capacity 5840K, committed 5888K, reserved 1048576K
}
Event: 7.930 GC heap before
{Heap before GC invocations=10 (full 0):
 garbage-first heap   total 131072K, used 86061K [0x0000000080000000, 0x0000000100000000)
  region size 1024K, 43 young (44032K), 6 survivors (6144K)
 Metaspace       used 44990K, capacity 46334K, committed 46464K, reserved 1089536K
  class space    used 5799K, capacity 6202K, committed 6272K, reserved 1048576K
}
Event: 7.937 GC heap after
{Heap after GC invocations=11 (full 0):
 garbage-first heap   total 131072K, used 51258K [0x0000000080000000, 0x0000000100000000)
  region size 1024K, 3 young (3072K), 3 survivors (3072K)
 Metaspace       used 44990K, capacity 46334K, committed 46464K, reserved 1089536K
  class space    used 5799K, capacity 6202K, committed 6272K, reserved 1048576K
}
Event: 8.591 GC heap before
{Heap before GC invocations=11 (full 0):
 garbage-first heap   total 131072K, used 90170K [0x0000000080000000, 0x0000000100000000)
  region size 1024K, 41 young (41984K), 3 survivors (3072K)
 Metaspace       used 46938K, capacity 48236K, committed 48512K, reserved 1091584K
  class space    used 6029K, capacity 6445K, committed 6528K, reserved 1048576K
}
Event: 8.597 GC heap after
{Heap after GC invocations=12 (full 0):
 garbage-first heap   total 131072K, used 52893K [0x0000000080000000, 0x0000000100000000)
  region size 1024K, 5 young (5120K), 5 survivors (5120K)
 Metaspace       used 46938K, capacity 48236K, committed 48512K, reserved 1091584K
  class space    used 6029K, capacity 6445K, committed 6528K, reserved 1048576K
}
Event: 9.100 GC heap before
{Heap before GC invocations=12 (full 0):
 garbage-first heap   total 131072K, used 98973K [0x0000000080000000, 0x0000000100000000)
  region size 1024K, 44 young (45056K), 5 survivors (5120K)
 Metaspace       used 50967K, capacity 52413K, committed 52608K, reserved 1095680K
  class space    used 6506K, capacity 6940K, committed 7040K, reserved 1048576K
}
Event: 9.116 GC heap after
{Heap after GC invocations=13 (full 0):
 garbage-first heap   total 131072K, used 67144K [0x0000000080000000, 0x0000000100000000)
  region size 1024K, 6 young (6144K), 6 survivors (6144K)
 Metaspace       used 50967K, capacity 52413K, committed 52608K, reserved 1095680K
  class space    used 6506K, capacity 6940K, committed 7040K, reserved 1048576K
}
Event: 9.641 GC heap before
{Heap before GC invocations=13 (full 0):
 garbage-first heap   total 131072K, used 99912K [0x0000000080000000, 0x0000000100000000)
  region size 1024K, 38 young (38912K), 6 survivors (6144K)
 Metaspace       used 55201K, capacity 56745K, committed 56960K, reserved 1099776K
  class space    used 7053K, capacity 7529K, committed 7552K, reserved 1048576K
}
Event: 9.650 GC heap after
{Heap after GC invocations=14 (full 0):
 garbage-first heap   total 157696K, used 68626K [0x0000000080000000, 0x0000000100000000)
  region size 1024K, 2 young (2048K), 2 survivors (2048K)
 Metaspace       used 55201K, capacity 56745K, committed 56960K, reserved 1099776K
  class space    used 7053K, capacity 7529K, committed 7552K, reserved 1048576K
}
Event: 10.247 GC heap before
{Heap before GC invocations=15 (full 0):
 garbage-first heap   total 157696K, used 110610K [0x0000000080000000, 0x0000000100000000)
  region size 1024K, 43 young (44032K), 2 survivors (2048K)
 Metaspace       used 59942K, capacity 61614K, committed 61696K, reserved 1103872K
  class space    used 7651K, capacity 8185K, committed 8192K, reserved 1048576K
}
Event: 10.253 GC heap after
{Heap after GC invocations=16 (full 0):
 garbage-first heap   total 157696K, used 72207K [0x0000000080000000, 0x0000000100000000)
  region size 1024K, 5 young (5120K), 5 survivors (5120K)
 Metaspace       used 59942K, capacity 61614K, committed 61696K, reserved 1103872K
  class space    used 7651K, capacity 8185K, committed 8192K, reserved 1048576K
}
Event: 10.951 GC heap before
{Heap before GC invocations=16 (full 0):
 garbage-first heap   total 157696K, used 116239K [0x0000000080000000, 0x0000000100000000)
  region size 1024K, 47 young (48128K), 5 survivors (5120K)
 Metaspace       used 63396K, capacity 65042K, committed 65280K, reserved 1105920K
  class space    used 8078K, capacity 8638K, committed 8704K, reserved 1048576K
}
Event: 10.959 GC heap after
{Heap after GC invocations=17 (full 0):
 garbage-first heap   total 157696K, used 75153K [0x0000000080000000, 0x0000000100000000)
  region size 1024K, 4 young (4096K), 4 survivors (4096K)
 Metaspace       used 63396K, capacity 65042K, committed 65280K, reserved 1105920K
  class space    used 8078K, capacity 8638K, committed 8704K, reserved 1048576K
}
Event: 11.518 GC heap before
{Heap before GC invocations=17 (full 0):
 garbage-first heap   total 157696K, used 117137K [0x0000000080000000, 0x0000000100000000)
  region size 1024K, 45 young (46080K), 4 survivors (4096K)
 Metaspace       used 67402K, capacity 69197K, committed 69248K, reserved 1110016K
  class space    used 8734K, capacity 9321K, committed 9344K, reserved 1048576K
}
Event: 11.528 GC heap after
{Heap after GC invocations=18 (full 0):
 garbage-first heap   total 157696K, used 77954K [0x0000000080000000, 0x0000000100000000)
  region size 1024K, 6 young (6144K), 6 survivors (6144K)
 Metaspace       used 67402K, capacity 69197K, committed 69248K, reserved 1110016K
  class space    used 8734K, capacity 9321K, committed 9344K, reserved 1048576K
}

Deoptimization events (20 events):
Event: 11.857 Thread 0x000002812a5c5000 DEOPT PACKING pc=0x00000281132e6ee3 sp=0x000000c1b09f8880
Event: 11.857 Thread 0x000002812a5c5000 DEOPT UNPACKING pc=0x00000281123e72ce sp=0x000000c1b09f7d30 mode 0
Event: 11.857 Thread 0x000002812a5c5000 DEOPT PACKING pc=0x00000281132e6ee3 sp=0x000000c1b09f8880
Event: 11.857 Thread 0x000002812a5c5000 DEOPT UNPACKING pc=0x00000281123e72ce sp=0x000000c1b09f7d30 mode 0
Event: 11.857 Thread 0x000002812a5c5000 DEOPT PACKING pc=0x00000281132e6ee3 sp=0x000000c1b09f8880
Event: 11.858 Thread 0x000002812a5c5000 DEOPT UNPACKING pc=0x00000281123e72ce sp=0x000000c1b09f7d30 mode 0
Event: 11.881 Thread 0x000002812a5c5000 Uncommon trap: trap_request=0xffffff4d fr.pc=0x000002811a126d24 relative=0x00000000000005c4
Event: 11.881 Thread 0x000002812a5c5000 Uncommon trap: reason=unstable_if action=reinterpret pc=0x000002811a126d24 method=java.lang.String.regionMatches(ZILjava/lang/String;II)Z @ 52 c2
Event: 11.881 Thread 0x000002812a5c5000 DEOPT PACKING pc=0x000002811a126d24 sp=0x000000c1b09f9290
Event: 11.881 Thread 0x000002812a5c5000 DEOPT UNPACKING pc=0x00000281123e74af sp=0x000000c1b09f9240 mode 2
Event: 11.980 Thread 0x000002812a5c5000 DEOPT PACKING pc=0x00000281130da3f1 sp=0x000000c1b09f8c80
Event: 11.980 Thread 0x000002812a5c5000 DEOPT UNPACKING pc=0x00000281123e72ce sp=0x000000c1b09f8178 mode 0
Event: 12.014 Thread 0x000002812a5c5000 Uncommon trap: trap_request=0xffffff4d fr.pc=0x000002811a24f8f0 relative=0x0000000000001ad0
Event: 12.014 Thread 0x000002812a5c5000 Uncommon trap: reason=unstable_if action=reinterpret pc=0x000002811a24f8f0 method=org.objectweb.asm.Handler.getExceptionTableLength(Lorg/objectweb/asm/Handler;)I @ 5 c2
Event: 12.014 Thread 0x000002812a5c5000 DEOPT PACKING pc=0x000002811a24f8f0 sp=0x000000c1b09f7760
Event: 12.014 Thread 0x000002812a5c5000 DEOPT UNPACKING pc=0x00000281123e74af sp=0x000000c1b09f7630 mode 2
Event: 12.014 Thread 0x000002812a5c5000 Uncommon trap: trap_request=0xffffff4d fr.pc=0x000002811a248a9c relative=0x00000000000000dc
Event: 12.014 Thread 0x000002812a5c5000 Uncommon trap: reason=unstable_if action=reinterpret pc=0x000002811a248a9c method=org.objectweb.asm.Handler.getExceptionTableLength(Lorg/objectweb/asm/Handler;)I @ 5 c2
Event: 12.014 Thread 0x000002812a5c5000 DEOPT PACKING pc=0x000002811a248a9c sp=0x000000c1b09f76f0
Event: 12.014 Thread 0x000002812a5c5000 DEOPT UNPACKING pc=0x00000281123e74af sp=0x000000c1b09f7620 mode 2

Classes redefined (0 events):
No events

Internal exceptions (20 events):
Event: 11.031 Thread 0x000002812a5c5000 Exception <a 'java/lang/ClassNotFoundException'{0x0000000088d9b838}: org/jetbrains/kotlin/gradle/dsl/KotlinJvmOptionsImplCustomizer> (0x0000000088d9b838) thrown at [./src/hotspot/share/classfile/systemDictionary.cpp, line 231]
Event: 11.727 Thread 0x000002812a5c5000 Exception <a 'java/lang/ClassNotFoundException'{0x0000000088e346d8}: com/android/build/gradle/internal/api/ApkVariantOutputImpl_DecoratedBeanInfo> (0x0000000088e346d8) thrown at [./src/hotspot/share/classfile/systemDictionary.cpp, line 231]
Event: 11.728 Thread 0x000002812a5c5000 Exception <a 'java/lang/ClassNotFoundException'{0x0000000088e4ba50}: com/android/build/gradle/internal/api/ApkVariantOutputImplBeanInfo> (0x0000000088e4ba50) thrown at [./src/hotspot/share/classfile/systemDictionary.cpp, line 231]
Event: 11.728 Thread 0x000002812a5c5000 Exception <a 'java/lang/ClassNotFoundException'{0x0000000088e634b0}: com/android/build/gradle/internal/api/BaseVariantOutputImplBeanInfo> (0x0000000088e634b0) thrown at [./src/hotspot/share/classfile/systemDictionary.cpp, line 231]
Event: 11.728 Thread 0x000002812a5c5000 Exception <a 'java/lang/ClassNotFoundException'{0x0000000088e7af38}: com/android/build/gradle/internal/api/BaseVariantOutputImplCustomizer> (0x0000000088e7af38) thrown at [./src/hotspot/share/classfile/systemDictionary.cpp, line 231]
Event: 11.729 Thread 0x000002812a5c5000 Exception <a 'java/lang/ClassNotFoundException'{0x0000000088ea52e0}: com/android/build/gradle/internal/api/ApkVariantOutputImplCustomizer> (0x0000000088ea52e0) thrown at [./src/hotspot/share/classfile/systemDictionary.cpp, line 231]
Event: 11.730 Thread 0x000002812a5c5000 Exception <a 'java/lang/ClassNotFoundException'{0x0000000088ecb580}: com/android/build/gradle/internal/api/ApkVariantOutputImpl_DecoratedCustomizer> (0x0000000088ecb580) thrown at [./src/hotspot/share/classfile/systemDictionary.cpp, line 231]
Event: 11.746 Thread 0x000002812a5c5000 Exception <a 'java/lang/ClassNotFoundException'{0x0000000088c2f610}: com/android/build/gradle/internal/api/ReadOnlyBuildTypeBeanInfo> (0x0000000088c2f610) thrown at [./src/hotspot/share/classfile/systemDictionary.cpp, line 231]
Event: 11.747 Thread 0x000002812a5c5000 Exception <a 'java/lang/ClassNotFoundException'{0x0000000088c46228}: com/android/build/gradle/internal/api/ReadOnlyBaseConfigBeanInfo> (0x0000000088c46228) thrown at [./src/hotspot/share/classfile/systemDictionary.cpp, line 231]
Event: 11.747 Thread 0x000002812a5c5000 Exception <a 'java/lang/ClassNotFoundException'{0x0000000088c5d568}: com/android/build/gradle/internal/api/ReadOnlyBaseConfigCustomizer> (0x0000000088c5d568) thrown at [./src/hotspot/share/classfile/systemDictionary.cpp, line 231]
Event: 11.748 Thread 0x000002812a5c5000 Exception <a 'java/lang/ClassNotFoundException'{0x0000000088c84bb0}: com/android/build/gradle/internal/api/ReadOnlyBuildTypeCustomizer> (0x0000000088c84bb0) thrown at [./src/hotspot/share/classfile/systemDictionary.cpp, line 231]
Event: 11.963 Thread 0x000002812a5c5000 Exception <a 'java/lang/ClassNotFoundException'{0x0000000087f67310}: org/jetbrains/plugins/gradle/model/web/WebConfigurationBeanInfo> (0x0000000087f67310) thrown at [./src/hotspot/share/classfile/systemDictionary.cpp, line 231]
Event: 11.963 Thread 0x000002812a5c5000 Exception <a 'java/lang/ClassNotFoundException'{0x0000000087f75e90}: org/jetbrains/plugins/gradle/model/web/WebConfigurationCustomizer> (0x0000000087f75e90) thrown at [./src/hotspot/share/classfile/systemDictionary.cpp, line 231]
Event: 11.964 Thread 0x000002812a5c5000 Exception <a 'java/lang/SecurityException'{0x0000000087f86e28}> (0x0000000087f86e28) thrown at [./src/hotspot/share/prims/jvm.cpp, line 1301]
Event: 11.965 Thread 0x000002812a5c5000 Exception <a 'java/lang/ClassNotFoundException'{0x0000000087fa2518}: java/lang/ClassBeanInfo> (0x0000000087fa2518) thrown at [./src/hotspot/share/classfile/systemDictionary.cpp, line 231]
Event: 11.965 Thread 0x000002812a5c5000 Exception <a 'java/lang/ClassNotFoundException'{0x0000000087fa9818}: java/lang/ClassCustomizer> (0x0000000087fa9818) thrown at [./src/hotspot/share/classfile/systemDictionary.cpp, line 231]
Event: 11.969 Thread 0x000002812a5c5000 Exception <a 'java/lang/ClassNotFoundException'{0x0000000087e2c9f8}: org/jetbrains/plugins/gradle/model/scala/ScalaModelBeanInfo> (0x0000000087e2c9f8) thrown at [./src/hotspot/share/classfile/systemDictionary.cpp, line 231]
Event: 11.970 Thread 0x000002812a5c5000 Exception <a 'java/lang/ClassNotFoundException'{0x0000000087e3b498}: org/jetbrains/plugins/gradle/model/scala/ScalaModelCustomizer> (0x0000000087e3b498) thrown at [./src/hotspot/share/classfile/systemDictionary.cpp, line 231]
Event: 11.971 Thread 0x000002812a5c5000 Exception <a 'java/lang/ClassNotFoundException'{0x0000000087d278b0}: java/lang/StringBeanInfo> (0x0000000087d278b0) thrown at [./src/hotspot/share/classfile/systemDictionary.cpp, line 231]
Event: 11.972 Thread 0x000002812a5c5000 Exception <a 'java/lang/ClassNotFoundException'{0x0000000087d2eed0}: java/lang/StringCustomizer> (0x0000000087d2eed0) thrown at [./src/hotspot/share/classfile/systemDictionary.cpp, line 231]

Events (20 events):
Event: 12.040 loading class org/gradle/plugins/ide/idea/IdeaPlugin$12
Event: 12.040 loading class org/gradle/plugins/ide/idea/IdeaPlugin$12 done
Event: 12.040 loading class org/gradle/plugins/ide/idea/IdeaPlugin$13
Event: 12.040 loading class org/gradle/plugins/ide/idea/IdeaPlugin$13 done
Event: 12.040 loading class org/gradle/plugins/ide/idea/IdeaPlugin$14
Event: 12.040 loading class org/gradle/plugins/ide/idea/IdeaPlugin$14 done
Event: 12.041 loading class org/gradle/plugins/ide/idea/IdeaPlugin$15
Event: 12.041 loading class org/gradle/plugins/ide/idea/IdeaPlugin$15 done
Event: 12.041 loading class org/gradle/plugins/ide/idea/IdeaPlugin$16
Event: 12.041 loading class org/gradle/plugins/ide/idea/IdeaPlugin$16 done
Event: 12.041 loading class org/gradle/plugins/ide/idea/IdeaPlugin$17
Event: 12.041 loading class org/gradle/plugins/ide/idea/IdeaPlugin$17 done
Event: 12.042 loading class org/gradle/plugins/ide/idea/IdeaPlugin$18
Event: 12.042 loading class org/gradle/plugins/ide/idea/IdeaPlugin$18 done
Event: 12.042 loading class org/gradle/plugins/ide/idea/internal/IdeaModuleMetadata
Event: 12.042 loading class org/gradle/plugins/ide/idea/internal/IdeaModuleMetadata done
Event: 12.043 loading class org/gradle/plugins/ide/idea/IdeaPlugin$19
Event: 12.043 loading class org/gradle/plugins/ide/idea/IdeaPlugin$19 done
Event: 12.043 loading class org/gradle/api/plugins/WarPlugin
Event: 12.043 loading class org/gradle/api/plugins/WarPlugin done


Dynamic libraries:
0x00007ff636f50000 - 0x00007ff636f5a000 	C:\Program Files\Android\Android Studio1\jre\bin\java.exe
0x00007ffa0fb90000 - 0x00007ffa0fd85000 	C:\WINDOWS\SYSTEM32\ntdll.dll
0x00007ffa0ef40000 - 0x00007ffa0effd000 	C:\WINDOWS\System32\KERNEL32.DLL
0x00007ffa0d6f0000 - 0x00007ffa0d9b9000 	C:\WINDOWS\System32\KERNELBASE.dll
0x00007ffa0d550000 - 0x00007ffa0d650000 	C:\WINDOWS\System32\ucrtbase.dll
0x00007ffa05c00000 - 0x00007ffa05c19000 	C:\Program Files\Android\Android Studio1\jre\bin\jli.dll
0x00007ffa05be0000 - 0x00007ffa05bf7000 	C:\Program Files\Android\Android Studio1\jre\bin\VCRUNTIME140.dll
0x00007ffa0dcf0000 - 0x00007ffa0de90000 	C:\WINDOWS\System32\USER32.dll
0x00007ffa0d2d0000 - 0x00007ffa0d2f2000 	C:\WINDOWS\System32\win32u.dll
0x00007ffa0ea80000 - 0x00007ffa0eaaa000 	C:\WINDOWS\System32\GDI32.dll
0x00007ff9f9df0000 - 0x00007ff9fa08a000 	C:\WINDOWS\WinSxS\amd64_microsoft.windows.common-controls_6595b64144ccf1df_6.0.19041.1110_none_60b5254171f9507e\COMCTL32.dll
0x00007ffa0d360000 - 0x00007ffa0d46b000 	C:\WINDOWS\System32\gdi32full.dll
0x00007ffa0f010000 - 0x00007ffa0f0ae000 	C:\WINDOWS\System32\msvcrt.dll
0x00007ffa0d650000 - 0x00007ffa0d6ed000 	C:\WINDOWS\System32\msvcp_win.dll
0x00007ffa0ee60000 - 0x00007ffa0ee90000 	C:\WINDOWS\System32\IMM32.DLL
0x00007ff9d65f0000 - 0x00007ff9d668d000 	C:\Program Files\Android\Android Studio1\jre\bin\msvcp140.dll
0x00007ff9ba910000 - 0x00007ff9bb3cc000 	C:\Program Files\Android\Android Studio1\jre\bin\server\jvm.dll
0x00007ffa0ee90000 - 0x00007ffa0ef3c000 	C:\WINDOWS\System32\ADVAPI32.dll
0x00007ffa0e7b0000 - 0x00007ffa0e84b000 	C:\WINDOWS\System32\sechost.dll
0x00007ffa0e210000 - 0x00007ffa0e33a000 	C:\WINDOWS\System32\RPCRT4.dll
0x00007ffa0ed10000 - 0x00007ffa0ed18000 	C:\WINDOWS\System32\PSAPI.DLL
0x00007ffa05b70000 - 0x00007ffa05b79000 	C:\WINDOWS\SYSTEM32\WSOCK32.dll
0x00007ffa02310000 - 0x00007ffa02337000 	C:\WINDOWS\SYSTEM32\WINMM.dll
0x00007ffa04a60000 - 0x00007ffa04a6a000 	C:\WINDOWS\SYSTEM32\VERSION.dll
0x00007ffa0e9a0000 - 0x00007ffa0ea0b000 	C:\WINDOWS\System32\WS2_32.dll
0x00007ffa0bb90000 - 0x00007ffa0bba2000 	C:\WINDOWS\SYSTEM32\kernel.appcore.dll
0x00007ffa058b0000 - 0x00007ffa058c1000 	C:\Program Files\Android\Android Studio1\jre\bin\verify.dll
0x00007ffa0afb0000 - 0x00007ffa0b194000 	C:\WINDOWS\SYSTEM32\DBGHELP.DLL
0x00007ff9fbe70000 - 0x00007ff9fbe9c000 	C:\WINDOWS\SYSTEM32\dbgcore.DLL
0x00007ffa0d4c0000 - 0x00007ffa0d543000 	C:\WINDOWS\System32\bcryptPrimitives.dll
0x00007ffa05880000 - 0x00007ffa058a9000 	C:\Program Files\Android\Android Studio1\jre\bin\java.dll
0x00007ffa07860000 - 0x00007ffa0786b000 	C:\Program Files\Android\Android Studio1\jre\bin\jimage.dll
0x00007ffa01800000 - 0x00007ffa01818000 	C:\Program Files\Android\Android Studio1\jre\bin\zip.dll
0x00007ffa0f0b0000 - 0x00007ffa0f7ef000 	C:\WINDOWS\System32\SHELL32.dll
0x00007ffa0b3e0000 - 0x00007ffa0bb71000 	C:\WINDOWS\SYSTEM32\windows.storage.dll
0x00007ffa0f7f0000 - 0x00007ffa0fb45000 	C:\WINDOWS\System32\combase.dll
0x00007ffa0cd40000 - 0x00007ffa0cd6c000 	C:\WINDOWS\SYSTEM32\Wldp.dll
0x00007ffa0de90000 - 0x00007ffa0df3e000 	C:\WINDOWS\System32\SHCORE.dll
0x00007ffa0ea10000 - 0x00007ffa0ea65000 	C:\WINDOWS\System32\shlwapi.dll
0x00007ffa0d210000 - 0x00007ffa0d22f000 	C:\WINDOWS\SYSTEM32\profapi.dll
0x00007ffa017e0000 - 0x00007ffa017fa000 	C:\Program Files\Android\Android Studio1\jre\bin\net.dll
0x00007ffa014f0000 - 0x00007ffa015fa000 	C:\WINDOWS\SYSTEM32\WINHTTP.dll
0x00007ffa0ca30000 - 0x00007ffa0ca9a000 	C:\WINDOWS\system32\mswsock.dll
0x00007ffa00c50000 - 0x00007ffa00c64000 	C:\Program Files\Android\Android Studio1\jre\bin\nio.dll
0x00007ff9fb720000 - 0x00007ff9fb747000 	C:\Users\Dark Knight\.gradle\native\fdc75f09e3144964f2cf3f50f0aa648679c211496f362492102eb8c894070792\windows-amd64\native-platform.dll
0x00007ff9c1c60000 - 0x00007ff9c1df6000 	C:\Users\Dark Knight\.gradle\native\12488b8bf47d2d4c9fbf2f6322a914ad602e24e48041cd04a747c6da556b65c4\windows-amd64\native-platform-file-events.dll
0x00007ffa07580000 - 0x00007ffa0758a000 	C:\Program Files\Android\Android Studio1\jre\bin\management.dll
0x00007ffa06840000 - 0x00007ffa0684c000 	C:\Program Files\Android\Android Studio1\jre\bin\management_ext.dll
0x00007ffa0cc40000 - 0x00007ffa0cc58000 	C:\WINDOWS\SYSTEM32\CRYPTSP.dll
0x00007ffa0c370000 - 0x00007ffa0c3a4000 	C:\WINDOWS\system32\rsaenh.dll
0x00007ffa0da70000 - 0x00007ffa0da97000 	C:\WINDOWS\System32\bcrypt.dll
0x00007ffa0d1d0000 - 0x00007ffa0d1fe000 	C:\WINDOWS\SYSTEM32\USERENV.dll
0x00007ffa0cc30000 - 0x00007ffa0cc3c000 	C:\WINDOWS\SYSTEM32\CRYPTBASE.dll
0x00007ffa0c720000 - 0x00007ffa0c75b000 	C:\WINDOWS\SYSTEM32\IPHLPAPI.DLL
0x00007ffa0f000000 - 0x00007ffa0f008000 	C:\WINDOWS\System32\NSI.dll
0x00007ffa034e0000 - 0x00007ffa034f7000 	C:\WINDOWS\SYSTEM32\dhcpcsvc6.DLL
0x00007ffa03da0000 - 0x00007ffa03dbd000 	C:\WINDOWS\SYSTEM32\dhcpcsvc.DLL
0x00007ffa0c760000 - 0x00007ffa0c82c000 	C:\WINDOWS\SYSTEM32\DNSAPI.dll
0x00007ffa04a70000 - 0x00007ffa04a7b000 	C:\WINDOWS\SYSTEM32\WINNSI.DLL

dbghelp: loaded successfully - version: 4.0.5 - missing functions: none
symbol engine: initialized successfully - sym options: 0x614 - pdb path: .;C:\Program Files\Android\Android Studio1\jre\bin;C:\WINDOWS\SYSTEM32;C:\WINDOWS\WinSxS\amd64_microsoft.windows.common-controls_6595b64144ccf1df_6.0.19041.1110_none_60b5254171f9507e;C:\Program Files\Android\Android Studio1\jre\bin\server;C:\Users\Dark Knight\.gradle\native\fdc75f09e3144964f2cf3f50f0aa648679c211496f362492102eb8c894070792\windows-amd64;C:\Users\Dark Knight\.gradle\native\12488b8bf47d2d4c9fbf2f6322a914ad602e24e48041cd04a747c6da556b65c4\windows-amd64

VM Arguments:
jvm_args: --add-opens=java.base/java.util=ALL-UNNAMED --add-opens=java.base/java.lang=ALL-UNNAMED --add-opens=java.base/java.lang.invoke=ALL-UNNAMED --add-opens=java.prefs/java.util.prefs=ALL-UNNAMED -Xmx2048m -Dfile.encoding=UTF-8 -Duser.country=IN -Duser.language=en -Duser.variant 
java_command: org.gradle.launcher.daemon.bootstrap.GradleDaemon 6.7.1
java_class_path (initial): C:\Users\Dark Knight\.gradle\wrapper\dists\gradle-6.7.1-bin\bwlcbys1h7rz3272sye1xwiv6\gradle-6.7.1\lib\gradle-launcher-6.7.1.jar
Launcher Type: SUN_STANDARD

[Global flags]
     intx CICompilerCount                          = 4                                         {product} {ergonomic}
     uint ConcGCThreads                            = 2                                         {product} {ergonomic}
     uint G1ConcRefinementThreads                  = 8                                         {product} {ergonomic}
   size_t G1HeapRegionSize                         = 1048576                                   {product} {ergonomic}
    uintx GCDrainStackTargetSize                   = 64                                        {product} {ergonomic}
   size_t InitialHeapSize                          = 134217728                                 {product} {ergonomic}
   size_t MarkStackSize                            = 4194304                                   {product} {ergonomic}
   size_t MaxHeapSize                              = 2147483648                                {product} {command line}
   size_t MaxNewSize                               = 1287651328                                {product} {ergonomic}
   size_t MinHeapDeltaBytes                        = 1048576                                   {product} {ergonomic}
    uintx NonNMethodCodeHeapSize                   = 5836300                                {pd product} {ergonomic}
    uintx NonProfiledCodeHeapSize                  = 122910970                              {pd product} {ergonomic}
    uintx ProfiledCodeHeapSize                     = 122910970                              {pd product} {ergonomic}
    uintx ReservedCodeCacheSize                    = 251658240                              {pd product} {ergonomic}
     bool SegmentedCodeCache                       = true                                      {product} {ergonomic}
     bool UseCompressedClassPointers               = true                                 {lp64_product} {ergonomic}
     bool UseCompressedOops                        = true                                 {lp64_product} {ergonomic}
     bool UseG1GC                                  = true                                      {product} {ergonomic}
     bool UseLargePagesIndividualAllocation        = false                                  {pd product} {ergonomic}

Logging:
Log output configuration:
 #0: stdout all=warning uptime,level,tags
 #1: stderr all=off uptime,level,tags

Environment Variables:
PATH=C:\Windows\system32;C:\Windows;C:\Windows\System32\Wbem;C:\Windows\System32\WindowsPowerShell\v1.0\;C:\Windows\System32\OpenSSH\;C:\Program Files (x86)\NVIDIA Corporation\PhysX\Common;C:\Program Files\NVIDIA Corporation\NVIDIA NvDLISR;C:\WINDOWS\system32;C:\WINDOWS;C:\WINDOWS\System32\Wbem;C:\WINDOWS\System32\WindowsPowerShell\v1.0\;C:\WINDOWS\System32\OpenSSH\;C:\MinGW\bin;C:\Program Files\MEGA-X;C:\WINDOWS\system32;C:\WINDOWS;C:\WINDOWS\System32\Wbem;C:\WINDOWS\System32\WindowsPowerShell\v1.0\;C:\WINDOWS\System32\OpenSSH\;C:\Program Files\Git\cmd;C:\Users\Dark Knight\AppData\Local\Microsoft\WindowsApps;C:\Users\Dark Knight\AppData\Local\atom\bin;C:\Program Files (x86)\Microsoft Visual Studio\2019\BuildTools\MSBuild\Current\Bin;C:\Users\Dark Knight\AppData\Local\Microsoft\WindowsApps
USERNAME=Dark Knight
OS=Windows_NT
PROCESSOR_IDENTIFIER=Intel64 Family 6 Model 158 Stepping 10, GenuineIntel



---------------  S Y S T E M  ---------------

OS: Windows 10 , 64 bit Build 19041 (10.0.19041.1023)
OS uptime: 9 days 23:02 hours

CPU:total 8 (initial active 8) (4 cores per cpu, 2 threads per core) family 6 model 158 stepping 10, cmov, cx8, fxsr, mmx, sse, sse2, sse3, ssse3, sse4.1, sse4.2, popcnt, avx, avx2, aes, clmul, erms, 3dnowpref, lzcnt, ht, tsc, tscinvbit, bmi1, bmi2, adx, fma

Memory: 4k page, system-wide physical 8112M (670M free)
TotalPageFile size 12208M (AvailPageFile size 9M)
current process WorkingSet (physical memory assigned to process): 385M, peak: 389M
current process commit charge ("private bytes"): 424M, peak: 428M

vm_info: OpenJDK 64-Bit Server VM (11.0.8+10-b944.6842174) for windows-amd64 JRE (11.0.8+10-b944.6842174), built on Sep 19 2020 01:11:42 by "builder" with MS VC++ 14.0 (VS2015)

END.
