#
# There is insufficient memory for the Java Runtime Environment to continue.
# Native memory allocation (mmap) failed to map 65536 bytes for Failed to commit area from 0x000001f6fb510000 to 0x000001f6fb520000 of length 65536.
# Possible reasons:
#   The system is out of physical RAM or swap space
#   The process is running with CompressedOops enabled, and the Java Heap may be blocking the growth of the native heap
# Possible solutions:
#   Reduce memory load on the system
#   Increase physical memory or swap space
#   Check if swap backing store is full
#   Decrease Java heap size (-Xmx/-Xms)
#   Decrease number of Java threads
#   Decrease Java thread stack sizes (-Xss)
#   Set larger code cache with -XX:ReservedCodeCacheSize=
#   JVM is running with Unscaled Compressed Oops mode in which the Java heap is
#     placed in the first 4GB address space. The Java Heap base address is the
#     maximum limit for the native heap growth. Please use -XX:HeapBaseMinAddress
#     to set the Java Heap base and to place the Java Heap above 4GB virtual address.
# This output file may be truncated or incomplete.
#
#  Out of Memory Error (./src/hotspot/os/windows/os_windows.cpp:3303), pid=26024, tid=40876
#
# JRE version: OpenJDK Runtime Environment (11.0.8+10) (build 11.0.8+10-b944.6842174)
# Java VM: OpenJDK 64-Bit Server VM (11.0.8+10-b944.6842174, mixed mode, tiered, compressed oops, g1 gc, windows-amd64)
# No core dump will be written. Minidumps are not enabled by default on client versions of Windows
#

---------------  S U M M A R Y ------------

Command Line: --add-opens=java.base/java.util=ALL-UNNAMED --add-opens=java.base/java.lang=ALL-UNNAMED --add-opens=java.base/java.lang.invoke=ALL-UNNAMED --add-opens=java.prefs/java.util.prefs=ALL-UNNAMED -Xmx2048m -Dfile.encoding=UTF-8 -Duser.country=IN -Duser.language=en -Duser.variant org.gradle.launcher.daemon.bootstrap.GradleDaemon 6.7.1

Host: Intel(R) Core(TM) i5-9300H CPU @ 2.40GHz, 8 cores, 7G,  Windows 10 , 64 bit Build 19041 (10.0.19041.1023)
Time: Wed Jul 28 18:50:27 2021 India Standard Time elapsed time: 8 seconds (0d 0h 0m 8s)

---------------  T H R E A D  ---------------

Current thread (0x000001f6ffb01800):  VMThread "VM Thread" [stack: 0x0000008902600000,0x0000008902700000] [id=40876]

Stack: [0x0000008902600000,0x0000008902700000]
[error occurred during error reporting (printing stack bounds), id 0xc0000005, EXCEPTION_ACCESS_VIOLATION (0xc0000005) at pc=0x000001f680000dad]

Native frames: (J=compiled Java code, j=interpreted, Vv=VM code, C=native code)
V  [jvm.dll+0x5de50a]
V  [jvm.dll+0x7122f5]
V  [jvm.dll+0x71384d]
V  [jvm.dll+0x713e65]
V  [jvm.dll+0x713e1b]
V  [jvm.dll+0x5dd958]
V  [jvm.dll+0x5de0f8]
C  [ntdll.dll+0xa217f]
C  [ntdll.dll+0x51454]
C  [ntdll.dll+0xa0cae]
C  0x000001f680000dad

VM_Operation (0x0000008903bfa020): G1CollectForAllocation, mode: safepoint, requested by thread 0x000001f692208000


---------------  P R O C E S S  ---------------

Threads class SMR info:
_java_thread_list=0x000001f6949766a0, length=52, elements={
0x000001f6f47da000, 0x000001f6ffb07000, 0x000001f6ffb12800, 0x000001f6ffb6c800,
0x000001f6ffb6e000, 0x000001f6ffb73800, 0x000001f6ffb74800, 0x000001f6ffb76000,
0x000001f6ffce7800, 0x000001f6ffce8800, 0x000001f690dd4000, 0x000001f690b37800,
0x000001f68f919000, 0x000001f691d1e800, 0x000001f691910000, 0x000001f691768000,
0x000001f692208000, 0x000001f691b3f000, 0x000001f691b40000, 0x000001f691e58000,
0x000001f690953800, 0x000001f690954800, 0x000001f690952800, 0x000001f690955000,
0x000001f6933c0000, 0x000001f6933bd800, 0x000001f6933be000, 0x000001f6933bc800,
0x000001f6933bb000, 0x000001f6933bf000, 0x000001f6933ba000, 0x000001f6933c0800,
0x000001f6933bb800, 0x000001f6933c4800, 0x000001f6933c7000, 0x000001f6933c1800,
0x000001f6933c8000, 0x000001f6933c2800, 0x000001f6933c6800, 0x000001f6933c9000,
0x000001f6933c3000, 0x000001f6933c4000, 0x000001f6933c5800, 0x000001f692c30800,
0x000001f692c36000, 0x000001f692c33800, 0x000001f692c37000, 0x000001f692c34800,
0x000001f692c32800, 0x000001f692c35000, 0x000001f692c40000, 0x000001f6962bf800
}

Java Threads: ( => current thread )
  0x000001f6f47da000 JavaThread "main" [_thread_blocked, id=37416, stack(0x0000008902000000,0x0000008902100000)]
  0x000001f6ffb07000 JavaThread "Reference Handler" daemon [_thread_blocked, id=32176, stack(0x0000008902700000,0x0000008902800000)]
  0x000001f6ffb12800 JavaThread "Finalizer" daemon [_thread_blocked, id=17696, stack(0x0000008902800000,0x0000008902900000)]
  0x000001f6ffb6c800 JavaThread "Signal Dispatcher" daemon [_thread_blocked, id=22752, stack(0x0000008902900000,0x0000008902a00000)]
  0x000001f6ffb6e000 JavaThread "Attach Listener" daemon [_thread_blocked, id=35464, stack(0x0000008902a00000,0x0000008902b00000)]
  0x000001f6ffb73800 JavaThread "C2 CompilerThread0" daemon [_thread_blocked, id=30396, stack(0x0000008902b00000,0x0000008902c00000)]
  0x000001f6ffb74800 JavaThread "C1 CompilerThread0" daemon [_thread_blocked, id=21216, stack(0x0000008902c00000,0x0000008902d00000)]
  0x000001f6ffb76000 JavaThread "Sweeper thread" daemon [_thread_blocked, id=7748, stack(0x0000008902d00000,0x0000008902e00000)]
  0x000001f6ffce7800 JavaThread "Common-Cleaner" daemon [_thread_blocked, id=32252, stack(0x0000008902e00000,0x0000008902f00000)]
  0x000001f6ffce8800 JavaThread "Service Thread" daemon [_thread_blocked, id=3568, stack(0x0000008902f00000,0x0000008903000000)]
  0x000001f690dd4000 JavaThread "Daemon health stats" [_thread_blocked, id=39632, stack(0x0000008903500000,0x0000008903600000)]
  0x000001f690b37800 JavaThread "Incoming local TCP Connector on port 52574" [_thread_in_native, id=3992, stack(0x0000008903600000,0x0000008903700000)]
  0x000001f68f919000 JavaThread "Daemon periodic checks" [_thread_blocked, id=17692, stack(0x0000008903700000,0x0000008903800000)]
  0x000001f691d1e800 JavaThread "Daemon" [_thread_blocked, id=20008, stack(0x0000008903800000,0x0000008903900000)]
  0x000001f691910000 JavaThread "Handler for socket connection from /127.0.0.1:52574 to /127.0.0.1:52575" [_thread_in_native, id=17344, stack(0x0000008903900000,0x0000008903a00000)]
  0x000001f691768000 JavaThread "Cancel handler" [_thread_blocked, id=25040, stack(0x0000008903a00000,0x0000008903b00000)]
  0x000001f692208000 JavaThread "Daemon worker" [_thread_blocked, id=36124, stack(0x0000008903b00000,0x0000008903c00000)]
  0x000001f691b3f000 JavaThread "Asynchronous log dispatcher for DefaultDaemonConnection: socket connection from /127.0.0.1:52574 to /127.0.0.1:52575" [_thread_blocked, id=33644, stack(0x0000008903c00000,0x0000008903d00000)]
  0x000001f691b40000 JavaThread "Stdin handler" [_thread_blocked, id=4500, stack(0x0000008903d00000,0x0000008903e00000)]
  0x000001f691e58000 JavaThread "Thread-8" [_thread_blocked, id=31136, stack(0x0000008903e00000,0x0000008903f00000)]
  0x000001f690953800 JavaThread "Cache worker for file hash cache (C:\Users\Dark Knight\.gradle\caches\6.7.1\fileHashes)" [_thread_blocked, id=34584, stack(0x0000008904400000,0x0000008904500000)]
  0x000001f690954800 JavaThread "File lock request listener" [_thread_in_native, id=10216, stack(0x0000008904500000,0x0000008904600000)]
  0x000001f690952800 JavaThread "Cache worker for journal cache (C:\Users\Dark Knight\.gradle\caches\journal-1)" [_thread_blocked, id=18952, stack(0x0000008904700000,0x0000008904800000)]
  0x000001f690955000 JavaThread "Cache worker for file hash cache (C:\Android Projects\Udemy TUTORIAL\KidsDrawingApp\.gradle\6.7.1\fileHashes)" [_thread_blocked, id=25984, stack(0x0000008904a00000,0x0000008904b00000)]
  0x000001f6933c0000 JavaThread "jar transforms" [_thread_blocked, id=28636, stack(0x0000008904b00000,0x0000008904c00000)]
  0x000001f6933bd800 JavaThread "jar transforms Thread 2" [_thread_blocked, id=30016, stack(0x0000008904c00000,0x0000008904d00000)]
  0x000001f6933be000 JavaThread "jar transforms Thread 3" [_thread_blocked, id=17880, stack(0x0000008904d00000,0x0000008904e00000)]
  0x000001f6933bc800 JavaThread "jar transforms Thread 4" [_thread_blocked, id=35684, stack(0x0000008904e00000,0x0000008904f00000)]
  0x000001f6933bb000 JavaThread "jar transforms Thread 5" [_thread_blocked, id=41856, stack(0x0000008904f00000,0x0000008905000000)]
  0x000001f6933bf000 JavaThread "jar transforms Thread 6" [_thread_blocked, id=32164, stack(0x0000008905000000,0x0000008905100000)]
  0x000001f6933ba000 JavaThread "jar transforms Thread 7" [_thread_blocked, id=26308, stack(0x0000008905100000,0x0000008905200000)]
  0x000001f6933c0800 JavaThread "jar transforms Thread 8" [_thread_blocked, id=6044, stack(0x0000008905200000,0x0000008905300000)]
  0x000001f6933bb800 JavaThread "jar transforms Thread 9" [_thread_blocked, id=41624, stack(0x0000008905300000,0x0000008905400000)]
  0x000001f6933c4800 JavaThread "jar transforms Thread 10" [_thread_blocked, id=19352, stack(0x0000008905400000,0x0000008905500000)]
  0x000001f6933c7000 JavaThread "jar transforms Thread 11" [_thread_blocked, id=3720, stack(0x0000008905500000,0x0000008905600000)]
  0x000001f6933c1800 JavaThread "jar transforms Thread 12" [_thread_blocked, id=29300, stack(0x0000008905600000,0x0000008905700000)]
  0x000001f6933c8000 JavaThread "jar transforms Thread 13" [_thread_blocked, id=27484, stack(0x0000008905700000,0x0000008905800000)]
  0x000001f6933c2800 JavaThread "jar transforms Thread 14" [_thread_blocked, id=38500, stack(0x0000008905800000,0x0000008905900000)]
  0x000001f6933c6800 JavaThread "jar transforms Thread 15" [_thread_blocked, id=27152, stack(0x0000008905900000,0x0000008905a00000)]
  0x000001f6933c9000 JavaThread "jar transforms Thread 16" [_thread_blocked, id=26876, stack(0x0000008904800000,0x0000008904900000)]
  0x000001f6933c3000 JavaThread "jar transforms Thread 17" [_thread_blocked, id=41012, stack(0x0000008904900000,0x0000008904a00000)]
  0x000001f6933c4000 JavaThread "jar transforms Thread 18" [_thread_blocked, id=32196, stack(0x0000008905a00000,0x0000008905b00000)]
  0x000001f6933c5800 JavaThread "jar transforms Thread 19" [_thread_blocked, id=35532, stack(0x0000008905b00000,0x0000008905c00000)]
  0x000001f692c30800 JavaThread "jar transforms Thread 20" [_thread_blocked, id=27836, stack(0x0000008905c00000,0x0000008905d00000)]
  0x000001f692c36000 JavaThread "jar transforms Thread 21" [_thread_blocked, id=23636, stack(0x0000008905d00000,0x0000008905e00000)]
  0x000001f692c33800 JavaThread "Cache worker for checksums cache (C:\Android Projects\Udemy TUTORIAL\KidsDrawingApp\.gradle\checksums)" [_thread_blocked, id=33240, stack(0x0000008905f00000,0x0000008906000000)]
  0x000001f692c37000 JavaThread "Cache worker for cache directory md-supplier (C:\Users\Dark Knight\.gradle\caches\6.7.1\md-supplier)" [_thread_blocked, id=40296, stack(0x0000008906000000,0x0000008906100000)]
  0x000001f692c34800 JavaThread "Cache worker for cache directory md-rule (C:\Users\Dark Knight\.gradle\caches\6.7.1\md-rule)" [_thread_blocked, id=26976, stack(0x0000008906100000,0x0000008906200000)]
  0x000001f692c32800 JavaThread "Cache worker for execution history cache (C:\Users\Dark Knight\.gradle\caches\6.7.1\executionHistory)" [_thread_blocked, id=30424, stack(0x0000008906200000,0x0000008906300000)]
  0x000001f692c35000 JavaThread "Cache worker for file content cache (C:\Users\Dark Knight\.gradle\caches\6.7.1\fileContent)" [_thread_blocked, id=35528, stack(0x0000008906300000,0x0000008906400000)]
  0x000001f692c40000 JavaThread "C2 CompilerThread1" daemon [_thread_blocked, id=38332, stack(0x0000008905e00000,0x0000008905f00000)]
  0x000001f6962bf800 JavaThread "C2 CompilerThread2" daemon [_thread_blocked, id=37116, stack(0x0000008906400000,0x0000008906500000)]

Other Threads:
=>0x000001f6ffb01800 VMThread "VM Thread" [stack: 0x0000008902600000,0x0000008902700000] [id=40876]
  0x000001f6ffceb800 WatcherThread [stack: 0x0000008903000000,0x0000008903100000] [id=7152]
  0x000001f6f47f3000 GCTaskThread "GC Thread#0" [stack: 0x0000008902100000,0x0000008902200000] [id=38092]
  0x000001f69013f000 GCTaskThread "GC Thread#1" [stack: 0x0000008903200000,0x0000008903300000] [id=40336]
  0x000001f690207000 GCTaskThread "GC Thread#2" [stack: 0x0000008903300000,0x0000008903400000] [id=4564]
  0x000001f69137d000 GCTaskThread "GC Thread#3" [stack: 0x0000008903f00000,0x0000008904000000] [id=34000]
  0x000001f690b64800 GCTaskThread "GC Thread#4" [stack: 0x0000008904000000,0x0000008904100000] [id=11224]
  0x000001f691e25800 GCTaskThread "GC Thread#5" [stack: 0x0000008904100000,0x0000008904200000] [id=9908]
  0x000001f691e28800 GCTaskThread "GC Thread#6" [stack: 0x0000008904200000,0x0000008904300000] [id=3752]
  0x000001f690df9000 GCTaskThread "GC Thread#7" [stack: 0x0000008904300000,0x0000008904400000] [id=37576]
  0x000001f6f4824800 ConcurrentGCThread "G1 Main Marker" [stack: 0x0000008902200000,0x0000008902300000] [id=28424]
  0x000001f6f4827000 ConcurrentGCThread "G1 Conc#0" [stack: 0x0000008902300000,0x0000008902400000] [id=39036]
  0x000001f6920cc800 ConcurrentGCThread "G1 Conc#1" [stack: 0x0000008904600000,0x0000008904700000] [id=6224]
  0x000001f6f48ad800 ConcurrentGCThread "G1 Refine#0" [stack: 0x0000008902400000,0x0000008902500000] [id=31748]
  0x000001f6ff953800 ConcurrentGCThread "G1 Young RemSet Sampling" [stack: 0x0000008902500000,0x0000008902600000] [id=33052]

Threads with active compile tasks:

VM state:at safepoint (normal execution)

VM Mutex/Monitor currently owned by a thread:  ([mutex/lock_event])
[0x000001f6f47d6c20] Threads_lock - owner thread: 0x000001f6ffb01800
[0x000001f6f47d7640] Heap_lock - owner thread: 0x000001f692208000

Heap address: 0x0000000080000000, size: 2048 MB, Compressed Oops mode: 32-bit
Narrow klass base: 0x0000000000000000, Narrow klass shift: 3
Compressed class space size: 1073741824 Address: 0x0000000100000000

Heap:
 garbage-first heap   total 328704K, used 98590K [0x0000000080000000, 0x0000000100000000)
  region size 1024K, 18 young (18432K), 18 survivors (18432K)
 Metaspace       used 43914K, capacity 44890K, committed 45056K, reserved 1089536K
  class space    used 5490K, capacity 5856K, committed 5888K, reserved 1048576K
Heap Regions: E=young(eden), S=young(survivor), O=old, HS=humongous(starts), HC=humongous(continues), CS=collection set, F=free, A=archive, TAMS=top-at-mark-start (previous, next)
|   0|0x0000000080000000, 0x0000000080100000, 0x0000000080100000|100%| O|  |TAMS 0x0000000080100000, 0x0000000080000000| Untracked 
|   1|0x0000000080100000, 0x0000000080200000, 0x0000000080200000|100%| O|  |TAMS 0x0000000080200000, 0x0000000080100000| Untracked 
|   2|0x0000000080200000, 0x0000000080300000, 0x0000000080300000|100%| O|  |TAMS 0x0000000080300000, 0x0000000080200000| Untracked 
|   3|0x0000000080300000, 0x0000000080400000, 0x0000000080400000|100%|HS|  |TAMS 0x0000000080400000, 0x0000000080300000| Complete 
|   4|0x0000000080400000, 0x0000000080500000, 0x0000000080500000|100%|HC|  |TAMS 0x0000000080500000, 0x0000000080400000| Complete 
|   5|0x0000000080500000, 0x0000000080600000, 0x0000000080600000|100%|HC|  |TAMS 0x0000000080600000, 0x0000000080500000| Complete 
|   6|0x0000000080600000, 0x0000000080700000, 0x0000000080700000|100%| O|  |TAMS 0x0000000080700000, 0x0000000080600000| Untracked 
|   7|0x0000000080700000, 0x0000000080800000, 0x0000000080800000|100%| O|  |TAMS 0x0000000080800000, 0x0000000080700000| Untracked 
|   8|0x0000000080800000, 0x0000000080900000, 0x0000000080900000|100%| O|  |TAMS 0x0000000080900000, 0x0000000080800000| Untracked 
|   9|0x0000000080900000, 0x0000000080a00000, 0x0000000080a00000|100%| O|  |TAMS 0x0000000080a00000, 0x0000000080900000| Untracked 
|  10|0x0000000080a00000, 0x0000000080b00000, 0x0000000080b00000|100%| O|  |TAMS 0x0000000080b00000, 0x0000000080a00000| Untracked 
|  11|0x0000000080b00000, 0x0000000080c00000, 0x0000000080c00000|100%| O|  |TAMS 0x0000000080c00000, 0x0000000080b00000| Untracked 
|  12|0x0000000080c00000, 0x0000000080d00000, 0x0000000080d00000|100%| O|  |TAMS 0x0000000080d00000, 0x0000000080c00000| Untracked 
|  13|0x0000000080d00000, 0x0000000080e00000, 0x0000000080e00000|100%| O|  |TAMS 0x0000000080e00000, 0x0000000080d00000| Untracked 
|  14|0x0000000080e00000, 0x0000000080f00000, 0x0000000080f00000|100%| O|  |TAMS 0x0000000080f00000, 0x0000000080e00000| Untracked 
|  15|0x0000000080f00000, 0x0000000081000000, 0x0000000081000000|100%|HS|  |TAMS 0x0000000081000000, 0x0000000080f00000| Complete 
|  16|0x0000000081000000, 0x0000000081100000, 0x0000000081100000|100%|HC|  |TAMS 0x0000000081100000, 0x0000000081000000| Complete 
|  17|0x0000000081100000, 0x0000000081200000, 0x0000000081200000|100%|HS|  |TAMS 0x0000000081200000, 0x0000000081100000| Complete 
|  18|0x0000000081200000, 0x0000000081300000, 0x0000000081300000|100%|HC|  |TAMS 0x0000000081300000, 0x0000000081200000| Complete 
|  19|0x0000000081300000, 0x0000000081400000, 0x0000000081400000|100%|HC|  |TAMS 0x0000000081400000, 0x0000000081300000| Complete 
|  20|0x0000000081400000, 0x0000000081500000, 0x0000000081500000|100%|HS|  |TAMS 0x0000000081500000, 0x0000000081400000| Complete 
|  21|0x0000000081500000, 0x0000000081600000, 0x0000000081600000|100%|HC|  |TAMS 0x0000000081600000, 0x0000000081500000| Complete 
|  22|0x0000000081600000, 0x0000000081700000, 0x0000000081700000|100%|HC|  |TAMS 0x0000000081700000, 0x0000000081600000| Complete 
|  23|0x0000000081700000, 0x0000000081800000, 0x0000000081800000|100%|HC|  |TAMS 0x0000000081800000, 0x0000000081700000| Complete 
|  24|0x0000000081800000, 0x0000000081900000, 0x0000000081900000|100%| O|  |TAMS 0x0000000081900000, 0x0000000081800000| Untracked 
|  25|0x0000000081900000, 0x0000000081a00000, 0x0000000081a00000|100%| O|  |TAMS 0x0000000081a00000, 0x0000000081900000| Untracked 
|  26|0x0000000081a00000, 0x0000000081b00000, 0x0000000081b00000|100%| O|  |TAMS 0x0000000081b00000, 0x0000000081a00000| Untracked 
|  27|0x0000000081b00000, 0x0000000081c00000, 0x0000000081c00000|100%| O|  |TAMS 0x0000000081c00000, 0x0000000081b00000| Untracked 
|  28|0x0000000081c00000, 0x0000000081d00000, 0x0000000081d00000|100%| O|  |TAMS 0x0000000081d00000, 0x0000000081c00000| Untracked 
|  29|0x0000000081d00000, 0x0000000081e00000, 0x0000000081e00000|100%| O|  |TAMS 0x0000000081e00000, 0x0000000081d00000| Untracked 
|  30|0x0000000081e00000, 0x0000000081f00000, 0x0000000081f00000|100%| O|  |TAMS 0x0000000081f00000, 0x0000000081e00000| Untracked 
|  31|0x0000000081f00000, 0x0000000082000000, 0x0000000082000000|100%|HS|  |TAMS 0x0000000081f00000, 0x0000000081f00000| Complete 
|  32|0x0000000082000000, 0x0000000082100000, 0x0000000082100000|100%|HC|  |TAMS 0x0000000082000000, 0x0000000082000000| Complete 
|  33|0x0000000082100000, 0x0000000082200000, 0x0000000082200000|100%|HC|  |TAMS 0x0000000082100000, 0x0000000082100000| Complete 
|  34|0x0000000082200000, 0x0000000082300000, 0x0000000082300000|100%|HC|  |TAMS 0x0000000082200000, 0x0000000082200000| Complete 
|  35|0x0000000082300000, 0x0000000082400000, 0x0000000082400000|100%| O|  |TAMS 0x0000000082400000, 0x0000000082300000| Untracked 
|  36|0x0000000082400000, 0x0000000082500000, 0x0000000082500000|100%| O|  |TAMS 0x0000000082500000, 0x0000000082400000| Untracked 
|  37|0x0000000082500000, 0x0000000082600000, 0x0000000082600000|100%| O|  |TAMS 0x0000000082600000, 0x0000000082500000| Untracked 
|  38|0x0000000082600000, 0x0000000082700000, 0x0000000082700000|100%| O|  |TAMS 0x0000000082700000, 0x0000000082600000| Untracked 
|  39|0x0000000082700000, 0x0000000082800000, 0x0000000082800000|100%| O|  |TAMS 0x0000000082700000, 0x0000000082700000| Untracked 
|  40|0x0000000082800000, 0x0000000082900000, 0x0000000082900000|100%| O|  |TAMS 0x0000000082800000, 0x0000000082800000| Untracked 
|  41|0x0000000082900000, 0x0000000082a00000, 0x0000000082a00000|100%| O|  |TAMS 0x0000000082900000, 0x0000000082900000| Untracked 
|  42|0x0000000082a00000, 0x0000000082b00000, 0x0000000082b00000|100%| O|  |TAMS 0x0000000082a00000, 0x0000000082a00000| Untracked 
|  43|0x0000000082b00000, 0x0000000082c00000, 0x0000000082c00000|100%| O|  |TAMS 0x0000000082b00000, 0x0000000082b00000| Untracked 
|  44|0x0000000082c00000, 0x0000000082d00000, 0x0000000082d00000|100%| O|  |TAMS 0x0000000082c00000, 0x0000000082c00000| Untracked 
|  45|0x0000000082d00000, 0x0000000082e00000, 0x0000000082e00000|100%| O|  |TAMS 0x0000000082d00000, 0x0000000082d00000| Untracked 
|  46|0x0000000082e00000, 0x0000000082f00000, 0x0000000082f00000|100%| O|  |TAMS 0x0000000082f00000, 0x0000000082e00000| Untracked 
|  47|0x0000000082f00000, 0x0000000083000000, 0x0000000083000000|100%| O|  |TAMS 0x0000000083000000, 0x0000000082f00000| Untracked 
|  48|0x0000000083000000, 0x0000000083100000, 0x0000000083100000|100%| O|  |TAMS 0x0000000083000000, 0x0000000083000000| Untracked 
|  49|0x0000000083100000, 0x0000000083200000, 0x0000000083200000|100%| O|  |TAMS 0x0000000083100000, 0x0000000083100000| Untracked 
|  50|0x0000000083200000, 0x0000000083300000, 0x0000000083300000|100%| O|  |TAMS 0x0000000083200000, 0x0000000083200000| Untracked 
|  51|0x0000000083300000, 0x0000000083400000, 0x0000000083400000|100%| O|  |TAMS 0x0000000083300000, 0x0000000083300000| Untracked 
|  52|0x0000000083400000, 0x0000000083500000, 0x0000000083500000|100%| O|  |TAMS 0x0000000083400000, 0x0000000083400000| Untracked 
|  53|0x0000000083500000, 0x0000000083600000, 0x0000000083600000|100%| O|  |TAMS 0x0000000083500000, 0x0000000083500000| Untracked 
|  54|0x0000000083600000, 0x0000000083700000, 0x0000000083700000|100%| O|  |TAMS 0x0000000083600000, 0x0000000083600000| Untracked 
|  55|0x0000000083700000, 0x0000000083800000, 0x0000000083800000|100%| O|  |TAMS 0x0000000083700000, 0x0000000083700000| Untracked 
|  56|0x0000000083800000, 0x0000000083900000, 0x0000000083900000|100%| O|  |TAMS 0x0000000083900000, 0x0000000083800000| Untracked 
|  57|0x0000000083900000, 0x0000000083a00000, 0x0000000083a00000|100%|HS|  |TAMS 0x0000000083900000, 0x0000000083900000| Complete 
|  58|0x0000000083a00000, 0x0000000083b00000, 0x0000000083b00000|100%|HC|  |TAMS 0x0000000083a00000, 0x0000000083a00000| Complete 
|  59|0x0000000083b00000, 0x0000000083c00000, 0x0000000083c00000|100%|HC|  |TAMS 0x0000000083b00000, 0x0000000083b00000| Complete 
|  60|0x0000000083c00000, 0x0000000083d00000, 0x0000000083d00000|100%| O|  |TAMS 0x0000000083d00000, 0x0000000083c00000| Untracked 
|  61|0x0000000083d00000, 0x0000000083e00000, 0x0000000083e00000|100%| O|  |TAMS 0x0000000083d00000, 0x0000000083d00000| Untracked 
|  62|0x0000000083e00000, 0x0000000083f00000, 0x0000000083f00000|100%| O|  |TAMS 0x0000000083e00000, 0x0000000083e00000| Untracked 
|  63|0x0000000083f00000, 0x0000000084000000, 0x0000000084000000|100%| O|  |TAMS 0x0000000083f00000, 0x0000000083f00000| Untracked 
|  64|0x0000000084000000, 0x0000000084100000, 0x0000000084100000|100%| O|  |TAMS 0x0000000084000000, 0x0000000084000000| Untracked 
|  65|0x0000000084100000, 0x0000000084200000, 0x0000000084200000|100%| O|  |TAMS 0x0000000084100000, 0x0000000084100000| Untracked 
|  66|0x0000000084200000, 0x0000000084300000, 0x0000000084300000|100%| O|  |TAMS 0x0000000084200000, 0x0000000084200000| Untracked 
|  67|0x0000000084300000, 0x0000000084400000, 0x0000000084400000|100%| O|  |TAMS 0x0000000084300000, 0x0000000084300000| Untracked 
|  68|0x0000000084400000, 0x0000000084500000, 0x0000000084500000|100%| O|  |TAMS 0x0000000084400000, 0x0000000084400000| Untracked 
|  69|0x0000000084500000, 0x0000000084600000, 0x0000000084600000|100%| O|  |TAMS 0x0000000084500000, 0x0000000084500000| Untracked 
|  70|0x0000000084600000, 0x0000000084700000, 0x0000000084700000|100%| O|  |TAMS 0x0000000084600000, 0x0000000084600000| Untracked 
|  71|0x0000000084700000, 0x0000000084800000, 0x0000000084800000|100%| O|  |TAMS 0x0000000084800000, 0x0000000084700000| Untracked 
|  72|0x0000000084800000, 0x0000000084900000, 0x0000000084900000|100%| O|  |TAMS 0x0000000084800000, 0x0000000084800000| Untracked 
|  73|0x0000000084900000, 0x0000000084a00000, 0x0000000084a00000|100%| O|  |TAMS 0x0000000084a00000, 0x0000000084900000| Untracked 
|  74|0x0000000084a00000, 0x0000000084b00000, 0x0000000084b00000|100%| O|  |TAMS 0x0000000084a00000, 0x0000000084a00000| Untracked 
|  75|0x0000000084b00000, 0x0000000084c00000, 0x0000000084c00000|100%| O|  |TAMS 0x0000000084b00000, 0x0000000084b00000| Untracked 
|  76|0x0000000084c00000, 0x0000000084c47a00, 0x0000000084d00000| 27%| O|  |TAMS 0x0000000084c00000, 0x0000000084c00000| Untracked 
|  77|0x0000000084d00000, 0x0000000084d00000, 0x0000000084e00000|  0%| F|  |TAMS 0x0000000084d00000, 0x0000000084d00000| Untracked 
|  78|0x0000000084e00000, 0x0000000084e00000, 0x0000000084f00000|  0%| F|  |TAMS 0x0000000084e00000, 0x0000000084e00000| Untracked 
|  79|0x0000000084f00000, 0x0000000084f00000, 0x0000000085000000|  0%| F|  |TAMS 0x0000000084f00000, 0x0000000084f00000| Untracked 
|  80|0x0000000085000000, 0x0000000085000000, 0x0000000085100000|  0%| F|  |TAMS 0x0000000085000000, 0x0000000085000000| Untracked 
|  81|0x0000000085100000, 0x0000000085100000, 0x0000000085200000|  0%| F|  |TAMS 0x0000000085100000, 0x0000000085100000| Untracked 
|  82|0x0000000085200000, 0x0000000085200000, 0x0000000085300000|  0%| F|  |TAMS 0x0000000085200000, 0x0000000085200000| Untracked 
|  83|0x0000000085300000, 0x0000000085300000, 0x0000000085400000|  0%| F|  |TAMS 0x0000000085300000, 0x0000000085300000| Untracked 
|  84|0x0000000085400000, 0x0000000085400000, 0x0000000085500000|  0%| F|  |TAMS 0x0000000085400000, 0x0000000085400000| Untracked 
|  85|0x0000000085500000, 0x0000000085500000, 0x0000000085600000|  0%| F|  |TAMS 0x0000000085500000, 0x0000000085500000| Untracked 
|  86|0x0000000085600000, 0x0000000085600000, 0x0000000085700000|  0%| F|  |TAMS 0x0000000085600000, 0x0000000085600000| Untracked 
|  87|0x0000000085700000, 0x0000000085700000, 0x0000000085800000|  0%| F|  |TAMS 0x0000000085700000, 0x0000000085700000| Untracked 
|  88|0x0000000085800000, 0x0000000085800000, 0x0000000085900000|  0%| F|  |TAMS 0x0000000085800000, 0x0000000085800000| Untracked 
|  89|0x0000000085900000, 0x0000000085900000, 0x0000000085a00000|  0%| F|  |TAMS 0x0000000085900000, 0x0000000085900000| Untracked 
|  90|0x0000000085a00000, 0x0000000085a00000, 0x0000000085b00000|  0%| F|  |TAMS 0x0000000085a00000, 0x0000000085a00000| Untracked 
|  91|0x0000000085b00000, 0x0000000085b00000, 0x0000000085c00000|  0%| F|  |TAMS 0x0000000085b00000, 0x0000000085b00000| Untracked 
|  92|0x0000000085c00000, 0x0000000085c00000, 0x0000000085d00000|  0%| F|  |TAMS 0x0000000085c00000, 0x0000000085c00000| Untracked 
|  93|0x0000000085d00000, 0x0000000085d00000, 0x0000000085e00000|  0%| F|  |TAMS 0x0000000085d00000, 0x0000000085d00000| Untracked 
|  94|0x0000000085e00000, 0x0000000085f00000, 0x0000000085f00000|100%| O|  |TAMS 0x0000000085f00000, 0x0000000085e00000| Untracked 
|  95|0x0000000085f00000, 0x0000000086000000, 0x0000000086000000|100%| O|  |TAMS 0x0000000086000000, 0x0000000085f00000| Untracked 
|  96|0x0000000086000000, 0x0000000086000000, 0x0000000086100000|  0%| F|  |TAMS 0x0000000086000000, 0x0000000086000000| Untracked 
|  97|0x0000000086100000, 0x0000000086100000, 0x0000000086200000|  0%| F|  |TAMS 0x0000000086100000, 0x0000000086100000| Untracked 
|  98|0x0000000086200000, 0x0000000086200000, 0x0000000086300000|  0%| F|  |TAMS 0x0000000086200000, 0x0000000086200000| Untracked 
|  99|0x0000000086300000, 0x0000000086300000, 0x0000000086400000|  0%| F|  |TAMS 0x0000000086300000, 0x0000000086300000| Untracked 
| 100|0x0000000086400000, 0x0000000086400000, 0x0000000086500000|  0%| F|  |TAMS 0x0000000086400000, 0x0000000086400000| Untracked 
| 101|0x0000000086500000, 0x0000000086500000, 0x0000000086600000|  0%| F|  |TAMS 0x0000000086500000, 0x0000000086500000| Untracked 
| 102|0x0000000086600000, 0x0000000086600000, 0x0000000086700000|  0%| F|  |TAMS 0x0000000086600000, 0x0000000086600000| Untracked 
| 103|0x0000000086700000, 0x0000000086700000, 0x0000000086800000|  0%| F|  |TAMS 0x0000000086700000, 0x0000000086700000| Untracked 
| 104|0x0000000086800000, 0x0000000086800000, 0x0000000086900000|  0%| F|  |TAMS 0x0000000086800000, 0x0000000086800000| Untracked 
| 105|0x0000000086900000, 0x0000000086900000, 0x0000000086a00000|  0%| F|  |TAMS 0x0000000086900000, 0x0000000086900000| Untracked 
| 106|0x0000000086a00000, 0x0000000086a00000, 0x0000000086b00000|  0%| F|  |TAMS 0x0000000086a00000, 0x0000000086a00000| Untracked 
| 107|0x0000000086b00000, 0x0000000086b00000, 0x0000000086c00000|  0%| F|  |TAMS 0x0000000086b00000, 0x0000000086b00000| Untracked 
| 108|0x0000000086c00000, 0x0000000086c00000, 0x0000000086d00000|  0%| F|  |TAMS 0x0000000086c00000, 0x0000000086c00000| Untracked 
| 109|0x0000000086d00000, 0x0000000086d00000, 0x0000000086e00000|  0%| F|  |TAMS 0x0000000086d00000, 0x0000000086d00000| Untracked 
| 110|0x0000000086e00000, 0x0000000086e00000, 0x0000000086f00000|  0%| F|  |TAMS 0x0000000086e00000, 0x0000000086e00000| Untracked 
| 111|0x0000000086f00000, 0x0000000086f00000, 0x0000000087000000|  0%| F|  |TAMS 0x0000000086f00000, 0x0000000086f00000| Untracked 
| 112|0x0000000087000000, 0x0000000087000000, 0x0000000087100000|  0%| F|  |TAMS 0x0000000087000000, 0x0000000087000000| Untracked 
| 113|0x0000000087100000, 0x0000000087100000, 0x0000000087200000|  0%| F|  |TAMS 0x0000000087100000, 0x0000000087100000| Untracked 
| 114|0x0000000087200000, 0x0000000087200000, 0x0000000087300000|  0%| F|  |TAMS 0x0000000087200000, 0x0000000087200000| Untracked 
| 115|0x0000000087300000, 0x0000000087300000, 0x0000000087400000|  0%| F|  |TAMS 0x0000000087300000, 0x0000000087300000| Untracked 
| 116|0x0000000087400000, 0x0000000087400000, 0x0000000087500000|  0%| F|  |TAMS 0x0000000087400000, 0x0000000087400000| Untracked 
| 117|0x0000000087500000, 0x0000000087500000, 0x0000000087600000|  0%| F|  |TAMS 0x0000000087500000, 0x0000000087500000| Untracked 
| 118|0x0000000087600000, 0x0000000087600000, 0x0000000087700000|  0%| F|  |TAMS 0x0000000087600000, 0x0000000087600000| Untracked 
| 119|0x0000000087700000, 0x0000000087700000, 0x0000000087800000|  0%| F|  |TAMS 0x0000000087700000, 0x0000000087700000| Untracked 
| 120|0x0000000087800000, 0x0000000087800000, 0x0000000087900000|  0%| F|  |TAMS 0x0000000087800000, 0x0000000087800000| Untracked 
| 121|0x0000000087900000, 0x0000000087900000, 0x0000000087a00000|  0%| F|  |TAMS 0x0000000087900000, 0x0000000087900000| Untracked 
| 122|0x0000000087a00000, 0x0000000087a00000, 0x0000000087b00000|  0%| F|  |TAMS 0x0000000087a00000, 0x0000000087a00000| Untracked 
| 123|0x0000000087b00000, 0x0000000087b00000, 0x0000000087c00000|  0%| F|  |TAMS 0x0000000087b00000, 0x0000000087b00000| Untracked 
| 124|0x0000000087c00000, 0x0000000087c00000, 0x0000000087d00000|  0%| F|  |TAMS 0x0000000087c00000, 0x0000000087c00000| Untracked 
| 125|0x0000000087d00000, 0x0000000087e00000, 0x0000000087e00000|100%| S|CS|TAMS 0x0000000087d00000, 0x0000000087d00000| Complete 
| 126|0x0000000087e00000, 0x0000000087f00000, 0x0000000087f00000|100%| S|CS|TAMS 0x0000000087e00000, 0x0000000087e00000| Complete 
| 127|0x0000000087f00000, 0x0000000088000000, 0x0000000088000000|100%| S|CS|TAMS 0x0000000087f00000, 0x0000000087f00000| Complete 
| 128|0x0000000088000000, 0x0000000088100000, 0x0000000088100000|100%| S|CS|TAMS 0x0000000088000000, 0x0000000088000000| Complete 
| 129|0x0000000088100000, 0x0000000088200000, 0x0000000088200000|100%| S|CS|TAMS 0x0000000088100000, 0x0000000088100000| Complete 
| 130|0x0000000088200000, 0x0000000088300000, 0x0000000088300000|100%| S|CS|TAMS 0x0000000088200000, 0x0000000088200000| Complete 
| 131|0x0000000088300000, 0x0000000088300000, 0x0000000088400000|  0%| F|  |TAMS 0x0000000088300000, 0x0000000088300000| Untracked 
| 132|0x0000000088400000, 0x0000000088500000, 0x0000000088500000|100%| S|CS|TAMS 0x0000000088400000, 0x0000000088400000| Complete 
| 133|0x0000000088500000, 0x0000000088600000, 0x0000000088600000|100%| S|CS|TAMS 0x0000000088500000, 0x0000000088500000| Complete 
| 134|0x0000000088600000, 0x0000000088700000, 0x0000000088700000|100%| S|CS|TAMS 0x0000000088600000, 0x0000000088600000| Complete 
| 135|0x0000000088700000, 0x0000000088800000, 0x0000000088800000|100%| S|CS|TAMS 0x0000000088700000, 0x0000000088700000| Complete 
| 136|0x0000000088800000, 0x0000000088900000, 0x0000000088900000|100%| S|CS|TAMS 0x0000000088800000, 0x0000000088800000| Complete 
| 137|0x0000000088900000, 0x0000000088a00000, 0x0000000088a00000|100%| S|CS|TAMS 0x0000000088900000, 0x0000000088900000| Complete 
| 138|0x0000000088a00000, 0x0000000088b00000, 0x0000000088b00000|100%| S|CS|TAMS 0x0000000088a00000, 0x0000000088a00000| Complete 
| 139|0x0000000088b00000, 0x0000000088c00000, 0x0000000088c00000|100%| S|CS|TAMS 0x0000000088b00000, 0x0000000088b00000| Complete 
| 140|0x0000000088c00000, 0x0000000088d00000, 0x0000000088d00000|100%| S|CS|TAMS 0x0000000088c00000, 0x0000000088c00000| Complete 
| 141|0x0000000088d00000, 0x0000000088e00000, 0x0000000088e00000|100%| S|CS|TAMS 0x0000000088d00000, 0x0000000088d00000| Complete 
| 142|0x0000000088e00000, 0x0000000088f00000, 0x0000000088f00000|100%| S|CS|TAMS 0x0000000088e00000, 0x0000000088e00000| Complete 
| 143|0x0000000088f00000, 0x0000000089000000, 0x0000000089000000|100%| S|CS|TAMS 0x0000000088f00000, 0x0000000088f00000| Complete 
| 144|0x0000000089000000, 0x0000000089000000, 0x0000000089100000|  0%| F|  |TAMS 0x0000000089000000, 0x0000000089000000| Untracked 
| 145|0x0000000089100000, 0x0000000089100000, 0x0000000089200000|  0%| F|  |TAMS 0x0000000089100000, 0x0000000089100000| Untracked 
| 146|0x0000000089200000, 0x0000000089200000, 0x0000000089300000|  0%| F|  |TAMS 0x0000000089200000, 0x0000000089200000| Untracked 
| 147|0x0000000089300000, 0x0000000089300000, 0x0000000089400000|  0%| F|  |TAMS 0x0000000089300000, 0x0000000089300000| Untracked 
| 148|0x0000000089400000, 0x0000000089400000, 0x0000000089500000|  0%| F|  |TAMS 0x0000000089400000, 0x0000000089400000| Untracked 
| 149|0x0000000089500000, 0x0000000089500000, 0x0000000089600000|  0%| F|  |TAMS 0x0000000089500000, 0x0000000089500000| Untracked 
| 150|0x0000000089600000, 0x0000000089600000, 0x0000000089700000|  0%| F|  |TAMS 0x0000000089600000, 0x0000000089600000| Untracked 
| 151|0x0000000089700000, 0x0000000089700000, 0x0000000089800000|  0%| F|  |TAMS 0x0000000089700000, 0x0000000089700000| Untracked 
| 152|0x0000000089800000, 0x0000000089800000, 0x0000000089900000|  0%| F|  |TAMS 0x0000000089800000, 0x0000000089800000| Untracked 
| 153|0x0000000089900000, 0x0000000089900000, 0x0000000089a00000|  0%| F|  |TAMS 0x0000000089900000, 0x0000000089900000| Untracked 
| 154|0x0000000089a00000, 0x0000000089a00000, 0x0000000089b00000|  0%| F|  |TAMS 0x0000000089a00000, 0x0000000089a00000| Untracked 
| 155|0x0000000089b00000, 0x0000000089b00000, 0x0000000089c00000|  0%| F|  |TAMS 0x0000000089b00000, 0x0000000089b00000| Untracked 
| 156|0x0000000089c00000, 0x0000000089c00000, 0x0000000089d00000|  0%| F|  |TAMS 0x0000000089c00000, 0x0000000089c00000| Untracked 
| 157|0x0000000089d00000, 0x0000000089d00000, 0x0000000089e00000|  0%| F|  |TAMS 0x0000000089d00000, 0x0000000089d00000| Untracked 
| 158|0x0000000089e00000, 0x0000000089e00000, 0x0000000089f00000|  0%| F|  |TAMS 0x0000000089e00000, 0x0000000089e00000| Untracked 
| 159|0x0000000089f00000, 0x0000000089f00000, 0x000000008a000000|  0%| F|  |TAMS 0x0000000089f00000, 0x0000000089f00000| Untracked 
| 160|0x000000008a000000, 0x000000008a000000, 0x000000008a100000|  0%| F|  |TAMS 0x000000008a000000, 0x000000008a000000| Untracked 
| 161|0x000000008a100000, 0x000000008a100000, 0x000000008a200000|  0%| F|  |TAMS 0x000000008a100000, 0x000000008a100000| Untracked 
| 162|0x000000008a200000, 0x000000008a200000, 0x000000008a300000|  0%| F|  |TAMS 0x000000008a200000, 0x000000008a200000| Untracked 
| 163|0x000000008a300000, 0x000000008a300000, 0x000000008a400000|  0%| F|  |TAMS 0x000000008a300000, 0x000000008a300000| Untracked 
| 164|0x000000008a400000, 0x000000008a400000, 0x000000008a500000|  0%| F|  |TAMS 0x000000008a400000, 0x000000008a400000| Untracked 
| 165|0x000000008a500000, 0x000000008a500000, 0x000000008a600000|  0%| F|  |TAMS 0x000000008a500000, 0x000000008a500000| Untracked 
| 166|0x000000008a600000, 0x000000008a600000, 0x000000008a700000|  0%| F|  |TAMS 0x000000008a600000, 0x000000008a600000| Untracked 
| 167|0x000000008a700000, 0x000000008a700000, 0x000000008a800000|  0%| F|  |TAMS 0x000000008a700000, 0x000000008a700000| Untracked 
| 168|0x000000008a800000, 0x000000008a800000, 0x000000008a900000|  0%| F|  |TAMS 0x000000008a800000, 0x000000008a800000| Untracked 
| 169|0x000000008a900000, 0x000000008a900000, 0x000000008aa00000|  0%| F|  |TAMS 0x000000008a900000, 0x000000008a900000| Untracked 
| 170|0x000000008aa00000, 0x000000008aa00000, 0x000000008ab00000|  0%| F|  |TAMS 0x000000008aa00000, 0x000000008aa00000| Untracked 
| 171|0x000000008ab00000, 0x000000008ab00000, 0x000000008ac00000|  0%| F|  |TAMS 0x000000008ab00000, 0x000000008ab00000| Untracked 
| 172|0x000000008ac00000, 0x000000008ac00000, 0x000000008ad00000|  0%| F|  |TAMS 0x000000008ac00000, 0x000000008ac00000| Untracked 
| 173|0x000000008ad00000, 0x000000008ad00000, 0x000000008ae00000|  0%| F|  |TAMS 0x000000008ad00000, 0x000000008ad00000| Untracked 
| 174|0x000000008ae00000, 0x000000008ae00000, 0x000000008af00000|  0%| F|  |TAMS 0x000000008ae00000, 0x000000008ae00000| Untracked 
| 175|0x000000008af00000, 0x000000008af00000, 0x000000008b000000|  0%| F|  |TAMS 0x000000008af00000, 0x000000008af00000| Untracked 
| 176|0x000000008b000000, 0x000000008b000000, 0x000000008b100000|  0%| F|  |TAMS 0x000000008b000000, 0x000000008b000000| Untracked 
| 177|0x000000008b100000, 0x000000008b100000, 0x000000008b200000|  0%| F|  |TAMS 0x000000008b100000, 0x000000008b100000| Untracked 
| 178|0x000000008b200000, 0x000000008b200000, 0x000000008b300000|  0%| F|  |TAMS 0x000000008b200000, 0x000000008b200000| Untracked 
| 179|0x000000008b300000, 0x000000008b300000, 0x000000008b400000|  0%| F|  |TAMS 0x000000008b300000, 0x000000008b300000| Untracked 
| 180|0x000000008b400000, 0x000000008b400000, 0x000000008b500000|  0%| F|  |TAMS 0x000000008b400000, 0x000000008b400000| Untracked 
| 181|0x000000008b500000, 0x000000008b500000, 0x000000008b600000|  0%| F|  |TAMS 0x000000008b500000, 0x000000008b500000| Untracked 
| 182|0x000000008b600000, 0x000000008b600000, 0x000000008b700000|  0%| F|  |TAMS 0x000000008b600000, 0x000000008b600000| Untracked 
| 183|0x000000008b700000, 0x000000008b700000, 0x000000008b800000|  0%| F|  |TAMS 0x000000008b700000, 0x000000008b700000| Untracked 
| 184|0x000000008b800000, 0x000000008b800000, 0x000000008b900000|  0%| F|  |TAMS 0x000000008b800000, 0x000000008b800000| Untracked 
| 185|0x000000008b900000, 0x000000008b900000, 0x000000008ba00000|  0%| F|  |TAMS 0x000000008b900000, 0x000000008b900000| Untracked 
| 186|0x000000008ba00000, 0x000000008ba00000, 0x000000008bb00000|  0%| F|  |TAMS 0x000000008ba00000, 0x000000008ba00000| Untracked 
| 187|0x000000008bb00000, 0x000000008bb00000, 0x000000008bc00000|  0%| F|  |TAMS 0x000000008bb00000, 0x000000008bb00000| Untracked 
| 188|0x000000008bc00000, 0x000000008bc00000, 0x000000008bd00000|  0%| F|  |TAMS 0x000000008bc00000, 0x000000008bc00000| Untracked 
| 189|0x000000008bd00000, 0x000000008bd00000, 0x000000008be00000|  0%| F|  |TAMS 0x000000008bd00000, 0x000000008bd00000| Untracked 
| 190|0x000000008be00000, 0x000000008be00000, 0x000000008bf00000|  0%| F|  |TAMS 0x000000008be00000, 0x000000008be00000| Untracked 
| 191|0x000000008bf00000, 0x000000008bf00000, 0x000000008c000000|  0%| F|  |TAMS 0x000000008bf00000, 0x000000008bf00000| Untracked 
| 192|0x000000008c000000, 0x000000008c000000, 0x000000008c100000|  0%| F|  |TAMS 0x000000008c000000, 0x000000008c000000| Untracked 
| 193|0x000000008c100000, 0x000000008c100000, 0x000000008c200000|  0%| F|  |TAMS 0x000000008c100000, 0x000000008c100000| Untracked 
| 194|0x000000008c200000, 0x000000008c200000, 0x000000008c300000|  0%| F|  |TAMS 0x000000008c200000, 0x000000008c200000| Untracked 
| 195|0x000000008c300000, 0x000000008c300000, 0x000000008c400000|  0%| F|  |TAMS 0x000000008c300000, 0x000000008c300000| Untracked 
| 196|0x000000008c400000, 0x000000008c400000, 0x000000008c500000|  0%| F|  |TAMS 0x000000008c400000, 0x000000008c400000| Untracked 
| 197|0x000000008c500000, 0x000000008c500000, 0x000000008c600000|  0%| F|  |TAMS 0x000000008c500000, 0x000000008c500000| Untracked 
| 198|0x000000008c600000, 0x000000008c600000, 0x000000008c700000|  0%| F|  |TAMS 0x000000008c600000, 0x000000008c600000| Untracked 
| 199|0x000000008c700000, 0x000000008c700000, 0x000000008c800000|  0%| F|  |TAMS 0x000000008c700000, 0x000000008c700000| Untracked 
| 200|0x000000008c800000, 0x000000008c800000, 0x000000008c900000|  0%| F|  |TAMS 0x000000008c800000, 0x000000008c800000| Untracked 
| 201|0x000000008c900000, 0x000000008c900000, 0x000000008ca00000|  0%| F|  |TAMS 0x000000008c900000, 0x000000008c900000| Untracked 
| 202|0x000000008ca00000, 0x000000008ca00000, 0x000000008cb00000|  0%| F|  |TAMS 0x000000008ca00000, 0x000000008ca00000| Untracked 
| 203|0x000000008cb00000, 0x000000008cb00000, 0x000000008cc00000|  0%| F|  |TAMS 0x000000008cb00000, 0x000000008cb00000| Untracked 
| 204|0x000000008cc00000, 0x000000008cc00000, 0x000000008cd00000|  0%| F|  |TAMS 0x000000008cc00000, 0x000000008cc00000| Untracked 
| 205|0x000000008cd00000, 0x000000008cd00000, 0x000000008ce00000|  0%| F|  |TAMS 0x000000008cd00000, 0x000000008cd00000| Untracked 
| 206|0x000000008ce00000, 0x000000008ce00000, 0x000000008cf00000|  0%| F|  |TAMS 0x000000008ce00000, 0x000000008ce00000| Untracked 
| 207|0x000000008cf00000, 0x000000008cf00000, 0x000000008d000000|  0%| F|  |TAMS 0x000000008cf00000, 0x000000008cf00000| Untracked 
| 208|0x000000008d000000, 0x000000008d000000, 0x000000008d100000|  0%| F|  |TAMS 0x000000008d000000, 0x000000008d000000| Untracked 
| 209|0x000000008d100000, 0x000000008d100000, 0x000000008d200000|  0%| F|  |TAMS 0x000000008d100000, 0x000000008d100000| Untracked 
| 210|0x000000008d200000, 0x000000008d200000, 0x000000008d300000|  0%| F|  |TAMS 0x000000008d200000, 0x000000008d200000| Untracked 
| 211|0x000000008d300000, 0x000000008d300000, 0x000000008d400000|  0%| F|  |TAMS 0x000000008d300000, 0x000000008d300000| Untracked 
| 212|0x000000008d400000, 0x000000008d400000, 0x000000008d500000|  0%| F|  |TAMS 0x000000008d400000, 0x000000008d400000| Untracked 
| 213|0x000000008d500000, 0x000000008d500000, 0x000000008d600000|  0%| F|  |TAMS 0x000000008d500000, 0x000000008d500000| Untracked 
| 214|0x000000008d600000, 0x000000008d600000, 0x000000008d700000|  0%| F|  |TAMS 0x000000008d600000, 0x000000008d600000| Untracked 
| 215|0x000000008d700000, 0x000000008d700000, 0x000000008d800000|  0%| F|  |TAMS 0x000000008d700000, 0x000000008d700000| Untracked 
| 216|0x000000008d800000, 0x000000008d800000, 0x000000008d900000|  0%| F|  |TAMS 0x000000008d800000, 0x000000008d800000| Untracked 
| 217|0x000000008d900000, 0x000000008d900000, 0x000000008da00000|  0%| F|  |TAMS 0x000000008d900000, 0x000000008d900000| Untracked 
| 218|0x000000008da00000, 0x000000008da00000, 0x000000008db00000|  0%| F|  |TAMS 0x000000008da00000, 0x000000008da00000| Untracked 
| 219|0x000000008db00000, 0x000000008db00000, 0x000000008dc00000|  0%| F|  |TAMS 0x000000008db00000, 0x000000008db00000| Untracked 
| 220|0x000000008dc00000, 0x000000008dc00000, 0x000000008dd00000|  0%| F|  |TAMS 0x000000008dc00000, 0x000000008dc00000| Untracked 
| 221|0x000000008dd00000, 0x000000008dd00000, 0x000000008de00000|  0%| F|  |TAMS 0x000000008dd00000, 0x000000008dd00000| Untracked 
| 222|0x000000008de00000, 0x000000008de00000, 0x000000008df00000|  0%| F|  |TAMS 0x000000008de00000, 0x000000008de00000| Untracked 
| 223|0x000000008df00000, 0x000000008df00000, 0x000000008e000000|  0%| F|  |TAMS 0x000000008df00000, 0x000000008df00000| Untracked 
| 224|0x000000008e000000, 0x000000008e000000, 0x000000008e100000|  0%| F|  |TAMS 0x000000008e000000, 0x000000008e000000| Untracked 
| 225|0x000000008e100000, 0x000000008e100000, 0x000000008e200000|  0%| F|  |TAMS 0x000000008e100000, 0x000000008e100000| Untracked 
| 226|0x000000008e200000, 0x000000008e200000, 0x000000008e300000|  0%| F|  |TAMS 0x000000008e200000, 0x000000008e200000| Untracked 
| 227|0x000000008e300000, 0x000000008e300000, 0x000000008e400000|  0%| F|  |TAMS 0x000000008e300000, 0x000000008e300000| Untracked 
| 228|0x000000008e400000, 0x000000008e400000, 0x000000008e500000|  0%| F|  |TAMS 0x000000008e400000, 0x000000008e400000| Untracked 
| 229|0x000000008e500000, 0x000000008e500000, 0x000000008e600000|  0%| F|  |TAMS 0x000000008e500000, 0x000000008e500000| Untracked 
| 230|0x000000008e600000, 0x000000008e600000, 0x000000008e700000|  0%| F|  |TAMS 0x000000008e600000, 0x000000008e600000| Untracked 
| 231|0x000000008e700000, 0x000000008e700000, 0x000000008e800000|  0%| F|  |TAMS 0x000000008e700000, 0x000000008e700000| Untracked 
| 232|0x000000008e800000, 0x000000008e800000, 0x000000008e900000|  0%| F|  |TAMS 0x000000008e800000, 0x000000008e800000| Untracked 
| 233|0x000000008e900000, 0x000000008e900000, 0x000000008ea00000|  0%| F|  |TAMS 0x000000008e900000, 0x000000008e900000| Untracked 
| 234|0x000000008ea00000, 0x000000008ea00000, 0x000000008eb00000|  0%| F|  |TAMS 0x000000008ea00000, 0x000000008ea00000| Untracked 
| 235|0x000000008eb00000, 0x000000008eb00000, 0x000000008ec00000|  0%| F|  |TAMS 0x000000008eb00000, 0x000000008eb00000| Untracked 
| 236|0x000000008ec00000, 0x000000008ec00000, 0x000000008ed00000|  0%| F|  |TAMS 0x000000008ec00000, 0x000000008ec00000| Untracked 
| 237|0x000000008ed00000, 0x000000008ed00000, 0x000000008ee00000|  0%| F|  |TAMS 0x000000008ed00000, 0x000000008ed00000| Untracked 
| 238|0x000000008ee00000, 0x000000008ee00000, 0x000000008ef00000|  0%| F|  |TAMS 0x000000008ee00000, 0x000000008ee00000| Untracked 
| 239|0x000000008ef00000, 0x000000008ef00000, 0x000000008f000000|  0%| F|  |TAMS 0x000000008ef00000, 0x000000008ef00000| Untracked 
| 240|0x000000008f000000, 0x000000008f000000, 0x000000008f100000|  0%| F|  |TAMS 0x000000008f000000, 0x000000008f000000| Untracked 
| 241|0x000000008f100000, 0x000000008f100000, 0x000000008f200000|  0%| F|  |TAMS 0x000000008f100000, 0x000000008f100000| Untracked 
| 242|0x000000008f200000, 0x000000008f200000, 0x000000008f300000|  0%| F|  |TAMS 0x000000008f200000, 0x000000008f200000| Untracked 
| 243|0x000000008f300000, 0x000000008f300000, 0x000000008f400000|  0%| F|  |TAMS 0x000000008f300000, 0x000000008f300000| Untracked 
| 244|0x000000008f400000, 0x000000008f400000, 0x000000008f500000|  0%| F|  |TAMS 0x000000008f400000, 0x000000008f400000| Untracked 
| 245|0x000000008f500000, 0x000000008f500000, 0x000000008f600000|  0%| F|  |TAMS 0x000000008f500000, 0x000000008f500000| Untracked 
| 246|0x000000008f600000, 0x000000008f600000, 0x000000008f700000|  0%| F|  |TAMS 0x000000008f600000, 0x000000008f600000| Untracked 
| 247|0x000000008f700000, 0x000000008f700000, 0x000000008f800000|  0%| F|  |TAMS 0x000000008f700000, 0x000000008f700000| Untracked 
| 248|0x000000008f800000, 0x000000008f800000, 0x000000008f900000|  0%| F|  |TAMS 0x000000008f800000, 0x000000008f800000| Untracked 
| 249|0x000000008f900000, 0x000000008f900000, 0x000000008fa00000|  0%| F|  |TAMS 0x000000008f900000, 0x000000008f900000| Untracked 
| 250|0x000000008fa00000, 0x000000008fa00000, 0x000000008fb00000|  0%| F|  |TAMS 0x000000008fa00000, 0x000000008fa00000| Untracked 
| 251|0x000000008fb00000, 0x000000008fb00000, 0x000000008fc00000|  0%| F|  |TAMS 0x000000008fb00000, 0x000000008fb00000| Untracked 
| 252|0x000000008fc00000, 0x000000008fc00000, 0x000000008fd00000|  0%| F|  |TAMS 0x000000008fc00000, 0x000000008fc00000| Untracked 
| 253|0x000000008fd00000, 0x000000008fd00000, 0x000000008fe00000|  0%| F|  |TAMS 0x000000008fd00000, 0x000000008fd00000| Untracked 
| 254|0x000000008fe00000, 0x000000008fe00000, 0x000000008ff00000|  0%| F|  |TAMS 0x000000008fe00000, 0x000000008fe00000| Untracked 
| 255|0x000000008ff00000, 0x000000008ff00000, 0x0000000090000000|  0%| F|  |TAMS 0x000000008ff00000, 0x000000008ff00000| Untracked 
| 256|0x0000000090000000, 0x0000000090000000, 0x0000000090100000|  0%| F|  |TAMS 0x0000000090000000, 0x0000000090000000| Untracked 
| 257|0x0000000090100000, 0x0000000090100000, 0x0000000090200000|  0%| F|  |TAMS 0x0000000090100000, 0x0000000090100000| Untracked 
| 258|0x0000000090200000, 0x0000000090200000, 0x0000000090300000|  0%| F|  |TAMS 0x0000000090200000, 0x0000000090200000| Untracked 
| 259|0x0000000090300000, 0x0000000090300000, 0x0000000090400000|  0%| F|  |TAMS 0x0000000090300000, 0x0000000090300000| Untracked 
| 260|0x0000000090400000, 0x0000000090400000, 0x0000000090500000|  0%| F|  |TAMS 0x0000000090400000, 0x0000000090400000| Untracked 
| 261|0x0000000090500000, 0x0000000090500000, 0x0000000090600000|  0%| F|  |TAMS 0x0000000090500000, 0x0000000090500000| Untracked 
| 262|0x0000000090600000, 0x0000000090600000, 0x0000000090700000|  0%| F|  |TAMS 0x0000000090600000, 0x0000000090600000| Untracked 
| 263|0x0000000090700000, 0x0000000090700000, 0x0000000090800000|  0%| F|  |TAMS 0x0000000090700000, 0x0000000090700000| Untracked 
| 264|0x0000000090800000, 0x0000000090800000, 0x0000000090900000|  0%| F|  |TAMS 0x0000000090800000, 0x0000000090800000| Untracked 
| 265|0x0000000090900000, 0x0000000090900000, 0x0000000090a00000|  0%| F|  |TAMS 0x0000000090900000, 0x0000000090900000| Untracked 
| 266|0x0000000090a00000, 0x0000000090a00000, 0x0000000090b00000|  0%| F|  |TAMS 0x0000000090a00000, 0x0000000090a00000| Untracked 

Card table byte_map: [0x000001f6f8890000,0x000001f6f8c90000] _byte_map_base: 0x000001f6f8490000

Marking Bits (Prev, Next): (CMBitMap*) 0x000001f6f481b6e8, (CMBitMap*) 0x000001f6f481b720
 Prev Bits: [0x000001f6f9090000, 0x000001f6fb090000)
 Next Bits: [0x000001f6fb090000, 0x000001f6fd090000)

Polling page: 0x000001f6f2730000

Metaspace:

Usage:
  Non-class:     38.12 MB capacity,    37.52 MB ( 98%) used,   520.40 KB (  1%) free+waste,    89.69 KB ( <1%) overhead. 
      Class:      5.72 MB capacity,     5.36 MB ( 94%) used,   322.18 KB (  6%) free+waste,    43.00 KB ( <1%) overhead. 
       Both:     43.84 MB capacity,    42.89 MB ( 98%) used,   842.58 KB (  2%) free+waste,   132.69 KB ( <1%) overhead. 

Virtual space:
  Non-class space:       40.00 MB reserved,      38.25 MB ( 96%) committed 
      Class space:        1.00 GB reserved,       5.75 MB ( <1%) committed 
             Both:        1.04 GB reserved,      44.00 MB (  4%) committed 

Chunk freelists:
   Non-Class:  6.00 KB
       Class:  0 bytes
        Both:  6.00 KB

MaxMetaspaceSize: 17179869184.00 GB
CompressedClassSpaceSize: 1.00 GB

CodeHeap 'non-profiled nmethods': size=120000Kb used=4258Kb max_used=4258Kb free=115741Kb
 bounds [0x000001f687ad0000, 0x000001f687f00000, 0x000001f68f000000]
CodeHeap 'profiled nmethods': size=120000Kb used=9496Kb max_used=9496Kb free=110503Kb
 bounds [0x000001f6805a0000, 0x000001f680ef0000, 0x000001f687ad0000]
CodeHeap 'non-nmethods': size=5760Kb used=2207Kb max_used=2274Kb free=3552Kb
 bounds [0x000001f680000000, 0x000001f680270000, 0x000001f6805a0000]
 total_blobs=5176 nmethods=4398 adapters=689
 compilation: enabled
              stopped_count=0, restarted_count=0
 full_count=0

Compilation events (20 events):
Event: 8.206 Thread 0x000001f6ffb74800 nmethod 4675 0x000001f680ee2e90 code [0x000001f680ee3040, 0x000001f680ee3178]
Event: 8.206 Thread 0x000001f6ffb74800 4674       3       com.google.common.cache.LocalCache$Segment::getFirst (21 bytes)
Event: 8.207 Thread 0x000001f6ffb74800 nmethod 4674 0x000001f680ee3210 code [0x000001f680ee34a0, 0x000001f680ee3fa8]
Event: 8.217 Thread 0x000001f6ffb74800 4677   !   3       sun.nio.fs.WindowsFileAttributes::get (214 bytes)
Event: 8.218 Thread 0x000001f6ffb74800 nmethod 4677 0x000001f680ee4390 code [0x000001f680ee48a0, 0x000001f680ee6938]
Event: 8.218 Thread 0x000001f6ffb74800 4678   !   3       sun.nio.fs.WindowsNativeDispatcher::GetFileAttributesEx (30 bytes)
Event: 8.219 Thread 0x000001f6ffb74800 nmethod 4678 0x000001f680ee7b90 code [0x000001f680ee7d80, 0x000001f680ee8058]
Event: 8.219 Thread 0x000001f6ffb74800 4676       3       com.google.common.cache.LocalCache::recordsAccess (5 bytes)
Event: 8.219 Thread 0x000001f6ffb74800 nmethod 4676 0x000001f680ee8290 code [0x000001f680ee8440, 0x000001f680ee8618]
Event: 8.234 Thread 0x000001f692c40000 nmethod 4614 0x000001f687ee6810 code [0x000001f687ee6de0, 0x000001f687eefe48]
Event: 8.246 Thread 0x000001f6ffb73800 4680       4       sun.security.provider.DigestBase::engineDigest (112 bytes)
Event: 8.247 Thread 0x000001f6ffb73800 nmethod 4680 0x000001f687ef6a10 code [0x000001f687ef6bc0, 0x000001f687ef6d68]
Event: 8.296 Thread 0x000001f6962bf800 4681       4       java.nio.ByteBuffer::position (8 bytes)
Event: 8.297 Thread 0x000001f6962bf800 nmethod 4681 0x000001f687ef6f10 code [0x000001f687ef70a0, 0x000001f687ef7158]
Event: 8.313 Thread 0x000001f6ffb74800 4682 %     3       java.util.WeakHashMap::transfer @ 2 (107 bytes)
Event: 8.313 Thread 0x000001f6ffb74800 nmethod 4682% 0x000001f680ee8710 code [0x000001f680ee8920, 0x000001f680ee9198]
Event: 8.313 Thread 0x000001f6ffb74800 4683       3       java.util.WeakHashMap::transfer (107 bytes)
Event: 8.314 Thread 0x000001f6ffb74800 nmethod 4683 0x000001f680ee9410 code [0x000001f680ee9620, 0x000001f680ee9dd8]
Event: 8.333 Thread 0x000001f692c40000 4684       4       org.gradle.api.internal.changedetection.state.ZipHasher::fingerprintZipEntry (38 bytes)
Event: 8.348 Thread 0x000001f692c40000 nmethod 4684 0x000001f687ef7210 code [0x000001f687ef7420, 0x000001f687ef8108]

GC Heap History (20 events):
Event: 5.367 GC heap after
{Heap after GC invocations=23 (full 0):
 garbage-first heap   total 189440K, used 56903K [0x0000000080000000, 0x0000000100000000)
  region size 1024K, 3 young (3072K), 3 survivors (3072K)
 Metaspace       used 43845K, capacity 44822K, committed 45056K, reserved 1089536K
  class space    used 5488K, capacity 5855K, committed 5888K, reserved 1048576K
}
Event: 5.480 GC heap before
{Heap before GC invocations=23 (full 0):
 garbage-first heap   total 189440K, used 132679K [0x0000000080000000, 0x0000000100000000)
  region size 1024K, 78 young (79872K), 3 survivors (3072K)
 Metaspace       used 43854K, capacity 44822K, committed 45056K, reserved 1089536K
  class space    used 5488K, capacity 5855K, committed 5888K, reserved 1048576K
}
Event: 5.483 GC heap after
{Heap after GC invocations=24 (full 0):
 garbage-first heap   total 227328K, used 57809K [0x0000000080000000, 0x0000000100000000)
  region size 1024K, 4 young (4096K), 4 survivors (4096K)
 Metaspace       used 43854K, capacity 44822K, committed 45056K, reserved 1089536K
  class space    used 5488K, capacity 5855K, committed 5888K, reserved 1048576K
}
Event: 5.802 GC heap before
{Heap before GC invocations=24 (full 0):
 garbage-first heap   total 227328K, used 168401K [0x0000000080000000, 0x0000000100000000)
  region size 1024K, 112 young (114688K), 4 survivors (4096K)
 Metaspace       used 43861K, capacity 44822K, committed 45056K, reserved 1089536K
  class space    used 5488K, capacity 5855K, committed 5888K, reserved 1048576K
}
Event: 5.806 GC heap after
{Heap after GC invocations=25 (full 0):
 garbage-first heap   total 227328K, used 64414K [0x0000000080000000, 0x0000000100000000)
  region size 1024K, 11 young (11264K), 11 survivors (11264K)
 Metaspace       used 43861K, capacity 44822K, committed 45056K, reserved 1089536K
  class space    used 5488K, capacity 5855K, committed 5888K, reserved 1048576K
}
Event: 6.067 GC heap before
{Heap before GC invocations=25 (full 0):
 garbage-first heap   total 227328K, used 165790K [0x0000000080000000, 0x0000000100000000)
  region size 1024K, 110 young (112640K), 11 survivors (11264K)
 Metaspace       used 43862K, capacity 44822K, committed 45056K, reserved 1089536K
  class space    used 5488K, capacity 5855K, committed 5888K, reserved 1048576K
}
Event: 6.072 GC heap after
{Heap after GC invocations=26 (full 0):
 garbage-first heap   total 227328K, used 64828K [0x0000000080000000, 0x0000000100000000)
  region size 1024K, 10 young (10240K), 10 survivors (10240K)
 Metaspace       used 43862K, capacity 44822K, committed 45056K, reserved 1089536K
  class space    used 5488K, capacity 5855K, committed 5888K, reserved 1048576K
}
Event: 6.381 GC heap before
{Heap before GC invocations=26 (full 0):
 garbage-first heap   total 227328K, used 169276K [0x0000000080000000, 0x0000000100000000)
  region size 1024K, 112 young (114688K), 10 survivors (10240K)
 Metaspace       used 43868K, capacity 44822K, committed 45056K, reserved 1089536K
  class space    used 5489K, capacity 5855K, committed 5888K, reserved 1048576K
}
Event: 6.386 GC heap after
{Heap after GC invocations=27 (full 0):
 garbage-first heap   total 227328K, used 66479K [0x0000000080000000, 0x0000000100000000)
  region size 1024K, 10 young (10240K), 10 survivors (10240K)
 Metaspace       used 43868K, capacity 44822K, committed 45056K, reserved 1089536K
  class space    used 5489K, capacity 5855K, committed 5888K, reserved 1048576K
}
Event: 6.675 GC heap before
{Heap before GC invocations=27 (full 0):
 garbage-first heap   total 227328K, used 171951K [0x0000000080000000, 0x0000000100000000)
  region size 1024K, 113 young (115712K), 10 survivors (10240K)
 Metaspace       used 43869K, capacity 44822K, committed 45056K, reserved 1089536K
  class space    used 5489K, capacity 5855K, committed 5888K, reserved 1048576K
}
Event: 6.681 GC heap after
{Heap after GC invocations=28 (full 0):
 garbage-first heap   total 273408K, used 66732K [0x0000000080000000, 0x0000000100000000)
  region size 1024K, 10 young (10240K), 10 survivors (10240K)
 Metaspace       used 43869K, capacity 44822K, committed 45056K, reserved 1089536K
  class space    used 5489K, capacity 5855K, committed 5888K, reserved 1048576K
}
Event: 7.054 GC heap before
{Heap before GC invocations=28 (full 0):
 garbage-first heap   total 273408K, used 202924K [0x0000000080000000, 0x0000000100000000)
  region size 1024K, 143 young (146432K), 10 survivors (10240K)
 Metaspace       used 43873K, capacity 44822K, committed 45056K, reserved 1089536K
  class space    used 5489K, capacity 5855K, committed 5888K, reserved 1048576K
}
Event: 7.059 GC heap after
{Heap after GC invocations=29 (full 0):
 garbage-first heap   total 273408K, used 71452K [0x0000000080000000, 0x0000000100000000)
  region size 1024K, 14 young (14336K), 14 survivors (14336K)
 Metaspace       used 43873K, capacity 44822K, committed 45056K, reserved 1089536K
  class space    used 5489K, capacity 5855K, committed 5888K, reserved 1048576K
}
Event: 7.410 GC heap before
{Heap before GC invocations=29 (full 0):
 garbage-first heap   total 273408K, used 208668K [0x0000000080000000, 0x0000000100000000)
  region size 1024K, 148 young (151552K), 14 survivors (14336K)
 Metaspace       used 43878K, capacity 44822K, committed 45056K, reserved 1089536K
  class space    used 5489K, capacity 5855K, committed 5888K, reserved 1048576K
}
Event: 7.416 GC heap after
{Heap after GC invocations=30 (full 0):
 garbage-first heap   total 273408K, used 72202K [0x0000000080000000, 0x0000000100000000)
  region size 1024K, 12 young (12288K), 12 survivors (12288K)
 Metaspace       used 43878K, capacity 44822K, committed 45056K, reserved 1089536K
  class space    used 5489K, capacity 5855K, committed 5888K, reserved 1048576K
}
Event: 7.718 GC heap before
{Heap before GC invocations=30 (full 0):
 garbage-first heap   total 273408K, used 211466K [0x0000000080000000, 0x0000000100000000)
  region size 1024K, 148 young (151552K), 12 survivors (12288K)
 Metaspace       used 43879K, capacity 44822K, committed 45056K, reserved 1089536K
  class space    used 5489K, capacity 5855K, committed 5888K, reserved 1048576K
}
Event: 7.723 GC heap after
{Heap after GC invocations=31 (full 0):
 garbage-first heap   total 273408K, used 74218K [0x0000000080000000, 0x0000000100000000)
  region size 1024K, 13 young (13312K), 13 survivors (13312K)
 Metaspace       used 43879K, capacity 44822K, committed 45056K, reserved 1089536K
  class space    used 5489K, capacity 5855K, committed 5888K, reserved 1048576K
}
Event: 8.358 GC heap before
{Heap before GC invocations=31 (full 0):
 garbage-first heap   total 273408K, used 214506K [0x0000000080000000, 0x0000000100000000)
  region size 1024K, 148 young (151552K), 13 survivors (13312K)
 Metaspace       used 43914K, capacity 44890K, committed 45056K, reserved 1089536K
  class space    used 5490K, capacity 5856K, committed 5888K, reserved 1048576K
}
Event: 8.364 GC heap after
{Heap after GC invocations=32 (full 0):
 garbage-first heap   total 273408K, used 81448K [0x0000000080000000, 0x0000000100000000)
  region size 1024K, 19 young (19456K), 19 survivors (19456K)
 Metaspace       used 43914K, capacity 44890K, committed 45056K, reserved 1089536K
  class space    used 5490K, capacity 5856K, committed 5888K, reserved 1048576K
}
Event: 8.608 GC heap before
{Heap before GC invocations=32 (full 0):
 garbage-first heap   total 273408K, used 207400K [0x0000000080000000, 0x0000000100000000)
  region size 1024K, 142 young (145408K), 19 survivors (19456K)
 Metaspace       used 43914K, capacity 44890K, committed 45056K, reserved 1089536K
  class space    used 5490K, capacity 5856K, committed 5888K, reserved 1048576K
}

Deoptimization events (20 events):
Event: 7.833 Thread 0x000001f6933c2800 DEOPT PACKING pc=0x000001f680d1553e sp=0x00000089058fe470
Event: 7.833 Thread 0x000001f6933c2800 DEOPT UNPACKING pc=0x000001f6800272ce sp=0x00000089058fdae0 mode 0
Event: 7.837 Thread 0x000001f6933c2800 DEOPT PACKING pc=0x000001f680d1553e sp=0x00000089058fe470
Event: 7.837 Thread 0x000001f6933c2800 DEOPT UNPACKING pc=0x000001f6800272ce sp=0x00000089058fdae0 mode 0
Event: 7.839 Thread 0x000001f6933c2800 DEOPT PACKING pc=0x000001f680d1553e sp=0x00000089058fe470
Event: 7.839 Thread 0x000001f6933c2800 DEOPT UNPACKING pc=0x000001f6800272ce sp=0x00000089058fdae0 mode 0
Event: 7.844 Thread 0x000001f6933c2800 DEOPT PACKING pc=0x000001f680d14580 sp=0x00000089058fe470
Event: 7.844 Thread 0x000001f6933c2800 DEOPT UNPACKING pc=0x000001f6800272ce sp=0x00000089058fdae0 mode 0
Event: 7.847 Thread 0x000001f6933c2800 DEOPT PACKING pc=0x000001f680d1553e sp=0x00000089058fe470
Event: 7.847 Thread 0x000001f6933c2800 DEOPT UNPACKING pc=0x000001f6800272ce sp=0x00000089058fdae0 mode 0
Event: 7.851 Thread 0x000001f6933c2800 DEOPT PACKING pc=0x000001f680d14580 sp=0x00000089058fe470
Event: 7.851 Thread 0x000001f6933c2800 DEOPT UNPACKING pc=0x000001f6800272ce sp=0x00000089058fdae0 mode 0
Event: 7.917 Thread 0x000001f692208000 Uncommon trap: trap_request=0xffffff4d fr.pc=0x000001f687e52a20 relative=0x0000000000000100
Event: 7.917 Thread 0x000001f692208000 Uncommon trap: reason=unstable_if action=reinterpret pc=0x000001f687e52a20 method=java.util.concurrent.TimeUnit.convert(JLjava/util/concurrent/TimeUnit;)J @ 8 c2
Event: 7.917 Thread 0x000001f692208000 DEOPT PACKING pc=0x000001f687e52a20 sp=0x0000008903bf9c20
Event: 7.917 Thread 0x000001f692208000 DEOPT UNPACKING pc=0x000001f6800274af sp=0x0000008903bf9bd0 mode 2
Event: 8.439 Thread 0x000001f692208000 Uncommon trap: trap_request=0xffffffde fr.pc=0x000001f687c23628 relative=0x00000000000009c8
Event: 8.439 Thread 0x000001f692208000 Uncommon trap: reason=class_check action=maybe_recompile pc=0x000001f687c23628 method=java.util.WeakHashMap.eq(Ljava/lang/Object;Ljava/lang/Object;)Z @ 7 c2
Event: 8.439 Thread 0x000001f692208000 DEOPT PACKING pc=0x000001f687c23628 sp=0x0000008903bfa250
Event: 8.439 Thread 0x000001f692208000 DEOPT UNPACKING pc=0x000001f6800274af sp=0x0000008903bfa1a8 mode 2

Classes redefined (0 events):
No events

Internal exceptions (20 events):
Event: 5.164 Thread 0x000001f6933c3000 Exception <a 'sun/nio/fs/WindowsException'{0x0000000088e33058}> (0x0000000088e33058) thrown at [./src/hotspot/share/prims/jni.cpp, line 615]
Event: 5.165 Thread 0x000001f6933c3000 Exception <a 'sun/nio/fs/WindowsException'{0x0000000088e33238}> (0x0000000088e33238) thrown at [./src/hotspot/share/prims/jni.cpp, line 615]
Event: 5.186 Thread 0x000001f6933bb800 Exception <a 'sun/nio/fs/WindowsException'{0x000000008857a280}> (0x000000008857a280) thrown at [./src/hotspot/share/prims/jni.cpp, line 615]
Event: 5.187 Thread 0x000001f6933c7000 Exception <a 'sun/nio/fs/WindowsException'{0x00000000886edf20}> (0x00000000886edf20) thrown at [./src/hotspot/share/prims/jni.cpp, line 615]
Event: 5.187 Thread 0x000001f6933bb800 Exception <a 'sun/nio/fs/WindowsException'{0x000000008857a420}> (0x000000008857a420) thrown at [./src/hotspot/share/prims/jni.cpp, line 615]
Event: 5.190 Thread 0x000001f6933c7000 Exception <a 'sun/nio/fs/WindowsException'{0x000000008b80d450}> (0x000000008b80d450) thrown at [./src/hotspot/share/prims/jni.cpp, line 615]
Event: 5.274 Thread 0x000001f6933c9000 Exception <a 'sun/nio/fs/WindowsException'{0x000000008a5d19f0}> (0x000000008a5d19f0) thrown at [./src/hotspot/share/prims/jni.cpp, line 615]
Event: 5.275 Thread 0x000001f6933c9000 Exception <a 'sun/nio/fs/WindowsException'{0x000000008a5d1bc0}> (0x000000008a5d1bc0) thrown at [./src/hotspot/share/prims/jni.cpp, line 615]
Event: 5.344 Thread 0x000001f6933c8000 Exception <a 'sun/nio/fs/WindowsException'{0x0000000087f8c6c0}> (0x0000000087f8c6c0) thrown at [./src/hotspot/share/prims/jni.cpp, line 615]
Event: 5.345 Thread 0x000001f6933c8000 Exception <a 'sun/nio/fs/WindowsException'{0x0000000087f8c870}> (0x0000000087f8c870) thrown at [./src/hotspot/share/prims/jni.cpp, line 615]
Event: 5.357 Thread 0x000001f6933c5800 Exception <a 'sun/nio/fs/WindowsException'{0x000000008775cb58}> (0x000000008775cb58) thrown at [./src/hotspot/share/prims/jni.cpp, line 615]
Event: 5.358 Thread 0x000001f6933c5800 Exception <a 'sun/nio/fs/WindowsException'{0x000000008775cd40}> (0x000000008775cd40) thrown at [./src/hotspot/share/prims/jni.cpp, line 615]
Event: 5.359 Thread 0x000001f6933c1800 Exception <a 'sun/nio/fs/WindowsException'{0x000000008744c540}> (0x000000008744c540) thrown at [./src/hotspot/share/prims/jni.cpp, line 615]
Event: 5.360 Thread 0x000001f6933c1800 Exception <a 'sun/nio/fs/WindowsException'{0x000000008744c730}> (0x000000008744c730) thrown at [./src/hotspot/share/prims/jni.cpp, line 615]
Event: 5.397 Thread 0x000001f692c30800 Exception <a 'sun/nio/fs/WindowsException'{0x000000008a3988c0}> (0x000000008a3988c0) thrown at [./src/hotspot/share/prims/jni.cpp, line 615]
Event: 5.398 Thread 0x000001f692c30800 Exception <a 'sun/nio/fs/WindowsException'{0x000000008a398a50}> (0x000000008a398a50) thrown at [./src/hotspot/share/prims/jni.cpp, line 615]
Event: 5.504 Thread 0x000001f6933c4800 Exception <a 'sun/nio/fs/WindowsException'{0x000000008d77db18}> (0x000000008d77db18) thrown at [./src/hotspot/share/prims/jni.cpp, line 615]
Event: 5.505 Thread 0x000001f6933c4800 Exception <a 'sun/nio/fs/WindowsException'{0x000000008d77dc98}> (0x000000008d77dc98) thrown at [./src/hotspot/share/prims/jni.cpp, line 615]
Event: 7.916 Thread 0x000001f6933c2800 Exception <a 'sun/nio/fs/WindowsException'{0x000000008c930ae0}> (0x000000008c930ae0) thrown at [./src/hotspot/share/prims/jni.cpp, line 615]
Event: 7.916 Thread 0x000001f6933c2800 Exception <a 'sun/nio/fs/WindowsException'{0x000000008c930cb0}> (0x000000008c930cb0) thrown at [./src/hotspot/share/prims/jni.cpp, line 615]

Events (20 events):
Event: 6.381 Executing VM operation: G1CollectForAllocation
Event: 6.386 Executing VM operation: G1CollectForAllocation done
Event: 6.675 Executing VM operation: G1CollectForAllocation
Event: 6.681 Executing VM operation: G1CollectForAllocation done
Event: 7.054 Executing VM operation: G1CollectForAllocation
Event: 7.059 Executing VM operation: G1CollectForAllocation done
Event: 7.410 Executing VM operation: G1CollectForAllocation
Event: 7.416 Executing VM operation: G1CollectForAllocation done
Event: 7.718 Executing VM operation: G1CollectForAllocation
Event: 7.723 Executing VM operation: G1CollectForAllocation done
Event: 7.804 loading class org/apache/tools/zip/ZipOutputStream$1
Event: 7.804 loading class org/apache/tools/zip/ZipOutputStream$1 done
Event: 8.168 loading class org/gradle/internal/snapshot/VfsRelativePath
Event: 8.168 loading class org/gradle/internal/snapshot/VfsRelativePath done
Event: 8.168 loading class org/gradle/internal/snapshot/VfsRelativePath
Event: 8.168 loading class org/gradle/internal/snapshot/VfsRelativePath done
Event: 8.218 Loaded shared library C:\Program Files\Android\Android Studio2\jre\bin\nio.dll
Event: 8.358 Executing VM operation: G1CollectForAllocation
Event: 8.364 Executing VM operation: G1CollectForAllocation done
Event: 8.608 Executing VM operation: G1CollectForAllocation


Dynamic libraries:
0x00007ff7b22e0000 - 0x00007ff7b22ea000 	C:\Program Files\Android\Android Studio2\jre\bin\java.exe
0x00007ffa0fb90000 - 0x00007ffa0fd85000 	C:\WINDOWS\SYSTEM32\ntdll.dll
0x00007ffa0ef40000 - 0x00007ffa0effd000 	C:\WINDOWS\System32\KERNEL32.DLL
0x00007ffa0d6f0000 - 0x00007ffa0d9b9000 	C:\WINDOWS\System32\KERNELBASE.dll
0x00007ffa0a870000 - 0x00007ffa0a900000 	C:\WINDOWS\SYSTEM32\apphelp.dll
0x00007ffa0d550000 - 0x00007ffa0d650000 	C:\WINDOWS\System32\ucrtbase.dll
0x00007ff9ef620000 - 0x00007ff9ef639000 	C:\Program Files\Android\Android Studio2\jre\bin\jli.dll
0x00007ff9eb630000 - 0x00007ff9eb647000 	C:\Program Files\Android\Android Studio2\jre\bin\VCRUNTIME140.dll
0x00007ffa0dcf0000 - 0x00007ffa0de90000 	C:\WINDOWS\System32\USER32.dll
0x00007ffa0d2d0000 - 0x00007ffa0d2f2000 	C:\WINDOWS\System32\win32u.dll
0x00007ffa0ea80000 - 0x00007ffa0eaaa000 	C:\WINDOWS\System32\GDI32.dll
0x00007ffa0d360000 - 0x00007ffa0d46b000 	C:\WINDOWS\System32\gdi32full.dll
0x00007ff9f9df0000 - 0x00007ff9fa08a000 	C:\WINDOWS\WinSxS\amd64_microsoft.windows.common-controls_6595b64144ccf1df_6.0.19041.1110_none_60b5254171f9507e\COMCTL32.dll
0x00007ffa0d650000 - 0x00007ffa0d6ed000 	C:\WINDOWS\System32\msvcp_win.dll
0x00007ffa0f010000 - 0x00007ffa0f0ae000 	C:\WINDOWS\System32\msvcrt.dll
0x00007ffa0ee60000 - 0x00007ffa0ee90000 	C:\WINDOWS\System32\IMM32.DLL
0x00007ff9d7670000 - 0x00007ff9d770d000 	C:\Program Files\Android\Android Studio2\jre\bin\msvcp140.dll
0x00007ff9cb420000 - 0x00007ff9cbedc000 	C:\Program Files\Android\Android Studio2\jre\bin\server\jvm.dll
0x00007ffa0ee90000 - 0x00007ffa0ef3c000 	C:\WINDOWS\System32\ADVAPI32.dll
0x00007ffa0e7b0000 - 0x00007ffa0e84b000 	C:\WINDOWS\System32\sechost.dll
0x00007ffa0e210000 - 0x00007ffa0e33a000 	C:\WINDOWS\System32\RPCRT4.dll
0x00007ffa0ed10000 - 0x00007ffa0ed18000 	C:\WINDOWS\System32\PSAPI.DLL
0x00007ffa02310000 - 0x00007ffa02337000 	C:\WINDOWS\SYSTEM32\WINMM.dll
0x00007ff9f9760000 - 0x00007ff9f9769000 	C:\WINDOWS\SYSTEM32\WSOCK32.dll
0x00007ffa04a60000 - 0x00007ffa04a6a000 	C:\WINDOWS\SYSTEM32\VERSION.dll
0x00007ffa0e9a0000 - 0x00007ffa0ea0b000 	C:\WINDOWS\System32\WS2_32.dll
0x00007ffa0bb90000 - 0x00007ffa0bba2000 	C:\WINDOWS\SYSTEM32\kernel.appcore.dll
0x00007ff9ffcb0000 - 0x00007ff9ffcc1000 	C:\Program Files\Android\Android Studio2\jre\bin\verify.dll
0x00007ffa0afb0000 - 0x00007ffa0b194000 	C:\WINDOWS\SYSTEM32\DBGHELP.DLL
0x00007ff9fbe70000 - 0x00007ff9fbe9c000 	C:\WINDOWS\SYSTEM32\dbgcore.DLL
0x00007ffa0d4c0000 - 0x00007ffa0d543000 	C:\WINDOWS\System32\bcryptPrimitives.dll
0x00007ff9ffb80000 - 0x00007ff9ffba9000 	C:\Program Files\Android\Android Studio2\jre\bin\java.dll
0x00007ffa07ae0000 - 0x00007ffa07aeb000 	C:\Program Files\Android\Android Studio2\jre\bin\jimage.dll
0x00007ff9ffa50000 - 0x00007ff9ffa68000 	C:\Program Files\Android\Android Studio2\jre\bin\zip.dll
0x00007ffa0f0b0000 - 0x00007ffa0f7ef000 	C:\WINDOWS\System32\SHELL32.dll
0x00007ffa0b3e0000 - 0x00007ffa0bb71000 	C:\WINDOWS\SYSTEM32\windows.storage.dll
0x00007ffa0f7f0000 - 0x00007ffa0fb45000 	C:\WINDOWS\System32\combase.dll
0x00007ffa0cd40000 - 0x00007ffa0cd6c000 	C:\WINDOWS\SYSTEM32\Wldp.dll
0x00007ffa0de90000 - 0x00007ffa0df3e000 	C:\WINDOWS\System32\SHCORE.dll
0x00007ffa0ea10000 - 0x00007ffa0ea65000 	C:\WINDOWS\System32\shlwapi.dll
0x00007ffa0d210000 - 0x00007ffa0d22f000 	C:\WINDOWS\SYSTEM32\profapi.dll
0x00007ff9fbe10000 - 0x00007ff9fbe2a000 	C:\Program Files\Android\Android Studio2\jre\bin\net.dll
0x00007ffa014f0000 - 0x00007ffa015fa000 	C:\WINDOWS\SYSTEM32\WINHTTP.dll
0x00007ffa0ca30000 - 0x00007ffa0ca9a000 	C:\WINDOWS\system32\mswsock.dll
0x00007ff9f4f30000 - 0x00007ff9f4f44000 	C:\Program Files\Android\Android Studio2\jre\bin\nio.dll
0x00007ff9f4630000 - 0x00007ff9f4657000 	C:\Users\Dark Knight\.gradle\native\fdc75f09e3144964f2cf3f50f0aa648679c211496f362492102eb8c894070792\windows-amd64\native-platform.dll
0x00007ff9d3600000 - 0x00007ff9d3796000 	C:\Users\Dark Knight\.gradle\native\12488b8bf47d2d4c9fbf2f6322a914ad602e24e48041cd04a747c6da556b65c4\windows-amd64\native-platform-file-events.dll
0x00007ffa07800000 - 0x00007ffa0780a000 	C:\Program Files\Android\Android Studio2\jre\bin\management.dll
0x00007ffa05ea0000 - 0x00007ffa05eac000 	C:\Program Files\Android\Android Studio2\jre\bin\management_ext.dll
0x00007ffa0cc40000 - 0x00007ffa0cc58000 	C:\WINDOWS\SYSTEM32\CRYPTSP.dll
0x00007ffa0c370000 - 0x00007ffa0c3a4000 	C:\WINDOWS\system32\rsaenh.dll
0x00007ffa0da70000 - 0x00007ffa0da97000 	C:\WINDOWS\System32\bcrypt.dll
0x00007ffa0d1d0000 - 0x00007ffa0d1fe000 	C:\WINDOWS\SYSTEM32\USERENV.dll
0x00007ffa0cc30000 - 0x00007ffa0cc3c000 	C:\WINDOWS\SYSTEM32\CRYPTBASE.dll
0x00007ffa0c720000 - 0x00007ffa0c75b000 	C:\WINDOWS\SYSTEM32\IPHLPAPI.DLL
0x00007ffa0f000000 - 0x00007ffa0f008000 	C:\WINDOWS\System32\NSI.dll
0x00007ffa034e0000 - 0x00007ffa034f7000 	C:\WINDOWS\SYSTEM32\dhcpcsvc6.DLL
0x00007ffa03da0000 - 0x00007ffa03dbd000 	C:\WINDOWS\SYSTEM32\dhcpcsvc.DLL
0x00007ffa0c760000 - 0x00007ffa0c82c000 	C:\WINDOWS\SYSTEM32\DNSAPI.dll
0x00007ffa04a70000 - 0x00007ffa04a7b000 	C:\WINDOWS\SYSTEM32\WINNSI.DLL

dbghelp: loaded successfully - version: 4.0.5 - missing functions: none
symbol engine: initialized successfully - sym options: 0x614 - pdb path: .;C:\Program Files\Android\Android Studio2\jre\bin;C:\WINDOWS\SYSTEM32;C:\WINDOWS\WinSxS\amd64_microsoft.windows.common-controls_6595b64144ccf1df_6.0.19041.1110_none_60b5254171f9507e;C:\Program Files\Android\Android Studio2\jre\bin\server;C:\Users\Dark Knight\.gradle\native\fdc75f09e3144964f2cf3f50f0aa648679c211496f362492102eb8c894070792\windows-amd64;C:\Users\Dark Knight\.gradle\native\12488b8bf47d2d4c9fbf2f6322a914ad602e24e48041cd04a747c6da556b65c4\windows-amd64

VM Arguments:
jvm_args: --add-opens=java.base/java.util=ALL-UNNAMED --add-opens=java.base/java.lang=ALL-UNNAMED --add-opens=java.base/java.lang.invoke=ALL-UNNAMED --add-opens=java.prefs/java.util.prefs=ALL-UNNAMED -Xmx2048m -Dfile.encoding=UTF-8 -Duser.country=IN -Duser.language=en -Duser.variant 
java_command: org.gradle.launcher.daemon.bootstrap.GradleDaemon 6.7.1
java_class_path (initial): C:\Users\Dark Knight\.gradle\wrapper\dists\gradle-6.7.1-bin\bwlcbys1h7rz3272sye1xwiv6\gradle-6.7.1\lib\gradle-launcher-6.7.1.jar
Launcher Type: SUN_STANDARD

[Global flags]
     intx CICompilerCount                          = 4                                         {product} {ergonomic}
     uint ConcGCThreads                            = 2                                         {product} {ergonomic}
     uint G1ConcRefinementThreads                  = 8                                         {product} {ergonomic}
   size_t G1HeapRegionSize                         = 1048576                                   {product} {ergonomic}
    uintx GCDrainStackTargetSize                   = 64                                        {product} {ergonomic}
   size_t InitialHeapSize                          = 134217728                                 {product} {ergonomic}
   size_t MarkStackSize                            = 4194304                                   {product} {ergonomic}
   size_t MaxHeapSize                              = 2147483648                                {product} {command line}
   size_t MaxNewSize                               = 1287651328                                {product} {ergonomic}
   size_t MinHeapDeltaBytes                        = 1048576                                   {product} {ergonomic}
    uintx NonNMethodCodeHeapSize                   = 5836300                                {pd product} {ergonomic}
    uintx NonProfiledCodeHeapSize                  = 122910970                              {pd product} {ergonomic}
    uintx ProfiledCodeHeapSize                     = 122910970                              {pd product} {ergonomic}
    uintx ReservedCodeCacheSize                    = 251658240                              {pd product} {ergonomic}
     bool SegmentedCodeCache                       = true                                      {product} {ergonomic}
     bool UseCompressedClassPointers               = true                                 {lp64_product} {ergonomic}
     bool UseCompressedOops                        = true                                 {lp64_product} {ergonomic}
     bool UseG1GC                                  = true                                      {product} {ergonomic}
     bool UseLargePagesIndividualAllocation        = false                                  {pd product} {ergonomic}

Logging:
Log output configuration:
 #0: stdout all=warning uptime,level,tags
 #1: stderr all=off uptime,level,tags

Environment Variables:
PATH=C:\Windows\system32;C:\Windows;C:\Windows\System32\Wbem;C:\Windows\System32\WindowsPowerShell\v1.0\;C:\Windows\System32\OpenSSH\;C:\Program Files (x86)\NVIDIA Corporation\PhysX\Common;C:\Program Files\NVIDIA Corporation\NVIDIA NvDLISR;C:\WINDOWS\system32;C:\WINDOWS;C:\WINDOWS\System32\Wbem;C:\WINDOWS\System32\WindowsPowerShell\v1.0\;C:\WINDOWS\System32\OpenSSH\;C:\MinGW\bin;C:\Program Files\MEGA-X;C:\WINDOWS\system32;C:\WINDOWS;C:\WINDOWS\System32\Wbem;C:\WINDOWS\System32\WindowsPowerShell\v1.0\;C:\WINDOWS\System32\OpenSSH\;C:\Program Files\Git\cmd;C:\Users\Dark Knight\AppData\Local\Microsoft\WindowsApps;C:\Users\Dark Knight\AppData\Local\atom\bin;C:\Program Files (x86)\Microsoft Visual Studio\2019\BuildTools\MSBuild\Current\Bin;C:\Users\Dark Knight\AppData\Local\Microsoft\WindowsApps
USERNAME=Dark Knight
OS=Windows_NT
PROCESSOR_IDENTIFIER=Intel64 Family 6 Model 158 Stepping 10, GenuineIntel



---------------  S Y S T E M  ---------------

OS: Windows 10 , 64 bit Build 19041 (10.0.19041.1023)
OS uptime: 10 days 0:45 hours

CPU:total 8 (initial active 8) (4 cores per cpu, 2 threads per core) family 6 model 158 stepping 10, cmov, cx8, fxsr, mmx, sse, sse2, sse3, ssse3, sse4.1, sse4.2, popcnt, avx, avx2, aes, clmul, erms, 3dnowpref, lzcnt, ht, tsc, tscinvbit, bmi1, bmi2, adx, fma

Memory: 4k page, system-wide physical 8112M (1171M free)
TotalPageFile size 12208M (AvailPageFile size 4M)
current process WorkingSet (physical memory assigned to process): 591M, peak: 591M
current process commit charge ("private bytes"): 926M, peak: 926M

vm_info: OpenJDK 64-Bit Server VM (11.0.8+10-b944.6842174) for windows-amd64 JRE (11.0.8+10-b944.6842174), built on Sep 19 2020 01:11:42 by "builder" with MS VC++ 14.0 (VS2015)

END.
