#
# There is insufficient memory for the Java Runtime Environment to continue.
# Native memory allocation (malloc) failed to allocate 2274576 bytes for Chunk::new
# Possible reasons:
#   The system is out of physical RAM or swap space
#   The process is running with CompressedOops enabled, and the Java Heap may be blocking the growth of the native heap
# Possible solutions:
#   Reduce memory load on the system
#   Increase physical memory or swap space
#   Check if swap backing store is full
#   Decrease Java heap size (-Xmx/-Xms)
#   Decrease number of Java threads
#   Decrease Java thread stack sizes (-Xss)
#   Set larger code cache with -XX:ReservedCodeCacheSize=
#   JVM is running with Unscaled Compressed Oops mode in which the Java heap is
#     placed in the first 4GB address space. The Java Heap base address is the
#     maximum limit for the native heap growth. Please use -XX:HeapBaseMinAddress
#     to set the Java Heap base and to place the Java Heap above 4GB virtual address.
# This output file may be truncated or incomplete.
#
#  Out of Memory Error (./src/hotspot/share/memory/arena.cpp:197), pid=30248, tid=28468
#
# JRE version: OpenJDK Runtime Environment (11.0.8+10) (build 11.0.8+10-b944.6842174)
# Java VM: OpenJDK 64-Bit Server VM (11.0.8+10-b944.6842174, mixed mode, tiered, compressed oops, g1 gc, windows-amd64)
# No core dump will be written. Minidumps are not enabled by default on client versions of Windows
#

---------------  S U M M A R Y ------------

Command Line: --add-opens=java.base/java.util=ALL-UNNAMED --add-opens=java.base/java.lang=ALL-UNNAMED --add-opens=java.base/java.lang.invoke=ALL-UNNAMED --add-opens=java.prefs/java.util.prefs=ALL-UNNAMED -Xmx2048m -Dfile.encoding=UTF-8 -Duser.country=IN -Duser.language=en -Duser.variant org.gradle.launcher.daemon.bootstrap.GradleDaemon 6.7.1

Host: Intel(R) Core(TM) i5-9300H CPU @ 2.40GHz, 8 cores, 7G,  Windows 10 , 64 bit Build 19041 (10.0.19041.1023)
Time: Mon Jul 26 17:50:53 2021 India Standard Time elapsed time: 6 seconds (0d 0h 0m 6s)

---------------  T H R E A D  ---------------

Current thread (0x000001694a59b000):  JavaThread "C2 CompilerThread0" daemon [_thread_in_native, id=28468, stack(0x0000003a95a00000,0x0000003a95b00000)]


Current CompileTask:
C2:   6587 3234       4       org.codehaus.groovy.runtime.metaclass.MetaMethodIndex::addMethodToList (298 bytes)

Stack: [0x0000003a95a00000,0x0000003a95b00000]
Native frames: (J=compiled Java code, j=interpreted, Vv=VM code, C=native code)
V  [jvm.dll+0x5de50a]
V  [jvm.dll+0x7122f5]
V  [jvm.dll+0x71384d]
V  [jvm.dll+0x713f03]
V  [jvm.dll+0x23e728]
V  [jvm.dll+0xb899c]
V  [jvm.dll+0xb8e9c]
V  [jvm.dll+0x35024d]
V  [jvm.dll+0x31dea3]
V  [jvm.dll+0x31d39a]
V  [jvm.dll+0x1f7702]
V  [jvm.dll+0x1f68d4]
V  [jvm.dll+0x17f32c]
V  [jvm.dll+0x205047]
V  [jvm.dll+0x203891]
V  [jvm.dll+0x6dad3f]
V  [jvm.dll+0x6d3895]
V  [jvm.dll+0x5dd4a6]
C  [ucrtbase.dll+0x21bb2]
C  [KERNEL32.DLL+0x17034]
C  [ntdll.dll+0x52651]


---------------  P R O C E S S  ---------------

Threads class SMR info:
_java_thread_list=0x000001695093beb0, length=52, elements={
0x000001692fb2a800, 0x000001694a585800, 0x000001694a587000, 0x000001694af13800,
0x000001694a599000, 0x000001694a59b000, 0x000001694a5a8000, 0x000001694a5ac800,
0x000001694b073800, 0x000001694b086000, 0x000001694ce52800, 0x000001694cd63000,
0x000001694cd64000, 0x000001694cd65000, 0x000001694cd65800, 0x000001694d09c800,
0x000001694d09d800, 0x000001694d09b000, 0x000001694d09e000, 0x000001694d09b800,
0x000001694d0a4800, 0x000001694d0a0800, 0x000001694d0a1800, 0x000001694d0a0000,
0x000001694d0a2000, 0x000001694d0a4000, 0x000001694d09f000, 0x000001694d0a9000,
0x000001694d0a5800, 0x000001694d0a6800, 0x000001694d0a7000, 0x000001694d0a3000,
0x000001694d0a8000, 0x000001694d0a9800, 0x000001694ec84000, 0x000001694ec80000,
0x000001694ec81800, 0x000001694ec82800, 0x000001694ec83800, 0x000001694ec81000,
0x000001694ec7f800, 0x000001694ec85000, 0x000001694ec87800, 0x000001694ec86800,
0x000001694ec89000, 0x000001694ec88000, 0x000001694ec8a800, 0x000001694ec86000,
0x000001694ec8a000, 0x000001694d9e5000, 0x000001694ed9f000, 0x000001694ec8e000
}

Java Threads: ( => current thread )
  0x000001692fb2a800 JavaThread "main" [_thread_blocked, id=38872, stack(0x0000003a94f00000,0x0000003a95000000)]
  0x000001694a585800 JavaThread "Reference Handler" daemon [_thread_blocked, id=3600, stack(0x0000003a95600000,0x0000003a95700000)]
  0x000001694a587000 JavaThread "Finalizer" daemon [_thread_blocked, id=33476, stack(0x0000003a95700000,0x0000003a95800000)]
  0x000001694af13800 JavaThread "Signal Dispatcher" daemon [_thread_blocked, id=23372, stack(0x0000003a95800000,0x0000003a95900000)]
  0x000001694a599000 JavaThread "Attach Listener" daemon [_thread_blocked, id=36960, stack(0x0000003a95900000,0x0000003a95a00000)]
=>0x000001694a59b000 JavaThread "C2 CompilerThread0" daemon [_thread_in_native, id=28468, stack(0x0000003a95a00000,0x0000003a95b00000)]
  0x000001694a5a8000 JavaThread "C1 CompilerThread0" daemon [_thread_blocked, id=33708, stack(0x0000003a95b00000,0x0000003a95c00000)]
  0x000001694a5ac800 JavaThread "Sweeper thread" daemon [_thread_blocked, id=34920, stack(0x0000003a95c00000,0x0000003a95d00000)]
  0x000001694b073800 JavaThread "Common-Cleaner" daemon [_thread_blocked, id=31512, stack(0x0000003a95d00000,0x0000003a95e00000)]
  0x000001694b086000 JavaThread "Service Thread" daemon [_thread_blocked, id=31956, stack(0x0000003a95e00000,0x0000003a95f00000)]
  0x000001694ce52800 JavaThread "Daemon health stats" [_thread_blocked, id=33880, stack(0x0000003a96500000,0x0000003a96600000)]
  0x000001694cd63000 JavaThread "Incoming local TCP Connector on port 52987" [_thread_in_native, id=11508, stack(0x0000003a96600000,0x0000003a96700000)]
  0x000001694cd64000 JavaThread "Daemon periodic checks" [_thread_blocked, id=20796, stack(0x0000003a96700000,0x0000003a96800000)]
  0x000001694cd65000 JavaThread "Daemon" [_thread_blocked, id=21708, stack(0x0000003a96800000,0x0000003a96900000)]
  0x000001694cd65800 JavaThread "Handler for socket connection from /127.0.0.1:52987 to /127.0.0.1:52988" [_thread_in_native, id=13812, stack(0x0000003a96900000,0x0000003a96a00000)]
  0x000001694d09c800 JavaThread "Cancel handler" [_thread_blocked, id=13988, stack(0x0000003a96a00000,0x0000003a96b00000)]
  0x000001694d09d800 JavaThread "Daemon worker" [_thread_in_vm, id=10272, stack(0x0000003a96b00000,0x0000003a96c00000)]
  0x000001694d09b000 JavaThread "Asynchronous log dispatcher for DefaultDaemonConnection: socket connection from /127.0.0.1:52987 to /127.0.0.1:52988" [_thread_blocked, id=36824, stack(0x0000003a96c00000,0x0000003a96d00000)]
  0x000001694d09e000 JavaThread "Stdin handler" [_thread_blocked, id=1372, stack(0x0000003a96d00000,0x0000003a96e00000)]
  0x000001694d09b800 JavaThread "Thread-8" [_thread_blocked, id=15480, stack(0x0000003a96e00000,0x0000003a96f00000)]
  0x000001694d0a4800 JavaThread "Cache worker for file hash cache (C:\Users\Dark Knight\.gradle\caches\6.7.1\fileHashes)" [_thread_blocked, id=31028, stack(0x0000003a96f00000,0x0000003a97000000)]
  0x000001694d0a0800 JavaThread "File lock request listener" [_thread_in_native, id=12488, stack(0x0000003a97000000,0x0000003a97100000)]
  0x000001694d0a1800 JavaThread "Cache worker for journal cache (C:\Users\Dark Knight\.gradle\caches\journal-1)" [_thread_blocked, id=16664, stack(0x0000003a97700000,0x0000003a97800000)]
  0x000001694d0a0000 JavaThread "Cache worker for file hash cache (C:\Android Projects\Udemy TUTORIAL\KidsDrawingApp\.gradle\6.7.1\fileHashes)" [_thread_blocked, id=29796, stack(0x0000003a97a00000,0x0000003a97b00000)]
  0x000001694d0a2000 JavaThread "jar transforms" [_thread_blocked, id=27952, stack(0x0000003a97b00000,0x0000003a97c00000)]
  0x000001694d0a4000 JavaThread "jar transforms Thread 2" [_thread_blocked, id=1672, stack(0x0000003a97c00000,0x0000003a97d00000)]
  0x000001694d09f000 JavaThread "jar transforms Thread 3" [_thread_blocked, id=26668, stack(0x0000003a97d00000,0x0000003a97e00000)]
  0x000001694d0a9000 JavaThread "jar transforms Thread 4" [_thread_blocked, id=32984, stack(0x0000003a97e00000,0x0000003a97f00000)]
  0x000001694d0a5800 JavaThread "jar transforms Thread 5" [_thread_blocked, id=36508, stack(0x0000003a97f00000,0x0000003a98000000)]
  0x000001694d0a6800 JavaThread "jar transforms Thread 6" [_thread_blocked, id=37364, stack(0x0000003a98000000,0x0000003a98100000)]
  0x000001694d0a7000 JavaThread "jar transforms Thread 7" [_thread_blocked, id=30084, stack(0x0000003a98100000,0x0000003a98200000)]
  0x000001694d0a3000 JavaThread "jar transforms Thread 8" [_thread_blocked, id=33316, stack(0x0000003a98200000,0x0000003a98300000)]
  0x000001694d0a8000 JavaThread "jar transforms Thread 9" [_thread_blocked, id=19808, stack(0x0000003a98300000,0x0000003a98400000)]
  0x000001694d0a9800 JavaThread "jar transforms Thread 10" [_thread_blocked, id=13300, stack(0x0000003a98400000,0x0000003a98500000)]
  0x000001694ec84000 JavaThread "jar transforms Thread 11" [_thread_blocked, id=29784, stack(0x0000003a98500000,0x0000003a98600000)]
  0x000001694ec80000 JavaThread "jar transforms Thread 12" [_thread_blocked, id=35628, stack(0x0000003a98600000,0x0000003a98700000)]
  0x000001694ec81800 JavaThread "jar transforms Thread 13" [_thread_blocked, id=32428, stack(0x0000003a98700000,0x0000003a98800000)]
  0x000001694ec82800 JavaThread "jar transforms Thread 14" [_thread_blocked, id=30108, stack(0x0000003a98800000,0x0000003a98900000)]
  0x000001694ec83800 JavaThread "jar transforms Thread 15" [_thread_blocked, id=14052, stack(0x0000003a98900000,0x0000003a98a00000)]
  0x000001694ec81000 JavaThread "jar transforms Thread 16" [_thread_blocked, id=14488, stack(0x0000003a98a00000,0x0000003a98b00000)]
  0x000001694ec7f800 JavaThread "jar transforms Thread 17" [_thread_blocked, id=25032, stack(0x0000003a98b00000,0x0000003a98c00000)]
  0x000001694ec85000 JavaThread "jar transforms Thread 18" [_thread_blocked, id=34764, stack(0x0000003a98c00000,0x0000003a98d00000)]
  0x000001694ec87800 JavaThread "jar transforms Thread 19" [_thread_blocked, id=37584, stack(0x0000003a98d00000,0x0000003a98e00000)]
  0x000001694ec86800 JavaThread "jar transforms Thread 20" [_thread_blocked, id=36420, stack(0x0000003a98e00000,0x0000003a98f00000)]
  0x000001694ec89000 JavaThread "jar transforms Thread 21" [_thread_blocked, id=23464, stack(0x0000003a98f00000,0x0000003a99000000)]
  0x000001694ec88000 JavaThread "Cache worker for checksums cache (C:\Android Projects\Udemy TUTORIAL\KidsDrawingApp\.gradle\checksums)" [_thread_blocked, id=20356, stack(0x0000003a99000000,0x0000003a99100000)]
  0x000001694ec8a800 JavaThread "Cache worker for cache directory md-supplier (C:\Users\Dark Knight\.gradle\caches\6.7.1\md-supplier)" [_thread_blocked, id=3196, stack(0x0000003a99100000,0x0000003a99200000)]
  0x000001694ec86000 JavaThread "Cache worker for cache directory md-rule (C:\Users\Dark Knight\.gradle\caches\6.7.1\md-rule)" [_thread_blocked, id=4548, stack(0x0000003a99200000,0x0000003a99300000)]
  0x000001694ec8a000 JavaThread "Cache worker for execution history cache (C:\Users\Dark Knight\.gradle\caches\6.7.1\executionHistory)" [_thread_blocked, id=27072, stack(0x0000003a99300000,0x0000003a99400000)]
  0x000001694d9e5000 JavaThread "C2 CompilerThread1" daemon [_thread_in_native, id=37624, stack(0x0000003a97800000,0x0000003a97900000)]
  0x000001694ed9f000 JavaThread "C2 CompilerThread2" daemon [_thread_in_native, id=36940, stack(0x0000003a97900000,0x0000003a97a00000)]
  0x000001694ec8e000 JavaThread "Cache worker for file content cache (C:\Users\Dark Knight\.gradle\caches\6.7.1\fileContent)" [_thread_blocked, id=6192, stack(0x0000003a99400000,0x0000003a99500000)]

Other Threads:
  0x000001694a544000 VMThread "VM Thread" [stack: 0x0000003a95500000,0x0000003a95600000] [id=32420]
  0x000001694b086800 WatcherThread [stack: 0x0000003a95f00000,0x0000003a96000000] [id=26244]
  0x000001692fb43000 GCTaskThread "GC Thread#0" [stack: 0x0000003a95000000,0x0000003a95100000] [id=24624]
  0x000001694bdc6000 GCTaskThread "GC Thread#1" [stack: 0x0000003a96200000,0x0000003a96300000] [id=25936]
  0x000001694bf1e800 GCTaskThread "GC Thread#2" [stack: 0x0000003a96300000,0x0000003a96400000] [id=33960]
  0x000001694d8c4000 GCTaskThread "GC Thread#3" [stack: 0x0000003a97100000,0x0000003a97200000] [id=13152]
  0x000001694cfa7000 GCTaskThread "GC Thread#4" [stack: 0x0000003a97200000,0x0000003a97300000] [id=38764]
  0x000001694d0d8000 GCTaskThread "GC Thread#5" [stack: 0x0000003a97300000,0x0000003a97400000] [id=26776]
  0x000001694c3af000 GCTaskThread "GC Thread#6" [stack: 0x0000003a97400000,0x0000003a97500000] [id=8216]
  0x000001694c9a6800 GCTaskThread "GC Thread#7" [stack: 0x0000003a97500000,0x0000003a97600000] [id=10964]
  0x000001692fb73800 ConcurrentGCThread "G1 Main Marker" [stack: 0x0000003a95100000,0x0000003a95200000] [id=18256]
  0x000001692fb77000 ConcurrentGCThread "G1 Conc#0" [stack: 0x0000003a95200000,0x0000003a95300000] [id=22536]
  0x000001694cf38800 ConcurrentGCThread "G1 Conc#1" [stack: 0x0000003a97600000,0x0000003a97700000] [id=27504]
  0x000001694a3d0800 ConcurrentGCThread "G1 Refine#0" [stack: 0x0000003a95300000,0x0000003a95400000] [id=33000]
  0x000001694bafa000 ConcurrentGCThread "G1 Refine#1" [stack: 0x0000003a96400000,0x0000003a96500000] [id=12752]
  0x000001692fc09800 ConcurrentGCThread "G1 Young RemSet Sampling" [stack: 0x0000003a95400000,0x0000003a95500000] [id=35044]

Threads with active compile tasks:
C2 CompilerThread0   6626 3234       4       org.codehaus.groovy.runtime.metaclass.MetaMethodIndex::addMethodToList (298 bytes)
C2 CompilerThread1   6626 3271       4       groovy.lang.MetaClassImpl$1MOPIter::methodNameAction (325 bytes)
C2 CompilerThread2   6626 3336   !   4       sun.net.www.ParseUtil::decode (316 bytes)

VM state:not at safepoint (normal execution)

VM Mutex/Monitor currently owned by a thread: None

Heap address: 0x0000000080000000, size: 2048 MB, Compressed Oops mode: 32-bit
Narrow klass base: 0x0000000000000000, Narrow klass shift: 3
Compressed class space size: 1073741824 Address: 0x0000000100000000

Heap:
 garbage-first heap   total 131072K, used 99105K [0x0000000080000000, 0x0000000100000000)
  region size 1024K, 59 young (60416K), 4 survivors (4096K)
 Metaspace       used 40603K, capacity 41609K, committed 41728K, reserved 1085440K
  class space    used 5205K, capacity 5592K, committed 5632K, reserved 1048576K
Heap Regions: E=young(eden), S=young(survivor), O=old, HS=humongous(starts), HC=humongous(continues), CS=collection set, F=free, A=archive, TAMS=top-at-mark-start (previous, next)
|   0|0x0000000080000000, 0x0000000080100000, 0x0000000080100000|100%| O|  |TAMS 0x0000000080100000, 0x0000000080000000| Untracked 
|   1|0x0000000080100000, 0x0000000080200000, 0x0000000080200000|100%| O|  |TAMS 0x0000000080200000, 0x0000000080100000| Untracked 
|   2|0x0000000080200000, 0x0000000080300000, 0x0000000080300000|100%| O|  |TAMS 0x0000000080300000, 0x0000000080200000| Untracked 
|   3|0x0000000080300000, 0x0000000080400000, 0x0000000080400000|100%|HS|  |TAMS 0x0000000080400000, 0x0000000080300000| Complete 
|   4|0x0000000080400000, 0x0000000080500000, 0x0000000080500000|100%|HC|  |TAMS 0x0000000080500000, 0x0000000080400000| Complete 
|   5|0x0000000080500000, 0x0000000080600000, 0x0000000080600000|100%|HC|  |TAMS 0x0000000080600000, 0x0000000080500000| Complete 
|   6|0x0000000080600000, 0x0000000080700000, 0x0000000080700000|100%| O|  |TAMS 0x0000000080700000, 0x0000000080600000| Untracked 
|   7|0x0000000080700000, 0x0000000080800000, 0x0000000080800000|100%| O|  |TAMS 0x0000000080800000, 0x0000000080700000| Untracked 
|   8|0x0000000080800000, 0x0000000080900000, 0x0000000080900000|100%| O|  |TAMS 0x0000000080900000, 0x0000000080800000| Untracked 
|   9|0x0000000080900000, 0x0000000080a00000, 0x0000000080a00000|100%| O|  |TAMS 0x0000000080a00000, 0x0000000080900000| Untracked 
|  10|0x0000000080a00000, 0x0000000080b00000, 0x0000000080b00000|100%|HS|  |TAMS 0x0000000080b00000, 0x0000000080a00000| Complete 
|  11|0x0000000080b00000, 0x0000000080c00000, 0x0000000080c00000|100%|HC|  |TAMS 0x0000000080c00000, 0x0000000080b00000| Complete 
|  12|0x0000000080c00000, 0x0000000080d00000, 0x0000000080d00000|100%|HS|  |TAMS 0x0000000080d00000, 0x0000000080c00000| Complete 
|  13|0x0000000080d00000, 0x0000000080e00000, 0x0000000080e00000|100%|HC|  |TAMS 0x0000000080e00000, 0x0000000080d00000| Complete 
|  14|0x0000000080e00000, 0x0000000080f00000, 0x0000000080f00000|100%|HC|  |TAMS 0x0000000080f00000, 0x0000000080e00000| Complete 
|  15|0x0000000080f00000, 0x0000000081000000, 0x0000000081000000|100%|HS|  |TAMS 0x0000000081000000, 0x0000000080f00000| Complete 
|  16|0x0000000081000000, 0x0000000081100000, 0x0000000081100000|100%|HC|  |TAMS 0x0000000081100000, 0x0000000081000000| Complete 
|  17|0x0000000081100000, 0x0000000081200000, 0x0000000081200000|100%|HC|  |TAMS 0x0000000081200000, 0x0000000081100000| Complete 
|  18|0x0000000081200000, 0x0000000081300000, 0x0000000081300000|100%|HC|  |TAMS 0x0000000081300000, 0x0000000081200000| Complete 
|  19|0x0000000081300000, 0x0000000081400000, 0x0000000081400000|100%| O|  |TAMS 0x0000000081400000, 0x0000000081300000| Untracked 
|  20|0x0000000081400000, 0x0000000081500000, 0x0000000081500000|100%| O|  |TAMS 0x0000000081500000, 0x0000000081400000| Untracked 
|  21|0x0000000081500000, 0x0000000081600000, 0x0000000081600000|100%| O|  |TAMS 0x0000000081600000, 0x0000000081500000| Untracked 
|  22|0x0000000081600000, 0x0000000081700000, 0x0000000081700000|100%| O|  |TAMS 0x0000000081700000, 0x0000000081600000| Untracked 
|  23|0x0000000081700000, 0x0000000081800000, 0x0000000081800000|100%| O|  |TAMS 0x0000000081800000, 0x0000000081700000| Untracked 
|  24|0x0000000081800000, 0x0000000081900000, 0x0000000081900000|100%| O|  |TAMS 0x0000000081900000, 0x0000000081800000| Untracked 
|  25|0x0000000081900000, 0x0000000081a00000, 0x0000000081a00000|100%| O|  |TAMS 0x0000000081a00000, 0x0000000081900000| Untracked 
|  26|0x0000000081a00000, 0x0000000081b00000, 0x0000000081b00000|100%| O|  |TAMS 0x0000000081b00000, 0x0000000081a00000| Untracked 
|  27|0x0000000081b00000, 0x0000000081c00000, 0x0000000081c00000|100%| O|  |TAMS 0x0000000081c00000, 0x0000000081b00000| Untracked 
|  28|0x0000000081c00000, 0x0000000081d00000, 0x0000000081d00000|100%| O|  |TAMS 0x0000000081d00000, 0x0000000081c00000| Untracked 
|  29|0x0000000081d00000, 0x0000000081e00000, 0x0000000081e00000|100%| O|  |TAMS 0x0000000081e00000, 0x0000000081d00000| Untracked 
|  30|0x0000000081e00000, 0x0000000081e1a200, 0x0000000081f00000| 10%| O|  |TAMS 0x0000000081e1a200, 0x0000000081e00000| Untracked 
|  31|0x0000000081f00000, 0x0000000082000000, 0x0000000082000000|100%|HS|  |TAMS 0x0000000081f00000, 0x0000000081f00000| Complete 
|  32|0x0000000082000000, 0x0000000082100000, 0x0000000082100000|100%|HS|  |TAMS 0x0000000082000000, 0x0000000082000000| Complete 
|  33|0x0000000082100000, 0x0000000082200000, 0x0000000082200000|100%|HC|  |TAMS 0x0000000082100000, 0x0000000082100000| Complete 
|  34|0x0000000082200000, 0x0000000082300000, 0x0000000082300000|100%|HS|  |TAMS 0x0000000082200000, 0x0000000082200000| Complete 
|  35|0x0000000082300000, 0x0000000082400000, 0x0000000082400000|100%|HC|  |TAMS 0x0000000082300000, 0x0000000082300000| Complete 
|  36|0x0000000082400000, 0x0000000082500000, 0x0000000082500000|100%|HC|  |TAMS 0x0000000082400000, 0x0000000082400000| Complete 
|  37|0x0000000082500000, 0x0000000082600000, 0x0000000082600000|100%|HC|  |TAMS 0x0000000082500000, 0x0000000082500000| Complete 
|  38|0x0000000082600000, 0x0000000082700000, 0x0000000082700000|100%|HS|  |TAMS 0x0000000082600000, 0x0000000082600000| Complete 
|  39|0x0000000082700000, 0x0000000082800000, 0x0000000082800000|100%|HC|  |TAMS 0x0000000082700000, 0x0000000082700000| Complete 
|  40|0x0000000082800000, 0x0000000082900000, 0x0000000082900000|100%|HC|  |TAMS 0x0000000082800000, 0x0000000082800000| Complete 
|  41|0x0000000082900000, 0x0000000082a00000, 0x0000000082a00000|100%|HS|  |TAMS 0x0000000082900000, 0x0000000082900000| Complete 
|  42|0x0000000082a00000, 0x0000000082a00000, 0x0000000082b00000|  0%| F|  |TAMS 0x0000000082a00000, 0x0000000082a00000| Untracked 
|  43|0x0000000082b00000, 0x0000000082b00000, 0x0000000082c00000|  0%| F|  |TAMS 0x0000000082b00000, 0x0000000082b00000| Untracked 
|  44|0x0000000082c00000, 0x0000000082c00000, 0x0000000082d00000|  0%| F|  |TAMS 0x0000000082c00000, 0x0000000082c00000| Untracked 
|  45|0x0000000082d00000, 0x0000000082d00000, 0x0000000082e00000|  0%| F|  |TAMS 0x0000000082d00000, 0x0000000082d00000| Untracked 
|  46|0x0000000082e00000, 0x0000000082e00000, 0x0000000082f00000|  0%| F|  |TAMS 0x0000000082e00000, 0x0000000082e00000| Untracked 
|  47|0x0000000082f00000, 0x0000000082f00000, 0x0000000083000000|  0%| F|  |TAMS 0x0000000082f00000, 0x0000000082f00000| Untracked 
|  48|0x0000000083000000, 0x0000000083000000, 0x0000000083100000|  0%| F|  |TAMS 0x0000000083000000, 0x0000000083000000| Untracked 
|  49|0x0000000083100000, 0x0000000083100000, 0x0000000083200000|  0%| F|  |TAMS 0x0000000083100000, 0x0000000083100000| Untracked 
|  50|0x0000000083200000, 0x0000000083200000, 0x0000000083300000|  0%| F|  |TAMS 0x0000000083200000, 0x0000000083200000| Untracked 
|  51|0x0000000083300000, 0x0000000083300000, 0x0000000083400000|  0%| F|  |TAMS 0x0000000083300000, 0x0000000083300000| Untracked 
|  52|0x0000000083400000, 0x0000000083400000, 0x0000000083500000|  0%| F|  |TAMS 0x0000000083400000, 0x0000000083400000| Untracked 
|  53|0x0000000083500000, 0x0000000083500000, 0x0000000083600000|  0%| F|  |TAMS 0x0000000083500000, 0x0000000083500000| Untracked 
|  54|0x0000000083600000, 0x0000000083600000, 0x0000000083700000|  0%| F|  |TAMS 0x0000000083600000, 0x0000000083600000| Untracked 
|  55|0x0000000083700000, 0x0000000083700000, 0x0000000083800000|  0%| F|  |TAMS 0x0000000083700000, 0x0000000083700000| Untracked 
|  56|0x0000000083800000, 0x0000000083800000, 0x0000000083900000|  0%| F|  |TAMS 0x0000000083800000, 0x0000000083800000| Untracked 
|  57|0x0000000083900000, 0x0000000083900000, 0x0000000083a00000|  0%| F|  |TAMS 0x0000000083900000, 0x0000000083900000| Untracked 
|  58|0x0000000083a00000, 0x0000000083a00000, 0x0000000083b00000|  0%| F|  |TAMS 0x0000000083a00000, 0x0000000083a00000| Untracked 
|  59|0x0000000083b00000, 0x0000000083b00000, 0x0000000083c00000|  0%| F|  |TAMS 0x0000000083b00000, 0x0000000083b00000| Untracked 
|  60|0x0000000083c00000, 0x0000000083c00000, 0x0000000083d00000|  0%| F|  |TAMS 0x0000000083c00000, 0x0000000083c00000| Untracked 
|  61|0x0000000083d00000, 0x0000000083d00000, 0x0000000083e00000|  0%| F|  |TAMS 0x0000000083d00000, 0x0000000083d00000| Untracked 
|  62|0x0000000083e00000, 0x0000000083e00000, 0x0000000083f00000|  0%| F|  |TAMS 0x0000000083e00000, 0x0000000083e00000| Untracked 
|  63|0x0000000083f00000, 0x0000000083f00000, 0x0000000084000000|  0%| F|  |TAMS 0x0000000083f00000, 0x0000000083f00000| Untracked 
|  64|0x0000000084000000, 0x0000000084000000, 0x0000000084100000|  0%| F|  |TAMS 0x0000000084000000, 0x0000000084000000| Untracked 
|  65|0x0000000084100000, 0x0000000084100000, 0x0000000084200000|  0%| F|  |TAMS 0x0000000084100000, 0x0000000084100000| Untracked 
|  66|0x0000000084200000, 0x0000000084200000, 0x0000000084300000|  0%| F|  |TAMS 0x0000000084200000, 0x0000000084200000| Untracked 
|  67|0x0000000084300000, 0x0000000084300000, 0x0000000084400000|  0%| F|  |TAMS 0x0000000084300000, 0x0000000084300000| Untracked 
|  68|0x0000000084400000, 0x0000000084400000, 0x0000000084500000|  0%| F|  |TAMS 0x0000000084400000, 0x0000000084400000| Untracked 
|  69|0x0000000084500000, 0x000000008457fc10, 0x0000000084600000| 49%| E|  |TAMS 0x0000000084500000, 0x0000000084500000| Complete 
|  70|0x0000000084600000, 0x00000000846c0410, 0x0000000084700000| 75%| E|  |TAMS 0x0000000084600000, 0x0000000084600000| Complete 
|  71|0x0000000084700000, 0x0000000084800000, 0x0000000084800000|100%| E|CS|TAMS 0x0000000084700000, 0x0000000084700000| Complete 
|  72|0x0000000084800000, 0x0000000084900000, 0x0000000084900000|100%| E|CS|TAMS 0x0000000084800000, 0x0000000084800000| Complete 
|  73|0x0000000084900000, 0x0000000084a00000, 0x0000000084a00000|100%| E|CS|TAMS 0x0000000084900000, 0x0000000084900000| Complete 
|  74|0x0000000084a00000, 0x0000000084b00000, 0x0000000084b00000|100%| E|CS|TAMS 0x0000000084a00000, 0x0000000084a00000| Complete 
|  75|0x0000000084b00000, 0x0000000084bae4b0, 0x0000000084c00000| 68%| S|CS|TAMS 0x0000000084b00000, 0x0000000084b00000| Complete 
|  76|0x0000000084c00000, 0x0000000084d00000, 0x0000000084d00000|100%| S|CS|TAMS 0x0000000084c00000, 0x0000000084c00000| Complete 
|  77|0x0000000084d00000, 0x0000000084e00000, 0x0000000084e00000|100%| S|CS|TAMS 0x0000000084d00000, 0x0000000084d00000| Complete 
|  78|0x0000000084e00000, 0x0000000084f00000, 0x0000000084f00000|100%| S|CS|TAMS 0x0000000084e00000, 0x0000000084e00000| Complete 
|  79|0x0000000084f00000, 0x0000000085000000, 0x0000000085000000|100%| E|CS|TAMS 0x0000000084f00000, 0x0000000084f00000| Complete 
|  80|0x0000000085000000, 0x0000000085100000, 0x0000000085100000|100%| E|CS|TAMS 0x0000000085000000, 0x0000000085000000| Complete 
|  81|0x0000000085100000, 0x0000000085200000, 0x0000000085200000|100%| E|CS|TAMS 0x0000000085100000, 0x0000000085100000| Complete 
|  82|0x0000000085200000, 0x0000000085300000, 0x0000000085300000|100%| E|CS|TAMS 0x0000000085200000, 0x0000000085200000| Complete 
|  83|0x0000000085300000, 0x0000000085400000, 0x0000000085400000|100%| E|CS|TAMS 0x0000000085300000, 0x0000000085300000| Complete 
|  84|0x0000000085400000, 0x0000000085500000, 0x0000000085500000|100%| E|CS|TAMS 0x0000000085400000, 0x0000000085400000| Complete 
|  85|0x0000000085500000, 0x0000000085600000, 0x0000000085600000|100%| E|CS|TAMS 0x0000000085500000, 0x0000000085500000| Complete 
|  86|0x0000000085600000, 0x0000000085700000, 0x0000000085700000|100%| E|CS|TAMS 0x0000000085600000, 0x0000000085600000| Complete 
|  87|0x0000000085700000, 0x0000000085800000, 0x0000000085800000|100%| E|CS|TAMS 0x0000000085700000, 0x0000000085700000| Complete 
|  88|0x0000000085800000, 0x0000000085900000, 0x0000000085900000|100%| E|CS|TAMS 0x0000000085800000, 0x0000000085800000| Complete 
|  89|0x0000000085900000, 0x0000000085a00000, 0x0000000085a00000|100%| E|CS|TAMS 0x0000000085900000, 0x0000000085900000| Complete 
|  90|0x0000000085a00000, 0x0000000085b00000, 0x0000000085b00000|100%| E|CS|TAMS 0x0000000085a00000, 0x0000000085a00000| Complete 
|  91|0x0000000085b00000, 0x0000000085c00000, 0x0000000085c00000|100%| E|CS|TAMS 0x0000000085b00000, 0x0000000085b00000| Complete 
|  92|0x0000000085c00000, 0x0000000085d00000, 0x0000000085d00000|100%| E|CS|TAMS 0x0000000085c00000, 0x0000000085c00000| Complete 
|  93|0x0000000085d00000, 0x0000000085e00000, 0x0000000085e00000|100%| E|CS|TAMS 0x0000000085d00000, 0x0000000085d00000| Complete 
|  94|0x0000000085e00000, 0x0000000085f00000, 0x0000000085f00000|100%| E|CS|TAMS 0x0000000085e00000, 0x0000000085e00000| Complete 
|  95|0x0000000085f00000, 0x0000000086000000, 0x0000000086000000|100%| E|CS|TAMS 0x0000000085f00000, 0x0000000085f00000| Complete 
|  96|0x0000000086000000, 0x0000000086100000, 0x0000000086100000|100%| E|CS|TAMS 0x0000000086000000, 0x0000000086000000| Complete 
|  97|0x0000000086100000, 0x0000000086200000, 0x0000000086200000|100%| E|CS|TAMS 0x0000000086100000, 0x0000000086100000| Complete 
|  98|0x0000000086200000, 0x0000000086300000, 0x0000000086300000|100%| E|CS|TAMS 0x0000000086200000, 0x0000000086200000| Complete 
|  99|0x0000000086300000, 0x0000000086400000, 0x0000000086400000|100%| E|CS|TAMS 0x0000000086300000, 0x0000000086300000| Complete 
| 100|0x0000000086400000, 0x0000000086500000, 0x0000000086500000|100%| E|CS|TAMS 0x0000000086400000, 0x0000000086400000| Complete 
| 101|0x0000000086500000, 0x0000000086600000, 0x0000000086600000|100%| E|CS|TAMS 0x0000000086500000, 0x0000000086500000| Complete 
| 102|0x0000000086600000, 0x0000000086700000, 0x0000000086700000|100%| E|CS|TAMS 0x0000000086600000, 0x0000000086600000| Complete 
| 103|0x0000000086700000, 0x0000000086800000, 0x0000000086800000|100%| E|CS|TAMS 0x0000000086700000, 0x0000000086700000| Complete 
| 104|0x0000000086800000, 0x0000000086900000, 0x0000000086900000|100%| E|CS|TAMS 0x0000000086800000, 0x0000000086800000| Complete 
| 105|0x0000000086900000, 0x0000000086a00000, 0x0000000086a00000|100%| E|CS|TAMS 0x0000000086900000, 0x0000000086900000| Complete 
| 106|0x0000000086a00000, 0x0000000086b00000, 0x0000000086b00000|100%| E|CS|TAMS 0x0000000086a00000, 0x0000000086a00000| Complete 
| 107|0x0000000086b00000, 0x0000000086c00000, 0x0000000086c00000|100%| E|CS|TAMS 0x0000000086b00000, 0x0000000086b00000| Complete 
| 108|0x0000000086c00000, 0x0000000086d00000, 0x0000000086d00000|100%| E|CS|TAMS 0x0000000086c00000, 0x0000000086c00000| Complete 
| 109|0x0000000086d00000, 0x0000000086e00000, 0x0000000086e00000|100%| E|CS|TAMS 0x0000000086d00000, 0x0000000086d00000| Complete 
| 110|0x0000000086e00000, 0x0000000086f00000, 0x0000000086f00000|100%| E|CS|TAMS 0x0000000086e00000, 0x0000000086e00000| Complete 
| 111|0x0000000086f00000, 0x0000000087000000, 0x0000000087000000|100%| E|CS|TAMS 0x0000000086f00000, 0x0000000086f00000| Complete 
| 112|0x0000000087000000, 0x0000000087100000, 0x0000000087100000|100%| E|CS|TAMS 0x0000000087000000, 0x0000000087000000| Complete 
| 113|0x0000000087100000, 0x0000000087200000, 0x0000000087200000|100%| E|CS|TAMS 0x0000000087100000, 0x0000000087100000| Complete 
| 114|0x0000000087200000, 0x0000000087300000, 0x0000000087300000|100%| E|CS|TAMS 0x0000000087200000, 0x0000000087200000| Complete 
| 115|0x0000000087300000, 0x0000000087400000, 0x0000000087400000|100%| E|CS|TAMS 0x0000000087300000, 0x0000000087300000| Complete 
| 116|0x0000000087400000, 0x0000000087500000, 0x0000000087500000|100%| E|CS|TAMS 0x0000000087400000, 0x0000000087400000| Complete 
| 117|0x0000000087500000, 0x0000000087600000, 0x0000000087600000|100%| E|CS|TAMS 0x0000000087500000, 0x0000000087500000| Complete 
| 118|0x0000000087600000, 0x0000000087700000, 0x0000000087700000|100%| E|CS|TAMS 0x0000000087600000, 0x0000000087600000| Complete 
| 119|0x0000000087700000, 0x0000000087800000, 0x0000000087800000|100%| E|CS|TAMS 0x0000000087700000, 0x0000000087700000| Complete 
| 120|0x0000000087800000, 0x0000000087900000, 0x0000000087900000|100%| E|CS|TAMS 0x0000000087800000, 0x0000000087800000| Complete 
| 121|0x0000000087900000, 0x0000000087a00000, 0x0000000087a00000|100%| E|CS|TAMS 0x0000000087900000, 0x0000000087900000| Complete 
| 122|0x0000000087a00000, 0x0000000087b00000, 0x0000000087b00000|100%| E|CS|TAMS 0x0000000087a00000, 0x0000000087a00000| Complete 
| 123|0x0000000087b00000, 0x0000000087c00000, 0x0000000087c00000|100%| E|CS|TAMS 0x0000000087b00000, 0x0000000087b00000| Complete 
| 124|0x0000000087c00000, 0x0000000087d00000, 0x0000000087d00000|100%| E|CS|TAMS 0x0000000087c00000, 0x0000000087c00000| Complete 
| 125|0x0000000087d00000, 0x0000000087e00000, 0x0000000087e00000|100%| E|CS|TAMS 0x0000000087d00000, 0x0000000087d00000| Complete 
| 126|0x0000000087e00000, 0x0000000087f00000, 0x0000000087f00000|100%| E|CS|TAMS 0x0000000087e00000, 0x0000000087e00000| Complete 
| 127|0x0000000087f00000, 0x0000000088000000, 0x0000000088000000|100%| E|CS|TAMS 0x0000000087f00000, 0x0000000087f00000| Complete 

Card table byte_map: [0x0000016943330000,0x0000016943730000] _byte_map_base: 0x0000016942f30000

Marking Bits (Prev, Next): (CMBitMap*) 0x000001692fb6acc8, (CMBitMap*) 0x000001692fb6ad00
 Prev Bits: [0x0000016943b30000, 0x0000016945b30000)
 Next Bits: [0x0000016945b30000, 0x0000016947b30000)

Polling page: 0x000001692e2a0000

Metaspace:

Usage:
  Non-class:     35.67 MB capacity,    35.01 MB ( 98%) used,   591.60 KB (  2%) free+waste,    86.13 KB ( <1%) overhead. 
      Class:      5.46 MB capacity,     5.08 MB ( 93%) used,   344.54 KB (  6%) free+waste,    41.88 KB ( <1%) overhead. 
       Both:     41.13 MB capacity,    40.09 MB ( 97%) used,   936.14 KB (  2%) free+waste,   128.00 KB ( <1%) overhead. 

Virtual space:
  Non-class space:       36.00 MB reserved,      35.75 MB (>99%) committed 
      Class space:        1.00 GB reserved,       5.50 MB ( <1%) committed 
             Both:        1.04 GB reserved,      41.25 MB (  4%) committed 

Chunk freelists:
   Non-Class:  15.00 KB
       Class:  8.00 KB
        Both:  23.00 KB

MaxMetaspaceSize: 17179869184.00 GB
CompressedClassSpaceSize: 1.00 GB

CodeHeap 'non-profiled nmethods': size=120000Kb used=1849Kb max_used=1849Kb free=118150Kb
 bounds [0x000001693af80000, 0x000001693b1f0000, 0x00000169424b0000]
CodeHeap 'profiled nmethods': size=120000Kb used=6583Kb max_used=6583Kb free=113417Kb
 bounds [0x0000016933a50000, 0x00000169340d0000, 0x000001693af80000]
CodeHeap 'non-nmethods': size=5760Kb used=2190Kb max_used=2240Kb free=3569Kb
 bounds [0x00000169334b0000, 0x0000016933720000, 0x0000016933a50000]
 total_blobs=3883 nmethods=3131 adapters=663
 compilation: enabled
              stopped_count=0, restarted_count=0
 full_count=0

Compilation events (20 events):
Event: 6.576 Thread 0x000001694a5a8000 3349       3       com.sun.beans.util.Cache::index (7 bytes)
Event: 6.577 Thread 0x000001694a5a8000 nmethod 3349 0x00000169340b1210 code [0x00000169340b13c0, 0x00000169340b14b8]
Event: 6.577 Thread 0x000001694a5a8000 3350       3       groovy.lang.MetaClassImpl::getMethods (173 bytes)
Event: 6.578 Thread 0x000001694a5a8000 nmethod 3350 0x00000169340b1590 code [0x00000169340b18e0, 0x00000169340b2f18]
Event: 6.578 Thread 0x000001694a5a8000 3351       3       org.codehaus.groovy.runtime.GroovyCategorySupport::getCategoryMethods (21 bytes)
Event: 6.579 Thread 0x000001694a5a8000 nmethod 3351 0x00000169340b3590 code [0x00000169340b37a0, 0x00000169340b3d68]
Event: 6.579 Thread 0x000001694a5a8000 3352  s!   3       java.beans.PropertyDescriptor::getPropertyType (33 bytes)
Event: 6.579 Thread 0x000001694a5a8000 nmethod 3352 0x00000169340b3f10 code [0x00000169340b4160, 0x00000169340b4bc8]
Event: 6.579 Thread 0x000001694a5a8000 3355       1       groovy.lang.MetaClassImpl$MethodIndexAction::skipClass (2 bytes)
Event: 6.579 Thread 0x000001694a5a8000 nmethod 3355 0x000001693b147090 code [0x000001693b147240, 0x000001693b1472f8]
Event: 6.579 Thread 0x000001694a5a8000 3353       3       jdk.internal.loader.AbstractClassLoaderValue::sub (10 bytes)
Event: 6.580 Thread 0x000001694a5a8000 nmethod 3353 0x00000169340b4f10 code [0x00000169340b50e0, 0x00000169340b5418]
Event: 6.580 Thread 0x000001694a5a8000 3354       3       jdk.internal.loader.AbstractClassLoaderValue$Sub::<init> (15 bytes)
Event: 6.580 Thread 0x000001694a5a8000 nmethod 3354 0x00000169340b5590 code [0x00000169340b5760, 0x00000169340b59d8]
Event: 6.580 Thread 0x000001694a5a8000 3356       3       sun.reflect.annotation.AnnotationInvocationHandler::invoke (178 bytes)
Event: 6.582 Thread 0x000001694a5a8000 nmethod 3356 0x00000169340b5a90 code [0x00000169340b5da0, 0x00000169340b6e08]
Event: 6.583 Thread 0x000001694ed9f000 nmethod 3232 0x000001693b147390 code [0x000001693b1477e0, 0x000001693b14bd40]
Event: 6.583 Thread 0x000001694ed9f000 3336   !   4       sun.net.www.ParseUtil::decode (316 bytes)
Event: 6.585 Thread 0x000001694a5a8000 3357       1       com.google.common.collect.MapMakerInternalMap$AbstractStrongKeyEntry::getNext (5 bytes)
Event: 6.585 Thread 0x000001694a5a8000 nmethod 3357 0x000001693b14dd10 code [0x000001693b14dec0, 0x000001693b14df78]

GC Heap History (10 events):
Event: 0.825 GC heap before
{Heap before GC invocations=0 (full 0):
 garbage-first heap   total 131072K, used 29696K [0x0000000080000000, 0x0000000100000000)
  region size 1024K, 24 young (24576K), 0 survivors (0K)
 Metaspace       used 10448K, capacity 10645K, committed 11008K, reserved 1058816K
  class space    used 1094K, capacity 1163K, committed 1280K, reserved 1048576K
}
Event: 0.831 GC heap after
{Heap after GC invocations=1 (full 0):
 garbage-first heap   total 131072K, used 9324K [0x0000000080000000, 0x0000000100000000)
  region size 1024K, 3 young (3072K), 3 survivors (3072K)
 Metaspace       used 10448K, capacity 10645K, committed 11008K, reserved 1058816K
  class space    used 1094K, capacity 1163K, committed 1280K, reserved 1048576K
}
Event: 1.375 GC heap before
{Heap before GC invocations=1 (full 0):
 garbage-first heap   total 131072K, used 49260K [0x0000000080000000, 0x0000000100000000)
  region size 1024K, 43 young (44032K), 3 survivors (3072K)
 Metaspace       used 11368K, capacity 11686K, committed 11904K, reserved 1060864K
  class space    used 1228K, capacity 1339K, committed 1408K, reserved 1048576K
}
Event: 1.381 GC heap after
{Heap after GC invocations=2 (full 0):
 garbage-first heap   total 131072K, used 13537K [0x0000000080000000, 0x0000000100000000)
  region size 1024K, 6 young (6144K), 6 survivors (6144K)
 Metaspace       used 11368K, capacity 11686K, committed 11904K, reserved 1060864K
  class space    used 1228K, capacity 1339K, committed 1408K, reserved 1048576K
}
Event: 3.592 GC heap before
{Heap before GC invocations=2 (full 0):
 garbage-first heap   total 131072K, used 58593K [0x0000000080000000, 0x0000000100000000)
  region size 1024K, 51 young (52224K), 6 survivors (6144K)
 Metaspace       used 20650K, capacity 21114K, committed 21248K, reserved 1067008K
  class space    used 2536K, capacity 2723K, committed 2816K, reserved 1048576K
}
Event: 3.615 GC heap after
{Heap after GC invocations=3 (full 0):
 garbage-first heap   total 131072K, used 16272K [0x0000000080000000, 0x0000000100000000)
  region size 1024K, 7 young (7168K), 7 survivors (7168K)
 Metaspace       used 20650K, capacity 21114K, committed 21248K, reserved 1067008K
  class space    used 2536K, capacity 2723K, committed 2816K, reserved 1048576K
}
Event: 4.534 GC heap before
{Heap before GC invocations=4 (full 0):
 garbage-first heap   total 131072K, used 80784K [0x0000000080000000, 0x0000000100000000)
  region size 1024K, 62 young (63488K), 7 survivors (7168K)
 Metaspace       used 26418K, capacity 27201K, committed 27392K, reserved 1073152K
  class space    used 3463K, capacity 3729K, committed 3840K, reserved 1048576K
}
Event: 4.542 GC heap after
{Heap after GC invocations=5 (full 0):
 garbage-first heap   total 131072K, used 31120K [0x0000000080000000, 0x0000000100000000)
  region size 1024K, 8 young (8192K), 8 survivors (8192K)
 Metaspace       used 26418K, capacity 27201K, committed 27392K, reserved 1073152K
  class space    used 3463K, capacity 3729K, committed 3840K, reserved 1048576K
}
Event: 5.703 GC heap before
{Heap before GC invocations=5 (full 0):
 garbage-first heap   total 131072K, used 80272K [0x0000000080000000, 0x0000000100000000)
  region size 1024K, 57 young (58368K), 8 survivors (8192K)
 Metaspace       used 35080K, capacity 35803K, committed 35840K, reserved 1081344K
  class space    used 4557K, capacity 4830K, committed 4864K, reserved 1048576K
}
Event: 5.720 GC heap after
{Heap after GC invocations=6 (full 0):
 garbage-first heap   total 131072K, used 34593K [0x0000000080000000, 0x0000000100000000)
  region size 1024K, 4 young (4096K), 4 survivors (4096K)
 Metaspace       used 35080K, capacity 35803K, committed 35840K, reserved 1081344K
  class space    used 4557K, capacity 4830K, committed 4864K, reserved 1048576K
}

Deoptimization events (20 events):
Event: 6.520 Thread 0x000001694d09d800 DEOPT PACKING pc=0x0000016933a91f68 sp=0x0000003a96bfa450
Event: 6.520 Thread 0x000001694d09d800 DEOPT UNPACKING pc=0x00000169334d72ce sp=0x0000003a96bf9958 mode 0
Event: 6.531 Thread 0x000001694d09d800 DEOPT PACKING pc=0x000001693407732a sp=0x0000003a96bf5160
Event: 6.531 Thread 0x000001694d09d800 DEOPT UNPACKING pc=0x00000169334d72ce sp=0x0000003a96bf4750 mode 0
Event: 6.546 Thread 0x000001694d09d800 DEOPT PACKING pc=0x000001693407732a sp=0x0000003a96bf5160
Event: 6.546 Thread 0x000001694d09d800 DEOPT UNPACKING pc=0x00000169334d72ce sp=0x0000003a96bf4750 mode 0
Event: 6.551 Thread 0x000001694d09d800 Uncommon trap: trap_request=0xffffff4d fr.pc=0x000001693aff81bc relative=0x0000000000001abc
Event: 6.551 Thread 0x000001694d09d800 Uncommon trap: reason=unstable_if action=reinterpret pc=0x000001693aff81bc method=java.util.zip.ZipFile$Source.initCEN(ILjava/util/zip/ZipCoder;)V @ 582 c2
Event: 6.551 Thread 0x000001694d09d800 DEOPT PACKING pc=0x000001693aff81bc sp=0x0000003a96bf5270
Event: 6.551 Thread 0x000001694d09d800 DEOPT UNPACKING pc=0x00000169334d74af sp=0x0000003a96bf5258 mode 2
Event: 6.555 Thread 0x000001694d09d800 DEOPT PACKING pc=0x0000016933b1fdfa sp=0x0000003a96bf5520
Event: 6.555 Thread 0x000001694d09d800 DEOPT UNPACKING pc=0x00000169334d72ce sp=0x0000003a96bf4b08 mode 0
Event: 6.556 Thread 0x000001694d09d800 Uncommon trap: trap_request=0xffffff4d fr.pc=0x000001693b0c5ce8 relative=0x0000000000004d28
Event: 6.556 Thread 0x000001694d09d800 Uncommon trap: reason=unstable_if action=reinterpret pc=0x000001693b0c5ce8 method=java.lang.StringLatin1.regionMatchesCI([BI[BII)Z @ 66 c2
Event: 6.556 Thread 0x000001694d09d800 DEOPT PACKING pc=0x000001693b0c5ce8 sp=0x0000003a96bf8c20
Event: 6.556 Thread 0x000001694d09d800 DEOPT UNPACKING pc=0x00000169334d74af sp=0x0000003a96bf89d0 mode 2
Event: 6.583 Thread 0x000001694d09d800 Uncommon trap: trap_request=0xffffff4d fr.pc=0x000001693b09159c relative=0x00000000000005bc
Event: 6.583 Thread 0x000001694d09d800 Uncommon trap: reason=unstable_if action=reinterpret pc=0x000001693b09159c method=java.util.jar.Manifest$FastInputStream.readLine([BII)I @ 130 c2
Event: 6.583 Thread 0x000001694d09d800 DEOPT PACKING pc=0x000001693b09159c sp=0x0000003a96bf6c10
Event: 6.583 Thread 0x000001694d09d800 DEOPT UNPACKING pc=0x00000169334d74af sp=0x0000003a96bf6ba0 mode 2

Classes redefined (0 events):
No events

Internal exceptions (20 events):
Event: 6.416 Thread 0x000001694d09d800 Exception <a 'java/lang/ClassNotFoundException'{0x0000000085724408}: sync_studio_tooling1924_1if67j61mds0foeq95b0vw7dxCustomizer> (0x0000000085724408) thrown at [./src/hotspot/share/classfile/systemDictionary.cpp, line 231]
Event: 6.459 Thread 0x000001694d09d800 Exception <a 'java/lang/ClassNotFoundException'{0x0000000085676e88}: org/gradle/invocation/DefaultGradle_DecoratedBeanInfo> (0x0000000085676e88) thrown at [./src/hotspot/share/classfile/systemDictionary.cpp, line 231]
Event: 6.459 Thread 0x000001694d09d800 Exception <a 'java/lang/ClassNotFoundException'{0x00000000856f6bc8}: org/gradle/invocation/DefaultGradleBeanInfo> (0x00000000856f6bc8) thrown at [./src/hotspot/share/classfile/systemDictionary.cpp, line 231]
Event: 6.460 Thread 0x000001694d09d800 Exception <a 'java/lang/ClassNotFoundException'{0x0000000085517eb0}: org/gradle/api/internal/project/AbstractPluginAwareBeanInfo> (0x0000000085517eb0) thrown at [./src/hotspot/share/classfile/systemDictionary.cpp, line 231]
Event: 6.460 Thread 0x000001694d09d800 Exception <a 'java/lang/ClassNotFoundException'{0x0000000085538cc8}: org/gradle/api/internal/project/AbstractPluginAwareCustomizer> (0x0000000085538cc8) thrown at [./src/hotspot/share/classfile/systemDictionary.cpp, line 231]
Event: 6.461 Thread 0x000001694d09d800 Exception <a 'java/lang/ClassNotFoundException'{0x000000008555c838}: org/gradle/invocation/DefaultGradleCustomizer> (0x000000008555c838) thrown at [./src/hotspot/share/classfile/systemDictionary.cpp, line 231]
Event: 6.464 Thread 0x000001694d09d800 Exception <a 'java/lang/ClassNotFoundException'{0x00000000855aa9f0}: org/gradle/invocation/DefaultGradle_DecoratedCustomizer> (0x00000000855aa9f0) thrown at [./src/hotspot/share/classfile/systemDictionary.cpp, line 231]
Event: 6.484 Thread 0x000001694d09d800 Exception <a 'java/lang/ClassNotFoundException'{0x0000000085497050}: ijinit7_6uvhnf0zdqfsdcj7df52crtp3BeanInfo> (0x0000000085497050) thrown at [./src/hotspot/share/classfile/systemDictionary.cpp, line 231]
Event: 6.484 Thread 0x000001694d09d800 Exception <a 'java/lang/ClassNotFoundException'{0x00000000854a04c0}: ijinit7_6uvhnf0zdqfsdcj7df52crtp3Customizer> (0x00000000854a04c0) thrown at [./src/hotspot/share/classfile/systemDictionary.cpp, line 231]
Event: 6.529 Thread 0x000001694d09d800 Exception <a 'java/lang/ClassNotFoundException'{0x000000008514d618}: ijinit7_6uvhnf0zdqfsdcj7df52crtp3BeanInfo> (0x000000008514d618) thrown at [./src/hotspot/share/classfile/systemDictionary.cpp, line 231]
Event: 6.529 Thread 0x000001694d09d800 Exception <a 'java/lang/ClassNotFoundException'{0x0000000085156a28}: ijinit7_6uvhnf0zdqfsdcj7df52crtp3Customizer> (0x0000000085156a28) thrown at [./src/hotspot/share/classfile/systemDictionary.cpp, line 231]
Event: 6.551 Thread 0x000001694d09d800 Implicit null exception at 0x000001693aff70db to 0x000001693aff81a4
Event: 6.559 Thread 0x000001694d09d800 Exception <a 'java/lang/ClassNotFoundException'{0x0000000085075f10}: org/gradle/api/internal/plugins/DefaultObjectConfigurationActionBeanInfo> (0x0000000085075f10) thrown at [./src/hotspot/share/classfile/systemDictionary.cpp, line 231]
Event: 6.560 Thread 0x000001694d09d800 Exception <a 'java/lang/ClassNotFoundException'{0x0000000085098e30}: org/gradle/api/internal/plugins/DefaultObjectConfigurationActionCustomizer> (0x0000000085098e30) thrown at [./src/hotspot/share/classfile/systemDictionary.cpp, line 231]
Event: 6.573 Thread 0x000001694d09d800 Exception <a 'java/lang/ClassNotFoundException'{0x0000000084f546a8}: JetGradlePluginBeanInfo> (0x0000000084f546a8) thrown at [./src/hotspot/share/classfile/systemDictionary.cpp, line 231]
Event: 6.573 Thread 0x000001694d09d800 Exception <a 'java/lang/ClassNotFoundException'{0x0000000084f5f348}: JetGradlePluginCustomizer> (0x0000000084f5f348) thrown at [./src/hotspot/share/classfile/systemDictionary.cpp, line 231]
Event: 6.575 Thread 0x000001694d09d800 Exception <a 'java/lang/ClassNotFoundException'{0x0000000084f98988}: groovy/lang/ReferenceBeanInfo> (0x0000000084f98988) thrown at [./src/hotspot/share/classfile/systemDictionary.cpp, line 231]
Event: 6.576 Thread 0x000001694d09d800 Exception <a 'java/lang/ClassNotFoundException'{0x0000000084fb4a80}: groovy/lang/ReferenceCustomizer> (0x0000000084fb4a80) thrown at [./src/hotspot/share/classfile/systemDictionary.cpp, line 231]
Event: 6.579 Thread 0x000001694d09d800 Exception <a 'java/lang/ClassNotFoundException'{0x0000000084ff0330}: RegistryProcessorBeanInfo> (0x0000000084ff0330) thrown at [./src/hotspot/share/classfile/systemDictionary.cpp, line 231]
Event: 6.580 Thread 0x000001694d09d800 Exception <a 'java/lang/ClassNotFoundException'{0x0000000084ffb1b0}: RegistryProcessorCustomizer> (0x0000000084ffb1b0) thrown at [./src/hotspot/share/classfile/systemDictionary.cpp, line 231]

Events (20 events):
Event: 6.579 loading class RegistryProcessorCustomizer
Event: 6.579 loading class RegistryProcessorCustomizer done
Event: 6.580 loading class RegistryProcessorCustomizer
Event: 6.580 loading class RegistryProcessorCustomizer done
Event: 6.581 loading class org/codehaus/groovy/runtime/callsite/ConstructorSite
Event: 6.581 loading class org/codehaus/groovy/runtime/callsite/ConstructorSite done
Event: 6.582 loading class org/codehaus/groovy/runtime/callsite/ConstructorSite$ConstructorSiteNoUnwrap
Event: 6.582 loading class org/codehaus/groovy/runtime/callsite/ConstructorSite$ConstructorSiteNoUnwrap done
Event: 6.582 loading class org/codehaus/groovy/runtime/callsite/ConstructorSite$ConstructorSiteNoUnwrapNoCoerce
Event: 6.582 loading class org/codehaus/groovy/runtime/callsite/ConstructorSite$ConstructorSiteNoUnwrapNoCoerce done
Event: 6.583 loading class org/jetbrains/plugins/gradle/tooling/internal/ExtraModelBuilder
Event: 6.583 loading class org/jetbrains/plugins/gradle/tooling/internal/ExtraModelBuilder done
Event: 6.584 loading class org/gradle/tooling/provider/model/ToolingModelBuilder
Event: 6.584 loading class org/gradle/tooling/provider/model/ToolingModelBuilder done
Event: 6.584 loading class groovy/runtime/metaclass/org/jetbrains/plugins/gradle/tooling/internal/ExtraModelBuilderMetaClass
Event: 6.584 loading class groovy/runtime/metaclass/org/jetbrains/plugins/gradle/tooling/internal/ExtraModelBuilderMetaClass done
Event: 6.585 loading class org/jetbrains/plugins/gradle/tooling/ModelBuilderContext
Event: 6.585 loading class org/jetbrains/plugins/gradle/tooling/ModelBuilderContext done
Event: 6.585 loading class com/intellij/openapi/externalSystem/model/ExternalSystemException
Event: 6.585 loading class com/intellij/openapi/externalSystem/model/ExternalSystemException done


Dynamic libraries:
0x00007ff6dbba0000 - 0x00007ff6dbbaa000 	C:\Program Files\Android\Android Studio\jre\bin\java.exe
0x00007ffa0fb90000 - 0x00007ffa0fd85000 	C:\WINDOWS\SYSTEM32\ntdll.dll
0x00007ffa0ef40000 - 0x00007ffa0effd000 	C:\WINDOWS\System32\KERNEL32.DLL
0x00007ffa0d6f0000 - 0x00007ffa0d9b9000 	C:\WINDOWS\System32\KERNELBASE.dll
0x00007ffa0d550000 - 0x00007ffa0d650000 	C:\WINDOWS\System32\ucrtbase.dll
0x00007ffa06880000 - 0x00007ffa06899000 	C:\Program Files\Android\Android Studio\jre\bin\jli.dll
0x00007ffa06780000 - 0x00007ffa06797000 	C:\Program Files\Android\Android Studio\jre\bin\VCRUNTIME140.dll
0x00007ffa0dcf0000 - 0x00007ffa0de90000 	C:\WINDOWS\System32\USER32.dll
0x00007ffa0d2d0000 - 0x00007ffa0d2f2000 	C:\WINDOWS\System32\win32u.dll
0x00007ffa0ea80000 - 0x00007ffa0eaaa000 	C:\WINDOWS\System32\GDI32.dll
0x00007ff9f9df0000 - 0x00007ff9fa08a000 	C:\WINDOWS\WinSxS\amd64_microsoft.windows.common-controls_6595b64144ccf1df_6.0.19041.1110_none_60b5254171f9507e\COMCTL32.dll
0x00007ffa0d360000 - 0x00007ffa0d46b000 	C:\WINDOWS\System32\gdi32full.dll
0x00007ffa0f010000 - 0x00007ffa0f0ae000 	C:\WINDOWS\System32\msvcrt.dll
0x00007ffa0d650000 - 0x00007ffa0d6ed000 	C:\WINDOWS\System32\msvcp_win.dll
0x00007ffa0ee60000 - 0x00007ffa0ee90000 	C:\WINDOWS\System32\IMM32.DLL
0x00007ff9ce8c0000 - 0x00007ff9ce95d000 	C:\Program Files\Android\Android Studio\jre\bin\msvcp140.dll
0x00007ff9a6980000 - 0x00007ff9a743c000 	C:\Program Files\Android\Android Studio\jre\bin\server\jvm.dll
0x00007ffa0ee90000 - 0x00007ffa0ef3c000 	C:\WINDOWS\System32\ADVAPI32.dll
0x00007ffa0e7b0000 - 0x00007ffa0e84b000 	C:\WINDOWS\System32\sechost.dll
0x00007ffa0e210000 - 0x00007ffa0e33a000 	C:\WINDOWS\System32\RPCRT4.dll
0x00007ffa0ed10000 - 0x00007ffa0ed18000 	C:\WINDOWS\System32\PSAPI.DLL
0x00007ffa07830000 - 0x00007ffa07839000 	C:\WINDOWS\SYSTEM32\WSOCK32.dll
0x00007ffa04a60000 - 0x00007ffa04a6a000 	C:\WINDOWS\SYSTEM32\VERSION.dll
0x00007ffa02310000 - 0x00007ffa02337000 	C:\WINDOWS\SYSTEM32\WINMM.dll
0x00007ffa0e9a0000 - 0x00007ffa0ea0b000 	C:\WINDOWS\System32\WS2_32.dll
0x00007ffa0bb90000 - 0x00007ffa0bba2000 	C:\WINDOWS\SYSTEM32\kernel.appcore.dll
0x00007ffa07590000 - 0x00007ffa075a1000 	C:\Program Files\Android\Android Studio\jre\bin\verify.dll
0x00007ffa0afb0000 - 0x00007ffa0b194000 	C:\WINDOWS\SYSTEM32\DBGHELP.DLL
0x00007ff9fbe70000 - 0x00007ff9fbe9c000 	C:\WINDOWS\SYSTEM32\dbgcore.DLL
0x00007ffa0d4c0000 - 0x00007ffa0d543000 	C:\WINDOWS\System32\bcryptPrimitives.dll
0x00007ff9ff330000 - 0x00007ff9ff359000 	C:\Program Files\Android\Android Studio\jre\bin\java.dll
0x00007ffa0a780000 - 0x00007ffa0a78b000 	C:\Program Files\Android\Android Studio\jre\bin\jimage.dll
0x00007ff9f9720000 - 0x00007ff9f9738000 	C:\Program Files\Android\Android Studio\jre\bin\zip.dll
0x00007ffa0f0b0000 - 0x00007ffa0f7ef000 	C:\WINDOWS\System32\SHELL32.dll
0x00007ffa0b3e0000 - 0x00007ffa0bb71000 	C:\WINDOWS\SYSTEM32\windows.storage.dll
0x00007ffa0f7f0000 - 0x00007ffa0fb45000 	C:\WINDOWS\System32\combase.dll
0x00007ffa0cd40000 - 0x00007ffa0cd6c000 	C:\WINDOWS\SYSTEM32\Wldp.dll
0x00007ffa0de90000 - 0x00007ffa0df3e000 	C:\WINDOWS\System32\SHCORE.dll
0x00007ffa0ea10000 - 0x00007ffa0ea65000 	C:\WINDOWS\System32\shlwapi.dll
0x00007ffa0d210000 - 0x00007ffa0d22f000 	C:\WINDOWS\SYSTEM32\profapi.dll
0x00007ff9f9700000 - 0x00007ff9f971a000 	C:\Program Files\Android\Android Studio\jre\bin\net.dll
0x00007ffa014f0000 - 0x00007ffa015fa000 	C:\WINDOWS\SYSTEM32\WINHTTP.dll
0x00007ffa0ca30000 - 0x00007ffa0ca9a000 	C:\WINDOWS\system32\mswsock.dll
0x00007ff9f96e0000 - 0x00007ff9f96f4000 	C:\Program Files\Android\Android Studio\jre\bin\nio.dll
0x00007ff9df700000 - 0x00007ff9df727000 	C:\Users\Dark Knight\.gradle\native\fdc75f09e3144964f2cf3f50f0aa648679c211496f362492102eb8c894070792\windows-amd64\native-platform.dll
0x00007ff9b57d0000 - 0x00007ff9b5966000 	C:\Users\Dark Knight\.gradle\native\12488b8bf47d2d4c9fbf2f6322a914ad602e24e48041cd04a747c6da556b65c4\windows-amd64\native-platform-file-events.dll
0x00007ffa08730000 - 0x00007ffa0873a000 	C:\Program Files\Android\Android Studio\jre\bin\management.dll
0x00007ffa07880000 - 0x00007ffa0788c000 	C:\Program Files\Android\Android Studio\jre\bin\management_ext.dll
0x00007ffa0cc40000 - 0x00007ffa0cc58000 	C:\WINDOWS\SYSTEM32\CRYPTSP.dll
0x00007ffa0c370000 - 0x00007ffa0c3a4000 	C:\WINDOWS\system32\rsaenh.dll
0x00007ffa0da70000 - 0x00007ffa0da97000 	C:\WINDOWS\System32\bcrypt.dll
0x00007ffa0d1d0000 - 0x00007ffa0d1fe000 	C:\WINDOWS\SYSTEM32\USERENV.dll
0x00007ffa0cc30000 - 0x00007ffa0cc3c000 	C:\WINDOWS\SYSTEM32\CRYPTBASE.dll
0x00007ffa0c720000 - 0x00007ffa0c75b000 	C:\WINDOWS\SYSTEM32\IPHLPAPI.DLL
0x00007ffa0f000000 - 0x00007ffa0f008000 	C:\WINDOWS\System32\NSI.dll
0x00007ffa034e0000 - 0x00007ffa034f7000 	C:\WINDOWS\SYSTEM32\dhcpcsvc6.DLL
0x00007ffa03da0000 - 0x00007ffa03dbd000 	C:\WINDOWS\SYSTEM32\dhcpcsvc.DLL
0x00007ffa0c760000 - 0x00007ffa0c82c000 	C:\WINDOWS\SYSTEM32\DNSAPI.dll
0x00007ffa04a70000 - 0x00007ffa04a7b000 	C:\WINDOWS\SYSTEM32\WINNSI.DLL

dbghelp: loaded successfully - version: 4.0.5 - missing functions: none
symbol engine: initialized successfully - sym options: 0x614 - pdb path: .;C:\Program Files\Android\Android Studio\jre\bin;C:\WINDOWS\SYSTEM32;C:\WINDOWS\WinSxS\amd64_microsoft.windows.common-controls_6595b64144ccf1df_6.0.19041.1110_none_60b5254171f9507e;C:\Program Files\Android\Android Studio\jre\bin\server;C:\Users\Dark Knight\.gradle\native\fdc75f09e3144964f2cf3f50f0aa648679c211496f362492102eb8c894070792\windows-amd64;C:\Users\Dark Knight\.gradle\native\12488b8bf47d2d4c9fbf2f6322a914ad602e24e48041cd04a747c6da556b65c4\windows-amd64

VM Arguments:
jvm_args: --add-opens=java.base/java.util=ALL-UNNAMED --add-opens=java.base/java.lang=ALL-UNNAMED --add-opens=java.base/java.lang.invoke=ALL-UNNAMED --add-opens=java.prefs/java.util.prefs=ALL-UNNAMED -Xmx2048m -Dfile.encoding=UTF-8 -Duser.country=IN -Duser.language=en -Duser.variant 
java_command: org.gradle.launcher.daemon.bootstrap.GradleDaemon 6.7.1
java_class_path (initial): C:\Users\Dark Knight\.gradle\wrapper\dists\gradle-6.7.1-bin\bwlcbys1h7rz3272sye1xwiv6\gradle-6.7.1\lib\gradle-launcher-6.7.1.jar
Launcher Type: SUN_STANDARD

[Global flags]
     intx CICompilerCount                          = 4                                         {product} {ergonomic}
     uint ConcGCThreads                            = 2                                         {product} {ergonomic}
     uint G1ConcRefinementThreads                  = 8                                         {product} {ergonomic}
   size_t G1HeapRegionSize                         = 1048576                                   {product} {ergonomic}
    uintx GCDrainStackTargetSize                   = 64                                        {product} {ergonomic}
   size_t InitialHeapSize                          = 134217728                                 {product} {ergonomic}
   size_t MarkStackSize                            = 4194304                                   {product} {ergonomic}
   size_t MaxHeapSize                              = 2147483648                                {product} {command line}
   size_t MaxNewSize                               = 1287651328                                {product} {ergonomic}
   size_t MinHeapDeltaBytes                        = 1048576                                   {product} {ergonomic}
    uintx NonNMethodCodeHeapSize                   = 5836300                                {pd product} {ergonomic}
    uintx NonProfiledCodeHeapSize                  = 122910970                              {pd product} {ergonomic}
    uintx ProfiledCodeHeapSize                     = 122910970                              {pd product} {ergonomic}
    uintx ReservedCodeCacheSize                    = 251658240                              {pd product} {ergonomic}
     bool SegmentedCodeCache                       = true                                      {product} {ergonomic}
     bool UseCompressedClassPointers               = true                                 {lp64_product} {ergonomic}
     bool UseCompressedOops                        = true                                 {lp64_product} {ergonomic}
     bool UseG1GC                                  = true                                      {product} {ergonomic}
     bool UseLargePagesIndividualAllocation        = false                                  {pd product} {ergonomic}

Logging:
Log output configuration:
 #0: stdout all=warning uptime,level,tags
 #1: stderr all=off uptime,level,tags

Environment Variables:
PATH=C:\Windows\system32;C:\Windows;C:\Windows\System32\Wbem;C:\Windows\System32\WindowsPowerShell\v1.0\;C:\Windows\System32\OpenSSH\;C:\Program Files (x86)\NVIDIA Corporation\PhysX\Common;C:\Program Files\NVIDIA Corporation\NVIDIA NvDLISR;C:\WINDOWS\system32;C:\WINDOWS;C:\WINDOWS\System32\Wbem;C:\WINDOWS\System32\WindowsPowerShell\v1.0\;C:\WINDOWS\System32\OpenSSH\;C:\MinGW\bin;C:\Program Files\MEGA-X;C:\WINDOWS\system32;C:\WINDOWS;C:\WINDOWS\System32\Wbem;C:\WINDOWS\System32\WindowsPowerShell\v1.0\;C:\WINDOWS\System32\OpenSSH\;C:\Program Files\Git\cmd;C:\Users\Dark Knight\AppData\Local\Microsoft\WindowsApps;C:\Users\Dark Knight\AppData\Local\GitHubDesktop\bin;C:\Users\Dark Knight\AppData\Local\atom\bin;C:\ProgramData\Dark Knight\atom\bin;C:\MinGW\bin;C:\Program Files (x86)\Microsoft Visual Studio\2019\BuildTools\MSBuild\Current\Bin;C:\Users\Dark Knight\AppData\Local\Programs\Microsoft VS Code\bin;C:\Users\Dark Knight\AppData\Local\Microsoft\WindowsApps;
USERNAME=Dark Knight
OS=Windows_NT
PROCESSOR_IDENTIFIER=Intel64 Family 6 Model 158 Stepping 10, GenuineIntel



---------------  S Y S T E M  ---------------

OS: Windows 10 , 64 bit Build 19041 (10.0.19041.1023)
OS uptime: 7 days 23:45 hours

CPU:total 8 (initial active 8) (4 cores per cpu, 2 threads per core) family 6 model 158 stepping 10, cmov, cx8, fxsr, mmx, sse, sse2, sse3, ssse3, sse4.1, sse4.2, popcnt, avx, avx2, aes, clmul, erms, 3dnowpref, lzcnt, ht, tsc, tscinvbit, bmi1, bmi2, adx, fma

Memory: 4k page, system-wide physical 8112M (727M free)
TotalPageFile size 12208M (AvailPageFile size 5M)
current process WorkingSet (physical memory assigned to process): 267M, peak: 267M
current process commit charge ("private bytes"): 325M, peak: 326M

vm_info: OpenJDK 64-Bit Server VM (11.0.8+10-b944.6842174) for windows-amd64 JRE (11.0.8+10-b944.6842174), built on Sep 19 2020 01:11:42 by "builder" with MS VC++ 14.0 (VS2015)

END.
