#
# There is insufficient memory for the Java Runtime Environment to continue.
# Native memory allocation (malloc) failed to allocate 2122576 bytes for Chunk::new
# Possible reasons:
#   The system is out of physical RAM or swap space
#   The process is running with CompressedOops enabled, and the Java Heap may be blocking the growth of the native heap
# Possible solutions:
#   Reduce memory load on the system
#   Increase physical memory or swap space
#   Check if swap backing store is full
#   Decrease Java heap size (-Xmx/-Xms)
#   Decrease number of Java threads
#   Decrease Java thread stack sizes (-Xss)
#   Set larger code cache with -XX:ReservedCodeCacheSize=
#   JVM is running with Unscaled Compressed Oops mode in which the Java heap is
#     placed in the first 4GB address space. The Java Heap base address is the
#     maximum limit for the native heap growth. Please use -XX:HeapBaseMinAddress
#     to set the Java Heap base and to place the Java Heap above 4GB virtual address.
# This output file may be truncated or incomplete.
#
#  Out of Memory Error (./src/hotspot/share/memory/arena.cpp:197), pid=31080, tid=35072
#
# JRE version: OpenJDK Runtime Environment (11.0.8+10) (build 11.0.8+10-b944.6842174)
# Java VM: OpenJDK 64-Bit Server VM (11.0.8+10-b944.6842174, mixed mode, tiered, compressed oops, g1 gc, windows-amd64)
# No core dump will be written. Minidumps are not enabled by default on client versions of Windows
#

---------------  S U M M A R Y ------------

Command Line: --add-opens=java.base/java.util=ALL-UNNAMED --add-opens=java.base/java.lang=ALL-UNNAMED --add-opens=java.base/java.lang.invoke=ALL-UNNAMED --add-opens=java.prefs/java.util.prefs=ALL-UNNAMED -Xmx2048m -Dfile.encoding=UTF-8 -Duser.country=IN -Duser.language=en -Duser.variant org.gradle.launcher.daemon.bootstrap.GradleDaemon 6.7.1

Host: Intel(R) Core(TM) i5-9300H CPU @ 2.40GHz, 8 cores, 7G,  Windows 10 , 64 bit Build 19041 (10.0.19041.1023)
Time: Mon Jul 26 17:50:43 2021 India Standard Time elapsed time: 6 seconds (0d 0h 0m 6s)

---------------  T H R E A D  ---------------

Current thread (0x0000017b4622d000):  JavaThread "C2 CompilerThread1" daemon [_thread_in_native, id=35072, stack(0x000000740b100000,0x000000740b200000)]


Current CompileTask:
C2:   6630 2775       4       jdk.internal.loader.URLClassPath::getResource (74 bytes)

Stack: [0x000000740b100000,0x000000740b200000]
Native frames: (J=compiled Java code, j=interpreted, Vv=VM code, C=native code)
V  [jvm.dll+0x5de50a]
V  [jvm.dll+0x7122f5]
V  [jvm.dll+0x71384d]
V  [jvm.dll+0x713f03]
V  [jvm.dll+0x23e728]
V  [jvm.dll+0xb899c]
V  [jvm.dll+0xb8e9c]
V  [jvm.dll+0x35020b]
V  [jvm.dll+0x31dea3]
V  [jvm.dll+0x31d39a]
V  [jvm.dll+0x1f7702]
V  [jvm.dll+0x1f68d4]
V  [jvm.dll+0x17f32c]
V  [jvm.dll+0x205047]
V  [jvm.dll+0x203891]
V  [jvm.dll+0x6dad3f]
V  [jvm.dll+0x6d3895]
V  [jvm.dll+0x5dd4a6]
C  [ucrtbase.dll+0x21bb2]
C  [KERNEL32.DLL+0x17034]
C  [ntdll.dll+0x52651]


---------------  P R O C E S S  ---------------

Threads class SMR info:
_java_thread_list=0x0000017b463028e0, length=50, elements={
0x0000017b2594b000, 0x0000017b41c0a800, 0x0000017b41c13800, 0x0000017b4242d800,
0x0000017b4242e800, 0x0000017b42431000, 0x0000017b42435000, 0x0000017b42436800,
0x0000017b425ac000, 0x0000017b42602800, 0x0000017b44de2800, 0x0000017b4281d000,
0x0000017b44b57800, 0x0000017b4389f000, 0x0000017b44b58800, 0x0000017b43a1b800,
0x0000017b44e47000, 0x0000017b43bfc800, 0x0000017b43bfd800, 0x0000017b4623e800,
0x0000017b44ad9800, 0x0000017b44adc000, 0x0000017b44ada000, 0x0000017b4622d000,
0x0000017b44adc800, 0x0000017b44ad7800, 0x0000017b44ad8800, 0x0000017b44adb000,
0x0000017b44add800, 0x0000017b44ade800, 0x0000017b44a0c800, 0x0000017b44a07000,
0x0000017b44a0d800, 0x0000017b44a07800, 0x0000017b44a0e000, 0x0000017b44a08800,
0x0000017b44a0f000, 0x0000017b44a09800, 0x0000017b44a10000, 0x0000017b44a0a000,
0x0000017b44a0b800, 0x0000017b44a10800, 0x0000017b44a0b000, 0x0000017b44a11800,
0x0000017b44a14000, 0x0000017b44a15800, 0x0000017b44a14800, 0x0000017b44a12000,
0x0000017b44a13000, 0x0000017b45e9d000
}

Java Threads: ( => current thread )
  0x0000017b2594b000 JavaThread "main" [_thread_blocked, id=34820, stack(0x0000007408900000,0x0000007408a00000)]
  0x0000017b41c0a800 JavaThread "Reference Handler" daemon [_thread_blocked, id=16708, stack(0x0000007409000000,0x0000007409100000)]
  0x0000017b41c13800 JavaThread "Finalizer" daemon [_thread_blocked, id=36248, stack(0x0000007409100000,0x0000007409200000)]
  0x0000017b4242d800 JavaThread "Signal Dispatcher" daemon [_thread_blocked, id=14496, stack(0x0000007409200000,0x0000007409300000)]
  0x0000017b4242e800 JavaThread "Attach Listener" daemon [_thread_blocked, id=37576, stack(0x0000007409300000,0x0000007409400000)]
  0x0000017b42431000 JavaThread "C2 CompilerThread0" daemon [_thread_blocked, id=31772, stack(0x0000007409400000,0x0000007409500000)]
  0x0000017b42435000 JavaThread "C1 CompilerThread0" daemon [_thread_blocked, id=30312, stack(0x0000007409500000,0x0000007409600000)]
  0x0000017b42436800 JavaThread "Sweeper thread" daemon [_thread_blocked, id=35328, stack(0x0000007409600000,0x0000007409700000)]
  0x0000017b425ac000 JavaThread "Common-Cleaner" daemon [_thread_blocked, id=22836, stack(0x0000007409700000,0x0000007409800000)]
  0x0000017b42602800 JavaThread "Service Thread" daemon [_thread_blocked, id=15956, stack(0x0000007409800000,0x0000007409900000)]
  0x0000017b44de2800 JavaThread "Daemon health stats" [_thread_blocked, id=38280, stack(0x0000007409e00000,0x0000007409f00000)]
  0x0000017b4281d000 JavaThread "Incoming local TCP Connector on port 52978" [_thread_in_native, id=1044, stack(0x0000007409f00000,0x000000740a000000)]
  0x0000017b44b57800 JavaThread "Daemon periodic checks" [_thread_blocked, id=27464, stack(0x000000740a000000,0x000000740a100000)]
  0x0000017b4389f000 JavaThread "Daemon" [_thread_blocked, id=37632, stack(0x000000740a100000,0x000000740a200000)]
  0x0000017b44b58800 JavaThread "Handler for socket connection from /127.0.0.1:52978 to /127.0.0.1:52979" [_thread_in_native, id=28900, stack(0x000000740a200000,0x000000740a300000)]
  0x0000017b43a1b800 JavaThread "Cancel handler" [_thread_blocked, id=30764, stack(0x000000740a300000,0x000000740a400000)]
  0x0000017b44e47000 JavaThread "Daemon worker" [_thread_in_vm, id=32040, stack(0x000000740a400000,0x000000740a500000)]
  0x0000017b43bfc800 JavaThread "Asynchronous log dispatcher for DefaultDaemonConnection: socket connection from /127.0.0.1:52978 to /127.0.0.1:52979" [_thread_blocked, id=34496, stack(0x000000740a500000,0x000000740a600000)]
  0x0000017b43bfd800 JavaThread "Stdin handler" [_thread_blocked, id=37764, stack(0x000000740a600000,0x000000740a700000)]
  0x0000017b4623e800 JavaThread "Thread-8" [_thread_blocked, id=816, stack(0x000000740a700000,0x000000740a800000)]
  0x0000017b44ad9800 JavaThread "Cache worker for file hash cache (C:\Users\Dark Knight\.gradle\caches\6.7.1\fileHashes)" [_thread_blocked, id=33760, stack(0x000000740ad00000,0x000000740ae00000)]
  0x0000017b44adc000 JavaThread "File lock request listener" [_thread_in_native, id=26240, stack(0x000000740ae00000,0x000000740af00000)]
  0x0000017b44ada000 JavaThread "Cache worker for journal cache (C:\Users\Dark Knight\.gradle\caches\journal-1)" [_thread_blocked, id=26804, stack(0x000000740b000000,0x000000740b100000)]
=>0x0000017b4622d000 JavaThread "C2 CompilerThread1" daemon [_thread_in_native, id=35072, stack(0x000000740b100000,0x000000740b200000)]
  0x0000017b44adc800 JavaThread "Cache worker for file hash cache (C:\Android Projects\Udemy TUTORIAL\KidsDrawingApp\.gradle\6.7.1\fileHashes)" [_thread_blocked, id=11424, stack(0x000000740b300000,0x000000740b400000)]
  0x0000017b44ad7800 JavaThread "jar transforms" [_thread_blocked, id=3632, stack(0x000000740b400000,0x000000740b500000)]
  0x0000017b44ad8800 JavaThread "jar transforms Thread 2" [_thread_blocked, id=16968, stack(0x000000740b500000,0x000000740b600000)]
  0x0000017b44adb000 JavaThread "jar transforms Thread 3" [_thread_blocked, id=11780, stack(0x000000740b600000,0x000000740b700000)]
  0x0000017b44add800 JavaThread "jar transforms Thread 4" [_thread_blocked, id=34092, stack(0x000000740b700000,0x000000740b800000)]
  0x0000017b44ade800 JavaThread "jar transforms Thread 5" [_thread_blocked, id=30904, stack(0x000000740b800000,0x000000740b900000)]
  0x0000017b44a0c800 JavaThread "jar transforms Thread 6" [_thread_blocked, id=32676, stack(0x000000740b900000,0x000000740ba00000)]
  0x0000017b44a07000 JavaThread "jar transforms Thread 7" [_thread_blocked, id=13356, stack(0x000000740ba00000,0x000000740bb00000)]
  0x0000017b44a0d800 JavaThread "jar transforms Thread 8" [_thread_blocked, id=22888, stack(0x000000740bb00000,0x000000740bc00000)]
  0x0000017b44a07800 JavaThread "jar transforms Thread 9" [_thread_blocked, id=32176, stack(0x000000740bc00000,0x000000740bd00000)]
  0x0000017b44a0e000 JavaThread "jar transforms Thread 10" [_thread_blocked, id=37836, stack(0x000000740bd00000,0x000000740be00000)]
  0x0000017b44a08800 JavaThread "jar transforms Thread 11" [_thread_blocked, id=27936, stack(0x000000740be00000,0x000000740bf00000)]
  0x0000017b44a0f000 JavaThread "jar transforms Thread 12" [_thread_blocked, id=16112, stack(0x000000740bf00000,0x000000740c000000)]
  0x0000017b44a09800 JavaThread "jar transforms Thread 13" [_thread_blocked, id=36372, stack(0x000000740c000000,0x000000740c100000)]
  0x0000017b44a10000 JavaThread "jar transforms Thread 14" [_thread_blocked, id=14528, stack(0x000000740c100000,0x000000740c200000)]
  0x0000017b44a0a000 JavaThread "jar transforms Thread 15" [_thread_blocked, id=11900, stack(0x000000740c200000,0x000000740c300000)]
  0x0000017b44a0b800 JavaThread "jar transforms Thread 16" [_thread_blocked, id=35528, stack(0x000000740c300000,0x000000740c400000)]
  0x0000017b44a10800 JavaThread "jar transforms Thread 17" [_thread_blocked, id=38476, stack(0x000000740c400000,0x000000740c500000)]
  0x0000017b44a0b000 JavaThread "jar transforms Thread 18" [_thread_blocked, id=24728, stack(0x000000740c500000,0x000000740c600000)]
  0x0000017b44a11800 JavaThread "jar transforms Thread 19" [_thread_blocked, id=12712, stack(0x000000740c600000,0x000000740c700000)]
  0x0000017b44a14000 JavaThread "jar transforms Thread 20" [_thread_blocked, id=22988, stack(0x000000740c700000,0x000000740c800000)]
  0x0000017b44a15800 JavaThread "jar transforms Thread 21" [_thread_blocked, id=35160, stack(0x000000740c800000,0x000000740c900000)]
  0x0000017b44a14800 JavaThread "Cache worker for checksums cache (C:\Android Projects\Udemy TUTORIAL\KidsDrawingApp\.gradle\checksums)" [_thread_blocked, id=27272, stack(0x000000740c900000,0x000000740ca00000)]
  0x0000017b44a12000 JavaThread "Cache worker for cache directory md-supplier (C:\Users\Dark Knight\.gradle\caches\6.7.1\md-supplier)" [_thread_blocked, id=19396, stack(0x000000740ca00000,0x000000740cb00000)]
  0x0000017b44a13000 JavaThread "Cache worker for cache directory md-rule (C:\Users\Dark Knight\.gradle\caches\6.7.1\md-rule)" [_thread_blocked, id=15920, stack(0x000000740cb00000,0x000000740cc00000)]
  0x0000017b45e9d000 JavaThread "Cache worker for execution history cache (C:\Users\Dark Knight\.gradle\caches\6.7.1\executionHistory)" [_thread_blocked, id=16984, stack(0x000000740cc00000,0x000000740cd00000)]

Other Threads:
  0x0000017b42420800 VMThread "VM Thread" [stack: 0x0000007408f00000,0x0000007409000000] [id=1928]
  0x0000017b42604000 WatcherThread [stack: 0x0000007409900000,0x0000007409a00000] [id=9532]
  0x0000017b25964000 GCTaskThread "GC Thread#0" [stack: 0x0000007408a00000,0x0000007408b00000] [id=21224]
  0x0000017b43355000 GCTaskThread "GC Thread#1" [stack: 0x0000007409b00000,0x0000007409c00000] [id=37720]
  0x0000017b43500800 GCTaskThread "GC Thread#2" [stack: 0x0000007409c00000,0x0000007409d00000] [id=38240]
  0x0000017b43657800 GCTaskThread "GC Thread#3" [stack: 0x000000740a800000,0x000000740a900000] [id=29216]
  0x0000017b44da5000 GCTaskThread "GC Thread#4" [stack: 0x000000740a900000,0x000000740aa00000] [id=17928]
  0x0000017b44d93000 GCTaskThread "GC Thread#5" [stack: 0x000000740aa00000,0x000000740ab00000] [id=15260]
  0x0000017b4483d800 GCTaskThread "GC Thread#6" [stack: 0x000000740ab00000,0x000000740ac00000] [id=26268]
  0x0000017b43ccc800 GCTaskThread "GC Thread#7" [stack: 0x000000740ac00000,0x000000740ad00000] [id=32444]
  0x0000017b25994800 ConcurrentGCThread "G1 Main Marker" [stack: 0x0000007408b00000,0x0000007408c00000] [id=34868]
  0x0000017b25997000 ConcurrentGCThread "G1 Conc#0" [stack: 0x0000007408c00000,0x0000007408d00000] [id=23172]
  0x0000017b4374e800 ConcurrentGCThread "G1 Conc#1" [stack: 0x000000740af00000,0x000000740b000000] [id=11800]
  0x0000017b41a30800 ConcurrentGCThread "G1 Refine#0" [stack: 0x0000007408d00000,0x0000007408e00000] [id=26404]
  0x0000017b41a31800 ConcurrentGCThread "G1 Young RemSet Sampling" [stack: 0x0000007408e00000,0x0000007408f00000] [id=796]

Threads with active compile tasks:
C2 CompilerThread1   6666 2775       4       jdk.internal.loader.URLClassPath::getResource (74 bytes)

VM state:not at safepoint (normal execution)

VM Mutex/Monitor currently owned by a thread: None

Heap address: 0x0000000080000000, size: 2048 MB, Compressed Oops mode: 32-bit
Narrow klass base: 0x0000000000000000, Narrow klass shift: 3
Compressed class space size: 1073741824 Address: 0x0000000100000000

Heap:
 garbage-first heap   total 131072K, used 38544K [0x0000000080000000, 0x0000000100000000)
  region size 1024K, 7 young (7168K), 2 survivors (2048K)
 Metaspace       used 35772K, capacity 36584K, committed 36860K, reserved 1081344K
  class space    used 4660K, capacity 4943K, committed 4992K, reserved 1048576K
Heap Regions: E=young(eden), S=young(survivor), O=old, HS=humongous(starts), HC=humongous(continues), CS=collection set, F=free, A=archive, TAMS=top-at-mark-start (previous, next)
|   0|0x0000000080000000, 0x0000000080100000, 0x0000000080100000|100%| O|  |TAMS 0x0000000080100000, 0x0000000080000000| Untracked 
|   1|0x0000000080100000, 0x0000000080200000, 0x0000000080200000|100%| O|  |TAMS 0x0000000080200000, 0x0000000080100000| Untracked 
|   2|0x0000000080200000, 0x0000000080300000, 0x0000000080300000|100%| O|  |TAMS 0x0000000080300000, 0x0000000080200000| Untracked 
|   3|0x0000000080300000, 0x0000000080400000, 0x0000000080400000|100%|HS|  |TAMS 0x0000000080400000, 0x0000000080300000| Complete 
|   4|0x0000000080400000, 0x0000000080500000, 0x0000000080500000|100%|HC|  |TAMS 0x0000000080500000, 0x0000000080400000| Complete 
|   5|0x0000000080500000, 0x0000000080600000, 0x0000000080600000|100%|HC|  |TAMS 0x0000000080600000, 0x0000000080500000| Complete 
|   6|0x0000000080600000, 0x0000000080700000, 0x0000000080700000|100%| O|  |TAMS 0x0000000080700000, 0x0000000080600000| Untracked 
|   7|0x0000000080700000, 0x0000000080800000, 0x0000000080800000|100%| O|  |TAMS 0x0000000080800000, 0x0000000080700000| Untracked 
|   8|0x0000000080800000, 0x0000000080900000, 0x0000000080900000|100%| O|  |TAMS 0x0000000080900000, 0x0000000080800000| Untracked 
|   9|0x0000000080900000, 0x0000000080a00000, 0x0000000080a00000|100%| O|  |TAMS 0x0000000080a00000, 0x0000000080900000| Untracked 
|  10|0x0000000080a00000, 0x0000000080b00000, 0x0000000080b00000|100%| O|  |TAMS 0x0000000080b00000, 0x0000000080a00000| Untracked 
|  11|0x0000000080b00000, 0x0000000080c00000, 0x0000000080c00000|100%| O|  |TAMS 0x0000000080c00000, 0x0000000080b00000| Untracked 
|  12|0x0000000080c00000, 0x0000000080d00000, 0x0000000080d00000|100%| O|  |TAMS 0x0000000080d00000, 0x0000000080c00000| Untracked 
|  13|0x0000000080d00000, 0x0000000080e00000, 0x0000000080e00000|100%| O|  |TAMS 0x0000000080e00000, 0x0000000080d00000| Untracked 
|  14|0x0000000080e00000, 0x0000000080f00000, 0x0000000080f00000|100%| O|  |TAMS 0x0000000080f00000, 0x0000000080e00000| Untracked 
|  15|0x0000000080f00000, 0x0000000081000000, 0x0000000081000000|100%| O|  |TAMS 0x0000000081000000, 0x0000000080f00000| Untracked 
|  16|0x0000000081000000, 0x0000000081100000, 0x0000000081100000|100%|HS|  |TAMS 0x0000000081100000, 0x0000000081000000| Complete 
|  17|0x0000000081100000, 0x0000000081200000, 0x0000000081200000|100%|HC|  |TAMS 0x0000000081200000, 0x0000000081100000| Complete 
|  18|0x0000000081200000, 0x0000000081300000, 0x0000000081300000|100%|HS|  |TAMS 0x0000000081300000, 0x0000000081200000| Complete 
|  19|0x0000000081300000, 0x0000000081400000, 0x0000000081400000|100%|HC|  |TAMS 0x0000000081400000, 0x0000000081300000| Complete 
|  20|0x0000000081400000, 0x0000000081500000, 0x0000000081500000|100%|HC|  |TAMS 0x0000000081500000, 0x0000000081400000| Complete 
|  21|0x0000000081500000, 0x0000000081600000, 0x0000000081600000|100%|HS|  |TAMS 0x0000000081600000, 0x0000000081500000| Complete 
|  22|0x0000000081600000, 0x0000000081700000, 0x0000000081700000|100%|HC|  |TAMS 0x0000000081700000, 0x0000000081600000| Complete 
|  23|0x0000000081700000, 0x0000000081800000, 0x0000000081800000|100%|HC|  |TAMS 0x0000000081800000, 0x0000000081700000| Complete 
|  24|0x0000000081800000, 0x0000000081900000, 0x0000000081900000|100%|HC|  |TAMS 0x0000000081900000, 0x0000000081800000| Complete 
|  25|0x0000000081900000, 0x0000000081a00000, 0x0000000081a00000|100%| O|  |TAMS 0x0000000081a00000, 0x0000000081900000| Untracked 
|  26|0x0000000081a00000, 0x0000000081b00000, 0x0000000081b00000|100%| O|  |TAMS 0x0000000081b00000, 0x0000000081a00000| Untracked 
|  27|0x0000000081b00000, 0x0000000081c00000, 0x0000000081c00000|100%| O|  |TAMS 0x0000000081c00000, 0x0000000081b00000| Untracked 
|  28|0x0000000081c00000, 0x0000000081d00000, 0x0000000081d00000|100%| O|  |TAMS 0x0000000081d00000, 0x0000000081c00000| Untracked 
|  29|0x0000000081d00000, 0x0000000081e00000, 0x0000000081e00000|100%| O|  |TAMS 0x0000000081e00000, 0x0000000081d00000| Untracked 
|  30|0x0000000081e00000, 0x0000000081f00000, 0x0000000081f00000|100%| O|  |TAMS 0x0000000081f00000, 0x0000000081e00000| Untracked 
|  31|0x0000000081f00000, 0x0000000081fb6c00, 0x0000000082000000| 71%| O|  |TAMS 0x0000000081fb6c00, 0x0000000081f00000| Untracked 
|  32|0x0000000082000000, 0x0000000082000000, 0x0000000082100000|  0%| F|  |TAMS 0x0000000082000000, 0x0000000082000000| Untracked 
|  33|0x0000000082100000, 0x0000000082100000, 0x0000000082200000|  0%| F|  |TAMS 0x0000000082100000, 0x0000000082100000| Untracked 
|  34|0x0000000082200000, 0x0000000082200000, 0x0000000082300000|  0%| F|  |TAMS 0x0000000082200000, 0x0000000082200000| Untracked 
|  35|0x0000000082300000, 0x0000000082300000, 0x0000000082400000|  0%| F|  |TAMS 0x0000000082300000, 0x0000000082300000| Untracked 
|  36|0x0000000082400000, 0x0000000082400000, 0x0000000082500000|  0%| F|  |TAMS 0x0000000082400000, 0x0000000082400000| Untracked 
|  37|0x0000000082500000, 0x0000000082500000, 0x0000000082600000|  0%| F|  |TAMS 0x0000000082500000, 0x0000000082500000| Untracked 
|  38|0x0000000082600000, 0x0000000082600000, 0x0000000082700000|  0%| F|  |TAMS 0x0000000082600000, 0x0000000082600000| Untracked 
|  39|0x0000000082700000, 0x0000000082700000, 0x0000000082800000|  0%| F|  |TAMS 0x0000000082700000, 0x0000000082700000| Untracked 
|  40|0x0000000082800000, 0x0000000082800000, 0x0000000082900000|  0%| F|  |TAMS 0x0000000082800000, 0x0000000082800000| Untracked 
|  41|0x0000000082900000, 0x0000000082900000, 0x0000000082a00000|  0%| F|  |TAMS 0x0000000082900000, 0x0000000082900000| Untracked 
|  42|0x0000000082a00000, 0x0000000082a00000, 0x0000000082b00000|  0%| F|  |TAMS 0x0000000082a00000, 0x0000000082a00000| Untracked 
|  43|0x0000000082b00000, 0x0000000082b00000, 0x0000000082c00000|  0%| F|  |TAMS 0x0000000082b00000, 0x0000000082b00000| Untracked 
|  44|0x0000000082c00000, 0x0000000082c00000, 0x0000000082d00000|  0%| F|  |TAMS 0x0000000082c00000, 0x0000000082c00000| Untracked 
|  45|0x0000000082d00000, 0x0000000082d00000, 0x0000000082e00000|  0%| F|  |TAMS 0x0000000082d00000, 0x0000000082d00000| Untracked 
|  46|0x0000000082e00000, 0x0000000082e00000, 0x0000000082f00000|  0%| F|  |TAMS 0x0000000082e00000, 0x0000000082e00000| Untracked 
|  47|0x0000000082f00000, 0x0000000082f00000, 0x0000000083000000|  0%| F|  |TAMS 0x0000000082f00000, 0x0000000082f00000| Untracked 
|  48|0x0000000083000000, 0x0000000083000000, 0x0000000083100000|  0%| F|  |TAMS 0x0000000083000000, 0x0000000083000000| Untracked 
|  49|0x0000000083100000, 0x0000000083100000, 0x0000000083200000|  0%| F|  |TAMS 0x0000000083100000, 0x0000000083100000| Untracked 
|  50|0x0000000083200000, 0x0000000083200000, 0x0000000083300000|  0%| F|  |TAMS 0x0000000083200000, 0x0000000083200000| Untracked 
|  51|0x0000000083300000, 0x0000000083300000, 0x0000000083400000|  0%| F|  |TAMS 0x0000000083300000, 0x0000000083300000| Untracked 
|  52|0x0000000083400000, 0x0000000083400000, 0x0000000083500000|  0%| F|  |TAMS 0x0000000083400000, 0x0000000083400000| Untracked 
|  53|0x0000000083500000, 0x0000000083500000, 0x0000000083600000|  0%| F|  |TAMS 0x0000000083500000, 0x0000000083500000| Untracked 
|  54|0x0000000083600000, 0x0000000083600000, 0x0000000083700000|  0%| F|  |TAMS 0x0000000083600000, 0x0000000083600000| Untracked 
|  55|0x0000000083700000, 0x0000000083700000, 0x0000000083800000|  0%| F|  |TAMS 0x0000000083700000, 0x0000000083700000| Untracked 
|  56|0x0000000083800000, 0x0000000083800000, 0x0000000083900000|  0%| F|  |TAMS 0x0000000083800000, 0x0000000083800000| Untracked 
|  57|0x0000000083900000, 0x0000000083900000, 0x0000000083a00000|  0%| F|  |TAMS 0x0000000083900000, 0x0000000083900000| Untracked 
|  58|0x0000000083a00000, 0x0000000083a00000, 0x0000000083b00000|  0%| F|  |TAMS 0x0000000083a00000, 0x0000000083a00000| Untracked 
|  59|0x0000000083b00000, 0x0000000083b00000, 0x0000000083c00000|  0%| F|  |TAMS 0x0000000083b00000, 0x0000000083b00000| Untracked 
|  60|0x0000000083c00000, 0x0000000083c00000, 0x0000000083d00000|  0%| F|  |TAMS 0x0000000083c00000, 0x0000000083c00000| Untracked 
|  61|0x0000000083d00000, 0x0000000083d00000, 0x0000000083e00000|  0%| F|  |TAMS 0x0000000083d00000, 0x0000000083d00000| Untracked 
|  62|0x0000000083e00000, 0x0000000083e00000, 0x0000000083f00000|  0%| F|  |TAMS 0x0000000083e00000, 0x0000000083e00000| Untracked 
|  63|0x0000000083f00000, 0x0000000083f00000, 0x0000000084000000|  0%| F|  |TAMS 0x0000000083f00000, 0x0000000083f00000| Untracked 
|  64|0x0000000084000000, 0x0000000084000000, 0x0000000084100000|  0%| F|  |TAMS 0x0000000084000000, 0x0000000084000000| Untracked 
|  65|0x0000000084100000, 0x0000000084100000, 0x0000000084200000|  0%| F|  |TAMS 0x0000000084100000, 0x0000000084100000| Untracked 
|  66|0x0000000084200000, 0x0000000084200000, 0x0000000084300000|  0%| F|  |TAMS 0x0000000084200000, 0x0000000084200000| Untracked 
|  67|0x0000000084300000, 0x0000000084300000, 0x0000000084400000|  0%| F|  |TAMS 0x0000000084300000, 0x0000000084300000| Untracked 
|  68|0x0000000084400000, 0x0000000084400000, 0x0000000084500000|  0%| F|  |TAMS 0x0000000084400000, 0x0000000084400000| Untracked 
|  69|0x0000000084500000, 0x0000000084500000, 0x0000000084600000|  0%| F|  |TAMS 0x0000000084500000, 0x0000000084500000| Untracked 
|  70|0x0000000084600000, 0x0000000084600000, 0x0000000084700000|  0%| F|  |TAMS 0x0000000084600000, 0x0000000084600000| Untracked 
|  71|0x0000000084700000, 0x0000000084700000, 0x0000000084800000|  0%| F|  |TAMS 0x0000000084700000, 0x0000000084700000| Untracked 
|  72|0x0000000084800000, 0x0000000084800000, 0x0000000084900000|  0%| F|  |TAMS 0x0000000084800000, 0x0000000084800000| Untracked 
|  73|0x0000000084900000, 0x0000000084900000, 0x0000000084a00000|  0%| F|  |TAMS 0x0000000084900000, 0x0000000084900000| Untracked 
|  74|0x0000000084a00000, 0x0000000084a00000, 0x0000000084b00000|  0%| F|  |TAMS 0x0000000084a00000, 0x0000000084a00000| Untracked 
|  75|0x0000000084b00000, 0x0000000084b00000, 0x0000000084c00000|  0%| F|  |TAMS 0x0000000084b00000, 0x0000000084b00000| Untracked 
|  76|0x0000000084c00000, 0x0000000084c00000, 0x0000000084d00000|  0%| F|  |TAMS 0x0000000084c00000, 0x0000000084c00000| Untracked 
|  77|0x0000000084d00000, 0x0000000084d00000, 0x0000000084e00000|  0%| F|  |TAMS 0x0000000084d00000, 0x0000000084d00000| Untracked 
|  78|0x0000000084e00000, 0x0000000084e00000, 0x0000000084f00000|  0%| F|  |TAMS 0x0000000084e00000, 0x0000000084e00000| Untracked 
|  79|0x0000000084f00000, 0x0000000084f00000, 0x0000000085000000|  0%| F|  |TAMS 0x0000000084f00000, 0x0000000084f00000| Untracked 
|  80|0x0000000085000000, 0x0000000085000000, 0x0000000085100000|  0%| F|  |TAMS 0x0000000085000000, 0x0000000085000000| Untracked 
|  81|0x0000000085100000, 0x0000000085100000, 0x0000000085200000|  0%| F|  |TAMS 0x0000000085100000, 0x0000000085100000| Untracked 
|  82|0x0000000085200000, 0x0000000085200000, 0x0000000085300000|  0%| F|  |TAMS 0x0000000085200000, 0x0000000085200000| Untracked 
|  83|0x0000000085300000, 0x0000000085300000, 0x0000000085400000|  0%| F|  |TAMS 0x0000000085300000, 0x0000000085300000| Untracked 
|  84|0x0000000085400000, 0x0000000085400000, 0x0000000085500000|  0%| F|  |TAMS 0x0000000085400000, 0x0000000085400000| Untracked 
|  85|0x0000000085500000, 0x0000000085500000, 0x0000000085600000|  0%| F|  |TAMS 0x0000000085500000, 0x0000000085500000| Untracked 
|  86|0x0000000085600000, 0x0000000085600000, 0x0000000085700000|  0%| F|  |TAMS 0x0000000085600000, 0x0000000085600000| Untracked 
|  87|0x0000000085700000, 0x0000000085700000, 0x0000000085800000|  0%| F|  |TAMS 0x0000000085700000, 0x0000000085700000| Untracked 
|  88|0x0000000085800000, 0x0000000085800000, 0x0000000085900000|  0%| F|  |TAMS 0x0000000085800000, 0x0000000085800000| Untracked 
|  89|0x0000000085900000, 0x0000000085900000, 0x0000000085a00000|  0%| F|  |TAMS 0x0000000085900000, 0x0000000085900000| Untracked 
|  90|0x0000000085a00000, 0x0000000085a00000, 0x0000000085b00000|  0%| F|  |TAMS 0x0000000085a00000, 0x0000000085a00000| Untracked 
|  91|0x0000000085b00000, 0x0000000085b00000, 0x0000000085c00000|  0%| F|  |TAMS 0x0000000085b00000, 0x0000000085b00000| Untracked 
|  92|0x0000000085c00000, 0x0000000085c00000, 0x0000000085d00000|  0%| F|  |TAMS 0x0000000085c00000, 0x0000000085c00000| Untracked 
|  93|0x0000000085d00000, 0x0000000085d00000, 0x0000000085e00000|  0%| F|  |TAMS 0x0000000085d00000, 0x0000000085d00000| Untracked 
|  94|0x0000000085e00000, 0x0000000085e00000, 0x0000000085f00000|  0%| F|  |TAMS 0x0000000085e00000, 0x0000000085e00000| Untracked 
|  95|0x0000000085f00000, 0x0000000085f00000, 0x0000000086000000|  0%| F|  |TAMS 0x0000000085f00000, 0x0000000085f00000| Untracked 
|  96|0x0000000086000000, 0x0000000086000000, 0x0000000086100000|  0%| F|  |TAMS 0x0000000086000000, 0x0000000086000000| Untracked 
|  97|0x0000000086100000, 0x0000000086100000, 0x0000000086200000|  0%| F|  |TAMS 0x0000000086100000, 0x0000000086100000| Untracked 
|  98|0x0000000086200000, 0x0000000086200000, 0x0000000086300000|  0%| F|  |TAMS 0x0000000086200000, 0x0000000086200000| Untracked 
|  99|0x0000000086300000, 0x0000000086300000, 0x0000000086400000|  0%| F|  |TAMS 0x0000000086300000, 0x0000000086300000| Untracked 
| 100|0x0000000086400000, 0x0000000086400000, 0x0000000086500000|  0%| F|  |TAMS 0x0000000086400000, 0x0000000086400000| Untracked 
| 101|0x0000000086500000, 0x0000000086500000, 0x0000000086600000|  0%| F|  |TAMS 0x0000000086500000, 0x0000000086500000| Untracked 
| 102|0x0000000086600000, 0x0000000086600000, 0x0000000086700000|  0%| F|  |TAMS 0x0000000086600000, 0x0000000086600000| Untracked 
| 103|0x0000000086700000, 0x0000000086700000, 0x0000000086800000|  0%| F|  |TAMS 0x0000000086700000, 0x0000000086700000| Untracked 
| 104|0x0000000086800000, 0x0000000086800000, 0x0000000086900000|  0%| F|  |TAMS 0x0000000086800000, 0x0000000086800000| Untracked 
| 105|0x0000000086900000, 0x0000000086900000, 0x0000000086a00000|  0%| F|  |TAMS 0x0000000086900000, 0x0000000086900000| Untracked 
| 106|0x0000000086a00000, 0x0000000086a00000, 0x0000000086b00000|  0%| F|  |TAMS 0x0000000086a00000, 0x0000000086a00000| Untracked 
| 107|0x0000000086b00000, 0x0000000086b00000, 0x0000000086c00000|  0%| F|  |TAMS 0x0000000086b00000, 0x0000000086b00000| Untracked 
| 108|0x0000000086c00000, 0x0000000086c00000, 0x0000000086d00000|  0%| F|  |TAMS 0x0000000086c00000, 0x0000000086c00000| Untracked 
| 109|0x0000000086d00000, 0x0000000086d00000, 0x0000000086e00000|  0%| F|  |TAMS 0x0000000086d00000, 0x0000000086d00000| Untracked 
| 110|0x0000000086e00000, 0x0000000086e00000, 0x0000000086f00000|  0%| F|  |TAMS 0x0000000086e00000, 0x0000000086e00000| Untracked 
| 111|0x0000000086f00000, 0x0000000086f00000, 0x0000000087000000|  0%| F|  |TAMS 0x0000000086f00000, 0x0000000086f00000| Untracked 
| 112|0x0000000087000000, 0x0000000087000000, 0x0000000087100000|  0%| F|  |TAMS 0x0000000087000000, 0x0000000087000000| Untracked 
| 113|0x0000000087100000, 0x0000000087100000, 0x0000000087200000|  0%| F|  |TAMS 0x0000000087100000, 0x0000000087100000| Untracked 
| 114|0x0000000087200000, 0x0000000087200000, 0x0000000087300000|  0%| F|  |TAMS 0x0000000087200000, 0x0000000087200000| Untracked 
| 115|0x0000000087300000, 0x0000000087300000, 0x0000000087400000|  0%| F|  |TAMS 0x0000000087300000, 0x0000000087300000| Untracked 
| 116|0x0000000087400000, 0x0000000087400000, 0x0000000087500000|  0%| F|  |TAMS 0x0000000087400000, 0x0000000087400000| Untracked 
| 117|0x0000000087500000, 0x00000000875ed7b0, 0x0000000087600000| 92%| S|CS|TAMS 0x0000000087500000, 0x0000000087500000| Complete 
| 118|0x0000000087600000, 0x0000000087700000, 0x0000000087700000|100%| S|CS|TAMS 0x0000000087600000, 0x0000000087600000| Complete 
| 119|0x0000000087700000, 0x0000000087700000, 0x0000000087800000|  0%| F|  |TAMS 0x0000000087700000, 0x0000000087700000| Untracked 
| 120|0x0000000087800000, 0x0000000087800000, 0x0000000087900000|  0%| F|  |TAMS 0x0000000087800000, 0x0000000087800000| Untracked 
| 121|0x0000000087900000, 0x0000000087900000, 0x0000000087a00000|  0%| F|  |TAMS 0x0000000087900000, 0x0000000087900000| Untracked 
| 122|0x0000000087a00000, 0x0000000087a80800, 0x0000000087b00000| 50%| E|  |TAMS 0x0000000087a00000, 0x0000000087a00000| Complete 
| 123|0x0000000087b00000, 0x0000000087c00000, 0x0000000087c00000|100%| E|CS|TAMS 0x0000000087b00000, 0x0000000087b00000| Complete 
| 124|0x0000000087c00000, 0x0000000087d00000, 0x0000000087d00000|100%| E|CS|TAMS 0x0000000087c00000, 0x0000000087c00000| Complete 
| 125|0x0000000087d00000, 0x0000000087e00000, 0x0000000087e00000|100%| E|CS|TAMS 0x0000000087d00000, 0x0000000087d00000| Complete 
| 126|0x0000000087e00000, 0x0000000087f00000, 0x0000000087f00000|100%| E|CS|TAMS 0x0000000087e00000, 0x0000000087e00000| Complete 
| 127|0x0000000087f00000, 0x0000000088000000, 0x0000000088000000|100%| E|CS|TAMS 0x0000000087f00000, 0x0000000087f00000| Complete 

Card table byte_map: [0x0000017b3a910000,0x0000017b3ad10000] _byte_map_base: 0x0000017b3a510000

Marking Bits (Prev, Next): (CMBitMap*) 0x0000017b2598bb88, (CMBitMap*) 0x0000017b2598bbc0
 Prev Bits: [0x0000017b3b110000, 0x0000017b3d110000)
 Next Bits: [0x0000017b3d110000, 0x0000017b3f110000)

Polling page: 0x0000017b25a30000

Metaspace:

Usage:
  Non-class:     30.96 MB capacity,    30.42 MB ( 98%) used,   479.32 KB (  2%) free+waste,    72.06 KB ( <1%) overhead. 
      Class:      4.83 MB capacity,     4.55 MB ( 94%) used,   243.79 KB (  5%) free+waste,    35.13 KB ( <1%) overhead. 
       Both:     35.79 MB capacity,    34.98 MB ( 98%) used,   723.11 KB (  2%) free+waste,   107.19 KB ( <1%) overhead. 

Virtual space:
  Non-class space:       32.00 MB reserved,      31.12 MB ( 97%) committed 
      Class space:        1.00 GB reserved,       4.88 MB ( <1%) committed 
             Both:        1.03 GB reserved,      36.00 MB (  3%) committed 

Chunk freelists:
   Non-Class:  23.00 KB
       Class:  17.00 KB
        Both:  40.00 KB

MaxMetaspaceSize: 17179869184.00 GB
CompressedClassSpaceSize: 1.00 GB

CodeHeap 'non-profiled nmethods': size=120000Kb used=1415Kb max_used=1415Kb free=118584Kb
 bounds [0x0000017b32570000, 0x0000017b327e0000, 0x0000017b39aa0000]
CodeHeap 'profiled nmethods': size=120000Kb used=5374Kb max_used=5374Kb free=114625Kb
 bounds [0x0000017b2b040000, 0x0000017b2b590000, 0x0000017b32570000]
CodeHeap 'non-nmethods': size=5760Kb used=1168Kb max_used=1202Kb free=4591Kb
 bounds [0x0000017b2aaa0000, 0x0000017b2ad10000, 0x0000017b2b040000]
 total_blobs=3175 nmethods=2658 adapters=428
 compilation: enabled
              stopped_count=0, restarted_count=0
 full_count=0

Compilation events (20 events):
Event: 6.618 Thread 0x0000017b42435000 2864       3       sun.invoke.util.Wrapper::isNumeric (16 bytes)
Event: 6.618 Thread 0x0000017b42435000 nmethod 2864 0x0000017b2b56e910 code [0x0000017b2b56eac0, 0x0000017b2b56ec18]
Event: 6.619 Thread 0x0000017b42435000 2867       3       java.lang.invoke.LambdaFormBuffer::indexOf (33 bytes)
Event: 6.619 Thread 0x0000017b42435000 nmethod 2867 0x0000017b2b56ec90 code [0x0000017b2b56ee60, 0x0000017b2b56f1f8]
Event: 6.619 Thread 0x0000017b42435000 2869       3       java.lang.invoke.InvokerBytecodeGenerator::assertStaticType (58 bytes)
Event: 6.620 Thread 0x0000017b42435000 nmethod 2869 0x0000017b2b56f310 code [0x0000017b2b56f500, 0x0000017b2b56f9d8]
Event: 6.620 Thread 0x0000017b42435000 2866       3       java.lang.invoke.LambdaForm$NamedFunction::<init> (82 bytes)
Event: 6.620 Thread 0x0000017b42435000 nmethod 2866 0x0000017b2b56fc10 code [0x0000017b2b56fde0, 0x0000017b2b570058]
Event: 6.620 Thread 0x0000017b42435000 2870       3       jdk.internal.org.objectweb.asm.ClassWriter::visitField (16 bytes)
Event: 6.620 Thread 0x0000017b42435000 nmethod 2870 0x0000017b2b570110 code [0x0000017b2b5702c0, 0x0000017b2b570488]
Event: 6.620 Thread 0x0000017b42435000 2871       3       jdk.internal.org.objectweb.asm.FieldWriter::getSize (262 bytes)
Event: 6.622 Thread 0x0000017b42435000 nmethod 2871 0x0000017b2b570590 code [0x0000017b2b570860, 0x0000017b2b571488]
Event: 6.622 Thread 0x0000017b42435000 2873   !   3       java.util.ImmutableCollections$ListItr::next (34 bytes)
Event: 6.622 Thread 0x0000017b42435000 nmethod 2873 0x0000017b2b571a10 code [0x0000017b2b571be0, 0x0000017b2b571eb8]
Event: 6.622 Thread 0x0000017b42435000 2872       3       jdk.internal.org.objectweb.asm.FieldWriter::put (475 bytes)
Event: 6.624 Thread 0x0000017b42435000 nmethod 2872 0x0000017b2b572010 code [0x0000017b2b572420, 0x0000017b2b5734d8]
Event: 6.624 Thread 0x0000017b42435000 2878       3       jdk.internal.org.objectweb.asm.MethodWriter::visitFrame (233 bytes)
Event: 6.625 Thread 0x0000017b42435000 nmethod 2878 0x0000017b2b573b10 code [0x0000017b2b573d40, 0x0000017b2b5744f8]
Event: 6.625 Thread 0x0000017b42435000 2879       3       java.lang.invoke.ClassSpecializer$Factory$1Var::slotSize (8 bytes)
Event: 6.625 Thread 0x0000017b42435000 nmethod 2879 0x0000017b2b574890 code [0x0000017b2b574a40, 0x0000017b2b574c18]

GC Heap History (12 events):
Event: 1.488 GC heap before
{Heap before GC invocations=0 (full 0):
 garbage-first heap   total 131072K, used 29696K [0x0000000080000000, 0x0000000100000000)
  region size 1024K, 24 young (24576K), 0 survivors (0K)
 Metaspace       used 10436K, capacity 10645K, committed 11008K, reserved 1058816K
  class space    used 1093K, capacity 1163K, committed 1280K, reserved 1048576K
}
Event: 1.496 GC heap after
{Heap after GC invocations=1 (full 0):
 garbage-first heap   total 131072K, used 8617K [0x0000000080000000, 0x0000000100000000)
  region size 1024K, 3 young (3072K), 3 survivors (3072K)
 Metaspace       used 10436K, capacity 10645K, committed 11008K, reserved 1058816K
  class space    used 1093K, capacity 1163K, committed 1280K, reserved 1048576K
}
Event: 4.451 GC heap before
{Heap before GC invocations=1 (full 0):
 garbage-first heap   total 131072K, used 82345K [0x0000000080000000, 0x0000000100000000)
  region size 1024K, 76 young (77824K), 3 survivors (3072K)
 Metaspace       used 18978K, capacity 19473K, committed 19712K, reserved 1067008K
  class space    used 2295K, capacity 2469K, committed 2560K, reserved 1048576K
}
Event: 4.460 GC heap after
{Heap after GC invocations=2 (full 0):
 garbage-first heap   total 131072K, used 15920K [0x0000000080000000, 0x0000000100000000)
  region size 1024K, 10 young (10240K), 10 survivors (10240K)
 Metaspace       used 18978K, capacity 19473K, committed 19712K, reserved 1067008K
  class space    used 2295K, capacity 2469K, committed 2560K, reserved 1048576K
}
Event: 4.616 GC heap before
{Heap before GC invocations=2 (full 0):
 garbage-first heap   total 131072K, used 27184K [0x0000000080000000, 0x0000000100000000)
  region size 1024K, 22 young (22528K), 10 survivors (10240K)
 Metaspace       used 20594K, capacity 21139K, committed 21296K, reserved 1069056K
  class space    used 2520K, capacity 2688K, committed 2688K, reserved 1048576K
}
Event: 4.626 GC heap after
{Heap after GC invocations=3 (full 0):
 garbage-first heap   total 131072K, used 16293K [0x0000000080000000, 0x0000000100000000)
  region size 1024K, 1 young (1024K), 1 survivors (1024K)
 Metaspace       used 20594K, capacity 21139K, committed 21296K, reserved 1069056K
  class space    used 2520K, capacity 2688K, committed 2688K, reserved 1048576K
}
Event: 5.230 GC heap before
{Heap before GC invocations=4 (full 0):
 garbage-first heap   total 131072K, used 61349K [0x0000000080000000, 0x0000000100000000)
  region size 1024K, 46 young (47104K), 1 survivors (1024K)
 Metaspace       used 25849K, capacity 26461K, committed 26672K, reserved 1073152K
  class space    used 3366K, capacity 3594K, committed 3712K, reserved 1048576K
}
Event: 5.234 GC heap after
{Heap after GC invocations=5 (full 0):
 garbage-first heap   total 131072K, used 18078K [0x0000000080000000, 0x0000000100000000)
  region size 1024K, 3 young (3072K), 3 survivors (3072K)
 Metaspace       used 25849K, capacity 26461K, committed 26672K, reserved 1073152K
  class space    used 3366K, capacity 3594K, committed 3712K, reserved 1048576K
}
Event: 6.173 GC heap before
{Heap before GC invocations=5 (full 0):
 garbage-first heap   total 131072K, used 78494K [0x0000000080000000, 0x0000000100000000)
  region size 1024K, 53 young (54272K), 3 survivors (3072K)
 Metaspace       used 31640K, capacity 32369K, committed 32560K, reserved 1077248K
  class space    used 4211K, capacity 4474K, committed 4480K, reserved 1048576K
}
Event: 6.184 GC heap after
{Heap after GC invocations=6 (full 0):
 garbage-first heap   total 131072K, used 32673K [0x0000000080000000, 0x0000000100000000)
  region size 1024K, 7 young (7168K), 7 survivors (7168K)
 Metaspace       used 31640K, capacity 32369K, committed 32560K, reserved 1077248K
  class space    used 4211K, capacity 4474K, committed 4480K, reserved 1048576K
}
Event: 6.547 GC heap before
{Heap before GC invocations=6 (full 0):
 garbage-first heap   total 131072K, used 39841K [0x0000000080000000, 0x0000000100000000)
  region size 1024K, 16 young (16384K), 7 survivors (7168K)
 Metaspace       used 34857K, capacity 35580K, committed 35708K, reserved 1081344K
  class space    used 4527K, capacity 4799K, committed 4864K, reserved 1048576K
}
Event: 6.567 GC heap after
{Heap after GC invocations=7 (full 0):
 garbage-first heap   total 131072K, used 34448K [0x0000000080000000, 0x0000000100000000)
  region size 1024K, 2 young (2048K), 2 survivors (2048K)
 Metaspace       used 34857K, capacity 35580K, committed 35708K, reserved 1081344K
  class space    used 4527K, capacity 4799K, committed 4864K, reserved 1048576K
}

Deoptimization events (20 events):
Event: 6.171 Thread 0x0000017b44e47000 Uncommon trap: trap_request=0xffffffc6 fr.pc=0x0000017b3266eb94 relative=0x0000000000000214
Event: 6.172 Thread 0x0000017b44e47000 Uncommon trap: reason=bimorphic_or_optimized_type_check action=maybe_recompile pc=0x0000017b3266eb94 method=java.io.BufferedInputStream.read([BII)I @ 101 c2
Event: 6.172 Thread 0x0000017b44e47000 DEOPT PACKING pc=0x0000017b3266eb94 sp=0x000000740a4f8c60
Event: 6.172 Thread 0x0000017b44e47000 DEOPT UNPACKING pc=0x0000017b2aac74af sp=0x000000740a4f8c18 mode 2
Event: 6.173 Thread 0x0000017b44e47000 Uncommon trap: trap_request=0xffffffc6 fr.pc=0x0000017b3266eb94 relative=0x0000000000000214
Event: 6.173 Thread 0x0000017b44e47000 Uncommon trap: reason=bimorphic_or_optimized_type_check action=maybe_recompile pc=0x0000017b3266eb94 method=java.io.BufferedInputStream.read([BII)I @ 101 c2
Event: 6.173 Thread 0x0000017b44e47000 DEOPT PACKING pc=0x0000017b3266eb94 sp=0x000000740a4f8c60
Event: 6.173 Thread 0x0000017b44e47000 DEOPT UNPACKING pc=0x0000017b2aac74af sp=0x000000740a4f8c18 mode 2
Event: 6.184 Thread 0x0000017b44e47000 Uncommon trap: trap_request=0xffffffc6 fr.pc=0x0000017b3266eb94 relative=0x0000000000000214
Event: 6.184 Thread 0x0000017b44e47000 Uncommon trap: reason=bimorphic_or_optimized_type_check action=maybe_recompile pc=0x0000017b3266eb94 method=java.io.BufferedInputStream.read([BII)I @ 101 c2
Event: 6.184 Thread 0x0000017b44e47000 DEOPT PACKING pc=0x0000017b3266eb94 sp=0x000000740a4f8c60
Event: 6.184 Thread 0x0000017b44e47000 DEOPT UNPACKING pc=0x0000017b2aac74af sp=0x000000740a4f8c18 mode 2
Event: 6.186 Thread 0x0000017b44e47000 Uncommon trap: trap_request=0xffffffc6 fr.pc=0x0000017b3266eb94 relative=0x0000000000000214
Event: 6.186 Thread 0x0000017b44e47000 Uncommon trap: reason=bimorphic_or_optimized_type_check action=maybe_recompile pc=0x0000017b3266eb94 method=java.io.BufferedInputStream.read([BII)I @ 101 c2
Event: 6.186 Thread 0x0000017b44e47000 DEOPT PACKING pc=0x0000017b3266eb94 sp=0x000000740a4f8c60
Event: 6.186 Thread 0x0000017b44e47000 DEOPT UNPACKING pc=0x0000017b2aac74af sp=0x000000740a4f8c18 mode 2
Event: 6.389 Thread 0x0000017b44e47000 DEOPT PACKING pc=0x0000017b2b0f2e1b sp=0x000000740a4f8800
Event: 6.389 Thread 0x0000017b44e47000 DEOPT UNPACKING pc=0x0000017b2aac72ce sp=0x000000740a4f7d40 mode 0
Event: 6.622 Thread 0x0000017b44e47000 DEOPT PACKING pc=0x0000017b2b1b32f9 sp=0x000000740a4f5870
Event: 6.622 Thread 0x0000017b44e47000 DEOPT UNPACKING pc=0x0000017b2aac72ce sp=0x000000740a4f4db8 mode 0

Classes redefined (0 events):
No events

Internal exceptions (20 events):
Event: 5.576 Thread 0x0000017b44e47000 Exception <a 'java/lang/NoSuchMethodError'{0x0000000086a3f090}: 'java.lang.Object java.lang.invoke.DirectMethodHandle$Holder.invokeSpecial(java.lang.Object, java.lang.Object, java.lang.Object, java.lang.Object, java.lang.Object, java.lang.Object, java.lang.Object, java.lang.Object, java.lang.Object, java.lang.Object, java.lang.Object, java.lang.Object, java.lang.Object)'> (0x0000000086a3f090) thrown at [./src/hotspot/share/interpreter/linkResolver.cpp, line 773]
Event: 5.577 Thread 0x0000017b44e47000 Exception <a 'java/lang/NoSuchMethodError'{0x0000000086a50318}: 'java.lang.Object java.lang.invoke.DirectMethodHandle$Holder.invokeSpecial(java.lang.Object, java.lang.Object, java.lang.Object, java.lang.Object, java.lang.Object, java.lang.Object, java.lang.Object, java.lang.Object, java.lang.Object, java.lang.Object, java.lang.Object, java.lang.Object)'> (0x0000000086a50318) thrown at [./src/hotspot/share/interpreter/linkResolver.cpp, line 773]
Event: 5.578 Thread 0x0000017b44e47000 Exception <a 'java/lang/NoSuchMethodError'{0x0000000086a55440}: 'java.lang.Object java.lang.invoke.Invokers$Holder.linkToTargetMethod(java.lang.Object, java.lang.Object, java.lang.Object, java.lang.Object, java.lang.Object, java.lang.Object, java.lang.Object, java.lang.Object, java.lang.Object, java.lang.Object, java.lang.Object)'> (0x0000000086a55440) thrown at [./src/hotspot/share/interpreter/linkResolver.cpp, line 773]
Event: 5.591 Thread 0x0000017b44e47000 Exception <a 'java/lang/NoSuchMethodError'{0x0000000086944dd0}: 'java.lang.Object java.lang.invoke.DirectMethodHandle$Holder.invokeSpecial(java.lang.Object, java.lang.Object, java.lang.Object, java.lang.Object, java.lang.Object, java.lang.Object, java.lang.Object, java.lang.Object, java.lang.Object, java.lang.Object, java.lang.Object, java.lang.Object, java.lang.Object, java.lang.Object)'> (0x0000000086944dd0) thrown at [./src/hotspot/share/interpreter/linkResolver.cpp, line 773]
Event: 5.593 Thread 0x0000017b44e47000 Exception <a 'java/lang/NoSuchMethodError'{0x00000000869563c8}: 'java.lang.Object java.lang.invoke.Invokers$Holder.linkToTargetMethod(java.lang.Object, java.lang.Object, java.lang.Object, java.lang.Object, java.lang.Object, java.lang.Object, java.lang.Object, java.lang.Object, java.lang.Object, java.lang.Object, java.lang.Object, java.lang.Object)'> (0x00000000869563c8) thrown at [./src/hotspot/share/interpreter/linkResolver.cpp, line 773]
Event: 5.602 Thread 0x0000017b44e47000 Exception <a 'java/lang/NoSuchMethodError'{0x00000000869cc6f0}: 'java.lang.Object java.lang.invoke.DirectMethodHandle$Holder.invokeStaticInit(java.lang.Object, java.lang.Object, java.lang.Object, java.lang.Object)'> (0x00000000869cc6f0) thrown at [./src/hotspot/share/interpreter/linkResolver.cpp, line 773]
Event: 5.883 Thread 0x0000017b44e47000 Exception <a 'java/lang/NoSuchMethodError'{0x00000000855dba88}: 'void java.lang.invoke.DirectMethodHandle$Holder.invokeStaticInit(java.lang.Object, java.lang.Object)'> (0x00000000855dba88) thrown at [./src/hotspot/share/interpreter/linkResolver.cpp, line 773]
Event: 5.959 Thread 0x0000017b44e47000 Exception <a 'java/lang/NoSuchMethodError'{0x00000000852238c0}: 'int java.lang.invoke.DirectMethodHandle$Holder.invokeStatic(java.lang.Object, java.lang.Object, java.lang.Object, java.lang.Object, java.lang.Object)'> (0x00000000852238c0) thrown at [./src/hotspot/share/interpreter/linkResolver.cpp, line 773]
Event: 6.075 Thread 0x0000017b44a15800 Exception <a 'sun/nio/fs/WindowsException'{0x0000000084d217b8}> (0x0000000084d217b8) thrown at [./src/hotspot/share/prims/jni.cpp, line 615]
Event: 6.077 Thread 0x0000017b44a15800 Exception <a 'sun/nio/fs/WindowsException'{0x0000000084d21a48}> (0x0000000084d21a48) thrown at [./src/hotspot/share/prims/jni.cpp, line 615]
Event: 6.124 Thread 0x0000017b44e47000 Exception <a 'java/lang/NoSuchMethodError'{0x0000000084cd3f88}: 'void java.lang.invoke.DirectMethodHandle$Holder.invokeStatic(java.lang.Object, java.lang.Object, java.lang.Object, java.lang.Object)'> (0x0000000084cd3f88) thrown at [./src/hotspot/share/interpreter/linkResolver.cpp, line 773]
Event: 6.125 Thread 0x0000017b44e47000 Exception <a 'java/lang/NoSuchMethodError'{0x0000000084cd78d0}: 'void java.lang.invoke.DirectMethodHandle$Holder.invokeStaticInit(java.lang.Object, java.lang.Object, java.lang.Object, java.lang.Object)'> (0x0000000084cd78d0) thrown at [./src/hotspot/share/interpreter/linkResolver.cpp, line 773]
Event: 6.619 Thread 0x0000017b44e47000 Exception <a 'java/lang/NoSuchMethodError'{0x0000000087d1e0f8}: 'java.lang.Object java.lang.invoke.DirectMethodHandle$Holder.invokeStatic(java.lang.Object, java.lang.Object, java.lang.Object, java.lang.Object, java.lang.Object, java.lang.Object, java.lang.Object, java.lang.Object, java.lang.Object, java.lang.Object, java.lang.Object, int)'> (0x0000000087d1e0f8) thrown at [./src/hotspot/share/interpreter/linkResolver.cpp, line 773]
Event: 6.621 Thread 0x0000017b44e47000 Exception <a 'java/lang/NoSuchMethodError'{0x0000000087d3ca98}: 'java.lang.Object java.lang.invoke.DirectMethodHandle$Holder.invokeStatic(java.lang.Object, java.lang.Object, java.lang.Object, java.lang.Object, java.lang.Object, java.lang.Object, java.lang.Object, java.lang.Object, java.lang.Object, java.lang.Object, java.lang.Object, int, int)'> (0x0000000087d3ca98) thrown at [./src/hotspot/share/interpreter/linkResolver.cpp, line 773]
Event: 6.622 Thread 0x0000017b44e47000 Exception <a 'java/lang/NoSuchMethodError'{0x0000000087d5c2c8}: 'java.lang.Object java.lang.invoke.DirectMethodHandle$Holder.invokeStatic(java.lang.Object, java.lang.Object, java.lang.Object, java.lang.Object, java.lang.Object, java.lang.Object, java.lang.Object, java.lang.Object, java.lang.Object, java.lang.Object, java.lang.Object, int, int, java.lang.Object)'> (0x0000000087d5c2c8) thrown at [./src/hotspot/share/interpreter/linkResolver.cpp, line 773]
Event: 6.624 Thread 0x0000017b44e47000 Exception <a 'java/lang/NoSuchMethodError'{0x0000000087d7d220}: 'java.lang.Object java.lang.invoke.DirectMethodHandle$Holder.invokeStatic(java.lang.Object, java.lang.Object, java.lang.Object, java.lang.Object, java.lang.Object, java.lang.Object, java.lang.Object, java.lang.Object, java.lang.Object, java.lang.Object, java.lang.Object, int, int, java.lang.Object, java.lang.Object)'> (0x0000000087d7d220) thrown at [./src/hotspot/share/interpreter/linkResolver.cpp, line 773]
Event: 6.626 Thread 0x0000017b44e47000 Exception <a 'java/lang/ClassNotFoundException'{0x0000000087d979c8}: groovy/lang/ExpandoMetaClassBeanInfo> (0x0000000087d979c8) thrown at [./src/hotspot/share/classfile/systemDictionary.cpp, line 231]
Event: 6.626 Thread 0x0000017b44e47000 Exception <a 'java/lang/ClassNotFoundException'{0x0000000087da5be0}: groovy/lang/MetaClassImplBeanInfo> (0x0000000087da5be0) thrown at [./src/hotspot/share/classfile/systemDictionary.cpp, line 231]
Event: 6.626 Thread 0x0000017b44e47000 Exception <a 'java/lang/ClassNotFoundException'{0x0000000087daced0}: java/lang/ObjectBeanInfo> (0x0000000087daced0) thrown at [./src/hotspot/share/classfile/systemDictionary.cpp, line 231]
Event: 6.627 Thread 0x0000017b44e47000 Exception <a 'java/lang/ClassNotFoundException'{0x0000000087db6528}: java/lang/ObjectCustomizer> (0x0000000087db6528) thrown at [./src/hotspot/share/classfile/systemDictionary.cpp, line 231]

Events (20 events):
Event: 6.628 loading class com/sun/beans/util/Cache$Kind$2
Event: 6.628 loading class com/sun/beans/util/Cache$Kind$2 done
Event: 6.628 loading class com/sun/beans/util/Cache$Kind$3
Event: 6.628 loading class com/sun/beans/util/Cache$Kind$3 done
Event: 6.628 loading class com/sun/beans/util/Cache$CacheEntry
Event: 6.628 loading class com/sun/beans/util/Cache$CacheEntry done
Event: 6.628 loading class com/sun/beans/util/Cache$Kind$Soft
Event: 6.628 loading class com/sun/beans/util/Cache$Ref
Event: 6.628 loading class com/sun/beans/util/Cache$Ref done
Event: 6.628 loading class com/sun/beans/util/Cache$Kind$Soft done
Event: 6.628 loading class com/sun/beans/introspect/MethodInfo
Event: 6.628 loading class com/sun/beans/introspect/MethodInfo done
Event: 6.628 loading class com/sun/beans/introspect/MethodInfo$MethodOrder
Event: 6.628 loading class com/sun/beans/introspect/MethodInfo$MethodOrder done
Event: 6.629 loading class java/beans/MethodDescriptor
Event: 6.629 loading class java/beans/MethodDescriptor done
Event: 6.629 loading class java/beans/MethodRef
Event: 6.629 loading class java/beans/MethodRef done
Event: 6.629 loading class com/sun/beans/TypeResolver
Event: 6.629 loading class com/sun/beans/TypeResolver done


Dynamic libraries:
0x00007ff6dbba0000 - 0x00007ff6dbbaa000 	C:\Program Files\Android\Android Studio\jre\bin\java.exe
0x00007ffa0fb90000 - 0x00007ffa0fd85000 	C:\WINDOWS\SYSTEM32\ntdll.dll
0x00007ffa0ef40000 - 0x00007ffa0effd000 	C:\WINDOWS\System32\KERNEL32.DLL
0x00007ffa0d6f0000 - 0x00007ffa0d9b9000 	C:\WINDOWS\System32\KERNELBASE.dll
0x00007ffa0d550000 - 0x00007ffa0d650000 	C:\WINDOWS\System32\ucrtbase.dll
0x00007ffa06880000 - 0x00007ffa06899000 	C:\Program Files\Android\Android Studio\jre\bin\jli.dll
0x00007ffa06780000 - 0x00007ffa06797000 	C:\Program Files\Android\Android Studio\jre\bin\VCRUNTIME140.dll
0x00007ffa0dcf0000 - 0x00007ffa0de90000 	C:\WINDOWS\System32\USER32.dll
0x00007ffa0d2d0000 - 0x00007ffa0d2f2000 	C:\WINDOWS\System32\win32u.dll
0x00007ffa0ea80000 - 0x00007ffa0eaaa000 	C:\WINDOWS\System32\GDI32.dll
0x00007ff9f9df0000 - 0x00007ff9fa08a000 	C:\WINDOWS\WinSxS\amd64_microsoft.windows.common-controls_6595b64144ccf1df_6.0.19041.1110_none_60b5254171f9507e\COMCTL32.dll
0x00007ffa0d360000 - 0x00007ffa0d46b000 	C:\WINDOWS\System32\gdi32full.dll
0x00007ffa0f010000 - 0x00007ffa0f0ae000 	C:\WINDOWS\System32\msvcrt.dll
0x00007ffa0d650000 - 0x00007ffa0d6ed000 	C:\WINDOWS\System32\msvcp_win.dll
0x00007ffa0ee60000 - 0x00007ffa0ee90000 	C:\WINDOWS\System32\IMM32.DLL
0x00007ff9ce8c0000 - 0x00007ff9ce95d000 	C:\Program Files\Android\Android Studio\jre\bin\msvcp140.dll
0x00007ff9a6980000 - 0x00007ff9a743c000 	C:\Program Files\Android\Android Studio\jre\bin\server\jvm.dll
0x00007ffa0ee90000 - 0x00007ffa0ef3c000 	C:\WINDOWS\System32\ADVAPI32.dll
0x00007ffa0e7b0000 - 0x00007ffa0e84b000 	C:\WINDOWS\System32\sechost.dll
0x00007ffa0e210000 - 0x00007ffa0e33a000 	C:\WINDOWS\System32\RPCRT4.dll
0x00007ffa0ed10000 - 0x00007ffa0ed18000 	C:\WINDOWS\System32\PSAPI.DLL
0x00007ffa07830000 - 0x00007ffa07839000 	C:\WINDOWS\SYSTEM32\WSOCK32.dll
0x00007ffa04a60000 - 0x00007ffa04a6a000 	C:\WINDOWS\SYSTEM32\VERSION.dll
0x00007ffa02310000 - 0x00007ffa02337000 	C:\WINDOWS\SYSTEM32\WINMM.dll
0x00007ffa0e9a0000 - 0x00007ffa0ea0b000 	C:\WINDOWS\System32\WS2_32.dll
0x00007ffa0bb90000 - 0x00007ffa0bba2000 	C:\WINDOWS\SYSTEM32\kernel.appcore.dll
0x00007ffa07590000 - 0x00007ffa075a1000 	C:\Program Files\Android\Android Studio\jre\bin\verify.dll
0x00007ffa0afb0000 - 0x00007ffa0b194000 	C:\WINDOWS\SYSTEM32\DBGHELP.DLL
0x00007ff9fbe70000 - 0x00007ff9fbe9c000 	C:\WINDOWS\SYSTEM32\dbgcore.DLL
0x00007ffa0d4c0000 - 0x00007ffa0d543000 	C:\WINDOWS\System32\bcryptPrimitives.dll
0x00007ff9ff330000 - 0x00007ff9ff359000 	C:\Program Files\Android\Android Studio\jre\bin\java.dll
0x00007ffa0a780000 - 0x00007ffa0a78b000 	C:\Program Files\Android\Android Studio\jre\bin\jimage.dll
0x00007ff9f9720000 - 0x00007ff9f9738000 	C:\Program Files\Android\Android Studio\jre\bin\zip.dll
0x00007ffa0f0b0000 - 0x00007ffa0f7ef000 	C:\WINDOWS\System32\SHELL32.dll
0x00007ffa0b3e0000 - 0x00007ffa0bb71000 	C:\WINDOWS\SYSTEM32\windows.storage.dll
0x00007ffa0f7f0000 - 0x00007ffa0fb45000 	C:\WINDOWS\System32\combase.dll
0x00007ffa0cd40000 - 0x00007ffa0cd6c000 	C:\WINDOWS\SYSTEM32\Wldp.dll
0x00007ffa0de90000 - 0x00007ffa0df3e000 	C:\WINDOWS\System32\SHCORE.dll
0x00007ffa0ea10000 - 0x00007ffa0ea65000 	C:\WINDOWS\System32\shlwapi.dll
0x00007ffa0d210000 - 0x00007ffa0d22f000 	C:\WINDOWS\SYSTEM32\profapi.dll
0x00007ff9f9700000 - 0x00007ff9f971a000 	C:\Program Files\Android\Android Studio\jre\bin\net.dll
0x00007ffa014f0000 - 0x00007ffa015fa000 	C:\WINDOWS\SYSTEM32\WINHTTP.dll
0x00007ffa0ca30000 - 0x00007ffa0ca9a000 	C:\WINDOWS\system32\mswsock.dll
0x00007ff9f96e0000 - 0x00007ff9f96f4000 	C:\Program Files\Android\Android Studio\jre\bin\nio.dll
0x00007ff9df700000 - 0x00007ff9df727000 	C:\Users\Dark Knight\.gradle\native\fdc75f09e3144964f2cf3f50f0aa648679c211496f362492102eb8c894070792\windows-amd64\native-platform.dll
0x00007ff9b57d0000 - 0x00007ff9b5966000 	C:\Users\Dark Knight\.gradle\native\12488b8bf47d2d4c9fbf2f6322a914ad602e24e48041cd04a747c6da556b65c4\windows-amd64\native-platform-file-events.dll
0x00007ffa08730000 - 0x00007ffa0873a000 	C:\Program Files\Android\Android Studio\jre\bin\management.dll
0x00007ffa07880000 - 0x00007ffa0788c000 	C:\Program Files\Android\Android Studio\jre\bin\management_ext.dll
0x00007ffa0cc40000 - 0x00007ffa0cc58000 	C:\WINDOWS\SYSTEM32\CRYPTSP.dll
0x00007ffa0c370000 - 0x00007ffa0c3a4000 	C:\WINDOWS\system32\rsaenh.dll
0x00007ffa0da70000 - 0x00007ffa0da97000 	C:\WINDOWS\System32\bcrypt.dll
0x00007ffa0d1d0000 - 0x00007ffa0d1fe000 	C:\WINDOWS\SYSTEM32\USERENV.dll
0x00007ffa0cc30000 - 0x00007ffa0cc3c000 	C:\WINDOWS\SYSTEM32\CRYPTBASE.dll
0x00007ffa0c720000 - 0x00007ffa0c75b000 	C:\WINDOWS\SYSTEM32\IPHLPAPI.DLL
0x00007ffa0f000000 - 0x00007ffa0f008000 	C:\WINDOWS\System32\NSI.dll
0x00007ffa034e0000 - 0x00007ffa034f7000 	C:\WINDOWS\SYSTEM32\dhcpcsvc6.DLL
0x00007ffa03da0000 - 0x00007ffa03dbd000 	C:\WINDOWS\SYSTEM32\dhcpcsvc.DLL
0x00007ffa0c760000 - 0x00007ffa0c82c000 	C:\WINDOWS\SYSTEM32\DNSAPI.dll
0x00007ffa04a70000 - 0x00007ffa04a7b000 	C:\WINDOWS\SYSTEM32\WINNSI.DLL

dbghelp: loaded successfully - version: 4.0.5 - missing functions: none
symbol engine: initialized successfully - sym options: 0x614 - pdb path: .;C:\Program Files\Android\Android Studio\jre\bin;C:\WINDOWS\SYSTEM32;C:\WINDOWS\WinSxS\amd64_microsoft.windows.common-controls_6595b64144ccf1df_6.0.19041.1110_none_60b5254171f9507e;C:\Program Files\Android\Android Studio\jre\bin\server;C:\Users\Dark Knight\.gradle\native\fdc75f09e3144964f2cf3f50f0aa648679c211496f362492102eb8c894070792\windows-amd64;C:\Users\Dark Knight\.gradle\native\12488b8bf47d2d4c9fbf2f6322a914ad602e24e48041cd04a747c6da556b65c4\windows-amd64

VM Arguments:
jvm_args: --add-opens=java.base/java.util=ALL-UNNAMED --add-opens=java.base/java.lang=ALL-UNNAMED --add-opens=java.base/java.lang.invoke=ALL-UNNAMED --add-opens=java.prefs/java.util.prefs=ALL-UNNAMED -Xmx2048m -Dfile.encoding=UTF-8 -Duser.country=IN -Duser.language=en -Duser.variant 
java_command: org.gradle.launcher.daemon.bootstrap.GradleDaemon 6.7.1
java_class_path (initial): C:\Users\Dark Knight\.gradle\wrapper\dists\gradle-6.7.1-bin\bwlcbys1h7rz3272sye1xwiv6\gradle-6.7.1\lib\gradle-launcher-6.7.1.jar
Launcher Type: SUN_STANDARD

[Global flags]
     intx CICompilerCount                          = 4                                         {product} {ergonomic}
     uint ConcGCThreads                            = 2                                         {product} {ergonomic}
     uint G1ConcRefinementThreads                  = 8                                         {product} {ergonomic}
   size_t G1HeapRegionSize                         = 1048576                                   {product} {ergonomic}
    uintx GCDrainStackTargetSize                   = 64                                        {product} {ergonomic}
   size_t InitialHeapSize                          = 134217728                                 {product} {ergonomic}
   size_t MarkStackSize                            = 4194304                                   {product} {ergonomic}
   size_t MaxHeapSize                              = 2147483648                                {product} {command line}
   size_t MaxNewSize                               = 1287651328                                {product} {ergonomic}
   size_t MinHeapDeltaBytes                        = 1048576                                   {product} {ergonomic}
    uintx NonNMethodCodeHeapSize                   = 5836300                                {pd product} {ergonomic}
    uintx NonProfiledCodeHeapSize                  = 122910970                              {pd product} {ergonomic}
    uintx ProfiledCodeHeapSize                     = 122910970                              {pd product} {ergonomic}
    uintx ReservedCodeCacheSize                    = 251658240                              {pd product} {ergonomic}
     bool SegmentedCodeCache                       = true                                      {product} {ergonomic}
     bool UseCompressedClassPointers               = true                                 {lp64_product} {ergonomic}
     bool UseCompressedOops                        = true                                 {lp64_product} {ergonomic}
     bool UseG1GC                                  = true                                      {product} {ergonomic}
     bool UseLargePagesIndividualAllocation        = false                                  {pd product} {ergonomic}

Logging:
Log output configuration:
 #0: stdout all=warning uptime,level,tags
 #1: stderr all=off uptime,level,tags

Environment Variables:
PATH=C:\Windows\system32;C:\Windows;C:\Windows\System32\Wbem;C:\Windows\System32\WindowsPowerShell\v1.0\;C:\Windows\System32\OpenSSH\;C:\Program Files (x86)\NVIDIA Corporation\PhysX\Common;C:\Program Files\NVIDIA Corporation\NVIDIA NvDLISR;C:\WINDOWS\system32;C:\WINDOWS;C:\WINDOWS\System32\Wbem;C:\WINDOWS\System32\WindowsPowerShell\v1.0\;C:\WINDOWS\System32\OpenSSH\;C:\MinGW\bin;C:\Program Files\MEGA-X;C:\WINDOWS\system32;C:\WINDOWS;C:\WINDOWS\System32\Wbem;C:\WINDOWS\System32\WindowsPowerShell\v1.0\;C:\WINDOWS\System32\OpenSSH\;C:\Program Files\Git\cmd;C:\Users\Dark Knight\AppData\Local\Microsoft\WindowsApps;C:\Users\Dark Knight\AppData\Local\GitHubDesktop\bin;C:\Users\Dark Knight\AppData\Local\atom\bin;C:\ProgramData\Dark Knight\atom\bin;C:\MinGW\bin;C:\Program Files (x86)\Microsoft Visual Studio\2019\BuildTools\MSBuild\Current\Bin;C:\Users\Dark Knight\AppData\Local\Programs\Microsoft VS Code\bin;C:\Users\Dark Knight\AppData\Local\Microsoft\WindowsApps;
USERNAME=Dark Knight
OS=Windows_NT
PROCESSOR_IDENTIFIER=Intel64 Family 6 Model 158 Stepping 10, GenuineIntel



---------------  S Y S T E M  ---------------

OS: Windows 10 , 64 bit Build 19041 (10.0.19041.1023)
OS uptime: 7 days 23:45 hours

CPU:total 8 (initial active 8) (4 cores per cpu, 2 threads per core) family 6 model 158 stepping 10, cmov, cx8, fxsr, mmx, sse, sse2, sse3, ssse3, sse4.1, sse4.2, popcnt, avx, avx2, aes, clmul, erms, 3dnowpref, lzcnt, ht, tsc, tscinvbit, bmi1, bmi2, adx, fma

Memory: 4k page, system-wide physical 8112M (654M free)
TotalPageFile size 12208M (AvailPageFile size 6M)
current process WorkingSet (physical memory assigned to process): 276M, peak: 276M
current process commit charge ("private bytes"): 326M, peak: 328M

vm_info: OpenJDK 64-Bit Server VM (11.0.8+10-b944.6842174) for windows-amd64 JRE (11.0.8+10-b944.6842174), built on Sep 19 2020 01:11:42 by "builder" with MS VC++ 14.0 (VS2015)

END.
